8743
8372
9318
9989
9310
7346
8845
9044
9975
6859
9344
8558
9871
7663
9195
7148
9542
7973
9344
9607
9854
9989
9894
9318
9318
9989
8312
9318
9121
9237
9754
8335
9344
9435
9048
8680
8330
9989
9407
7329
8787
9512
8884
9784
8257
8758
8467
7146
9247
9142
9989
9318
8358
8973
6706
8973
8899
9989
9989
9484
8251
9586
8859
8467
9764
8634
9816
8973
9344
9897
8497
9637
9989
7646
9044
8899
9308
8659
6884
9706
8766
8675
8634
9220
9318
7387
7575
7485
9385
8200
9454
9989
9542
8765
9691
9542
9989
9504
8200
9989
9989
7795
8467
8787
9840
8203
8641
8758
8437
8251
9931
9209
8437
9237
6662
9867
9607
7346
6892
6651
8525
9800
8312
8899
9607
8634
9145
8617
9840
9989
7825
8817
8937
6859
7534
6647
8811
9637
6424
9989
9939
7979
8787
9512
8787
8441
9435
7192
8441
8884
9975
8937
8046
9637
9284
8811
9989
9671
9220
6472
8643
8335
8536
8312
9989
8586
8467
9382
8604
6535
7329
8675
8203
6768
9209
9385
8234
9344
9081
8884
9753
9044
7755
6768
7127
8830
9849
7212
9989
9945
9764
9989
8884
9454
9552
8586
8344
7148
9048
9044
9989
6547
9512
9800
8973
8817
8180
7899
8180
9086
9048
8899
9011
7399
9344
9259
6502
8973
8358
6748
8358
8600
8441
9672
9121
7251
9318
8388
8467
9209
7399
9911
6424
9435
9952
8758
9814
9753
9121
9484
8579
9011
9407
7485
8441
6807
9849
9209
9301
9989
9964
9989
8135
8845
8914
8774
8743
7311
9884
9931
9989
8912
9989
9989
9989
7236
7557
9764
9048
6514
8616
7399
8817
8388
8973
7780
9086
8973
9897
9989
9573
8255
8586
9044
8081
9511
8830
9487
9911
8765
7537
7086
9894
8776
8579
8335
8663
9344
9588
8055
8461
8743
9989
9672
9145
8805
9989
7497
6975
9259
9764
9833
9209
8805
9487
9435
9854
9142
8749
8504
8251
9989
8467
8995
9637
9484
8513
9871
9989
8467
7127
9939
9945
8973
8937
9259
8995
8555
9637
8749
9764
8973
8595
9708
9145
9259
6647
6768
9989
9989
9173
9764
8884
8372
8811
9945
9344
8558
9989
8312
8467
9209
8884
9094
8525
8569
6534
6547
9044
9904
6958
8203
8579
6790
9989
9173
9086
8270
8937
9237
9814
9484
9989
9989
9284
8286
9989
9968
8441
8912
8774
9141
8845
8200
8859
9989
8668
8634
7432
9609
7962
9989
8937
9989
8388
6756
8504
9237
7793
9989
8388
6424
8203
6884
8259
9195
9872
9487
9259
8884
9173
7148
8787
8884
9867
8616
9118
8937
8388
9318
8767
9301
9318
9884
9487
9708
9385
8973
7314
9097
8497
9989
9989
9989
8317
8957
9968
8340
8641
9086
8973
9884
9118
9487
9814
9220
8616
7101
8845
9618
9382
8497
9344
9899
7127
9965
8973
9764
7663
8586
9344
8859
9989
8572
8937
9729
6640
8668
8817
8574
9145
9989
8675
8467
8388
6534
9284
8758
9989
7682
6651
8234
9989
6830
9435
9708
9586
8312
8203
9247
9487
8046
9588
9086
9989
9145
9968
8914
9840
8286
9989
8551
8525
9385
9209
7729
8388
9637
7399
6386
8372
9989
8255
9237
9504
8758
9989
9931
9867
7086
9890
8558
9504
9989
8538
9097
8937
8973
9504
9989
9904
9344
9586
8504
9511
8200
8312
8441
9897
9764
8276
7365
8504
9637
9011
8743
9871
9097
8634
9816
8680
9504
9173
9622
6535
6558
8238
9989
9989
9382
7878
6958
8259
9952
9764
8743
9872
9344
9511
8758
8461
6911
9220
9247
9989
8914
7663
9989
9552
8595
9816
6662
7741
9081
8372
9989
8437
6652
7222
9504
8574
8912
9989
9220
9435
9989
9081
9989
9552
9816
9975
7314
9512
8682
9484
8257
8388
9086
9512
9989
8574
9259
8068
9512
9812
9975
9708
7236
8912
8912
8518
8551
9715
7755
9931
9220
7844
9637
9989
6756
8335
9952
6647
8765
8286
9586
8335
9931
8437
8388
8749
9989
8381
9094
9195
9637
9989
9460
8811
9484
9989
8172
8859
9344
8884
9487
9637
8286
9011
8319
8912
9404
9247
9691
8995
9871
9609
9989
8467
7188
8957
8536
8286
8068
8859
9989
9142
9511
9989
8461
8859
9081
8200
8973
7698
6545
9504
8497
9121
9989
9671
9552
9390
7251
7811
9911
9344
8251
8388
9816
9989
6978
7798
9195
8330
8068
8497
9867
8769
9542
9833
9989
8538
8884
9173
9989
8330
8536
9607
9382
8251
8335
8358
9435
9247
6859
9691
8641
8536
9435
9145
6647
8200
8973
9956
8902
9989
9753
9708
9094
8388
8766
7455
8778
9580
9781
9989
9318
9552
9344
8381
7432
9404
9512
9754
9989
9011
8634
9173
8680
8957
6462
8569
9740
7146
8286
8595
8859
9854
8200
9466
8680
7590
6884
8884
9435
6859
8437
8758
9407
8806
9209
7916
9989
9259
7497
8251
6387
8497
9404
7622
9800
8497
8538
6974
9458
8569
9344
9011
8312
9989
9723
8238
8617
8437
9989
8634
9989
9989
8859
9753
8845
8312
6715
8749
6919
9989
8787
8675
7682
9833
6545
9728
9512
8441
9588
8337
9989
9344
8536
9989
9989
8830
9044
6715
8957
6652
8068
7251
8937
8595
6830
8234
6641
6671
9989
8604
9081
9552
9784
6768
6830
8497
8555
8372
8504
8600
6462
9512
8441
9637
7245
9344
9989
9931
9884
9989
8743
9573
9173
9344
7575
9086
9512
9247
7274
8973
8461
9637
7755
9552
9048
8372
8203
8000
6682
9989
7518
9220
7314
9044
9435
8437
9833
8461
9237
8319
9989
9989
9542
9048
9989
9097
9989
9989
9287
8995
7314
9784
9989
9259
7780
8778
9318
9458
8641
9048
6534
9989
7625
9989
7663
7682
9609
9764
9454
9989
8317
6731
9854
7795
9989
9044
7471
9989
7503
8335
8558
9945
8388
9989
8957
8995
9989
9511
9776
8555
8616
9259
9975
9454
8634
8270
8000
8616
8203
9382
9511
9871
8340
8957
9989
8060
8766
9884
9318
9840
9989
8579
9435
9989
9872
9671
9145
9989
8914
8830
9989
7957
9989
7497
9989
9989
9344
8973
9989
7346
8461
8276
7101
