8176
19173
11128
27744
3795
15961
3884
13835
24024
20776
27237
24024
5759
20776
28810
27744
12035
14833
19173
24653
13835
28810
24653
29398
20776
29398
25865
19962
8933
13835
28810
13835
22990
28810
8933
20776
8933
28810
27237
10726
3884
19173
13835
7016
7016
6010
6010
27237
8176
24024
15049
24653
28810
28810
15049
19962
20776
28810
13835
10726
8933
27744
29398
29256
19173
19962
11578
27237
8933
13835
20776
20776
24653
28810
29256
29256
14833
20776
8123
13835
20776
14833
24851
19173
27744
6010
15049
24024
11128
28810
29256
13835
8933
29398
7016
13835
23048
24851
22990
25865
13835
8933
28810
29398
20776
13835
8933
8933
14833
8933
20776
13835
11578
28810
13835
11128
8933
13835
12035
13835
28810
20776
24024
27237
8933
20776
19962
8933
13835
15049
27237
20776
20776
15049
19962
12035
19173
27237
28810
3884
23194
14833
15961
8933
7016
3795
13835
8123
27237
27744
22990
8123
19962
27744
13835
19173
8933
23048
29398
6010
24851
8933
19173
6010
15049
22990
19962
3795
27237
19962
27237
28810
20776
27237
8933
19173
13835
3884
5759
28810
22990
20776
16180
16180
8176
29398
27744
3795
24024
24851
8123
7016
20776
7016
28810
15049
19173
24024
20776
11128
7016
19962
13835
8176
24653
19173
19962
19173
22990
3795
6010
12035
15049
8933
20776
19173
13835
13835
14833
8933
29256
6010
3884
20776
7016
23048
8933
28810
20776
28810
24024
29398
24024
8176
20776
8933
7016
15961
3795
23048
6010
27237
24024
28810
29398
5759
8176
29398
3884
11578
29398
24851
3884
25865
12035
8933
13835
8933
28810
27237
19962
28810
27237
11578
27744
6010
7016
25865
27744
19173
12035
24024
15961
19962
6010
6010
27237
16180
19173
25865
20776
11128
27237
28810
8933
15049
8176
15961
20776
13835
13835
5759
29256
20776
28810
8123
24653
16180
13835
10248
19962
24024
5759
11128
20776
25634
7016
7016
22990
27237
19962
13835
13835
12035
13835
13835
29398
29256
24653
29256
14833
27237
29398
23194
22990
8176
24024
7016
15049
29256
15961
8933
20776
24024
24024
24024
28810
15049
10248
24024
12035
19962
5759
13835
8123
24024
7016
13835
5759
8933
29398
29398
20776
28810
28810
19173
19962
12035
29398
19962
19962
16180
27237
11578
19962
13835
22990
27744
16180
25865
29256
28810
15049
28810
20776
19173
19962
19173
28810
28810
8933
13835
19962
20776
13835
8933
24851
5759
28810
19173
15049
20776
5759
11128
29256
16180
8933
8933
28810
28810
10248
20776
24851
8176
23048
25865
19173
19962
8933
28810
27237
28810
8176
16180
19962
24653
19962
19173
13835
8123
20776
7016
19962
19173
19962
29398
19962
8933
8933
10248
16079
7016
19962
16180
19962
8933
10726
19962
24851
8933
15049
14833
25865
28810
22990
29256
3884
3795
27744
13835
3884
8933
20776
6010
20776
27237
10248
20776
28810
20776
15961
28810
24653
29256
24851
28810
8933
5759
16180
5759
27744
20776
19962
25865
20776
14833
13835
3884
29256
16079
8176
6010
19962
16180
24851
19173
11128
24653
14833
27237
16079
12035
11578
7016
27744
6010
16180
8933
28810
6010
19962
19962
24851
20776
24024
22990
7016
8123
8933
7016
19962
28810
24851
19173
27744
25634
29398
20776
29256
20776
3795
27744
28810
6010
20776
20776
20776
20776
6010
8933
15049
14833
13835
19173
24653
7016
28810
24024
25865
29256
27744
25865
6010
19173
12035
27744
24024
16180
6010
20776
19962
7016
19962
29398
24024
8933
19962
6010
8176
27237
19173
19962
13835
8933
13835
25634
19962
8933
23048
27744
8933
5759
28810
19173
28810
8176
20776
25634
19173
19173
11578
20776
20776
6010
25634
24024
5759
3795
6010
13835
8933
13835
27744
29398
28810
19173
8933
3884
23194
29256
19962
6010
20776
19173
13835
6010
28810
8123
15049
5759
7016
11128
13835
7016
19173
25865
19173
22990
24024
11578
28810
23048
28810
29256
11128
7016
19962
8933
29256
20776
6010
5759
24024
8933
19962
15961
27237
20776
19173
27237
7016
24024
8933
3884
28810
14833
13835
3795
24851
25634
28810
8933
11578
20776
24851
3884
20776
13835
15049
11578
28810
25634
19173
8933
29398
29256
8933
19962
25634
25634
24024
27744
11578
5759
19173
8123
8933
19173
13835
8123
13835
19173
13835
28810
7016
19962
22990
29256
3884
5759
16079
19962
19173
6010
20776
11128
19173
19173
25865
8933
20776
25865
13835
28810
13835
24024
29398
29256
6010
19173
27744
15961
11128
29256
29256
19962
29256
20776
5759
20776
15049
24851
22990
14833
19173
29398
7016
20776
20776
19962
15961
8933
11128
24024
25865
23194
29256
19173
19962
13835
13835
10248
7016
24024
19173
13835
8933
27744
20776
29256
28810
5759
29256
25634
24024
27237
28810
16079
27744
13835
8933
19962
19173
24851
19173
16180
24653
19962
24024
3884
29256
16180
27744
24024
12035
19173
19173
29398
24024
19962
24024
8933
23194
19173
29256
24653
11128
22990
28810
19962
19962
28810
29256
8123
27237
24653
28810
20776
27744
22990
20776
8176
19173
13835
19173
29398
15049
20776
11578
25634
12035
11578
8933
19962
11578
8933
22990
6010
27744
3884
19962
19962
29256
29256
3795
5759
28810
7016
14833
28810
6010
11128
16180
29398
8933
27237
