8656
9192
9677
8283
7812
8530
6905
9829
8038
8808
8195
7224
8476
7256
8670
8675
9412
9282
8616
9503
9256
8731
9988
9677
8700
7109
8731
9103
6548
9226
8066
8841
8459
9988
8530
8602
9771
6625
7276
9072
9327
9592
8005
9764
8904
9447
9988
9857
8195
8860
9328
9447
7276
7150
7968
7398
8841
9966
8997
8757
9226
9751
8808
9723
8369
7551
8374
8824
8731
8331
9914
8302
8936
9072
9995
8195
7492
8331
8616
9995
7470
8904
9328
8602
8286
8200
8367
6390
8386
9988
9995
8459
9111
9819
8602
9053
6625
9282
7883
8005
8331
8476
9128
9072
9184
9662
7150
9508
9751
8476
7939
9893
9256
7566
9389
9995
9995
9111
8459
8741
7438
9422
9966
9825
9988
6739
9226
9128
9995
8904
8459
8434
9447
9677
6812
8824
8200
6428
8523
7762
9256
9872
9128
8627
8271
9165
8200
8757
8302
9184
8798
6725
8459
9914
8530
9938
9312
9559
9966
7675
8841
9988
9988
9072
7566
8602
9282
9860
8670
9988
9995
8663
8796
8374
9995
8632
9128
9102
9995
9503
9474
9944
8197
8195
9995
8009
9631
9474
9845
7199
8446
9184
8401
9309
8548
8741
9491
9995
9583
9819
9422
9944
9995
9447
8174
6548
8386
9184
8304
9256
8228
8331
8616
6568
9491
8581
6812
8581
8636
9973
9995
9412
8434
9995
9972
9282
6983
7221
9330
9988
9184
9428
8302
8386
9617
7382
7657
8530
9914
9159
9717
9282
8548
9966
8602
9988
8424
7566
8242
9159
8602
7433
9128
9559
9309
9736
7276
9447
9547
8841
9711
9995
8369
9491
8369
6734
8960
9559
9508
9675
9111
9857
8670
9021
6513
9367
8692
8824
9159
9256
9072
8602
6666
9282
8692
9047
9857
8410
8731
9751
7482
7256
8824
9995
8302
8102
9053
8228
8548
9192
9447
6750
9171
8386
8581
7221
8632
9982
9631
8304
9938
9412
9072
8302
9145
9988
9021
8692
9988
7693
9988
8424
6637
9508
8424
9192
6548
9507
9725
9256
8459
8513
7398
9650
7433
7929
9988
8200
9192
9995
9309
6450
6846
9995
9447
8304
6662
9302
9906
9736
9503
8331
6402
8770
8960
7164
6402
8066
6513
9995
9872
8228
6450
9256
8459
9662
8824
6999
7095
9472
8959
6788
9389
9072
9906
9159
6725
8904
9617
8401
9072
9165
9447
8255
8581
8200
7199
9553
9192
9583
9474
9256
7837
7693
8675
8195
8731
9988
9995
6548
9491
9072
9256
9047
9819
8469
9995
8675
9988
7391
9988
7555
9988
7450
9988
8841
9914
9938
7675
9428
7276
8581
8569
9995
9995
9995
8200
8401
8757
9988
7365
9893
9367
6428
6758
8200
9102
9944
9995
9938
8369
9751
9047
9995
9608
8174
9547
9995
8331
7773
9988
9675
9751
9995
7693
8174
9662
9192
6662
9593
9583
7209
9047
8574
8860
9966
8369
7693
9893
7566
8996
9375
8271
8904
9137
8675
9819
6662
9507
9662
8860
9829
8476
8302
9447
7382
8697
6444
8228
8904
8464
7537
9650
8602
9389
8242
8841
9995
9988
9966
9988
9389
9650
8195
9111
9650
9226
9995
8417
6862
8656
9047
8731
9988
6653
8459
9256
8841
9389
8401
9973
8904
8228
9995
8412
9988
8331
8841
9988
9677
6450
9053
8195
9893
9327
9988
9988
9995
7929
9503
9995
9819
8367
9966
8009
7450
8936
9507
9482
7125
8331
8174
8675
9072
8548
9914
9171
9995
8824
8331
7150
9389
7300
8602
9020
6816
8757
7181
9872
9860
9302
9914
8424
9102
8778
9988
9988
8472
6625
9944
8700
9389
8009
9302
8841
8228
9184
9794
9047
9171
9650
9309
9428
9072
7889
8267
6548
9988
9192
7787
9389
9995
7356
9849
9794
8304
7645
8369
7762
8197
9825
9047
9736
9422
7990
8997
8418
8410
8331
8636
7063
9995
9988
8670
9675
8304
8242
9053
9988
9995
8959
9995
9256
9282
8656
9938
7645
7794
7470
9428
9583
8331
8131
9412
9988
8459
9711
8737
8581
6450
9708
9988
9491
8602
6934
8038
9829
8386
6653
9226
8602
9256
9995
9072
6794
9677
8904
9344
8331
8548
9988
9825
9256
8796
9256
8574
9708
8276
9995
8904
9708
9171
9330
8121
9072
8670
9677
8731
8741
8636
8200
8904
8757
8302
8331
7209
9559
8750
8675
8331
9047
9972
7125
8165
8741
9677
9988
8010
8748
8574
8302
9171
8663
8302
9226
7085
8960
8670
8841
8737
8132
9072
7276
9995
7300
8255
9988
8120
8757
8675
9988
7398
9650
9995
9592
9794
9472
7479
8513
9171
8997
7622
9547
7594
8469
6513
9995
7045
6662
8561
6781
9819
8561
7025
9302
6781
6871
8581
9944
9345
8936
8904
8778
8656
8636
9988
9226
7433
9447
8200
9938
8530
9938
9966
9857
8304
9226
9860
6851
8374
8459
7276
9938
9988
8200
7181
9412
9751
9771
9995
9966
9988
8581
8959
8200
8841
9944
9192
8566
9620
9995
9988
8367
9389
9256
8242
9583
9893
6568
9988
9072
9128
9103
8530
8132
8670
6662
7276
8731
8808
9938
9872
8386
8731
8331
8841
8936
8513
9617
8616
8374
9592
9603
9736
9547
7448
8757
8286
9145
8304
9374
7438
9995
9507
8656
9872
8960
8304
7594
7622
9593
9422
8841
9072
8798
8663
9226
9507
8670
9149
8255
9256
9547
8731
9072
9508
9677
9966
9995
9593
8459
9708
8959
8616
8474
7956
7237
9422
9447
9192
9192
9171
9507
7237
8548
9995
9447
8276
8459
8860
8796
9312
7047
8960
8195
6851
8424
8663
6750
7838
9020
8200
9995
9944
9751
6548
9988
7566
9849
7693
8997
8469
8369
8386
7276
9944
8369
7537
9988
8195
8841
8602
8904
9893
9309
9988
9508
8731
8616
9845
9226
8808
9988
9428
8304
9603
9593
9988
9966
8841
7537
7276
9794
9608
9422
8548
9988
9840
8959
8513
8331
8959
9472
9256
6758
8331
7395
9608
9675
7438
9662
9995
9988
8530
6924
9995
9474
8513
9988
9389
9995
9447
6666
6492
8697
8798
9327
8271
9914
8331
8476
9771
8581
8197
6568
8770
8530
8602
9995
9825
9988
8904
8195
6444
8841
9344
7693
8757
8841
8936
