58939
71694
81528
57858
47306
87154
87797
46284
50784
86545
50509
75459
87537
85487
60656
59201
83417
86878
50238
79220
86545
80600
86545
56992
77723
78832
46651
44052
68851
87448
49300
86323
80093
72684
81734
83267
87269
80600
85682
74050
86112
87154
81734
85872
87448
50895
76002
84489
86058
79616
65915
86553
67984
87797
65346
67118
66646
66396
71249
83538
50875
48042
78832
48502
68286
80888
87797
85872
48933
83927
49224
81734
81640
76960
60763
82731
76960
79220
44865
84744
71402
71458
81605
56398
84985
53640
73052
85487
85487
70557
69768
84489
82731
87269
77494
86323
66396
87019
80093
85487
84225
83454
83538
66396
87520
86878
84744
83195
64406
82020
82963
84744
70031
84985
71458
60623
45723
60388
86545
86259
81650
86553
82731
86323
73052
86259
57529
70989
70375
86259
52512
61559
48042
65699
57809
86323
78650
83210
77494
81463
64406
84509
87154
86545
79517
47076
78586
69768
74994
79517
46340
86259
84985
86545
46340
87974
54450
87846
46340
47076
43177
64406
68286
81528
86259
82611
83813
55408
86553
43177
66521
86259
67858
81300
86323
54778
62896
87520
66396
74357
47306
78213
85872
62896
62896
87846
71402
86323
75655
63737
84225
58395
45723
66396
77494
79275
86112
56229
83475
81267
82611
80093
86323
49077
87019
82963
87846
50784
84489
80888
55688
49224
74454
52644
81952
87520
71249
85487
86553
73226
87560
87846
71694
85487
87846
84225
44052
86878
73226
78961
85872
86259
80600
82731
83538
83210
87942
85487
43394
66521
81267
68851
54706
68748
83475
65996
87797
72409
72133
76960
51469
49224
82120
76370
82345
79275
57858
52091
70989
61349
87520
71249
75459
86553
83927
83538
53640
75776
77688
86878
66979
86259
60388
66979
57529
82731
80093
69768
85620
48847
85487
51469
69995
69032
76992
87805
59147
47306
80600
51287
85872
77916
83538
54450
84225
62896
78656
63737
83927
86112
84225
85872
87019
84985
87545
85872
87269
87269
71694
86934
72257
87154
81528
66396
73226
83538
70231
58788
84017
70031
75121
67609
83394
83475
83538
66979
83813
57711
84225
87520
86545
63355
60554
87675
84225
59308
87448
84146
85872
67490
52644
75121
87797
64406
86259
61349
81734
62454
57809
85872
84225
52512
87448
46340
56621
82963
43177
64960
87269
71249
77494
87797
79517
87942
86878
87805
45472
44052
81300
85620
67858
64406
82963
87975
64406
81640
80457
83195
70231
85487
82611
84489
86323
45666
81952
69526
77049
75776
59308
50219
87537
70557
46078
78213
78586
71402
44975
85487
67610
86921
78213
86323
78213
82611
48847
86934
76992
83846
82069
77935
86058
46207
86553
82345
84509
83475
83813
70231
84509
59705
58939
77494
45472
82069
56992
53640
87797
78855
43177
43177
83927
78213
87019
58819
73356
87019
77049
85620
87019
49882
65615
44052
77049
75459
72684
71402
74913
85682
87675
86878
52013
58439
70989
82120
65996
71402
83210
53640
85487
81952
86553
59012
56992
75571
86553
85487
71694
86878
80093
63355
67610
67984
50509
84744
56398
70989
74050
60178
72409
86545
77494
53828
86921
66720
76002
86058
87675
84225
64960
43943
87846
85872
65915
75121
67609
82611
46340
76370
85620
81463
87553
84142
49951
87019
85487
86259
69295
82345
71402
75571
86259
73052
72409
84225
58439
67490
65407
73226
66646
87154
87448
70557
86854
70989
86545
84084
86058
65996
44975
87269
55228
77688
44052
61253
44052
55228
56229
69526
74357
86323
85487
51471
71249
79517
45447
74454
68286
81605
47306
84489
87520
82731
43394
61086
85487
70557
63355
52013
81300
87154
80093
86323
48042
76777
68286
87805
86854
54483
61349
83813
83210
70989
70557
83394
62163
67984
83538
86323
85872
87154
53828
70031
87154
66521
53640
55660
72133
53640
47779
79275
87560
78213
87553
50238
84142
86545
84225
82020
80250
85487
76370
79517
85682
84225
75121
85682
83538
55228
68106
44052
52937
87448
47779
72257
59470
43737
85487
66979
86323
75121
57337
76992
65346
67984
86259
72874
86553
53640
78586
50875
48621
66521
53828
70557
70989
67610
83210
49882
83428
73226
74454
86854
78213
47076
55408
82611
52091
61086
77935
67609
81300
86545
84084
83538
64406
53640
87942
86323
66646
77049
86259
82020
83813
84225
74454
85872
60273
72409
86058
68748
86259
60388
56229
77916
86854
60656
87797
86545
54062
59308
74878
60763
70989
70989
87448
82020
68106
46853
45882
52091
56839
87797
51471
79275
78942
60763
86112
49018
74050
84744
87520
86323
86323
81267
46078
87805
87154
50328
82423
87797
77723
82345
53217
58439
50509
49951
69446
52013
83538
57858
87553
87675
87154
57337
82611
83927
58349
54375
77688
86545
75875
69032
44975
73709
87942
71694
73475
79517
67474
67490
85487
56564
74454
44052
65699
77688
43394
49342
59308
87269
71694
86323
85487
84744
82611
80457
87942
73356
87154
45963
74330
50238
79220
84744
83113
71249
49951
53217
82423
76002
64406
75776
85487
69768
80093
46078
54483
52091
83813
56992
87545
59429
76002
49810
87560
72409
87448
55228
74050
86259
66646
73475
76960
73226
85872
84489
83846
87520
84146
54706
69526
54375
60388
54062
66720
86553
72495
86553
44052
84225
83538
86259
75571
86058
81300
74050
78213
75571
79220
65195
86854
83210
50784
61949
84225
71402
59308
80250
48621
52013
78842
82731
80600
70989
44865
46340
64737
87520
87846
86553
80888
85682
86323
86259
83210
78213
72618
70231
46284
82120
50895
51051
56946
76960
43177
84142
86854
80250
85872
76777
69768
66979
67490
82611
46340
44975
46340
54450
69768
46125
47779
54483
78586
46891
63737
81605
87154
47306
52091
55992
82611
78586
68106
81300
87448
58798
83090
87675
83475
66979
57529
76777
59308
66646
82963
49951
72257
86323
87269
56229
82120
87448
58093
82611
61253
53217
86553
87553
66720
82963
86323
67474
76002
82120
82731
71694
68286
87448
85620
61349
45387
84142
55228
70989
87975
77723
46340
49224
81267
55642
87154
67858
53640
74050
75459
47879
83210
87269
85872
74994
87154
52937
67609
69768
52677
73475
60178
69207
72409
