409301603
763495352
98959251
112146881
573552893
943886384
346178929
709479580
879308308
536851641
231781511
979431556
374230409
257544870
753646563
518808752
306892896
324390704
663601161
780731906
112146881
954678156
449693122
279712534
650736177
533964961
451735192
436104340
575137173
167677632
253973906
279521148
90492730
120482624
909839140
609008643
531016722
83638582
244651439
923980409
303403345
337772281
951532763
962346716
940188615
204386323
315810346
275832473
124324741
173427041
227008892
573552893
595953189
298681356
202834859
364947265
236418967
303403345
483900805
503387987
668358483
849569080
995815123
981879919
108670848
101610582
740676981
999000869
359623445
624003157
827062066
837626889
200066080
519478053
480872563
280994595
947927307
399162489
953347502
724739244
915584385
836228054
527893819
149746643
410313903
165165904
116559501
951532763
999000869
503057287
877118744
592340378
707744814
687050047
857856398
551330711
403459871
901178585
964836571
881016475
671522043
84710243
849569080
488335637
809654677
910298481
170220811
562487048
674703170
433752698
108812161
837626889
338182614
772638770
328692362
677485348
836228054
946132572
454017293
754510853
271102467
156652380
403459871
275832473
324390704
173427041
689961682
337772281
225492084
214368402
209433445
605173477
282413075
170220811
118655406
478534076
804460975
408541574
700978688
768010716
725374165
231781511
657048960
934776671
771214704
132135696
704459071
738283765
818240421
724739244
246238996
159473344
993856284
999654103
137257081
274917057
236418967
400432177
888559673
748924300
734223016
856715922
735731997
331612759
306892896
184173775
619523285
415601997
245044467
311480566
802066291
598742393
284175083
108812161
303403345
668957494
555814231
904634103
350980286
944940727
244651439
456842105
199919997
595472140
923980409
273248792
537085596
573552893
503057287
244651439
379477867
580980473
928893685
663601161
247836072
303403345
846810975
624498642
436104340
734129776
155119882
757971824
523879956
636944561
999654103
454017293
866352329
337772281
526042963
335324480
498347774
624003157
558859823
574620247
542334565
374230409
718353953
459301508
607170070
951013967
333802072
114039369
247018167
346457382
999654103
475097868
962346716
115704453
578454823
202834859
496120007
834170064
938244232
281714754
758893499
298681356
488335637
840109342
862320337
225492084
287298070
848870972
459115607
241137311
483916744
806581360
648570002
802931718
745242172
510572493
910298481
132135696
319774489
369243831
98661998
978414267
880005408
964007476
638442061
526963024
357573795
718353953
335324480
953347502
674703170
810768865
943063318
992118075
299807393
488335637
241137311
287298070
114039369
843592246
140100000
580955422
862320337
969083073
560136256
648570002
335324480
638442061
660473822
120482624
93985725
716593826
276913304
791417556
260387551
999654103
946132572
809654677
173427041
786357531
578454823
973466135
624498642
909839140
168930985
989433245
264591148
225492084
204788998
529218706
798372623
207576166
999000869
292017080
562487048
698194612
877118744
884179999
988045082
953347502
491868395
992335032
683374030
135888100
529884352
121231356
979431556
845962301
923101781
578847292
526042963
779982740
137257081
995815123
236418967
663601161
711551012
902515895
420102330
211235893
792730119
888559673
389381536
569000723
725374165
398368926
687050047
746705473
560689823
951532763
346457382
659770179
912057170
693884758
922292862
600939425
731205239
195443061
935714801
780731906
184559332
544494475
636572865
250090583
972372229
451196514
742530160
953347502
555113152
943178267
496457243
544494475
962346716
938945702
306892896
852916573
969083073
657959994
558859823
709479580
276913304
612794655
264591148
768126357
155454138
913016460
414599413
834296916
850391258
869255211
198376785
177554792
884179999
346457382
853971095
457530416
943063318
518546457
957557587
213626994
574620247
195443061
550306100
967852631
192960256
401089664
346178929
437266825
451196514
977248899
612794655
975709677
885954689
317036169
738283765
692178853
930224179
87361320
683857903
83638582
707642429
425887250
683374030
674703170
939209327
416689774
482601871
746930795
108812161
292046739
413680662
578289072
674703170
967585820
762004413
904634103
904639287
700978688
620146860
973466135
327866852
569000723
215910519
437266825
83638582
624003157
993442055
903853451
98959251
669469215
143138925
526042963
610910044
483900805
654203515
416689774
371520161
135888100
894034755
359829354
231781511
677485348
892073507
115704453
830940119
681244276
806581360
815479803
569910714
857856398
258415226
127482549
727782828
677485348
936400092
696457189
529884352
489777222
869557942
748924300
852916573
862320337
260387551
704459071
930224179
550878885
946132572
947804041
311480566
724739244
725374165
212033167
298681356
806581360
308417709
98661998
424065197
426829907
221171379
416689774
359623445
574620247
152327056
183996130
541155358
168857312
475097868
989433245
943178267
892701830
504435367
114039369
271332807
629540161
964007476
364947265
341438448
176650149
915584385
888559673
735731997
306892896
125254258
784528444
947927307
431625958
366821746
862320337
227008892
311480566
815479803
798372623
526963024
290795032
324390704
862320337
668407897
112146881
371328585
989433245
437266825
877118744
141533376
204386323
536084728
734129776
522478184
328692362
840109342
398368926
947927307
308758597
889286009
836673882
983730654
264591148
374230409
641545786
128657095
193374580
660473822
795114029
696457189
517458849
94394655
754772732
292699071
772638770
424065197
90721795
922292862
790766987
999654103
985416693
141533376
991682274
489811289
523879956
813329723
792730119
229001889
206774355
724739244
247018167
668957494
84848085
443411103
881113863
264077014
264591148
155454138
138237976
779982740
253292024
352856284
695024172
158407523
517458849
914635599
988045082
993442055
237194423
989433245
995815123
897201479
324390704
90492730
597130563
762035414
928893685
624003157
200066080
232844245
727363638
791417556
913016460
79158435
745943320
552647480
546979477
779982740
201955393
365994624
319774489
766976633
213626994
574620247
912057170
536742126
177554792
748924300
704459071
985416693
264591148
247836072
607170070
973466135
592340378
491868395
837626889
902515895
391629488
960430173
359829354
764190511
143138925
420686073
848870972
327866852
227008892
359623445
219004728
888559673
329686999
803323365
813329723
287298070
503057287
695024172
588219476
760688254
806581360
500992136
544494475
792625329
665929302
999654103
790491659
308758597
204327481
517458849
829066265
114039369
517458849
964709301
771214704
407015001
713763752
988479158
995815123
923101781
412173138
904639287
219993719
491868395
246238996
260387551
999000869
331335515
592340378
485587766
470373874
500992136
922292862
972224934
340042790
966432245
947927307
999654103
595953189
299807393
361018525
772638770
875571369
374230409
244651439
649374846
670816489
762035414
241491420
760688254
792730119
94689723
519478053
205059198
975709677
995815123
947804041
342205295
943063318
496120007
715627435
932458556
559106508
845962301
725374165
384313067
299149475
975709677
425622157
904506480
195443061
715627435
657048960
306892896
491762573
897201479
972224934
995815123
951532763
319774489
412173138
534725687
847553628
950144546
97203199
999000869
975722696
346457382
999000869
231781511
292699071
602177056
967585820
876269183
979555386
810768865
211235893
448066743
204327481
132135696
502696731
889286009
672171261
934776671
953347502
707653647
871017275
180777139
156652380
191915717
380216951
857856398
787717577
853971095
862320337
605173477
659770179
385386552
328858738
241137311
287298070
830940119
327866852
534725687
668358483
382245929
158407523
772638770
279712534
847553628
204788998
985416693
612794655
361018525
726381242
357573795
946132572
284282375
943178267
120482624
725374165
461975606
643017438
232844245
990554194
104161268
806581360
981879919
258901973
681244276
983730654
213892683
357573795
128540432
122036190
303403345
829066265
999000869
862320337
557773048
173427041
284053365
953347502
522478184
877118744
447635192
231781511
299777943
972224934
690579857
311480566
435156782
845962301
797147640
909839140
578847292
116559501
199863219
213626994
580980473
754510853
280994595
227752898
365994624
780731906
264591148
981879919
112146881
93985725
731205239
163726817
395652759
946132572
672171261
391629488
900567838
912057170
165165904
184653448
629540161
363298542
390953423
819918619
491868395
687050047
327866852
972372229
491762573
93985725
910298481
308758597
151865718
677485348
449693122
578847292
461975606
561703669
369243831
922292862
776745022
733945986
999654103
429474974
466344509
993856284
643017438
738647142
748924300
868055730
616851994
695024172
341438448
953347502
718353953
167677632
545899953
758893499
578289072
342205295
135751800
753646563
495361739
780731906
614925775
369243831
573552893
298681356
104161268
766976633
700679410
804460975
989433245
620146860
168857312
190124233
719798722
709549033
972372229
451196514
303403345
985416693
999654103
82823302
416689774
654203515
564661174
335324480
149746643
914635599
251411566
830940119
279521148
212238964
687050047
104161268
990554194
638442061
904506480
989433245
324390704
141533376
784528444
277013725
634476996
338606488
757971824
537085596
979555386
561703669
485587766
967883998
586747368
754510853
871017275
97203199
648570002
111275222
93985725
416689774
507518347
985416693
600456158
614925775
601722457
452520682
503387987
795114029
90721795
298681356
361018525
479418144
454017293
995815123
846810975
472652692
567848222
662494792
876522125
995815123
692932552
913016460
429474974
346457382
340042790
767480433
346178929
403459871
670816489
365994624
715627435
352856284
143138925
892701830
770424471
580980473
149147285
981879919
108812161
491868395
483900805
852916573
804460975
775440461
999654103
461975606
