269845143
93750301
383731828
697046186
804011220
841551930
993415619
971114793
996022853
261921187
455161323
277697283
434481811
447888046
996022853
941646021
798448698
206403634
788235883
93750301
867487690
447888046
93750301
434481811
269391532
512755249
841551930
977729715
564084675
444289603
395159497
262425867
579178803
640807688
182774951
867487690
225061219
956842709
341645980
488400333
338702267
681356599
662970496
886247803
773106428
269845143
536044324
956842709
996022853
520673894
210659570
318074176
512755249
746371318
319948227
512755249
559065580
324595731
392068080
886247803
841551930
493173392
93750301
961668533
155006427
322548916
722384004
935173326
106729455
933223999
556084025
580994032
277697283
472073464
93750301
943023649
886247803
798448698
634063445
723731212
269391532
722384004
819940841
933223999
867487690
318074176
106729455
341937341
815520586
917299876
453615709
324595731
395159497
404462015
262795075
395159497
730187452
838022357
868647300
943023649
683258159
967212845
919605197
269845143
598915283
996022853
135912732
447888046
697046186
383731828
848428041
520673894
639675411
697046186
179977894
392068080
564084675
988556214
539168589
723731212
524031682
251886498
135912732
841551930
748684088
124172695
434481811
302541173
577395262
150154751
609689413
586040121
697046186
189902161
488494522
988556214
580994032
626156283
556084025
404462015
769914706
395159497
210659570
512755249
189386914
978558838
341645980
658038781
106729455
420992789
649468623
338702267
609689413
943023649
640807688
338702267
536044324
760473841
319948227
697046186
753185066
392068080
392068080
189902161
129772878
722384004
868647300
341937341
996022853
868647300
182861046
185133393
261921187
318074176
577395262
106729455
919605197
93750301
993415619
488494522
956861059
943023649
341645980
918810504
106729455
480238287
564084675
933655617
261921187
598915283
977729715
338702267
203935775
189386914
556084025
520673894
867487690
941646021
926429007
953039149
269845143
93750301
455161323
528626465
996022853
769914706
124172695
420992789
697046186
182774951
917299876
730187452
251886498
207719139
838022357
251886498
984534073
144027057
984534073
681356599
182774951
474656826
586040121
697046186
106729455
722384004
917299876
434481811
106729455
748684088
953039149
619182710
547754750
996022853
447888046
941646021
672022280
988556214
392068080
626156283
308629089
941646021
261921187
626156283
943023649
93750301
269845143
956861059
480238287
848428041
106729455
568587133
547754750
953039149
961668533
511438392
798448698
722384004
277697283
609689413
886247803
730187452
536044324
943023649
148400966
619182710
524031682
626156283
93750301
434481811
730187452
251886498
773106428
322548916
626156283
953039149
302541173
251886498
996022853
158080967
996022853
159764103
683258159
137478153
392068080
172888272
697046186
93750301
277485018
753185066
541149173
376210098
453615709
941646021
819940841
804011220
444289603
811434060
159764103
838022357
233752461
996022853
888342828
262425867
490387466
490387466
536044324
338702267
383731828
511438392
697046186
838022357
511438392
919041522
233752461
993415619
761579023
723731212
943023649
93750301
943023649
189386914
993320031
493173392
868647300
225061219
434481811
888342828
544089222
93750301
269391532
815520586
488400333
672022280
261921187
420992789
769914706
541149173
136865220
935173326
262795075
815520586
730187452
427393346
323116586
988556214
199351574
662970496
536044324
511438392
773106428
993320031
978751076
804011220
683258159
444289603
967212845
341937341
434481811
967212845
269391532
917299876
444289603
93750301
788235883
383731828
269391532
198618847
672022280
338702267
619182710
124172695
444289603
697046186
547754750
730187452
341937341
277485018
93750301
556084025
996022853
819940841
447888046
251886498
178517143
697046186
568587133
988556214
598814436
761579023
159764103
338702267
251886498
888342828
150154751
233752461
179977894
761579023
129772878
917299876
917299876
838022357
225061219
318074176
568587133
302541173
943023649
524031682
261921187
956861059
93750301
392068080
547754750
649468623
977729715
961668533
453615709
967212845
179977894
474656826
988556214
953039149
577395262
619182710
392068080
933655617
838022357
159764103
935173326
967212845
508848680
838022357
93750301
185133393
540083612
318074176
508848680
996022853
319948227
746371318
848428041
841551930
155006427
545039890
662970496
480238287
424302036
672022280
261921187
93750301
609689413
370095238
