466296083
544030318
236384775
700439686
381833325
520021549
844440290
625309809
722262334
299759590
540545594
290609262
405576949
989855194
598913117
249311482
496691261
882715435
488798982
381833325
156654704
984003811
356291323
375133823
201453658
884665653
905286561
824986208
853206181
130516751
714892529
263273194
999358088
970386952
366144261
871790680
872308179
161697258
722262334
553881452
814382496
356291323
439742478
493877540
456929802
826157361
370203519
928715294
787577484
369290910
995474339
968908265
772353311
617829772
945670567
793522420
660985573
416300469
332922098
197017878
201453658
836641832
994641772
816185688
287566857
542613603
473033814
220763700
262214471
896206144
974075319
400642100
607743212
858326682
993977007
875569419
552912726
944674363
118474859
641124829
229191222
935552426
946309881
563452615
932017655
394686034
680893253
362070643
279134625
647425012
640177194
767483318
735151254
245197542
770440163
463478710
657760448
493877540
964161877
497905280
536720946
940279790
943499480
789858122
315816643
945670567
842077447
953068628
362070643
640177194
155156441
415029131
521050310
201453658
416300469
256055486
761416905
777900387
369996210
524971225
629849083
87112516
327231193
684742225
260821977
348048431
233231157
283910855
952911492
416300469
511599986
744835531
550870611
408274620
561519251
573443014
421767732
712057117
158525965
872942954
101597716
574794022
227281967
201453658
744835531
816185688
493877540
691192248
301871413
473033814
950377975
225921066
166735673
408274620
961650641
744835531
198691597
262602081
941349629
824986208
101597716
398572354
113977050
918100133
636778249
85511016
97277080
960505642
325601143
886632397
583059871
183689717
90569027
113091348
924533633
532520626
101224753
928355833
591450810
653514418
722262334
600934038
164205597
381833325
366144261
287566857
842077447
449095748
169047459
894290962
661305417
842077447
738075821
626674915
714892529
93291932
918100133
688811696
678227432
999358088
87397908
753900447
960505642
946309881
534242344
994641772
647425012
999358088
275345687
537597177
551649419
688811696
356291323
811683689
586886751
411936541
605413806
138069465
158117942
453604589
837179436
726879205
966434945
187389558
998580713
872942954
899292687
166735673
941349629
548556508
201453658
583059871
780169209
441244402
722262334
247294593
572159214
493877540
90569027
213043503
553881452
220655981
737705970
95077998
79675392
283910855
360056561
526603277
271901087
675947769
930675802
731829167
543647136
924493263
511236250
377615854
433949975
706355940
440002624
295558016
949054204
903558449
302834136
605557633
924533633
999358088
794408582
75684146
804305294
657760448
583059871
487770046
310159472
898750553
954964733
333308856
387752414
290609262
418204470
605557633
223958731
640177194
113884704
886632397
622768081
256976729
676541799
576434307
518804973
982833082
290609262
345387692
534279517
814382496
473033814
365256114
585530825
366571380
394686034
985026795
175328159
466296083
511599986
416300469
722262334
641124829
898750553
110225577
559288235
573443014
437362992
923375610
76389951
808195460
540545594
962748915
982833082
615452521
546075877
636174972
197017878
435859980
107726421
919549309
869351259
137009443
961650641
256055486
800492580
622768081
871250253
966825644
79769177
249311482
869351259
446439713
521066473
990444966
726879205
151846431
898390523
880463475
836478387
433949975
113884704
754101787
703681504
424202700
789032721
886632397
99841896
342676630
304618838
435785272
881298084
497344283
362070643
616051145
602351356
952911492
607743212
534242344
975162525
149215502
983605044
882715435
951603084
89644532
706355940
182071849
302389680
722262334
593109431
999358088
463478710
169047459
234382552
903558449
466296083
986923144
628263069
585700389
966825644
249311482
770826467
654011351
374316024
490691871
767483318
912002254
229191222
391433919
716486894
616051145
998580713
113884704
757356308
726879205
473033814
493877540
962190565
139245958
784468399
167564500
966434945
410726082
688811696
356766206
444140065
299759590
201453658
453604589
668881398
248764029
387752414
345387692
954964733
629849083
609968891
960505642
518804973
234615809
759886690
401846538
160631314
95077998
803004603
615452521
722262334
441244402
435785272
397421737
113091348
271410255
457415797
79769177
860062268
275345687
817678490
935552426
994641772
590079317
75684146
133854604
767483318
169047459
940279790
622768081
700588508
130516751
981002860
684742225
953068628
842077447
703681504
343291064
179918564
973164800
803004603
260750133
408274620
88300993
930675802
994641772
535322359
517310100
478978822
990444966
206721296
100920016
572159214
552646152
898750553
770826467
750298159
990444966
899292687
197017878
878443200
647425012
487770046
840519773
356291323
452420435
638793844
410726082
871250253
271410255
224653028
542574784
678227432
700588508
770826467
133854604
688811696
777900387
801072670
511236250
968908265
320652917
199245832
860062268
359030161
684742225
594290777
333308856
850617657
176429626
949659550
542574784
93291932
950377975
978975453
639099717
330931486
377615854
982833082
534279517
972538037
960505642
767483318
201453658
356766206
972060316
902015234
690009798
827974283
125724775
206721296
945670567
466296083
571268040
457185671
706355940
254162336
306705239
910734726
97804692
243363254
441994472
744835531
463478710
949054204
227281967
125724775
422226415
898750553
381070503
944674363
860062268
177024825
426780160
588750182
860062268
935552426
279641297
378200189
408274620
333308856
179253466
201453658
473033814
726890188
882715435
349767725
975682000
140962191
325601143
688811696
418415982
986923144
296676863
722262334
808195460
271901087
456929802
780169209
935552426
348481983
553881452
197017878
697757217
739385066
330931486
266380621
744835531
266380621
731621764
954638935
928715294
480333447
619394652
891261957
345387692
753900447
446118788
619394652
162933001
107726421
622768081
653514418
496691261
214258074
674484612
553881452
144099514
286342827
158117942
87397908
950377975
761416905
918100133
935552426
860394507
342676630
125724775
455514402
896206144
844082181
270911207
668881398
183689717
949054204
982313480
875569419
440002624
860062268
949659550
767483318
719482301
995474339
324846988
555309875
345387692
987355641
348481983
617829772
912002254
850429528
201453658
853909395
830949693
330931486
588750182
560651202
872942954
120083059
410726082
609968891
639099717
455493825
767483318
408274620
923375610
281712172
827974283
756809344
979681289
100920016
600038670
336102708
198691597
992109487
834110171
626674915
585530825
457415797
473033814
740672548
342676630
918100133
183689717
999358088
716486894
654011351
949054204
712576278
595309646
98539923
935552426
126094134
617829772
513979813
595309646
328518668
493877540
542574784
76389951
126094134
101597716
785721631
93291932
932017655
554932026
79769177
700372259
107726421
610374012
271410255
463478710
607960126
496691261
798679719
920351129
869351259
668881398
653514418
960505642
892810210
75684146
753900447
405576949
945670567
183689717
688811696
243363254
622768081
998580713
896206144
282686238
862483628
994641772
654011351
750344649
345387692
999358088
629849083
850429528
744835531
871250253
265824212
578431575
915793527
726879205
951386905
610374012
647906717
549961332
131259539
983605044
237719243
954638935
744835531
626674915
849548979
380914168
869351259
248764029
96707209
842077447
167564500
795730856
932017655
912486648
360056561
617086940
100920016
447048438
684742225
128238376
653514418
412245153
493877540
430890411
140503473
635613040
111736293
622768081
826543449
137009443
75684146
846097574
602351356
463478710
581895611
536720946
758341190
314362195
217124625
190432003
256055486
362070643
910100002
566193356
353853929
714520174
622768081
198691597
811683689
345387692
403407009
903645390
855963056
206721296
131259539
482060361
330931486
453604589
979324846
121628500
703681504
972538037
903558449
647425012
994641772
972060316
559398485
880133028
872942954
362070643
262602081
981002860
419954117
236384775
229191222
979324846
631422248
869351259
973164800
886632397
834110171
880137349
456929802
967226719
598913117
735011573
136657867
960505642
995474339
801072670
377615854
625499133
953068628
365401716
444140065
447048438
684742225
972538037
668881398
932017655
375133823
768003652
211157706
560651202
214258074
200747592
800492580
233231157
217124625
902015234
941349629
513979813
822663615
403407009
553881452
144099514
486366106
697132400
837179436
977402879
622768081
998580713
668881398
824986208
528585034
950377975
920351129
105474709
647906717
697757217
894466764
907431478
882715435
360056561
218356221
914593087
73546913
463478710
225921066
788907445
803004603
321438723
697132400
750344649
898750553
994641772
427608456
594290777
362070643
113977050
800492580
359030161
711599906
249311482
275345687
430420254
653514418
247294593
222101802
384881975
213967547
835001301
817678490
810530478
722262334
430890411
711599906
755353639
310569784
950377975
773819278
410726082
755585720
573888495
504224293
774805828
176429626
182071849
548747033
965501543
573443014
882715435
836641832
93291932
907431478
563452615
598913117
688811696
951386905
946309881
201453658
688811696
487929856
138069465
726890188
750298159
136657867
473033814
256976729
761416905
540545594
498602123
979324846
243363254
553881452
271901087
935552426
994641772
433949975
966434945
338734666
569523179
995474339
967226719
922458068
993977007
113091348
587982280
788907445
437362992
236384775
668881398
505113557
350953799
365401716
658790617
804305294
952911492
605413806
466296083
976517425
105474709
241345456
165489178
266380621
850429528
430420254
722262334
496373555
452420435
719482301
740672548
992148673
352105480
566193356
940279790
779342175
758341190
924533633
806309848
767483318
822663615
421767732
74068636
598913117
977402879
836478387
509378401
595833255
653514418
