84029023
223577504
830212481
287800284
105205573
566022658
499169487
821952137
815640172
303864193
217456369
605112156
300084383
400472533
692499553
123413744
876179948
221600071
772184888
999793715
413712844
625876924
182890528
188750095
327515328
663468764
308097930
779882615
638032643
955733170
650700915
985743852
376066543
581919029
824613267
972827101
518588953
288532943
946827012
737657572
81520055
197065091
442462064
104395165
999793715
974118054
252406706
490610422
354996614
164012052
100364297
104395165
471302934
440227043
238467023
616416933
994812273
991573566
513730971
499169487
594137444
526334007
972827101
326829700
212208800
733173785
221600071
888920021
593605743
146719603
124843390
354117091
618446138
280652892
395748152
354996614
342674991
445772505
218300598
605112156
613625287
162034905
221600071
548516730
365481822
336508529
605112156
446717511
80321113
878353988
692499553
449368612
167459450
974118054
984724275
241945852
656589590
430237181
318698080
322073461
692524082
317166080
490610422
817972866
940103736
525537392
817972866
687370340
718650426
282387644
988495557
654244396
680712512
997700436
780725514
363577452
522572481
946827012
347364731
726609667
868286873
969565814
942992501
244797385
613625287
233965410
997700436
952787123
794675692
388095231
745942960
912145124
677202791
792723920
326196128
358375833
435317982
949033227
830212481
650700915
116051847
876179948
783339011
78721252
176812703
907523477
202521954
581919029
919007361
963268055
517013727
302041198
967402203
252406706
933130389
907171095
382229033
680712512
776948399
776948399
673039546
268018667
225773527
87213977
467481944
241945852
548516730
134266454
955733170
151863482
317166080
188161625
188750095
669066091
999793715
202521954
669066091
650700915
891459051
962138554
779882615
919007361
388095231
105205573
363577452
576840822
704733606
210323122
949294382
566022658
606618239
318698080
677202791
358375833
618446138
526334007
606618239
969565814
670716957
946827012
134507289
297939788
218300598
544900454
714775655
946827012
122928324
206417427
719232690
322667288
499169487
383040232
435317982
395748152
134340101
928323932
844262339
884267897
856615500
567521717
859651984
761665954
312969124
946827012
726609667
467481944
418351536
687370340
286633514
693008735
517013727
999793715
860731049
726609667
616416933
83798055
124843390
745942960
695912214
475923228
652474618
726609667
382229033
340610821
830212481
146719603
361130594
421390873
737657572
282387644
186510366
674647219
431834833
594137444
950884295
255352694
946827012
233965410
248702629
529798830
369486823
180427103
182890528
143084764
400166743
999793715
297504140
272217363
449368612
776948399
565965515
127047460
565965515
548516730
400166743
752099917
555454951
861281372
692524082
844262339
999793715
100187509
692524082
111095602
673039546
669357381
718650426
322667288
653043017
152068296
312682581
824613267
87213977
830782353
726609667
784523478
367478996
84029023
997700436
856615500
817972866
365481822
518588953
182890528
633164157
449368612
650700915
561012260
666756516
257689960
621017170
407862787
963268055
456891998
776948399
854606580
706498805
159230216
816754762
581919029
477605033
590414231
424243346
495270488
760363766
752099917
431834833
223577504
621017170
494221351
946827012
267564518
443612107
397224915
517013727
650700915
490610422
127047460
416025613
297504140
974118054
901263397
207188092
830212481
737657572
149305648
590414231
999793715
999793715
499169487
221396881
393104456
991573566
859651984
363577452
891046226
652474618
271377697
992473826
969565814
988495557
637885874
968335398
358375833
972827101
100911395
901263397
968335398
726609667
901263397
593605743
405123556
539759092
992473826
252406706
816754762
171922306
106779384
297939788
93677640
435317982
354117091
861281372
967402203
988495557
545550333
400472533
551114197
974981034
308097930
279898811
400472533
638032643
846855627
606618239
695912214
490783066
581919029
142502573
475923228
109233785
555454951
350322601
714775655
129261077
817972866
680712512
581919029
938360922
886928848
162442320
292349611
924992800
868286873
713555043
938360922
794675692
984837127
555454951
695912214
920133855
984837127
532174756
416025613
692706330
92124390
740299608
746653612
199411122
774403623
953994043
297504140
946827012
928323932
974981034
875220111
400166743
148745735
92124390
526334007
418351536
302041198
248702629
227070519
962586876
576101907
513730971
129261077
116051847
485641631
876179948
772184888
870794955
999793715
122928324
860943755
930858747
679195956
779882615
455508134
457340334
539759092
999793715
856615500
191710049
317166080
576101907
513730971
581919029
292495734
804787343
544184397
935678642
901263397
269650692
525537392
450618905
645492503
968335398
726609667
400472533
85562646
946827012
695453992
197065091
674647219
480636413
581919029
881605127
513730971
304315440
537120720
322667288
322667288
225773527
554482913
191710049
105049735
308097930
984724275
616416933
127047460
212208800
116819683
704733606
479689479
895601504
418351536
820184269
127047460
238467023
854606580
888920021
358612998
946827012
820585010
606618239
261697420
271377697
590414231
555454951
673039546
382229033
350036099
963268055
469339966
955733170
984837127
999793715
93677640
499169487
962138554
587780863
645492503
149305648
143084764
261697420
797663750
593605743
218300598
430237181
350322601
525537392
868286873
490610422
382816055
472573592
269650692
920133855
883816912
974118054
695912214
304315440
974981034
616416933
984724275
469339966
830212481
680712512
327515328
255352694
943131559
389549442
660797921
758657467
193588879
617797153
74053983
421846333
490783066
974981034
354996614
440721154
164012052
654272488
730156626
940103736
783339011
590414231
116819683
745942960
289737931
912145124
126387402
594137444
928323932
769102379
85562646
864083063
706498805
962586876
804787343
382229033
909401766
467481944
799823033
815640172
328752736
653043017
248702629
513730971
430237181
334087758
450618905
991573566
567521717
367478996
139330712
211610729
442462064
182890528
774954840
490610422
625876924
673039546
804787343
354996614
903085302
146719603
625876924
324081572
779882615
525537392
952787123
188750095
903085302
909401766
692706330
162442320
559702010
495270488
748863517
207188092
405123556
746653612
969565814
443612107
999793715
726609667
737657572
207188092
347364731
312969124
726609667
536047428
139330712
645492503
636844526
720568268
740299608
606618239
695912214
756717665
499169487
968335398
322667288
952787123
566022658
942992501
479689479
257689960
239619525
244797385
111571980
864083063
803389465
255352694
963268055
581919029
996974640
633164157
795025845
400166743
885240664
692524082
633164157
974118054
844262339
999793715
555454951
499169487
369673123
618446138
93677640
645492503
616416933
199411122
999793715
433711523
606618239
714775655
946827012
324081572
949033227
891459051
90496223
974981034
78721252
566022658
350322601
864083063
917022115
598355518
616416933
499169487
494221351
730156626
772184888
554482913
581919029
206417427
901263397
450618905
395748152
469339966
74053983
205404067
726609667
111095602
418117736
799823033
830782353
928323932
480636413
367478996
238467023
974118054
90496223
116051847
153575568
891046226
621017170
776948399
581919029
974118054
664231974
958772216
561012260
268018667
936487789
111571980
901263397
116578112
267564518
963268055
645492503
606618239
573948830
751972462
202521954
616416933
180658837
963268055
925336820
78721252
895671183
431834833
606618239
168073348
774403623
824613267
271866526
485641631
532174756
421390873
207188092
350322601
851980196
449368612
300084383
680712512
513730971
756717665
960822192
680712512
991573566
111571980
886787791
152068296
92124390
176332109
292495734
999793715
830782353
239619525
988495557
971376924
176812703
606618239
92124390
587365578
289737931
984724275
999793715
988495557
994812273
141010842
418117736
268018667
654272488
164012052
616416933
241945852
517013727
999793715
714023024
650700915
124843390
935873810
96393216
960046021
300084383
433711523
239619525
613625287
974118054
450618905
513730971
446717511
714775655
565965515
936487789
601215521
424243346
849737900
124843390
598355518
830782353
997700436
203791839
761665954
974981034
83798055
267564518
262949870
262949870
824613267
920133855
596783479
996564062
573948830
919007361
695912214
167459450
988495557
605112156
984837127
490610422
797663750
946827012
143084764
997700436
999793715
636844526
958772216
171922306
464176478
605112156
984724275
176812703
704733606
999793715
389549442
573413299
282278173
176332109
968335398
513730971
462726442
191710049
335271830
180658837
621017170
268781539
714775655
886928848
336508529
513730971
146719603
324081572
815640172
955733170
920133855
109233785
999793715
463240353
854606580
985743852
176332109
124843390
946827012
567521717
455048944
849737900
992473826
712399294
740299608
340610821
830212481
554552628
924992800
956433901
413964555
395748152
123413744
846855627
726609667
202521954
522572481
255352694
322073461
85562646
400472533
188161625
692706330
860731049
695453992
946827012
198369835
581919029
350036099
868286873
