52405
121301
60919
70467
70771
78153
43592
94374
80456
35984
141610
64386
44518
49992
53439
74551
132146
77006
145658
70998
64386
55008
56119
43592
111946
70467
132146
63884
114885
80456
104224
198645
70467
55008
76982
55008
39651
54451
99919
99914
36209
66115
93577
66930
56020
56119
70467
37087
60919
18973
64386
70467
36332
85299
74551
47240
70998
84319
137689
78153
76695
78153
70771
49750
54371
70771
36332
50424
66930
94374
77006
76982
49750
77006
70998
76695
55008
132146
70771
63661
95746
66930
70771
70467
55008
121301
66930
70467
56119
37087
70467
50248
70998
55008
37087
71833
90642
70998
141610
133240
81826
133240
70998
51716
92564
66930
71075
95746
73197
99919
49750
94845
44853
50033
70467
49750
70998
64386
74551
64386
70771
141610
70467
76982
70771
64386
60919
44518
38376
147081
78153
55008
40091
43592
53439
92564
55008
50248
70771
55008
50521
141610
64386
74419
50033
75740
55008
64386
114885
70467
55008
169251
47252
95746
145658
77006
145658
64386
64386
64386
57102
85299
64386
76695
147081
95316
86323
77006
63884
77006
50248
71833
71833
66930
66930
66115
40091
78153
66930
75740
60919
93577
137689
66115
78153
36332
147081
64386
80456
76408
53439
56564
55004
133240
50521
80456
66930
77006
132146
77018
78153
46125
71075
93577
128325
86323
49750
68747
66115
63884
55008
121301
24490
77006
90047
145658
51716
63661
90920
56564
77006
39651
70467
66115
70998
198645
43592
37087
66115
94420
64386
132146
90920
66930
70771
64386
49750
49750
78153
145658
79835
55008
66930
66115
66930
55008
64386
76408
124951
173355
50033
55008
53720
77018
44853
86323
66930
103472
70771
70998
70998
77006
66930
145658
70467
137399
99914
54371
85299
43592
66930
77018
43592
133240
94845
55008
173355
76982
70771
84319
104224
66930
66115
77006
80456
56020
92564
80456
43592
64386
94845
49750
50033
70771
55008
56119
50248
70467
74419
84319
55008
137689
75070
105010
50033
78195
49750
76408
78153
77006
55008
87975
70998
52405
61789
53439
55008
95316
70998
66115
90642
49750
70998
60919
145658
70771
137399
76695
55008
70467
50033
99919
88428
55004
71075
53439
64386
66115
169251
70467
51668
133240
111946
74551
54451
71075
38376
66115
70467
145658
88428
50424
56119
94374
70467
77018
30803
66930
56119
29721
66115
95746
81826
39470
70998
76982
50033
95746
70771
60919
50424
114692
79835
46125
70998
94420
70771
94420
70771
77006
70771
80456
78153
49750
94374
70998
71833
95316
41380
90920
51668
66115
43592
58879
93577
49750
60919
71833
48473
145658
93577
94845
85299
90642
103472
70771
133240
114885
64386
70467
95316
77006
21516
43592
95746
66930
56119
60919
147081
78153
70998
77018
43840
47188
77006
103472
66115
49750
77006
76695
8485
70467
73197
64386
73197
74419
64386
198645
64386
60919
75540
51668
66115
66115
64386
124951
56119
99919
78153
70998
44853
60919
43592
66115
80456
66930
55008
77006
173355
56020
70467
70998
82064
76695
63661
64386
85898
47252
114885
105010
47252
55008
66930
104224
41861
55008
50248
76408
66930
55008
132146
71075
70467
66115
226
78153
66930
77018
58879
87975
86323
54371
132146
38376
64386
99914
70467
85299
43592
70467
49750
75740
63884
70998
70771
78153
70998
70998
66930
94374
95316
75740
60919
55008
60919
92564
74419
40091
114692
169251
77006
66930
38376
66930
55008
36332
198645
64386
128325
70467
55008
76982
121301
53439
114692
50521
145658
5968
70998
55008
94845
50521
33571
75070
50033
88428
64386
58879
70467
84319
66115
70771
73197
70998
85299
64386
70467
90642
99914
121301
124951
56564
128325
92564
132146
147081
70467
73197
78153
133240
95316
37087
55008
104224
81826
70998
51716
66115
77006
85299
27984
85898
32762
128325
49750
77018
77018
78153
64386
53439
78153
87975
60919
124951
60919
36332
80456
50033
94845
43592
93577
76408
85299
70467
71075
147081
48473
74551
51127
54451
55008
64386
94845
36332
55008
66115
90920
66930
40091
133240
81826
55008
94374
66930
56119
56564
66930
141610
44853
77006
37087
66930
99914
43592
60919
124951
36332
76408
56119
70467
55008
74419
198645
70998
76982
82064
111946
94374
63884
38677
50033
99914
31231
54451
60919
64386
70771
43958
66930
66115
54371
54371
53621
104224
80456
64386
104224
55008
105010
132146
103472
55008
38376
84319
36332
78153
78153
54451
70467
70467
38376
93577
36336
64386
94420
70998
66930
90047
111946
71833
43592
93577
43592
94420
54451
198645
173355
132146
74551
56119
137689
49750
77006
70467
105010
55008
50248
80456
99919
78195
90047
70467
70998
124951
55008
70467
79835
85898
94374
56119
49992
56119
38376
53621
40421
40091
70771
64386
70467
39651
55008
75540
85299
34524
56119
198645
75540
78153
92564
40091
94420
64386
132146
70771
85898
51127
94845
63884
76695
46125
64386
55008
70998
86323
51716
60919
78153
95746
60919
86323
85898
70998
54371
70771
77006
75540
57905
137399
105010
86323
75540
52803
58879
55008
66930
58879
114885
70467
64386
80456
66930
64386
114885
114885
84319
79835
137689
70771
56119
39657
43592
66115
53439
137399
78153
24004
137399
54451
114692
50033
95316
145658
70467
60919
49992
66930
54451
99914
58879
76695
99914
43810
64386
64386
137399
147081
94374
51716
81826
38376
66930
51716
105010
75070
78153
86323
104224
66930
57102
73197
99914
133240
60919
64386
94374
104224
66115
121301
55008
75070
76695
114885
66115
55008
50033
77006
81826
99914
49750
53439
80456
66115
64386
145658
141610
46125
75540
92564
55008
94374
64386
66930
80456
66115
99919
38376
70467
54451
133240
78153
124951
114692
145658
70771
137399
66115
66115
92564
55008
77006
104224
60919
77006
64386
64386
70998
77006
133240
95746
85898
70467
66930
70998
99914
51668
95746
84319
76982
147081
27956
93577
70998
84319
80456
145658
47188
78195
50033
70467
128325
36332
77006
56119
50424
56020
36332
99914
43592
124951
54451
99914
73197
76982
56020
132146
44853
49750
77018
56020
43308
70998
50033
75540
70467
57905
169251
56119
75540
128325
85299
64386
132146
50248
64386
90047
141610
77006
70998
55008
55008
137689
64386
86323
114692
78153
128325
77006
55008
49750
49750
141610
57905
66115
57102
66115
36332
64386
70771
145658
70467
64386
60919
38376
50033
70998
60919
70998
66930
64386
103472
70467
71833
56119
60919
70467
36336
94374
60919
94845
55008
74419
132146
66115
70771
94845
76982
74419
50033
70467
66115
70467
66930
94420
75070
38677
76408
70467
114692
78153
46125
56119
56119
60919
66115
66930
74419
39651
70771
70467
78153
54371
70771
63884
70998
70467
85898
74419
137689
64386
43592
66115
141610
114885
70467
49750
47188
95746
66930
31231
43592
124951
36332
50248
70771
147081
70771
50521
64386
37087
95746
145658
86323
70771
55008
94374
55008
77006
87975
54451
90047
90642
99919
38376
92564
74419
76695
32936
38376
70467
93577
43308
105010
70998
49750
133240
86323
55008
55008
137689
74419
55008
173355
85299
94374
57102
94845
66930
95746
36332
77018
48473
80456
58879
77006
55008
66930
39651
77006
49750
74551
88428
33521
94374
77006
77018
43592
70467
94374
66115
111946
93577
70771
111946
51668
90642
145658
44546
82064
66115
56119
38376
57905
66930
103472
44853
77018
55008
77006
56119
103472
64386
54451
105010
53439
104224
173355
128325
145658
60919
64386
75540
76982
66115
70771
73197
114885
50033
58879
70467
90047
50248
66930
71833
79835
56119
70771
36332
64386
56119
49750
70998
75070
93577
57905
114885
50521
66115
51716
104224
145658
51668
90642
66930
95316
49750
73197
169251
66115
77006
133240
85898
99919
132146
78153
60919
44853
94845
82064
88428
55008
77018
74419
33314
66930
46125
128325
77018
78153
70467
76982
68747
105010
94374
64386
74551
173355
94374
40421
76408
64386
99914
114885
31430
55008
53439
85299
66930
51668
64386
56119
53621
132146
25049
60919
198645
121301
145658
54371
66115
76982
103472
56119
55008
93577
169251
70467
55008
90642
70467
169251
77006
64386
92564
74551
77018
70467
24847
30306
145658
55004
51334
132146
57102
64386
114692
28030
94374
76982
63661
60919
90642
93577
94374
145658
54451
57102
137689
55008
55008
38376
84319
94845
64386
43592
88428
55008
70467
55008
66930
55008
51127
145658
53439
54451
60919
66930
51716
77006
70771
75540
70467
132146
51668
49750
75740
54451
54451
54451
70998
132146
56119
92564
87975
80456
64386
95746
50033
88428
88428
34524
54451
70467
55008
70771
70467
66930
38376
61789
87975
77018
55008
76982
43958
66115
49750
40421
94845
95746
104224
56564
74419
94374
50424
43592
198645
66115
66930
78153
36671
95746
66115
74551
60919
70998
133240
53439
95746
49750
82064
70998
75540
43592
77006
133240
76982
70998
56119
70771
33314
76695
70467
114885
60919
141610
64386
92564
85898
36332
95316
60919
56572
77006
111946
66115
76982
56119
94845
114692
78195
43592
43592
53439
76982
70467
70998
56119
95316
43592
76982
54371
49750
44853
76982
70771
66115
132146
82064
132146
31954
76408
43592
78153
141610
66115
70467
145658
92564
54451
43958
54371
54451
94420
55008
55008
55008
37087
60919
74419
58879
55008
56119
56119
56020
70467
74419
38376
94420
40421
55008
121301
38376
57102
95316
94845
55008
76408
70467
66115
76695
38376
78153
74419
60919
49750
94374
78195
71075
43592
64386
128325
71075
145658
70467
52405
147081
132146
55008
66930
90920
99919
64386
36332
86323
77018
78195
43592
55008
44853
124951
66115
93577
94374
43592
70467
57102
133240
67263
60919
145658
55008
55008
39129
198645
64386
78153
141610
93577
75070
94845
56020
56119
54371
173355
43592
66930
86323
50033
77006
128325
54371
17992
94374
94845
66930
53621
141610
55008
75540
76982
66930
76695
93577
70771
128325
70467
76982
70998
173355
114885
94845
60919
76695
64386
78195
70771
173355
198645
56119
78195
93577
74551
55008
66930
66930
63884
95746
50033
70771
76695
31430
66930
103472
77006
70998
111946
94845
66930
105010
55008
94374
85898
55008
70467
124951
60919
93577
66115
55008
77006
104224
39651
50033
64386
93577
99919
47252
99914
114885
80456
137399
114692
71075
49750
50033
50033
76695
66930
70998
121301
43592
40091
74551
36336
85299
84319
80456
18002
50033
99914
33794
70467
44853
70771
84319
57905
94374
70771
64386
50033
74419
64386
78153
90642
60919
46125
93577
54451
55008
64386
60919
56119
141610
133240
71075
66115
74551
74419
60919
82064
133240
38376
73197
77006
95316
94845
70467
94845
40091
70467
94374
68747
76982
147081
39617
85299
44518
54451
64386
198645
103472
133240
53621
56119
70771
75540
50033
70998
66930
43592
95316
56572
93577
93577
55008
93577
64386
70771
44853
66115
39651
21263
66930
64386
64386
94420
46125
105010
66115
76982
64386
36332
77006
94420
64386
70467
70467
70998
111946
145658
35984
39129
133240
78153
80456
145658
76982
71833
128325
55008
77006
38376
103472
55008
66930
84319
77018
145658
66115
94845
95746
60919
94374
94374
66930
114885
40421
43592
38376
88428
75070
49750
64386
145658
94374
70771
88428
57905
55008
77006
94374
70998
95746
133240
74419
132146
55008
43592
94420
64386
50248
66930
60919
50033
55008
99919
50248
147081
88428
87975
38376
94374
60919
68747
38376
47252
85898
85299
74551
76408
111946
55008
64386
50033
43592
49750
68747
64386
147081
90047
94845
95316
85898
76408
43592
38376
198645
81826
60919
77006
85299
94420
55008
70467
128325
70998
60919
37087
63884
99914
70467
76982
51716
56564
145658
37087
92564
78153
66930
94374
105010
39470
54451
55008
55008
57102
70467
66930
95316
70998
76982
95746
64386
80456
173355
114885
132146
145658
38376
66930
71833
132146
70998
44853
56119
49992
50033
198645
70998
50521
52405
70771
95316
94845
56119
55008
137399
86323
173355
95746
74419
67263
56119
54451
71833
44853
44546
36332
94845
90047
82064
40421
121301
87975
66115
55008
66115
145658
51127
43592
76982
55008
132146
19111
105010
54371
137689
84319
147081
54451
43810
64386
169251
88428
78195
77006
64386
57102
94374
57905
70771
54451
80456
80456
57905
70467
43840
51668
70467
74419
57102
50424
54371
80456
70998
169251
71833
103472
114885
80456
36332
46125
94374
198645
66115
92564
103472
64386
86323
77006
92564
70467
66930
66930
132146
64386
50521
94845
95746
66930
54451
36332
141610
132146
49750
43592
77018
66115
66930
31632
103472
74551
31955
79835
137689
147081
55008
70771
44853
36671
33226
66930
75540
39617
80456
66930
50033
66115
76982
5961
111946
132146
75070
128325
82064
114885
43308
95316
80456
198645
37087
70467
55008
90920
66930
81826
70998
111946
64386
70467
137399
57974
48473
114692
103472
78153
132146
75740
64386
81826
66930
43592
70467
78153
56564
55008
64386
137399
67263
44853
94420
94845
94374
85299
36332
56119
49750
80456
53621
93577
57102
104224
64386
75740
74551
55008
70998
92564
111946
75070
75740
51716
81826
49750
70998
39651
64386
53621
54451
55008
54371
70771
133240
132146
84319
51668
66930
104224
40421
70467
124951
70771
76408
133240
64386
111946
53439
132146
111946
66115
81826
55008
50248
66115
173355
43592
77006
147081
86323
132146
67263
77006
39651
56564
66115
70467
57102
137399
76695
60919
66930
75540
56119
66930
147081
79835
70467
74419
77006
71075
95746
85898
81826
60919
137689
198645
66115
31954
49750
70467
54451
70771
46125
124951
38376
94374
56573
77006
70771
124951
132146
64386
121301
82064
79835
60919
37087
40091
38376
133240
36336
43308
56119
66930
90920
58879
70467
71833
70998
56564
90642
55008
77006
90642
94420
92564
95746
56119
78153
56119
44546
87975
66930
145658
55008
58879
90047
141610
128325
76408
66115
74419
40421
54451
81826
38376
55008
66930
55008
56119
76982
50521
70467
60919
70467
95316
66115
46125
76695
37087
70467
81826
147081
77006
70998
66115
105010
95746
103472
173355
27191
55008
94374
37087
132146
114692
66930
66930
145658
173355
67263
55008
58879
105010
66115
64386
66930
49750
132146
87975
55008
77006
77006
47240
70998
99919
80456
85299
128325
56119
70771
55008
64386
43592
50033
95316
77006
198645
147081
86323
75540
173355
51668
50033
90642
39617
38376
51668
33794
137399
70998
55008
55008
43592
75540
60919
67263
88428
78153
37087
76982
55008
93577
114692
55008
64386
70998
20410
37087
51127
68747
51127
53439
94845
81826
50248
49750
66930
64386
78153
64386
64386
55008
70467
28457
66930
49992
66930
147081
43592
85898
51716
70771
133240
94845
51716
58879
85898
53439
44853
38376
55008
198645
74419
50033
198645
70467
66930
169251
75070
121301
95746
70998
56564
56119
74419
49750
70998
78153
132146
66930
55008
173355
70467
92564
44853
128325
70998
145658
64386
50033
64386
104224
36332
74419
44546
95746
75070
60919
66930
86323
60919
95746
111946
95316
70467
56119
56119
105010
70998
85299
77006
145658
169251
44853
64386
75540
64386
51668
56564
5618
70771
70998
66930
38376
75540
94845
141610
77006
53621
85898
67263
90642
56564
75540
55008
74551
10343
66115
86323
70467
64386
70467
133240
75740
57102
55008
55008
198645
70467
133240
75070
55008
74419
55008
95746
66115
43592
73197
88428
70998
137689
79835
74551
82064
77006
64386
77006
66930
76695
57102
58879
84319
84319
70771
60919
43592
76695
84319
137399
87975
124951
76695
46125
81826
43592
66115
82064
114692
77006
43592
50033
66930
75740
114885
49750
114692
198645
93577
77018
93577
57905
70771
44853
141610
54371
66930
36332
141610
33571
70998
70998
137689
78153
56119
36671
68747
49992
145658
141610
70467
55008
37087
49750
49750
93577
77018
77006
55008
80456
70771
64386
66930
70998
37087
66930
95746
105010
66115
66930
66930
133240
105010
70771
95746
32936
47240
50424
90920
121301
95746
64386
66930
64386
80456
88428
70467
49750
70998
70467
76408
75740
70467
56119
48070
94845
78153
70467
43308
40421
77006
44546
78153
94374
70467
86323
38376
50248
43592
141610
78153
76982
93577
95746
66115
63661
55008
92564
94374
38376
82064
145658
49750
64386
66930
67263
40421
70998
77018
50033
50033
55008
124951
55008
95316
37087
70998
76695
36671
25719
70998
66115
86323
71075
77006
84319
93577
55008
111946
111946
66930
44853
90642
90642
57905
60919
95316
49750
169251
147081
38376
84319
128325
55004
103472
137399
85299
55008
35044
55008
64386
66930
76982
124951
64386
99914
47188
56119
74419
70467
58879
90920
60919
44447
55008
111946
66930
145658
39651
66930
88428
82064
66930
25518
93577
66115
71075
38376
64386
74551
47252
76982
39651
64386
145658
124951
70467
38376
87975
94420
133240
78153
66930
70537
44546
43592
54451
133240
141610
55008
56119
94845
94845
54371
137689
94374
71075
66115
124951
33571
63884
55008
66930
44546
114692
70998
90920
114692
64386
70998
56119
63884
55008
121301
64386
64386
57905
94374
79835
85299
94420
132146
60919
99919
70467
94420
137689
39651
56564
50424
114692
121301
66930
66930
60919
75740
70467
64386
111946
94845
55008
70998
47188
133240
95746
85299
103472
70998
78153
75070
82064
54451
77006
128325
66930
54451
132146
145658
66930
55008
66930
64386
56119
60919
95746
70998
38376
77018
60919
99914
105010
36332
64386
77006
60919
70467
66930
133240
51127
77018
55008
56119
50033
70771
49992
75070
94374
2003
137399
105010
64386
95746
25382
55008
87975
55008
55008
58879
58879
70998
63661
76982
66115
121301
77018
66115
77006
64386
56119
17277
70771
64386
66930
78153
71075
70467
55008
75540
66930
70998
31430
77018
80456
78153
93577
66930
70467
74419
60919
64386
50033
43592
55004
48600
50033
104224
55008
70771
68747
82064
70467
70467
105010
51127
64386
71833
77006
74419
54451
70998
56564
66115
76408
54371
70771
43592
51668
78195
145658
75540
56119
84319
78153
75540
23225
60919
80456
75540
50521
38376
99919
71833
147081
53720
99914
66930
66930
145658
46125
49750
56564
43592
74419
64386
38376
56119
66115
76982
70998
64386
141610
133240
70467
74419
71075
66115
77006
114692
60919
54371
145658
70467
70467
48473
74419
70467
55008
66930
49750
51127
70467
77006
56564
66115
80456
29070
133240
99914
37087
50033
74419
66115
63884
39824
86323
38376
114692
70467
114885
64386
55008
25049
82064
85299
56119
70998
70467
81826
77018
43592
77006
77018
66930
39651
94374
94374
55008
16963
64386
46125
90642
76408
147081
75070
121301
128325
70467
54371
64386
169251
64386
66930
38376
94374
55008
54451
53439
77018
94374
77018
47240
70998
93577
74419
70998
93577
53439
73197
51127
66930
93577
56020
92564
55008
66930
51716
124951
50033
55004
71075
77006
90920
90047
36332
77006
70771
50033
55008
49750
84319
70467
94845
94845
55008
53439
71833
43810
54451
56119
74419
57905
147081
55008
51716
38376
137689
49992
66115
70467
37087
198645
64386
77018
55008
51127
132146
57102
94845
78153
99914
60919
75070
40421
49750
60919
55008
27956
58879
35984
55008
46125
80456
50521
78153
111946
103472
132146
133240
36332
137689
169251
95746
70467
54451
85299
63661
78153
132146
198645
70467
94845
66115
66930
78195
127251
76982
121301
70998
133240
75540
71075
88428
48473
49992
137689
50033
80456
66930
60919
84319
36671
55008
137689
56119
55008
56119
70998
77006
73197
145658
47252
76695
70998
73197
70998
38376
86323
90920
66930
85898
70998
94845
50033
137399
173355
60919
51127
55008
68747
49750
137689
93577
77018
75740
147081
85898
94374
70467
60919
55008
70998
114692
57905
81826
56119
73197
60919
88428
81826
90047
76982
54451
66115
64386
75740
70998
86323
121301
57905
56564
60919
68747
70998
56119
54451
145658
133240
56573
121301
66930
78195
66930
70998
128325
33794
70771
66115
50033
169251
114885
103472
70998
57102
38376
55008
64386
38376
141610
64386
37087
198645
55008
94374
82064
77018
78195
56119
92564
82064
70998
94845
55008
78153
50033
95746
50033
66930
70998
77006
94374
85898
80456
145658
70467
75740
55008
124951
90047
71833
76695
128325
66115
88428
94420
80456
44853
66115
114885
198645
94420
90047
70467
44785
94845
70467
50521
93577
70467
49750
67263
9402
145658
95316
77006
64386
54371
128325
55008
145658
76982
54451
50033
56020
38376
64386
70771
76982
87975
93577
66930
56564
87975
78195
60919
50521
70467
80456
41380
37087
64386
75540
70467
121301
66930
114885
94420
94845
76982
78195
56119
75740
70998
78153
64386
50033
64386
56119
64386
132146
36332
94374
85898
99919
85898
70771
80456
87975
38376
76695
58879
141610
43592
55008
77006
77018
95316
70467
54371
64386
67263
66930
47240
66930
64386
78195
145658
75540
94374
70467
38376
77006
55008
73197
56119
49435
145658
90047
66115
132146
94845
70998
169251
53439
54451
105010
94374
66930
132146
70771
55008
49992
49750
132146
55008
121301
81826
145658
85299
147081
76695
55008
48473
56119
71833
51668
133240
36332
114885
70771
53439
70467
93577
60919
66930
78153
31951
94420
74551
90642
64386
66115
128325
70998
70467
94374
70998
70998
38376
78153
50248
103472
54451
49750
64386
104224
132146
57102
169251
76982
70467
55008
55008
36332
51668
145658
54451
64386
75540
64386
70467
70467
55008
70467
36671
133240
64386
79835
70998
95746
75540
60919
133240
55008
104224
90642
55008
85898
66930
70998
70998
66115
70998
56119
70771
147081
64386
173355
57102
56564
76408
132146
77006
66930
37087
76695
70998
95316
55008
114692
54371
55008
104224
137689
38376
78195
64386
73197
66930
70467
55008
54451
70998
124951
43592
70998
145658
36332
80456
51127
86323
49750
133240
80456
64386
85299
84319
92564
64386
133240
71833
198645
66930
70771
173355
50248
53439
64386
55008
145658
105010
38677
94845
95746
94374
75540
55008
88428
66115
99919
77006
173355
87975
66930
92564
132146
88428
29752
75540
80456
53439
66115
54371
55008
54371
132146
198645
137399
66930
70998
56119
75540
66930
94845
54371
44853
70771
66930
90642
71833
76982
66930
56119
114885
70467
70771
147081
77018
79835
74419
48600
55008
55008
57974
43308
141610
80456
82064
70467
70467
71833
145658
55008
60919
128325
64386
70467
40421
66115
88428
43592
76408
94420
70998
70467
76695
128325
70467
128325
66115
70771
137689
55008
73197
94845
85299
70467
76982
132146
49750
64386
77006
70467
114885
66930
70998
56119
66930
141610
50248
47240
66115
99914
43592
64386
66930
70998
70998
56119
147081
133240
35044
55008
94374
37087
64386
77018
64386
93577
75070
66930
66115
77006
55008
84319
93577
38376
55008
68747
56119
80456
64386
78153
53439
77006
50248
95316
63884
70998
66930
54371
49750
145658
48930
70771
55008
60919
145658
78195
56119
71075
36332
50248
55008
66930
198645
80456
54451
70467
38376
55008
70467
99914
56119
94845
54451
94845
85898
71833
64386
87975
38376
54451
70771
173355
55008
137399
51127
55008
43308
70467
94845
38376
198645
90642
50033
73197
95746
76695
90047
94845
3785
76408
70467
44853
77006
78153
43840
70467
70771
94845
57102
43592
198645
55008
64386
78153
38376
66115
94374
37087
70467
55008
70467
70467
55008
80456
70467
63661
94845
103472
70771
43592
71833
132146
77018
78153
147081
77006
104224
75540
70467
114885
78153
90642
70467
64386
70771
70467
99919
70998
81826
70771
173355
75540
55008
76982
169251
70771
94420
54371
111946
137399
105010
99919
56119
71833
51668
92564
50033
64386
77006
70998
132146
104224
74551
43308
66930
104224
39470
50248
95746
90920
70998
85299
78195
78195
90047
56119
133240
51716
56119
141610
90047
70467
70467
70467
94374
80456
147081
50248
55008
78195
95316
55008
132146
82064
94845
103472
48683
75070
56119
94845
50033
75740
145658
54451
60919
36671
47252
124951
60919
77018
145658
92564
50033
38376
58879
60919
141610
133240
37087
50033
70467
53439
105010
60919
39470
76982
70998
64386
64386
38376
133240
88428
173355
74419
55008
70467
51128
70998
66930
71075
78195
56119
64386
56020
64386
70467
80456
49750
77018
137689
70998
78195
85299
70998
66115
94845
85898
54371
70771
70771
147081
76695
64386
95746
58879
70998
75540
55008
64386
49750
128325
70998
137399
104224
90642
53621
57102
56020
132146
31535
70998
46125
60919
70771
74551
70467
94845
70467
50033
44853
55008
66930
76695
55008
77006
85299
68747
56119
85898
94374
55008
77018
93577
94374
128325
66930
74551
63661
87975
70467
70467
56119
121301
128325
70467
55004
82064
76408
43592
70771
60919
54371
57102
55004
70771
95746
66115
93577
71833
105010
58879
80456
66930
80456
80456
198645
63884
60919
77018
70467
43592
55008
56573
114692
103472
55008
60919
64386
132146
94845
70467
54451
76695
70467
70998
66930
103472
75070
38376
105010
70467
78195
66930
39651
95746
76695
78153
58879
92564
53621
74551
105010
141610
64386
94845
55008
128325
55008
80456
60919
50248
67263
114885
70998
80456
141610
93577
56119
66930
70771
70998
90920
50033
38376
51127
37087
70771
94845
49750
49750
76695
54451
47240
77006
66930
74419
70998
87975
94420
55008
132146
64386
60919
70998
70998
70467
70998
64386
75540
133240
127251
114885
75070
85299
54451
66930
132146
66115
87975
36332
124951
8030
38376
76982
145658
66115
55008
66930
76408
60919
94374
49750
64386
60919
54451
114885
70998
77018
55008
66930
92564
76695
44853
13333
78153
114885
43308
43592
66930
99914
49750
137689
114692
66930
50521
76408
54451
70998
90920
173355
64386
93577
70771
90920
105010
77006
50033
71833
77006
173355
114885
114692
99919
43592
78153
78153
64386
147081
145658
54451
43592
64386
55008
86323
44546
77018
87975
77006
84319
64386
54451
54451
43592
94845
64386
94845
84319
70998
54451
111946
94374
54371
54451
105010
77018
66930
53621
50424
76695
60919
76695
60919
124951
99914
38376
41380
49750
36332
99919
128325
54451
137399
58879
60919
86323
173355
81826
55008
137689
37087
71075
76982
90047
55008
85299
99914
128325
55008
133240
141610
77006
49992
76408
58879
55008
103472
55008
54451
66930
43592
37087
103472
64386
77018
94845
94374
66930
39470
49750
94420
54451
114885
53621
85299
66115
66115
57905
80456
66930
70467
80456
60919
53720
43308
70998
81826
75070
70467
64386
53439
169251
147081
55008
93577
64386
99914
132146
114692
103472
71075
38376
66115
84319
77006
66930
70467
47252
55008
71075
141610
66930
70467
50521
80456
38376
66115
70771
64386
80456
132146
85898
9901
74551
147081
54371
63884
64386
55008
50248
81826
55008
39129
37087
94374
64386
70467
85299
70467
49750
55008
51716
57102
93577
95316
78153
173355
70998
56119
76695
133240
43308
54371
92564
70998
80456
63661
55008
75740
87975
50033
14149
76695
85898
77018
58879
60919
85898
56119
67263
198645
137689
133240
77006
90047
77006
70998
93577
198645
38376
39470
77018
64386
70467
50033
54451
27984
54371
94420
50248
70467
64386
66930
94845
94845
53621
78153
76695
81826
70998
111946
64386
56119
49750
93577
50033
147081
77006
49992
49750
78153
78195
60919
95316
63661
78153
30803
66930
81826
44853
56119
55008
145658
132146
104224
34524
55008
173355
75540
95746
78153
50033
76408
64386
94374
66930
82064
67263
64386
70467
66930
64386
70771
43592
70467
36671
56119
80456
58879
39129
76695
77006
77006
58879
56119
121301
64386
60919
145658
88428
64386
75540
82064
50033
85299
70998
78153
38376
70998
169251
84319
80456
78153
70467
173355
44853
58879
70467
92564
47240
50248
56119
64386
47188
55008
90642
39651
38376
64386
38376
50248
66115
94374
55008
99914
169251
137689
56119
54451
68747
50248
86323
70998
169251
95316
66930
64386
64386
99914
94374
75540
55008
67263
50033
66930
33794
44853
114885
55008
60919
66930
56564
64386
90642
74419
75540
60919
90047
133240
70467
81826
76695
79835
70467
56119
104224
198645
66115
70771
55004
77006
63884
64386
43592
76408
86323
66115
145658
111946
86323
64386
111946
56119
95746
95746
51668
147081
43308
56119
55008
55008
70771
55008
147081
169251
94845
54451
44518
39470
93577
34524
56119
70467
60919
114885
70467
66930
103472
145658
94420
66930
76408
94420
94845
70998
124951
124951
86323
56020
67263
76982
53439
70467
70998
66115
70771
70771
93577
94845
64386
111946
66115
70998
77018
79835
39651
77006
60919
64386
43592
121301
67263
70467
70771
66115
70771
60919
124951
68747
64386
78153
114885
169251
95746
87975
55008
70467
141610
137689
36671
46125
55008
81826
54451
70998
55008
43308
50248
66115
47240
94374
104224
94845
50248
80456
55008
64386
64386
38376
132146
48070
137689
47252
79835
55008
85898
173355
52803
70467
77018
169251
70998
93577
51716
132146
77018
124951
66930
70998
105010
78153
54451
92564
64386
132146
198645
95316
64386
84319
132146
55008
70467
121301
49750
56119
133240
95316
77018
56119
92564
95746
55008
66930
75540
75740
77018
55008
36332
70998
55008
44518
82064
75540
66930
79835
66115
87975
44853
54371
50033
55008
133240
76695
76695
90920
25291
56020
66115
75740
74419
137399
70998
55008
145658
36671
74419
66115
94845
71833
76982
145658
49750
66115
44853
54371
55008
173355
38376
104224
95746
55008
68747
104224
38376
66930
57102
31723
53439
75540
64386
38376
70998
66930
99919
64386
37087
64386
90642
66930
70998
80456
137399
70467
111946
114692
31231
85299
132146
70467
49750
41380
55008
38376
50521
111946
56119
95746
66930
66115
39651
73197
49750
37087
76982
44546
70771
70467
54371
76982
124951
51716
66115
51127
133240
78153
147081
90047
132146
78153
70467
70998
105010
60919
50033
66930
39651
75740
70998
55008
66115
90920
71075
66930
88428
128325
50033
43592
70771
137399
70771
66930
70467
66930
58879
66115
60919
74419
37087
169251
50521
80456
55008
80456
75070
55008
49750
75540
54769
78153
78153
58879
64386
66930
38376
77006
75367
64386
64386
54371
44853
56564
66930
55008
66930
54451
81826
53439
50033
94845
86323
55008
50033
44853
70998
64386
141610
76695
70467
53720
70771
66930
55008
95746
94374
133240
60919
94374
77006
64386
111946
70467
64386
90642
85898
43592
64386
66115
66115
54451
50248
61272
66930
70771
44853
66930
54371
41380
95746
66115
66930
80456
74551
87975
70467
76982
54451
94845
51127
43592
81826
94374
103472
70467
92564
21516
76982
64386
63884
36332
70467
80456
58879
80456
77006
94845
70467
50033
64386
55008
81826
64386
95316
94374
66115
86323
95316
38376
70771
50033
56119
60919
25719
70467
90047
70467
57905
76408
44853
80456
133240
94374
38376
66930
133240
90920
50033
80456
137399
64386
70467
105010
50033
94845
79835
50424
105010
54451
70467
66930
80456
54451
75070
137689
64386
56119
44853
77006
44853
55008
87975
44853
133240
57102
173355
67263
77006
43592
70771
77006
80456
53621
85299
54451
173355
79835
60919
66930
137399
63884
64386
66930
169251
41380
145658
56564
64386
64386
173355
64386
53439
94374
70998
53720
124951
66115
70771
76695
31723
55008
66115
60919
53720
55008
70771
145658
99919
80456
64386
64386
70998
70998
92564
55008
70467
74419
60919
47188
84319
99919
70467
85299
66930
49750
66115
39651
57905
95316
145658
74419
75070
132146
56572
114885
70771
38376
28030
94374
74551
64386
76695
77006
75070
78153
50033
88428
66930
49435
50033
49992
44853
95316
38376
80456
84319
55008
92564
80456
87975
94845
88428
99919
51716
55008
78153
66930
169251
70998
54451
50033
66930
80456
88428
85299
64386
90642
133240
64386
66115
85299
80456
70998
94374
70998
70998
133240
169251
76695
77018
77006
50248
198645
60919
54371
85898
90047
66930
66930
56119
70467
95746
133240
93577
41380
60919
95746
41380
86323
66115
133240
133240
46125
121301
64386
70467
99919
76408
38376
54371
52471
169251
57905
124951
104224
70467
56119
99914
70771
77006
124951
79835
73197
64386
55008
99919
90047
94845
94374
78195
133240
80456
77006
77006
145658
85299
71833
38221
51127
7663
94374
79835
54451
66115
56119
77006
33521
75070
66930
70467
94374
137689
54451
64386
66930
111946
80456
70998
56119
49750
76982
51668
43308
64386
66930
132146
57974
173355
133240
60919
147081
55008
94374
70771
169251
54451
73197
99919
56119
44853
169251
58879
78195
137689
43810
43592
36332
94374
66115
40421
132146
70998
147081
78153
51668
66930
49750
93577
66930
50033
55008
67263
66930
86323
71833
121301
74419
99914
78153
39824
36332
77018
70467
93577
53720
85299
39651
54371
82064
50033
76408
60919
92564
70771
54371
75740
43592
137689
66115
32936
49750
99919
38376
105010
54371
114692
66930
70467
85898
27984
70467
66930
36332
94374
145658
55004
90047
70771
66930
54451
70998
47252
43592
111946
95746
76982
60919
137689
25452
70771
38376
44853
78153
76695
84319
58879
60919
94845
78153
77006
64386
54371
90920
32762
81826
66930
66930
94845
70998
99919
55008
128325
38376
43592
74419
66930
66930
56119
39242
64386
43592
55008
70998
94420
64386
169251
132146
132146
74419
56119
198645
70998
87975
47188
76982
66115
70998
80456
85299
114885
103472
128325
70998
51127
39617
86323
99914
82064
80456
104224
76695
68747
90920
37087
63661
169251
50248
80456
23122
73197
47188
39129
70771
74551
132146
80456
54451
80456
103472
43592
53621
68747
68747
64386
76695
198645
43592
36671
121301
70998
77006
85299
70467
33226
80456
124951
128325
87975
64386
95746
80456
137399
78153
141610
75070
50033
94845
95746
66930
86323
105010
44853
37087
80456
70467
114885
93577
36332
93577
70467
137689
75540
95746
94374
70467
54371
64386
38376
66930
70467
60919
64386
74419
51127
77006
64386
64386
73197
66930
94845
70998
114885
54451
121301
51716
57102
34846
49992
70771
76408
54451
173355
137689
58879
60919
49750
76982
43592
94374
66930
70998
55008
47188
169251
78153
74551
55008
66930
70998
76982
66930
66115
66930
50033
70998
70467
77018
53621
90642
60919
94845
64386
49750
63884
75070
54451
64386
66115
95746
64386
70771
137399
70467
70467
44853
55008
70467
133240
78153
85898
93577
56119
64386
70467
64386
56564
70771
141610
55008
64386
64386
77018
85299
74419
78153
50033
79835
105010
70467
54371
76408
169251
94845
137689
64386
173355
43592
38376
66930
41380
57905
55008
85898
90920
55008
111946
80456
137399
99914
76695
70467
124951
53439
49750
77006
76408
37087
145658
55008
66930
77018
70998
63884
55008
47252
60919
9901
64386
64386
66115
77006
49992
38376
124951
103472
55008
111946
94374
70771
66930
77018
52405
55008
66930
70771
70771
114692
78153
70467
71075
85898
64386
94374
56119
37087
70771
70467
94374
103472
50033
77006
74551
70998
114885
74419
70771
55008
54451
133240
70467
84319
92564
77006
93577
70467
66115
66930
46125
84319
128325
70771
137689
70467
77006
70467
1926
99914
114885
51716
66115
66930
64386
104224
44546
141610
132146
137689
74419
70467
60919
70771
64386
70771
70771
87975
70467
70771
141610
137689
71833
94845
78153
66930
78153
128325
64386
74419
56119
103472
55008
53439
95316
133240
36332
60919
114692
49750
79835
77006
103472
76695
44546
75070
70771
74419
66930
77018
70467
141610
75070
111946
55004
67263
56119
39129
70467
66930
70467
34044
78195
82064
77018
93577
50198
55008
56119
70998
133240
66930
93577
90047
70998
47188
114885
75070
70998
99914
103472
81826
56119
74419
80456
78153
93577
54371
56119
90920
70998
64386
77018
77006
84319
60919
66930
80456
145658
66930
94374
57905
66930
77018
54371
70998
74419
94374
64386
85299
66930
124951
66115
60919
85299
29070
93577
36332
77006
66930
74551
68747
70467
76408
37087
50033
66930
95316
133240
74551
77018
64386
47252
105010
55008
82064
44853
70998
43592
198645
75540
173355
50033
90920
114692
54451
169251
64386
53439
13002
75540
77006
43592
64386
50521
74551
85898
128325
50521
70467
92564
64386
128325
56020
70467
55008
50033
54371
74419
95746
50033
75540
86323
78195
47240
90047
33521
55008
90642
55008
66930
64386
82064
145658
70998
43592
66115
29721
43592
57905
88428
70467
66930
94845
94374
90642
70771
38376
94845
147081
85898
75367
66930
76695
31231
64386
133240
70771
66930
93577
43592
99919
94845
60919
124951
66930
77006
92564
79835
70998
64386
43592
70467
70998
70467
50248
56119
41380
55004
46125
128325
35044
38376
76982
78195
104224
114885
35984
66115
77006
77018
95746
66930
64386
50033
64386
76982
92564
46125
60919
27321
132146
86323
55008
124951
26943
76695
70771
77018
70467
66930
77006
86323
70771
53621
67263
70771
94420
94845
78153
38376
141610
75540
50033
75740
87975
37087
75540
64386
12830
94374
105010
95316
64386
38376
38376
70771
66115
75740
141610
128325
81826
76695
145658
70467
70998
27191
94845
67263
66930
55008
37087
87975
43592
55008
64386
31954
88428
137689
55008
74419
54451
66930
76695
68747
55008
114885
133240
76695
38376
111946
74551
58879
34524
76695
64386
64386
77006
67263
75540
43592
169251
93577
64386
133240
94374
145658
46125
77006
36332
169251
137689
55008
56119
95746
88428
94374
77006
49435
90642
70771
55008
64386
77006
54371
50033
64386
55008
70771
66115
55008
132146
75070
50248
75070
77006
49750
64386
75070
95316
76695
54371
90642
114692
75540
71075
55008
56119
61789
105010
78153
70998
50424
169251
80456
70467
50033
93577
137399
137689
64386
66930
173355
121301
55008
88428
95746
64386
36332
94374
55008
93577
50033
70998
49750
64386
77018
114692
43592
70467
77018
133240
99919
50248
95746
64386
53621
75070
78153
70467
114885
90047
60919
73197
39824
78153
87975
70771
50248
128325
55008
73197
66930
76982
56119
85299
68747
70467
114885
49750
70467
88428
70467
95746
66930
66930
169251
137399
94374
55008
74551
38376
74419
94845
50248
70998
95746
64386
99919
75540
60919
37087
70771
70467
99919
94845
90047
77006
105010
75540
64386
38376
85898
58879
85898
70467
75070
71833
94374
78153
43592
77018
73197
76695
54371
80456
64386
104224
70771
64386
55008
76695
50033
64386
70467
50033
77018
78195
84319
94374
36336
54371
94374
66930
104224
94420
99919
80456
77018
77006
128325
53720
55008
128325
66115
124951
90047
70467
145658
66930
84319
70771
145658
90047
74419
70998
38376
70467
93577
145658
60919
70998
46125
94845
88428
114885
43592
70467
93577
7984
76695
99919
78153
93577
132146
173355
94845
54451
81826
90642
80456
60919
55008
86323
39470
55008
114885
75540
64386
60919
74551
64386
70771
70467
50033
31535
76982
50424
51127
169251
66930
55008
36671
78153
78153
66930
70467
114885
70467
55008
70771
70467
111946
71075
53439
49750
50033
94845
50424
94374
64386
70467
37087
75540
90047
76408
92564
94420
55008
94845
70467
137689
36332
86323
66930
66930
55008
44853
147081
70467
55008
114885
94845
114885
74419
55008
147081
71075
54451
111946
78153
70998
38376
49750
114692
86323
66115
94845
132146
95746
50033
57102
76982
66930
63884
55008
70467
145658
105010
75740
99919
40421
132146
66930
85898
121301
73197
77006
58879
93577
70467
137689
73197
70467
24621
137399
56119
64386
56020
145658
44853
64386
77006
95746
66115
137399
114692
58879
87975
173355
70771
82064
29721
66930
46125
93577
88428
74419
87975
64386
81826
133240
55008
76695
60919
57905
95746
66115
87975
105010
9901
70467
75740
54371
44546
86323
94374
64386
53439
137399
70467
70467
43308
49750
67263
35984
53439
58879
70467
64386
70467
36332
75740
103472
56564
39651
70998
51668
66930
55008
54451
78153
111946
43592
47252
78153
66115
145658
99919
76695
137399
60919
76982
70771
57905
114885
71833
95746
94845
75740
64386
63661
43308
90920
64386
76408
137399
1503
56119
105010
124951
66115
114885
66930
137399
66115
68747
76982
75070
70467
76408
137689
173355
54451
99914
70998
37087
90642
169251
55008
93577
88428
66115
46125
36332
71833
66930
77006
94374
50248
105010
51127
43592
55008
34044
54451
77006
84319
99919
76982
70467
58879
75540
145658
80456
50033
47188
54451
70771
133240
94845
77006
141610
77006
66115
56020
41380
63884
60919
43810
74419
56119
50033
44853
70771
55008
86323
55008
54371
54371
20512
51127
111946
169251
70771
70998
77006
87975
75540
76982
66930
70998
95746
84319
33794
53439
66115
55008
66115
94845
82064
90920
64386
99914
76695
94374
71833
49750
68747
70771
54451
54451
56119
40251
76982
75070
50424
77018
80456
44853
56564
64386
56119
94374
77006
51668
60608
76982
121301
57905
94420
56119
75740
198645
46125
132146
94845
77006
70998
99914
78195
87975
66930
121301
60919
66930
92564
66930
105010
68747
75540
66930
66115
55008
60919
60919
70771
52471
94374
44546
198645
133240
76695
49750
105010
70467
71833
99919
54451
70467
124951
50248
55008
93577
114692
82064
68747
80456
54451
57102
90047
78195
77006
70771
95746
43592
56119
169251
95316
56564
36332
54451
87975
50033
82064
132146
70467
85898
54451
147081
70467
58879
70771
70467
85898
70998
147081
105010
77006
124951
53439
37087
70998
124951
64386
145658
132146
77018
66930
47240
73197
76408
78195
76695
133240
86323
64386
54371
39651
54451
21942
86323
56119
94420
80456
49992
73197
77006
64386
53621
19358
70467
78153
132146
66930
49992
121301
169251
114885
66930
43592
76695
66930
57102
66930
70467
94845
70467
141610
86323
145658
81826
86323
132146
145658
64386
38376
78153
70771
70467
70771
173355
55008
114692
88428
94845
50521
17365
64386
86323
95746
145658
55008
76695
99919
54451
145658
66115
99919
141610
54451
82064
55008
66115
47188
44853
145658
81826
55008
64386
55008
71075
43592
55008
66930
124951
81826
50248
70771
82064
70467
51127
94374
64386
56119
66115
77006
75070
63884
43308
76408
114885
79835
64386
70998
43308
70771
55008
78153
78153
80456
104224
77018
87975
55008
90047
55008
86323
78153
37087
128325
60919
81826
43592
38376
198645
43592
19111
60919
66930
114885
81826
66930
64386
44853
78153
60925
66930
43592
56564
93577
64386
87975
64386
133240
86323
99919
198645
70771
76695
70467
76982
99919
137399
64386
36332
60919
132146
55008
114885
75540
64386
90047
90047
114692
78153
58879
50248
128325
55008
73197
67263
78153
66930
78153
66930
54451
70467
76982
94374
70467
121301
54451
24545
137689
66930
86323
53439
94374
124951
66930
80456
60919
38677
50033
37087
60919
60919
103472
64386
70771
64386
50248
66930
94374
104224
169251
55008
133240
147081
132146
54371
31954
55008
71075
70467
74419
94845
54451
70771
64386
43592
95746
78195
38376
66930
95746
77006
74419
77018
60919
68747
111946
88428
77006
114692
44853
70998
74419
64386
70467
60919
76695
92564
54451
105010
55008
70467
40091
36332
94845
105010
85898
56119
55008
74419
66115
77006
76695
103472
84319
70467
92564
128325
92564
70467
66930
70467
38376
121301
64386
37087
76408
55008
76695
49992
50248
66930
55008
70998
76408
53720
53439
78195
66115
77018
141610
86323
50033
87975
31951
76408
50424
132146
54451
74419
75540
70467
94374
33255
132146
94845
66930
64386
132146
54451
75540
70998
39651
60919
49750
66930
55008
81826
93577
73197
94845
55008
55008
56119
70467
78153
39129
34524
93577
104224
99914
133240
51127
133240
54451
55008
77018
50033
94845
137399
55008
64386
77018
56119
64386
80456
55008
78195
75540
77006
64386
70771
99919
88428
54451
70771
9901
95746
54451
80456
55008
70467
81826
105010
76982
55008
55008
94420
121301
74551
94374
74551
85898
90920
90920
137689
94845
145658
95316
70771
76982
99919
55008
60919
54451
90047
36332
90642
90047
94374
71833
78153
64386
66115
55008
82064
43592
36332
92564
49435
70998
70467
104224
55008
76982
76695
8485
71833
74419
70771
75540
64386
85898
55008
94374
63884
44853
74419
66930
81826
141610
79835
137689
94420
137399
132146
55008
76408
93577
128325
114885
50248
80456
71075
63661
77006
66930
49992
64386
54371
66115
173355
70771
37087
31723
90047
94374
85299
78153
54371
74419
137689
94845
70467
60919
132146
56119
43592
70467
95746
70467
42161
121301
48473
99914
77018
64386
43592
55008
80456
124951
44546
37087
94845
70998
66930
132146
25180
99914
60919
77006
49750
147081
92564
70467
77006
103472
54451
29721
77018
39657
84319
70771
37087
64386
78153
76982
66115
94374
70467
124951
66930
90920
47240
80456
94845
95746
73197
82064
74419
70998
77006
43840
77006
54371
90920
173355
76695
41380
93577
55008
77006
57905
55008
70467
71833
37087
50033
70998
76408
55008
43592
80456
173355
87975
99919
36332
70467
70998
64386
77006
111946
55008
70467
55008
121301
70467
66930
56119
53621
95746
94845
51668
137689
55008
43592
64386
56119
94374
31430
44853
55008
198645
66930
51668
73197
55008
46125
94374
55008
70998
53439
38376
99914
57905
70771
94374
70998
70467
44853
95316
75740
132146
66115
66930
66115
99914
58879
85299
77006
49750
51127
70467
75740
70998
53439
77018
99919
128325
76982
53439
66930
49750
111946
94374
104224
145658
75540
70771
78153
71833
173355
90920
56119
49750
66930
54451
49750
55008
75740
44546
40421
53439
55004
39129
54451
64386
74551
66930
66930
55008
90920
78153
55008
92564
76695
43592
67263
66930
88428
173355
51668
39129
55008
20560
80456
132146
70998
94420
75540
85898
73197
70467
104224
44853
51668
70467
74551
70467
93577
55008
67263
81826
77006
77006
87975
111946
93577
128325
70998
66930
38376
36332
99914
90920
6616
66115
77018
90642
66930
967
50033
173355
66930
76695
70467
114885
95746
44853
60919
75540
49750
49750
70467
36332
76982
114885
74551
44853
94374
104224
40421
50033
75070
70998
43308
55008
137399
53439
66115
79835
55008
29721
87975
85898
55008
90920
53439
141610
90642
137689
84319
50033
70998
50424
124951
86323
70998
54451
70467
37087
79835
70998
63661
132146
94374
49750
71833
40421
64386
70467
94374
75540
133240
63661
49750
77006
66930
70467
141610
64386
57102
145658
79835
39470
77018
70467
57905
70467
64386
47188
64386
114885
43592
55008
37087
36332
70467
70998
64386
63884
66930
75540
145658
145658
50424
54371
93577
78153
58879
92564
70467
63884
49750
50033
70467
66115
55008
81826
54451
86323
50521
68747
44853
60919
36332
88428
137399
94374
95316
99914
169251
133240
40091
60919
70467
173355
137689
90920
5795
198645
198645
60919
55008
64386
78153
49750
38376
39651
94374
60919
66115
70467
56572
70467
53439
29070
37087
78195
133240
70998
84319
94845
31723
145658
103472
71075
60919
60919
76408
132146
70467
66930
90920
46125
95316
133240
56119
70467
47188
30306
80456
90642
70998
82064
137689
43592
94845
71833
55008
56119
81826
132146
55008
44546
132146
76982
94420
46125
56119
76695
86323
44853
53720
54451
64386
70998
70771
137399
40091
77018
169251
64386
70467
55008
77006
64386
70467
39651
64386
70771
66930
58879
66930
64386
43592
55008
66930
43308
54371
43308
56119
124951
51668
70771
60919
94374
70771
67263
76982
56119
70771
55008
80456
43592
63661
70771
169251
74419
82064
48600
105010
94420
132146
95746
55004
32936
8030
78153
70771
76982
54371
94374
75070
93577
66930
94374
85299
55008
111946
55008
77006
137399
88428
64386
55004
32936
74551
52405
75070
169251
60919
55008
78153
147081
92564
43308
169251
47252
60608
77018
70771
94420
55008
50424
64386
55008
147081
66930
105010
77018
71833
76408
66115
70467
70998
114692
85299
80456
57905
133240
55008
78153
50521
64386
53720
75070
55008
39824
56564
56119
32936
133240
54451
64386
66115
77006
99919
77018
66115
56119
49750
94845
132146
70467
70467
77018
51716
64386
74551
55008
78195
137399
86323
29070
70771
55008
55008
64386
66930
80456
70998
36332
75540
94374
57102
173355
94845
54451
50248
66930
54451
52471
114885
76982
94845
94420
64386
54371
55008
121301
84319
94374
54451
57905
70998
77018
39651
38376
70467
77006
76695
141610
64386
55008
66930
85898
78153
56564
70467
70998
70998
37087
39651
94845
124951
137399
70998
20512
70771
24621
50033
90642
50248
70998
70467
54451
132146
49992
90642
77018
49750
70998
30306
64386
87975
94845
132146
46125
56572
121301
64386
70998
114692
70998
44853
27984
66930
63884
99919
51127
76695
70998
66930
60919
76982
76408
64386
94374
70467
70771
132146
133240
121301
79835
77018
57905
50033
39651
54451
53621
70998
51128
50033
60919
76695
76982
78153
77006
56119
82064
141610
54451
67263
132146
70771
70467
71075
112844
70998
55008
60919
56564
54451
55008
49750
60919
50424
50033
169251
133240
44546
75540
54769
90642
93577
79835
93577
46125
84319
50033
70467
54451
64386
94374
64386
60919
70998
55008
77018
70998
77006
94845
133240
111946
105010
66115
70998
38376
70771
94374
66930
56564
55008
70998
76982
78153
56119
71833
66930
70998
64386
60919
47240
104224
54451
66930
54451
70771
38376
55008
66930
19358
53439
55008
94845
56119
70467
11
70771
55008
70467
70467
43592
75540
145658
75070
50248
95746
75540
145658
64386
90047
70467
68747
56564
78195
75540
76695
94845
75540
53439
77018
77006
44853
66930
92564
78195
25049
147081
50033
77006
66930
60919
114692
147081
71833
93577
85299
39129
60919
49750
75740
66930
99919
169251
124951
66930
37087
70467
43840
114692
40091
68747
145658
80456
104224
95746
54451
94374
70998
66930
54371
78153
73197
145658
43840
64386
55008
70998
94420
33521
173355
49992
66115
76982
80456
70771
70998
75540
133240
137689
137689
57102
64386
55008
31954
56119
58879
71075
50424
105010
66930
4512
49750
114692
44853
66930
76695
70771
68747
103472
99919
198645
95746
54451
50033
82064
76982
133240
137689
44853
50033
169251
51668
114692
70771
66930
78153
173355
56119
35044
169251
75540
90642
60919
99914
64386
95746
56119
132146
57102
55004
38376
94420
103472
64386
77006
50521
76695
82064
66930
54451
94845
173355
99914
70771
198645
78153
64386
57102
81826
85898
85898
49992
70467
58879
77018
90920
94845
77006
78195
70771
105010
73197
133240
94374
49750
64386
55008
56020
50424
39657
81826
55008
147081
55008
94845
76695
128325
70467
63884
55008
133240
103472
137689
66115
78153
54371
57905
80456
60919
66115
70771
39651
38376
75540
64386
60919
33794
66930
78195
94845
75740
77006
94374
78195
145658
56564
38376
55008
43592
94374
75070
66115
86323
49750
74419
54451
77006
95746
55008
54451
82064
94374
64386
75540
93577
70467
66930
94374
128325
70998
78153
132146
75540
60919
43308
145658
58879
64386
66930
77018
70467
64386
44853
55008
66930
38376
66115
51716
77006
93577
36332
55008
75070
80456
54451
94845
145658
56119
27984
94374
99919
73197
64386
137399
173355
44785
66115
55008
70998
85299
70998
77006
60919
77018
50033
145658
54451
70771
76695
76982
169251
81826
147081
70467
76695
137399
173355
128325
66115
133240
55008
56119
79835
77006
56119
49750
78153
55008
92564
114885
67263
47240
70771
75540
78153
80456
70998
90920
64386
70998
70467
66930
64386
66930
58879
75740
147081
79835
56119
77018
25518
90920
70998
60919
70467
60919
60919
80456
64386
64386
56119
70467
169251
132146
55008
74551
47240
76695
54451
85898
77006
70998
70998
54371
43592
50033
145658
64386
70467
57102
70771
55008
70998
78153
92564
70771
132146
64386
75540
66115
70771
55008
76408
128325
70998
56564
82064
33794
70467
81826
55008
132146
55008
87975
70467
57102
64386
63661
75740
95746
33314
53621
46125
74419
70771
44546
75540
94845
80456
82064
56119
56119
93577
64386
77006
70998
86323
80456
114885
78153
70771
114692
44853
85299
78195
75740
64386
76695
70467
64386
76695
51668
75540
51127
66115
41380
68747
128325
44518
198645
28811
86323
90642
76982
50033
169251
77018
66930
70998
99919
49750
105010
64386
64386
64386
54371
39617
57905
21516
76695
198645
35044
128325
66115
66115
145658
70467
169251
56119
70771
46125
111946
133240
66930
55008
141610
66930
39129
55008
145658
169251
64386
56119
70998
74551
64386
61272
133240
74419
70998
38376
132146
50248
64386
78153
92564
60919
47240
79835
70467
95316
169251
39651
137399
66930
81826
63661
70998
141610
90920
128325
55008
50248
33521
54371
145658
92564
56564
55008
49750
51668
80456
44853
70998
95746
66930
50248
173355
50033
80456
85898
114692
43592
57905
71075
55008
77006
77006
94374
80456
70771
70467
147081
70467
71075
77006
76695
133240
121301
50248
73197
76695
70467
56119
64386
76982
55008
128325
70467
54451
77006
76695
80456
64386
54371
74419
56119
70771
56119
64386
133240
70998
53621
75540
132146
94420
99914
77006
80456
56119
90920
70467
64386
66930
38340
70467
132146
66115
141610
173355
44853
94845
74419
66115
64386
50248
82064
169251
55008
70467
70467
198645
61272
95746
77006
36332
68747
38376
76982
105010
44853
70998
93577
67263
71075
64386
49415
39651
60919
64386
36332
50248
43592
78153
64386
94374
70467
94374
64386
132146
63884
70467
128325
76695
85299
147081
76982
49750
56119
49435
133240
99919
56020
70771
87975
56119
137399
94845
87975
56573
105010
55008
86323
133240
50248
54451
141610
38376
54371
133240
55008
80456
50248
70771
137399
50033
56119
124951
54371
56020
95316
79835
55008
145658
133240
70467
64386
76695
55008
90642
198645
87975
56119
132146
57905
56119
93577
70467
68747
86323
50033
50033
76408
36332
70998
133240
70998
70467
55008
49750
64386
198645
27984
87975
73197
77006
70467
54371
70771
66930
37087
55008
70998
55008
90920
133240
169251
76695
86323
50033
51668
132146
80456
60919
75070
54371
55008
56119
75540
71833
94845
49750
64386
94845
111946
49435
53439
36332
105010
60919
114692
78153
75540
64386
95746
75740
66115
105010
105010
56119
76695
70998
64386
36332
145658
94420
137399
132146
66115
80456
51668
58879
25719
94420
78153
111946
66115
66930
43592
55008
137689
70771
49750
50033
141610
128325
93577
84319
87975
70467
92564
93577
43308
41380
55008
71075
70998
50521
74551
33794
78195
90642
93577
60919
54451
169251
77006
94845
81826
43592
70998
94845
64386
133240
66930
55008
80456
133240
66930
67263
66930
70771
22860
50033
94374
70467
49750
111946
80456
70771
76982
94374
34044
75540
84319
70771
75540
66115
54451
50248
55008
70771
49750
55008
66115
53439
63661
76982
103472
7696
44853
94845
95746
94420
68747
54451
70467
39651
78153
70771
66115
56119
76695
64386
124951
56020
63884
73197
78153
55008
64386
77006
90920
66115
76408
70771
39651
39617
40091
47252
36332
79835
64386
70998
70467
141610
31723
94374
25382
94374
90047
36671
43592
94845
70467
66115
70998
44518
56564
80456
55008
37087
66930
31231
50248
70998
55004
94845
70467
70771
90642
53621
60919
73197
76695
55008
137399
145658
70998
88428
169251
93577
70467
46125
75540
55008
133240
85299
53621
80456
37087
94845
70467
94845
114885
94374
54451
86323
70467
84319
41380
49750
75070
84319
54451
66930
94374
90920
43308
137399
44546
77006
36671
114692
64386
103472
93577
145658
66930
58879
105010
44853
50033
36332
54451
70771
66115
66930
137399
39651
93577
64386
66930
173355
70467
49750
64386
66930
104224
49992
94845
87975
55008
73197
56572
56119
53439
66930
70467
79835
95746
55008
70467
50033
70771
147081
66930
99919
70771
66930
27956
36332
79835
55008
132146
75740
147081
137689
94845
50033
137689
66115
43592
70998
35984
77006
78153
99919
169251
21516
94374
93577
124951
70998
68747
51127
132146
74551
80456
54371
54371
56119
74551
64386
95746
44546
54451
76408
56119
70467
55008
71075
66930
64386
64386
56572
55008
67865
70771
78153
43308
73197
76408
90920
47240
95316
169251
64386
95746
145658
84319
56119
137399
48683
49750
80456
133240
132146
114885
55008
104224
66930
66930
92564
71833
64386
95746
94845
66930
60919
43308
37087
94374
132146
75540
173355
38376
68747
54451
47240
47240
70771
70998
70998
66930
64386
58879
66930
66115
99919
99914
76408
141610
76408
51127
90047
76982
103472
64386
60919
64386
128325
90920
56020
19358
47240
85898
84319
64386
78195
145658
75070
77006
70771
43592
88428
74551
47252
55008
55008
137689
132146
50248
85898
54371
169251
103472
94845
36332
55008
67263
58879
145658
70771
137399
169251
43592
66930
55008
55008
79835
66115
50248
80456
51128
17277
66930
78153
54371
64386
66115
70771
93577
93577
66115
70771
51668
88428
133240
37087
75540
87975
93577
75070
95746
94374
128325
75540
66115
78153
44853
70467
49992
54451
44785
80456
114692
94845
114885
66930
70771
75740
145658
51128
56119
46125
77006
64386
70467
70467
49750
60919
76695
198645
70467
55008
53720
66115
50424
79835
77006
55008
137399
75740
93577
78153
121301
39470
56119
70771
90920
70467
64386
169251
54371
31632
78153
103472
50248
53439
64386
56119
41861
111946
70467
90047
70771
85299
114885
51668
90642
50033
44853
99914
55008
74419
70467
85898
77006
147081
95746
66115
54451
39651
70467
46125
55008
70467
55008
39657
66115
75540
76408
70771
74551
64386
169251
48473
94374
67263
70998
31231
44546
133240
55008
56119
70998
94374
85898
66930
64386
66930
66930
70467
66930
90642
133240
64386
75740
80456
50248
86323
94845
77018
104224
80456
57905
33716
121301
66115
70998
70467
39651
70771
27956
145658
145658
43308
70998
40421
31430
43592
66115
49750
64386
66115
54451
90920
77006
23013
27321
55008
43592
94845
56119
87975
50033
55008
43592
57102
85898
77006
90047
114692
64386
94374
35044
94374
70771
70998
70467
121301
76695
49435
50033
55008
137399
66930
76408
94374
70771
94845
70467
70467
78153
95316
76695
55008
54451
54451
56119
80456
70998
76982
50248
71075
38376
132146
80456
39651
43308
93577
75740
66115
43308
56119
49750
79835
70771
55008
99919
66930
75540
111946
53439
133240
137399
64386
55008
77006
58879
66930
82064
64386
39824
56564
77018
55008
70998
77006
55008
58879
15663
77018
85299
70771
132146
55008
29721
173355
90047
87975
66930
104224
198645
76695
58772
70998
99914
55008
70771
64386
94845
50521
80456
95746
60919
57102
77006
66930
90642
70998
94374
60919
71833
66930
95746
94845
94845
76695
84319
145658
141610
82064
86323
38376
93577
73197
74551
169251
56119
70998
90642
92564
128325
54451
54451
92564
50248
60919
132146
64386
78153
66930
64386
53621
49992
60919
43592
66930
70998
79835
64386
55008
63661
68747
70998
77006
75070
105010
54451
133240
70467
77006
94845
145658
133240
66930
70467
38376
68747
132146
94374
71075
54371
23225
90047
104224
147081
70467
66115
145658
54451
66930
55008
48473
70771
39617
66930
70998
50521
70998
81826
25452
74419
49750
95316
70467
198645
64386
68747
70467
38376
43592
46125
77006
64386
56020
80456
64386
37087
77006
43308
56119
39651
44853
43592
80456
133240
43810
94420
64386
76982
137689
75540
95316
94845
66930
75540
66115
99919
55008
75540
43308
70771
56119
133240
71833
64386
60919
50248
90920
64386
58879
75070
94374
70467
60919
76695
145658
74419
57102
55008
29752
32936
31951
70998
94374
66930
40421
38376
50248
50033
82064
121301
64386
90642
66930
87975
50033
66930
39617
64386
95316
44853
70998
36332
36332
55004
55008
48473
70771
50248
70467
36332
70467
64386
64386
77006
60919
49750
105010
77018
70467
147081
94845
66115
60919
90047
55008
33255
37087
66115
86323
70771
56564
66115
66930
198645
64386
99919
55008
64386
67263
37087
51127
75540
66930
71075
60919
75540
74551
124951
77018
39129
44853
90047
76408
49750
77006
75740
198645
55008
56119
44853
77018
37087
66115
64386
66115
64386
95316
34524
147081
90047
64386
64386
70467
137399
88428
132146
66115
49750
58879
73197
95746
70998
78153
55008
78153
79835
54451
64386
79835
74551
94845
81826
40421
70998
7001
55008
90920
73197
74419
75740
85898
60919
70998
64386
84319
173355
198645
53439
70998
55004
53621
76408
70998
66115
58772
56119
90642
82064
95316
145658
34524
64386
64386
55008
70467
99919
70998
70467
145658
105010
32936
67263
77018
128325
70771
99914
85898
50033
55008
54451
71833
39651
54371
39470
50424
99914
44853
94374
104224
70467
77006
85898
111946
56119
54371
99914
38376
86323
54451
77006
55008
66115
55008
90642
84319
64386
74551
27191
64386
75540
55008
43592
49750
75540
169251
37087
51127
147081
95746
68747
56572
43592
54451
145658
145658
76408
105010
66115
66115
114885
49750
94374
76695
70467
55008
94374
64386
55008
173355
95746
60919
198645
74419
198645
104224
145658
66930
70771
105010
31231
54371
50033
66930
82064
55004
66930
124951
75540
71075
55008
51127
92564
94420
94374
50248
54451
88428
66115
47240
128325
132146
55008
147081
60919
56564
70771
63884
132146
57102
124951
81826
88428
87975
50424
50521
76695
132146
36671
124951
147081
50521
64386
70771
50033
90920
92564
66115
99919
53720
68747
132146
141610
70771
77006
43592
43592
66930
94374
137399
94374
54451
80456
78195
169251
66115
99919
64386
95316
94374
50248
13111
70467
94374
56119
70771
38376
60919
44853
55008
54451
128325
66930
198645
77006
87975
95746
60919
32928
70467
76695
70998
74551
85898
88428
56119
51127
60919
57974
66115
60919
46125
66930
55008
93577
50033
66930
70771
38376
99919
85299
54451
70467
14582
36332
114692
58879
94374
88428
73197
76982
63661
76982
141610
145658
60919
63661
80456
99919
78153
78153
53439
66115
74419
10187
66930
56119
70467
66930
64386
53439
94420
103472
78195
137399
95746
80456
75070
33226
78195
95746
64386
85299
70467
47188
70771
198645
85898
38376
54451
53439
66930
84319
60919
63884
54451
32936
68747
95746
70467
77006
66930
121301
55008
66115
63884
64386
50033
95316
50521
137689
111946
124951
40091
66115
70771
50033
64386
64386
133240
70467
55004
114885
94374
75740
105010
50248
75070
50033
111946
132146
64386
99919
70467
77018
70998
13333
70467
94845
54451
70771
56020
133240
50033
137399
70998
54451
173355
77006
95746
9901
64386
70771
70771
39651
128325
56119
76695
63661
94374
75540
94374
55008
50033
64386
34524
55008
64386
94420
128325
60919
64386
94845
54451
55008
20512
173355
78195
31954
55008
114692
64386
67263
78195
78153
43592
71833
94845
77018
74551
133240
55008
56020
92564
145658
66115
64386
50033
70771
70467
55008
54451
50424
55004
64386
90047
75540
70998
90642
47252
51716
55008
93577
64386
64386
38376
137689
70998
81826
39651
53439
74551
55008
56020
94845
50033
70467
77006
55008
75070
38376
103472
55008
147081
75540
103472
81826
56119
74419
70998
94420
80456
43308
76982
71833
56119
137689
54451
66930
58879
77006
70998
56564
56119
99919
75540
121301
128325
56119
78153
39651
137399
77006
55008
66115
66115
92564
70771
78195
66115
71075
55008
105010
60919
51668
55008
32936
50248
78153
70998
145658
75070
77018
70771
66115
60919
82064
141610
50248
67263
64386
44546
66930
76695
94845
57102
68747
94420
38376
43592
46125
94374
73197
44853
43592
137689
55008
145658
104224
60919
95746
70998
51668
47188
77018
95746
55008
64386
46125
75540
104224
76408
57102
137689
55008
70771
55008
121301
74419
50033
56119
85299
121301
38376
124951
56119
70467
77018
54451
103472
54451
70467
66115
49750
145658
95746
70467
77018
70998
94420
141610
66930
39242
50521
70771
53439
56564
55008
66115
70467
95746
55008
64386
74419
132146
87975
80456
77006
124951
81826
77006
56119
84319
47252
70467
78153
145658
77006
70998
70467
64386
53439
70998
70467
137689
74419
70998
70998
27984
60919
99914
76982
70998
145658
77018
74419
75540
37087
78153
77006
31231
133240
39651
94845
50033
60919
104224
49750
78153
54451
128325
57905
55008
56573
51716
70771
70771
75540
49750
70771
85898
88428
60919
44853
60919
43592
43592
70998
124951
49750
90642
133240
22860
55008
90047
70467
77006
145658
81826
94374
66930
70467
103472
53439
78153
66930
39129
77006
50033
70998
93577
104224
94374
90047
56119
71075
66115
93577
76695
94374
70771
80456
64386
198645
75540
64386
64386
56119
94420
54371
85898
55008
78153
66115
71075
64386
78153
173355
60919
75540
55008
39651
70771
54451
87975
66930
99919
137689
56119
77006
70467
147081
64386
70998
77018
70771
76982
70467
44546
60919
63884
66930
37087
77006
198645
78153
132146
49750
75070
56564
76982
68747
77006
133240
92564
64386
78153
39242
58879
39617
77018
50521
47252
70467
86323
132146
94845
76408
64386
37087
66930
93577
67263
74551
66115
39651
60919
124951
70467
74551
90047
77018
70998
55008
66930
49750
105010
75540
56020
71075
55008
137399
111946
93577
43592
50424
75740
50033
94374
147081
76408
124951
58879
78153
64386
93577
46125
66115
70467
55008
124951
105010
121301
31231
104224
94845
79835
145658
55008
66930
77018
44853
56119
64386
93577
67865
66115
70771
70467
103472
44853
53439
141610
95746
57102
50033
37087
38376
55008
66115
51668
70771
79835
82064
78153
137689
63661
70771
77006
77006
80456
70771
80456
58879
40091
66930
90047
63884
133240
70467
66115
104224
60919
47188
64386
70467
70467
55008
76695
55008
48600
137399
88428
64386
137689
49750
38376
53621
137399
169251
66930
99914
70998
37087
39651
133240
64386
57102
132146
133240
49750
56564
74419
90047
99919
38376
141610
54451
77006
50248
75540
17277
55008
70998
49992
50248
47240
64386
66930
70998
56119
43592
66930
54451
99919
44853
39651
64386
132146
54451
55008
55004
95746
66115
66115
93577
71833
94420
36332
198645
67263
114692
50424
49750
43592
64386
95316
47188
88428
78153
76695
85898
121301
124951
49435
55008
43592
49750
70467
103472
133240
56119
137399
121301
132146
103472
66930
80456
94374
92564
76408
51127
71833
82064
60919
49750
111946
33255
128325
85299
49750
70998
70467
70467
64386
94374
70771
39651
39129
50248
94845
114885
53439
54451
44853
71075
50033
66930
30306
53439
70998
71075
27321
145658
55008
64386
56564
77006
54451
77018
44853
147081
54769
88428
77018
54451
94374
36332
124951
94420
70467
77006
70467
70998
77018
66930
66930
77018
92564
70467
114885
44785
36332
56119
173355
90920
44546
111946
68747
55008
132146
55008
95746
141610
54451
70998
82064
85898
75540
92564
51668
145658
70467
67263
173355
114885
70467
103472
70771
54451
94420
39651
70467
66930
66930
114885
145658
49992
128325
70467
77018
133240
84319
55008
64386
32936
58879
64386
36332
60919
49750
38376
95746
94845
78195
70998
82064
70771
51716
70998
103472
63884
70467
87975
60919
66930
74551
75540
86323
50248
128325
70998
85898
55008
50248
95746
55008
36332
74551
70467
77006
173355
66930
70998
70771
64386
60919
74419
60919
70998
75540
77006
60925
56119
70467
51668
70467
74551
77006
70467
66930
90920
77006
57905
145658
54371
70467
74419
53439
137399
84319
90642
55008
103472
85898
133240
49992
49750
169251
133240
81826
49750
38376
85299
80456
64386
64386
50521
56119
137399
58879
86323
70467
90047
93577
29070
79835
64386
75540
137399
88428
39651
128325
55008
66930
81826
74419
55008
49750
50248
147081
78153
54451
66115
55008
87975
85299
68747
90047
85898
50033
51716
82064
54451
66930
111946
55008
50248
57905
169251
94845
124951
77006
77018
55008
56119
173355
77018
55008
64386
132146
70998
70998
51127
55008
54451
54451
61789
66930
92564
53439
54371
66115
78153
50033
75540
70467
132146
85299
86323
76695
137399
38376
95746
70467
80456
55008
80456
94374
70467
94374
74419
40421
77006
43592
77006
54451
60919
55004
95746
70467
54451
44853
44546
64386
54451
99914
132146
55008
60919
70467
88428
50248
55008
56119
66930
82064
99919
73197
37087
55008
147081
66930
76695
114692
68747
70467
99914
132146
36332
114885
75540
43592
70467
51668
99914
70998
64386
51668
38677
147081
78153
75540
80456
99919
55008
86323
75540
60919
141610
68747
105010
76982
54451
41380
58879
94845
58879
94374
78195
133240
68747
64386
54371
137399
55008
47240
36332
94374
80456
70467
78153
77006
55004
66930
132146
99919
73197
64386
66115
55008
77018
145658
66115
66930
133240
66930
55008
77006
64386
70998
66930
141610
49750
145658
95746
77006
121301
87975
50521
81826
111946
103472
64386
95316
70467
95316
70467
70467
99914
74419
80456
132146
5633
50248
60919
111946
63884
55004
53439
55008
80456
76408
132146
55008
145658
54451
114692
121301
88428
94374
133240
86323
95316
70771
94420
77018
64386
50248
57102
60919
90642
70771
137399
66930
78153
66930
50424
56119
54371
34524
76982
70467
133240
74551
66115
141610
173355
34524
30306
60919
66115
77006
87975
104224
70467
49750
66115
80456
38376
56119
95746
145658
25719
132146
50248
80456
76408
28501
70771
133240
47252
75540
55008
55008
76982
64386
133240
43810
70467
44853
70998
66115
64386
70467
54371
71833
51716
70998
70998
90642
147081
80456
47188
104224
66115
87975
49992
56020
38376
71833
64386
77018
54451
56119
85299
60919
66115
78153
80456
66930
21516
70998
64386
94845
141610
103472
54451
64386
49750
90920
37087
43592
84319
94374
60919
70771
94845
70467
114885
77018
104224
94374
70467
90047
67263
55008
56119
198645
70998
66930
75540
70467
66930
64386
66115
70467
64386
173355
76982
20512
145658
55008
93577
74551
77006
55004
90920
70467
47188
55008
85898
103472
70467
76695
44853
94845
70467
141610
64386
54451
77006
51668
39651
94374
90642
169251
76982
99914
80456
80456
36332
94845
66115
23013
70998
54451
78195
44853
33794
53439
76982
71833
82064
137689
70467
43810
77006
147081
38376
50033
77018
44853
74419
60919
94374
74419
57905
50033
93577
70771
50033
132146
70998
77006
99919
137399
66930
56119
43592
75740
90642
94845
75540
70467
173355
147081
37087
35984
95746
95746
70998
85299
53621
63884
50248
43592
77018
76695
88428
99914
50521
103472
49750
40421
56119
80456
70998
70771
57905
40091
43592
74551
76982
78153
70467
27984
132146
128325
55008
70467
94845
78153
50033
77006
56119
66115
43308
80456
70467
70467
33521
70998
93577
104224
70771
70467
50033
84319
80456
121301
70998
80456
31535
50033
48600
94374
55008
173355
64386
64386
66115
64386
70467
85898
70771
73197
55008
70998
81826
33521
76408
46125
75070
49750
64386
64386
76695
94374
20996
76408
70467
40091
70998
94845
66930
44546
55008
21516
88428
78153
132146
64386
133240
94420
94374
94374
114692
169251
60919
173355
54451
70467
70467
54451
51668
76695
78195
77006
47240
64386
54451
84319
66930
137689
74551
66115
43592
137689
90047
44546
145658
82064
133240
90642
66930
75070
66930
51668
90642
105010
75740
46125
74419
77006
64386
80456
70998
137689
66115
49750
77018
74419
70467
66930
16963
36332
43592
132146
74419
27191
55008
29070
70771
94374
93577
52405
60919
51127
49750
64386
145658
70998
111946
66930
88428
55008
121301
70467
128325
70998
40421
92564
66930
147081
55008
76695
54371
77006
64386
64386
49750
56119
50248
169251
75740
7484
70771
58879
76695
44546
70771
38376
95746
56119
94845
70467
75540
105010
50248
39470
18284
50033
78153
74419
70467
66930
43592
70771
37087
64386
50424
90642
141610
41380
50521
60919
132146
64386
70467
55008
64386
51127
70998
132146
55008
40421
60919
88428
60919
85898
58879
70467
64386
49750
95316
66930
50424
55008
78153
70998
121301
54371
133240
64386
111946
74419
78195
64386
94420
173355
43592
70467
55008
54451
70467
95746
50033
77006
56564
37087
75540
70467
51716
93577
54451
114885
94374
94374
70771
76982
77018
80456
64386
77006
70467
147081
38376
55008
80456
133240
94420
71833
87975
17330
137399
94374
94845
70771
66115
95746
94420
