29069
16523
15972
35544
28115
44595
50965
44894
58754
44701
54705
59863
75202
75202
98900
59985
35544
129189
54705
77454
35449
59985
54705
59985
44584
77454
44595
54705
44595
41037
76713
54705
54705
73079
59985
41037
44894
129189
41037
41037
73824
82388
45009
98900
41037
59125
58754
41041
41041
44894
44701
54705
54705
44894
30497
73824
50965
41041
77454
83448
49923
41041
76713
30497
59985
59985
45009
40052
50965
41037
51453
54705
59125
54705
45009
41041
49923
55100
35544
32927
129189
41041
73079
54705
30137
25263
41041
40052
54705
41041
54705
35544
35544
39906
58754
35544
47329
41037
41037
55100
59125
41037
54705
54705
54705
129189
35544
55100
75202
35544
50613
17023
32927
6998
35449
28115
75202
54705
54705
54705
59985
45552
54705
44584
54705
59863
54705
50613
29197
73079
41037
41037
55100
82388
32927
54705
45009
85205
59985
44584
91380
45552
29069
54705
50613
75202
35544
73824
32521
41041
82388
54705
32521
41037
68487
41037
91380
68487
41037
91380
76713
75202
54705
40052
28115
25263
73079
44584
58048
73824
32927
35544
41037
35449
41041
44584
39906
35449
91380
55100
32521
41041
44584
59985
54705
54705
16523
82388
54705
54705
41041
41037
77454
83448
83448
41037
44894
59863
18620
35544
49923
41037
41037
41037
41041
85205
41037
85205
91380
77454
59985
21998
85205
129189
41037
54705
98900
29197
50613
59125
39906
44595
41041
59985
35449
35544
50613
47329
41037
41041
85205
75202
41037
30137
50613
59985
83448
44584
32927
44701
47329
76713
50965
59985
30497
54705
44894
83448
35544
44894
14676
44584
59985
98900
35544
27087
75202
77454
59985
22584
41037
50613
59863
29197
85205
59985
85205
91380
40052
54705
54705
68487
73079
73824
77454
59985
75202
73079
77454
59863
45009
82388
59863
41037
75202
50965
45009
49923
49923
14692
40052
35544
59985
73079
41037
75202
83448
35544
54705
26103
41037
44584
58754
27274
41041
8262
45009
58048
50965
54705
41037
73079
59863
27469
75202
54705
77454
55100
35544
85205
41037
59125
59985
75202
73079
54705
47329
98900
41041
41041
47329
91380
41041
25263
58048
85205
35544
35449
45009
59985
76713
75202
59985
59125
40052
44584
44894
59985
68487
68487
35544
98900
54705
41037
55100
44595
44595
49923
58754
41037
82388
73824
50613
41037
85205
54705
58048
41041
41037
91380
54705
54705
91380
47329
85205
58754
7125
41037
59985
27469
41041
41041
52938
54705
27087
35544
41037
41037
98900
45552
35449
41037
27469
58048
50613
77454
98900
59863
54705
35544
