73733
53518
137972
30064
119634
145450
211633
42934
73733
133907
50378
39491
61073
108745
47808
63944
39491
43361
72462
211633
42934
41047
74506
61073
91698
266777
27977
41504
58570
42934
42934
221496
95457
42934
58570
42934
60057
60057
129641
95457
67790
162804
64916
64916
73733
73733
72462
42934
72462
66333
108745
54226
99413
111936
95457
22755
50378
72495
43618
95822
47808
60200
95822
54226
64088
40989
106385
62246
67274
73733
50378
18298
119634
63944
66333
62246
95457
72462
162804
43361
42331
111936
106385
54702
162804
55575
42331
95822
60057
91698
67274
78767
125916
47808
63944
125916
76515
50378
120786
145450
78767
125916
266777
79677
111936
42934
64088
119634
129641
80413
54226
39491
58570
73733
61073
29874
827
55575
78767
67274
80413
42934
72495
42579
58570
137972
228804
73733
39491
73733
74506
72462
42934
39491
221496
66333
266777
76515
162804
61073
42934
78767
56394
61073
60057
24681
54226
39491
101005
76515
119634
42934
66333
38516
99413
78767
67790
42934
67274
129641
108745
108745
67790
73733
95822
72463
39491
58570
56394
42934
43361
95457
120786
99413
47808
67274
42934
50378
39491
58570
42934
16635
119634
73733
211633
211633
108745
42934
101005
125916
31743
60057
60057
72462
72463
54226
47808
27977
120786
61073
43361
95457
99413
129641
99413
39491
54226
42934
221496
73733
50378
137972
101005
54226
66333
95457
95822
119634
137972
39491
111936
79677
42934
42934
42934
66333
58570
72462
50378
35618
78767
73733
38516
54702
95457
54226
67790
39491
95457
54702
67790
119634
145450
78767
61073
133907
61073
67274
50378
60057
163181
119634
29488
72462
67790
61073
60057
80413
73733
106385
95457
129641
95457
162804
62144
65574
79677
133907
42934
137972
76515
120786
39970
163181
72462
42934
76515
13872
78767
67790
66333
43618
80413
65574
54226
125916
42579
42579
42934
76515
42934
228804
111936
42331
95457
42579
41025
95457
60200
58570
42934
95457
61073
72463
64088
16635
58570
67274
137972
50378
99413
64916
50781
95457
11608
133907
61073
67790
101005
163181
73733
39491
42934
53518
95457
42934
119634
108745
266777
64916
39491
61073
95822
66333
50781
13872
211633
55575
27977
266777
106385
64916
58570
42934
211633
42934
72463
266777
73733
39491
42934
73733
72462
55575
78767
129641
61073
42579
129641
120786
119634
119634
72462
101005
266777
24681
67790
101005
266777
153619
61073
73733
50781
76515
58570
39491
67790
61073
80413
78767
67790
61073
60057
60057
95457
61073
47808
108699
111936
61073
58570
67790
50429
72463
163181
125916
91698
50378
60057
119634
266777
34336
211633
72462
72495
62246
47808
31743
55575
162804
73733
60057
42934
74506
95457
50429
42934
41025
31484
72462
50429
47808
91698
99413
67790
78767
72495
54226
39491
64088
42934
54226
60057
72495
64916
39491
42934
65574
61073
43618
72495
42934
266777
99413
72463
34336
43361
78767
56394
65574
153619
119634
125916
120786
53518
63944
162804
79677
58570
111936
65574
80413
54226
91698
78767
54226
47808
42934
72462
19843
63944
119634
54226
108745
106385
34336
73733
72462
66333
72462
6130
119634
61073
108745
40989
67790
42934
42934
211633
43361
58570
99413
78767
54702
39491
221496
61073
54226
153619
21216
30924
47808
73733
42934
120786
31484
162804
58570
19203
17229
54702
39491
30553
73733
101005
133907
74506
64088
26237
43618
58570
78767
34156
153619
54226
22284
129641
41025
62246
79677
72462
65574
79677
120786
61073
137972
50378
56394
50378
40989
42579
50429
67274
67790
56394
47808
111936
42934
78767
56394
34336
50378
137972
40989
153619
47808
129641
62246
211633
67790
153619
50429
42934
73733
54226
66333
95457
63944
72495
32178
56394
67274
34336
64916
50429
42934
73733
106385
30924
221496
39491
39491
25035
47808
42934
41025
61073
95457
99413
61073
72462
72462
67274
67790
65574
95457
162804
76515
42934
129641
108745
91698
43361
73733
119634
67790
60057
66333
38516
55403
3803
61073
163181
72462
53518
72462
53518
64088
85883
50781
43618
163181
26692
211633
73733
55403
39491
60057
64088
30553
79677
64916
42579
72495
228804
54226
221496
42934
145450
61073
42934
58570
108699
39491
62246
39491
60057
67790
73733
119634
41025
42934
72495
41025
47808
50781
95457
73733
133907
129641
41025
106385
63944
108699
72495
42934
162804
79677
221496
72495
72495
153619
42934
129641
29488
55575
108699
25652
47808
211633
61073
95457
221496
61073
64916
106385
54226
21750
54226
42934
60057
19203
65574
72495
5309
78767
120786
42934
43618
228804
54226
74506
266777
53518
91698
42331
64916
39491
60057
137972
95822
91698
101005
42934
62246
63944
101005
119634
50378
163181
62246
153619
72495
137972
66333
162804
95457
50378
72462
58570
108745
221496
72462
67274
50378
56394
61073
40989
221496
221496
58570
95457
61073
67274
73733
76515
78767
67790
42934
79677
38516
58570
58570
42934
42934
72462
145450
211633
16635
50378
32178
80413
67274
42934
29737
72462
42934
95457
95822
80413
125916
133907
42934
67790
228804
67790
65574
72462
163181
145450
54702
101005
73733
211633
42934
67274
62246
41504
42934
15140
47808
228804
162804
119634
72462
55575
61073
67274
120786
42934
120786
73733
74506
72462
42934
53518
42934
72462
133907
56926
80413
42934
61073
228804
72463
95822
101005
50429
125916
73733
55403
60200
91698
63944
54226
108699
129641
39491
58570
50378
78767
119634
67790
72462
61073
42934
61073
61073
163181
129641
108699
266777
60200
42934
73733
38516
95457
65574
42934
31484
163181
67790
74506
99413
47808
73733
266777
120786
50781
49769
49769
162804
61073
108699
50378
125916
72462
39970
60200
72462
76515
62246
67274
56926
42579
61073
120786
137972
153619
41025
72462
54226
58570
95822
14620
19203
55403
72462
60057
129641
67274
41025
78767
95457
153619
42934
129641
119634
41025
42579
72495
73733
34336
42934
58570
61073
42934
63944
42934
67790
120786
39491
65574
40989
58570
163181
111936
58570
58570
14369
42934
119634
72462
163181
67790
95822
65574
47808
211633
137972
67790
120786
30553
41504
39491
67274
72462
119634
106385
108745
39491
24681
95457
95457
54226
61073
119634
61073
42934
61073
125916
65574
78767
65574
50781
266777
73733
76515
23747
95822
42934
62246
119634
41047
50781
63944
108745
47808
133907
72462
119634
64916
67790
58570
266777
42934
47808
47808
60057
72463
67274
153619
111936
162804
67274
22755
56394
73733
67274
73733
133907
24681
72462
26692
72463
91698
221496
26974
54226
67274
64916
72462
91698
61073
39491
67790
211633
61073
78767
50429
73733
145450
72463
72495
47808
25652
125916
66333
42934
74506
31743
50781
43618
99413
54702
49769
60057
67790
34336
41025
61073
133907
72495
119634
42331
72462
108699
67274
228804
1877
31743
56394
50378
125916
61073
53518
55575
106385
38516
47808
99413
58570
61073
39491
133907
42934
228804
58570
42579
67790
108745
228804
108745
80413
67790
79677
162804
39491
266777
111936
47808
55575
31484
40989
54226
72462
120786
42934
95457
163181
49769
64088
145450
61073
91698
41025
64916
129641
62246
145450
133907
74506
162804
50781
72495
101005
61073
95822
43618
211633
78767
73733
67790
27977
67790
67790
67790
61073
72462
53518
66333
119634
42934
106385
35618
211633
129641
72462
67274
73733
72495
40989
42934
73733
221496
65574
50429
228804
211633
67790
55575
42934
42934
162804
129641
163181
120786
67274
137972
101005
162804
14620
73733
56394
153619
58570
64916
54702
119634
153619
120786
56394
99413
39970
63944
58570
63944
42934
72462
72462
228804
39491
54226
111936
108745
56394
65574
42934
125916
101005
108745
72462
78767
34336
56394
78767
73733
55403
42934
55403
54226
42934
62246
58570
58570
41025
153619
153619
42934
29874
40989
42934
49769
42579
99413
137972
67790
60200
72462
60200
64088
18298
65574
67274
32178
120786
137972
108699
95822
95822
19203
42934
108745
31484
42934
108745
34156
49769
54226
49769
38516
42934
72462
79677
137972
42934
129641
58570
99413
133907
153619
119634
61073
64916
91698
129641
60057
91698
221496
61073
145450
95457
49769
53518
66333
31743
58570
67274
129641
61073
95822
60057
73733
73733
40989
42934
34336
50378
72495
211633
53518
60057
64088
39491
50781
119634
61073
80413
60200
106385
42934
228804
133907
120786
72463
42579
47808
42934
72462
79677
42934
31484
72462
72495
42934
49769
42934
101005
67274
72462
119634
64916
67274
55403
58570
65574
5309
137972
119634
13872
47808
47808
67274
137972
133907
67274
20432
39491
61073
95457
18133
19169
78767
78767
47808
91698
67274
42934
108699
95457
25652
162804
99413
133907
61073
72463
54226
228804
60057
39491
95822
79677
64916
72463
50001
78767
64088
66333
72462
42934
50378
24681
66333
125916
50781
42331
47808
38516
95457
31484
41025
111936
73733
95457
80413
266777
79677
56394
60057
108745
43361
106385
74506
108745
91698
62246
47808
99413
125916
162804
78767
60057
64088
67790
42934
73733
72495
78767
42934
99413
72462
41504
58570
50429
56335
67274
106385
95457
95822
54702
163181
42934
133907
67790
137972
42934
221496
80413
72495
61073
153619
106385
228804
67790
58570
39491
50378
23747
211633
42934
50378
106385
163181
40989
61073
76515
63944
47808
266777
95822
99413
108699
163181
42934
72462
72462
25035
95822
61073
73733
73733
62246
50429
56394
60057
54702
64088
95457
39491
99413
42934
67274
73733
47808
31743
42934
221496
74506
50781
99413
95457
58570
60200
153619
66333
41025
34336
137972
19203
67274
47808
42934
73733
266777
108699
91698
54702
99413
63944
42934
34336
211633
31484
133907
80413
163181
67274
119634
47808
42934
27977
76515
67274
73733
54226
41025
66333
56394
106385
73733
42934
54226
50781
41025
53518
55403
153619
72495
119634
91698
101005
78767
21750
76515
61073
119634
119634
64088
221496
42934
78767
129641
72462
221496
56394
42579
63944
67790
54226
41025
78767
133907
120786
60057
41025
40989
53518
153619
95457
228804
108745
50429
62246
58570
49769
58570
42934
106385
31484
108699
14544
67790
137972
228804
42934
119634
42934
67274
61073
108699
73733
60057
74506
24681
54226
74506
163181
119634
108745
16635
228804
41047
31484
24681
62246
47808
38516
58570
137972
42934
58570
106385
72463
58570
36107
73733
95457
43361
60057
55575
162804
53518
6950
228804
43618
42934
60057
43361
42934
162804
50429
34336
39491
67790
72495
129641
39491
15780
211633
72462
6364
60057
63944
42934
30553
60057
42934
99413
111936
34336
211633
228804
43618
111936
108699
41025
78767
26974
54226
41025
73733
101005
40989
78767
111936
108699
42934
42934
153619
30327
78767
61073
228804
95457
73733
108699
58570
79677
72495
50781
42934
42934
145450
49769
42934
50378
72462
221496
72463
78767
42934
50378
95457
42934
60057
47808
72462
111936
101005
163181
163181
60200
95457
63944
50378
72462
55575
3803
39491
119634
61073
95457
53518
72495
119634
42934
211633
129641
133907
53518
145450
78767
24681
73733
153619
61073
16635
120786
74506
95457
72462
266777
50378
79677
54226
39491
42579
58570
42934
56394
62246
119634
55403
221496
40989
108699
106385
42934
79677
76515
101005
43361
119634
221496
67274
39491
111936
78767
145450
41047
73733
26692
42934
76515
108745
42934
54226
95822
49769
95457
67274
43618
108699
43361
95822
153619
72463
133907
73733
41025
67274
95457
54702
54226
125916
61073
125916
145450
108699
61073
47808
60200
41025
41025
119634
72495
67790
73733
106385
42934
40989
145450
125916
55575
63944
42934
73733
67274
106385
39491
80413
60200
42934
39491
56394
61073
39491
42934
54226
73733
101005
61073
42934
54226
29874
95457
108745
42934
72462
67274
54226
78767
21966
153619
54226
50781
72462
74506
63944
67274
42934
108745
42934
39970
72462
67274
72462
145450
63944
42934
95457
54702
72462
41025
42934
72462
67790
58570
27977
42934
39491
43361
25915
79677
72462
91698
42934
43618
221496
21966
47808
58570
72462
53518
3568
72462
221496
61073
47808
91698
42934
62246
125916
30924
42934
40989
64916
17229
42934
125916
62246
49769
266777
61073
41025
42934
50429
72463
99413
111936
41025
66333
39491
72495
58570
72495
42934
74506
67274
63944
65574
49769
43361
80413
64088
221496
95457
61073
137972
55403
62246
72462
72463
61073
145450
66333
101005
54226
78767
162804
108745
47808
54702
41025
120786
54226
101005
50781
125916
50378
125916
35618
50378
64088
76515
133907
73733
95457
106385
61073
18298
99413
42934
50378
60057
133907
55403
56394
56394
61073
56394
67790
27977
58570
42934
66333
162804
62246
73733
61073
64088
108699
106385
72463
73733
119634
39491
39491
74506
61073
56394
111936
133907
42331
42331
43361
76515
72462
35618
66333
129641
73733
61073
50378
99413
19843
54226
60057
73733
6908
106385
67790
56394
60200
95822
91698
39491
47808
64916
163181
42934
41025
42579
76515
67790
62246
39491
95457
42934
108699
163181
67274
211633
42331
80413
76515
40989
54226
72495
47808
129641
60200
27977
72495
72462
39970
50429
145450
47808
43361
