41326
108755
124901
53610
108755
108755
36709
83359
78081
73498
57047
53610
63691
64715
45317
49507
85943
55480
85943
44746
48457
90427
108755
41092
36709
50034
90427
123010
80578
70941
124901
48457
50034
79793
53610
50034
19593
36709
49507
63691
103032
83359
79793
44327
50034
70901
45317
22978
52564
90427
48457
39882
51985
90427
19175
41092
55480
76527
80578
77508
48457
57806
169229
48457
155267
44746
48457
17611
44746
66086
53610
8818
45317
48457
7677
111392
99311
48457
73498
44746
73498
58211
103032
48457
70754
70941
59745
77508
36709
64315
57047
48457
37565
83359
53610
105839
27274
50034
44746
70754
103032
44746
37565
83359
48457
124901
50034
58211
3643
48457
52564
92510
48866
101544
32488
63691
108755
111392
48457
124901
50034
19175
57410
49507
80578
45317
48457
36709
48457
59066
48457
44746
48457
108755
103032
114812
76527
65962
48866
89266
48457
169229
155267
50034
105712
82656
32100
45317
155267
105839
59745
76527
48457
50034
55480
49507
45317
48457
89266
70941
59066
108755
57047
90427
71277
78081
45317
48866
45317
45979
73498
37565
103032
99311
44746
20518
44746
111392
101544
48457
57047
50034
80578
42544
15491
82656
49507
59745
32488
77508
48457
51474
70941
65962
50034
99311
103032
90301
90427
49507
105839
53610
36709
48457
53610
90301
57047
53610
37565
80578
45317
49507
32488
70941
48457
49507
90301
78081
44746
28817
48457
50034
77508
57047
73498
59745
103032
45317
80578
67727
77508
70941
51474
36709
48457
50034
123010
150458
105712
90301
63581
83359
70901
50034
50034
103032
64715
125322
50034
48457
48457
53610
37565
51474
103032
50034
85943
58211
83359
59745
59745
108755
50034
51985
50034
73498
150458
63581
44746
73498
93724
76527
50034
70941
41092
155267
28817
9873
59745
49507
28817
44746
124901
105712
66086
48457
64315
108755
105839
53610
57047
77508
36709
70754
48457
123010
82656
80578
73498
89266
44746
124901
48457
71277
105839
70941
48457
44746
45317
49507
50034
32100
50090
70941
57806
48866
32100
114812
64715
85943
28817
50034
103032
45317
63691
50034
90427
41326
57047
32100
76527
48457
71731
85943
123010
90427
82656
103032
51474
72948
101544
80578
49507
111392
48457
48457
57047
83359
85943
19175
30831
57047
53610
50034
48457
93724
108755
50034
51474
67835
42544
50034
73498
64715
49507
63581
50034
57410
169229
53610
44746
103032
59066
79793
49507
57410
55480
53610
44327
50090
103032
51474
150458
50034
52564
67835
50034
32488
44746
28817
28802
50034
21793
77508
53610
58211
58211
79793
77508
48866
51985
89266
114812
44746
70941
48866
90301
22624
77508
82656
124901
92510
27856
79793
77508
50034
52207
48457
48457
71731
83359
57047
63581
76492
155267
105712
103032
71277
44746
85943
108755
80578
41743
89266
63581
66086
77508
36709
50034
105712
90301
105839
57047
105839
92510
101544
103032
48457
77508
44746
45317
44746
48457
76527
65962
64315
48457
55480
82656
73498
15999
48457
38550
57410
76527
50034
44746
123010
59066
111392
70941
32100
78081
64715
8818
63581
57047
48457
48457
124901
150458
76492
53610
70754
49507
50034
44746
48457
57806
50740
70754
50034
57047
125322
85943
58211
83359
44746
48457
41092
48457
48866
50034
76527
52564
50034
57410
76527
83359
80578
52564
92510
77508
44746
150458
85943
57806
57047
90301
63581
125322
23436
41743
48457
77508
105839
32100
64715
93724
48457
48457
105839
70941
32488
35060
76492
36709
92510
55480
125322
57410
155267
70754
57806
73498
48457
77508
7457
59066
72948
93724
72948
89266
105839
53610
45317
44746
77508
57806
79793
55480
78081
19175
51474
105839
70754
105839
71277
48457
59745
44746
78081
108755
105839
48866
58211
28817
83359
28817
37565
33262
8530
48457
48457
169229
103032
48457
57806
73498
54104
41326
37565
82656
44746
48457
50034
50034
49507
65962
76492
35387
52564
169229
111392
89266
50034
57047
80578
71277
77508
59745
36709
58211
90301
64315
45317
53610
77508
70941
44746
90427
50034
45317
108755
77508
124901
53610
44746
32100
83359
57806
44746
50034
105839
49507
30831
108755
125322
77508
105839
155267
65962
51985
77508
57410
80578
57047
73498
108755
70754
70941
52564
53610
71277
53610
52207
28584
108755
76527
57047
90427
105712
48457
35060
48457
108755
48457
64315
150458
50034
108755
53610
169229
80578
58211
83359
51474
44746
48866
70941
57410
36709
39882
105839
111392
44746
48457
48457
70941
92510
55480
90301
32100
105839
49507
101544
59745
43827
57806
51985
44746
45317
48457
150458
28817
49507
70754
124901
49507
57047
73498
150458
114812
36709
73498
49507
101544
50034
65962
76527
51474
57806
57806
103032
77508
70941
99311
150458
48457
123010
70941
90427
55480
48457
169229
101544
101544
55480
66086
9302
103032
50034
83359
23436
44746
44746
36709
48457
57806
101544
32100
53610
59066
103032
71731
169229
80578
37565
59066
101544
70754
76492
44746
50034
51474
83359
44746
48866
64315
48457
44746
48457
85943
105839
73498
23436
70754
76527
48866
63581
70754
48866
105839
90301
63581
67835
52207
50034
123010
83359
92510
44746
50034
50034
108755
23436
57047
53610
36709
57047
93724
64315
48457
49716
83359
71277
50740
44746
36709
66086
53610
70941
71277
83359
51474
50034
44746
58211
114812
50034
79793
48457
63581
89266
50034
85943
85943
32488
57806
32100
59745
83359
114812
37565
50034
36709
58211
83359
58211
36709
23781
83359
82656
44746
76492
41743
52207
37565
45317
89266
72948
50740
58211
49507
66086
50034
55480
103032
89266
92510
73498
44746
52564
123010
78081
77508
50034
80578
70901
114812
77508
103032
70941
57047
101544
51474
70901
51985
6371
72948
66086
53610
37565
83359
48457
55480
76492
59745
150458
105712
50034
155267
44746
125322
50034
77508
70901
78081
36709
48457
41326
70754
108755
72948
114812
36709
123010
105839
52207
72477
57047
83359
125322
36709
72477
83359
85943
53610
103032
57806
41326
111392
49507
85943
63581
77508
57047
65962
79793
150458
76527
51985
63581
30132
44746
57806
58211
48457
49507
77508
48457
78081
39882
35060
64315
50034
70941
57806
77508
59745
63581
125322
55480
92510
93724
48457
48457
57047
20980
45317
50034
103032
99311
155267
108755
44746
28817
49507
49507
90301
41092
77508
57047
155267
125322
36709
79793
108755
124901
57806
51474
32100
105839
63691
89266
108755
103032
83359
48457
59745
99311
58211
101544
57806
169229
71731
22978
125322
58211
58211
67835
44746
36709
108755
53610
105712
124901
32100
37565
70941
105839
70941
76527
108755
63691
77508
49507
76492
53610
99311
53610
32100
53610
28584
48457
92510
79793
73498
49507
90427
59745
105712
111392
70754
32100
53174
89266
45317
35387
48457
99311
169229
66086
103032
114812
45317
57047
155267
79793
55480
90427
124901
65962
63691
90427
32488
93724
101544
36709
53610
125322
63691
105839
24175
105839
150458
70941
28817
90427
49507
48457
48457
50034
44746
42544
55480
77508
125322
32100
77508
124901
50034
51474
125322
89266
78081
72948
64315
49716
123010
57806
49507
103032
49507
78081
37565
53610
55480
51985
73498
20518
23436
48457
59745
76527
103032
63691
65962
28584
105712
79793
103032
48457
45317
44746
15491
105839
32488
108755
36709
41743
50034
48457
50034
44746
32100
48457
50034
70754
99311
50034
66086
99311
103032
48457
73498
71731
55480
79793
73498
50034
50034
58211
111392
92510
90301
59745
108755
36709
70754
103032
57047
58211
23436
105839
90427
48457
77508
66086
55480
63581
108755
50740
114812
63691
50090
58211
49507
30831
48457
48457
44746
59745
70754
50034
44746
48457
105712
83359
53610
49507
36709
65962
125322
50034
66086
59745
57410
150458
36709
99311
48457
80578
36709
63691
77508
48457
108755
108755
71277
34685
108755
44746
63581
70941
37565
28817
93724
82656
105839
70901
77508
22978
45317
49507
44746
63581
71277
90301
67835
77508
22155
105839
50034
83359
61669
83359
70754
38923
73498
82656
76492
103032
125322
50034
49507
150458
73498
15999
108755
76492
59066
50090
44746
19175
58211
66086
48457
36709
28817
50034
57047
89266
93724
71731
33262
44327
50034
70754
48457
44746
44746
34685
45317
55480
36709
48457
53610
90427
45317
45317
59745
36709
57047
90427
38550
50034
108755
72477
90301
53610
108755
73498
41326
28817
50034
99311
77508
76492
67835
57806
85943
93724
52207
48457
78081
44746
63581
35387
82656
123010
73498
73498
111392
71277
59745
105712
83359
66086
72477
53610
108755
48457
32488
50740
58211
70901
70754
49716
72477
50034
58211
105712
53610
92510
89266
49507
70901
83359
150458
50090
65962
70754
50034
50034
22578
67835
105839
28584
59745
50034
45317
114812
99311
48457
50034
89266
48457
77508
48457
155267
124901
150458
67835
99311
73498
71277
51985
65962
66086
101544
48457
105839
70901
76527
50740
37565
83359
36709
48457
92510
77508
63581
89266
73498
63581
49507
99311
105839
92510
59745
45317
48457
114812
63691
77508
63691
114812
36709
71277
35060
103032
53610
48457
93724
44746
90301
108755
64715
150458
103032
48866
35060
49507
49507
76527
49507
48866
70941
114812
8137
48457
50740
155267
36709
105839
49716
59066
48457
77508
44746
105839
169229
63581
50034
92510
70941
71731
77508
44746
73498
28817
65962
55480
71277
76527
124901
72477
114812
44746
66086
48457
49507
77508
58211
80578
36709
150458
48457
51474
50034
50034
57806
23436
43827
71731
66086
83359
48457
77508
45979
90427
50034
484
50034
57047
57806
77508
73498
105839
51474
71731
48457
70941
92510
71731
57047
53610
48866
124901
49507
50034
150458
93724
45317
49507
83359
48457
48457
77508
71277
44746
48457
90427
111392
59066
45317
108755
101544
37565
44746
76527
25534
59745
48457
93724
48457
49716
32488
48457
37565
64715
49507
79793
50034
105839
63581
53610
76527
57047
70941
50034
48457
19175
72477
45317
57806
64315
36709
44746
72477
103032
36709
50034
44746
36709
46463
99311
155267
49507
28817
105712
63691
108755
49507
45317
63581
169229
42544
103032
105839
67835
48457
67835
103032
55480
48457
58211
105839
36709
108755
49716
150458
36709
57410
71277
76527
49716
83359
37565
80578
103032
48457
59745
50034
82656
57047
108755
44746
48457
57047
82656
71731
65962
70901
90427
53610
49507
48457
44746
59745
71277
44746
44746
50034
48457
49507
32100
55480
41092
78081
44746
44746
125322
108755
30831
70941
111392
36709
108755
70941
63581
105839
59066
49507
71277
169229
58211
108755
50034
80578
36709
66086
48866
63581
85943
64315
55480
51985
41326
57806
108755
108755
48457
36709
72477
48457
51474
78081
48457
41743
77508
57806
48457
79793
45317
53610
105712
58211
70941
36709
19175
77508
108755
65962
36709
79793
57806
63581
53610
44327
67835
101544
71277
76492
6312
83359
30831
50034
79793
53610
57047
105839
101544
99311
77508
49716
70941
101544
44746
89266
123010
76527
90301
77508
57047
50034
32100
150458
63581
85943
48457
5691
57806
93724
77508
44746
90301
105712
51985
108755
93724
58211
77508
71731
64715
42286
63581
50034
103032
63691
124901
51985
51985
77508
59066
57047
50034
36709
58211
57806
53610
90427
114812
45317
37565
64315
105839
48457
48457
53610
30831
48457
50090
103032
58211
82656
79793
105839
124901
105839
169229
52207
66086
45317
50090
53610
26440
76527
76492
44746
48457
36709
28817
57410
76492
36709
76527
67835
111392
36709
50090
125322
44746
70901
123010
105712
57806
50034
53610
123010
70941
77508
50034
70941
90301
105712
50034
90301
53610
77508
48457
48457
48457
70754
23781
23393
92510
70941
66086
49507
99311
35060
53540
49507
85943
89266
59745
41092
78081
36709
51474
83359
123010
63691
70941
36709
70901
76527
48866
44746
51474
73498
57410
76527
48457
77508
36709
92510
108755
72948
57806
44746
58211
50034
63581
103032
70754
44746
70754
169229
48457
36709
124901
52207
124901
64315
35060
48866
114812
48457
77508
36709
108755
49507
103032
57806
45317
57047
48457
53610
49507
48457
78081
155267
66086
50034
90301
48866
70941
70941
70901
35060
150458
19164
45317
36418
89266
57410
105839
50034
63581
77508
52207
101544
78081
77508
90427
53610
44746
51474
155267
53610
77508
48457
108755
44746
105712
53610
50034
77508
38550
124901
57806
57047
77508
63581
85943
105712
93724
49507
70754
44746
50034
114812
77508
65962
57047
103032
49507
41743
72948
105712
48457
108755
57047
55480
28817
48457
155267
77508
59745
57806
108755
38550
49507
44746
78081
99311
101544
90301
92510
125322
90301
41092
44746
76527
57410
77508
114812
50090
41092
93724
105839
77508
105839
45317
33398
77508
63286
48457
48457
99311
150458
50034
52207
53610
103032
155267
124901
108755
125322
48457
77508
36709
57047
17611
57047
58211
70941
92510
89266
50034
44746
50034
72948
105839
73498
99311
45317
114812
73498
105839
76527
103032
108755
50740
57047
89266
50034
114812
50034
99311
44746
89266
48457
48457
83359
45317
64315
48457
32100
57806
44746
50034
57806
53610
49507
73498
48457
49507
57806
48457
105712
108755
70754
105839
72477
53610
77508
89266
51474
155267
45317
99311
77508
44746
105839
42544
65962
57806
90301
76527
80578
36709
37565
77508
57806
105712
80578
55480
83359
44746
53610
76527
57806
45317
108755
66086
57047
150458
155267
48866
48457
70754
63691
83359
28817
76527
99311
78081
64715
92510
71731
36709
71731
32100
45317
90301
76527
53610
48457
59066
50034
59745
103032
71277
55480
45317
52207
65962
48457
77508
45317
77508
58211
93724
105839
32100
53610
50090
570
63581
72948
111392
66086
36709
103032
63581
83359
77508
50034
34685
48457
63581
58211
125322
50034
26872
55480
125322
99311
57047
41092
105839
58211
36709
55480
82656
125322
90427
59745
70941
15889
36709
150458
76527
44746
48457
71731
73498
114812
52207
50034
32100
48457
99311
77508
105839
48457
82656
72948
70901
23436
15907
38550
36709
44327
50034
155267
50034
41326
35060
108755
80578
53610
77508
50034
77508
111392
77508
150458
37565
53610
90301
36709
36709
48457
79793
45317
73498
108755
70941
49507
45317
169229
37565
36709
76527
83359
41326
48457
83359
90301
92510
23436
36709
124901
124901
85943
123010
49507
99311
90427
22578
71277
155267
50034
32100
64715
50034
55480
73498
45317
70754
105839
49507
44746
48457
70941
51474
169229
48457
99311
49507
125322
36709
50034
48866
50034
73498
48866
79793
63581
44746
99311
28584
103032
70754
57806
155267
105839
155267
108755
105712
108755
89266
50034
36709
36709
105712
123010
59745
28817
50034
48457
44746
108755
44746
44746
36709
76492
48457
123010
72477
36709
44746
50090
49507
50090
169229
35060
73498
5204
77508
55480
55480
150458
49507
155267
77508
3930
66086
77508
58211
53610
150458
103032
64315
65962
63691
76527
90301
90301
36709
90301
77508
108755
58211
90427
79793
77508
44746
63581
50034
50034
44746
32100
48457
63581
53610
80578
83359
70941
52207
48457
45317
99311
105839
105839
45317
71277
155267
150458
105712
105839
76492
123010
105712
155267
45317
108755
77508
57047
50034
41092
57806
58211
57047
23436
108755
30021
49507
48457
93724
90301
101544
44746
77508
49716
78081
83359
99311
49507
105839
52207
58211
77508
57806
89266
52207
82656
70754
59745
125322
45317
36709
99311
48457
33262
41092
70941
99311
36709
64315
83359
63581
734
125322
50034
44746
48457
83359
82656
50034
82656
57047
44746
59745
48457
125322
76527
92510
67835
57410
41326
50034
63581
123010
59745
48457
65962
124901
57806
41326
32488
70941
49507
53610
124901
41092
76492
48457
44746
101544
99311
49716
77508
44746
36709
57047
36709
50034
53610
76527
103032
78081
50034
90427
108755
66086
48866
108755
35387
57806
15010
44746
73498
53610
89266
48457
50034
150458
150458
57806
92510
80578
103032
83359
57806
78081
23436
105712
15999
103032
49507
50034
45317
83359
89266
57410
70941
70754
155267
111392
48457
70941
105839
124901
105839
51985
36709
48457
57806
108755
50034
82656
36709
63581
44746
99311
77508
77508
71277
55480
50034
90301
72948
89266
108755
70901
58211
45317
44746
45317
77508
50034
49507
108755
50034
63581
63691
36709
93724
65962
63581
92510
50034
125322
79793
105839
44746
89266
36709
53610
48457
65962
92510
73498
108755
99311
108755
49716
41092
50034
79793
48866
45317
99311
55480
50034
57047
36709
89266
92510
150458
92510
93724
72948
44746
103032
19175
67835
124901
108755
83359
77508
41092
82656
37565
108755
57806
70901
14751
53610
83359
45317
83359
67835
63691
45317
34685
44746
89266
50034
36709
55480
58211
50034
103032
63581
51985
169229
28817
23436
32100
44746
105839
111392
52564
79793
73498
48866
57047
76527
70941
70754
66086
11854
36709
70754
53610
70941
76527
169229
57806
71277
50034
59745
48457
99311
53610
57806
70901
155267
70754
89266
50034
150458
70754
41092
37565
123010
70754
50034
28817
42544
73498
14751
58211
45317
169229
50034
51985
59745
77508
48457
1719
42544
57047
76527
44746
48457
83359
108755
53610
53610
83359
36709
32100
72477
93724
50034
25534
48457
125322
50034
22840
105839
103032
85943
63691
53610
103032
76527
78081
90427
59745
111392
50034
93724
155267
32100
78081
51985
80578
48457
41321
114812
53610
73498
50740
78081
48457
70941
44746
71731
103032
77508
45317
48457
36709
57047
58211
70941
70754
59745
51985
58211
79793
77508
63581
50034
50034
47533
48457
36709
59066
93724
48457
57047
53610
105839
50034
114812
71731
53610
150458
48457
48457
32100
70941
57047
57806
50034
23436
32100
77508
55480
71277
103032
72477
73498
72477
37565
59745
44746
50034
80578
150458
44746
45317
35387
41092
57410
85943
71277
50034
71731
49507
48457
28584
50090
44746
76527
108755
63581
37565
77508
51474
48866
85943
48457
92510
57806
105839
76492
19175
51474
50090
28817
50034
77508
53610
123010
76527
79793
50732
50034
48866
55480
44746
125322
58211
44746
63581
79793
50090
70754
36709
44746
77508
76527
76527
58211
48457
72477
123010
50034
32100
71731
70941
78081
108755
72948
32100
50034
105839
52564
36709
89266
50034
35060
37565
36709
59745
36709
53610
105839
34685
59066
52207
108755
59066
48866
49507
28817
50034
57806
48457
111392
114812
124901
73498
48457
28817
90427
105839
155267
70754
77508
80578
63581
49507
76492
30831
83359
44746
114812
79793
48457
50034
66086
44746
73498
70754
108755
53610
77508
44746
48457
28584
70941
49507
77508
41092
77508
105839
7457
53610
50090
72948
123010
64315
76527
105839
41743
63581
50740
28817
41092
41326
55480
35060
105712
70901
155267
15889
105839
70941
105712
48457
570
64715
76527
108755
45317
55480
22440
70941
59066
155267
48457
48457
79793
73498
67835
78081
70941
103032
52207
70941
71731
48457
71731
48457
99311
66086
105839
108755
76527
49507
83359
105839
125322
80578
48866
58211
53610
70941
51474
49507
90301
6312
72477
44746
66086
28817
50740
105839
105839
57806
83359
108755
76527
105839
64315
77508
89266
108755
72948
36709
28817
19175
19593
105712
44746
48866
53610
53610
36709
80578
67835
48457
114812
71731
49507
93724
14751
125322
48457
93724
51474
90427
101544
57047
38550
76527
89266
70941
45317
64315
71731
101544
59066
70941
48457
77508
50732
72948
41092
71731
80578
63581
50034
48457
49507
41743
44746
103032
48457
50034
38550
57047
6114
63581
70941
52564
105839
36709
70901
90427
50740
59745
41092
50034
114812
89266
111392
72477
49507
92510
108755
28817
37565
30831
36709
48457
63581
67835
17611
45317
90301
50034
45317
36709
44746
32100
70941
48457
70754
44746
5288
155267
64315
114812
108755
71731
48457
48457
77508
50034
53610
58211
50034
72477
50034
65962
50034
53610
45317
124901
89266
23436
63581
49507
58211
55480
90427
85943
8873
105712
48457
11021
37565
66086
65962
108755
50034
50034
57047
41092
44746
108755
50090
76527
169229
105839
49507
71277
50034
105839
50090
32488
37565
70901
55480
48457
114812
103032
67835
77508
150458
80578
50034
64315
41092
64315
77508
73498
44746
5288
37565
76492
36709
52564
105839
36709
77508
169229
50034
77508
44746
28802
77508
76527
48866
50034
76527
36709
155267
57047
123010
105839
49507
48457
37565
49507
111392
32488
48457
48866
50034
83359
52207
70941
50034
70754
36709
28817
80578
64315
83359
64715
50740
52564
85943
70754
105712
76527
50034
76492
58211
45317
82656
89266
79793
51985
37565
58211
44746
77508
93724
105712
71731
36709
125322
44327
58211
19175
50740
77508
48457
90427
50034
70941
55480
103032
70941
53610
124901
123010
108755
76492
105839
32100
58211
50034
63691
123010
48457
57410
36709
83359
45317
51985
63691
52207
90301
57047
70941
105839
105839
32100
71217
55480
42544
42544
28817
90427
70754
64715
67835
103032
155267
50034
55480
66086
36709
57806
89266
50034
124901
41092
155267
57410
105839
23436
41092
105839
71277
36709
70941
50034
50034
123010
76527
71731
114812
48866
123010
43827
57047
150458
63581
105712
50034
49507
124901
59745
79793
37565
155267
44746
49507
50034
76527
48457
38550
53610
50034
2730
70941
59745
80578
48457
50034
63581
82656
48866
111392
28817
63581
34685
36709
67835
53610
76527
108755
155267
70754
28817
70754
36709
77508
50034
105712
45317
42544
70941
77508
48866
99311
45317
105712
49507
50034
48866
108755
48457
50034
77508
20518
79793
63581
70754
73498
15999
103032
19175
48457
150458
73498
36709
48457
44746
50034
42544
78081
50034
51474
57806
90301
53610
51985
85943
80578
57410
77508
59066
36709
85943
48457
57806
32100
82656
48457
71277
80578
45317
83359
44746
45317
59066
78081
111392
90301
48457
53610
51985
108755
114812
32488
108755
49507
38550
53610
123010
50034
45317
77508
169229
111392
53610
101544
53610
77508
53610
105712
57806
169229
105839
71277
73498
48457
58211
53610
48457
108755
67727
59745
124901
48457
28817
66086
27856
89266
48457
50034
77508
108755
105839
7457
64715
48457
70941
83359
108755
71277
99311
41743
50034
92510
35060
57806
83359
48457
48866
83359
28817
77508
93724
73498
85943
57806
83359
64715
52564
83359
79793
111392
70754
123010
45979
58211
50034
59745
71277
44746
76492
44746
50034
50034
35387
32100
41743
11557
70754
85943
108755
105839
63691
92510
28817
52207
36709
89266
85943
90301
101544
36709
50034
51474
124901
50034
101544
58211
76527
5691
50034
105839
21793
55480
77508
41092
50034
57047
105712
48457
108755
169229
35060
105712
45317
155267
49507
50034
45317
169229
28584
70941
93724
114812
101544
80578
67835
27856
57806
67835
50034
28584
73498
150458
77508
108755
78081
77508
65962
59745
59066
57806
48457
82656
57047
169229
76527
52207
48457
50034
49507
82656
67835
50034
66086
108755
108755
5831
150458
93724
48866
65962
45317
78081
53610
50034
108755
169229
105839
85943
72477
63581
48457
64315
111392
64315
53610
36709
22155
83359
77508
103032
76527
89266
48457
90427
76492
99311
73498
125322
103032
90301
48457
53610
48457
59745
70901
48866
67835
83359
58211
50740
58211
77508
70941
66086
49716
63581
72948
80578
48457
78081
105712
78081
101544
19593
76492
39303
82656
45317
58211
50090
114812
19175
58211
76527
72948
36709
55480
23436
48457
90301
83359
45317
37565
124901
105839
49507
32100
77508
45317
70901
63691
44746
70941
123010
63581
123010
44746
37565
48457
48866
49507
48866
50740
19139
50034
101544
49507
33414
49716
57806
45317
150458
48457
103032
44746
48457
33262
48457
90301
93724
103032
70941
59066
36709
105839
103032
169229
90427
111392
36709
23436
103032
48457
105839
103032
28817
50034
111392
108755
73498
41326
71731
150458
48457
44746
125322
103032
105712
20980
39882
63691
48866
76492
6312
169229
67835
57047
48457
72948
72948
93724
76527
70941
44746
53610
124901
76527
50034
36709
108755
76527
41092
50034
44746
53174
49507
67835
114812
31903
71277
105839
44746
77508
92510
72477
50034
71277
114812
57047
52564
123010
44746
105839
37565
57806
48866
36709
64315
64715
76527
108755
169229
76527
49507
36709
78081
123010
57806
58211
82656
48457
90427
150458
77508
90427
78081
36709
57806
48457
27856
70941
48457
150458
71731
59745
48457
67835
76527
63581
77508
53610
2012
57047
50034
51985
77508
76527
79793
105839
44746
45317
44746
70754
105712
30831
57410
48866
44746
48457
23172
108755
28817
48866
70941
77508
105839
41092
51985
43827
108755
44746
50034
80578
92510
77508
44746
50090
57047
77508
50034
50034
50034
93724
78081
82656
45317
44746
123010
73498
70754
42544
10549
114812
59066
90427
78081
44746
101544
150458
58211
57047
36418
57806
155267
89266
55480
111392
45317
58211
64715
48457
44746
89266
76492
105839
70754
57806
105839
76492
105839
80578
19175
52564
50034
57410
169229
53610
76527
80578
50090
108755
63691
72477
34685
58211
125322
57410
70941
82656
150458
53610
36709
105839
48457
51474
83359
63581
124901
32488
55480
57047
49507
50090
57047
36709
36709
70754
50034
50034
67835
108755
105839
77508
105712
41092
41092
44746
48457
44746
42544
57047
101544
53610
36709
89266
111392
70754
48457
44746
57047
72948
32100
50034
52564
57047
57047
52564
28817
103032
90427
70901
23436
66086
41326
76492
105839
105839
85943
58211
79793
77508
48457
59745
82656
77508
90301
105839
85943
48457
36709
103032
36709
71277
50740
79793
72948
92510
124901
73498
105839
48457
65962
53610
90301
93724
32100
57047
37565
50034
5716
52207
36709
77508
57047
44746
70901
89266
44746
48457
35060
70941
63691
64715
59066
58211
71277
48457
48457
50034
19175
52564
50034
124901
70941
32488
48457
63581
78081
48457
150458
169229
7457
22978
41092
70941
93724
50090
44746
36709
111392
90301
50034
58211
17611
85943
105839
44746
48457
67835
41092
36709
45317
64715
64315
50034
103032
108755
99311
50034
105712
32100
53610
48457
35060
19175
124901
36709
44746
77508
32100
77508
123010
32100
59745
70754
103032
77508
49507
37565
3930
23436
114812
125322
53610
89266
66086
108755
125322
103032
80578
28817
50034
36709
65962
108755
49716
108755
89266
105839
37565
105712
50034
49716
28817
63581
45317
55480
36709
50034
50740
70754
169229
58211
70941
79793
77508
45317
71731
65962
76492
44327
64315
39020
63691
32488
57806
41092
48457
125322
57047
57047
65962
50090
73498
77508
77508
108755
73498
85943
76492
77508
125322
63691
50034
57047
76492
101544
32488
70941
57806
50034
28817
48457
49507
123010
150458
50034
58211
36709
48457
150458
55480
37565
36709
50034
44746
73498
50034
35060
32488
63581
37565
80578
27856
36709
105712
103032
58211
57806
72477
48457
50034
92510
48457
58211
77508
57047
67835
48457
169229
19593
53610
50034
108755
71731
48457
66086
77508
70754
50034
169229
57047
57047
123010
48457
59066
37565
50740
105839
42544
48457
48457
57806
103032
49716
108755
101544
105839
48457
114812
36709
36709
51474
108755
64715
32100
124901
48457
89266
76492
57047
105839
76492
76492
57047
57047
79793
57047
48457
50034
72948
57047
50034
44746
53610
15
32100
105839
38489
50034
123010
111392
57047
108755
108755
33262
57047
48866
48457
92510
64715
53610
79793
50034
44746
36709
57806
55480
55480
36709
150458
67835
53610
50034
55480
73498
59745
59745
50034
58211
80578
77508
73498
48457
72948
19164
50740
48866
50034
36709
90301
92510
63691
55480
50034
114812
50034
90301
114812
48457
93724
78081
105712
48457
103032
105839
114812
48457
108755
169229
36709
44746
55480
150458
70941
101544
90427
34685
8818
30831
58211
108755
48457
92510
83359
36709
105712
53610
50034
51474
48457
71277
44327
57047
70901
57410
33262
80578
49507
44746
93724
66086
64715
53610
51985
72948
77508
57806
48457
36709
48457
48457
72948
32100
19521
67835
83359
50034
78081
49507
93724
50034
101544
28817
57410
123010
44746
90301
73498
55480
70901
101544
28817
50034
78081
44746
54104
41326
155267
35060
51985
77508
39882
58211
57806
49507
53610
105839
52207
50034
78081
105712
44746
50034
77508
76527
101544
73498
50034
76527
48457
80578
58211
38550
50034
80578
50034
37565
50034
57806
49507
93724
70941
36709
55480
44746
70754
57047
70941
57047
73498
50034
77508
48866
85943
55480
103032
44746
50090
125322
150458
57806
89266
71277
53610
52207
63691
124901
103032
155267
55480
50034
76527
19175
48457
45317
36709
93724
70941
77508
52564
19175
49507
77508
48457
50090
90427
50034
64715
99311
57806
45317
93724
70901
45317
64315
108755
77508
63581
49507
65962
124901
76492
105712
41326
150458
72948
59745
111392
71277
77508
50034
50034
50034
83359
50034
50740
89266
108755
48457
44746
51985
41743
55480
36709
76527
63691
51474
53610
76527
83359
48457
50034
59066
48457
48457
53610
52207
41326
105839
57047
34685
73498
59066
72477
50090
76527
79793
90301
67835
83359
114812
57806
80578
70941
50034
49507
32100
50034
48457
48457
70754
36709
50034
36709
59745
70754
105839
124901
108755
105839
44746
108755
111392
53610
124901
57047
99311
63581
103032
72477
48457
72477
124901
49507
70754
70901
63581
108755
51474
48457
48457
89266
70941
50034
52564
41092
53610
59745
53610
36709
93724
48866
64715
49507
53610
73498
50034
58211
50034
70901
44746
59745
76492
48457
78081
105839
71731
78081
76527
155267
89266
79793
105839
85943
70941
36709
71277
57806
83359
105839
108755
77508
67835
105839
71277
72477
72477
50740
103032
64715
57047
36709
57806
78081
63581
108755
48457
83359
52207
72948
77508
50034
90427
77508
48457
59745
55480
70754
70941
19175
77508
50034
44746
58211
35060
48457
70941
66086
72477
57047
105712
41092
53610
48457
55480
36709
99311
59066
83359
125322
70754
155267
49507
50034
49716
105839
125322
105839
58211
48457
21793
58211
36709
108755
73498
77508
48457
111392
101544
73498
82656
58211
48457
67835
45317
49507
57806
36709
111392
52564
73498
70754
103032
48866
76527
65962
53610
48457
111392
50034
50034
99311
32488
23436
50034
123010
50034
31998
48974
53610
77508
49507
59066
58211
36709
45317
108755
65962
63581
108755
76492
50034
78081
125322
64315
103032
50090
150458
66086
49507
70941
78081
50034
77508
72948
70754
111392
78081
45979
89266
90427
93724
44746
77508
58211
72477
71277
50034
150458
36709
9295
108755
50740
44746
48457
57410
43827
59745
48457
50090
23393
51985
155267
70941
45317
76527
77508
48457
123010
150458
44746
45317
49507
92510
65962
51985
52564
105839
92510
50740
44746
59745
76492
57806
73498
30831
45317
93724
50034
36709
57047
105839
66086
85943
59745
70941
70941
36709
79793
99311
57047
57410
93724
48457
45317
28817
123010
76527
50034
1303
70901
41743
48457
50034
42544
63581
41326
48457
59745
63691
48457
50034
57410
99311
50034
36709
50740
45317
77508
72477
72477
59066
70901
124901
50090
50034
114812
53610
72477
36709
70901
169229
36709
55480
58211
48457
45979
30831
45317
48457
78081
37565
49716
64315
70754
50034
150458
101544
105839
90427
55480
108755
50090
48457
108755
48457
45317
73498
71731
57806
57806
57047
50034
77508
63581
105839
77508
59745
108755
80578
32100
32488
76527
76527
59745
48866
63581
105839
77508
124901
50034
23436
73498
71731
77508
59066
72948
67727
57047
57047
50034
50034
104210
66086
57806
41326
108755
105839
36709
50034
124901
150458
36709
90427
53610
23436
78081
103032
111392
105839
105839
32849
52564
55480
48457
77508
42544
7457
73498
36709
48457
63581
48457
48457
48457
57806
49507
44746
59745
48457
55480
65962
50034
19521
80578
44746
44327
50034
105712
48866
80578
105839
77508
108755
50034
155267
50034
55480
57806
111392
51985
72948
79793
53610
111392
83359
55480
66086
124901
89266
108755
103032
44746
83359
83359
71277
70941
53610
65962
59745
108755
108755
48457
105839
80578
50034
41743
76492
59066
123010
16134
155267
48457
37565
83359
48457
58211
105839
64715
155267
82656
77508
48457
48457
45317
50034
48457
83359
125322
108755
58211
50740
125322
108755
65962
76527
76527
63581
77508
58211
36709
78081
48457
105712
55480
55480
48457
44746
50090
70754
72948
124901
41092
49507
14605
105839
32100
37565
90427
73498
48866
49507
108755
50034
53610
50034
108755
114812
73498
45317
53610
70901
76492
36709
32488
70941
64315
50034
50034
70901
21793
77508
63581
66086
28817
73498
59745
48457
150458
64315
72948
70754
67835
77508
114812
44746
73498
44746
105839
42544
49507
114812
67835
32100
105839
20518
125322
45317
53610
82656
99311
80578
90301
48457
48457
93724
77508
48457
65962
57047
53610
70941
70901
77508
90301
77508
53610
105839
124901
50740
77508
108755
59066
57047
44746
57806
58211
50034
48457
105839
51474
44746
105712
64715
108755
57806
48457
85943
44746
53610
105839
50034
77508
72477
82656
41092
111392
48866
53610
45317
52207
44746
105839
89266
123010
105839
57806
44746
63581
65962
44746
108755
77508
105839
48457
59066
90427
73498
63691
63581
76527
45317
50034
66086
93724
83359
125322
169229
28584
50034
92510
65962
101544
73498
48457
83359
77508
105839
71277
85943
124901
76527
57410
101544
36709
77508
37565
77508
53610
63581
52207
78081
65962
114812
89266
80578
44746
77508
63581
48457
50090
114812
83359
77508
70941
58211
105839
57410
27856
50034
50034
101544
85943
70754
23393
41743
70941
53610
59399
48457
32100
27856
82656
93724
53610
48457
50090
49507
105839
50034
48457
48457
70901
50090
58211
8137
72477
44746
72948
48457
41326
70901
125322
38550
14106
49716
78081
70941
49507
58211
48866
155267
48457
70941
41743
35060
49507
44746
71731
51985
41092
66086
30831
59066
57806
48457
80578
63581
50034
105839
32100
16309
108755
43827
63581
48866
25534
22155
41092
64315
57806
48457
48457
77508
55480
49507
57047
71731
103032
125322
77508
41092
57047
83359
50034
70901
103032
46463
48457
108755
48457
101544
44746
71731
20518
57806
48457
90301
73498
49507
63691
49507
123010
50034
50034
48457
32488
77508
169229
76492
65962
50034
48457
77508
77508
71731
50034
49507
99311
22840
82656
32100
103032
58211
82656
50034
44746
57047
41743
82656
105839
64715
53610
64315
78081
57806
57806
108755
71277
55480
33398
36709
83359
99311
70941
66086
37565
59745
49507
70754
58211
57806
49507
103032
37565
51474
83359
48457
155267
48457
155267
93724
76527
105839
76527
70901
41326
169229
41092
93724
36709
92510
57047
82656
50090
36709
92510
35060
101544
80578
45317
105839
50034
83359
38550
64315
37665
108755
77508
52564
55480
76527
57806
59066
70941
83359
53610
57047
150458
53610
36709
72477
49507
71731
79793
76527
45317
92510
48457
99311
124901
76527
79793
70901
111392
59745
63581
39882
35060
103032
36709
78081
48457
80578
50034
125322
48457
169229
83359
58211
48457
55480
48457
108755
45317
57806
70941
59745
63581
57047
105839
44746
44746
101544
48457
59399
114812
92510
83359
103032
114812
45317
105839
169229
59745
53610
73498
105839
36709
48457
48457
76527
28817
49507
103032
28817
49507
48457
169229
63581
28817
57047
57047
73498
72477
2474
42544
52207
111392
101544
48457
32488
48457
53610
53610
36709
63581
78081
105839
79793
59745
59066
105839
58211
63691
59745
59745
70941
36709
48457
50740
41743
41092
41092
169229
58211
80578
49507
48457
36709
108755
50034
48866
101544
73498
66086
58211
70754
64715
108755
77508
70941
70901
73498
67835
70941
50740
57410
70754
52207
169229
65962
28817
48457
50740
73498
32100
63581
11192
78081
15010
50732
32488
52564
59745
71731
124901
80578
49507
6312
20518
48457
79793
23436
55480
44746
49507
55480
38550
82656
30831
45317
55480
114812
34685
52564
52207
65962
57047
150458
64715
70754
72948
125322
123010
53610
78081
70941
80578
78081
124901
77508
67835
155267
114812
108755
36709
90301
123010
90427
90427
57806
32100
36709
57806
44746
70754
169229
114812
63691
85943
42544
58211
105839
16309
103032
45317
48457
58211
48457
80578
90301
52564
90427
36709
82656
49507
76527
59745
36709
53610
48457
8999
57806
103032
44746
72477
50034
45317
52564
45317
53610
48457
48457
76527
80578
77508
48457
19175
49507
105712
76527
169229
77508
50034
49716
36709
70754
48457
76492
50034
57806
72948
71277
169229
64315
59745
90301
44746
52564
101544
125322
90427
30021
36709
44746
57806
76527
90427
51474
124901
125322
105839
89266
101544
59745
93724
169229
77508
76527
33262
57047
77508
71731
63691
36709
57410
57806
15999
48457
51474
71277
103032
48866
44746
73498
125322
73498
77508
57047
123010
41326
57806
48457
50034
76527
36709
103032
114812
50090
50034
72477
57410
52207
48457
48457
48457
49507
108755
108755
48457
50034
99311
50034
124901
83359
150458
85943
57806
92510
35060
48457
103032
65962
51985
150458
28584
53610
48457
67835
57806
32100
111392
67835
111392
79793
70941
49507
70754
99311
108755
72948
77508
48457
59745
76527
83359
55480
85943
50034
99311
57047
123010
71731
48457
9296
21793
51985
32100
79793
48457
49507
49507
76492
70941
45317
71731
71731
114812
155267
70941
76527
55480
57047
58211
70941
114812
57047
70901
103032
72477
50034
48457
50034
48457
44746
77508
93724
67835
32100
24175
76527
37565
45317
71731
108755
90301
49507
77508
80578
48866
59745
125322
123010
82656
103032
77508
70754
123010
53610
48457
45317
108755
48457
83359
32100
70941
44746
150458
32100
53610
44746
89266
44746
48457
85943
83359
44746
52207
123010
48457
123010
77508
105839
73498
48457
123010
72948
49716
59745
1719
58211
59745
45317
9302
77508
59066
49507
70754
70754
111392
169229
36709
76527
36709
5192
41092
73498
36709
57047
50034
92510
53610
48457
50740
59745
55480
65962
45979
44746
32100
35060
76492
90301
44746
150458
63581
57047
50034
83359
50034
50034
42544
44746
55480
64715
38550
89266
125322
57806
48866
80578
83359
53610
41092
44746
36709
72477
64315
89266
108755
73498
103032
48457
77508
82656
80578
105712
50740
64315
45317
70901
82656
48457
105839
83359
55480
49716
105839
32100
49507
41092
78081
37565
36709
48457
53610
52564
71277
59745
101544
108755
44746
77508
48457
105712
45317
53610
63581
48457
93724
50034
114812
27856
114812
50034
51985
48457
73498
19139
50090
52207
103032
71731
59066
36709
49507
48457
48457
76527
111392
73498
89266
50034
108755
59745
50740
71731
71731
103032
77508
93724
19139
123010
57047
155267
155267
50034
111392
101544
45317
19164
50034
57806
49716
99311
32100
63691
59066
48866
45317
73498
89266
50034
93724
52207
45317
111392
108755
53610
49507
108755
123010
124901
64315
51474
48457
49507
124901
57047
53610
92510
23781
71731
19175
111392
6114
99311
70901
48698
50034
59745
155267
59745
50034
103032
53610
45317
63581
82656
70941
51474
50034
105839
52564
73498
70754
92510
44746
57806
53610
124901
57410
48457
28817
150458
55480
63691
76492
93724
77508
70941
44746
51474
64315
57806
108755
35060
108755
50034
90427
58211
125322
70941
36709
44746
53610
59066
77508
169229
80578
52207
73498
79793
123010
45317
48457
105839
101544
108755
79793
44327
66086
49507
93724
72948
37565
48457
101544
70754
6114
77508
70754
76527
108755
76492
32100
77508
72948
70941
211
57047
49507
105839
108755
103032
48866
53610
72948
124901
124901
57806
48457
65962
70941
108755
70754
48457
39882
124901
64315
66086
58211
50034
77508
55480
48457
73498
20518
83359
28817
50034
105839
58211
83359
83359
93724
63691
82656
108755
59745
70941
49716
83359
83359
70754
108755
79793
108755
58211
70941
44746
155267
76527
65962
70941
99311
48457
44746
114812
90427
44746
105839
48457
32100
55480
72477
23436
36709
71277
83359
105712
92510
48457
93724
58278
90427
50034
92510
83359
44746
44746
48457
51474
48457
57806
58211
108755
105712
76492
45317
48457
57806
90301
19175
105712
150458
70754
105712
28817
70901
44746
169229
114812
105839
35060
50034
53610
49507
35060
105839
59745
57806
53610
50090
41326
41743
49507
105839
85943
70941
78081
93724
50034
41092
103032
77508
71277
77508
105712
125322
49507
7545
101544
85943
36709
22533
50034
85943
48457
48457
103032
49507
58211
66086
36709
64315
105839
50034
36709
45317
41326
50034
70901
44746
44746
105839
44746
57806
111392
48457
48457
66086
50034
92510
50034
48866
53610
80578
66086
85943
45317
72477
50034
67835
101544
155267
123010
150458
36709
77508
83359
77508
17401
50034
108755
48457
108755
79793
49507
89266
66086
85943
70941
50034
34685
37565
111392
70901
32488
53610
36709
59745
37565
65962
63691
77508
27856
105712
48866
59745
103032
85943
123010
66086
71277
53610
79793
105839
90301
51985
50034
49507
36709
78081
105839
44746
105839
58211
53610
123010
48457
70941
105839
85943
77508
59745
57410
50034
93724
55480
50034
4951
23393
83359
103032
99311
93724
36709
59745
108755
63691
63691
85943
49507
67835
64715
111392
50090
77508
65962
72948
57047
124901
105712
72477
70941
125322
76527
99311
169229
48457
125322
105712
48457
50034
76527
101544
45317
169229
64715
57410
124901
50034
48457
77508
57047
45317
63581
50034
77508
76527
58211
41326
48457
44746
105712
48457
19593
59745
155267
80578
50034
44746
78081
90427
108755
155267
105839
50090
48457
48457
44746
36709
44327
36709
53610
64715
93724
53610
70941
19175
90427
108755
50034
57047
48457
114812
23436
111392
73498
77508
108755
99311
92510
108755
125322
57806
124901
50034
90301
99311
77508
48457
123010
48457
71731
53610
71277
58211
70941
41092
67835
57410
59066
77508
36709
59066
105839
32488
79793
155267
70941
51474
114812
71277
73498
17220
114812
36709
99311
37565
48457
77508
103032
85943
57047
34712
48457
28817
76527
108755
50034
32100
44746
58211
55480
23436
155267
50034
123010
71731
50034
123010
78081
123010
73498
19175
48457
71731
50034
103032
41743
105839
45317
108755
44746
50013
45317
64715
80578
41092
53610
30857
105712
53610
63581
70901
76527
150458
57047
90427
155267
64315
63691
78081
51474
36709
63581
57047
63581
85943
44746
72948
49507
32488
25534
49716
64715
48457
63581
52207
77508
32488
36709
48457
51474
36709
48457
124901
83359
76527
50090
105839
105839
50034
89266
73498
85943
19593
101544
111392
85943
44327
50034
48457
53610
76492
103032
66086
85943
63581
48457
77508
64315
57806
155267
70754
57410
111392
44746
66086
63581
48457
76527
35060
48457
23436
105712
63581
49507
52207
77508
45317
76527
45317
77508
83359
105839
58211
73498
44746
50034
66086
41092
72477
105839
50034
111392
53610
50034
50740
77508
77508
43827
82656
53610
48457
50034
108755
53610
57047
49507
50034
50034
83359
105839
64315
59745
48866
108755
64715
59745
83359
53610
114812
50034
50034
150458
85943
28817
108755
169229
82656
114812
51474
45317
48457
50034
45317
64715
67835
105839
77508
53610
108755
48457
48457
90301
73498
53610
93724
108755
23436
58211
108755
105839
103032
57806
23436
77508
44746
71731
70941
92510
50034
83359
125322
41326
48866
1244
55480
35060
50034
49507
48457
105839
57806
19139
169229
105712
52207
44746
59066
55480
45317
48866
50034
53610
44746
48866
124901
44746
57047
103032
37565
57806
63691
92510
44746
44746
45317
57047
50034
101544
77508
72477
123010
53610
48457
49507
105712
77508
44746
108755
101544
58211
65962
89266
50034
105712
41326
64715
65962
82656
50034
50034
63691
72477
105839
45317
48457
57047
108755
70754
50740
49507
57047
45317
71277
53610
63581
82656
50034
79793
99311
108755
93724
70941
50740
77508
70754
101544
58211
57410
155267
48457
108755
82656
48457
76527
48457
71731
48457
70754
37565
77508
51474
101544
48457
36709
83359
57047
59066
108755
59066
48457
48457
45317
50034
70941
57806
64315
99311
48457
76527
93724
45317
49507
70941
65962
53610
77508
50034
45317
92510
63581
57806
123010
50740
77508
90301
58211
51985
57806
103032
53610
65962
83359
63581
44746
92510
64715
28817
49507
99311
92510
57047
49507
28817
49507
48457
99311
21793
12921
105839
124901
44746
76527
108755
48457
51985
41092
48457
44746
45317
48457
78081
123010
108755
50034
52564
59066
41092
57806
52564
77508
76527
50034
70901
49507
77508
49716
57806
32100
169229
50034
103032
92510
36709
59745
4298
99311
63581
80578
52207
48457
71731
48457
70754
70941
125322
77508
150458
80578
42544
64315
85943
111392
150458
58211
58211
48866
82656
114812
44746
36709
105712
37565
70941
51474
48457
99311
45979
76492
108755
27182
57047
28584
12921
53610
70941
101544
78081
45317
76527
103032
27856
57047
73498
44746
57806
105839
71277
57410
150458
63691
45317
58211
93724
71277
49507
71277
55480
28817
169229
44746
76527
103032
71731
50034
79793
57410
76527
34712
169229
105712
50034
37565
89266
77508
82656
45317
108755
57410
45317
59745
89266
63581
48457
108755
44746
169229
48457
57806
76527
73498
105712
57410
72948
103032
72948
70754
19175
4895
76527
63691
50034
80578
83359
108755
72948
44746
35060
82656
48457
48457
70901
55480
64315
58211
103032
90427
51985
23393
89266
66086
92510
90427
103032
44746
108755
105839
28817
72948
105839
52564
99311
101544
50034
53610
59745
105839
70941
71731
63581
50034
48457
48457
59745
63581
44746
105839
123010
64715
123010
77508
44746
73498
155267
93724
67835
85943
63691
49507
57410
45317
114812
48457
19593
76492
108755
72948
45317
72477
45317
65962
36709
99311
103032
45317
65962
105712
44746
67835
45317
90301
155267
50034
53610
57047
41743
25534
44746
58211
8873
50034
50090
