875661
-1
493818
361828
546317
493818
875661
81393
730586
85773
546317
275839
795748
-1
740007
654550
654550
309367
304837
740007
875661
638199
450361
654550
546317
309367
-1
507193
875661
361828
794313
451898
-1
875661
654550
182729
654550
570185
740007
584844
795748
-1
546317
875661
794313
875661
507193
654550
650245
275839
794313
189443
309367
361828
427205
493818
427205
507193
493818
875661
-1
730586
493818
794313
875661
-1
507193
180174
361828
638199
451898
654550
875661
740007
794313
493818
546317
493818
507193
740007
-1
-1
654550
-1
875661
654550
638199
493818
-1
638199
