802063418
966378754
22069197
201998917
842589906
546184681
900377022
382306207
684961603
283346735
445089338
965095801
685920779
350842863
997735258
891940230
85901111
618481405
504062232
874092535
488857157
999772431
776215802
672609737
86093926
482332998
774155391
754274614
92640569
709544601
210185414
836168633
922994094
699143329
483401800
548682914
704870057
709179086
145427534
958460221
752936023
545038190
936130216
205254583
493554614
544359218
169589742
744477270
999406857
968585822
233154544
579621047
151640404
942309182
102382879
580057001
936150370
958825608
359206447
358589190
138989445
248220084
355806981
14777556
230241686
769935674
900223316
318704938
939711994
966549606
33012649
745079418
922437478
909579382
222483916
568641007
277205008
476680532
210633251
602531653
921617946
726995029
78563802
769901232
772521980
311010623
617040843
153267651
974473094
562661605
422849725
621609741
575094707
657405598
660879654
855272643
956825728
554425277
86130564
495822037
604857747
375691857
59091275
783574368
261831677
727977895
909444190
431712764
16601834
465731773
90995843
132310775
53240654
32719659
425626321
274304806
761129424
280619042
351549928
692759783
241206158
527924209
838954700
626676037
986369767
1948396
272755402
729293853
179801204
781413606
381621474
529500408
238499272
329865616
877933685
741218778
687185446
144028516
249432520
230527186
190817008
920683777
495229795
614874778
656996765
541070458
363395861
983364819
754271476
815636456
432494361
522513818
192765368
471646555
438890025
533482682
990687804
607871578
291005619
957339515
468364757
953394226
665907064
338261026
482765958
482951715
887645556
712594178
730677540
789845463
795174075
691912951
583696902
906554630
790557681
867752179
769202068
385513858
267698397
644502242
3227985
531214659
416499153
253734207
596184848
219147780
736837696
920841326
112945012
421327015
36283542
478198055
181777048
932165922
643560673
824253508
201393856
235971718
762452043
613419628
500591261
636477236
219324988
633817381
385790979
623960919
997542847
224842555
306919432
40023662
634755357
425385344
745124534
813406544
849289677
874692224
948150387
367775088
627960031
748640715
987249568
144892501
521902046
252217243
564097901
263895789
442185651
441680686
210345080
29989512
834015017
711038762
351696959
740453753
356365176
569761243
555758301
123812684
307291989
917385599
34630003
162877580
89889310
219031344
312634392
416951715
163397457
624442833
441721241
32526004
926834578
480475004
710350858
590924195
205184747
805564051
952557891
937420634
832050104
111280862
51160247
17246523
704086731
594398525
987341647
440345009
188381277
108057191
746609124
139188270
465929575
643613894
596849567
534374631
752385434
527814937
836072411
780302708
109239118
651825001
218002803
917126075
444314328
429350494
820503990
474936166
465035758
521446165
426855406
387347519
299799558
96770718
499738424
763044631
755968880
529291467
510656559
752624874
469712941
793667387
431872461
942877723
147982804
654637923
621835834
476390842
893552138
935978544
788517682
841434070
758525207
142189190
446221164
21257363
174173678
985248287
397766787
3452064
908528835
413781105
586894755
712042627
59586439
2261311
246080379
512810322
395035119
578208265
596995033
945397454
65670942
400127620
780462766
596888407
431402878
756613344
121307634
101409237
102455121
286719301
390814309
399570036
310623359
3220476
486802513
593050276
341596310
810363367
269511302
113042164
881078526
352033187
705783989
560861381
316500293
601271301
583005443
255958771
805727338
71087040
313247766
407022367
265237445
239660244
102199390
397085448
680168914
599099852
614882991
678834300
666273129
603944580
96308840
36147650
595511648
302022339
688186323
697070505
996411742
695522046
945501757
829413419
759283154
791159844
733511726
975238340
606528532
115788627
867331934
733946186
184230318
397900081
294597939
574090081
737563515
774762074
929167391
107449939
110617029
659846765
690846738
454671001
98644945
356267206
854571802
656089357
853448790
238642726
611651033
772756039
153452175
879324357
506132752
303558997
675202980
894196748
231820813
205701789
910283719
62351587
421732205
685227765
714738685
459364588
755616907
918137744
319314110
85614573
673044720
122678407
533100621
673846701
31817769
945319106
771623810
601560870
767960731
255820161
898372840
918403569
704656691
771449734
792345259
387527553
449024249
636727714
657797912
16945122
923469483
253996148
571850940
176385905
354143499
255320402
206942636
354951063
204304957
808135724
762382603
694746007
476383500
870928105
100953613
201956259
906982357
596521599
863186081
426480746
563855374
136163912
988879892
683192194
389199306
844046501
801606590
512885745
144422959
198876938
298857913
537462441
355738958
951578707
877729380
10519357
51185926
629822073
176407182
644969727
98022815
608342618
192203612
784949657
265289033
966267808
494625226
273237230
571862098
499394293
718123654
827113572
880609695
238726566
17704609
232570113
457980467
107466276
1061118
311765689
138369686
940913622
347050521
220888773
62638887
90389669
51733239
382823393
999749431
295028243
356992128
806656643
985494556
86763693
63155929
711079697
358026162
584965735
451255214
382693080
627038118
95782913
604401859
818335970
824551703
690754558
105316842
417535752
155781139
795642044
905913350
722654407
554217959
97642310
387168714
467723645
756137017
432875333
94252863
998470934
912612783
962012759
446322398
452601116
927601933
744275495
308212112
124604275
251862849
764168173
447687693
442719063
52910778
767313967
298293796
481897730
674393836
650639361
514966348
220817766
962622204
510866792
733379177
902527549
442961837
352274610
758171365
753951045
255717829
147110970
338254758
292179032
455246446
507194268
12745846
474878192
737946112
129460751
970068075
758098347
406433587
647556822
67756137
367380449
82395170
967276690
893363010
676883525
692263999
871869318
375214752
489894327
774868674
454237449
358565620
679565492
436625372
214462862
481954004
395635725
178236147
477359667
306933155
903589288
594714359
372097009
127116645
5298597
879896863
536706506
175939752
480839415
108305480
418914662
40618046
65395699
280904173
957292208
731018792
629814937
557268
884317776
13958756
680980439
308107507
589892994
769783181
944911692
181934034
94113050
958646684
939211068
177986170
955294085
552913067
170424465
147440819
781712820
779125219
508426466
344512472
939718033
689749854
285409314
113561608
587930636
701007949
31250945
965608926
70468828
829139550
677211828
643720424
397652016
480519016
436820910
195951862
682370916
93697833
878834308
236382126
771790419
572137565
887474658
65216254
966446799
341726645
714357320
40099295
315142141
355728132
112707978
554768784
134179697
323447363
439710018
449193592
132341430
939388174
339053038
365780364
843842561
146920139
616230005
885820096
986549764
488078732
260241646
864437444
503500612
209701609
131512150
367384842
951186445
553647398
686081443
306401147
884814677
3867785
512788733
972247297
876154496
359358666
736460199
273699047
624472081
431502904
203918768
14392483
295545328
5332193
479638206
776623961
901049206
868236591
629936065
542451295
12996538
311147023
169452827
553998949
709447570
142513675
562418913
467267980
172419855
966124791
152416661
562088004
739629494
774141005
711456466
330524890
11202003
259826800
186416272
523913239
402712848
867233300
376992513
170775698
282047724
401495387
520998150
751976088
807494653
363797091
11320619
640463373
785224678
41037540
443984677
151044878
153231666
768546417
275761911
68231540
399676496
526119864
210635062
424722306
877685490
298879735
154972398
585899600
481128802
272390696
383631418
473746043
706547378
695244534
750007467
615018588
677313366
144547277
413662226
930146137
227501280
672324125
626367675
877247500
645744245
579368256
381990422
69345000
998714010
536008105
656771077
546369305
308804791
28562544
722345806
554528855
880081323
243286366
657622339
287480926
24262698
328622768
472883325
134772442
282838180
567984382
572414135
546957795
970020139
620336296
283041034
723285286
37981243
847753833
798147028
152600680
866692030
42145837
589781524
518046095
825962715
200432462
305623604
861763758
360943005
825665907
544428739
933703882
122831199
679610850
784527480
997471250
387521343
265896341
652672500
710307919
875851663
43264635
501173466
695243574
43714189
154651271
716854902
485027499
214462166
8843929
449305994
971587682
355345460
111107102
841833518
177653514
575438809
711607461
193510172
109768712
395964148
149147942
455124081
534874409
589941459
63674651
396755387
598791991
733954901
39309409
199138161
294185335
864369014
34365688
666924073
724786401
700895264
552145931
757996266
301508004
340233975
499110908
530597621
790924780
834129180
158724268
600429013
693360929
854493164
279869317
744834139
165606369
225154187
576860181
969512985
842766526
980030474
847927167
849341515
908146403
441199740
971912860
221185498
396286791
334556459
379859658
848991462
26895732
238513477
359174577
939778008
662582305
111627800
624196805
990975647
468982694
858135479
530150321
318503239
233068215
726072438
797750228
976033124
877450407
784018822
132495890
887575499
260967611
576072199
55091232
668903510
738085244
398973693
297367875
575496632
697461991
619777255
109719816
505088853
888437794
608293185
640544610
748810354
870090513
994331660
27890665
951485399
151970901
351187044
582015229
794245783
340836291
620941041
292463822
209577832
757585130
727225669
614210118
906711997
913166178
998203353
310004518
418730873
44948179
874510973
995134437
276534058
877074317
93504246
234119291
228988068
274302518
286708947
124126977
240638170
323620412
608199834
459749331
663211877
99542702
431793432
585431595
646248889
114716157
444508060
665196314
526801821
379378536
436539152
688564636
71570345
975595923
857452995
770002963
361656272
383447889
725980398
920663303
785029720
769239766
437017735
217160568
221737014
697488931
550339373
349962540
290565359
636368924
1890609
337764250
791318765
82709779
907924784
643829290
141576187
935405701
44082996
554750637
685719836
500476445
985458718
260675468
38242846
238971135
928109012
149984246
171429919
612320106
539075590
66369203
586111508
95752109
99554588
164494938
82492528
273799319
65738477
461164192
29025437
778892309
70815900
573399285
399706339
158637523
313431040
503568439
327502696
453486473
975539988
554990730
635522074
499306015
666170953
846721945
102567821
954990321
719786080
755779493
435563811
152388975
28664253
720798719
936769257
693006233
630345122
880168687
231396093
829154450
848331125
66688766
140359018
175198365
662594816
950750439
328797040
347725762
261133110
439893965
902949871
994412651
548079790
619502058
475331782
847937195
619085714
201119191
815816985
766713969
60030528
579286802
518026122
30368964
690913588
255275322
772603314
227450433
64118939
181218018
963772588
272568364
666591108
59280138
514747332
214830693
872869102
893896309
84346411
206010450
774002460
754921641
725459028
221877584
668123512
775929550
146571855
652152688
230574042
768115302
95812294
567737432
8973139
638766088
693505307
255521066
335246087
492467413
774940665
935949388
426351922
854384626
734873930
973385745
662173852
973593182
723840447
745637793
568550495
379472216
494664881
481547951
373476610
249760002
242745672
79144842
734590789
57370019
883250236
782332526
779321199
678621305
123227724
488672315
580725078
416696709
505563008
807845086
108859346
680185706
507383470
896954616
132859648
192553356
981383704
584928160
916766966
396956232
836931109
580889415
502525499
718720770
395641614
470960902
919886741
237432132
168397749
999294550
280284947
284855341
835348568
738884271
830914857
360096541
614086432
691742634
296505935
838345090
905955582
389977889
419728024
822275336
391602794
956072237
946034955
911229232
342855474
711555401
756149491
467938990
961582730
854991590
393901179
58982097
603521783
210535975
934151850
856593141
953117257
182216466
492385096
525318645
99035938
669842041
568978863
278451831
604486957
979768183
633831426
773079959
122807877
484822462
512370740
517152493
563417170
506096152
483031874
114704029
843187187
535079186
279163542
540824710
711259057
32128917
960939774
813567692
778760002
157335863
470469545
801850545
556580469
620707257
45096608
281415220
92718615
98168130
692107032
889810110
641425130
649663696
568031616
923791774
90332746
764583590
528362019
143534773
914536390
563877451
1870617
213491610
141747953
129458803
943671476
15455903
50341491
449267892
853298460
551945787
592753401
878091648
672033772
853342277
528119583
473542411
691053921
151267375
669469795
618403512
438247119
875086036
714638732
77504939
36405764
973350411
704433396
527955441
327889107
809923584
474065459
481044240
350685834
578746517
306903371
261476904
872461358
305456800
911162032
373933692
938443554
141735977
122065161
676804152
301777877
540307102
656038016
315633408
959245767
600649898
707440909
648933753
995197020
398022120
774142697
320460567
352385496
601253646
314937074
580160223
211033823
913164976
555932548
345440666
703571753
119901701
141130054
393554425
338762936
355948678
355093738
737722531
694474105
353213471
799055358
47745215
645946013
901496240
399458389
964213805
634852467
64600607
128540034
21723711
993730677
241438095
138608839
881493163
117030159
369467382
197794619
829107313
564916358
411257991
553956987
793853377
871788741
863043226
55937328
656784819
103614236
299382446
446032523
783017926
723115488
183023416
714381785
475034987
871507205
677245381
178659438
485699231
344835461
767855902
450555920
784779243
59503853
593567594
351275396
500491392
613401033
969769487
251193516
736136376
712541706
508493031
57153717
459440606
448310577
286085766
122498393
267328137
863895011
163220235
277089529
724132404
708436428
731970469
207075769
38373956
4963541
702469469
954973132
828483737
708642698
545818142
226141598
275397481
539752214
547923119
425239111
345691159
18626617
124709157
514942547
222486120
754785464
881657721
968511308
337349491
485563816
722433224
127339273
646364336
101263051
338600890
78604535
79011239
878404164
376922829
823542110
11362729
781009603
69308665
965574031
73779221
309916012
608861510
864192396
518775915
15281511
192653551
610223902
257304569
250510884
899264568
783927444
591972467
177982899
407512454
225960828
847892886
685129938
94429440
867764475
171826983
173768795
711885087
66492535
431050244
159270995
733976852
734777430
355328176
977338818
680899631
56435692
654262095
665652545
247631550
830929817
369900055
738323336
525736837
39912371
605059759
420278830
884713265
169762297
778869943
239132189
939828950
11001662
196275680
188537154
978321026
912098434
752663875
220468477
26586339
973598328
352795910
718350580
268842502
51460641
761782179
647510271
729663322
607768137
18933664
808610669
206932765
795478635
779940606
867632338
549443545
157021057
705081951
624053361
624700873
701639707
580619764
647940063
676678315
992077721
476031638
296614057
598558541
129051685
490885813
933016085
797045867
375901301
170866980
508762177
912115703
997287891
860291936
400590056
773031571
314448676
400977211
809601464
241584096
432333195
383343764
507757879
984099459
118564877
677722748
671123335
637658006
443824424
431993576
173200139
803544613
673792415
313073619
830364482
27501802
192716207
324398290
774974316
89230187
758337674
761987672
572989761
551541796
946266213
615559455
713871814
833675747
177022435
960460922
994126909
153396410
998824212
318937186
106762283
155686151
27024041
176828349
936466653
55658778
362831492
653760609
868906029
587425906
954408255
663141477
787649309
917455221
246500858
983294678
770252877
991421562
370530186
511273988
421458595
220501658
544263846
6412244
351230132
113387851
1267286
871024439
810198338
58395897
917961993
242335552
257860306
817486140
568385406
487827194
279683544
305434850
398090627
416120702
766347998
13175130
348598132
74727953
729653384
238891869
881606335
167969762
625597371
3917510
857113108
397774394
878546118
340753131
928317843
774897138
479770931
899798062
630393717
127325346
425531952
893796458
115773599
146401390
869566325
461355697
696979314
715671539
49335890
895633248
376624228
302306729
281254030
984863317
671134330
404510542
721254317
345044270
439223618
513068111
91819577
578696738
349716148
551296831
493128059
975538052
226938499
680531854
570819705
591459235
270839758
386216296
987264600
776577409
292302879
276193755
386997593
740701050
662710303
490098732
773642708
444077298
354427961
195292976
714623578
706078444
328819086
340483704
656014514
39329677
956989265
513153339
379707001
528886613
283133946
991212235
68553148
239703744
884115532
161764365
748899764
974622563
299998445
261914305
599819957
514611050
894385521
263914267
397829147
797237567
683863873
429473120
757827584
89843932
685158834
465820333
543169665
984670212
22291615
149906096
463524951
593786984
136058480
807724673
698738875
355583284
488178412
929461434
259321966
376177843
546274762
220720696
535025900
698204626
466938254
148165925
335498029
462600107
144372802
719792762
849048977
415542166
921884482
369011910
814980785
540415513
663189591
678042658
642464188
241471738
40918025
351534673
291649798
120926081
256857639
609742596
776415273
744733273
784512735
577795083
503176326
703594874
147151635
168780433
250980021
309370610
536780966
464263182
49996710
340842484
395597900
478300838
559372086
447223451
196989897
979644192
272898959
553056303
181014518
171221560
656447288
874810209
635682920
824268843
498068983
772973863
833826454
625193697
547897968
966492219
927311152
670793100
467656524
235448748
807011437
135223564
544556298
716050705
39133756
554345248
880596008
677599558
567913656
564065139
882341557
776742935
220415471
202772179
892471197
878785332
287587473
206180644
690586826
1937168
107918293
240626576
300316841
886697487
937197120
502192057
798668088
100157528
394894727
338317415
131925917
698719759
13028411
158134792
231868904
551897321
941671031
895188425
124824691
280871300
736116686
758613317
51419288
499640121
442302995
98008078
853952391
273759287
877155820
814810829
303650546
87412092
191450336
427637316
331953105
230371088
578412240
17919068
781325597
913919012
939715632
400236822
918947447
929244031
615689529
367577538
154566001
468637871
179369794
511770668
389477767
226882981
393873273
951380945
205882238
832233724
342076370
412753813
95462602
68756191
70931632
535537362
793184665
779686459
118079273
633371192
557180028
393384495
472560916
184929640
569821928
270975851
485455572
76751016
404311335
355405190
867101812
752080480
952864486
289429868
967507473
364502558
382312415
40799638
219889977
852690830
334839628
397750859
739358094
754123785
123686690
505001689
142944535
508727521
853564352
360791476
115773879
679670894
474834346
400427221
303398897
997226020
783828133
84926464
819975970
647461816
154189278
322903845
235501704
429020048
594025694
357327718
82363353
620221201
746440718
141876921
416024703
310711561
456870713
211005481
198467126
606429651
156286332
171692228
829081175
131684242
493128810
359870966
907742078
336925656
990117495
164451458
406370929
623757955
720613868
969000827
256490388
953667813
313819498
646314939
755491947
714362094
629938552
776721384
287940974
853284161
107324171
260931454
617624269
4853824
333189821
233063066
281171887
872699541
522553271
650484896
49178236
2511316
47215621
40411964
855475310
217528116
358941269
544277355
338816417
513031246
139500799
208744390
262999827
208524917
664896017
721663615
199989133
368512636
359378089
347363044
353143777
659206656
275425593
514189973
430839205
818575741
449130982
58542011
404802968
807358085
702395052
523708210
377522976
273456624
100320268
348731241
351334904
697058352
441210900
973855574
332329780
940533713
823612274
822840125
631514669
553588057
552185445
140551762
913138344
384772900
28405329
572425984
291670965
121058218
353190867
233320
857542991
621278941
205723489
76766301
733962737
377943148
870455914
851121342
888462509
417643500
929919703
996026794
667474534
76712062
32977114
601439377
473815836
414157240
420446370
43267828
254418663
918620625
95275322
942416158
667452872
534631091
47200680
561146589
70989170
629392873
978328935
635601220
155550313
519429971
924805529
607702013
230849155
777385175
2610037
340675414
196277968
55244485
278903146
858219500
10427924
514143188
620032371
617595901
286987509
568819261
150984637
861894322
805152581
107516344
267193345
474856550
173056174
222452251
645836885
592117223
759169629
365351985
196233939
298522998
105163455
270009036
254203617
787917751
968813669
35276057
740635356
75032908
624900210
953636209
577954014
606034315
953290314
166491661
750782189
378895477
157320352
634874699
760460663
105888590
50332885
696077940
620762354
268169838
485352329
745640465
577500503
133675321
564872264
106934935
632001798
930017304
429910921
249929099
156462900
811487309
755220620
212111384
625591269
188698081
65346118
481908394
805705409
694704524
533020984
467021471
45397974
362121214
542061680
933192225
124716533
242268269
257319916
926218714
320216667
567833010
604284611
570792172
863131045
957232277
90036802
572414107
743854659
151948176
787141469
210587085
902578156
970532506
757222527
208875525
347184163
969909465
58894817
143304169
89206884
529854989
323631106
651809267
539730781
893368481
174231076
141667439
620811967
572302158
666500108
294393257
941199303
486997281
385691359
800305106
183039885
776724607
185939777
312015744
140253820
490893790
195342678
768092367
504689018
521017796
50394106
778381052
176574161
678507420
678064695
147771462
947277060
479217216
178645001
494386422
71781624
81046833
148277057
329981240
98715203
46101374
658765856
357146147
757917560
139576351
196054168
390049512
373008750
964335456
487906315
432082540
993951533
731505530
49487769
875640815
195624966
642989143
499714968
995529546
812891510
639852804
585167112
104079220
299967350
574648631
600855257
289480932
862327776
651189443
675980564
193621788
40924804
291657513
119704394
254113341
318530423
365530142
999880939
18385236
100656944
105301848
140781493
880814264
659071305
592901871
799226491
167370619
459845601
200824119
729429558
739548951
334527475
628461035
965419522
634701579
600003288
470045803
273157907
980476516
219577333
186803932
581899966
155066487
636341449
556282015
929710856
53485686
479279265
312714541
970965873
994662004
95390615
639064378
421422317
772229357
585045843
450447967
50716796
259417890
476882259
783525139
758436802
968050616
931215434
489448587
578026906
359994057
67214887
312634540
671012071
972710619
480902330
498999835
269981995
195667238
659076518
63150915
627382955
37377106
493480119
698621953
116205893
673053834
544883335
828846856
162435567
63988785
130221889
718930579
157676024
782372062
467863587
189544411
257226669
444600787
130274944
308790432
623895371
762945844
692756203
320554548
473505493
252388002
237876692
543424034
700877344
710114964
859957750
826726513
83300049
899694032
17573901
604400863
993273603
795709601
607270132
897416803
789224318
761391052
643476488
809349198
372828763
533990439
750161018
322611355
603315282
541399619
65466524
253811105
479787606
277122957
647611961
506705355
744085628
237199088
777807549
419536455
526024772
17735864
316841430
379624347
552383872
22121698
892745344
736283718
614557294
949344437
550848783
956429282
363161354
91358484
746174710
702890446
37635357
973749539
479077759
115529582
513941267
901691574
854009385
717452029
737915042
362800063
565860273
277270042
540917216
86461442
308347231
456368727
641903957
500567685
567369120
408153686
433505513
366289110
888604991
164075010
639589605
537554386
494266128
489175847
837983957
482127987
996619347
894975748
301079453
494801423
873351999
325251737
767501478
623432457
450912775
153852612
782812708
631471916
487244263
352678538
850992145
616065997
852272390
211470716
626617526
343647
862804789
203497775
859189375
154433305
709454268
901758247
739331061
803184041
534605854
711997921
122725900
534056072
567477737
654495901
484105040
590459937
448160944
636273176
174189774
314956904
722971530
914801356
145677222
675567583
296103557
202116764
737544404
540630253
808347760
504341028
450543519
653076117
975785644
203230007
778280420
256538422
729684191
147623766
483701427
822283704
544904796
937023416
882767332
679485865
477847556
668142374
934899525
406258856
590919843
82859696
501570113
414805239
509690133
336802275
530361328
808412630
720005039
909352715
969541703
963445544
47101202
646018266
425445707
918726696
757325095
284874915
228084186
696966388
721285315
533422666
3555728
770370734
5739364
90268693
889141110
27276682
210044617
322496679
820726306
211787426
527042491
935944684
13081120
967463806
885862988
937347404
451326131
281154910
313577854
272953416
625035526
317420884
783195991
704366957
566587331
549377863
788534213
473955414
185178732
127147725
620970286
602776124
83961378
130018392
550541830
667260744
400069651
49082208
537113138
698826975
9576633
21753537
384832163
34515256
644907019
635235037
895002252
258898449
399852690
631515582
685670946
142530121
415662501
244013381
923316638
757080362
921811929
137573427
524333488
243514382
220487906
735501578
228740762
227800381
349190945
443756680
883854416
814965712
245471635
737121705
874757768
218857599
59784584
144325191
24210928
379783971
543992331
966474303
761339498
294093092
626928206
670086169
216079929
10597828
56770985
666676439
239309458
806827735
953468648
70403379
304659769
30806423
739485080
289647011
951253268
74417412
173314023
896135574
692191109
110270919
593244286
126691199
586108224
615003084
93089793
469540936
44981477
919320194
119903620
910344133
366589865
73111511
39940984
903442989
422766912
270446387
783084379
647122119
195436062
465896322
392140640
902065635
571708074
240658682
478817309
17627412
377781086
657048269
946266278
51759376
7076449
392328088
934726031
964930529
36624510
120594637
314589069
75405423
763933266
892972683
236941424
41214807
437981094
197198526
378902877
405698353
629940325
601906082
492380768
868379275
367772142
508697689
88606691
602733212
198082186
71941394
110136981
419497358
73512531
774221027
198708270
971387207
102983926
923030434
775240496
69211415
776421185
155162110
148042040
785702082
332999304
365592964
193290191
329915444
278480979
471207500
440342596
443589008
429241650
411459688
885025973
868271402
979682069
106107969
295723560
543022305
315960976
197395301
230235277
775840548
777400881
409019777
797118190
115020872
479245440
2642302
500842033
292560387
122229426
822460969
332509094
899612621
159602654
670383138
888871230
506191965
514741726
401898560
783643929
739941177
808134016
209320437
105134315
676895881
192605278
635609723
720345417
860784266
617899014
968847221
412858387
57305002
265488448
26185692
472294879
951172832
890008765
970896724
908636115
699057291
182931918
564177493
581727153
769119841
146090611
123181013
15605130
626228017
420289404
911884850
666896170
749400462
658444699
683290880
873988057
714370383
651549226
384080734
951872764
511120150
455289550
768903145
8419247
439113239
495258629
330279034
551760222
970373545
577068838
750655465
551525673
643354500
150217273
992514558
992954319
140612309
447299086
192716784
981622696
885955793
412325860
852033277
642833166
208931717
967838635
161017401
372879445
558500157
113314134
944162405
115326090
693739817
848610056
41537779
457261784
502586757
401253376
712398163
382335570
91397463
229188537
944226759
724127865
513819734
966110295
814527216
616732616
212522540
65455140
89009839
491769348
365768748
659885595
663684261
715058306
885865753
752947461
674946607
993281995
626290983
516044001
950010314
243875715
670904006
439529919
335059798
424800977
786013097
88280349
366102857
188639110
735573028
738268367
928571631
911123817
507631656
198261826
210251678
739397544
567564794
768731015
228730010
670882568
583041679
12275766
796100542
380078024
649213355
189078673
921251310
723683808
626725777
864800558
574404840
838406542
763483781
192939549
35763922
161851250
323070113
765692976
699724085
49543896
203957957
170025634
267575293
63013985
820631417
408695780
985812905
297840137
849986588
818559454
573867420
915093795
153999673
173682669
211262385
11598274
579750823
682925795
610175011
751055828
59139204
452971967
956983162
235200976
251096046
411181170
995848610
337009358
548090624
278276290
49098770
271539157
637686037
32889203
68330806
742476632
287607785
418031503
524041537
782748113
75439562
43601121
224201766
110971274
335033960
342454306
503281681
13992356
902896354
81143634
723799390
509009046
78675420
656521036
278974506
439174799
168237222
9053257
313697086
559614987
945419663
725579479
177827763
73644293
475697191
225477487
870388497
691609388
63530033
790760668
154568525
778462862
509481402
298895805
560145796
134375005
198880779
256576073
783714360
103196738
238394897
141630031
127604408
428204411
471065571
888771073
178843804
239617548
359225176
126925620
166588001
736233922
106558787
616640300
845696621
679648581
141144469
922780705
936551767
877124428
700121559
397063472
711093227
716291094
115256483
104527016
923412816
635096032
40021261
536672905
860998419
679625224
636579403
239419982
968875659
974979536
438448448
217356701
366047489
513884090
374604710
93845655
75253024
757813109
256705759
346091072
491021730
168335121
432697987
986145564
601249986
513742323
303789745
433465345
7292006
524579411
299128825
361321755
661198347
320656886
516538469
996423955
1627504
434162359
29535385
696442676
892242893
388544267
234456132
467562949
534390470
403067863
686470102
37989611
72500413
285784042
125050233
973635478
150725205
866389277
184530786
770660239
952902051
790122557
823597587
192670166
630014603
731032108
555701307
838087187
493751465
469725287
103309177
279174346
290781137
403636720
789506812
104140617
555011332
496245535
805794791
923307454
567118178
639240040
382550085
117238006
587920782
314170949
392843210
239035486
127554872
777045158
208782631
603009847
896512293
680396911
87588519
902819603
560392054
609189761
987247495
326239082
339536541
920405808
331591665
872248160
295437702
40036960
579327387
794108620
87109391
786247282
369082817
255269651
133928042
398710900
646928723
791019260
214064404
489623891
676021101
60191883
153429224
518554027
711481688
952424443
741703696
721028768
373190136
464372860
790085784
158349949
536673120
358449889
475313920
620135988
263425366
690194195
948053012
523000616
799824765
345327546
493470795
530150026
319289478
665022769
266564731
131001487
717422282
641645570
984935277
548353485
80389477
188049478
460084087
76040387
425533103
594670429
85131239
488854396
534914117
501347002
392938958
902628314
152029936
615516254
490517437
934549032
115829675
409103174
941823448
330874918
435149944
511385018
245598872
22786841
917396998
588470323
761698510
810742559
61178083
283376703
962340763
482332051
200511077
894562071
529356375
955060619
810554795
690694983
536216689
108651416
629557101
697459067
990847738
559552686
118273929
524094918
195180903
876507217
907489392
653509001
114789744
396505218
716226919
320937021
534175675
472846206
797279514
263845338
795072048
931378719
78762903
852974265
545178654
28787960
932694289
49136078
980137032
115847911
165792454
991707890
945612166
287196268
48040670
155883491
36076041
774075489
409452374
613495204
346286187
70582641
225624311
309649852
540777091
776815890
646970248
466120180
375546044
179651853
440527728
442904165
827727198
872000346
779674185
497372071
618665427
97015838
443736102
983960125
50644132
49685571
729035195
194590264
331085347
896807853
71958791
39387929
273043404
703992801
362746313
596772302
255844353
180145848
537647340
764994709
444570175
67810199
126661229
264736732
29460425
376200128
147469707
908943275
581065196
448876769
716519522
95084455
447496018
18990739
503441229
368383715
186658996
88900809
289096493
442034810
356624490
221222741
325718808
99096519
158629721
368186067
411913907
324319681
98540651
504111717
397147816
115979319
391487878
561645112
28142173
33624397
921480091
399035005
633593436
618465352
478830695
602782044
885469701
903905869
280408319
642035029
930396961
198160839
841798560
44799562
853704106
870846430
575509523
123394537
529369953
338167438
15505367
865156997
625888535
782525541
352161002
271958611
402672141
665270487
176044625
126152568
693337168
392479432
620680030
670717576
913910466
339105530
400578954
223742033
211270866
189992108
356851688
297302597
805919294
923503466
256721593
558315540
313390823
125815934
75079954
31509801
19135278
807208554
224184650
603070517
181012553
969543716
953580365
489147822
514816258
164528283
846692898
514699976
559097998
820188790
279074463
57797710
690407633
297863300
735798973
1712541
797520457
686100540
175428388
950823082
751975333
371871132
629914964
145085314
272702088
713565131
906986369
547311630
173434153
921226532
435265022
978876969
710810481
420785421
758240939
184310524
346106746
365655208
277592394
221138257
425241113
279182535
802063418
966378754
22069197
201998917
842589906
546184681
900377022
382306207
684961603
283346735
445089338
965095801
685920779
350842863
997735258
891940230
85901111
618481405
504062232
874092535
488857157
999772431
776215802
672609737
86093926
482332998
774155391
754274614
92640569
709544601
210185414
836168633
922994094
699143329
483401800
548682914
704870057
709179086
145427534
958460221
752936023
545038190
936130216
205254583
493554614
544359218
169589742
744477270
999406857
968585822
233154544
579621047
151640404
942309182
102382879
580057001
936150370
958825608
359206447
358589190
138989445
248220084
355806981
14777556
230241686
769935674
900223316
318704938
939711994
966549606
33012649
745079418
922437478
909579382
222483916
568641007
277205008
476680532
210633251
602531653
921617946
726995029
78563802
769901232
772521980
311010623
617040843
153267651
974473094
562661605
422849725
621609741
575094707
657405598
660879654
855272643
956825728
554425277
86130564
495822037
604857747
375691857
59091275
783574368
261831677
727977895
909444190
431712764
16601834
465731773
90995843
132310775
53240654
32719659
425626321
274304806
761129424
280619042
351549928
692759783
241206158
527924209
838954700
626676037
986369767
1948396
272755402
729293853
179801204
781413606
381621474
529500408
238499272
329865616
877933685
741218778
687185446
144028516
249432520
230527186
190817008
920683777
495229795
614874778
656996765
541070458
363395861
983364819
754271476
815636456
432494361
522513818
192765368
471646555
438890025
533482682
990687804
607871578
291005619
957339515
468364757
953394226
665907064
338261026
482765958
482951715
887645556
712594178
730677540
789845463
795174075
691912951
583696902
906554630
790557681
867752179
769202068
385513858
267698397
644502242
3227985
531214659
416499153
253734207
596184848
219147780
736837696
920841326
112945012
421327015
36283542
478198055
181777048
932165922
643560673
824253508
201393856
235971718
762452043
613419628
500591261
636477236
219324988
633817381
385790979
623960919
997542847
224842555
306919432
40023662
634755357
425385344
745124534
813406544
849289677
874692224
948150387
367775088
627960031
748640715
987249568
144892501
521902046
252217243
564097901
263895789
442185651
441680686
210345080
29989512
834015017
711038762
351696959
740453753
356365176
569761243
555758301
123812684
307291989
917385599
34630003
162877580
89889310
219031344
312634392
416951715
163397457
624442833
441721241
32526004
926834578
480475004
710350858
590924195
205184747
805564051
952557891
937420634
832050104
111280862
51160247
17246523
704086731
594398525
987341647
440345009
188381277
108057191
746609124
139188270
465929575
643613894
596849567
534374631
752385434
527814937
836072411
780302708
109239118
651825001
218002803
917126075
444314328
429350494
820503990
474936166
465035758
521446165
426855406
387347519
299799558
96770718
499738424
763044631
755968880
529291467
510656559
752624874
469712941
793667387
431872461
942877723
147982804
654637923
621835834
476390842
893552138
935978544
788517682
841434070
758525207
142189190
446221164
21257363
174173678
985248287
397766787
3452064
908528835
413781105
586894755
712042627
59586439
2261311
246080379
512810322
395035119
578208265
596995033
945397454
65670942
400127620
780462766
596888407
431402878
756613344
121307634
101409237
102455121
286719301
390814309
399570036
310623359
3220476
486802513
593050276
341596310
810363367
269511302
113042164
881078526
352033187
705783989
560861381
316500293
601271301
583005443
255958771
805727338
71087040
313247766
407022367
265237445
239660244
102199390
397085448
680168914
599099852
614882991
678834300
666273129
603944580
96308840
36147650
595511648
302022339
688186323
697070505
996411742
695522046
945501757
829413419
759283154
791159844
733511726
975238340
606528532
115788627
867331934
733946186
184230318
397900081
294597939
574090081
737563515
774762074
929167391
107449939
110617029
659846765
690846738
454671001
98644945
356267206
854571802
656089357
853448790
238642726
611651033
772756039
153452175
879324357
506132752
303558997
675202980
894196748
231820813
205701789
910283719
62351587
421732205
685227765
714738685
459364588
755616907
918137744
319314110
85614573
673044720
122678407
533100621
673846701
31817769
945319106
771623810
601560870
767960731
255820161
898372840
918403569
704656691
771449734
792345259
387527553
449024249
636727714
657797912
16945122
923469483
253996148
571850940
176385905
354143499
255320402
206942636
354951063
204304957
808135724
762382603
694746007
476383500
870928105
100953613
201956259
906982357
596521599
863186081
426480746
563855374
136163912
988879892
683192194
389199306
844046501
801606590
512885745
144422959
198876938
298857913
537462441
355738958
951578707
877729380
10519357
51185926
629822073
176407182
644969727
98022815
608342618
192203612
784949657
265289033
966267808
494625226
273237230
571862098
499394293
718123654
827113572
880609695
238726566
17704609
232570113
457980467
107466276
1061118
311765689
138369686
940913622
347050521
220888773
62638887
90389669
51733239
382823393
999749431
295028243
356992128
806656643
985494556
86763693
63155929
711079697
358026162
584965735
451255214
382693080
627038118
95782913
604401859
818335970
824551703
690754558
105316842
417535752
155781139
795642044
905913350
722654407
554217959
97642310
387168714
467723645
756137017
432875333
94252863
998470934
912612783
962012759
446322398
452601116
927601933
744275495
308212112
124604275
251862849
764168173
447687693
442719063
52910778
767313967
298293796
481897730
674393836
650639361
514966348
220817766
962622204
510866792
733379177
902527549
442961837
352274610
758171365
753951045
255717829
147110970
338254758
292179032
455246446
507194268
12745846
474878192
737946112
129460751
970068075
758098347
406433587
647556822
67756137
367380449
82395170
967276690
893363010
676883525
692263999
871869318
375214752
489894327
774868674
454237449
358565620
679565492
436625372
214462862
481954004
395635725
178236147
477359667
306933155
903589288
594714359
372097009
127116645
5298597
879896863
536706506
175939752
480839415
108305480
418914662
40618046
65395699
280904173
957292208
731018792
629814937
557268
884317776
13958756
680980439
308107507
589892994
769783181
944911692
181934034
94113050
958646684
939211068
177986170
955294085
552913067
170424465
147440819
781712820
779125219
508426466
344512472
939718033
689749854
285409314
113561608
587930636
701007949
31250945
965608926
70468828
829139550
677211828
643720424
397652016
480519016
436820910
195951862
682370916
93697833
878834308
236382126
771790419
572137565
887474658
65216254
966446799
341726645
714357320
40099295
315142141
355728132
112707978
554768784
134179697
323447363
439710018
449193592
132341430
939388174
339053038
365780364
843842561
146920139
616230005
885820096
986549764
488078732
260241646
864437444
503500612
209701609
131512150
367384842
951186445
553647398
686081443
306401147
884814677
3867785
512788733
972247297
876154496
359358666
736460199
273699047
624472081
431502904
203918768
14392483
295545328
5332193
479638206
776623961
901049206
868236591
629936065
542451295
12996538
311147023
169452827
553998949
709447570
142513675
562418913
467267980
172419855
966124791
152416661
562088004
739629494
774141005
711456466
330524890
11202003
259826800
186416272
523913239
402712848
867233300
376992513
170775698
282047724
401495387
520998150
751976088
807494653
363797091
11320619
640463373
785224678
41037540
443984677
151044878
153231666
768546417
275761911
68231540
399676496
526119864
210635062
424722306
877685490
298879735
154972398
585899600
481128802
272390696
383631418
473746043
706547378
695244534
750007467
615018588
677313366
144547277
413662226
930146137
227501280
672324125
626367675
877247500
645744245
579368256
381990422
69345000
998714010
536008105
656771077
546369305
308804791
28562544
722345806
554528855
880081323
243286366
657622339
287480926
24262698
328622768
472883325
134772442
282838180
567984382
572414135
546957795
970020139
620336296
283041034
723285286
37981243
847753833
798147028
152600680
866692030
42145837
589781524
518046095
825962715
200432462
305623604
861763758
360943005
825665907
544428739
933703882
122831199
679610850
784527480
997471250
387521343
265896341
652672500
710307919
875851663
43264635
501173466
695243574
43714189
154651271
716854902
485027499
214462166
8843929
449305994
971587682
355345460
111107102
841833518
177653514
575438809
711607461
193510172
109768712
395964148
149147942
455124081
534874409
589941459
63674651
396755387
598791991
733954901
39309409
199138161
294185335
864369014
34365688
666924073
724786401
700895264
552145931
757996266
301508004
340233975
499110908
530597621
790924780
834129180
158724268
600429013
693360929
854493164
279869317
744834139
165606369
225154187
576860181
969512985
842766526
980030474
847927167
849341515
908146403
441199740
971912860
221185498
396286791
334556459
379859658
848991462
26895732
238513477
359174577
939778008
662582305
111627800
624196805
990975647
468982694
858135479
530150321
318503239
233068215
726072438
797750228
976033124
877450407
784018822
132495890
887575499
260967611
576072199
55091232
668903510
738085244
398973693
297367875
575496632
697461991
619777255
109719816
505088853
888437794
608293185
640544610
748810354
870090513
994331660
27890665
951485399
151970901
351187044
582015229
794245783
340836291
620941041
292463822
209577832
757585130
727225669
614210118
906711997
913166178
998203353
310004518
418730873
44948179
874510973
995134437
276534058
877074317
93504246
234119291
228988068
274302518
286708947
124126977
240638170
323620412
608199834
459749331
663211877
99542702
431793432
585431595
646248889
114716157
444508060
665196314
526801821
379378536
436539152
688564636
71570345
975595923
857452995
770002963
361656272
383447889
725980398
920663303
785029720
769239766
437017735
217160568
221737014
697488931
550339373
349962540
290565359
636368924
1890609
337764250
791318765
82709779
907924784
643829290
141576187
935405701
44082996
554750637
685719836
500476445
985458718
260675468
38242846
238971135
928109012
149984246
171429919
612320106
539075590
66369203
586111508
95752109
99554588
164494938
82492528
273799319
65738477
461164192
29025437
778892309
70815900
573399285
399706339
158637523
313431040
503568439
327502696
453486473
975539988
554990730
635522074
499306015
666170953
846721945
102567821
954990321
719786080
755779493
435563811
152388975
28664253
720798719
936769257
693006233
630345122
880168687
231396093
829154450
848331125
66688766
140359018
175198365
662594816
950750439
328797040
347725762
261133110
439893965
902949871
994412651
548079790
619502058
475331782
847937195
619085714
201119191
815816985
766713969
60030528
579286802
518026122
30368964
690913588
255275322
772603314
227450433
64118939
181218018
963772588
272568364
666591108
59280138
514747332
214830693
872869102
893896309
84346411
206010450
774002460
754921641
725459028
221877584
668123512
775929550
146571855
652152688
230574042
768115302
95812294
567737432
8973139
638766088
693505307
255521066
335246087
492467413
774940665
935949388
426351922
854384626
734873930
973385745
662173852
973593182
723840447
745637793
568550495
379472216
494664881
481547951
373476610
249760002
242745672
79144842
734590789
57370019
883250236
782332526
779321199
678621305
123227724
488672315
580725078
416696709
505563008
807845086
108859346
680185706
507383470
896954616
132859648
192553356
981383704
584928160
916766966
396956232
836931109
580889415
502525499
718720770
395641614
470960902
919886741
237432132
168397749
999294550
280284947
284855341
835348568
738884271
830914857
360096541
614086432
691742634
296505935
838345090
905955582
389977889
419728024
822275336
391602794
956072237
946034955
911229232
342855474
711555401
756149491
467938990
961582730
854991590
393901179
58982097
603521783
210535975
934151850
856593141
953117257
182216466
492385096
525318645
99035938
669842041
568978863
278451831
604486957
979768183
633831426
773079959
122807877
484822462
512370740
517152493
563417170
506096152
483031874
114704029
843187187
535079186
279163542
540824710
711259057
32128917
960939774
813567692
778760002
157335863
470469545
801850545
556580469
620707257
45096608
281415220
92718615
98168130
692107032
889810110
641425130
649663696
568031616
923791774
90332746
764583590
528362019
143534773
914536390
563877451
1870617
213491610
141747953
129458803
943671476
15455903
50341491
449267892
853298460
551945787
592753401
878091648
672033772
853342277
528119583
473542411
691053921
151267375
669469795
618403512
438247119
875086036
714638732
77504939
36405764
973350411
704433396
527955441
327889107
809923584
474065459
481044240
350685834
578746517
306903371
261476904
872461358
305456800
911162032
373933692
938443554
141735977
122065161
676804152
301777877
540307102
656038016
315633408
959245767
600649898
707440909
648933753
995197020
398022120
774142697
320460567
352385496
601253646
314937074
580160223
211033823
913164976
555932548
345440666
703571753
119901701
141130054
393554425
338762936
355948678
355093738
737722531
694474105
353213471
799055358
47745215
645946013
901496240
399458389
964213805
634852467
64600607
128540034
21723711
993730677
241438095
138608839
881493163
117030159
369467382
197794619
829107313
564916358
411257991
553956987
793853377
871788741
863043226
55937328
656784819
103614236
299382446
446032523
783017926
723115488
183023416
714381785
475034987
871507205
677245381
178659438
485699231
344835461
767855902
450555920
784779243
59503853
593567594
351275396
500491392
613401033
969769487
251193516
736136376
712541706
508493031
57153717
459440606
448310577
286085766
122498393
267328137
863895011
163220235
277089529
724132404
708436428
731970469
207075769
38373956
4963541
702469469
954973132
828483737
708642698
545818142
226141598
275397481
539752214
547923119
425239111
345691159
18626617
124709157
514942547
222486120
754785464
881657721
968511308
337349491
485563816
722433224
127339273
646364336
101263051
338600890
78604535
79011239
878404164
376922829
823542110
11362729
781009603
69308665
965574031
73779221
309916012
608861510
864192396
518775915
15281511
192653551
610223902
257304569
250510884
899264568
783927444
591972467
177982899
407512454
225960828
847892886
685129938
94429440
867764475
171826983
173768795
711885087
66492535
431050244
159270995
733976852
734777430
355328176
977338818
680899631
56435692
654262095
665652545
247631550
830929817
369900055
738323336
525736837
39912371
605059759
420278830
884713265
169762297
778869943
239132189
939828950
11001662
196275680
188537154
978321026
912098434
752663875
220468477
26586339
973598328
352795910
718350580
268842502
51460641
761782179
647510271
729663322
607768137
18933664
808610669
206932765
795478635
779940606
867632338
549443545
157021057
705081951
624053361
624700873
701639707
580619764
647940063
676678315
992077721
476031638
296614057
598558541
129051685
490885813
933016085
797045867
375901301
170866980
508762177
912115703
997287891
860291936
400590056
773031571
314448676
400977211
809601464
241584096
432333195
383343764
507757879
984099459
118564877
677722748
671123335
637658006
443824424
431993576
173200139
803544613
673792415
313073619
830364482
27501802
192716207
324398290
774974316
89230187
758337674
761987672
572989761
551541796
946266213
615559455
713871814
833675747
177022435
960460922
994126909
153396410
998824212
318937186
106762283
155686151
27024041
176828349
936466653
55658778
362831492
653760609
868906029
587425906
954408255
663141477
787649309
917455221
246500858
983294678
770252877
991421562
370530186
511273988
421458595
220501658
544263846
6412244
351230132
113387851
1267286
871024439
810198338
58395897
917961993
242335552
257860306
817486140
568385406
487827194
279683544
305434850
398090627
416120702
766347998
13175130
348598132
74727953
729653384
238891869
881606335
167969762
625597371
3917510
857113108
397774394
878546118
340753131
928317843
774897138
479770931
899798062
630393717
127325346
425531952
893796458
115773599
146401390
869566325
461355697
696979314
715671539
49335890
895633248
376624228
302306729
281254030
984863317
671134330
404510542
721254317
345044270
439223618
513068111
91819577
578696738
349716148
551296831
493128059
975538052
226938499
680531854
570819705
591459235
270839758
386216296
987264600
776577409
292302879
276193755
386997593
740701050
662710303
490098732
773642708
444077298
354427961
195292976
714623578
706078444
328819086
340483704
656014514
39329677
956989265
513153339
379707001
528886613
283133946
991212235
68553148
239703744
884115532
161764365
748899764
974622563
299998445
261914305
599819957
514611050
894385521
263914267
397829147
797237567
683863873
429473120
757827584
89843932
685158834
465820333
543169665
984670212
22291615
149906096
463524951
593786984
136058480
807724673
698738875
355583284
488178412
929461434
259321966
376177843
546274762
220720696
535025900
698204626
466938254
148165925
335498029
462600107
144372802
719792762
849048977
415542166
921884482
369011910
814980785
540415513
663189591
678042658
642464188
241471738
40918025
351534673
291649798
120926081
256857639
609742596
776415273
744733273
784512735
577795083
503176326
703594874
147151635
168780433
250980021
309370610
536780966
464263182
49996710
340842484
395597900
478300838
559372086
447223451
196989897
979644192
272898959
553056303
181014518
171221560
656447288
874810209
635682920
824268843
498068983
772973863
833826454
625193697
547897968
966492219
927311152
670793100
467656524
235448748
807011437
135223564
544556298
716050705
39133756
554345248
880596008
677599558
567913656
564065139
882341557
776742935
220415471
202772179
892471197
878785332
287587473
206180644
690586826
1937168
107918293
240626576
300316841
886697487
937197120
502192057
798668088
100157528
394894727
338317415
131925917
698719759
13028411
158134792
231868904
551897321
941671031
895188425
124824691
280871300
736116686
758613317
51419288
499640121
442302995
98008078
853952391
273759287
877155820
814810829
303650546
87412092
191450336
427637316
331953105
230371088
578412240
17919068
781325597
913919012
939715632
400236822
918947447
929244031
615689529
367577538
154566001
468637871
179369794
511770668
389477767
226882981
393873273
951380945
205882238
832233724
342076370
412753813
95462602
68756191
70931632
535537362
793184665
779686459
118079273
633371192
557180028
393384495
472560916
184929640
569821928
270975851
485455572
76751016
404311335
355405190
867101812
752080480
952864486
289429868
967507473
364502558
382312415
40799638
219889977
852690830
334839628
397750859
739358094
754123785
123686690
505001689
142944535
508727521
853564352
360791476
115773879
679670894
474834346
400427221
303398897
997226020
783828133
84926464
819975970
647461816
154189278
322903845
235501704
429020048
594025694
357327718
82363353
620221201
746440718
141876921
416024703
310711561
456870713
211005481
198467126
606429651
156286332
171692228
829081175
131684242
493128810
359870966
907742078
336925656
990117495
164451458
406370929
623757955
720613868
969000827
256490388
953667813
313819498
646314939
755491947
714362094
629938552
776721384
287940974
853284161
107324171
260931454
617624269
4853824
333189821
233063066
281171887
872699541
522553271
650484896
49178236
2511316
47215621
40411964
855475310
217528116
358941269
544277355
338816417
513031246
139500799
208744390
262999827
208524917
664896017
721663615
199989133
368512636
359378089
347363044
353143777
659206656
275425593
514189973
430839205
818575741
449130982
58542011
404802968
807358085
702395052
523708210
377522976
273456624
100320268
348731241
351334904
697058352
441210900
973855574
332329780
940533713
823612274
822840125
631514669
553588057
552185445
140551762
913138344
384772900
28405329
572425984
291670965
121058218
353190867
233320
857542991
621278941
205723489
76766301
733962737
377943148
870455914
851121342
888462509
417643500
929919703
996026794
667474534
76712062
32977114
601439377
473815836
414157240
420446370
43267828
254418663
918620625
95275322
942416158
667452872
534631091
47200680
561146589
70989170
629392873
978328935
635601220
155550313
519429971
924805529
607702013
230849155
777385175
2610037
340675414
196277968
55244485
278903146
858219500
10427924
514143188
620032371
617595901
286987509
568819261
150984637
861894322
805152581
107516344
267193345
474856550
173056174
222452251
645836885
592117223
759169629
365351985
196233939
298522998
105163455
270009036
254203617
787917751
968813669
35276057
740635356
75032908
624900210
953636209
577954014
606034315
953290314
166491661
750782189
378895477
157320352
634874699
760460663
105888590
50332885
696077940
620762354
268169838
485352329
745640465
577500503
133675321
564872264
106934935
632001798
930017304
429910921
249929099
156462900
811487309
755220620
212111384
625591269
188698081
65346118
481908394
805705409
694704524
533020984
467021471
45397974
362121214
542061680
933192225
124716533
242268269
257319916
926218714
320216667
567833010
604284611
570792172
863131045
957232277
90036802
572414107
743854659
151948176
787141469
210587085
902578156
970532506
757222527
208875525
347184163
969909465
58894817
143304169
89206884
529854989
323631106
651809267
539730781
893368481
174231076
141667439
620811967
572302158
666500108
294393257
941199303
486997281
385691359
800305106
183039885
776724607
185939777
312015744
140253820
490893790
195342678
768092367
504689018
521017796
50394106
778381052
176574161
678507420
678064695
147771462
947277060
479217216
178645001
494386422
71781624
81046833
148277057
329981240
98715203
46101374
658765856
357146147
757917560
139576351
196054168
390049512
373008750
964335456
487906315
432082540
993951533
731505530
49487769
875640815
195624966
642989143
499714968
995529546
812891510
639852804
585167112
104079220
299967350
574648631
600855257
289480932
862327776
651189443
675980564
193621788
40924804
291657513
119704394
254113341
318530423
365530142
999880939
18385236
100656944
105301848
140781493
880814264
659071305
592901871
799226491
167370619
459845601
200824119
729429558
739548951
334527475
628461035
965419522
634701579
600003288
470045803
273157907
980476516
219577333
186803932
581899966
155066487
636341449
556282015
929710856
53485686
479279265
312714541
970965873
994662004
95390615
639064378
421422317
772229357
585045843
450447967
50716796
259417890
476882259
783525139
758436802
968050616
931215434
489448587
578026906
359994057
67214887
312634540
671012071
972710619
480902330
498999835
269981995
195667238
659076518
63150915
627382955
37377106
493480119
698621953
116205893
673053834
544883335
828846856
162435567
63988785
130221889
718930579
157676024
782372062
467863587
189544411
257226669
444600787
130274944
308790432
623895371
762945844
692756203
320554548
473505493
252388002
237876692
543424034
700877344
710114964
859957750
826726513
83300049
899694032
17573901
604400863
993273603
795709601
607270132
897416803
789224318
761391052
643476488
809349198
372828763
533990439
750161018
322611355
603315282
541399619
65466524
253811105
479787606
277122957
647611961
506705355
744085628
237199088
777807549
419536455
526024772
17735864
316841430
379624347
552383872
22121698
892745344
736283718
614557294
949344437
550848783
956429282
363161354
91358484
746174710
702890446
37635357
973749539
479077759
115529582
513941267
901691574
854009385
717452029
737915042
362800063
565860273
277270042
540917216
86461442
308347231
456368727
641903957
500567685
567369120
408153686
433505513
366289110
888604991
164075010
639589605
537554386
494266128
489175847
837983957
482127987
996619347
894975748
301079453
494801423
873351999
325251737
767501478
623432457
450912775
153852612
782812708
631471916
487244263
352678538
850992145
616065997
852272390
211470716
626617526
343647
862804789
203497775
859189375
154433305
709454268
901758247
739331061
803184041
534605854
711997921
122725900
534056072
567477737
654495901
484105040
590459937
448160944
636273176
174189774
314956904
722971530
914801356
145677222
675567583
296103557
202116764
737544404
540630253
808347760
504341028
450543519
653076117
975785644
203230007
778280420
256538422
729684191
147623766
483701427
822283704
544904796
937023416
882767332
679485865
477847556
668142374
934899525
406258856
590919843
82859696
501570113
414805239
509690133
336802275
530361328
808412630
720005039
909352715
969541703
963445544
47101202
646018266
425445707
918726696
757325095
284874915
228084186
696966388
721285315
533422666
3555728
770370734
5739364
90268693
889141110
27276682
210044617
322496679
820726306
211787426
527042491
935944684
13081120
967463806
885862988
937347404
451326131
281154910
313577854
272953416
625035526
317420884
783195991
704366957
566587331
549377863
788534213
473955414
185178732
127147725
620970286
602776124
83961378
130018392
550541830
667260744
400069651
49082208
537113138
698826975
9576633
21753537
384832163
34515256
644907019
635235037
895002252
258898449
399852690
631515582
685670946
142530121
415662501
244013381
923316638
757080362
921811929
137573427
524333488
243514382
220487906
735501578
228740762
227800381
349190945
443756680
883854416
814965712
245471635
737121705
874757768
218857599
59784584
144325191
24210928
379783971
543992331
966474303
761339498
294093092
626928206
670086169
216079929
10597828
56770985
666676439
239309458
806827735
953468648
70403379
304659769
30806423
739485080
289647011
951253268
74417412
173314023
896135574
692191109
110270919
593244286
126691199
586108224
615003084
93089793
469540936
44981477
919320194
119903620
910344133
366589865
73111511
39940984
903442989
422766912
270446387
783084379
647122119
195436062
465896322
392140640
902065635
571708074
240658682
478817309
17627412
377781086
657048269
946266278
51759376
7076449
392328088
934726031
964930529
36624510
120594637
314589069
75405423
763933266
892972683
236941424
41214807
437981094
197198526
378902877
405698353
629940325
601906082
492380768
868379275
367772142
508697689
88606691
602733212
198082186
71941394
110136981
419497358
73512531
774221027
198708270
971387207
102983926
923030434
775240496
69211415
776421185
155162110
148042040
785702082
332999304
365592964
193290191
329915444
278480979
471207500
440342596
443589008
429241650
411459688
885025973
868271402
979682069
106107969
295723560
543022305
315960976
197395301
230235277
775840548
777400881
409019777
797118190
115020872
479245440
2642302
500842033
292560387
122229426
822460969
332509094
899612621
159602654
670383138
888871230
506191965
514741726
401898560
783643929
739941177
808134016
209320437
105134315
676895881
192605278
635609723
720345417
860784266
617899014
968847221
412858387
57305002
265488448
26185692
472294879
951172832
890008765
970896724
908636115
699057291
182931918
564177493
581727153
769119841
146090611
123181013
15605130
626228017
420289404
911884850
666896170
749400462
658444699
683290880
873988057
714370383
651549226
384080734
951872764
511120150
455289550
768903145
8419247
439113239
495258629
330279034
551760222
970373545
577068838
750655465
551525673
643354500
150217273
992514558
992954319
140612309
447299086
192716784
981622696
885955793
412325860
852033277
642833166
208931717
967838635
161017401
372879445
558500157
113314134
944162405
115326090
693739817
848610056
41537779
457261784
502586757
401253376
712398163
382335570
91397463
229188537
944226759
724127865
513819734
966110295
814527216
616732616
212522540
65455140
89009839
491769348
365768748
659885595
663684261
715058306
885865753
752947461
674946607
993281995
626290983
516044001
950010314
243875715
670904006
439529919
335059798
424800977
786013097
88280349
366102857
188639110
735573028
738268367
928571631
911123817
507631656
198261826
210251678
739397544
567564794
768731015
228730010
670882568
583041679
12275766
796100542
380078024
649213355
189078673
921251310
723683808
626725777
864800558
574404840
838406542
763483781
192939549
35763922
161851250
323070113
765692976
699724085
49543896
203957957
170025634
267575293
63013985
820631417
408695780
985812905
297840137
849986588
818559454
573867420
915093795
153999673
173682669
211262385
11598274
579750823
682925795
610175011
751055828
59139204
452971967
956983162
235200976
251096046
411181170
995848610
337009358
548090624
278276290
49098770
271539157
637686037
32889203
68330806
742476632
287607785
418031503
524041537
782748113
75439562
43601121
224201766
110971274
335033960
342454306
503281681
13992356
902896354
81143634
723799390
509009046
78675420
656521036
278974506
439174799
168237222
9053257
313697086
559614987
945419663
725579479
177827763
73644293
475697191
225477487
870388497
691609388
63530033
790760668
154568525
778462862
509481402
298895805
560145796
134375005
198880779
256576073
783714360
103196738
238394897
141630031
127604408
428204411
471065571
888771073
178843804
239617548
359225176
126925620
166588001
736233922
106558787
616640300
845696621
679648581
141144469
922780705
936551767
877124428
700121559
397063472
711093227
716291094
115256483
104527016
923412816
635096032
40021261
536672905
860998419
679625224
636579403
239419982
968875659
974979536
438448448
217356701
366047489
513884090
374604710
93845655
75253024
757813109
256705759
346091072
491021730
168335121
432697987
986145564
601249986
513742323
303789745
433465345
7292006
524579411
299128825
361321755
661198347
320656886
516538469
996423955
1627504
434162359
29535385
696442676
892242893
388544267
234456132
467562949
534390470
403067863
686470102
37989611
72500413
285784042
125050233
973635478
150725205
866389277
184530786
770660239
952902051
790122557
823597587
192670166
630014603
731032108
555701307
838087187
493751465
469725287
103309177
279174346
290781137
403636720
789506812
104140617
555011332
496245535
805794791
923307454
567118178
639240040
382550085
117238006
587920782
314170949
392843210
239035486
127554872
777045158
208782631
603009847
896512293
680396911
87588519
902819603
560392054
609189761
987247495
326239082
339536541
920405808
331591665
872248160
295437702
40036960
579327387
794108620
87109391
786247282
369082817
255269651
133928042
398710900
646928723
791019260
214064404
489623891
676021101
60191883
153429224
518554027
711481688
952424443
741703696
721028768
373190136
464372860
790085784
158349949
536673120
358449889
475313920
620135988
263425366
690194195
948053012
523000616
799824765
345327546
493470795
530150026
319289478
665022769
266564731
131001487
717422282
641645570
984935277
548353485
80389477
188049478
460084087
76040387
425533103
594670429
85131239
488854396
534914117
501347002
392938958
902628314
152029936
615516254
490517437
934549032
115829675
409103174
941823448
330874918
435149944
511385018
245598872
22786841
917396998
588470323
761698510
810742559
61178083
283376703
962340763
482332051
200511077
894562071
529356375
955060619
810554795
690694983
536216689
108651416
629557101
697459067
990847738
559552686
118273929
524094918
195180903
876507217
907489392
653509001
114789744
396505218
716226919
320937021
534175675
472846206
797279514
263845338
795072048
931378719
78762903
852974265
545178654
28787960
932694289
49136078
980137032
115847911
165792454
991707890
945612166
287196268
48040670
155883491
36076041
774075489
409452374
613495204
346286187
70582641
225624311
309649852
540777091
776815890
646970248
466120180
375546044
179651853
440527728
442904165
827727198
872000346
779674185
497372071
618665427
97015838
443736102
983960125
50644132
49685571
729035195
194590264
331085347
896807853
71958791
39387929
273043404
703992801
362746313
596772302
255844353
180145848
537647340
764994709
444570175
67810199
126661229
264736732
29460425
376200128
147469707
908943275
581065196
448876769
716519522
95084455
447496018
18990739
503441229
368383715
186658996
88900809
289096493
442034810
356624490
221222741
325718808
99096519
158629721
368186067
411913907
324319681
98540651
504111717
397147816
115979319
391487878
561645112
28142173
33624397
921480091
399035005
633593436
618465352
478830695
602782044
885469701
903905869
280408319
642035029
930396961
198160839
841798560
44799562
853704106
870846430
575509523
123394537
529369953
338167438
15505367
865156997
625888535
782525541
352161002
271958611
402672141
665270487
176044625
126152568
693337168
392479432
620680030
670717576
913910466
339105530
400578954
223742033
211270866
189992108
356851688
297302597
805919294
923503466
256721593
558315540
313390823
125815934
75079954
31509801
19135278
807208554
224184650
603070517
181012553
969543716
953580365
489147822
514816258
164528283
846692898
514699976
559097998
820188790
279074463
57797710
690407633
297863300
735798973
1712541
797520457
686100540
175428388
950823082
751975333
371871132
629914964
145085314
272702088
713565131
906986369
547311630
173434153
921226532
435265022
978876969
710810481
420785421
758240939
184310524
346106746
365655208
277592394
