1
187648844
187648844
482212139
293412570
878298197
910161832
834488479
582198060
266932856
222221826
414122010
865543387
694591422
378814990
192533213
835868858
910161832
871500017
834814553
352082152
87401054
87956010
994369140
319270387
613948665
576270996
963392597
997530321
319270387
613948665
576270996
997530321
401027763
132756585
948647965
755552710
215690097
253259560
51879563
396264000
276220507
49330636
294364114
589990756
800809776
599433029
298695167
191116095
708981992
100879988
889175646
14750832
926534692
576270996
523934441
623787493
900211209
874667361
775886517
997613489
997530321
578799552
589165547
319270387
253014082
623572033
230901002
662134618
151255540
590714895
192026495
676471972
361981674
187423077
223815237
421722093
893522591
396652235
171143953
359006855
511056431
351192054
672887913
613948665
576270996
13289594
790349190
997530321
401027763
573880376
800809776
621977375
719408332
627779284
198076286
771755434
30495675
190983343
877397301
874950992
591071484
430907433
869428435
466592693
31755638
777097660
576270996
997530321
212373959
319270387
613948665
426560855
38646002
186347490
366615723
553716009
403785029
576270996
102120661
997530321
909261411
545022784
553355634
895733943
883434566
103182112
519333383
589990756
282723415
70881652
784953365
764488544
968652340
178823692
125852489
824495090
640929875
134303065
338678887
543321301
13699950
228923495
800809776
832207104
505464156
576270996
997530321
562111384
319270387
710498616
222332802
525745976
929039088
613948665
576270996
997530321
121447050
832633386
401027763
576082221
177953310
45050791
62048222
737695071
456335208
692265054
553758545
594984257
270961174
755410385
800809776
799342663
571635889
507213437
895093426
651224230
252471949
173652678
377868094
892953975
46969055
851056098
709134001
614745131
142496398
928242540
61957797
400558349
783901838
131008114
476123266
759778988
636068820
749155542
812796247
676287338
323336127
75234908
453616957
948461420
645783990
286349121
829184335
181005899
152316655
277204340
501025538
319675125
576270996
979447612
997530321
319270387
773717124
422260813
737058575
326084050
371257332
699320245
605982691
358251356
497845645
105171807
214954377
714900489
246904462
931930783
975146862
980693258
772668188
97539365
742240345
791944227
1294816
613948665
576270996
997530321
363053658
132756585
218426601
948647965
215690097
589990756
800809776
161299222
828253301
66725923
709452772
576270996
318380083
929487250
800584060
642364549
472652490
997530321
29592836
319270387
632993731
412207684
212796170
564925233
506289794
512592030
639583390
428873110
43367709
620045079
172643103
328162620
613948665
486408152
456725357
905508667
818613863
823569525
88682659
575071554
371143958
216159462
574808493
284142464
295675364
144662884
576270996
997530321
423694536
556735334
433318215
401027763
800809776
576270996
997530321
319270387
984106364
613948665
544602011
576270996
997530321
589990756
304121869
765482048
195911667
800809776
576270996
859914827
313673972
997530321
319270387
613948665
576270996
808450024
997530321
401027763
800809776
576270996
997530321
809983575
69043077
365965071
34691809
319270387
224211145
459559862
365486819
527630730
438679253
809362592
773900714
694063766
352233059
582664291
819651985
174709725
289942136
172785933
670422672
785654680
758082457
560724284
127435220
66032438
150633072
572717228
162016146
54753529
879736391
613948665
576270996
997530321
528221805
852179660
435272425
846822248
662446600
961997152
642524040
934740266
49330636
589990756
361430019
991263422
162277476
296032570
586037630
821527385
482752621
447453156
800809776
576270996
997530321
787667368
886959532
949159054
943643787
343424059
334567494
605582306
97676724
615133084
319270387
613948665
576270996
582288813
997530321
489172525
820739574
256067860
264866174
280213286
875529957
13347511
467096805
549247871
410921703
584497502
632610983
527456271
482884857
923180168
461164029
401027763
800809776
92039998
576270996
997530321
319270387
613948665
859231258
787689464
97287948
736193267
989912767
441841024
737469297
949949554
648690409
497824994
78239942
781097404
503268671
648837699
303733079
663941238
561790107
663279755
813878576
757256694
349849495
576270996
783608111
311154085
204804383
997530321
589990756
942976516
800809776
576270996
55669412
661810553
381468034
997530321
319270387
613948665
576270996
997530321
401027763
800809776
576270996
997530321
348138700
319270387
912532730
707665381
335871325
926849383
613948665
348521716
576270996
203550899
997530321
804439024
868039432
393993644
259959014
343945485
975270771
519527471
240440456
371514051
85490265
780304357
96573106
262425759
519136575
752721525
196885986
671930044
113495194
932646873
157262093
232417877
410658825
775756452
949107091
234815004
4060408
179577555
53781611
614359706
132756585
829697078
203061918
181506696
764052385
421405400
251903077
155236517
862436283
187322380
