1
707676081
1
83722798
1
862822152
204499028
480632699
481322002
867168895
526173316
1
1
1
130944940
388989340
745204205
191676814
204620279
766647016
915476325
335481713
222274179
1
1
1
257014675
436327770
865094361
893699634
709459249
934620456
329920542
27789235
644397464
361810431
592511608
29931005
467673512
453878852
494592418
545749955
447553358
355769267
456686733
374859006
183296790
504421421
672891383
1
1
1
900753310
525833567
333047063
862866190
1
481322002
447329127
867168895
526173316
1
1
738517551
397329546
1
1
1
572889406
191446985
961622213
304227248
1
1
60760343
1
1
1
204620279
766647016
222274179
1
1
1
1
222322412
441567706
350906218
270271501
472063837
514077675
932936665
725297336
801547737
966001321
331941271
196405793
13327497
639242240
177126720
410072231
388730582
857088778
104603900
672566146
626709660
861064738
174203858
908154449
721718377
130738118
71750767
627005681
846758160
181870342
2297181
810556258
382962331
732703208
437858097
147564429
343577283
534719463
796376525
840591761
761954007
471627657
792948459
441266086
667324245
93817196
256545838
118115182
1
600780736
374914164
17724532
427196006
562093211
1
770403382
1
481322002
867168895
526173316
1
778419729
599627461
918048441
583995017
680896044
4691106
1
1
1
1
210678081
1
304548545
450813542
1
703088882
15529569
722708448
1
1
389010224
512879558
413396561
676340398
129944644
742179663
851255686
98608317
59747209
772712556
16827804
467211744
321441310
659963159
538228788
860929841
75859097
220293676
494824804
938351664
159461119
543118340
409083702
1
854780638
204620279
766647016
222274179
171255893
477742861
234878130
898365263
232214381
503553347
659246800
538910164
64277579
465446176
965800339
16487361
399658538
255735455
562069976
53243167
811374397
51838097
436684203
49953944
727825753
942097070
1
1
1
1
521250691
1
1
1
481322002
867168895
526173316
809184308
1
711342129
817541175
738302667
908881548
971918203
187619805
552037030
867356134
185155963
396907091
453514543
844846422
939633832
552644298
996641107
351387997
218751616
698589502
935800940
1
1
1
1
1
1
1
917100838
295148201
452622400
1
1
204620279
766647016
222274179
1
654130921
93182856
303487655
454693863
1
8754751
861857047
240498342
1
1
1
82972998
881079557
1
1
481322002
867168895
526173316
1
1
1
1
269797559
1
100975391
888413979
840707638
268991402
210095450
722069072
270055984
518097444
626251726
916540665
528163935
662307273
555428728
896470015
206120926
68654884
165173653
736763870
214015030
853166393
307673503
958927433
880968335
117510110
381929964
881751013
61455311
721763120
185584458
838843159
828811553
828808210
190215065
441427404
49479196
613713285
402774088
833375903
232400136
368465493
540342751
393091789
42371490
433788512
775990503
574498046
116508737
449824919
197411660
364093137
862020786
300397619
256793985
737293656
623367762
686348088
400760342
558286191
778370232
943921993
800588133
191816449
676725459
469719019
411878277
754722811
73273894
678962770
117767524
734790931
937705626
877849391
966954472
653815107
262357648
602282799
421687950
993114782
128419729
904717960
4125665
532626152
1
324689875
128069443
1
1
1
77388234
893441030
780146563
766975289
787564264
746177770
326441322
656814658
281682388
632590284
322837411
838467814
641628633
621073292
509296060
776616881
251024149
13035958
74344600
431532108
664748779
399944696
15903320
186766965
283646433
438046101
100993271
243130696
680825046
482694094
854161413
1
1
1
1
1
834467849
718218819
986757732
663893206
474980920
38337693
815862598
992325659
867523404
657224626
126550731
270614863
696244447
53115690
1
440717454
647738962
778567017
1
1
481322002
867168895
526173316
501049624
1
47351579
157730424
893912306
432689563
2860014
132366228
513643541
404429562
655364339
890515145
987359326
771461294
891077442
750024834
680933575
296087609
215390542
682339631
348095203
623031096
278722442
179464549
466638119
520142101
981283645
902321778
734822015
328504541
286257529
290825504
907872404
105725312
842421907
121785443
169445531
59167716
137617381
378047415
469006648
892031959
92540077
784548482
227516967
529940702
528339503
881411018
2188277
825739104
141446248
547366243
461983215
301710030
262559389
612271217
145152791
302576689
911820616
447176085
718198083
29229884
854659443
719721754
461759355
915023200
457216868
305331370
450362933
301684890
949547745
404782091
188823307
844279485
136811521
615678743
571413123
719402243
71200065
634394859
520586316
492685852
511731695
290722229
823268249
138755999
33792967
210656547
169144893
715452442
775846097
421331979
845107207
827256746
409831381
164821484
1
1
400166183
866978726
291825176
538557523
1
1
1
333027345
824832847
999642903
1
1
1
1
204620279
766647016
222274179
1
1
1
1
800986440
216204535
1
557051791
885736651
902298342
58597560
781330301
380643349
192629685
363006520
157757266
253168541
342358112
1
1
481322002
26681652
800550765
138863995
221239833
568488921
96436652
874239463
713676031
565400700
905176673
966399235
57879250
634912582
272254932
220892400
867168895
529221347
131368204
495755432
108834653
593150850
903086060
565873264
698352098
492238169
845025215
332481911
722009081
349656317
360184578
984329970
331551642
865850808
255834431
159434134
849809504
290249693
472569964
52828808
133868311
689755419
138242474
769801471
976976121
366600128
936917871
215212008
129421405
398209352
868397670
12746750
449392088
880657580
468297053
704823306
228720963
849593271
801793727
803505112
744420105
212047863
101663282
237634999
989816658
128995103
633335790
547449621
176315202
697177608
612361061
59825731
266857693
71001887
792880579
717259410
809284417
265832326
493376288
748729138
489176318
949555059
910819068
94224352
46416660
56627150
945174014
778634559
780432631
332485636
497645172
365105887
285920226
632931145
852648178
120557287
526173316
778163731
1
1
1
1
1
1
1
1
489648772
1
1
204620279
421213093
383029643
766647016
222274179
1
1
1
1
1
558022282
1
1
481322002
803333561
358600814
717036782
978438221
421342490
106853641
271571726
430386151
439803969
27921862
978447290
181164943
693582623
605078928
378364831
507931557
779007105
759189812
710070013
977568196
128667357
729193789
46319374
867168895
526173316
419915502
952888663
1
930210866
449268904
430059947
993689551
525884842
175232804
56860856
27359337
428391185
53520589
743089040
984349579
568279969
989287729
439496912
288423008
106592739
486364475
219819225
605210
70622480
1
1
1
1
799298155
562094474
1
1
825567447
557854121
891899470
606868220
795569303
853979801
1
318013998
618878692
664043328
1
1
204620279
44432277
910444970
38939563
766647016
222274179
613067458
1
769503343
1
222960413
873269335
665541393
865248907
588421300
302503440
790482756
47494411
589831566
914626397
362627374
459183156
907797483
118179618
115443172
302888281
778723225
981268551
456735343
737540074
758924125
844344603
463811757
692870554
839995090
814570992
709425153
252227602
629994615
226979432
592742546
473257936
593051233
238835686
77076124
750143797
587774994
808193434
281112440
978224129
208460013
909645335
59412487
576047333
652697380
273748493
549220926
272530209
792912132
798302468
373476168
462281761
726216822
486111265
167493113
753927270
580011776
778392049
335654732
86960747
659797277
271645459
767669745
430122335
815451481
69428970
241798220
939271052
977951391
184411065
571576373
810905493
926634987
671298518
65363873
80607966
358613291
194290185
380009556
82927855
603607710
490743951
582992250
620201746
914892430
273007124
629389352
543050739
324716369
567670662
782361800
692733691
266441504
883687174
957116579
1
1
628522680
606354529
678643191
254783694
839554089
56946416
735441833
895507618
1
1
65637512
689975279
42264876
102683926
71796055
749602532
229034853
1
481322002
65411194
867168895
62171247
788708499
806624465
352606869
301560204
4926894
463767740
216606871
526173316
1
1
1
1
1
518115609
1
1
1
1
501583
820188341
1
728115968
592511608
29931005
527619063
717318764
467673512
1
781487169
1
1
1
309036794
520944783
260494474
827391249
860686931
750778300
265471613
279053161
293122390
931663375
13313929
833524930
779942127
952369227
983449428
193996130
155937766
974034887
5633936
984464759
162642661
276896410
89011459
364300672
154191037
966968724
395024878
481322002
328501084
937502963
13033811
965180703
119671480
867168895
255321470
846980539
911348260
321386382
85445770
851518336
838673273
843880349
795449639
770634216
29354073
923068034
404665898
595168092
670788454
637033199
778774222
214975042
590083571
553594556
566997797
950839539
765887769
176966646
785238779
726535690
598717447
875371529
742224123
359661479
114287750
526173316
1
557372471
663085071
1
1
1
1
1
263716698
1
225745202
368392135
54010851
545109447
518459669
390518272
583593647
307264203
987472947
467084678
904474751
665840996
475214201
412848657
210067964
639941196
673431816
556021166
726559579
75334117
129661777
671289778
757286638
332952906
413782068
266687450
896676012
814990273
20230943
678607752
499032514
430857316
189513229
414436602
345970422
578821967
989494910
507477438
36732186
36196612
94237104
178008618
249886874
838415695
520150196
453198879
11691620
146661317
1
620119020
197724264
593043032
819115613
708374304
511627572
621753136
43926217
781915435
881385400
443978867
724391787
340277145
1
1
204620279
766647016
222274179
954515090
573906288
564758865
950225721
729603391
643521719
47319066
1
1
400330751
441384878
1
567122813
252027491
951008672
7598463
120522674
685322817
874207158
604471727
172055986
558865890
540908428
127642126
333414708
782021991
813968583
39286527
253997603
545340919
141852724
733385607
1
266470820
1
44521944
291787045
1
1
62775669
60020346
481322002
867168895
178597393
376987234
704790198
503523672
526173316
101079841
1
993449726
1
1
1
1
333457665
819255193
173571277
1
266058421
1
81916054
903126900
6599323
978467313
1
1
965847190
246657480
304252836
844092760
972650011
602769802
748666980
178979673
821310710
20468642
807175242
719660250
758155827
190521942
167511673
888680374
1
840626768
204620279
766647016
574431995
276360799
437954599
613162289
53498957
285349254
360081947
43548396
171564487
147243085
350837256
211661946
12245626
930981937
294165923
804972124
263014116
962252304
968931104
680115252
241347907
193576309
268449332
928065719
539128921
73642284
948651387
315744169
799808382
802448867
392222470
495408936
222274179
1
1
1
689342942
90251106
1
1
838816678
112563729
30594338
1
373113650
280631696
870086659
72477198
497419372
40130969
528099215
85520670
11843573
169699642
719972320
161822309
1
460013918
481322002
867168895
433956847
136343191
307898096
526173316
1
966451071
793069380
594279664
550138496
444254413
136561524
372706923
754176129
461481611
458998912
1
519870556
1
1
1
1
1
1
1
44323933
177622879
335311124
825542624
1
491043957
204620279
766647016
222274179
829931880
71486094
100144465
132162707
190757952
761743815
26050355
822523288
696620072
361838015
657888259
829347683
454407899
16258000
486851447
678836670
165504766
951699031
1
181300776
815613975
1
652770236
493797736
345753434
468103198
736134773
435569940
58142001
524077940
935019167
993465680
808774760
451613654
1
1
1
418599321
603751493
653735274
279294728
192485834
934491968
17560979
979064076
1
1
481322002
938973380
867168895
526173316
1
1
1
1
1
257364155
1
1
1
799790350
1
1
1
562483279
53434648
1
1
1
1
980488146
220331939
245032846
110175078
1
1
481322002
867168895
127186989
526173316
564009711
379083419
578140208
1
1
275376321
1
1
1
1
285367807
740937102
318989540
853580288
683312424
127186397
983909625
517981803
425314439
927231267
500280005
395285236
242444278
865181258
758629488
738865282
346556973
726576392
201242
1
1
1
583231133
71677023
1
940408436
744064305
625438268
204620279
766647016
222274179
232065951
550987869
758788685
501529020
135645537
258222906
943185174
725087235
528161116
495391266
687064358
486120955
950977962
170855525
835561044
1998929
788819434
344182623
1418409
27542435
560312162
937086311
37421051
732835746
302606906
223442277
359585928
843907639
959885444
808521545
114894038
536739903
320513926
234532590
1
1
1
1
1
254747616
1
852067506
411832121
744687698
602500431
534806214
209208722
1
481322002
867168895
526173316
271347176
222661182
309844795
199643634
737687990
619956637
255641428
960061909
404307951
520598763
527051183
598630814
965584261
33995916
989972179
589065543
187370509
134707978
145440661
961588404
624174863
720083475
190735530
968222060
485302123
1
1
602600480
30462723
1
1
228430679
879448187
423608852
557504845
598224102
995519410
51644113
560623571
1
1
1
493665510
870690809
714151402
620362406
524374663
493620233
664268922
524242009
293295023
967723761
87122148
723252263
422233269
807709973
583138678
68469855
904987032
151828968
127639681
389165693
1
1
318058208
773355435
839381392
146495719
840977455
568263851
69748084
162176532
458043388
1
204620279
232747520
67337760
442359791
674575246
274719285
750338005
22319938
743559702
515097218
82302877
851041611
545454821
667880249
736266153
348939865
800153169
82118128
370771114
451361359
766647016
802128337
222274179
968365876
321605757
980369845
588330746
1
474573351
1
1
1
203429057
982984896
1
1
1
481322002
867168895
526173316
1
729323103
1
546357670
230865286
958968695
321768852
140789603
283807133
941475932
905814347
1
1
1
532103819
353706368
1
122139183
692158165
1
818094414
831529122
506665154
1
1
741164052
159189217
782073646
1
615868515
462684435
903472219
99045997
492712865
707515698
470488780
353513912
27617743
204620279
766647016
305737618
196977031
932088004
332785535
463317352
638742910
626416124
760624703
662446416
355379583
151571006
533674543
58788031
222274179
391602227
569941324
1
1
1
1
141183497
75822234
806425527
713262896
325811526
1
1
366140465
1
481322002
865656817
867168895
526173316
1
514699365
71658092
486028131
27596535
647574546
1
908583039
1
1
1
851612860
824555233
670385477
84393335
645428014
812597374
32182018
61325021
838371874
797802004
352014213
899540258
487726197
321576073
836138598
527589008
553682354
68400585
733901909
609674633
275088731
577863651
266007628
107436929
296924141
333568885
873383509
738999924
418237098
193599194
497157787
876674670
690563255
293455586
220444554
456326756
517778038
254271107
522312488
670982317
554716397
678113697
288905227
616151810
944183970
983136004
925944603
344573019
400843674
404791945
498402732
300011185
156270573
614116383
87538655
439854235
591132895
721182215
204796610
469090569
437636538
471654693
765678335
731783575
855494380
227708225
702507444
676478262
87977265
705927674
49684770
587789030
725481671
298588458
882720485
70715488
297861840
357817685
985252596
885179276
955795974
415186514
439662341
219769563
520602528
519747341
690796705
890955476
936977409
281916880
507393499
14867422
406586196
824927432
1
680845675
1
1
1
698753086
441753191
295140152
707712307
177660833
1
655847257
244640769
671699510
99455723
308297757
187938165
824816032
908511345
393504404
330837271
536629739
299964142
136402588
711328018
420999630
32234554
574912305
82310584
407605976
837553629
385462304
678942702
530850362
273411803
118595115
609686062
681749085
271468825
568357347
503789113
630659068
660462561
22512461
802281223
851087685
279736157
783952181
929754667
257256323
682242457
613462966
139635632
992445522
770559001
701101107
702542263
959246529
886608874
9938832
267152553
654269334
533170440
112684252
68030786
672333135
954509381
833763753
69200628
330534963
438187155
13109638
70117229
771386111
602075264
61690448
475083254
673452932
535371599
925523499
690500180
362148639
778053443
18030953
529724366
128685887
79020577
234946510
538617696
82190670
124758432
231266662
187902086
526728004
482252143
927490656
369881250
674165306
665271331
77325754
171114436
548544519
560333860
677091588
807073878
821199731
950232828
253923585
528554582
305173499
961801657
681818937
50085232
597735336
211081912
580927248
185498435
322700532
194350214
818740491
864849647
442671269
329120200
61522144
550372089
406370879
987154994
838375088
318543126
199841938
223449328
921930228
962079377
288449152
951226695
795783183
319199234
25392437
630382946
901657647
237776292
853337064
328825981
661473388
766148761
520225743
203812289
33816665
116167298
940414701
620350557
695420957
658731181
17981567
896350161
87047290
31185423
475417118
592511608
29931005
270768747
182248768
340951921
837688073
440400018
467673512
1
70538741
188464532
836080201
994788668
73247604
699238946
977328940
559999780
226525728
731623775
495228669
633323883
699092935
372559914
1
1
1
481322002
867168895
526173316
820651650
797181885
997782183
960344323
90197987
79343631
418655847
638095959
333997442
959835837
726261457
398010883
278011562
592571849
913359141
748809358
44205929
634564027
440947837
932139708
172371230
1
712672191
9765043
1
1
1
1
252069581
717866784
282751716
202679290
308086174
726469069
243245211
285660578
509000855
929479721
384630743
933268756
630676254
787931066
506320261
665249515
830480718
830466760
276931670
872239561
1
1
1
1
1
204620279
766647016
222274179
1
410965828
344957125
369133780
381952514
547167121
815597580
92190721
437156674
700820613
171423412
151544378
570827327
152370158
929981042
839491609
550348547
989771125
303452711
706654867
340601997
96344384
736114872
140115259
700726458
917988719
536740557
790767430
646811799
123342425
521291017
49270836
206374856
474043175
930929048
470877525
773947735
750406364
41895243
791070967
74940545
502091135
148869087
582602930
33103700
406838047
514279739
864943024
691859319
312002619
560373887
845581449
768202132
54396396
121357672
352885344
279362344
1
1
1
837383825
1
1
1
526092081
342544777
134334897
758020560
711894247
911262478
481322002
287660656
630443375
867168895
526173316
957040017
587613545
1
1
412147225
635915608
1
482339329
1
1
420962765
672946309
666052311
912158963
880507435
302648775
766643541
726968153
443500785
350690772
860719442
867391858
639696487
1
1
401795416
570794307
794031483
720648699
243275167
1
1
217931545
581692551
536939199
1
399397522
602100743
204620279
766647016
409728215
374361693
241621466
278100199
380404592
393859451
597160279
428110232
719336604
109426119
236168770
605161221
476558943
13333120
822784817
644600352
261983610
171250907
290851879
301792495
991901430
244797170
840932784
407311004
496071666
304610529
182023447
222274179
1
497003411
760674382
157533474
827175967
752486024
331021936
247772514
728638512
100357801
834114253
858147759
39674474
400332833
274959374
180457571
847761690
241130527
800407605
195647090
742976273
288208277
803444474
1
788214268
1
222655415
27792733
1
1
767101833
1
1
769113959
481322002
867168895
572633026
374746455
897276975
526173316
1
398138584
552037477
999938587
350348811
762538276
277344940
601208847
9190872
483858248
962877901
650198432
1
1
1
1
1
1
1
1
1
204620279
309266148
766647016
622583309
970509198
818905634
938431501
222274179
1
1
46189823
487037968
790008182
1
1
106343940
816868402
1
284803094
299415145
856297980
1
1
481322002
335034361
867168895
526173316
1
774235817
1
1
1
819138419
829878865
1
554834779
164039514
902681223
666756504
916979576
635933211
667532786
857488965
865749297
779234
189830938
792079579
286232176
625428663
376001998
168851238
323347451
491831628
199438555
422212171
761335270
839381797
508002210
316739229
974972514
762376026
943280363
933345716
919963447
249215458
826452171
1
1
1
275607601
1
1
114677669
282686609
435337231
382523996
32857149
536747438
31378250
1
333331048
663876830
499718426
921311184
295583264
100894197
1
966079582
178372885
268446834
1
1
1
904885176
482570640
1
1
481322002
867168895
526173316
268878718
813120018
960735291
325320186
588582138
334867332
306447915
890352774
730765070
474904116
38357652
151093386
549638750
56581516
275960616
192688201
851940587
353570856
392601294
684407944
236525156
1
1
632624948
942113967
130664994
154770839
456071424
645088475
338386554
67723958
222185161
802437962
271932634
671587558
156900952
222445861
410524464
319315753
284220280
737724856
976080294
629491566
756433247
931093312
444972195
548445466
168349315
524840934
667246193
384994810
253945223
431373943
455514237
602625158
641745283
634074459
406368945
958828736
889306975
968107330
513100904
581127563
974898260
612841697
845354319
325378485
490639923
764035326
342820947
550305965
38960748
851847868
757754634
952047508
226507567
961006985
976366195
994180771
113039101
576500223
117750582
66040186
810645235
481268735
1
1
1
559391741
1
716486304
413436016
89217321
164162495
839038401
672184247
95931693
406562635
190467661
920919239
670385832
847446730
488447588
800092241
278112348
53056304
217159855
793240290
119023630
547678360
75671314
430871452
943949475
596751734
1
1
1
1
204620279
766647016
687485295
143420068
191344118
262989322
895005199
904202445
455932485
173330954
772903588
222274179
1
42624773
916851837
1
775705004
1
1
114316702
1
1
1
522513558
173291684
850286882
86693305
701119902
188242147
404804561
314956034
167128094
695708992
98572677
430814064
681759559
756484758
407948434
932498128
197723033
393385294
549086254
378285103
402094715
749385158
909861360
948077672
347799268
555487689
193770124
728481720
636535929
526768885
797515983
487883011
376084228
860704180
163921889
145773241
86877469
440162356
374531081
729783625
284139566
550229830
599089743
228956846
665064038
771897437
154786863
715176917
209596014
825973729
373872859
554408848
816536359
481322002
866031094
685069519
186358212
867168895
824188381
615250803
526173316
1
337076263
1
1
901831905
1
1
1
1
228210622
250680411
1
742751480
683709865
1
1
204620279
681338778
821947685
321180337
766647016
222274179
997619897
326408295
11301213
750173750
952680838
402704462
870617021
100542022
859589278
1
200075287
1
110113458
1
1
734669162
376028251
183574473
1
1
524810507
526621622
361226715
709688408
628917190
422029223
1289628
110520714
354536353
127647181
701080806
929996509
1
691859036
867936462
353815331
811026809
588885595
481322002
867168895
526173316
154229672
1
668278669
1
1
329440908
1
1
394800059
443202516
242464795
743931123
1
1
1
1
1
204620279
177187286
668033871
766647016
222274179
211369086
1
1
1
1
1
19008478
1
1
56086857
321540130
342635658
250163183
481322002
577635168
174002795
188718191
867168895
526173316
247030748
817320391
1
477515722
1
1
1
285651008
1
1
1
1
1
221989913
490309569
621543810
449528102
281488752
375733602
256959936
978898058
256061678
684005483
217047575
623726549
648296362
131634722
555426134
1
213599462
592511608
123706483
839922269
29931005
467673512
1
65498688
214676902
648368877
968502263
382834863
1
475395842
434598211
788761827
1
482253110
181881589
661662624
985610621
967711355
358255473
235773286
509636256
1
481322002
155435664
867168895
212426350
463290480
389533337
15721286
243116065
229619105
212683515
72214252
526173316
864997771
862027159
1
242494193
229122428
1
1
108347854
31237118
813170365
173740630
791543578
139228950
1
311463615
938683995
602712292
888570319
681954635
484487157
836896237
461184691
141123823
239943568
295740266
817344307
263425024
808258421
293698891
523556217
513906494
350528043
1
1
184431837
839041990
496806966
653440117
1
1
792497987
100475709
203729227
291054143
352362018
918856596
794079962
252326176
518522449
312733958
209838894
302822847
762634452
494023652
767567877
484252574
684584091
732668234
650641142
97251944
1
759369707
1
204620279
504546302
15828666
934844448
700329975
254924023
272714111
164118488
766647016
222274179
858487793
215673387
992896594
298445471
47598688
1
658826208
1
335704584
1
1
1
1
1
668678407
131199615
481322002
867168895
526173316
1
1
1
1
1
105764020
732021547
959001923
669303260
1
1
1
1
1
204620279
67000109
766647016
25391764
25275757
222274179
611881843
587877259
588576780
836847339
456965786
70975187
883873815
592324786
376787738
962011178
379342362
868686832
523123492
756255264
591844786
171761886
311502375
904320648
452670168
760236009
354414698
981812487
381592052
593295969
633662341
689931619
762416144
878262802
922434428
981847357
668982927
75919989
204633299
246733287
683394942
230876772
874130437
973627452
91769685
446516180
817336570
956057042
20307177
853108432
182609126
941181122
335100943
317469729
390786767
35581297
179169425
233244102
451624216
938665024
277403039
324941833
808952840
676719646
147566450
768577657
643141456
931887274
244056807
321324024
498098775
536605290
809284597
956903595
722132013
305984181
405175070
803839888
587537307
413310228
264527948
918197493
242463286
270229842
802524332
157781153
281436608
984233630
184145884
105270676
860440163
712661576
122743750
730277788
975808030
310176567
804610048
903794337
238504639
768248382
382703309
491013669
689595990
82031531
267034333
670477419
989775592
703389365
990196932
775331935
845235957
428195921
531538591
802738995
557117634
467263911
913019222
34971173
940556451
868225258
34378303
876501942
897438102
716888124
501810992
430558141
709694963
65462012
315416326
706217835
876591162
666320244
603682544
199326547
15890912
526387618
143288443
997879337
101262947
597844981
379679988
901864711
743791585
648670924
588920740
1
1
113845003
227342030
144691221
601605067
1
1
1
1
1
163622278
283809334
610873909
529728514
46543568
633737870
93865311
688977124
481322002
867168895
526173316
1
1
1
225868144
1
473942262
1
1
1
1
286705413
1
1
204620279
766647016
615661387
911575942
222274179
909427609
906278307
1
1
1
943775028
16811982
871684263
1
1
450347802
729568492
409598792
631322032
333570543
645613428
690298029
1
269340710
1
481322002
867168895
39439212
518523098
667047251
860869693
324929273
777725654
592491601
239283516
428608714
278979657
706701260
170519852
972061513
440504918
197580449
674362843
894278904
134524867
131720823
56206612
78397892
883450330
526173316
397482687
622213776
571671701
988924456
40212068
411950652
940126998
771600655
858619195
213980218
742746643
3662348
234595703
548539661
252689841
801149646
237950684
486321774
142866232
390241651
348150714
194176789
231274561
449246516
426325739
646532060
521156355
485146620
150123713
204900142
73040241
870359131
593325565
698272559
483285714
183845303
390139218
350126051
150804800
133383680
588535232
209622232
523471813
913546431
483318802
764057735
118962358
1
1
1
886415001
790387662
11743215
174423587
1
683921878
691741854
217696005
1
377491842
444991741
557910930
392869722
189277187
636441873
235108052
679756113
62400089
368310488
509058539
312857920
418463418
400646940
484919604
87723114
291240607
780577614
116673796
488768536
343542000
686062493
375461702
765914362
992912896
189932063
77655405
974695420
653496531
963572834
981100359
1
1
1
822788103
908805228
947644874
947931583
108315909
66756650
307185712
888677753
1
1
20769703
765497869
62146878
286949664
338174694
1
1
1
1
1
1
1
481322002
867168895
526173316
1
384821186
1
1
307576083
1
1
181633078
196452716
1
1
1
158857254
621981839
472749963
27834303
96790071
495669418
969186859
403497058
974770329
762232471
5624448
291214125
730895095
580117545
848947162
171011306
216904743
1
98894621
127217327
20950927
411836822
1
543305429
419286473
204620279
766647016
222274179
1
954090376
1
1
599672146
1
740955492
1
933843605
877768320
184603490
260372093
971317726
210943412
644405098
573125982
976234818
308908414
15434394
525614362
346053154
953399306
95874929
42447004
742116710
800601559
369706559
605537879
398499752
966894511
534309793
575637284
161120836
512395118
1
280669390
709355511
1
328374090
813765678
2457007
163475830
264972513
568574064
242430142
210288798
539569592
340626938
701558423
977937125
148241845
770617921
527541178
10734037
923398170
210558117
901662827
311212146
300695666
293012148
481322002
431785674
416021693
896650542
348013296
949585742
828625552
867168895
990481195
398732464
614965298
526173316
1
1
1
990053350
1
486421447
883300737
1
1
152569723
1
1
493286052
11552211
693465834
687996159
216019934
88046697
3516359
696985722
985718713
455243879
308942988
269333420
73500839
7382517
232655787
228893388
1
1
204620279
305584752
836645436
766647016
222274179
1
1
514070248
526078201
589005353
331376583
889767767
723990826
401788888
414714300
490485356
219971366
400049188
532817761
647748212
616894036
801356433
389364443
494242802
254945990
640151163
27903283
545344604
874504123
268805936
519904428
921867316
704192516
317642073
653388637
732181901
359843287
583985499
159800141
310407592
1
1
1
482842329
16131286
17706971
874675200
1
326959116
1
481322002
867168895
526173316
569095248
1
1
226959377
1
1
997713493
801408704
1
1
1
397745395
190336634
369503963
672492292
335685728
15953028
429246743
970922708
286120579
530520005
900016676
807838434
394904994
296810448
282245890
672700600
589610154
627081941
432069701
372034860
32789207
981912074
54364368
119428957
843768984
628562036
901804612
726891779
319392702
109451203
376414146
792286440
1
1
1
204620279
995735099
454159889
661443128
944382636
160793174
504879115
847563736
49541971
934347999
766647016
222274179
1
1
172553883
1
1
1
1
1
481322002
305090772
381582532
18986009
517712489
82727518
439114063
463389201
125348742
500229105
222152976
897108499
222653616
885260045
124771967
547941847
562644001
911572781
858619245
525474693
27842229
906404556
31991036
967436214
765786987
833087119
907878355
851460
719198429
25319179
564443183
370259543
360062053
334036968
99939541
804030782
670645131
569569576
673417166
28460615
866862955
388156188
300974180
867168895
526173316
1
914480108
1
717903433
511438655
245483778
1
593962508
722729494
380406829
5423343
172837145
887633136
735243669
467432621
976561884
754749862
284987428
834959626
849788537
1
1
1
161050404
203480223
1
1
1
1
592511608
29931005
467673512
374121431
687551952
876961619
688086381
842814552
825570606
449107339
769210284
832960389
56034149
599790404
781896460
894962256
969466994
54974811
264652034
875247434
836958416
313817111
372599808
81636809
77282288
19482819
837629924
439507796
758682409
547004849
946405878
462577339
95365238
931340327
890290886
687069158
333434292
704757040
1
1
1
1
835074264
455197068
725839869
591063441
909202234
318132464
675272065
111594058
319681707
346798939
361240778
24216541
403829195
828369976
86712291
116939198
928167961
449535971
854950777
102580600
82026343
597910816
795741189
928204500
509418539
654420689
833760812
148810785
730794623
281919514
816653272
615684632
456792437
481322002
557002977
867168895
497386777
134807662
281399731
75342686
856126786
19714165
523792689
526270248
433579357
526173316
1
959893215
1
649496226
602748234
1
322975753
726120879
969445454
401945446
62032652
837517498
172165972
365275331
432198028
734945564
315094829
178360900
891057137
493755202
743234738
966211570
258170150
591208271
238955015
609676344
65227793
438666076
707610146
783732041
800671274
533410427
460247129
416963540
93540398
836923010
783679233
325504827
808111973
957038306
97896614
87213573
1
1
870105012
780739555
252106987
922540668
1
1
190991019
549347611
790923048
65841142
687673164
790465700
76400426
413439398
602372389
231920559
850890822
75490648
315851467
136761073
364343791
545113009
759041142
1
243026176
441410028
333075225
659511264
860175073
1
1
204620279
828478309
638616530
987592352
762826902
532843782
766647016
472164265
868210965
156818168
465851825
222274179
1
1
1
509024728
653305401
331551765
1
1
980398946
879566070
950708467
208510306
1
844707199
18391908
1
481322002
693384850
328240665
54038481
662722682
694659420
466466170
52869331
867168895
526173316
1
712120394
809959455
931475806
522916717
268177022
603157981
827417398
959611703
889655839
547350888
278266069
188777095
184923792
45804963
809359239
73314494
449011523
750014473
401163814
933931810
869980507
651449688
609105907
453514746
512335935
742689040
62245292
920706671
937081263
97064492
562311410
387897188
1
104175180
320612114
616077186
193611528
100942470
1
1
1
25698034
869707085
166461873
262446949
907542952
894225103
1
1
800586560
1
531747891
611476023
1
1
433804166
822012664
920479674
613474379
802892545
224280277
204620279
766647016
955095754
273050720
640571860
500636657
161687424
189259943
901944439
854997748
836112251
863761691
272600662
378666386
848507661
913889276
429920918
842657455
682008824
646571971
254033870
651074916
275204382
173726370
84031450
605451982
327985195
84977446
82480581
619462116
458401528
423332295
505269947
237129192
242316464
222274179
582085692
409763892
484179943
178752616
901011881
157406502
1
1
525321775
1
1
1
1
1
498036341
455775877
481322002
891488154
234362262
528664207
506545323
679653707
313918013
440805662
867168895
526173316
1
1
1
607750231
1
1
1
899036978
376981149
870819797
286284816
321075249
938452205
1
987573474
1
1
1
204620279
766647016
619727121
744024664
520902741
672713630
318844305
119076515
166528401
518678426
446281820
222274179
1
280752656
940889700
619923538
687053194
156485706
1
1
799863026
188329082
88309339
278220662
586960928
602219277
124138199
309491703
693990181
232711693
1
577667465
829025834
503552382
77949535
300926749
472245116
106314313
637965502
170435149
231609164
731941648
460543185
885251250
176770720
188696718
805707321
556817544
643822331
386353498
89787100
81429130
64055843
141751509
107093498
571517122
331618061
462661876
1
1
1
481322002
809842777
867168895
526173316
104388706
1
166972621
843996386
767383458
518746339
159798312
232978590
962756118
588301978
930952243
836826905
424538391
950539534
245339577
776878552
1
782302483
944962667
694739021
770822582
949141609
951835514
491433878
964232013
769629163
1
1
1
222339760
589742983
711134346
477231536
908184551
489078463
1
1
584671371
108933854
562853816
590402063
1
1
1
1
1
1
1
1
959729047
256268869
126296647
138955401
291231352
823510260
991893466
792297633
891461461
397328552
452303222
48588829
423666461
626608436
777328802
927908774
668485302
674664967
447527202
250750316
375674830
817936516
953633465
999757330
288473569
640140397
322129200
565439085
304940777
297408002
566864784
388436646
993899105
591727958
335876035
59424917
463717394
39819869
922666579
139751263
17704092
143319651
250728012
203213470
536747760
410218391
837371477
50781451
931113466
983673694
905932646
208687011
861922009
864627732
267277310
244712780
971195294
373682583
689622495
355705433
953223079
710878044
21567670
282334431
94732885
804420127
15872938
931708758
70271863
571007250
66103652
963915970
330012518
786840135
382903065
282298031
818151012
326048449
92310422
864783284
59503701
24855268
129136022
45092321
909013758
74596918
240809365
502902264
58059163
647108932
816672632
289273910
753726093
423024558
451395400
210948404
431996458
307344991
98765582
748203555
999949168
372270428
395442754
383261568
677869535
443689668
171880258
987418378
944173953
492821292
863974057
788216080
137393124
230714389
639272211
1
1
481322002
867168895
526173316
1
1
415976577
1
1
91846736
166739388
929648079
101263135
661297444
170704520
966567865
488919665
16130264
946707074
639273983
373172423
396998234
591616466
165777114
127735350
879867651
927031557
963851516
921166013
566121993
33043095
104575655
1
1
1
132086866
1
1
1
204620279
766647016
222274179
1
347568862
589448423
385773119
470927549
1
1
486381161
989720104
871812024
288932542
904227434
143673431
371996719
865829541
570254844
702959845
163576257
1
1
599694212
493940918
684184533
125676649
769860683
145188110
888617559
560384468
516260377
324244159
347655245
846822816
558901705
505590814
226165667
234755701
718617830
957839365
928542366
433407551
371929554
570118462
949179292
287622184
264612378
670174976
365809258
34879425
487351929
1
1
481322002
867168895
526173316
1
1
590919176
854844676
1
416302910
1
1
759624590
1
1
1
1
366648126
1
204620279
248365835
766647016
222274179
1
1
1
1
1
1
587707014
608376778
1
481322002
246918052
111254852
342207517
161592993
866261947
762402208
868409979
765527924
448422171
769236571
469811083
151719306
833786741
927444410
712135382
674131710
867168895
298042198
407812811
97922759
502297492
367073767
140373600
20171121
373085156
406966350
941444863
285803314
487174240
403738746
39784254
715540928
877517231
835143387
347787110
276911967
197066680
745957467
980739344
214467652
141356458
700389508
526690613
465146329
364324999
512686840
87578972
455638904
79769577
918631966
959547993
611087702
87571787
695119202
657872127
300780880
235890170
548903024
364094201
411063292
208792685
455990349
917280354
43869727
433428193
69777540
752541491
271561734
152539117
750390369
178134902
941974930
237266974
339553964
864092462
746841997
536300045
64680114
579195491
642865067
860422030
984597067
216590561
898640466
59182286
247975827
192320964
407368539
461758085
650020491
526173316
546011105
1
341882148
861729135
238988646
284762725
617436506
1
472095933
506488069
671632392
869660536
472052119
499566203
700550849
44149320
261127078
111876247
568987703
476928170
532795030
988672937
769101846
633674482
278570662
767633732
711694826
923611950
631300690
441467810
824641362
986376634
195081510
399914019
928659954
11764691
126171469
448502702
683903749
650624880
872055806
445829745
363949160
433533744
451617371
669730434
766024371
690583088
223185191
383039944
479185073
179804801
281141771
928816930
132651004
311558384
958653438
312991481
254946741
389648503
895159513
126067222
1
48925550
407456283
578370920
523168579
718391110
281478097
725826413
986402081
94017863
552575737
1
1
644693829
1
480118984
750773658
1
1
1
899016135
683597645
282371997
10225868
28708822
303107098
659818261
610861166
111966550
1
868044557
203185447
276064695
204620279
766647016
233036304
925478752
75184835
618565964
451053290
726441679
222274179
123351270
242711084
1
217239486
98363155
1
726422576
758753742
487171323
79848788
323057768
152096619
577922828
648929173
848138155
441565663
952619728
431727208
912367598
581094059
541126599
751546665
44760123
573091034
493548778
995801526
186770229
857552769
71725849
542635198
673092162
399159708
420471161
924645848
741784696
766520440
962467691
546133517
826563516
898547100
434889589
210284108
880526368
940695868
807677932
782751384
22361714
735251726
102139116
307033154
167245337
655223381
757949143
302333691
700354162
185533784
985336028
84789130
556035416
487252238
313525533
863101047
402111551
707373998
1
1
1
204386489
751585543
36592705
1
492494186
642228875
107001424
677314223
589641505
962730621
849291025
21163521
122521560
395823230
81420447
1
97181729
525611317
481322002
867168895
526173316
422910779
544106503
13238507
440478856
656211470
452957670
826154444
790220213
138787382
472472932
592536870
231037385
971523178
527289897
157876377
387067344
963288158
266958153
399274425
178121678
804143666
101447123
990265580
378818069
1
587392689
6593183
380922948
151136198
224786231
380864879
269293689
1
638640236
119491832
1
1
1
874719392
1
672977116
253186174
1
1
521143603
285910710
295328985
506097357
838792566
184466063
69161091
521748896
211959363
175363126
451683867
461353778
612646516
465826870
584323012
746297365
665916868
204310948
512796810
163237352
353916870
561225534
1
1
592511608
840747268
317039409
144057951
29931005
467673512
870460227
1
1
962617787
2370668
499895545
720383892
409955759
880810658
638816433
417782719
177812770
465784029
501702253
297679366
147553205
432840204
899168234
312009937
94481370
374893043
571302745
334433351
936249441
17516053
487972966
696488042
2053984
396392186
331124722
923418790
120989086
677069178
246272006
897100215
834492613
218571886
633066264
457529367
563332184
154760483
665054958
366102798
390458160
345458839
705676222
610467987
624975181
871365661
1067810
81609696
834849800
1
1
481322002
867168895
526173316
495770364
289231121
459030050
301569835
519869266
372313095
425981444
588012223
816876304
1
1
841304220
266205450
273045914
724982432
881972881
237437929
404588972
1
356403117
635207488
851322473
657328829
567293320
1
754126770
705485412
208178691
251695287
620855796
186677665
740286259
223406935
790638748
381127790
935942783
42665756
929848887
992459002
139101275
749619212
1
1
978044603
630130035
151647074
621836481
471587849
884580796
918709054
675088768
898413954
315998453
921976598
862171386
940251941
1
1
1
551989557
425505372
11698821
654255350
377235160
393575417
969952526
582137343
981421499
70936454
130637258
849694270
73900715
867110146
409105819
110957170
586158229
665632300
464939294
438894683
455028930
463583638
357563570
360460142
736296148
605516891
451626717
593765375
857565027
270287646
1
43983581
874181610
463406028
3926468
986848076
204620279
766647016
222274179
1
97065693
629689142
1
1
474572037
291204748
92687592
405956903
1
88846065
891555572
944047197
973072123
154696198
174562418
339937396
82756021
1
107309572
499627358
428824711
1
701916433
1
481322002
867168895
715845338
841664705
526173316
1
1
102453402
858421592
610277629
785817344
287492470
96082983
261900008
308415130
496207732
1
332646706
364505187
765249692
351369192
280989458
223568141
198678528
887959901
958272640
922876407
423260051
393009591
83218237
767344745
659589948
1
590485395
413199949
50049253
835391147
11933137
1
642251740
603559977
664261772
847010849
1
1
1
1
1
204620279
766647016
286325887
123632707
115610636
222274179
1
1
1
2426966
703539946
1
811519767
170264034
1
750367617
1
837367522
928270352
193154453
548361263
566818956
1
481322002
563994763
205932918
57444425
867168895
526173316
790838399
591537830
475235012
1
1
1
1
145321699
1
158833340
452892151
596901619
146294997
460705518
697144292
102178034
951462575
63696542
498404658
620692209
747331073
923153313
645899647
616976101
620729635
764899792
638679398
271367076
1
220600338
1
341620598
330081181
740908542
647379488
470892247
847511817
403327099
885494376
233937590
573045329
195468530
386900550
853401531
26923371
980141492
765644113
552888466
599151173
398910549
923733438
137771769
589520817
442908359
179389312
789142255
324237943
25688093
982359269
178223678
978191112
557133790
1
1
847551923
1
204620279
603946617
981804312
352851228
221888126
920232191
905597035
563613714
766647016
789749330
268443984
222274179
1
529330137
467174653
1
1
547683097
436225430
15127990
1
1
457811301
602996619
1
573733606
925763762
217303101
1
340256489
190778783
12839654
188312831
492817346
481322002
117871854
477067043
98619123
305515484
831592810
622666139
216013963
223782077
814867630
438009526
212011624
864007900
241871574
236510069
417171340
638202988
700704755
374090987
957526587
867168895
526173316
831143399
314713796
641688413
579792317
89985846
207438943
749335801
276161224
241460318
117293355
113909230
1
551765982
230177255
744723101
1
1
995414897
352785704
547257565
229520436
109976047
786768169
461643301
271110252
566535770
265426613
55552641
72879259
1
1
227346638
101981642
1
1
175680161
1
676738946
531361615
112606169
918580934
592133006
1
1
688434526
403732054
818164494
979835216
944746875
803145172
372701478
407582719
7324992
460829355
649824063
146548212
23985498
311951840
555337410
852488550
218580879
934969820
452216939
663319866
1
801579977
526168223
302909140
537234258
304462301
395139251
885477678
606395117
109267211
500521420
400245939
178848256
559898483
732185806
170163387
667986715
421889705
344673697
298851529
481582433
759258687
677572407
848272110
162204051
321228352
899053191
700722621
15248900
20177893
669234848
351149915
675354028
507402295
289192976
697158337
439914472
676177371
1
1
1
1
1
388837830
79270407
300247938
392885877
246146290
180509211
232262169
808152778
122314524
804379450
491447453
101761082
494833634
342022111
787328577
542341834
469845561
194950217
68455237
973776960
720491262
627080163
277219336
143616960
1
481322002
867168895
526173316
1
1
186300147
705188941
447540127
409286496
1
1
1
867288831
