1
243607774
193769037
1
243607774
801709711
399096904
877730051
417133471
24777738
29636499
384063982
982488671
562954021
871385582
1
243607774
470997264
1
243607774
1
243607774
1
644472859
958508559
191778173
694846269
500507999
17307838
141529612
108456422
6792895
481677590
811080172
180218069
243607774
1
243607774
1
243607774
161358849
547824349
839799770
894343156
1
1
243607774
1
340102146
195671963
243607774
431215883
1
544006129
243607774
1
243607774
722004489
392922022
1
243607774
263060320
694203137
892970825
1
243607774
260803297
1
243607774
1
243607774
1
243607774
1
243607774
122461370
533119606
379285331
375004171
360935662
579530175
942716855
664711263
184532623
1
829121287
243607774
1
983494274
376193178
243607774
41769998
1
719678334
554153815
67173493
243607774
1
987617099
243607774
133375828
951761686
877007678
248111364
949635835
236134686
1
536497357
970429122
1
243607774
674755189
349772377
740574533
78228297
18091619
693579906
320287498
293381419
66104397
605261935
1
243607774
46306054
408856349
385102578
1
243607774
1
243607774
928107436
636427846
389725773
802536370
710249248
1
243607774
347215314
1
588570630
243607774
993901967
495248771
634153791
269219412
978238372
1
243607774
32158209
676917709
446064493
1
1
922598773
243607774
183273090
11358700
986574219
1
243607774
1
243607774
1
243607774
1
243607774
1
530240718
243607774
1
46961405
999270295
748405070
1
243607774
1
243607774
1
243607774
1
243607774
1
243607774
1
761630510
949994613
150299962
407781059
740989959
577901244
619557464
118282782
24864780
499639715
128077127
190250012
95650145
617579177
473894588
152476719
833748900
243607774
672657257
1
243607774
1
243607774
1
243607774
1
243607774
1
85766187
639868984
163742546
142308102
811176073
243607774
1
243607774
496438798
510909589
568680067
854599361
612686526
1
243607774
1
102898681
243607774
1
1
243607774
1
819219154
894490
561586076
243607774
1
243607774
1
243607774
665773111
289895989
1
188243663
510816938
809675555
243607774
10708974
195864333
1
243607774
1
243607774
1
570805784
877730051
417133471
707591706
636215708
24777738
511223534
218326808
796152064
150229755
749904402
984857217
112566542
803106062
300277599
579812437
681000212
19973493
280638681
927557683
101006296
268289862
725852233
103699397
877399516
942326826
573741781
80382742
149546410
190164235
611069202
132880389
328642238
80969382
118134092
901294671
388246052
201494127
1
243607774
1
243607774
1
243607774
1
243607774
913589465
275153941
817062724
921746997
117429171
11630174
954704916
361550459
782310491
196701291
655472004
3097049
546298201
344493002
618809966
744127807
419581316
605281077
954842445
234167603
390371761
196314840
35918197
385657535
449926062
371571952
315120942
22847622
943241450
952644206
941985253
160914670
76078483
1
243607774
1
243607774
1
1
243607774
1
223521536
243607774
753414032
207162993
489298915
80590481
935133930
111791889
604787079
737619990
543546298
80384963
677885417
142277545
901587184
720671117
954918225
437551450
802197736
1
243607774
1
577902769
999297758
381776039
243607774
495498532
1
243607774
1
243607774
581189954
865737367
316169507
1
243607774
1
243607774
1
632965869
165101293
606029164
620102230
37312879
796373058
658353892
618816882
150920740
800317566
501029127
572255707
233210371
950223333
631316564
243607774
442310558
1
243607774
1
866223913
101112119
611768625
64838109
282827411
304710348
727586129
319524478
243607774
1
145027018
532275520
478964185
243607774
1
953634541
243607774
927756325
1
243607774
1
83217331
142929057
1
64324592
61376701
49839436
424606934
813394458
430234795
323655528
764919528
77015751
228789779
164939327
703407633
224971610
669968492
330585632
115358507
732968186
137746996
422122508
395015602
483877402
192772074
709470836
515754146
9866615
473885235
50260943
500849976
1783713
902229267
414809569
512258429
884217363
229724868
721722616
277433430
70348591
180189978
238746155
347050331
902176306
90041832
243607774
898840512
1
243607774
1
393058254
876624266
933578442
285506242
802383783
304227808
123313123
471220928
243607774
244168907
902685359
1
28638412
789036295
200240558
954924977
628209034
279610719
246256522
425085975
625178160
243607774
1
993710608
124476565
243607774
1
243607774
1
243607774
1
1
243607774
312897893
57272011
1
459267483
639870348
243607774
1
993664504
982568551
708531101
103381955
243607774
1
243607774
1
243607774
691148249
1
243607774
1
794099209
1
243607774
1
15709735
703530925
58193483
610913107
917979043
745679848
279374105
130520191
52062151
308127704
938455056
546099847
636811978
879800738
497090071
372978612
512886176
241153781
164986123
953054771
119823747
197631853
420265902
44799237
971785999
519201019
829695051
452003776
175982942
756763157
718004601
741980000
710031954
833694486
737674639
46950322
369475096
360874008
293402604
671334208
996949881
626640103
219994837
825417991
243607774
388384988
1
243607774
555035188
1
50737066
690021780
251892100
93672302
538079158
610084065
450422544
691286404
35637629
871539322
440774657
441385302
452266031
570825355
243372581
580870615
3171753
320573810
733922178
347744430
240705888
227849466
981947627
243607774
1
595580191
954557200
724440662
345174050
34461521
243607774
1
899755092
243607774
1
243607774
1
243607774
1
243607774
780696759
1
243607774
1
243607774
191058884
1
243607774
731004439
834217460
151706705
1
806424666
670628978
105600785
243607774
1
243607774
943280604
1
689989905
1
243607774
1
613559639
596211230
463432359
387135963
850628577
234996504
284303138
243607774
1
243607774
1
243607774
1
957746289
243607774
1
616815449
730219370
11758590
659406117
690415025
243607774
436069787
1
243607774
607817459
766756834
984167596
500030355
528975371
174734079
814457745
1
45527481
687093127
877730051
417133471
24777738
1
570069374
763816385
243607774
69941382
1
243607774
1
243607774
1
243607774
696836354
297293280
1
220512999
243607774
659210384
1
243607774
657326492
1
1
243607774
1
997204085
243607774
170404489
1
243607774
1
429841485
974766111
982305405
211975830
525384727
63540376
874280873
318857143
60127987
470527866
381201545
708447934
826499991
838739292
18572766
551101406
637994044
45810421
488619583
979280556
275605920
551565633
309621275
899898372
30862352
471258459
741679842
378964286
89149505
141086344
339181928
243607774
757283543
1
243607774
1
243607774
728910144
1
243607774
952095134
562451527
873449833
820248981
689514225
317990379
158612395
495985415
35424600
881756916
367166583
954769872
1
243607774
179659939
186323771
1
243607774
1
243607774
1
416902344
243607774
523726403
875377673
671647890
440003877
237359479
618312899
231466972
774367288
767321422
235527759
670785043
170565167
668705078
1
243607774
746056300
1
243607774
1
243607774
1
1
516320815
697741226
892463759
678927772
243607774
1
243607774
1
819913736
243607774
1
243607774
1
350439703
243607774
841951532
605177886
876680779
697129224
537291914
1
243607774
715966462
1
243607774
340054520
780624840
401173117
971111001
792090623
878008755
1
1
243607774
1
243607774
1
243607774
556906908
1
542714363
243607774
7763562
577373332
702644967
1
243607774
1
585149407
243607774
1
830990471
324888162
526575873
175162479
611148156
1
981474302
243607774
1
243607774
856483800
614281605
657900182
484603715
389487936
922531338
762383878
382709860
964559957
585241691
94262369
914079593
391696727
839754440
247923226
107943061
451450783
455160776
173317138
699446246
677025808
1
405134717
650103928
881945025
243607774
610645238
1
243607774
89835406
4817387
48937194
1
16424585
876254184
998574340
243607774
304090000
1
243607774
478150899
141374431
499651531
130472649
405860519
552413911
409080038
98523128
565028092
395031585
607482729
341629131
370623235
979479722
347549736
836825912
1
994786645
229570925
243607774
274774197
8438709
1
243607774
1
243607774
1
774665071
691894096
516402072
542753976
243607774
486974465
404530857
68360887
297147319
926792369
1
243607774
295398634
49306282
122660317
468996454
333025294
110110213
148558090
670879050
960734455
962277054
1
390997752
947620304
917450979
720416873
377448401
243607774
362403535
376228390
1
243607774
1
43439438
243607774
1
1
243607774
1
243607774
262692874
941351635
111171297
408652341
1
535944201
473525701
156632988
687670827
412555607
363176646
788780392
508670879
243607774
1
243607774
1
33103433
243607774
1
243607774
1
243607774
1
799221446
743443183
511391751
56938556
682772135
780824618
954626267
372771363
547650129
532399462
189124003
53384970
250842866
546675167
273709675
376984536
723182623
976036034
207378601
63078208
537886433
293568027
688646263
725161700
428902393
744680942
740073375
162081659
912718711
877730051
417133471
24777738
1
979095082
243607774
1
243607774
328221895
481629308
185513858
1
243607774
1
950855479
54336030
472087379
243607774
911475687
857377503
900816976
208895648
888210699
226225614
739885075
143562494
973339765
279665547
351015855
632099401
252040134
706164802
548221520
850220702
851200830
432495551
630123378
738400105
263002659
947961007
41452899
1
243607774
1
243607774
532989723
226691705
1
1
501174103
243607774
454777904
437550821
645383468
531209842
967019656
174234088
661038095
331223116
452702887
1
624813953
50125120
243607774
1
12348077
243607774
1
243607774
1
243607774
1
90539272
243607774
1
243607774
316136596
659753406
203472800
157395688
493764535
138288826
34848713
694201062
691087538
219082612
375164840
145048324
607700732
527448472
957046531
703116238
102543556
1
243607774
860730745
1
243607774
174253220
436440602
54006904
881566025
379746284
281290338
300610178
647083827
1
243607774
57919370
737107004
565550805
121484834
32189424
397807131
345232423
298004036
8635824
611030335
362646006
308761163
203217400
901631591
401474595
618603700
326026576
946497632
666417052
354412392
1
243607774
665442750
294454924
1
314198395
993358981
882638289
999475544
559694194
170195614
929895790
243607774
1
243607774
1
243607774
155783369
1
1
243607774
235685783
337596302
752159540
715453984
230760658
487705619
682921757
1
243607774
1
243607774
912430334
1
243607774
1
678071234
243607774
714873587
1
306813869
489933119
243607774
1
243607774
1
1
254459512
917803200
140590962
243607774
1
243607774
461893366
812671022
266645506
135298914
1
243607774
1
243607774
284730607
326950898
858589085
506359432
857922755
830287582
759187589
492249474
168272064
379239933
891209451
895984578
429064517
313271980
356084498
837129082
1
243607774
1
462171172
243607774
1
278578039
394606315
1
243607774
1
491933688
720842794
397278131
875250514
314590695
862277054
680341506
368425162
515026489
332727008
543144781
891795842
937037712
498811471
370120836
166299420
646215318
942392112
198829452
547602691
69006474
30638091
95665034
810939609
135822857
26960675
420751728
711068495
243607774
466636341
1
243607774
85291139
773667792
316277815
390619866
547609452
348527459
328880417
484102704
15462618
918372996
185745058
297508686
18227326
135605315
340930645
940328942
726253193
267962613
1
962356497
435162279
243607774
897618376
352473509
842257893
406218725
187267403
109262216
301017877
1
186772957
347717064
243607774
469423429
437562803
197493440
313435234
822611443
516722851
442310240
486047973
1
243607774
1
243607774
213739838
931339166
168883919
844009060
516988184
436395560
710551372
799439949
237379631
344358944
916412110
663500153
939849036
729078512
556772708
976491329
1
800057594
243607774
792495041
856662535
830176000
243466618
1
243607774
1
243607774
649677997
327660303
534254901
193170250
813600788
12825169
297029558
751466671
975168561
718841475
108152010
116767225
402141732
348550493
959546626
388508178
771643161
1
761845014
632557250
508612321
270808325
243607774
799123971
1
243607774
601217857
1
243607774
1
243607774
1
1
243607774
1
243607774
124343710
1
243607774
1
603064647
718661909
465480214
801669510
979300012
787595761
243607774
1
243607774
162805516
379578666
75112621
594409466
242722714
686917157
60135385
364939313
957915881
276277748
550840252
365449522
479794283
702796709
611348361
707115303
420974785
413085508
988231156
92696219
808141849
947159658
44147737
467986987
341607539
647693788
875548096
935317910
639252156
1
243607774
1
243607774
129593444
1
417133471
24777738
1
663064958
243607774
190067211
1
613833422
243607774
1
243607774
81997377
1
243607774
213509632
1
243607774
1
243607774
211869909
1
1
443329447
964539926
952427397
182901282
727905720
225863193
877755016
787405060
243607774
51651763
508763906
833266453
1
394386495
243607774
242724518
470488601
721218227
169011167
312712686
694228889
206634026
666514312
343698362
605340073
116397236
511093626
988547804
28449227
676438749
498733302
735241747
348552354
187815730
526026288
869793141
67161796
488102854
76514895
529107825
648103631
776653060
1
243607774
1
461765301
359378299
243607774
918913434
1
243607774
1
633852722
322904473
428874648
208539536
743683860
462872564
944873414
203382029
777772652
349850087
756364475
712793288
859998450
243607774
1
243607774
1
882123801
243607774
447861932
1
243607774
941699649
698305648
182667492
886477023
864118625
446786320
115634978
422122422
711003275
665956239
458220489
635790349
1
243607774
1
243607774
267484645
1
549737045
243607774
468891731
1
243607774
618659903
790714949
339493722
626436788
52145047
307067069
130364427
443245644
870774550
962201398
216047223
415485551
196710677
859754906
657213639
152290639
639785418
340921576
963295367
101202603
872238701
162802883
314877978
1
243607774
403721606
1
1
629990636
648407988
243607774
860942776
1
668437369
272062632
243607774
323387297
1
774057118
243607774
1
615140951
243607774
164223376
426610203
912148675
882282248
89111208
196383339
1
243607774
1
727358258
348419685
117923925
511874285
39334283
406108551
119343268
522921478
243607774
978846068
1
779738266
545159801
353969366
398414089
985942183
28642270
243607774
997575102
757527962
727246827
815289347
564635500
906600621
73187523
1
1
704235695
804954119
310118891
243607774
619019301
491839172
1
151322282
502774026
243607774
1
243607774
1
243607774
1
667317720
432609046
243607774
1
961519185
835456609
540234599
979763182
616070833
221859733
510114348
434812520
852189192
564973069
843396276
555067096
465262975
854208618
242587842
599947318
895757106
726902521
826665415
469421122
429886701
297171743
179401753
936080733
591328375
650701374
600113132
569884105
316777893
999142502
690629768
812132440
146976043
828889931
243607774
1
166598301
604935062
279581850
1
243607774
728706686
1
174791146
243607774
1
908602979
243607774
602005436
532276738
108116446
1
883435585
243607774
96848523
224540114
583092828
773171412
527707199
1
243607774
1
243607774
1
243607774
1
243607774
486236814
322848625
665797280
332140213
377939777
733900527
519297059
1
243607774
395026126
812940743
965875899
453330002
495133762
1
243607774
728077151
1
965351625
109053310
243607774
757818160
533029160
1
243607774
120502001
1
243607774
18130318
408608628
278835848
1
243607774
512913411
805526789
115362341
560887633
688368151
713825763
1
1
243607774
1
296353941
846164041
243607774
1
243607774
1
337829120
706651114
334465358
219774457
412558179
665577583
919634864
77546688
923273128
101667227
228214166
152604311
616941237
546401313
725033148
926942206
826513062
266869538
425602204
212974980
86222061
106002720
750486378
774776561
779622640
814046666
549413874
289639403
619108339
204979101
243607774
66620960
1
59418513
349288873
172046292
299352553
7855463
717483026
384266164
848193213
243607774
1
243607774
439053098
655697353
1
243607774
1
800567181
877730051
417133471
790240655
24777738
206224538
789890752
115967193
851794855
726521273
400088043
1
169622110
243607774
1
243607774
1
439819077
243607774
682096022
1
243607774
263500631
537738798
142921832
755975937
686377301
84322534
24107903
348971777
156823571
704106199
898932026
284349022
1
243607774
710106340
401844092
53728892
179021363
1
243607774
263118466
174514259
734111826
1
1
243607774
1
243607774
1
243607774
782778146
367070946
17135041
182012137
831557251
205535487
35484094
115572046
804564049
29354808
320351694
353942153
226790750
899882490
170077546
417790223
84942868
588385115
1
243607774
1
243607774
813297167
1
628108245
666430057
544329673
939705400
675427720
243607774
75457913
634323661
258806434
170517658
1
855544147
243607774
1
243607774
744527044
239579924
737755179
275544358
657213614
1
243607774
850793210
1
671504258
243607774
1
243607774
1
243607774
1
295158244
243607774
793326967
907235423
727965423
689397922
335549002
55940643
949881138
879361102
422583897
1
233131249
694892111
243607774
1
1
243607774
1
243607774
1
243607774
1
82637273
484143272
976304736
243607774
1
305310609
243607774
1
243607774
1
243607774
338944528
1
708649917
1
243607774
1
870418639
904795004
243607774
1
243607774
1
243607774
1
518757630
243607774
1
791972018
704110171
243607774
1
53901841
147659103
1
89140228
243607774
145140013
810423752
1
243607774
274100755
596384784
292469964
1
860414642
243607774
1
390466424
588977268
424621606
243607774
889034339
1
243607774
8983890
913720743
424493748
626290991
1
243607774
123214038
1
243607774
1
243607774
855364052
1
243607774
152819054
844900402
688410222
680013582
933405235
902743816
631985777
252350121
1
243607774
1
376750796
243607774
1
243607774
419728512
1
243607774
283776431
1
243607774
1
795094018
1
243607774
1
243607774
478547618
650170344
157491270
771556453
188869100
153787435
51502599
232768045
36599285
545370026
897200339
520592314
1
61739940
243607774
665100394
744398100
843194343
1
638101019
243607774
1
793652326
778367576
371746618
131827635
511670564
122659547
243607774
1
243607774
1
243607774
856374114
735055282
1
370800290
463104732
472012537
946005176
940230594
144019378
744354931
883736766
817527210
20985139
522775123
840128685
85993750
911721243
162644566
606184363
565148303
325208689
947165203
877730051
417133471
24777738
1
243607774
98004519
1
325666093
243607774
902705365
237032861
1
523866231
898411764
158409701
243607774
160481086
123305051
782153878
877945185
431779795
472097115
649744878
124618840
666256459
213332036
889631593
713530541
1
243607774
1
243607774
1
243607774
1
907513121
600909381
951486705
1
243607774
1
362062395
62732910
64877486
909448190
525296093
823368425
547899701
918613062
486140196
428669779
722085766
574449924
327453069
56180227
543819034
243607774
1
243607774
1
243607774
1
243607774
34769213
831566042
1
243607774
1
994802256
733161020
305248803
698457522
243607774
1
227879242
861756034
895103801
243607774
714781933
1
243607774
1
243607774
56452712
334229240
362518596
463479864
651311917
940697919
488294949
188293414
169059734
641297770
639610865
99643095
516935884
487166927
717247804
435952369
605243355
603498470
900252696
347858928
893897708
607272176
1
273539817
133892852
82200913
731538458
799186277
423602420
699482293
6572111
877826424
514451333
84204631
664864489
379830896
243607774
1
243607774
997796075
356832658
1
243607774
728648713
370316879
133255772
1
243607774
249387862
1
1
243607774
1
926020449
850060209
243607774
1
460635500
365794582
243607774
1
56002049
243607774
1
243607774
1
243607774
1
235364468
352498543
924418891
243607774
1
1
69329504
828168315
957137131
243607774
1
983818692
609599744
243607774
1
508938972
243607774
1
243607774
1
742630471
124027669
243607774
1
243607774
1
99377481
870592226
924072789
793720163
721829916
1
415239420
544123743
790934612
945742886
243607774
1
912325741
243607774
1
243607774
1
243607774
225840556
1
243607774
451744154
1
346011979
243607774
1
243607774
1
243607774
1
635165564
174422976
371927108
243607774
1
243607774
1
243607774
1
243607774
889651531
105049786
1
199415881
243607774
1
243607774
1
1
243607774
1
548368919
243607774
1
647620294
243607774
1
117826950
794264140
243607774
1
959570155
243607774
1
243607774
1
243607774
1
877730051
340246759
417133471
24777738
1
243607774
392408228
917045028
955763488
451929287
361487195
421837957
927492255
937246652
906974249
495082455
665231436
233777939
1
243607774
1
243607774
510224538
1
243607774
1
243607774
441972228
115341259
59831734
1
243607774
765044115
1
600643261
485185267
190763833
778205863
1
167260487
243607774
1
243607774
1
243607774
1
243607774
136524384
960846770
1
243607774
171241035
44608566
284375616
68985197
1
243607774
573502404
80293378
1
243607774
925578958
1
243607774
269675212
332748380
691117456
648115500
260995196
1
243607774
1
243607774
212947439
895133889
590336078
783736993
906271055
644563026
438666234
170632530
1
705201380
837435659
243607774
1
243607774
894104377
788020082
192606981
86592802
374592853
667896691
945834618
1
243607774
68940734
695248380
131843472
961722198
713595082
809361235
204050719
642712266
655040153
1
35356710
768943328
110927484
451872062
41438295
632180096
677954254
243607774
1
1
248042023
74361596
69300930
791303957
243607774
1
492806647
243607774
1
243607774
688946742
530758959
1
243607774
1
243607774
1
890151420
461828726
243607774
886069992
225422259
1
243607774
1
1
654563421
294710067
243607774
714295742
1
243607774
1
391661883
243607774
837441281
1
243607774
623197750
1
586835797
855572814
867820800
598161836
845438212
977049145
256385995
513265479
309913760
431927100
769341041
933226841
843180675
736639230
243607774
907087211
181505766
1
66410775
31944470
176043472
243607774
556013819
47039359
654181661
80523138
921403783
644932452
235777210
433929008
367515884
520920586
902436531
269343883
197646556
1
1
243607774
1
72465087
243607774
1
243607774
742636573
267042571
831735081
1
243607774
403180723
204523490
540332266
666697870
491190387
323873774
798087380
973813503
26933312
498420893
271965639
287005001
349176626
1516169
686976898
1
20399852
614448195
37532726
243607774
872219336
837649991
624668550
926499908
198534656
678262829
646855646
21408759
205774905
331201275
938802024
1
433100330
243607774
1
674138866
418337330
434838221
243607774
1
494656902
195223081
219772169
19005526
318631327
674687782
556633346
442679884
60140734
960934064
927145323
288420754
119300214
50810666
265797809
497510081
744769995
139534606
678254113
79557373
497844823
818855340
820760504
582651834
544201514
591362768
219017542
784875225
333737829
716552957
174194792
951024825
98456341
218381608
384529996
739262637
461175709
986184610
137658785
392545038
901153291
226268289
442501657
780661547
902627700
431503333
794202747
638154840
645554454
191182277
648490460
918901391
544210211
243607774
1
243607774
932851815
1
243607774
1
871139688
243607774
1
129158773
123592984
243607774
1
243607774
288712760
704764985
1
191305936
512746511
203778496
870040744
617659440
835247545
243607774
1
1
243607774
214297572
763228870
928426943
876846651
479767206
222083551
219323823
210607048
724618402
171151683
597415726
1
243607774
1
96902
243607774
1
243607774
663208769
425145570
1
213549634
329766375
279971978
778517851
831930219
14394883
558580830
24943263
329924619
45804200
465161874
384246302
243607774
194046411
75679016
999179147
175343221
217928954
387942375
22374695
861096038
1
243607774
1
123341252
243607774
1
24777738
769959792
1
789158102
243607774
1
243607774
175176935
1
648788968
103072942
851107683
243607774
596257440
771650501
294795984
615208256
1
243607774
1
87756973
243607774
1
243607774
1
1
243607774
972910021
1
243607774
1
243607774
1
284342917
609004518
243607774
1
264895907
984893006
281357490
1211397
27336969
292672465
243607774
1
630139153
121135726
513828722
208177205
201189543
115827179
496128141
745428454
609673304
778539202
243607774
295044973
1
962421501
95754534
178330454
243607774
1
185991808
243607774
1
243607774
1
830029059
497725820
37066272
278681172
928237479
78503789
8325199
243607774
1
243607774
1
20126813
944845896
243607774
1
243607774
1
243607774
1
1
314730721
243607774
1
243607774
1
243607774
57144342
183916247
1
243607774
985375414
362427830
585254294
466271413
831543238
679282483
192853624
63933004
1
243607774
842209389
1
243607774
25606029
471670475
1
243607774
1
1
250320282
812400234
243607774
959380706
883230567
839467789
1
243607774
916026477
1
243607774
429753012
1
243607774
1
243607774
851545213
170082299
740456236
850946716
1
64418145
939749800
921074965
567837367
416353302
243607774
657443942
552695292
1
792102516
532630398
559913735
649815822
1
243607774
1
548578605
243607774
454755243
496926300
1
243607774
23342121
871459717
1
411734996
570242538
488588025
788095154
427008472
220846962
235315858
149358608
530690323
877707249
769552638
576045961
395659108
861927566
701000819
106234928
869666087
860060133
662099604
617981028
995505703
97186257
11138387
972354955
811231789
531862681
621178328
593254932
654912109
883952859
243607774
1
243607774
728905919
1
80987694
721925071
74066082
869484090
905542270
555021598
528583890
243607774
1
243607774
567981826
975496122
751540197
790254591
637574475
348471809
1
447052013
243607774
1
243607774
1
243607774
426298267
31797050
940424510
260898560
537702168
619939683
576668379
551515687
1
243607774
352663560
1
581107294
243607774
1
243607774
1
624359610
180507320
441587470
93256616
182655822
830503771
866328755
194991362
16515861
511803555
243607774
392663166
29005639
1
73377499
1
243607774
1
243607774
1
749848626
243607774
1
243607774
1
243607774
1
188826123
243607774
1
243607774
1
923090496
877730051
646221971
417133471
24777738
48642386
1
243607774
1
370231999
170510739
648118703
660217831
874849620
775096053
365222276
383380908
283000350
199341175
33238625
184715333
197780316
869581740
243607774
1
904590896
243607774
84890552
99651727
1
634402093
710477385
934883157
243607774
1
243607774
1
243607774
919105476
346787736
1
1
243607774
638453085
439275184
680780643
224688570
96825145
273794290
957872158
1
548105284
243607774
1
243607774
1
243607774
1
243607774
1
243607774
1
243607774
712697937
498917294
140121964
182057192
608687110
614851280
62103753
798868557
22663810
811922740
137469138
682789916
976462136
1
243607774
248472691
455283898
502332104
1
243607774
509585249
384387951
1
243607774
1
243607774
110527729
214195424
757719633
870354048
895826688
1
330806027
616846862
412007048
243607774
1
243607774
1
243607774
976417430
869558533
526247043
1
1
243607774
339774687
1
65658849
765694598
204747959
243607774
1
712861228
479741917
929711880
243607774
14720350
941191408
39207286
550029869
1
243607774
1
451680987
243607774
1
764247052
380189029
243607774
1
243607774
1
1
728356332
12400871
7507618
243607774
919646149
729492241
68510528
995283620
844288156
448252780
267500591
228837212
330988594
1
243607774
1
243607774
1
243607774
1
997064516
243607774
604079472
1
243607774
1
1
243607774
299108224
138201211
155129101
585704306
662595132
245769303
1
547010986
243607774
117636482
1
243607774
1
243607774
232455951
139390359
473663921
38758377
510222811
298777248
713890378
1
243607774
397827071
206322300
525522261
184641602
614701833
884197762
606745661
291068215
890247478
160330444
143354987
1
243607774
355877778
420413537
625226312
180124632
244374905
1
243607774
1
7445297
267088240
243607774
1
243607774
1
219714665
243607774
1
554831705
331978119
839155303
787819541
738027233
284839434
762694387
591273413
243607774
221123832
1
889358145
500719449
243607774
1464774
242186460
472351924
1
243607774
196780405
674374251
826504960
793574451
576034769
527476419
1
243607774
159224862
1
130067468
1
243607774
1
243607774
1
605821424
135390972
970786258
177186041
11191443
18211176
243607774
453298401
994096570
220169392
566580110
1
691747189
988005880
721969986
243607774
1
228323373
243607774
1
51130529
243607774
752864944
1
243607774
1
280689259
140500268
158360902
972813871
146749218
919090784
314277926
806294330
149703977
764536104
958208923
836819516
22167626
602042365
950049757
313697027
215928935
115019830
922155475
718843316
373980066
90232051
879312903
877730051
417133471
996162348
24777738
856075291
82566610
879109940
40468097
1
243607774
569139254
415776363
1
243607774
1
273675598
243970843
582068131
243607774
1
459290640
772731520
243607774
89860479
681881620
760159291
148672135
535810101
267430097
975433513
353746927
782303668
446977086
886746223
701921350
602925299
1
228109614
776639475
243607774
760145948
218292715
538191315
746181556
991069378
570454195
341606750
959358025
725729239
975604775
91378385
288813707
688593964
296649601
923899246
707190491
684806234
379508908
212248350
766690678
278430738
374727754
117066460
686078938
279691143
225505960
709922025
317596713
1
243607774
971648429
1
137691122
677023645
1
315736350
243607774
1
199731594
243607774
428750299
461458522
1
391772230
809577799
584238099
180027363
336003224
51556854
243607774
569906282
1
508682805
236321402
19989166
765607927
102675623
696733729
96236025
639955295
831717466
260393996
955479921
285246845
529664423
104343538
883823549
688054144
248972999
308972771
315185270
486819192
243887070
159587441
37142068
418926529
676193464
959652512
243607774
494478846
83045243
1
597126712
768810535
962370732
834762298
857647726
423779352
243607774
507165378
1
243607774
1
771677218
730198196
259292223
5783800
786459878
243607774
1
243607774
635280689
985120652
392268596
189305142
185821269
297024714
241581584
748258926
977198665
90104831
266096226
420886234
772328293
598337285
595402708
20566937
2100799
651961815
239117616
1
243607774
1
649483964
243607774
1
243607774
1
260062625
895233961
844835900
366558448
790074845
100400444
84964290
983893012
953775131
115804780
313988787
489308597
578365555
307143044
431685559
440688343
914673867
243607774
1
954669670
243607774
1
221500051
243607774
1
1
992981964
243607774
1
243607774
614736750
1
697173633
243607774
1
137934893
385724423
468185937
297907728
416660848
380269927
515652841
597441995
268048423
863238131
529883148
243607774
1
243607774
533008019
1
243607774
686147326
838132160
592506927
865413028
78074097
542275609
920783140
45299778
303234923
336752039
687882280
1
307427914
90633366
243607774
1
1
243607774
1
243607774
176154411
679987981
498691075
349183778
395925149
1
133855152
497693762
243607774
363493730
251338231
597404309
360371765
739033596
565794335
447560884
32791388
703019325
621975035
379452283
193147828
541286025
921325573
196994121
828385761
624662832
768584510
786631663
745594117
74612576
475471479
224518452
942657621
326760638
1
243607774
1
243607774
1
243607774
1
1
589528473
566759412
841040437
982092620
198006101
890950901
502463806
119161743
163471853
607274500
570965785
902209801
994876029
243607774
1
243607774
1
458706029
489488619
996340788
547832365
243607774
959220044
1
164795369
617068599
794159483
811948588
9763481
491333394
189548401
309642224
424587796
528530494
243607774
985563948
995164308
226896851
370298840
151662587
207546769
554230025
446785717
909646018
496730123
886700378
1
855348785
388923916
607872199
423757458
243607774
1
243607774
1
243607774
337337822
441129458
1
243607774
1
243607774
1
243607774
1
243607774
506186088
1
243607774
1
243607774
1
243607774
1
1
243607774
1
243607774
289333667
589637376
1
313343980
479285027
553429094
522098148
943817884
484049902
530818637
735654269
411061322
304438185
144845095
194472840
659100170
355337347
499207245
422269228
243607774
578870628
271128483
1
243607774
1
243607774
1
243607774
33001684
622629767
79191910
745482906
1
698107161
833534439
549679679
887090434
62180513
77759251
732708625
522903146
476812
243607774
873057766
541827982
313521977
712844218
1
607769563
445007472
98424383
42529572
212842345
520640803
677636513
112193996
817085400
466581763
612459074
687715350
89036284
482412124
41939897
881446563
839539905
313133429
247429886
70061035
877730051
417133471
24777738
1
140645153
243607774
1
110747852
243607774
1
243607774
1
243607774
1
243607774
1
894416848
243607774
149756166
1
1
243607774
1
243607774
1
243607774
1
243607774
895931617
735031486
199110247
435781204
606248934
777810285
424929065
369034249
783729544
232674086
781979172
116426626
621907321
976232648
614573552
131678514
932242707
591172248
99863246
296109006
483206035
1
469160792
552967395
890997148
383528503
627848254
788019457
348955726
935849384
232577575
713080197
243607774
1
777088145
243607774
540696935
965441951
860121451
544842111
854101732
460084933
975930446
371045217
256560150
242119700
417882598
51882709
458424833
663900017
517779150
138150244
323677247
57067574
199425961
838133022
713907856
965235564
732510895
470972162
53138589
6131188
579433687
378834281
230139013
939581813
757581
738488729
468279829
799171407
1
243607774
167151533
663680673
137826698
1
243607774
87020418
521641272
916518365
339351780
224313367
154385369
1
243607774
981479738
1
243607774
1
585057869
277679068
668888429
742266622
394343272
999467050
536961798
512505884
627817422
311864202
542442337
336634478
151085066
251992325
79906419
572590796
756924180
476477648
756682678
378175805
204996644
389558943
992057067
794065614
127855521
58924958
395726716
520751291
350290023
40320352
763568109
513994300
451662455
963010048
769116538
117760926
363890044
352423201
667340647
622522965
355425837
151953692
243607774
37514771
1
243607774
696962873
1
617970171
482215856
703538920
243607774
521843513
1
129862159
371794342
993167461
243607774
1
1
243607774
1
243607774
1
763993730
128346147
845348555
243607774
1
243607774
875915552
863069521
415912431
43473845
736443725
1
495900649
243607774
1
243759360
243607774
1
243607774
1
52514162
242587097
1
895585780
296137235
243607774
1
243607774
1
243607774
775219337
874976559
1
751282126
588797731
979298622
337540801
532281871
265161237
906082113
918754816
332727745
13699538
15433680
217581374
391596178
243607774
1
521447164
263932976
85882994
86520060
489793900
511006831
828712729
543709394
422533240
729715612
516669081
305558091
852186688
31724087
896422063
884188539
890748644
425637608
788128686
398155871
908306167
755613741
935385330
784497967
639300378
630977477
144629061
429179450
328315653
275596424
920652970
248702675
243607774
1
243607774
1
1
695852556
541679011
243607774
1
755890686
353226826
669660577
717137755
683594723
659587943
243607774
923250600
1
702662118
243607774
894254065
337959588
1
243607774
1
870737794
754235999
292606095
667788231
253262574
919374553
325454510
471339283
263449843
39583371
369057419
367201898
951438577
374631511
840314237
354611619
358987913
602310084
289523477
506619435
900111948
906213377
353676890
884518771
500823800
243607774
1
243607774
586086408
34289360
1
243607774
590908200
1
746798010
916440591
243607774
115385415
784098796
168784139
515097215
279763644
636466493
547395760
986197214
133631594
654223558
796945695
307691793
595475061
807891837
72368318
499335189
312092931
1
471626244
243607774
1
243607774
1
243607774
1
804622393
977655256
110943086
243607774
262151822
1
892680363
696700980
402013910
741574585
939933027
355282213
147595040
243607774
1
243607774
1
926753817
467047559
971782465
305706917
954079469
746967673
632126711
800020512
436263358
469076579
314652699
79938471
822144018
701337040
816559314
738338413
292857888
479016499
110079992
417397550
318332165
290287849
415828652
338675570
79195970
943269206
813526588
184432692
123827529
465678449
879048607
1
243607774
1
243607774
1
273362308
295516389
690630081
378623120
243607774
882631427
1
243607774
1
243607774
1
243607774
1
357068118
539929619
637857364
513870066
910639202
575215310
957616914
576500663
380894989
658989124
920041562
996122598
390613099
74873167
412880955
178881317
364110652
940165776
920613002
774203250
243607774
507462594
1
417133471
605598737
2534721
258972186
24777738
884160626
792745266
691127750
154663593
338130503
583297661
546033489
273435675
64586841
958366500
176871450
1
243607774
956600929
430570088
805864205
332221984
679475986
830106315
237463451
724182772
255939441
516894872
477422391
616100753
226707877
1
243607774
193412636
673627632
585638098
1
327025358
553616594
634091631
397253147
772328558
909108021
663739100
972343098
852929778
376215445
243607774
346824601
249523484
1
237534437
243607774
355950940
340474729
1
243607774
157855361
1
243607774
522935593
457216411
1
989290501
1
243607774
397038587
716258464
419734653
890765105
162622404
1
243607774
1
465644219
905962121
326391387
306322099
497711140
953443347
2114155
458915391
952181036
130097400
598317987
679761931
126623388
67993600
35303355
936617533
855557134
106803256
473224437
229739823
181307069
115090068
878525193
65649944
243607774
877943520
1
243607774
51200523
940148992
451649000
768627267
1
243607774
1
243607774
1
243607774
1
243607774
1
442647996
14690101
243607774
845533764
697147941
565468977
869801369
117404528
1
444164069
868150172
659743769
651856069
243607774
1
581433776
243607774
675147033
1
243607774
1
243607774
155787630
823207982
393117980
735422727
904729691
332537259
832267870
445465215
414220718
491082291
138079554
715459803
28805479
311674936
667113413
45582343
1
243607774
1
304378700
219946319
348267885
560635305
840541113
421397586
554731096
608382805
792360996
703006819
1305571
124166118
58720301
886593847
502731246
995819489
922877737
1
243607774
1
580665370
747252871
58371680
4626858
653474110
243607774
1
243607774
1
243607774
1
390460921
790318687
453362913
263261818
384972687
437311717
993411279
266631846
866013031
243607774
700522807
24434447
1
875377708
635223227
722590605
243607774
175761269
912532281
519827386
914908842
1
243607774
726445192
598061753
174670705
338567395
108007299
702544235
833694843
172509515
416756899
1
261009440
337932390
142548349
378268795
801604223
100486398
569562021
24114779
339813028
1
29212917
598194137
598413854
243607774
1
243607774
268939401
1
267241220
765561824
87559992
283721916
135152988
23889481
703403460
752835865
414142978
244515788
243607774
863877303
194662739
932373043
591911148
261647698
362568942
403706461
867455390
169208327
335153103
542817433
434345390
1
21867200
580143964
243607774
1
785815396
243607774
1
243607774
1
97369264
854879614
521087426
1
34928171
420534211
243607774
526592432
1
269913028
794257352
892612876
852074789
512691883
986042322
978848753
998602380
350399994
788938343
348684068
122182783
175278558
445247787
580381625
890097797
383946898
451370821
860144451
713700590
175710831
602244965
642335154
243607774
94813836
1
243607774
423807461
176361575
1
80604513
694848441
761442034
913106593
528663155
619629480
140289847
316487914
788081866
552716900
624600168
166462452
922011070
148657218
873034385
709642734
54121643
18908887
468458071
111760149
760235875
243607774
1
290087160
243607774
1
243607774
1
806723875
243607774
1
243607774
87557054
1
243607774
623925934
1
243607774
1
243607774
1
457112601
243607774
59253229
754003272
496128526
1
243607774
