713466907
515877463
242010069
695185550
133474337
739180647
373785815
10054646
990863668
354898512
230400729
946821891
416123242
56332270
55120714
277780973
986914527
59476649
125970715
26805804
695141558
292370418
69166714
878432768
479959263
572300724
172447871
750998479
869265284
888904658
732598251
263637764
850416287
908495389
177681955
168366269
12196144
826660242
375597386
581819048
985930358
715152850
173741397
213550514
242578048
214098317
581619824
817802264
903015297
462792965
116296662
668147660
113718679
873779089
428985022
923464513
905042803
1042351
538904655
938777196
191738136
294791183
794515344
346667046
545376357
440255828
585121434
186576286
897967082
725355406
362181589
856277786
754478662
480220437
689276803
787950248
110338671
98536652
211349374
487225895
422480913
880376961
749391750
776065611
203034850
595872879
863315219
124520314
388266242
524249042
13124742
982097401
139375924
638847317
277404185
546421932
725019682
105669010
849639902
862827812
815372141
558283995
319951623
353623899
997604241
760060117
845591610
679240457
540164625
557393661
623908539
473840422
104268504
158257705
137810435
739209780
219646902
619172606
567099987
79116327
119969705
637217105
775762329
459012759
921383410
304629371
263037282
302497806
782701224
764621425
821443101
718665865
721021393
363243211
735796936
855783355
358674973
510607376
509110389
38297604
448764299
571543859
84259252
611668689
196928864
326124362
86245717
695287343
43015885
827163637
957656747
670580365
725232847
527264721
898836164
374610998
683161692
892643210
493980382
169596014
253530901
227807581
880996538
992187534
593080037
861594513
102088260
378392931
879197804
108856031
292471220
218994773
584391414
53255703
9084633
332981563
586378577
656931750
63039830
771816882
862124298
220555708
905668354
280386930
614645050
613532281
299129867
83664850
336052097
317386704
367391269
376752172
759779747
567471384
765915471
702147955
838211348
551913466
914872415
525123016
447166016
564964837
302076328
811476050
568827131
543962958
680530787
595140442
399076799
862208433
398618708
227134332
810145733
944681513
575559519
170974352
15049336
610146943
296495530
48013654
45083310
327823479
986941361
643429333
455136897
742267921
717588708
113215910
721994910
708512894
678589781
608059496
167914536
743093076
751017615
766125109
309229487
936183140
352745268
309345957
68449187
709558841
895596243
308044653
379368259
898553649
858487513
218609055
966653426
539414020
394687122
981786803
649545026
522514813
834862655
199704949
50709581
137286331
305022062
444691623
799310999
283221715
573246130
787456419
745641568
875158822
196788306
987416439
215194819
35475827
687156171
691195549
728864221
78231685
328819715
207316899
400990804
402017923
114974494
160047331
72119964
648308098
678752011
439334506
141351963
74997339
977106530
508884696
68270168
890939054
460706349
460017955
776040951
485780026
747255879
274753870
770826172
393329536
470541404
435387654
627075804
272479290
163504197
625350787
373277170
819003954
225700504
760242840
611717192
99351723
114518363
859966585
151143864
773504221
166380427
540565000
445664509
752934619
899003744
125197115
969139237
392365325
195627406
470295086
602977324
67503286
101805459
595927603
147707849
302264737
558325308
33454388
466591885
621184415
315230089
229773863
188244419
48978945
952632082
880494746
162557401
755992754
547517745
607615704
458289036
454245868
488445715
613099756
756969577
2798522
690052468
792225110
222895257
703209889
309089563
363372322
920228428
783048752
651758832
130251731
951198021
311510256
247688264
790742867
509895038
413637779
380928046
130423373
131712783
802998982
602481796
250293332
256871625
106417369
297063923
644538146
339462709
604401926
197101495
483630022
105433063
548853688
640822914
874169012
375813375
267364131
445926730
573966546
989753218
656513488
166333204
679560031
95147484
865579242
725627051
512980136
990305702
915754258
960403076
577112885
201637078
777873244
981541062
773382810
71911933
284480968
253716491
317919032
490246824
567571362
19219180
383286986
25926859
789411676
199945640
505125476
231831939
391934103
126775817
707827682
914858236
938496527
231797026
405721777
874381329
107697634
365193368
77496672
712204239
866654501
170257415
317424341
201498936
554323082
203211882
6752986
633363390
831183079
453408444
664888572
638439411
193860587
17467548
326567136
666134775
343289609
867357145
713396187
212155868
517573676
253457656
204145602
120488090
205476368
35874839
887873629
366317689
878569980
291474323
118507735
281698963
440353768
601736091
360717404
15662083
550161497
845813432
308412048
311294324
155614048
30200322
531271423
230197409
817059940
271928073
687582812
961310024
93803824
797437457
923702329
488423359
291841301
567309937
160319333
410189611
951845971
996574915
784069475
784069475
784069475
784069475
784069475
784069475
784069475
784069475
784069475
784069475
784069475
784069475
784069475
784069475
784069475
784069475
