845269001
904346220
186073800
439250489
554292988
642402485
189782179
209210989
757140835
205662765
246068753
622088520
427560319
69595239
703506866
783900068
649343765
685727180
887162237
566516695
315694807
41228777
989079682
897476190
601382212
285279884
75386505
172205175
40548687
153579665
43509090
976140030
106201441
61010456
843377917
146421644
370472041
57613911
277862602
479482953
177992192
266109022
937852946
191327074
952115229
236407434
218795572
454464254
185925043
629509302
300106948
601563487
760610267
544819213
780152476
257399289
746735158
172549820
862958460
809896318
945777473
488356079
832691476
636101500
427344090
556718421
459208397
188036765
503045200
327532983
238322948
659768733
128024485
249313159
651079538
680513403
857876542
68945384
814815908
396080089
963960799
704652232
550206500
661561963
523659286
112232957
79801561
366225096
75481924
681356703
740108242
567053877
180007536
733600436
252193082
689222193
939811610
873786907
802190951
748988250
810599921
643659170
979505944
716950859
12030265
550630119
69469505
324671040
408554008
857031637
583202378
333012673
240845357
949071959
895666252
603184549
47000765
666404968
394859342
154767614
967056901
751951640
960862261
888713632
548746880
613105932
861820057
946035468
70040545
382362073
758041164
690089816
67770765
93456020
712656111
10605607
71612991
842076229
202545402
95215605
967242900
410576632
770634041
246758228
346441339
844895951
597211035
607154376
226827252
500373239
53578035
74387574
172033020
690824149
464233161
561726249
156265000
410658907
918535866
518137529
223099265
331552825
558362340
102127513
320165478
988296734
934934712
994125665
578634334
921124480
849777764
940890560
132704323
700155538
859815764
837816421
985079076
584329230
162266175
648467352
41259107
370307010
108987882
855922956
701484645
997114463
725198488
660331564
52028496
457959891
164705174
775513436
846394360
316813537
893710595
489240691
739498577
23510531
384301079
923345027
88804492
180054256
726781825
749786430
352110249
407352235
291107402
691498063
364674100
56831953
805073743
250596649
89340779
651484763
344551413
783435042
985931577
686189764
937702768
61699978
622881614
722814792
291864013
878794968
339756479
65612394
496422828
857643604
386485535
9156213
312196895
573090343
663072491
331762837
460028797
233076234
836472162
530248326
908250840
33651829
22400562
918458481
519323295
746186226
134690747
834731745
379577205
308273827
210859328
677257555
898897230
517943060
203763216
845367309
688047968
496132610
984607693
856540558
925167062
495274727
194059555
90256166
56667757
643385248
647130775
959589296
634334613
296562454
380222703
80777407
231760554
408445740
248324090
400704742
353095898
287366767
458482317
80396905
80950482
630611089
735913628
125429082
363505900
240689552
338061720
740224559
493488393
287733280
84494712
31404890
262776046
493881310
521117891
490501965
677655544
626760457
967825835
591327965
308624264
977781845
770444154
446100430
474556438
455425928
9317462
401701344
19780928
312724494
519603805
528788975
273410738
218569703
751703826
538873492
497423805
497599236
246041586
155670267
66166499
349308450
612682080
716587110
188344389
722773664
705496197
30386877
450544769
872584805
610381139
165878377
625700084
147187876
244128597
693761276
732628059
978978686
153654579
448902895
927530057
445336178
118277280
242869093
946555592
907491525
629337308
333322580
529768590
890704637
805934853
882081671
691194001
60698860
945354637
452917258
127851448
572899491
420034350
110300874
922148540
197071999
96118755
290310989
396676999
236298058
406644322
125342018
811987703
475444895
494036553
754906025
369084682
277070289
592722959
73717022
90223510
61675134
586549974
719989524
857462029
804494772
583862787
663906733
572934671
679668967
630191472
419505639
94197859
487280908
962131842
238252269
679561242
864678159
2448712
76800394
684192188
716339064
480893044
484155374
249847211
955372254
791701532
31129944
492313682
216283263
139096916
259632336
397964011
951422731
399181917
174796799
527716885
344451299
329105642
824484550
801710325
709832791
230877177
285737810
964037255
517369630
620552075
230310202
524065052
166245322
787893902
61311501
869999135
901757204
520071775
448594004
842291955
553626119
544612444
753397247
315757363
752708115
580160700
892276017
696155052
581632279
387441173
810622904
20251686
319582877
245136450
597916740
81193250
332736045
712358444
266212140
526842059
734342360
566531755
428997344
603908539
814325934
712237386
905696129
475276721
21299809
526757667
162042682
518893165
513846974
320957834
987399798
102697398
682542905
256313228
223094368
193094406
241666557
97819551
224400146
816445405
66073533
13530568
551451243
252048209
100349824
436665406
991839328
714239484
691918142
907445317
306359348
821473091
931650942
49870754
861396479
435911721
558256044
498111140
987586993
731318060
433845544
568873266
495072384
476752648
223176730
