.............................................
.............................................
...xxxxxxxxxxxxxxxxxxxxxxxxxxxxxxxxxxxxxxxxxx
...xxxxxxxxxxxxxxxxxxxxxxxxxxxxxxxxxxxxxxxxxx
...xxx...ttt......ooo........................
...xxx...ttt......ooo........................
...xxx.....................???...............
...xxx.....................???...............
...xxx............mmm........................
...xxx............mmm........................
...xxx.....................???...............
...xxx.....................???...............
...xxx............iii........................
...xxx............iii........................
...xxx......JJJUUUPPPIII.....................
...xxx......JJJUUUPPPIII.....................
...xxx............sss......lll???...aaa...vvv
...xxx............sss......lll???...aaa...vvv
...xxx.......................................
...xxx.......................................
