nnnwwwlllrrrbbbbbbmmmqqqbbbhhhcccdddaaarrrzzzooowwwkkkkkkyyy
nnnwwwlllrrrbbbbbbmmmqqqbbbhhhcccdddaaarrrzzzooowwwkkkkkkyyy
nnnwwwlllrrrbbbbbbmmmqqqbbbhhhcccdddaaarrrzzzooowwwkkkkkkyyy
hhhiiiddddddqqqssscccdddxxxrrrjjjmmmooowwwfffrrrxxxsssjjjyyy
hhhiiiddddddqqqssscccdddxxxrrrjjjmmmooowwwfffrrrxxxsssjjjyyy
hhhiiiddddddqqqssscccdddxxxrrrjjjmmmooowwwfffrrrxxxsssjjjyyy
bbbllldddbbbeeefffsssaaarrrcccbbbyyynnneeecccdddyyyggggggxxx
bbbllldddbbbeeefffsssaaarrrcccbbbyyynnneeecccdddyyyggggggxxx
bbbllldddbbbeeefffsssaaarrrcccbbbyyynnneeecccdddyyyggggggxxx
xxxpppkkklllooorrreeellllllnnnmmmpppaaapppqqqfffwwwkkkhhhooo
xxxpppkkklllooorrreeellllllnnnmmmpppaaapppqqqfffwwwkkkhhhooo
xxxpppkkklllooorrreeellllllnnnmmmpppaaapppqqqfffwwwkkkhhhooo
pppkkkmmmcccoooqqqhhhnnnwwwnnnkkkuuueeewwwhhhsssqqqmmmgggbbb
pppkkkmmmcccoooqqqhhhnnnwwwnnnkkkuuueeewwwhhhsssqqqmmmgggbbb
pppkkkmmmcccoooqqqhhhnnnwwwnnnkkkuuueeewwwhhhsssqqqmmmgggbbb
bbbuuuqqqcccllljjjjjjiiivvvssswwwmmmdddkkkqqqtttbbbxxxiiixxx
bbbuuuqqqcccllljjjjjjiiivvvssswwwmmmdddkkkqqqtttbbbxxxiiixxx
bbbuuuqqqcccllljjjjjjiiivvvssswwwmmmdddkkkqqqtttbbbxxxiiixxx
mmmvvvtttrrrrrrbbbllljjjppptttnnnsssnnnfffwwwzzzqqqfffjjjmmm
mmmvvvtttrrrrrrbbbllljjjppptttnnnsssnnnfffwwwzzzqqqfffjjjmmm
mmmvvvtttrrrrrrbbbllljjjppptttnnnsssnnnfffwwwzzzqqqfffjjjmmm
aaafffaaadddrrrrrrwwwsssooofffsssbbbcccnnnuuuvvvqqqhhhffffff
aaafffaaadddrrrrrrwwwsssooofffsssbbbcccnnnuuuvvvqqqhhhffffff
aaafffaaadddrrrrrrwwwsssooofffsssbbbcccnnnuuuvvvqqqhhhffffff
bbbsssaaaqqqxxxwwwpppqqqcccaaaccceeehhhccchhhzzzvvvfffrrrkkk
bbbsssaaaqqqxxxwwwpppqqqcccaaaccceeehhhccchhhzzzvvvfffrrrkkk
bbbsssaaaqqqxxxwwwpppqqqcccaaaccceeehhhccchhhzzzvvvfffrrrkkk
mmmlllnnnooozzzjjjkkkpppqqqpppxxxrrrjjjxxxkkkiiitttzzzyyyxxx
mmmlllnnnooozzzjjjkkkpppqqqpppxxxrrrjjjxxxkkkiiitttzzzyyyxxx
mmmlllnnnooozzzjjjkkkpppqqqpppxxxrrrjjjxxxkkkiiitttzzzyyyxxx
aaacccbbbhhhhhhkkkiiicccqqqcccoooeeennndddtttooommmfffgggddd
aaacccbbbhhhhhhkkkiiicccqqqcccoooeeennndddtttooommmfffgggddd
aaacccbbbhhhhhhkkkiiicccqqqcccoooeeennndddtttooommmfffgggddd
wwwdddwwwfffcccgggpppxxxiiiqqqvvvkkkuuuyyytttdddlllcccgggddd
wwwdddwwwfffcccgggpppxxxiiiqqqvvvkkkuuuyyytttdddlllcccgggddd
wwwdddwwwfffcccgggpppxxxiiiqqqvvvkkkuuuyyytttdddlllcccgggddd
eeewwwhhhtttaaaccciiiooohhhooorrrdddtttqqqkkkvvvwwwcccsssggg
eeewwwhhhtttaaaccciiiooohhhooorrrdddtttqqqkkkvvvwwwcccsssggg
eeewwwhhhtttaaaccciiiooohhhooorrrdddtttqqqkkkvvvwwwcccsssggg
ssspppqqqoooqqqmmmsssbbboooaaaggguuuwwwnnnnnnyyyqqqxxxnnnzzz
ssspppqqqoooqqqmmmsssbbboooaaaggguuuwwwnnnnnnyyyqqqxxxnnnzzz
ssspppqqqoooqqqmmmsssbbboooaaaggguuuwwwnnnnnnyyyqqqxxxnnnzzz
lllgggdddgggwwwpppbbbtttrrrwwwbbblllnnnsssaaadddeeeuuuggguuu
lllgggdddgggwwwpppbbbtttrrrwwwbbblllnnnsssaaadddeeeuuuggguuu
lllgggdddgggwwwpppbbbtttrrrwwwbbblllnnnsssaaadddeeeuuuggguuu
uuummmoooqqqcccdddrrruuubbbeeetttoookkkyyyxxxhhhoooaaaccchhh
uuummmoooqqqcccdddrrruuubbbeeetttoookkkyyyxxxhhhoooaaaccchhh
uuummmoooqqqcccdddrrruuubbbeeetttoookkkyyyxxxhhhoooaaaccchhh
wwwdddvvvmmmxxxxxxrrrdddrrryyyxxxlllmmmnnndddqqqtttuuukkkwww
wwwdddvvvmmmxxxxxxrrrdddrrryyyxxxlllmmmnnndddqqqtttuuukkkwww
wwwdddvvvmmmxxxxxxrrrdddrrryyyxxxlllmmmnnndddqqqtttuuukkkwww
aaagggmmmllleeejjjuuuuuukkkwwwccciiibbbxxxuuubbbuuummmeeennn
aaagggmmmllleeejjjuuuuuukkkwwwccciiibbbxxxuuubbbuuummmeeennn
aaagggmmmllleeejjjuuuuuukkkwwwccciiibbbxxxuuubbbuuummmeeennn
mmmeeeyyyaaatttdddrrrmmmyyydddiiiaaajjjxxxllloooggghhhiiiqqq
mmmeeeyyyaaatttdddrrrmmmyyydddiiiaaajjjxxxllloooggghhhiiiqqq
mmmeeeyyyaaatttdddrrrmmmyyydddiiiaaajjjxxxllloooggghhhiiiqqq
fffmmmzzzhhhlllvvviiihhhjjjooouuuvvvsssuuuyyyoooyyypppaaayyy
fffmmmzzzhhhlllvvviiihhhjjjooouuuvvvsssuuuyyyoooyyypppaaayyy
fffmmmzzzhhhlllvvviiihhhjjjooouuuvvvsssuuuyyyoooyyypppaaayyy
