........................................................................................................................
........................................................................................................................
........................................................................................................................
........................................................................................................................
............22220000....1111....2222000000007777........................................................................
............22220000....1111....2222000000007777........................................................................
........................................................................................................................
........................................................................................................................
........................................................................................................................
........................................................................................................................
....GGGGGGGGGGGGGGGGGGGG....RRRRRRRRRRRRRRRRRRRR....BBBBBBBBBBBBBBBBBBBB....IIIIIIIIIIIIIIIIIIII....NNNN............NNNN
....GGGGGGGGGGGGGGGGGGGG....RRRRRRRRRRRRRRRRRRRR....BBBBBBBBBBBBBBBBBBBB....IIIIIIIIIIIIIIIIIIII....NNNN............NNNN
....GGGG....................RRRR............RRRR....BBBB............BBBB............IIII............NNNNNNNN........NNNN
....GGGG....................RRRR............RRRR....BBBB............BBBB............IIII............NNNNNNNN........NNNN
....GGGG....................RRRR............RRRR....BBBB............BBBB............IIII............NNNN....NNNN....NNNN
....GGGG....................RRRR............RRRR....BBBB............BBBB............IIII............NNNN....NNNN....NNNN
....GGGG....................RRRRRRRRRRRRRRRRRRRR....BBBBBBBBBBBBBBBBBBBB............IIII............NNNN........NNNNNNNN
....GGGG....................RRRRRRRRRRRRRRRRRRRR....BBBBBBBBBBBBBBBBBBBB............IIII............NNNN........NNNNNNNN
....GGGG............GGGG....RRRRRRRR................BBBB............BBBB............IIII............NNNN............NNNN
....GGGG............GGGG....RRRRRRRR................BBBB............BBBB............IIII............NNNN............NNNN
....GGGG............GGGG....RRRR....RRRR............BBBB............BBBB............IIII............NNNN............NNNN
....GGGG............GGGG....RRRR....RRRR............BBBB............BBBB............IIII............NNNN............NNNN
....GGGG............GGGG....RRRR........RRRR........BBBB............BBBB............IIII............NNNN............NNNN
....GGGG............GGGG....RRRR........RRRR........BBBB............BBBB............IIII............NNNN............NNNN
....GGGGGGGGGGGGGGGGGGGG....RRRR............RRRR....BBBBBBBBBBBBBBBBBBBB....IIIIIIIIIIIIIIIIIIII....NNNN............NNNN
....GGGGGGGGGGGGGGGGGGGG....RRRR............RRRR....BBBBBBBBBBBBBBBBBBBB....IIIIIIIIIIIIIIIIIIII....NNNN............NNNN
........................................................................................................................
........................................................................................................................
........................................................................................................................
........................................................................................................................
....XXXX............XXXX........XXXXXXXXXXXXXXXXXXXX........XXXX............XXXX........XXXXXXXXXXXX....................
....XXXX............XXXX........XXXXXXXXXXXXXXXXXXXX........XXXX............XXXX........XXXXXXXXXXXX....................
....XXXX............XXXX........XXXX............XXXX........XXXXXXXX........XXXX............XXXX........................
....XXXX............XXXX........XXXX............XXXX........XXXXXXXX........XXXX............XXXX........................
....XXXX............XXXX........XXXX............XXXX........XXXX....XXXX....XXXX............XXXX........................
....XXXX............XXXX........XXXX............XXXX........XXXX....XXXX....XXXX............XXXX........................
....XXXXXXXXXXXXXXXXXXXX........XXXX............XXXX........XXXX....XXXX....XXXX............XXXX........................
....XXXXXXXXXXXXXXXXXXXX........XXXX............XXXX........XXXX....XXXX....XXXX............XXXX........................
....XXXX............XXXX........XXXX............XXXX........XXXX........XXXXXXXX............XXXX........................
....XXXX............XXXX........XXXX............XXXX........XXXX........XXXXXXXX............XXXX........................
....XXXX............XXXX........XXXX............XXXX........XXXX........XXXXXXXX............XXXX........................
....XXXX............XXXX........XXXX............XXXX........XXXX........XXXXXXXX............XXXX........................
....XXXX............XXXX........XXXXXXXXXXXXXXXXXXXX........XXXX............XXXX........XXXXXXXXXXXX....................
....XXXX............XXXX........XXXXXXXXXXXXXXXXXXXX........XXXX............XXXX........XXXXXXXXXXXX....................
........................................................................................................................
........................................................................................................................
........................................................................................................................
........................................................................................................................
....ssssssssssssssssssssssssssssssssssssssssssssssssssssssssssssssssssssssssssss........................................
....ssssssssssssssssssssssssssssssssssssssssssssssssssssssssssssssssssssssssssss........................................
....ssss........ZZZZAAAADDDDAAAATTTTAAAAKKKK....SSSSKKKKEEEENNNNEEEERRRR....ssss........................................
....ssss........ZZZZAAAADDDDAAAATTTTAAAAKKKK....SSSSKKKKEEEENNNNEEEERRRR....ssss........................................
....ssss....................JJJJEEEE........................................ssss........................................
....ssss....................JJJJEEEE........................................ssss........................................
....ssss................NNNNAAAAJJJJBBBBOOOOLLLLJJJJIIII....................ssss........................................
....ssss................NNNNAAAAJJJJBBBBOOOOLLLLJJJJIIII....................ssss........................................
....ssss....................................................................ssss........................................
....ssss....................................................................ssss........................................
....ssssssssssssssssssssssssssssssssssssssssssssssssssssssssssssssssssssssssssss........................................
....ssssssssssssssssssssssssssssssssssssssssssssssssssssssssssssssssssssssssssss........................................
