yyxyzyyxxyzyzyzyxxyyzzxxzzzyyyzxxxzxyyyyxxxzzyzzzx
yyxyzyyxxyzyzyzyxxyyzzxxzzzyyyzxxxzxyyyyxxxzzyzzzx
zyyzzxzzyyxxzxzzyxyzxxxxzxzzxzyxxzzxxzzyxxzxyyyxxz
zyyzzxzzyyxxzxzzyxyzxxxxzxzzxzyxxzzxxzzyxxzxyyyxxz
xyzyzxzzxxyzyzzyxzyzyxxyxzxzxyxyzxxzyzzzyxzzxzxxyz
xyzyzxzzxxyzyzzyxzyzyxxyxzxzxyxyzxxzyzzzyxzzxzxxyz
yxxzzyzxyzzyzzyzyyzyxyzzxxzyxyyzzyzzxyzyzyxyzzxxxx
yxxzzyzxyzzyzzyzyyzyxyzzxxzyxyyzzyzzxyzyzyxyzzxxxx
zyyyzzzyyyxxxxzxzxxzzzyzyxzzzyxzxzyxxyzzzxzxyzyyzy
zyyyzzzyyyxxxxzxzxxzzzyzyxzzzyxzxzyxxyzzzxzxyzyyzy
xyyxyzxzyxxzzyxzzxxzxxzzxyzzxzxyyzyxyzzyxxyxzyzzzx
xyyxyzxzyxxzzyxzzxxzxxzzxyzzxzxyyzyxyzzyxxyxzyzzzx
yzxxxyxxyxzzyyxxzzxzxxyxyyzyxzyyzzzxzzxyxyyzzyxzyx
yzxxxyxxyxzzyyxxzzxzxxyxyyzyxzyyzzzxzzxyxyyzzyxzyx
zzyxzyyzzzzzxzzxxyxyzyzzxzxyyyzyyyzyzyyzxxyyyzzyxx
zzyxzyyzzzzzxzzxxyxyzyzzxzxyyyzyyyzyzyyzxxyyyzzyxx
xyyxxxxxyzxyyzxxyxzxzxxzzyyyxzzyxxzyyzxxyxzxxzzyzz
xyyxxxxxyzxyyzxxyxzxzxxzzyyyxzzyxxzyyzxxyxzxxzzyzz
yzzxyyzzxxzzzxyzzzyzxxxzyxzyzyxyyzzxzyxzzxxyxzxxzz
yzzxyyzzxxzzzxyzzzyzxxxzyxzyzyxyyzzxzyxzzxxyxzxxzz
zxxxxzxxxxzxzxxyyzzzxzzyyxxxyzxyxyzyxxzyyyzyxyzzxx
zxxxxzxxxxzxzxxyyzzzxzzyyxxxyzxyxyzyxxzyyyzyxyzzxx
zyxzzzzxxyyyyyzxxyyzxyzxzxyzzzxyyxxyxxxyzyzxxzyyxx
zyxzzzzxxyyyyyzxxyyzxyzxzxyzzzxyyxxyxxxyzyzxxzyyxx
yyyyzyyyyyxyxzzyzxzzyzyyxyzzxzzzyyyyxxzyzyxxxxyxxy
yyyyzyyyyyxyxzzyzxzzyzyyxyzzxzzzyyyyxxzyzyxxxxyxxy
zxxxzyxyxxzyzyxzxxzxzzyxzxyyxzxyzyzzxzyyxxzxzxzzxz
zxxxzyxyxxzyzyxzxxzxzzyxzxyyxzxyzyzzxzyyxxzxzxzzxz
zxzzxzzzyxyzyzxyzxyxzzyzxxzxxxyxxyzyxzxzxzyzyzyxxx
zxzzxzzzyxyzyzxyzxyxzzyzxxzxxxyxxyzyxzxzxzyzyzyxxx
yxzzxxxxzyyxzzyzxyxzyyzzxxyzyxxzxxxyyxzxzyyzxxzyyz
yxzzxxxxzyyxzzyzxyxzyyzzxxyzyxxzxxxyyxzxzyyzxxzyyz
yxxxxzxxyzxyzyyzzxxzyxxxxyxxxzxzxzzxyyyxxyzxzyxzxy
yxxxxzxxyzxyzyyzzxxzyxxxxyxxxzxzxzzxyyyxxyzxzyxzxy
zyyzzzyxxyzyxxxxzzyxzzzzxzyxyyyxxyxxyyyzxyxyxyyzyx
zyyzzzyxxyzyxxxxzzyxzzzzxzyxyyyxxyxxyyyzxyxyxyyzyx
xzxxyyxxyyzyxxxyyyxxxyzxzxzzzyxxxyyzzyxzxzxyxxxxzy
xzxxyyxxyyzyxxxyyyxxxyzxzxzzzyxxxyyzzyxzxzxyxxxxzy
xxzxxzxyzxxxyyyzxzxyyyzyxzzxxzyyzyzzyxyyxyzzzyyyxz
xxzxxzxyzxxxyyyzxzxyyyzyxzzxxzyyzyzzyxyyxyzzzyyyxz
zyyyxzzxzzzyyyxyzzzxxzxxxxzyyzzzzyxzxzyzxxyyzyzzyz
zyyyxzzxzzzyyyxyzzzxxzxxxxzyyzzzzyxzxzyzxxyyzyzzyz
zzxxxxyzzxxyzzzyzzyxzyzxxzzxyyxyyxzzyyzxyxzzzzxzzy
zzxxxxyzzxxyzzzyzzyxzyzxxzzxyyxyyxzzyyzxyxzzzzxzzy
yzyxyyxyzyxxzzyyzzxyyzyxzyxzyxyzxzxyyxxzzyzzxzyzzz
yzyxyyxyzyxxzzyyzzxyyzyxzyxzyxyzxzxyyxxzzyzzxzyzzz
yxzzyyyzyxzxxxxzzzxxyxyzxzyyzyyxzxyyzzyyzyzyzxxzzx
yxzzyyyzyxzxxxxzzzxxyxyzxzyyzyyxzxyyzzyyzyzyzxxzzx
zyxyxxxzxxxyyxxxzxzyzxzzyxzzzzzzxyyyzyxxxzxzzxzzxy
zyxyxxxzxxxyyxxxzxzyzxzzyxzzzzzzxyyyzyxxxzxzzxzzxy
