BBBBAABBCCBBBBAAAABBCCBBCCBBCCBBAAAABBBBCCCCAAAACCCCCCBBBBBBCCAAAAAACCAABBBBBBBBAAAAAACCCCBBCCCCCCAA
BBBBAABBCCBBBBAAAABBCCBBCCBBCCBBAAAABBBBCCCCAAAACCCCCCBBBBBBCCAAAAAACCAABBBBBBBBAAAAAACCCCBBCCCCCCAA
BBBBAABBCCBBBBAAAABBCCBBCCBBCCBBAAAABBBBCCCCAAAACCCCCCBBBBBBCCAAAAAACCAABBBBBBBBAAAAAACCCCBBCCCCCCAA
CCBBBBCCCCAACCCCBBBBAAAACCAACCCCBBAABBCCAAAAAAAACCAACCCCAACCBBAAAACCCCAAAACCCCBBAAAACCAABBBBBBAAAACC
CCBBBBCCCCAACCCCBBBBAAAACCAACCCCBBAABBCCAAAAAAAACCAACCCCAACCBBAAAACCCCAAAACCCCBBAAAACCAABBBBBBAAAACC
CCBBBBCCCCAACCCCBBBBAAAACCAACCCCBBAABBCCAAAAAAAACCAACCCCAACCBBAAAACCCCAAAACCCCBBAAAACCAABBBBBBAAAACC
AABBCCBBCCAACCCCAAAABBCCBBCCCCBBAACCBBCCBBAAAABBAACCAACCAABBAABBCCAAAACCBBCCCCCCBBAACCCCAACCAAAABBCC
AABBCCBBCCAACCCCAAAABBCCBBCCCCBBAACCBBCCBBAAAABBAACCAACCAABBAABBCCAAAACCBBCCCCCCBBAACCCCAACCAAAABBCC
AABBCCBBCCAACCCCAAAABBCCBBCCCCBBAACCBBCCBBAAAABBAACCAACCAABBAABBCCAAAACCBBCCCCCCBBAACCCCAACCAAAABBCC
BBAAAACCCCBBCCAABBCCCCBBCCCCBBCCBBBBCCBBAABBCCCCAAAACCBBAABBBBCCCCBBCCCCAABBCCBBCCBBAABBCCCCAAAAAAAA
BBAAAACCCCBBCCAABBCCCCBBCCCCBBCCBBBBCCBBAABBCCCCAAAACCBBAABBBBCCCCBBCCCCAABBCCBBCCBBAABBCCCCAAAAAAAA
BBAAAACCCCBBCCAABBCCCCBBCCCCBBCCBBBBCCBBAABBCCCCAAAACCBBAABBBBCCCCBBCCCCAABBCCBBCCBBAABBCCCCAAAAAAAA
CCBBBBBBCCCCCCBBBBBBAAAAAAAACCAACCAAAACCCCCCBBCCBBAACCCCCCBBAACCAACCBBAAAABBCCCCCCAACCAABBCCBBBBCCBB
CCBBBBBBCCCCCCBBBBBBAAAAAAAACCAACCAAAACCCCCCBBCCBBAACCCCCCBBAACCAACCBBAAAABBCCCCCCAACCAABBCCBBBBCCBB
CCBBBBBBCCCCCCBBBBBBAAAAAAAACCAACCAAAACCCCCCBBCCBBAACCCCCCBBAACCAACCBBAAAABBCCCCCCAACCAABBCCBBBBCCBB
AABBBBAABBCCAACCBBAAAACCCCBBAACCCCAAAACCAAAACCCCAABBCCCCAACCAABBBBCCBBAABBCCCCBBAAAABBAACCBBCCCCCCAA
AABBBBAABBCCAACCBBAAAACCCCBBAACCCCAAAACCAAAACCCCAABBCCCCAACCAABBBBCCBBAABBCCCCBBAAAABBAACCBBCCCCCCAA
AABBBBAABBCCAACCBBAAAACCCCBBAACCCCAAAACCAAAACCCCAABBCCCCAACCAABBBBCCBBAABBCCCCBBAAAABBAACCBBCCCCCCAA
BBCCAAAAAABBAAAABBAACCCCBBBBAAAACCCCAACCAAAABBAABBBBCCBBAACCBBBBCCCCCCAACCCCAABBAABBBBCCCCBBAACCBBAA
BBCCAAAAAABBAAAABBAACCCCBBBBAAAACCCCAACCAAAABBAABBBBCCBBAACCBBBBCCCCCCAACCCCAABBAABBBBCCCCBBAACCBBAA
BBCCAAAAAABBAAAABBAACCCCBBBBAAAACCCCAACCAAAABBAABBBBCCBBAACCBBBBCCCCCCAACCCCAABBAABBBBCCCCBBAACCBBAA
CCCCBBAACCBBBBCCCCCCCCCCAACCCCAAAABBAABBCCBBCCCCAACCAABBBBBBCCBBBBBBCCBBCCBBBBCCAAAABBBBBBCCCCBBAAAA
CCCCBBAACCBBBBCCCCCCCCCCAACCCCAAAABBAABBCCBBCCCCAACCAABBBBBBCCBBBBBBCCBBCCBBBBCCAAAABBBBBBCCCCBBAAAA
CCCCBBAACCBBBBCCCCCCCCCCAACCCCAAAABBAABBCCBBCCCCAACCAABBBBBBCCBBBBBBCCBBCCBBBBCCAAAABBBBBBCCCCBBAAAA
AABBBBAAAAAAAAAABBCCAABBBBCCAAAABBAACCAACCAAAACCCCBBBBBBAACCCCBBAAAACCBBBBCCAAAABBAACCAAAACCCCBBCCCC
AABBBBAAAAAAAAAABBCCAABBBBCCAAAABBAACCAACCAAAACCCCBBBBBBAACCCCBBAAAACCBBBBCCAAAABBAACCAAAACCCCBBCCCC
AABBBBAAAAAAAAAABBCCAABBBBCCAAAABBAACCAACCAAAACCCCBBBBBBAACCCCBBAAAACCBBBBCCAAAABBAACCAAAACCCCBBCCCC
BBCCCCAABBBBCCCCAAAACCCCCCAABBCCCCCCBBCCAAAAAACCBBAACCBBCCBBAABBBBCCCCAACCBBAACCCCAAAABBAACCAAAACCCC
BBCCCCAABBBBCCCCAAAACCCCCCAABBCCCCCCBBCCAAAAAACCBBAACCBBCCBBAABBBBCCCCAACCBBAACCCCAAAABBAACCAAAACCCC
BBCCCCAABBBBCCCCAAAACCCCCCAABBCCCCCCBBCCAAAAAACCBBAACCBBCCBBAABBBBCCCCAACCBBAACCCCAAAABBAACCAAAACCCC
CCAAAAAAAACCAAAAAAAACCAACCAAAABBBBCCCCCCAACCCCBBBBAAAAAABBCCAABBAABBCCBBAAAACCBBBBBBCCBBAABBCCCCAAAA
CCAAAAAAAACCAAAAAAAACCAACCAAAABBBBCCCCCCAACCCCBBBBAAAAAABBCCAABBAABBCCBBAAAACCBBBBBBCCBBAABBCCCCAAAA
CCAAAAAAAACCAAAAAAAACCAACCAAAABBBBCCCCCCAACCCCBBBBAAAAAABBCCAABBAABBCCBBAAAACCBBBBBBCCBBAABBCCCCAAAA
CCBBAACCCCCCCCAAAABBBBBBBBBBCCAAAABBBBCCAABBCCAACCAABBCCCCCCAABBBBAAAABBAAAAAABBCCBBCCAAAACCBBBBAAAA
CCBBAACCCCCCCCAAAABBBBBBBBBBCCAAAABBBBCCAABBCCAACCAABBCCCCCCAABBBBAAAABBAAAAAABBCCBBCCAAAACCBBBBAAAA
CCBBAACCCCCCCCAAAABBBBBBBBBBCCAAAABBBBCCAABBCCAACCAABBCCCCCCAABBBBAAAABBAAAAAABBCCBBCCAAAACCBBBBAAAA
BBBBBBBBCCBBBBBBBBBBAABBAACCCCBBCCAACCCCBBCCBBBBAABBCCCCAACCCCCCBBBBBBBBAAAACCBBCCBBAAAAAAAABBAAAABB
BBBBBBBBCCBBBBBBBBBBAABBAACCCCBBCCAACCCCBBCCBBBBAABBCCCCAACCCCCCBBBBBBBBAAAACCBBCCBBAAAAAAAABBAAAABB
BBBBBBBBCCBBBBBBBBBBAABBAACCCCBBCCAACCCCBBCCBBBBAABBCCCCAACCCCCCBBBBBBBBAAAACCBBCCBBAAAAAAAABBAAAABB
CCAAAAAACCBBAABBAAAACCBBCCBBAACCAAAACCAACCCCBBAACCAABBBBAACCAABBCCBBCCCCAACCBBBBAAAACCAACCAACCCCAACC
CCAAAAAACCBBAABBAAAACCBBCCBBAACCAAAACCAACCCCBBAACCAABBBBAACCAABBCCBBCCCCAACCBBBBAAAACCAACCAACCCCAACC
CCAAAAAACCBBAABBAAAACCBBCCBBAACCAAAACCAACCCCBBAACCAABBBBAACCAABBCCBBCCCCAACCBBBBAAAACCAACCAACCCCAACC
CCAACCCCAACCCCCCBBAABBCCBBCCAABBCCAABBAACCCCBBCCAAAACCAAAAAABBAAAABBCCBBAACCAACCAACCBBCCBBCCBBAAAAAA
CCAACCCCAACCCCCCBBAABBCCBBCCAABBCCAABBAACCCCBBCCAAAACCAAAAAABBAAAABBCCBBAACCAACCAACCBBCCBBCCBBAAAAAA
CCAACCCCAACCCCCCBBAABBCCBBCCAABBCCAABBAACCCCBBCCAAAACCAAAAAABBAAAABBCCBBAACCAACCAACCBBCCBBCCBBAAAAAA
BBAACCCCAAAAAAAACCBBBBAACCCCBBCCAABBAACCBBBBCCCCAAAABBCCBBAAAACCAAAAAABBBBAACCAACCBBBBCCAAAACCBBBBCC
BBAACCCCAAAAAAAACCBBBBAACCCCBBCCAABBAACCBBBBCCCCAAAABBCCBBAAAACCAAAAAABBBBAACCAACCBBBBCCAAAACCBBBBCC
BBAACCCCAAAAAAAACCBBBBAACCCCBBCCAABBAACCBBBBCCCCAAAABBCCBBAAAACCAAAAAABBBBAACCAACCBBBBCCAAAACCBBBBCC
BBAAAAAAAACCAAAABBCCAABBCCBBBBCCCCAAAACCBBAAAAAAAABBAAAAAACCAACCAACCCCAABBBBBBAAAABBCCAACCBBAACCAABB
BBAAAAAAAACCAAAABBCCAABBCCBBBBCCCCAAAACCBBAAAAAAAABBAAAAAACCAACCAACCCCAABBBBBBAAAABBCCAACCBBAACCAABB
BBAAAAAAAACCAAAABBCCAABBCCBBBBCCCCAAAACCBBAAAAAAAABBAAAAAACCAACCAACCCCAABBBBBBAAAABBCCAACCBBAACCAABB
CCBBBBCCCCCCBBAAAABBCCBBAAAAAAAACCCCBBAACCCCCCCCAACCBBAABBBBBBAAAABBAAAABBBBBBCCAABBAABBAABBBBCCBBAA
CCBBBBCCCCCCBBAAAABBCCBBAAAAAAAACCCCBBAACCCCCCCCAACCBBAABBBBBBAAAABBAAAABBBBBBCCAABBAABBAABBBBCCBBAA
CCBBBBCCCCCCBBAAAABBCCBBAAAAAAAACCCCBBAACCCCCCCCAACCBBAABBBBBBAAAABBAAAABBBBBBCCAABBAABBAABBBBCCBBAA
AACCAAAABBBBAAAABBBBCCBBAAAAAABBBBBBAAAAAABBCCAACCAACCCCCCBBAAAAAABBBBCCCCBBAACCAACCAABBAAAAAAAACCBB
AACCAAAABBBBAAAABBBBCCBBAAAAAABBBBBBAAAAAABBCCAACCAACCCCCCBBAAAAAABBBBCCCCBBAACCAACCAABBAAAAAAAACCBB
AACCAAAABBBBAAAABBBBCCBBAAAAAABBBBBBAAAAAABBCCAACCAACCCCCCBBAAAAAABBBBCCCCBBAACCAACCAABBAAAAAAAACCBB
AAAACCAAAACCAABBCCAAAAAABBBBBBCCAACCAABBBBBBCCBBAACCCCAAAACCBBBBCCBBCCCCBBAABBBBAABBCCCCCCBBBBBBAACC
AAAACCAAAACCAABBCCAAAAAABBBBBBCCAACCAABBBBBBCCBBAACCCCAAAACCBBBBCCBBCCCCBBAABBBBAABBCCCCCCBBBBBBAACC
AAAACCAAAACCAABBCCAAAAAABBBBBBCCAACCAABBBBBBCCBBAACCCCAAAACCBBBBCCBBCCCCBBAABBBBAABBCCCCCCBBBBBBAACC
CCBBBBBBAACCCCAACCCCCCBBBBBBAABBCCCCCCAAAACCAAAAAAAACCBBBBCCCCCCCCBBAACCAACCBBCCAAAABBBBCCBBCCCCBBCC
CCBBBBBBAACCCCAACCCCCCBBBBBBAABBCCCCCCAAAACCAAAAAAAACCBBBBCCCCCCCCBBAACCAACCBBCCAAAABBBBCCBBCCCCBBCC
CCBBBBBBAACCCCAACCCCCCBBBBBBAABBCCCCCCAAAACCAAAAAAAACCBBBBCCCCCCCCBBAACCAACCBBCCAAAABBBBCCBBCCCCBBCC
CCCCAAAAAAAABBCCCCAAAABBCCCCCCBBCCCCBBAACCBBCCAAAACCCCAABBBBAABBBBAACCCCBBBBCCAABBAACCCCCCCCAACCCCBB
CCCCAAAAAAAABBCCCCAAAABBCCCCCCBBCCCCBBAACCBBCCAAAACCCCAABBBBAABBBBAACCCCBBBBCCAABBAACCCCCCCCAACCCCBB
CCCCAAAAAAAABBCCCCAAAABBCCCCCCBBCCCCBBAACCBBCCAAAACCCCAABBBBAABBBBAACCCCBBBBCCAABBAACCCCCCCCAACCCCBB
BBCCBBAABBBBAABBCCBBAAAACCCCBBBBCCCCAABBBBCCBBAACCBBAACCBBAABBCCAACCAABBBBAAAACCCCBBCCCCAACCBBCCCCCC
BBCCBBAABBBBAABBCCBBAAAACCCCBBBBCCCCAABBBBCCBBAACCBBAACCBBAABBCCAACCAABBBBAAAACCCCBBCCCCAACCBBCCCCCC
BBCCBBAABBBBAABBCCBBAAAACCCCBBBBCCCCAABBBBCCBBAACCBBAACCBBAABBCCAACCAABBBBAAAACCCCBBCCCCAACCBBCCCCCC
BBAACCCCBBBBBBCCBBAACCAAAAAAAACCCCCCAAAABBAABBCCAACCBBBBCCBBBBAACCAABBBBCCCCBBBBCCBBCCBBCCAAAACCCCAA
BBAACCCCBBBBBBCCBBAACCAAAAAAAACCCCCCAAAABBAABBCCAACCBBBBCCBBBBAACCAABBBBCCCCBBBBCCBBCCBBCCAAAACCCCAA
BBAACCCCBBBBBBCCBBAACCAAAAAAAACCCCCCAAAABBAABBCCAACCBBBBCCBBBBAACCAABBBBCCCCBBBBCCBBCCBBCCAAAACCCCAA
CCBBAABBAAAAAACCAAAAAABBBBAAAAAACCAACCBBCCAACCCCBBAACCCCCCCCCCCCAABBBBBBCCBBAAAAAACCAACCCCAACCCCAABB
CCBBAABBAAAAAACCAAAAAABBBBAAAAAACCAACCBBCCAACCCCBBAACCCCCCCCCCCCAABBBBBBCCBBAAAAAACCAACCCCAACCCCAABB
CCBBAABBAAAAAACCAAAAAABBBBAAAAAACCAACCBBCCAACCCCBBAACCCCCCCCCCCCAABBBBBBCCBBAAAAAACCAACCCCAACCCCAABB
BBAACCBBAABBBBCCAABBCCBBAAAACCBBCCCCBBAABBCCCCBBBBAABBAACCCCCCBBBBCCBBBBAACCCCBBCCCCAAAACCAAAACCCCBB
BBAACCBBAABBBBCCAABBCCBBAAAACCBBCCCCBBAABBCCCCBBBBAABBAACCCCCCBBBBCCBBBBAACCCCBBCCCCAAAACCAAAACCCCBB
BBAACCBBAABBBBCCAABBCCBBAAAACCBBCCCCBBAABBCCCCBBBBAABBAACCCCCCBBBBCCBBBBAACCCCBBCCCCAAAACCAAAACCCCBB
AAAABBCCBBCCCCAACCAABBCCBBCCBBCCAAAAAAAACCCCCCCCAACCCCAACCCCCCCCBBAACCCCCCCCBBCCCCCCCCCCBBBBCCCCBBAA
AAAABBCCBBCCCCAACCAABBCCBBCCBBCCAAAAAAAACCCCCCCCAACCCCAACCCCCCCCBBAACCCCCCCCBBCCCCCCCCCCBBBBCCCCBBAA
AAAABBCCBBCCCCAACCAABBCCBBCCBBCCAAAAAAAACCCCCCCCAACCCCAACCCCCCCCBBAACCCCCCCCBBCCCCCCCCCCBBBBCCCCBBAA
AABBAAAAAABBCCAABBAAAABBCCBBBBCCBBCCCCAABBCCCCBBCCBBAACCBBCCCCCCBBAACCCCBBAABBCCAABBBBCCAAAAAACCCCCC
AABBAAAAAABBCCAABBAAAABBCCBBBBCCBBCCCCAABBCCCCBBCCBBAACCBBCCCCCCBBAACCCCBBAABBCCAABBBBCCAAAAAACCCCCC
AABBAAAAAABBCCAABBAAAABBCCBBBBCCBBCCCCAABBCCCCBBCCBBAACCBBCCCCCCBBAACCCCBBAABBCCAABBBBCCAAAAAACCCCCC
AABBCCCCBBCCBBBBBBAABBBBCCAABBCCBBAACCCCBBCCBBCCAABBCCAAAACCAAAACCCCAAAACCCCCCBBCCAAAACCCCCCBBAABBCC
AABBCCCCBBCCBBBBBBAABBBBCCAABBCCBBAACCCCBBCCBBCCAABBCCAAAACCAAAACCCCAAAACCCCCCBBCCAAAACCCCCCBBAABBCC
AABBCCCCBBCCBBBBBBAABBBBCCAABBCCBBAACCCCBBCCBBCCAABBCCAAAACCAAAACCCCAAAACCCCCCBBCCAAAACCCCCCBBAABBCC
AACCBBBBBBCCCCCCAAAACCBBCCBBCCAABBBBCCAAAACCCCBBBBCCAAAAAABBCCAABBCCBBAACCBBAAAACCCCBBBBBBAABBAAAABB
AACCBBBBBBCCCCCCAAAACCBBCCBBCCAABBBBCCAAAACCCCBBBBCCAAAAAABBCCAABBCCBBAACCBBAAAACCCCBBBBBBAABBAAAABB
AACCBBBBBBCCCCCCAAAACCBBCCBBCCAABBBBCCAAAACCCCBBBBCCAAAAAABBCCAABBCCBBAACCBBAAAACCCCBBBBBBAABBAAAABB
BBAAAABBBBCCAACCAAAACCCCAAAACCCCBBCCBBBBCCBBCCBBAAAAAACCAAAABBCCBBBBAAAACCAACCCCBBCCCCCCBBAABBCCCCAA
BBAAAABBBBCCAACCAAAACCCCAAAACCCCBBCCBBBBCCBBCCBBAAAAAACCAAAABBCCBBBBAAAACCAACCCCBBCCCCCCBBAABBCCCCAA
BBAAAABBBBCCAACCAAAACCCCAAAACCCCBBCCBBBBCCBBCCBBAAAAAACCAAAABBCCBBBBAAAACCAACCCCBBCCCCCCBBAABBCCCCAA
CCCCCCBBAAAABBBBAACCBBBBAAAABBAAAAAACCBBAABBAAAABBBBAACCCCCCBBBBCCBBAABBCCCCCCCCBBCCBBBBCCAAAAAABBAA
CCCCCCBBAAAABBBBAACCBBBBAAAABBAAAAAACCBBAABBAAAABBBBAACCCCCCBBBBCCBBAABBCCCCCCCCBBCCBBBBCCAAAAAABBAA
CCCCCCBBAAAABBBBAACCBBBBAAAABBAAAAAACCBBAABBAAAABBBBAACCCCCCBBBBCCBBAABBCCCCCCCCBBCCBBBBCCAAAAAABBAA
BBBBBBCCCCCCBBAAAABBAACCAAAAAAAABBCCCCBBCCBBAABBAAAABBBBAACCCCBBBBAAAACCBBCCAACCBBAABBBBBBBBBBAABBAA
BBBBBBCCCCCCBBAAAABBAACCAAAAAAAABBCCCCBBCCBBAABBAAAABBBBAACCCCBBBBAAAACCBBCCAACCBBAABBBBBBBBBBAABBAA
BBBBBBCCCCCCBBAAAABBAACCAAAAAAAABBCCCCBBCCBBAABBAAAABBBBAACCCCBBBBAAAACCBBCCAACCBBAABBBBBBBBBBAABBAA
CCBBCCCCAAAACCBBCCAACCBBCCBBCCBBBBAAAABBCCAAAABBBBBBAABBAABBCCCCAACCCCBBCCAAAACCAACCBBAACCBBBBAACCCC
CCBBCCCCAAAACCBBCCAACCBBCCBBCCBBBBAAAABBCCAAAABBBBBBAABBAABBCCCCAACCCCBBCCAAAACCAACCBBAACCBBBBAACCCC
CCBBCCCCAAAACCBBCCAACCBBCCBBCCBBBBAAAABBCCAAAABBBBBBAABBAABBCCCCAACCCCBBCCAAAACCAACCBBAACCBBBBAACCCC
AAAAAAAABBCCCCCCBBCCBBAACCCCAACCAAAAAABBBBBBBBCCBBBBAAAACCAABBCCBBCCAACCCCCCCCAACCBBBBBBBBCCBBCCCCBB
AAAAAAAABBCCCCCCBBCCBBAACCCCAACCAAAAAABBBBBBBBCCBBBBAAAACCAABBCCBBCCAACCCCCCCCAACCBBBBBBBBCCBBCCCCBB
AAAAAAAABBCCCCCCBBCCBBAACCCCAACCAAAAAABBBBBBBBCCBBBBAAAACCAABBCCBBCCAACCCCCCCCAACCBBBBBBBBCCBBCCCCBB
BBAAAACCBBCCBBBBBBBBCCAABBAACCBBBBCCAAAAAAAACCBBAABBBBBBBBCCBBCCAACCCCBBCCBBAAAAAAAABBBBCCCCAABBCCCC
BBAAAACCBBCCBBBBBBBBCCAABBAACCBBBBCCAAAAAAAACCBBAABBBBBBBBCCBBCCAACCCCBBCCBBAAAAAAAABBBBCCCCAABBCCCC
BBAAAACCBBCCBBBBBBBBCCAABBAACCBBBBCCAAAAAAAACCBBAABBBBBBBBCCBBCCAACCCCBBCCBBAAAAAAAABBBBCCCCAABBCCCC
CCCCCCCCCCCCBBAACCCCCCAACCAACCCCBBBBBBCCAABBBBCCBBAABBBBCCAABBBBAABBBBAABBCCAAAACCAABBCCBBAACCCCAAAA
CCCCCCCCCCCCBBAACCCCCCAACCAACCCCBBBBBBCCAABBBBCCBBAABBBBCCAABBBBAABBBBAABBCCAAAACCAABBCCBBAACCCCAAAA
CCCCCCCCCCCCBBAACCCCCCAACCAACCCCBBBBBBCCAABBBBCCBBAABBBBCCAABBBBAABBBBAABBCCAAAACCAABBCCBBAACCCCAAAA
AABBCCBBAAAACCAAAABBBBBBCCBBAABBCCAABBAAAABBBBCCAACCAAAACCBBAACCCCBBBBBBBBAABBCCCCCCCCCCCCAABBBBAAAA
AABBCCBBAAAACCAAAABBBBBBCCBBAABBCCAABBAAAABBBBCCAACCAAAACCBBAACCCCBBBBBBBBAABBCCCCCCCCCCCCAABBBBAAAA
AABBCCBBAAAACCAAAABBBBBBCCBBAABBCCAABBAAAABBBBCCAACCAAAACCBBAACCCCBBBBBBBBAABBCCCCCCCCCCCCAABBBBAAAA
CCBBCCAABBBBCCBBBBCCBBAACCAABBBBCCAABBBBAABBBBAABBBBAAAAAACCAAAABBBBAACCCCBBBBAAAAAAAACCBBBBAABBCCAA
CCBBCCAABBBBCCBBBBCCBBAACCAABBBBCCAABBBBAABBBBAABBBBAAAAAACCAAAABBBBAACCCCBBBBAAAAAAAACCBBBBAABBCCAA
CCBBCCAABBBBCCBBBBCCBBAACCAABBBBCCAABBBBAABBBBAABBBBAAAAAACCAAAABBBBAACCCCBBBBAAAAAAAACCBBBBAABBCCAA
AAAACCCCBBAAAACCBBBBBBCCBBCCAAAACCCCBBCCAABBCCBBBBBBAAAAAAAAAABBBBCCAACCAAAABBCCBBBBBBBBBBCCBBCCBBCC
AAAACCCCBBAAAACCBBBBBBCCBBCCAAAACCCCBBCCAABBCCBBBBBBAAAAAAAAAABBBBCCAACCAAAABBCCBBBBBBBBBBCCBBCCBBCC
AAAACCCCBBAAAACCBBBBBBCCBBCCAAAACCCCBBCCAABBCCBBBBBBAAAAAAAAAABBBBCCAACCAAAABBCCBBBBBBBBBBCCBBCCBBCC
CCCCBBCCBBCCBBCCAACCCCAABBAAAABBAABBCCBBAABBAACCCCCCCCBBBBAAAAAAAACCCCCCCCBBBBAABBAABBCCBBCCAABBCCAA
CCCCBBCCBBCCBBCCAACCCCAABBAAAABBAABBCCBBAABBAACCCCCCCCBBBBAAAAAAAACCCCCCCCBBBBAABBAABBCCBBCCAABBCCAA
CCCCBBCCBBCCBBCCAACCCCAABBAAAABBAABBCCBBAABBAACCCCCCCCBBBBAAAAAAAACCCCCCCCBBBBAABBAABBCCBBCCAABBCCAA
AACCCCBBCCBBBBBBAACCAABBAABBBBCCAABBCCBBBBBBCCAABBAAAACCCCAAAACCCCCCBBAABBCCCCBBCCCCBBCCAACCAAAABBAA
AACCCCBBCCBBBBBBAACCAABBAABBBBCCAABBCCBBBBBBCCAABBAAAACCCCAAAACCCCCCBBAABBCCCCBBCCCCBBCCAACCAAAABBAA
AACCCCBBCCBBBBBBAACCAABBAABBBBCCAABBCCBBBBBBCCAABBAAAACCCCAAAACCCCCCBBAABBCCCCBBCCCCBBCCAACCAAAABBAA
CCAABBBBBBCCBBCCAABBCCAACCCCAAAAAABBBBAABBBBAACCBBBBCCCCCCAACCAAAABBBBCCBBBBBBCCCCBBCCBBCCCCAACCAACC
CCAABBBBBBCCBBCCAABBCCAACCCCAAAAAABBBBAABBBBAACCBBBBCCCCCCAACCAAAABBBBCCBBBBBBCCCCBBCCBBCCCCAACCAACC
CCAABBBBBBCCBBCCAABBCCAACCCCAAAAAABBBBAABBBBAACCBBBBCCCCCCAACCAAAABBBBCCBBBBBBCCCCBBCCBBCCCCAACCAACC
CCBBAAAABBBBCCAABBCCBBBBCCAAAACCCCCCAACCBBAABBAACCAAAAAAAABBCCAAAACCBBCCCCAAAAAABBBBAAAABBAAAACCCCAA
CCBBAAAABBBBCCAABBCCBBBBCCAAAACCCCCCAACCBBAABBAACCAAAAAAAABBCCAAAACCBBCCCCAAAAAABBBBAAAABBAAAACCCCAA
CCBBAAAABBBBCCAABBCCBBBBCCAAAACCCCCCAACCBBAABBAACCAAAAAAAABBCCAAAACCBBCCCCAAAAAABBBBAAAABBAAAACCCCAA
CCAABBAABBBBBBBBCCCCCCBBCCAABBBBAAAACCBBCCAACCAACCCCAACCCCAABBBBAAAACCCCCCAAAABBCCAACCAACCBBCCCCAABB
CCAABBAABBBBBBBBCCCCCCBBCCAABBBBAAAACCBBCCAACCAACCCCAACCCCAABBBBAAAACCCCCCAAAABBCCAACCAACCBBCCCCAABB
CCAABBAABBBBBBBBCCCCCCBBCCAABBBBAAAACCBBCCAACCAACCCCAACCCCAABBBBAAAACCCCCCAAAABBCCAACCAACCBBCCCCAABB
AAAAAAAAAACCAAAACCAAAABBBBBBBBBBAAAACCBBCCAACCCCBBBBBBAABBBBBBCCBBBBAABBBBBBCCCCCCAAAABBBBAAAACCBBAA
AAAAAAAAAACCAAAACCAAAABBBBBBBBBBAAAACCBBCCAACCCCBBBBBBAABBBBBBCCBBBBAABBBBBBCCCCCCAAAABBBBAAAACCBBAA
AAAAAAAAAACCAAAACCAAAABBBBBBBBBBAAAACCBBCCAACCCCBBBBBBAABBBBBBCCBBBBAABBBBBBCCCCCCAAAABBBBAAAACCBBAA
AABBBBCCBBCCCCCCCCAABBBBAAAABBBBCCCCAABBCCCCBBBBCCAACCCCCCAAAAAACCBBAABBBBAABBAAAAAAAABBBBBBAABBBBBB
AABBBBCCBBCCCCCCCCAABBBBAAAABBBBCCCCAABBCCCCBBBBCCAACCCCCCAAAAAACCBBAABBBBAABBAAAAAAAABBBBBBAABBBBBB
AABBBBCCBBCCCCCCCCAABBBBAAAABBBBCCCCAABBCCCCBBBBCCAACCCCCCAAAAAACCBBAABBBBAABBAAAAAAAABBBBBBAABBBBBB
AABBBBAACCAAAABBBBBBCCBBBBCCBBCCBBAACCAACCBBAACCCCAAAAAABBBBCCCCCCAACCCCCCBBBBAACCBBCCBBBBBBBBAACCBB
AABBBBAACCAAAABBBBBBCCBBBBCCBBCCBBAACCAACCBBAACCCCAAAAAABBBBCCCCCCAACCCCCCBBBBAACCBBCCBBBBBBBBAACCBB
AABBBBAACCAAAABBBBBBCCBBBBCCBBCCBBAACCAACCBBAACCCCAAAAAABBBBCCCCCCAACCCCCCBBBBAACCBBCCBBBBBBBBAACCBB
AABBCCCCAACCCCAAAABBCCCCAACCAAAACCCCCCBBAACCAAAAAABBCCCCCCBBBBCCAAAABBAAAABBBBBBCCBBBBAABBCCBBBBBBBB
AABBCCCCAACCCCAAAABBCCCCAACCAAAACCCCCCBBAACCAAAAAABBCCCCCCBBBBCCAAAABBAAAABBBBBBCCBBBBAABBCCBBBBBBBB
AABBCCCCAACCCCAAAABBCCCCAACCAAAACCCCCCBBAACCAAAAAABBCCCCCCBBBBCCAAAABBAAAABBBBBBCCBBBBAABBCCBBBBBBBB
CCCCAAAAAABBCCCCBBBBBBAACCCCBBAAAAAAAACCBBCCBBAAAAAACCCCCCBBBBCCBBBBAABBBBAACCCCCCBBAABBAABBCCAACCCC
CCCCAAAAAABBCCCCBBBBBBAACCCCBBAAAAAAAACCBBCCBBAAAAAACCCCCCBBBBCCBBBBAABBBBAACCCCCCBBAABBAABBCCAACCCC
CCCCAAAAAABBCCCCBBBBBBAACCCCBBAAAAAAAACCBBCCBBAAAAAACCCCCCBBBBCCBBBBAABBBBAACCCCCCBBAABBAABBCCAACCCC
