174436
423966
573422
430334
204491
108064
939876
238289
387830
998743
364294
251415
520323
1011874
938945
707828
57787
773573
764019
143452
956370
907101
783453
643355
7
531355
373522
468494
529762
314834
766050
875585
477555
751162
468585
717079
682104
1028626
846643
502632
435130
658872
197136
6848
23444
85706
533195
93344
821044
292472
633420
925466
875765
133695
1007321
886079
240066
633370
169836
850654
596232
442517
260665
31584
95381
282717
561403
505692
256289
49175
1011974
742446
154875
549453
917101
323724
379858
339404
678160
906685
217642
948879
451042
698233
279383
970636
1050976
366429
941353
726086
466607
660701
65131
349351
72356
16718
404305
677924
190477
1037270
660447
458013
555245
615897
126811
408538
857194
734885
873462
82289
1020291
704754
302002
830978
625809
7537
70554
14534
121941
876897
813077
417656
564355
783009
372557
327454
162463
922878
929733
797416
987194
815825
590852
978067
204406
100932
152865
787732
581830
208342
530996
514593
125715
964014
1026097
671191
259796
805741
1045554
833785
220947
73662
447512
576425
727207
431961
665415
230284
355755
500371
184248
756147
758188
541990
270574
1030824
906652
319727
888513
835094
974862
39667
348307
745965
252029
514114
897929
395819
975716
493086
311800
398964
841471
218356
651889
990344
862248
331376
1018992
113959
128152
646970
248209
485197
506476
568096
606137
691396
702092
868238
