2359433
1428441
1864841
441547
341458
772346
2221884
89975
1730399
798814
1867944
2184256
120413
384547
269943
2277942
539053
512181
1070076
1012110
1141372
1612634
1073538
1615814
511545
1745751
1785422
706016
325667
649931
2070555
2403704
580859
716826
2274110
445138
1842133
1272972
1921864
2191005
555777
1494296
2341299
412082
1836455
655029
135965
2375921
1362246
1395117
2067373
534535
2254907
2305589
75946
2346121
320104
472740
2090655
1333337
749834
1887937
1510573
898485
1763795
50493
648916
645282
1561381
1163543
422954
1436124
1579671
1760377
1834890
2140723
509668
1149027
1547246
1972744
2248960
2167691
656343
227688
1163826
317217
4831
2076730
250629
1864679
1289920
783349
1084103
53577
537066
2082690
1676462
235959
342280
2030383
11049
1441858
2379262
2194945
2131565
2154844
1925790
906690
1178142
193929
1880323
1095782
419387
1157510
242531
2389057
1375182
2381924
522265
478624
603304
1879116
200354
1104744
1081569
530011
132749
1722834
1754870
958720
1042316
88184
1352680
2044639
903706
1386948
1600351
2243029
2125738
1254569
1470032
2394631
1268040
1638952
348860
1991535
1999643
1081176
609371
2269697
1336038
29358
1523907
823455
2264208
2176585
1565701
2011436
1312193
1259422
1219485
1387907
1181379
2040116
2387425
133988
594293
1855504
1006738
317653
2008936
1407364
1380720
2105377
1795857
1254607
2057414
916417
897548
2230546
1893109
2321986
548645
1054274
1195260
1677374
1255938
2183894
184369
1553254
1982273
260293
1125333
310417
2176591
353308
683272
913688
1932500
2135684
145707
293194
1256570
1649591
1159848
61574
564831
1691511
775640
1398010
1115642
1442716
664258
832578
855448
1871711
695720
2293663
514923
1939279
1096321
972228
1819995
2115984
638497
2284183
169526
1359534
303083
1234275
172945
813771
2135424
947661
1625025
2213546
1207669
1395378
2312734
2364408
1231441
288806
1168842
1709519
73989
1342801
1554130
1763982
2376046
1728849
102144
163400
919216
755650
574651
1912169
1811912
1915988
1682432
1033172
1775756
1201521
1989836
1800083
624087
1014896
1052406
155927
150710
2325387
2299602
806553
1500726
1461442
949835
500807
438907
1263870
1549743
452568
1484700
1415993
675862
491512
998417
404659
1116730
2019836
94649
880191
1048948
621099
1885504
219565
1088375
2029195
1500170
740023
2247255
940000
968468
1447281
2307766
1326952
1836587
1278267
1802294
1453116
635590
2295837
1420586
614350
433338
874700
461541
2137020
1275270
2336806
1514255
585540
118231
984589
785346
2129836
1896599
1090718
428151
828470
707999
2076793
357096
992345
1717189
2391696
1035959
1947544
1846597
2369436
363278
622186
1666159
1510137
669245
1744196
840990
2331158
25820
1768666
726326
1247602
238631
302838
2316368
244918
277408
1988267
578420
1934832
1060513
627091
938137
1884759
2206625
2081529
1298423
1076036
1874654
1368549
403050
922877
467267
762395
1310161
1340874
1533468
1112839
888869
2980
369371
1023762
98945
1607696
1393315
1670489
2097693
1904182
2116027
2112824
1254820
17556
143977
2148537
1986624
1237275
1954766
2007647
2279845
1052395
2212497
981630
1540512
686106
1761683
956439
931101
1607904
2030623
807305
1727728
757033
2275559
1486349
2051026
412642
305147
378192
451342
44981
1375559
1715878
528706
797180
1006751
1134320
2159351
36639
2405587
1829209
1363983
1418104
1228464
86648
2330165
1244115
358483
486167
699507
793847
2201257
209257
1319757
2238889
178420
60084
1776637
1644757
1656770
120464
1089023
1305214
1586418
1499401
868632
768257
1479859
1187538
1738641
954509
1594064
848827
2285993
109938
1573026
2335061
736180
331628
1634466
895292
1651661
880721
1668143
1281337
7
1953993
419214
858867
2351996
1214109
801108
2011313
1012269
1700653
1084654
1311664
219997
446770
1964034
394032
128829
112872
284924
71450
517464
2206374
134008
1790749
2349409
216841
2204170
82761
