5566469
112077
4342000
1314341
7213451
7317500
4213719
2824478
2250969
384420
6684120
1490852
2750599
6012984
3353653
237929
6516412
2870007
5135510
547814
5888020
2594905
6008021
7038059
693564
6483798
461634
7338534
4762472
1459680
6208236
5795598
2410190
6078496
1999908
294684
4483923
702483
2385478
5357140
6257932
7153449
5717482
2115592
7021893
7182558
2608844
4635600
1540883
842530
2763098
2773604
2515718
4438333
1607564
6380953
5453099
3445283
7114385
6049996
498690
5082983
5789643
895721
2157594
6397344
1575242
5386471
900884
5318150
2904262
5688141
3504345
960212
5638230
4541850
6090650
6521541
7310081
207340
1011311
6763732
3665117
5844395
4719029
5550115
2713064
5042113
5779804
6751771
5992565
6220963
110543
2382666
6193719
3800506
871704
2440867
4137946
4259019
1836548
5516131
3097206
2977293
2173956
4461146
1956646
3101929
660920
3519687
926571
1371587
4989731
6906630
6184324
4247819
3787504
5462875
1299851
4075816
6411000
3387221
2749376
5264787
1685114
7223377
6164600
6431553
5130505
530267
1467013
4894712
3659735
1735099
6403808
632787
1983509
3127482
1100719
4317123
5506287
7221787
1819071
1116847
4376591
2098143
1172255
3537938
3979771
298792
1134023
4644361
1038837
172801
4038827
6578036
6403419
1413206
2896149
7146825
6445577
407666
1314172
430554
4654198
5489428
4521818
7059727
5060924
3948004
6900664
3050156
2249219
512089
3987755
2537871
637242
3313175
5612174
5673440
2224168
7347477
5908458
4611827
4925462
5557814
2070777
3634153
6812705
7128282
4311353
732561
2435835
1518496
1391808
766409
6108547
6156297
5631123
1709913
2565360
4023841
5371242
5936627
5812876
4473396
3995162
6532783
5597863
784597
3977263
1231511
2069911
7275895
7040778
6343333
3719986
2012987
3129412
882478
3477929
7205524
2983273
3427502
5749038
3328599
4935543
4542735
2792921
571132
4785875
129849
6071840
6677275
1587823
2276815
2475994
752899
6156402
4611540
6961950
3207236
5606846
4003609
5434406
4071158
6599294
4958142
4025585
2280461
5312816
1181312
1036507
7012542
1666705
5016839
3876773
1600956
3434019
1031519
869283
1054859
2399144
2233743
2719660
7124008
5412497
1965320
2817248
1371318
2750137
3581963
523934
6130033
6418486
4250086
2417020
2633463
7030683
2669383
2081802
3055950
3938103
839201
510163
5427944
3979068
578241
3608532
4332543
6113365
1788767
1074096
284193
1331371
3177118
762187
1813095
1212016
2733943
2425250
7345987
720851
4088941
7175334
6234403
3886731
3130372
6721316
4176752
3903514
741514
3027665
3895338
6837916
4121361
3818467
6680875
2530172
3600684
2392891
2197186
5082455
4572536
1735610
781408
2941400
1707839
1694249
3137060
3710454
3153613
3258751
5706973
1649790
330123
4790710
323718
7061059
2604738
374454
41334
5144210
3062221
684271
3540093
337740
4296787
4185322
185149
5277904
7233031
1289725
1720219
87177
6157754
5996911
6512312
6869584
894143
6334946
325308
5661612
2443487
2148668
1680171
5964789
5898108
6582859
2958582
1875785
3933723
822791
3762109
3622592
4822704
3391146
5049807
6306622
5762462
1177714
1531501
3149648
3436935
314179
2341330
5427381
4351291
3982097
3648852
3964143
1077240
4446104
681974
5578763
7205916
7127874
6850028
6214746
2127404
2791391
4415347
6375213
197144
2214791
6800632
6483354
2165413
2525639
3495760
7301191
3147413
4231947
3518127
1059631
4386476
1554962
2578491
5915461
6469335
5073401
770611
3374948
704984
5858189
6332886
6316909
6949412
5036479
391817
121048
4479239
540809
6956691
7190416
5770719
1596257
4916439
66176
6327355
980764
6038256
5239392
396606
4868411
1184351
5556128
3832905
3775000
5261946
2603997
6356215
4530188
1775125
6441371
181520
867244
811361
134630
5443095
7173302
5910282
1339250
458029
4630403
1090424
668673
2925748
5011998
1972145
504384
5593061
1770830
146805
6734453
7091092
6790890
7257381
6088325
3213479
1952945
4767831
2319907
6061895
5470320
4151851
7261048
5202328
747268
79554
2650205
4777535
3653021
2693434
1540834
6629615
5736100
6643864
7095203
4927551
5190874
6293123
1802973
3179485
4714864
5174794
1925146
5120820
1687792
1433803
5886305
1658110
5349980
556621
2551774
4401242
6860341
4059876
4187043
6704345
3068691
467056
4799488
4942977
1915586
2874610
2743882
3908125
4695103
713804
4206594
6120540
420798
1667795
3494877
778687
3069796
1219472
5708114
2807304
2518345
1441957
2333278
5325232
6821297
5753857
610927
2310264
5997905
6495797
5093525
4834690
1387145
6891955
158765
5943187
342147
1475968
7330245
57852
2222802
1348076
6650177
1545821
3272093
6423678
3105102
4791759
2828003
3365241
1673123
5245525
1671633
1352734
6742614
1585595
2843635
2895328
3128068
6681695
2346557
2574918
968177
3248648
5744726
4523916
4979469
2460703
1639710
2359181
3217299
1827377
5771264
568980
3250920
6184396
4831403
6824160
914628
4909628
908430
3783688
1066903
6407324
3815289
2475463
4366638
156568
4147826
1508274
1054059
1007127
4791259
7128552
3917685
5924468
305564
619922
6473417
5161345
3701957
304801
4737896
4319611
6979081
3475718
2874789
3309101
1096606
467234
6617212
6181412
3080219
2621201
3033408
2116055
6425783
5400989
5152557
2181721
4028387
4724456
4770992
6043922
6207504
5805203
2374037
4970533
4221105
1147757
4902553
1481207
729068
4346492
6918420
2851547
1124619
5147167
256416
4534345
1850457
4201356
2609013
6300003
2664164
2914190
6884798
6596692
6944091
395180
2239655
6566892
4161955
1796386
5569690
4557283
4422526
6173037
3097399
6744430
2459843
6315555
6018249
3823062
3580536
6202736
1881235
3740955
2698453
1870772
1245002
2934911
138530
2509209
2479586
3317492
7101395
4662916
3771760
4396177
5586338
786185
4113627
5322465
4104732
1252453
220777
2834472
3140394
7310202
6737703
3512233
2487746
5265900
3569831
4363561
406012
1416849
2274758
6856722
2167897
3464260
4043918
3505555
2783759
3087134
785643
2659126
6932803
5901903
2488413
351473
4218228
2962821
5656505
983780
802203
3517774
3466402
6751023
2051680
5389093
1139080
5731586
4496829
3015656
6683997
1107534
3231916
34483
6920189
6782159
6588423
2822150
6614040
476234
700182
4810033
1557596
4678546
2682305
2139421
493823
4605510
3449299
280581
6460392
3408557
3684496
945563
2316929
5152277
3096264
1967048
6010153
5667284
3936226
6341414
1736386
1854089
559654
3500539
936264
3203820
245005
4464709
5603828
4084153
1631259
4358362
1502573
6842200
4787770
1908738
435081
13902
513533
6693029
5162474
5522303
1269667
4674543
167192
1845643
679170
3731346
2545628
2370755
1732602
4067335
4505878
6635476
3642814
6856627
2262187
4375502
863482
1188443
1041830
146550
103337
2951300
1446185
271711
6366607
3732548
1648990
713765
7286880
4013186
2074124
5295890
4550947
5333163
1160943
2206899
4038582
1060852
3486109
5423303
7245928
3724380
4914703
3269580
502478
4210998
487676
1421863
5679178
630694
5704049
6035114
3421725
2327538
3689441
5529542
4534221
6912763
6757696
3926394
898474
6277242
3185298
1465659
206732
5210503
923614
6694734
4876444
7110576
4095482
6778591
5304366
7222237
2020154
4242415
25792
5805979
7109803
6099812
2581281
1887881
3971146
1449280
3405484
1028316
700505
7171241
2033885
4452542
785185
6502877
3327450
3718852
1809666
4430777
3239284
5252403
3649967
5107722
4142599
1752146
6454573
4194304
4669565
834825
7324037
4129627
2666461
2136721
7294311
4073080
1051201
1576429
5223417
2993151
480173
3860444
3849199
7270635
2024606
5957334
1904830
74903
1321851
308919
5455731
4588975
7050611
1635731
2212459
3803883
2008382
5235083
3857954
4952404
2107426
5975528
6249938
4400782
3314950
6448208
6074090
1146998
793939
516420
3957245
7040269
6051603
7
1022270
6829425
3116174
96568
3909995
896669
214730
220990
7076751
950742
4850344
4046174
3839458
3490557
3019541
4279832
3892996
5647639
6149392
502128
4964097
7318640
1369111
1109049
2429580
7325324
2364328
3065750
3352929
4902846
2891989
1163101
6928859
3841162
3398285
4371411
6018102
5498559
5486388
3362597
2516420
6449021
2928742
4157995
238348
943551
5962494
6913662
5307835
601985
3498797
4471835
6884863
5341792
1622090
5266449
5114368
2192724
4057399
2647591
3551981
6530988
5365017
3011378
2353829
3614431
4280909
1036919
3407528
3381290
1682168
1306499
4644910
5230247
205852
7196136
4651642
2571240
3518819
992765
784636
1928907
5382749
5825870
520415
7146650
3122939
4546843
4701325
3028912
3694865
2882422
5272627
5169833
2331176
230756
292361
4987828
2151050
4303387
1002044
6419973
6136794
3800758
4046858
6808002
3917180
4513950
3299653
3170688
2586487
6511946
5461132
7030377
3348095
7173118
3920759
3794863
537908
8363
1398915
4230479
4116953
1757665
7239450
922745
2198777
1725629
671604
6622707
7118102
1581723
2923251
5450950
6553848
1458704
2764976
1194853
3679388
3072365
1991280
6611421
274714
6390257
6726199
5855553
3544036
7137218
6021890
4999524
2750319
4492232
2163953
6533724
4520224
2182332
6357086
2841133
255885
1685682
1361903
5424278
5415194
5182877
6988610
6635654
3560057
162895
6570808
2628405
768186
7253559
2088254
5833473
411706
1277181
901034
1158467
6720440
7287486
4188205
4763358
6733267
3726447
6878091
5612634
3482110
2073115
5516991
497671
6672864
2134234
5600227
6404719
5100176
2800916
2239486
3670265
4052910
5379699
1453195
6317889
3678898
3945617
5562365
6708077
977038
4017497
3752163
1524317
875103
6143978
3528342
263901
4214685
1151065
1562712
4855734
366067
3221987
383840
6373368
4737285
2689048
1543357
1204609
2307935
4188044
1358242
3338923
6969594
6385384
3177739
2755936
5971763
2747586
6492410
5727120
4862056
5873414
2050547
569479
938273
4583886
3313967
1285523
4731940
4960068
1405473
1784977
5934130
7161467
1928995
5879023
5624759
3869463
4640363
5447577
6858383
5853866
4354241
3463909
3629906
6603309
5807609
7058565
6181154
4185926
641012
2686155
4590451
3283318
4669172
6243682
5286862
1238998
4685283
4886182
5192787
2854211
361305
7324273
1861410
6647130
5393499
5403687
1613239
5629255
4823176
7270291
1941597
1259851
1496981
947238
3194160
1358712
1274079
4596340
4233989
1889098
5058192
6349311
848526
4126892
5922128
1933714
2289727
1115180
1549415
4088947
6557725
7139192
2173805
2646607
945870
2862406
188458
820198
5816170
2876210
1988403
4804899
6267538
3755194
1945267
5951283
2254993
648262
2779293
6274810
4563555
3414667
106713
1898448
6770817
3454232
4266125
442497
1179139
2678611
3168712
4167560
657223
5984051
6311853
3780633
6941060
4620785
570284
3805958
6286061
5121700
4286800
3264361
447887
1516998
4708383
5178660
2971058
6025741
7285807
2544709
4262280
3291203
3649700
6511152
1380299
5694188
624270
7231769
28399
3338029
1574171
2402915
4353984
6677774
20426
4906394
829330
2727843
6862346
4976246
2733075
5308808
5092377
6058600
1428164
2642118
4755215
2001145
1716642
1732254
551316
2271393
3750402
1739852
2042147
6716041
6663466
1152374
6538871
852609
6997388
5065370
4273531
6822099
612617
5835519
2299617
6676632
1577387
6369600
2784740
3162266
5663048
1976985
1434275
249858
6548837
1227954
1697856
1988284
3341318
587919
3590911
2122757
5033155
1673924
1299673
3736497
3789172
1596732
1603350
1298536
2251677
1579970
595774
5543404
5927250
5892424
1222058
3015013
4136272
2497787
2537614
859038
4758567
1210799
5445176
6002337
6654279
5536143
4728993
4692788
212753
7224374
50356
4941712
890707
1983394
4646389
1612521
6868830
2466061
927287
7086109
4325861
1085635
3112499
2703195
3002479
3679798
3782295
2611512
1025334
4408145
7098719
2155404
3257118
565021
2953813
451258
3278204
1782123
1745446
7005870
6533949
784813
1937527
4819515
2452911
365275
3145105
2060180
5026486
14391
2503797
2191522
1589573
2618994
1269761
993523
4030427
896980
656710
3022491
4739130
6472150
1015803
2876681
4204599
1760891
3054623
6594096
4842029
1569805
5866112
6598352
6292834
832496
6227220
7103390
4349731
5478181
4315242
4090262
4578127
6394003
1828112
1102287
5217750
2739150
5422195
3806730
4748995
3040931
5009095
3457981
1769933
3537423
7069566
5622313
2559616
2577513
506136
3494475
4076715
3576075
3431726
2803335
