22385088
4314737
2487733
17587255
4237701
15852350
15331773
13227685
7901818
22408202
2645621
17757996
2505958
733166
16733735
14201833
15638034
21535313
22079103
22372887
5914224
20729109
17589393
13973640
9127530
18524407
17882547
15601328
24306748
6035358
24239163
11215368
7795529
20567266
11312727
23828802
1921728
15354174
21801359
19663327
14023744
22842565
14996864
15515281
5767745
6529879
7381344
15833676
10930991
12809907
22260776
8925388
24190970
9452957
6459035
4180630
3694509
10599690
16625270
14846639
9312017
16612404
9495633
12426339
24463990
11956865
21626824
16430062
1433691
16891706
13456436
9471407
8332919
13209493
23796655
9100653
19674920
18716653
2993073
6338998
12462591
16566561
5196680
763869
9525887
23504843
21406803
8810966
21488835
14859360
16659110
1263000
17184988
16779350
9275210
4790647
19578381
14361645
2991282
13654547
2879196
16286416
22246245
24394918
5247779
15475278
18075923
15236163
342873
13370253
20011422
19959328
13867748
2049294
7206179
23500009
20510630
5495606
13703755
12729836
17838478
795067
19314490
6287710
15523390
12315721
15990996
6989650
17835656
21087361
23965163
16770593
22057828
2108772
3706484
5732211
1130625
18460584
3267039
21433404
7033361
10985901
21537742
12168358
12227577
23007942
9617706
7489207
12492054
22176328
13566543
19230868
7282694
13206730
18376507
23069653
10826756
22881556
24279177
10502697
16133558
915819
13775162
15835353
9543767
18053635
8655899
12667737
14535041
3843851
5455669
4788066
17809687
3934973
21700770
17648909
14085573
16574385
1782399
23341812
5468577
8417779
12463504
20029528
17906197
21875155
15482457
4171246
19664180
1277623
6323727
5394652
11453129
20052493
22762262
13798040
12564347
7150596
2841723
250009
5768693
16211094
17204940
24365415
11981895
19916965
15274438
5726999
7074732
3352716
15819457
5305895
14049381
13094773
8504258
18249456
7610562
6609881
21779246
19976535
15213125
23664723
22982644
14795179
14634486
14333880
10199532
6235165
19193883
19832106
16160514
19963053
24125569
20123105
11374737
12064390
3435139
19079761
21223021
19850543
7036514
15266905
14579832
15742970
23173193
12355058
11079521
24381048
12133230
3008843
3863452
976740
22011741
16033622
305563
23578696
7661780
10251334
2986338
16585531
12043494
22047373
9950701
7688021
4677304
14543033
10645571
2990341
8678950
9640718
9356572
738217
20337554
7751916
13607269
21195067
8214820
9846224
5957100
4354808
24361401
16848886
19220397
560854
16371904
19068043
16883848
2783217
17630717
22914088
21840895
3423009
5390160
5608452
3034839
20354366
16566992
10507810
23412598
3922665
23600139
7513336
3117168
909235
9630670
8153100
3012575
19525700
18693701
10782969
6750015
9300851
10308533
17799875
22094901
19930639
10454214
17812350
1142928
17336767
24374269
10425831
15156088
12644141
4512024
2292614
12830680
7402374
16844633
12164015
1159531
15415647
14912183
22992281
132683
11113212
10388672
19205743
12206926
9818688
15129153
2791027
10395802
3173113
5254572
23634530
19161084
899887
2426240
5387885
14175690
16127485
23551279
5967292
15305735
13021447
3656620
3928761
15520728
17670266
19909147
17270689
16120471
5843387
6416570
24077303
16450940
11470945
2573240
3221200
11120186
8361921
8451376
13906322
4414955
18295121
17404839
5195003
18089020
24005299
4884263
13489069
19281173
19762599
280064
7236206
3804943
18737500
15446088
14673334
325274
11013478
11081142
23413690
17232242
24114353
6987759
23559805
10603030
12445843
18965783
18276817
13210376
4660717
19671939
13834530
12452174
15195871
24189993
21259123
15102277
23380835
4936740
9789878
2752555
23472851
23528625
16215006
11452110
23259878
7409301
2444958
17839363
16835569
23139638
17562416
15072059
9210676
13781831
17392523
7178410
10209042
23875673
2608479
15965064
12910176
4541514
558627
21730986
22661659
609046
8929509
23528860
7922601
24149048
23190392
12601261
17545440
6543154
9654022
2976887
14936512
22734608
10934539
2334346
1266343
18836741
20816142
8895588
22803739
15509107
23456338
6246042
9146905
11568239
11156687
1257270
20967872
5401252
11385470
18061429
23028685
1923229
6317904
3569929
21332494
11759122
14374232
15024524
2802707
20906371
9823625
22956047
13591909
7973508
18033350
22881808
17069201
16710448
20620930
23308918
13013023
4540219
37028
8196432
4033172
5850700
9287746
5793334
23610292
9315442
18337755
2108155
1693026
7074249
24572169
22302271
20571516
3484368
23379366
22943695
3743496
7787468
24596319
729313
20597842
20319421
14848299
13388026
17102673
6613183
18355385
5148800
891522
551288
15573654
17344390
8492463
8092805
9885877
15875281
2033701
12291800
1636627
15686138
19580841
14935226
20718252
22817999
793552
12767791
19055376
7099236
18440621
6273381
20650294
12371433
15952194
22368056
9441051
20079913
9344791
7138640
21043157
8511092
12892160
21268467
22321981
13422732
23603164
17424665
18041566
7652779
2518386
5396198
5112844
23094217
432917
15903287
24512633
5104210
19322990
11347207
4145552
4890785
19300735
21183274
8885103
10181409
22933872
2983995
5347027
12493022
856600
14007047
5317035
22310375
17031773
11286332
14522574
2155291
1225049
10052526
14061397
4643353
15923544
14835640
18667079
10365183
2024778
18945769
11523335
6638886
305133
3561864
12680570
22778998
19377009
15301668
11086910
13615010
6580112
5158577
15064745
1023238
1135706
8901842
8991310
13694778
13103426
3279467
4334076
1646595
1542199
8856467
23852205
14069783
6476716
15502189
23332845
12194784
6001108
3693848
5497926
8791072
21173920
7578843
16595131
15662857
13782843
5122012
17995157
15709604
18192236
16221418
4103388
193622
3460751
1298344
22200955
11338215
18165153
16565720
15958878
22863047
4395669
4520460
7964446
10914843
1823994
20866444
14854566
14331121
17751867
618956
1857922
9831211
18894779
5509911
20877138
8609712
2539984
10034305
10108752
2251409
4816136
4261155
14917773
15226202
18484654
1691370
22624650
8371917
9025931
6793406
1572058
18380341
20070130
11976841
9529383
12572774
10437841
22424293
3829689
17173379
7396622
18921773
19778572
9101262
15785376
15119164
7042313
8786367
2385170
20088631
20674345
18080530
1238133
15334883
24381295
941382
18569605
22106881
302437
16951636
12197272
9553905
20367041
15492909
18563460
93640
16911554
19291291
6765468
16343564
7961236
21414837
11611285
10664412
12815534
20726474
19593411
15246712
13875363
531623
282320
20458179
6203942
20168123
1302071
17297572
7550131
24424460
1738223
23215888
3874086
23082119
3084956
4289023
6802586
5094782
10229534
21190461
21582172
6425457
12202280
21481753
4724089
4467507
21096303
11948811
20338131
1612518
16793726
11529234
15288467
1959555
4705638
23994033
8333646
1406357
10550201
3336001
10107335
480521
3477118
18228557
22572356
11943252
10567119
22319626
9710316
7804939
6974142
21630715
4043732
20778195
19703259
10975083
7721069
6876097
14664999
24063698
2899714
18436782
4452696
24386797
108341
7864034
11690928
4633623
10486088
924667
22119427
31747
13533034
17171684
7981357
18731429
2415843
23527755
1875726
15258518
5637345
4421154
19338090
2130105
13360157
13751562
21351010
17945667
7744145
18997283
23198127
6571573
18101511
16930676
23407183
21120374
5562385
3038970
19436278
17968536
12627403
18737183
21503930
13706814
1466951
13601600
22675023
536896
7172194
12467863
130699
21938257
5496840
3844051
13539895
8446754
1498224
22182194
16525852
6312171
18054297
9211203
18648742
8289700
21761107
17600977
7698737
4002742
19096268
23857193
6434634
7106979
24167083
1070324
24071855
21258983
12480938
13407402
10158119
16193559
18215444
4944735
6586158
13765489
3747028
19322684
21239135
22165911
11126460
14192246
12331388
304628
20099636
12901519
12834872
4641095
12012693
16720710
14750327
4608975
1715055
13379242
4977447
20669790
18557258
20407560
3157559
2119026
6622527
21708025
1602233
9354380
229083
2553849
773444
19369610
7132669
10083139
8326469
19029518
2575516
3712739
3235684
9741660
13551598
184446
13239103
11408159
16277426
2044137
22890910
17346341
22984068
20754105
17168054
8381807
15432736
12242036
4809751
18041
17088586
17240835
2956974
15923427
8734765
13319050
13753947
14135886
15195196
22597502
4670491
4807081
6690940
13262367
14136548
2257759
22444514
11877938
4249262
16201833
14348623
2625796
21279649
5079411
16479230
24438737
23519770
16341930
16051992
16499525
13110341
5488743
13448106
18630027
2422515
17912135
7227426
18315099
5881174
9393225
5684154
1881901
22655142
14098788
15168423
18957555
20722273
21547655
16377732
13806691
16534597
11685010
21006618
3506884
24346043
9508181
6279558
15525267
2490214
9517841
18022079
7453403
20660060
23349400
6126013
2161884
15149038
140386
23855924
7525511
6126659
1598903
16465008
22675805
10891803
22219167
5322745
19826927
13206359
19977763
13735241
17202161
9918907
3606900
9164518
17828946
7095932
4230831
8519731
18202759
12281377
3045897
20440887
639831
23925946
5574329
5183928
11885222
18927515
19259254
24114478
5131049
3382877
2397788
5844920
2869730
24106492
14548713
23816201
1228437
16231032
2948021
18720725
12684191
11757690
14720394
3321886
19135145
21495876
1093252
5777161
2990357
3520547
337635
8448586
14561442
2544610
11545696
10575927
7875467
9399979
11051040
21929798
17746175
18493963
16886376
9076335
21035394
22266139
20840043
23227211
15962854
1051799
22054548
5883286
11516842
13853571
22455648
603432
13687951
18423687
22258417
10714809
16939765
5174134
3214336
13665493
10308978
1025532
22212848
18271379
10354518
12431723
20155333
19984066
23285437
4597347
21377116
6631489
3821561
22211552
6250215
13069018
1953256
1987173
21248304
462488
14298419
12651525
19792695
1343049
10633592
9022807
10862808
4195606
16916526
8688951
18209437
1813344
8081510
4402370
17848182
12545266
9006134
20973578
18803197
7635203
21769517
3888388
5185853
10586617
17196006
8048092
7136950
18352879
15612688
19491736
20493519
9837164
20889458
17339018
20901733
18609700
8237283
6445108
8142267
13823618
16556990
12044239
16150838
5952357
4687139
14817825
7142880
11813258
15022824
4026882
21276513
13073405
8591487
2433325
4714371
16446098
13384825
7898288
7122050
17185170
2187711
3584388
12809782
10463280
3786612
17117466
4489244
14337467
23434561
19548792
8482680
16200076
16901767
10711028
22296462
14556123
14561234
16974790
3308756
10035380
3958765
4600537
13896744
13060349
7147696
10687894
19804273
7577748
21155857
12846376
6963831
13824300
1606523
17147187
658647
6994103
7543711
8316925
12153776
1449781
10737329
14344139
18311514
9791248
7445615
11860058
20937952
14468669
20987058
6780203
2633334
21063146
11841396
3774256
15857928
5079226
11542914
10111733
20158930
11609378
2706404
20354287
1635817
2265849
11335503
9421569
11007010
19063452
9507774
13722312
21973178
5320395
4553528
8167156
15403693
15786024
9904311
701251
2775394
5350147
16722400
13291445
19400012
11886930
59634
11252297
19657510
1399654
8097807
9385253
6724178
21544461
12188499
19157686
11585290
23781391
19876510
24530439
22686042
15490382
10370881
10796839
5922989
5801279
5164242
698136
10251725
21978978
1060600
961698
6727285
4312209
5058889
1702853
19721323
22792958
11486567
8222880
23319227
7534734
3187067
17142026
6954085
17820290
3406480
16862124
10485879
8819451
11553154
22235762
8706464
21469324
13062720
16901964
8714617
1420186
12077196
13126381
14107953
5670992
8905476
14307143
13012211
11726238
17056345
2929785
13431664
14728204
13914368
15468120
23537350
9331053
11680140
3052349
6490060
10315621
3767938
19782176
7981551
5830015
10878654
13042000
16737024
4038005
16691868
8130029
9218745
1654593
11769094
1366163
15723276
4716015
3869862
12227675
4129431
24248259
46612
17252862
24106143
14694736
14290994
13755603
16623113
7690374
16712113
1944842
14969056
3651170
17044696
11890490
7290912
4880802
10829925
13988354
1218050
9353697
21671143
8109437
15083524
16141886
15345438
7372952
9054661
19221338
9013931
10097493
16921026
20236889
17622654
830430
9342644
16313130
7109576
12402715
5875662
7883547
8542199
23060932
487620
19560683
20991681
12366287
20889521
745745
16465993
1930699
11338126
2561752
21348454
23241525
16815351
9568101
22067097
1613809
2569125
14270703
9771400
12936258
24209287
22187846
21038163
16272379
23004067
8076716
22086651
8423339
13648593
23073523
20694618
6940639
13187649
5041666
4651287
19989701
8041591
19047140
19490637
6516250
9522347
5287697
7579873
16542888
9432863
22252293
4192499
20635949
24539324
15620998
6367603
5458774
23959377
23674052
8160775
3526926
95854
13278501
6835462
3413870
24399517
14333966
8061797
20035780
16303073
416512
5315909
13817788
22470530
11830888
13349659
24586359
11100459
678410
23721482
12434072
1706321
17555489
7458800
7339702
17674186
13817538
22047729
13094134
17507148
18068121
14622456
13576297
22032938
1294158
1235491
1301056
7
3995519
6978794
21640117
13474353
7471153
3525182
23680168
8864209
57034
2897704
14473740
5269711
20571851
22243432
14449309
7079876
24395262
20922556
11715604
227270
19604961
6015700
12728488
1130293
7730016
20902016
9487665
8181099
9661036
12596344
5625094
14279729
17978045
6681532
18554992
21101007
4969462
506950
22809870
1925542
15575119
14737697
19446839
14225409
15092858
9378833
18154262
8919047
18975529
20615908
22754577
7309853
10447674
19536112
57861
17334084
12178074
18301385
10815592
11706131
19799680
15176885
9582506
11096610
2372720
11165025
4210518
15044654
2737866
3850870
22041830
14404867
4479412
15961002
11188910
20628877
22360385
10980495
17286830
11895077
8344629
24079782
1741926
3737323
5945617
10763568
19406816
21423693
3100936
4471187
20768263
18184665
21111273
6466594
4092298
22932044
7179175
12123252
6043962
13261602
22726385
15726109
10702947
10694733
5703398
23700872
5961375
8404915
16069297
3022437
24030164
13051048
24209603
1558465
21369556
22687803
11294045
7163995
20425238
4427455
20197413
11174538
12723018
16658719
21826240
10488549
21431099
5711497
10260544
6304643
5268328
12549541
21960294
7785870
14576858
15705157
2039217
22489259
18354399
23647794
24200468
23049454
21666807
633029
17494094
4739318
8908813
9975969
15148652
5203761
13022294
8066871
4917934
24229783
20712012
6604029
4911698
4207557
21105046
6983880
3797814
10865442
20328150
4046943
14438723
10069829
19182884
22781369
9956770
11083281
806620
17133300
23285905
13828141
7778317
5239571
18771314
11397434
3328158
7597035
2654058
8836617
8749590
1437050
16059079
3541930
19340415
294056
20045653
867797
23220533
16351249
22268004
7847293
14830923
102836
11761182
24309404
9823539
4291894
22952989
12610897
14398403
1528272
3135524
18427197
5733536
16757938
21962442
4410776
20750860
7447733
670812
11866730
19568796
13731274
11423958
9680743
2405044
10269
9000782
163269
4059491
10624203
11136401
22015375
7930262
19271302
104342
12667120
1043856
22371464
930384
3080681
13646067
3942567
1184817
6331221
18909981
12236237
21397265
7073214
8764587
21238842
4344513
4136048
6922759
7896718
11412532
17724471
6519099
3225763
23027652
22511801
6344205
3304833
6438999
10749845
20863179
17898651
10525150
23566419
760074
21083013
1598103
24341621
18388128
19604624
19850749
2649218
3177311
24064739
21058894
24375099
17388254
6153608
8628978
219747
2468575
1333109
11520445
3205015
9350996
6640020
6620792
3285923
16237464
18258169
13947452
19835694
12322726
1395031
17790092
1166000
10679368
22616791
17535471
17011480
21872522
22503339
1829789
6580466
379875
10295521
10616697
20853022
14027782
18619505
15512444
18238191
22897605
1796224
11267371
12218168
10075606
6135953
19324999
2972326
12008747
16946761
3997371
10131302
14261914
14361484
18331359
18891365
17179205
18583107
12871394
6714067
9880248
24089082
24084853
14595312
625761
3827329
16646144
18170142
5581178
22964820
17043687
6392675
23621910
1425800
4368074
824955
11506262
6859449
14244767
6186352
23167882
1369550
855444
18556889
10896524
6289400
14667504
18006877
5644890
24452798
23514150
10525235
1912606
13125923
2570061
17693929
23867058
20291460
4283675
13586482
9462231
13014681
15290011
4451562
3475668
10964068
20805151
11604445
11574153
13779572
5297115
3562260
16857826
18516962
22975752
12780184
5018153
3782605
6792817
13132868
19285212
13507000
13739305
7889774
5927371
20824566
2287553
11277161
16305417
14998655
5159191
19375188
4527017
1075954
22743503
6482919
1774020
10098640
17527561
2670634
11742377
9926567
22995747
1803500
11238430
1016237
21526216
131696
13400135
20060826
10531264
9323207
23144480
19352045
23935555
19741843
2116542
1769717
3150466
5333942
10772309
8772082
21591217
13781092
14129677
21397452
23320648
3226013
6886888
21031058
18496354
24617776
11630878
711838
12803087
13964336
6639006
14777972
22342271
11635989
752037
2847862
334888
9134979
11700143
20393538
11534246
5337042
9026947
13685545
16642145
15204139
24194519
1122699
10210344
7645050
9158797
16194477
3531332
6382952
6485419
2599244
11355485
6735312
17364275
18765373
21146742
18440232
16430942
24322770
7836455
13859188
4485047
11654498
16263047
24123143
24246832
14989392
9998034
3315779
22382321
7853689
15050403
15064739
14953819
1663469
5627959
18917020
2962884
21141692
11312101
16459619
17052101
21114798
24238479
11785814
17706861
7990963
605618
18023684
20651804
19773344
533086
21328309
21909331
17848271
23459367
21945705
24566225
15569006
17109922
9046434
25424
2768121
23348690
3342768
3368236
7702079
3698678
354061
6762330
6735757
19519492
1083457
4958041
9748569
9639243
8553427
5001854
20483541
20247115
7002432
18914372
3103722
5552824
18381459
17738734
4510646
18309474
12269181
19711992
20376757
3247371
10299368
5243625
4920272
13437368
7559462
7688517
20771839
10217895
17351159
20497849
23253049
23985857
13880329
7238921
24321350
6074093
2060386
18742647
23709756
17343490
8215045
494637
5154528
21725736
8871967
23843932
20908116
21345702
6875844
5119768
20927920
21179404
24374449
13415811
10655555
2300016
2173445
4104475
2398291
14409439
19898889
19249618
9001347
3411924
4746773
20016266
1248318
8723964
21558032
17929485
6020709
1255759
17276618
11824434
3273360
8379411
4967346
9121403
1573181
6745676
17311714
22157022
13269486
18008617
13680385
13149729
13334683
12536193
2084889
18127190
4226019
9610297
4125923
6424318
8619224
7496935
4513470
6575860
20671170
21070920
9867991
12307281
7507355
5214588
2220742
2594253
11986871
21576438
24409226
15296151
11956987
10864239
17218453
19868349
14516771
18948496
19617148
22069938
787245
16185659
22003087
19173470
11216206
24610555
3326335
20894708
8265852
15964899
17087612
17720521
19538759
15369144
12994873
3628651
1031562
8403707
21621392
8262860
23033414
11843065
13367052
13124113
20020977
9470343
19953165
24351500
5680005
5219985
23239985
5739382
14008696
14856363
20008041
16072596
4627651
15752045
11477239
11670535
8302567
15507452
24038870
5545125
13242097
20915265
12529783
2636640
9711687
22193669
802900
22357409
11036257
23444373
14773716
5019257
4203924
17766115
3229609
3261332
20214216
16139490
5752266
18549464
9309826
20233026
5528855
22883951
1819319
14242875
12102751
1475663
9260706
13659416
23298989
19826553
18136582
8647657
14441578
14381115
24446501
4751341
19357373
6089326
21464463
16055097
7177588
5662845
11336772
17012647
4016964
12657426
16655488
1755785
13224269
931782
8066604
14224961
19471869
19117175
8229989
17617780
7263391
15583984
19752771
8660991
17681333
11898173
17752968
1284059
11462839
16488690
16416965
21688467
21788019
114894
10097864
16248896
24455165
2061351
10017425
3642585
16155374
3026352
550353
19699009
13139089
14189893
16741481
6145709
3895681
21202388
12476856
6470299
13007656
22342891
24059283
9558192
5061813
19611758
11000083
1968975
23274107
5948730
5850011
22697279
9085675
9694281
21839827
17966087
9091095
16931065
24217076
10386109
13124864
21389133
218759
10528242
7603261
15693197
6917031
24052147
13412154
1546933
18464503
13973837
14908491
19239918
10559897
19858790
7301241
4150074
11065783
8420997
5675182
19068585
21678844
20196392
424735
21657611
18721902
24560315
23909705
6672184
10540544
20773606
8460974
20279875
19080797
23754629
3538038
7628265
18592892
4680534
443869
16674598
17583271
16353659
661730
5423364
20663992
10237684
22037269
9164071
11363840
9202131
24523658
908083
14293674
2954142
3384161
21876531
11246195
16177868
21819739
8898598
8272421
6808214
14776577
14550775
9568379
5835463
6477720
23591995
3519490
6025505
5232475
13278206
11834234
9144877
20028091
8894291
1749051
17597878
717090
20397968
20679889
7682784
15029279
14160729
21307083
3126128
7522401
23304612
12073769
1897404
18750590
2950608
22592268
16007757
3576388
21996136
14014438
6402641
1709063
9960007
13324775
15091821
16387509
12173233
5834308
14732153
3690395
17577695
13232760
6215773
1006454
1577536
3403418
3859617
19077790
20582824
23565326
22930911
8574523
14716319
4557396
24267925
1549437
16923230
15349317
12752421
21213663
12930074
12440294
23254340
23719291
11844827
16184861
3847798
20283486
20378782
18217927
11177728
12968215
16185428
12710048
15992953
19359789
22834732
24041305
17308236
24333670
19677837
10405399
9363647
61658
1210820
2327156
17283993
3094655
23241670
24293261
14981660
19234901
16900898
23691219
23627921
7499081
11297004
9656386
13251857
18427679
11050321
20560058
12526814
14945689
21808142
13628667
19307690
7760040
20289981
23657248
18502936
21290034
1641753
3363771
6351636
23803206
18905160
4583708
20518156
9720233
19843111
2584568
6546996
13166147
14996650
13921695
24177638
19667936
1518349
1051224
1116800
14942668
11379175
13556334
6274944
989409
16722179
18178780
16876263
10809753
9308823
19973703
4450564
4087110
18476547
23026460
23265267
17877868
11236389
13116173
22615716
8175249
23791168
9359971
21917531
3056773
8058875
9534903
4820458
22277830
8500508
3078556
20867485
19008757
206148
3206266
18683848
11642192
13464963
9371230
24553139
18861913
21337273
13526291
13085862
14676750
17258586
20638329
22145856
14318136
16812819
11088466
4755445
23108903
16409672
22825694
2936353
5806981
9289040
1765549
575675
19284515
12843175
21947139
19449603
19722331
6444077
23970157
15632940
21695961
19819612
9680716
6590573
2530412
13194384
23736394
22005789
8855980
22188111
8178518
19166860
21329968
6659045
200741
1668214
12621834
7249803
418328
7000471
8007988
22363200
1724003
24574036
17477886
9516748
8395549
5846028
5378833
22904200
9744915
22226975
8994538
16517698
4395211
123280
23456523
2684322
6675460
14156431
18043640
20431260
13497002
22284394
8284151
4402119
5879763
814796
16289956
21384109
1905923
4733637
18778036
16463561
800801
7933213
20855608
145258
12161078
14657765
3758334
4611881
19198564
18581853
23174248
17021938
18760038
16693588
20866422
6408927
1713048
16825040
6845438
21613410
17127374
1630384
1324380
23053245
9935284
15842153
23384468
9656227
9735677
4151219
10165005
21987325
15539861
18819368
4475546
22332536
16816871
14181139
24001819
2378608
1741783
2949979
16578394
10354757
19484262
2321925
1620547
17244817
311246
3512552
21657170
15135475
16480194
2843874
6364250
10471041
516828
5822212
9894607
11919139
24220529
2978252
12923086
20206086
19437060
14804015
1353921
2820014
7639731
9672328
12705215
15887509
17957698
8487255
13280877
1415636
8358878
7713431
1463197
10904847
21596952
11230624
12709678
9239350
7332956
14826823
20770752
22208107
10854049
3188377
7663555
14361861
10826343
8336303
10007007
5984455
3558033
7554799
20051490
23977353
8209315
8269420
123193
22873860
18115067
23499683
15144821
12338106
3292625
1492339
6902242
6820069
18705217
22250683
9702538
2504427
17073543
227538
15145702
23885691
15196754
22639322
4320376
2688593
4438342
22124769
15010598
2226876
21471686
12886569
908074
20677580
12967423
10382799
6297389
1939718
11898395
9728713
6878077
9617591
1828333
7050753
22435943
19088548
21048628
4326926
24221651
20449745
2587453
13034015
8709441
13547504
15553394
21735620
21926297
16524359
15245733
9737058
15187157
9156222
21013995
22750571
21166278
14277994
12826524
7024133
10507051
20808148
15441325
565441
6392952
23044458
15559877
14741621
8238757
8386452
18832541
6138887
20534683
16319322
19753884
14446283
6631498
20702875
20038801
10671394
15884799
6520503
5049356
14905044
2793537
5070074
5692527
15753244
6948512
11988969
3185656
11725396
19160612
18547807
14649304
6206605
6815619
4277989
10691847
16335153
16257955
12112541
19532816
6829724
22479762
3101614
24513580
10422732
17769761
3354295
346867
7058729
19505127
20537623
316352
24561945
2075732
7635674
18284560
15768384
14649716
6195092
16401218
21027224
5425826
3354677
17417262
22114203
3615641
9763054
14312615
17987732
14849466
19680064
10790122
4759139
12616016
22191221
8467787
14032100
15913450
12419590
19211682
23927098
7934243
18038509
19931509
14663549
9042285
21373869
4858302
18174789
17332560
18089591
7272076
572621
19193962
7299069
1511660
21073876
24264341
11802753
20018550
18991445
6287983
3002428
2334270
10120003
13980092
12588829
22259634
2929267
4360786
4544225
9230808
9180790
9555968
16985600
20765900
20445674
4851452
15407322
22600637
8684691
21252870
13360506
14318953
17411088
2329572
14789109
19970689
3913334
14903132
24158712
15812134
1563011
423477
4169139
240616
4252078
2948955
6177635
15358352
10939410
21802522
8258869
9389774
24246157
4790729
2678708
19810809
14041814
6585441
19020977
11804104
21159416
4490799
14458023
4218785
14809403
18249516
19764749
13864008
12741005
687052
21903579
3753905
7375264
21866264
471318
21739575
15760334
5896886
8313370
9470164
17370304
19735490
4441284
13095590
15279571
2949170
17937192
12301651
23649691
11151578
4295532
23764765
13121794
17471894
19841002
12513932
11840252
19024223
2459007
23286332
6161643
4570697
19715031
9285379
23141563
24097235
17503714
9688063
7145590
12746704
24221450
12374331
8580038
17080807
197368
8279878
11059434
13768732
2358267
18804398
4869371
14871631
1151556
24013861
23585182
7434302
23715373
17566045
23654627
12862333
15706445
19349979
2510294
9664009
21314720
14616248
12345916
3095308
18261888
15163198
20922894
8308931
8829006
23041865
17141963
12207731
3161094
23547800
22922296
14710899
2138249
9855891
16027514
11991131
17491687
2612651
67740
24344532
19931283
14174130
2775143
7566647
47377
6111868
12036541
3061029
4245078
5785790
13007391
6360180
16327773
20204083
14977301
20233166
3068712
1594745
9646477
17792512
19784209
9644957
19016893
6511684
13594446
23571194
12047084
22274590
9766868
10486114
5375213
7242286
23017072
20760033
17452787
5204880
1681828
804933
14864211
643173
16284634
8475765
20293461
363829
11581326
17660718
21072447
9912247
16602445
7440518
5396974
3386543
2375783
1992855
12561453
24288334
15774209
4158744
6029063
19084711
8701268
18879406
18015332
6169694
5422148
12127155
15588439
14924185
6230183
839010
15791418
24491150
8960820
3375421
823718
17227272
23465292
9533189
8808703
19456400
23832542
11513030
1688861
5993544
7085909
14781392
4166637
20737531
10782190
18598760
4954229
2278202
13302412
442042
11745040
24566462
11145778
2437432
8415608
11442331
12505579
2847550
6001138
10949104
9754106
22152327
18047040
14840753
10329692
14168398
12991768
17320755
6235261
19383530
22574705
19394540
18867146
291121
10263579
911491
13586208
6064587
13180148
9293468
1433784
21276794
4497481
3365161
11963292
970867
24212771
10730910
388252
10847912
1391815
11748190
9089673
20118002
12084113
15350616
18663743
21859463
15735001
18590337
21650390
10869170
14049503
31695
24508656
12943938
22861246
256993
24040910
24057913
4072679
21788431
21894444
12691061
21766055
19124182
6662544
10732260
4352544
22461096
10008777
5502053
11365147
457508
6683497
15080137
22226304
8312553
24034144
20384851
14900476
3989084
18158730
8587060
2726285
22291488
16442364
22393437
12277322
16046069
3813000
8047857
19932510
22110322
4993196
7590936
20464079
10377340
9267067
22771578
8643090
1107488
16361892
4505518
3905592
23362529
10415140
3880242
24042910
23230673
21350254
24526581
1355325
17093083
6056927
4059164
5661537
19975539
23151233
10729048
20493633
4901032
179797
16783300
14232497
5476490
4271201
20224139
14438626
14520044
22405354
11900161
23942540
22411705
13396691
5812335
16709068
5228319
23243260
11356303
14215494
1037291
17575593
1608050
9868797
2721365
10038240
7736381
18082629
20342432
24071435
20254886
20079443
21672100
19084207
15834848
15559582
2145772
2168112
5904869
8913912
22270912
18863770
771393
16167957
16464368
18676925
8600771
18132522
5586332
2012150
19728454
19510783
4621704
15625303
17647182
6565108
9038477
18400711
13623218
11198598
16415178
17414378
15058204
11026854
5719375
19016587
17064647
15420691
10636314
11431637
4066234
21104075
106163
17820397
13912835
2690210
22885089
23123547
1043356
22475958
14640243
15926651
18812000
22565882
9427887
15828347
21793996
8977965
12879266
22582757
16988011
7464868
21965202
10162054
20102908
17687936
12917880
11103286
11450161
2754053
13605562
20930964
21567838
23955686
19890162
20135583
18038753
12953568
5973951
7793792
993074
2620406
16071107
10968362
19369636
6597640
8832658
11186757
5362281
7326701
1413030
18682368
580618
16605761
12784570
14385241
10307067
18289989
10175442
16766777
860844
14247354
4264360
917856
16111654
16020159
9988287
16301849
16632601
19943904
9770450
23158220
19711567
14123415
7454279
23089152
6709870
22529800
21214488
17759117
17484065
17091489
6238156
3354860
1505528
13203160
12395699
8957161
2861013
15368120
19132995
10319774
18372333
19560839
12093635
17614824
7887505
3662691
2045217
17987814
10335402
13027255
5695408
4119098
6117311
8138881
24619343
20433491
13964476
8209752
8035858
20465479
3298276
18050941
15981824
7487279
19538560
12978868
7911243
19149846
18325825
8083573
13850452
17616849
8356204
15462469
10352547
5281301
3763642
13509051
22117221
1193721
21448493
14356525
16201502
8441099
10087789
16751390
21094817
7212025
21514797
146521
7446996
23602945
20999576
4177288
5869440
4113505
2915298
22780884
6652291
18876767
815871
16587564
6435031
18484348
19946333
13124904
15286635
12410381
11330033
3440207
2523564
17356265
9963990
1412325
19079428
7189556
12855871
18845021
7810633
1912770
7421194
22770849
5221
11594772
6609049
4592166
3490402
7318493
20287539
20785557
22055629
16510842
8964706
23943140
6690730
23675811
14625028
6316692
5810982
155589
5446237
9335324
16305634
21495692
271386
1510325
23882676
8849631
4946859
5856277
453281
15967634
8764376
21230655
19741196
3123665
5370774
15321572
15911796
7077257
24256805
24605241
11730042
3593064
8890229
5646790
7772268
4399989
4462310
18944058
18936986
19918818
2279521
7827270
6376079
20140570
11434990
21131700
5895180
10342385
19141262
23639492
18690532
10644170
3197985
4931438
15712439
831832
21640222
8411294
6316810
20842326
47366
20270669
2055183
2275712
12771140
15670852
17707344
18656956
10755698
14208073
6222683
2206598
23899075
8436731
20097487
24454186
20243227
2831372
22152497
3509231
14687707
11475670
16014962
19267587
13957188
7999987
16491132
5236152
9136773
2477791
11220969
18899318
19620393
23895675
17189429
3930368
10804096
21156428
1729132
4830277
7480053
6469536
22863706
15682661
16768018
12569109
20650338
9753350
7272764
9473489
16683861
4184781
20547067
23286857
17347553
12775837
13350725
15111459
14228946
3629491
7183848
15024371
18654618
18573750
18000875
3466979
3467056
5619225
24023392
7951788
1582876
11001480
19938054
15522084
19778343
18824222
16392159
8782908
5481303
3243416
2852459
18223956
2338963
23099450
10924212
3865862
9449184
7272625
8777717
12453023
17867994
210220
16979459
5442860
15191968
5306060
14370753
2348486
20856594
3042134
19148931
3717095
13217735
3343167
16870567
7429730
6029767
10517705
19511986
14510836
5614686
2440623
5204131
780386
24345995
1978408
12051257
4360021
6559015
2476752
954846
7907223
5434012
18416795
7158658
15962007
16005953
12092720
5432724
12759539
13364336
10884447
21521016
2126551
6513621
11662639
24141961
9606834
15504996
570459
9953420
17671322
7078334
11502927
9618860
18073331
6008294
23514853
20844341
23288318
15998169
3692284
16449894
17212068
13562237
10635161
11230681
10148484
8972962
20669103
21021185
14476301
9408870
17306639
17490653
11916645
15181156
14428662
12534999
3092877
14677218
12222271
17858245
17396020
16829207
5259813
8526123
14882524
1387840
562992
20958377
15645735
10142069
17461100
24279557
17269601
3050967
2779870
11623940
15430566
11394796
19550983
2309556
12552022
23484689
5766242
15800599
11927648
14293993
14233137
7282232
15606336
8741680
10430322
24185043
4707305
14501611
17821656
16701455
16503335
10275213
4444544
23606107
21411047
8401836
23272683
5863881
4299765
13200186
21646952
10289620
19596463
18265734
1676996
2713357
6802030
3667515
23061157
4840265
13940391
170283
20130434
13282302
20263308
3370151
16954923
10079855
15867355
22630732
11221039
1965829
19499835
19668763
22024369
6047722
17858746
12948785
13275966
4699099
4768423
4827082
9453318
14384364
18473702
19901598
10335148
17296018
19537274
2093932
17155425
8662493
10280190
4896969
12863274
22397809
9481766
23837376
2655998
11431819
16094203
2498326
19166756
13964077
5284880
12826470
2982373
20834324
5475793
18884694
5927021
1134240
12143168
23317517
24316011
18624968
7356987
9752143
10639742
13809027
14751663
14460285
10057311
13463687
20267767
15478338
19390580
12911077
23428546
18492166
12251744
12331822
17769500
4983564
8944512
11265834
5603534
1596245
6096046
18792304
8724324
6887416
14133355
20978962
22531283
17519106
8569809
10270180
13065096
22482473
14762397
3787098
22498846
2002474
2391888
3484743
20948673
10992723
22173530
6014665
2907762
18999684
4160421
20532837
18702538
20890106
11851476
10224095
21550748
5089403
14606284
8307216
1733449
18496635
13994178
7579661
23014292
23357101
22451633
18505599
22973524
19692079
16889068
13298634
15048382
6267005
1338431
3568337
7817903
18093500
11794077
14136290
5437571
23130781
11779068
15313691
23309877
9149893
15531532
12024620
8151772
22335107
23684679
5858016
7617784
22941546
19548109
4033754
14717840
18147468
10360612
23422572
20367511
16807275
2868361
9943226
17891669
7621658
5140955
7817924
17081825
6433473
5044294
3110025
9186277
12669744
19603197
9501039
372484
15182279
11187756
12031191
19635110
2767404
18853804
15701300
11417734
5878958
784638
6647761
7397640
6537904
20186693
6756993
384700
24454418
15101537
3040789
22677775
6179188
19364081
3432459
2845645
22524605
21736888
4095884
1850667
1102633
21850352
3571053
7929659
15753289
17380299
14878768
5124896
3203152
6362794
14142987
7727080
15254898
24133559
16735580
8984478
4924897
2318888
11466229
7481476
18922365
9244673
3563563
6930960
22420083
24473440
16424711
14324474
15948145
22551458
5224443
20493907
19246101
23806575
2128290
406605
23614079
21143830
9192150
3875117
3449884
23046843
8511261
21369471
21831165
18142931
9374895
3285090
1338731
14683581
19076881
7895895
9275982
22662383
23913262
18213115
17163048
17855163
21816254
16819568
16666858
24602835
10048060
14485842
3680890
17875488
3979798
20173179
1904260
10887098
19256761
13583954
876947
17699471
22852751
8104777
15214179
739232
11591103
21217201
17460961
19991829
14528594
19450813
19495926
18333192
19178234
18853482
20853032
14152511
17443486
3938765
7330718
3163707
12208598
20149443
6517348
20362537
2744681
14320435
8551843
3251349
10480891
4206297
9971799
13369487
10064447
9588980
6943629
3551342
19981500
17233852
10942541
24546032
8292887
22607839
21322454
10613746
23749348
17066474
16790367
961680
10498447
5518257
16039532
3734288
3903160
17703639
20464404
22698894
8881513
16082025
6787687
21884219
8432176
20498161
15000680
8572451
7951392
21286456
14874115
23539280
22146584
18581189
17920130
19884391
16090567
8638695
1241381
13975960
12286546
5866966
21775706
22178277
13501334
16364550
11882874
2384847
3157838
3437994
9112507
15425629
19647766
18786892
20078207
20066499
20802257
723598
882443
21453756
16352353
20669042
20971253
420173
15392157
22538202
9287923
12924835
1378713
23207109
12695501
8703219
5759182
1842717
18709379
21204467
19332913
23913
2800778
10120397
2366725
24162225
13741815
3726131
14549261
20647464
17132325
12381650
5595327
11654441
4376361
4213914
2756142
20344361
22004110
24428905
523498
8726711
18031613
24233211
2197273
18534207
10362050
8800945
10190816
3788941
18818732
19100639
9685618
12736022
19479212
15016306
20116274
22307723
22193788
22092480
7636577
15974543
22103446
22924547
20658294
21123813
682464
418099
503509
11256363
10832341
309743
13447739
3496108
12764522
723305
23614721
1203152
15182259
8118453
22547124
1867493
4533171
8740988
18362799
17509815
3675579
17327698
18520378
17732815
20715302
7919867
12031865
6866683
15677932
7089528
23291216
19448698
20474105
18200419
12376887
10744875
21459387
4078282
2051224
17607392
489977
143749
18513194
830009
13909083
20302308
23184222
15038443
9416373
5853817
8692692
16472147
18106515
845379
24217341
732119
7612323
11908181
1185923
22519146
24273591
20958750
5652708
8530296
4690759
2922159
4802401
13757958
11495984
11972716
9723762
22645726
10227849
18347494
3973526
8134077
9860193
23949737
12389840
4391924
5357025
23075688
15327901
14627227
9105946
4309160
2730481
21085302
14493121
17361607
14595950
7867145
8809792
10691931
1002833
7068611
21748040
15645098
22801653
85854
24172758
13928063
8175547
2810247
22845549
14589079
9623750
23399428
15894105
11826059
20573716
14367227
15384233
21441849
22788120
23763939
9788975
17552847
5980121
9809136
2106236
15140072
16267207
13157059
22142949
20416604
11042864
6550024
20209955
12498804
19101080
20880824
266230
18985674
11319825
3143168
5371109
21298385
20606569
14419124
19744611
10820423
16398388
1863947
24519695
13637713
24241642
14049151
17275715
4054628
14057368
11302676
10954635
5563264
1483880
19415454
22652953
17165794
2083758
10169928
16775502
16509586
2945270
14256237
12634228
22018884
4779299
11935128
12356805
21222764
23447771
21112839
22133801
11205661
22577783
21473829
8563330
6707216
22992448
12001122
982817
2342362
12999216
7061312
13786234
21887302
13510123
6754295
23256183
10242829
5741803
15554016
24200982
21716997
18395507
8202600
2836702
7371055
5332014
11405762
12694787
19424864
19941697
13842587
2754156
3949911
19641280
10514515
4654127
10378183
4868276
14168644
545598
5278060
6849747
10609893
21671887
7796747
4848730
5010566
4852581
21605580
14037526
15934870
23308922
13126738
20524302
14925337
9878269
4383147
5414302
24482326
10656436
7414549
1133571
12716534
14457649
17880914
6365427
11020657
18240399
8049756
2068940
5462205
18279938
10202681
15033304
1222803
24297979
22847633
7609611
22724655
131698
2046401
19590242
10123476
859125
10345603
21364326
19630337
13969957
21194958
21354394
5406823
2048135
14892651
23490058
17715888
13892121
14671194
12894330
12987325
22000196
5026470
15780275
2896253
18586332
19118149
7257889
20110453
17951843
4926788
4970542
7005808
21834692
625661
15810592
9779542
23252669
3025068
6771695
16384171
24326960
12022081
8756035
14277321
23115088
9576820
5506289
10043457
575699
24580486
12076883
7673284
3478690
3597425
14539881
12106663
11621139
12582290
5034354
1291738
1317410
13175787
7129106
6506573
2156453
9028758
22856628
11039012
18667934
708666
6172789
17268383
23370558
1590331
6971354
21950719
13671383
3485444
9901192
13310200
17682511
1888240
19061229
21155509
496308
1783350
2738604
7570611
18638850
20944091
8189250
15850998
1791758
16844838
7791486
18447592
12972105
24236114
10395221
9171025
284301
652556
5564730
13793614
4576535
14962243
14388742
20553281
16240338
14264848
4182930
6699124
1102141
19781989
20709728
6257843
6334953
16991314
23266887
16802959
12062840
10839410
4911002
24414502
13539045
5743816
9553520
20503995
15920544
16621794
12182618
22147885
3500142
8250262
2763245
22518868
15724131
1920628
16388740
7399958
22866318
7733996
598348
6722429
7865159
17782522
19190611
4303723
7801741
18944280
21751298
16599710
9597893
20701480
6217944
3967843
7112599
19205646
3377739
11820409
22399880
17037455
15145387
14116312
7941786
12574051
11312866
7875779
17201831
21625205
15653704
22433775
3834519
1311847
2102856
8128077
8539444
18280657
6895578
20210849
8554462
2337781
17465404
24223154
1767495
12260976
16432620
5320041
18794674
13481809
5538308
13883161
14597022
15460603
8949609
23543512
17256638
17547049
22808808
23740561
15939422
8418040
4702678
24286194
16295575
7650383
13518884
1356901
605100
18125178
20310895
4243502
3828385
20793643
19258020
1146397
14755589
10631644
11512078
633152
1452901
22259537
16131553
12740448
22350284
17648453
23394162
16548068
10721055
19058637
2888880
15592795
23783846
12484884
688413
21511640
10624206
10759587
1344954
20969010
17527499
9050224
20177537
947453
14249800
16102608
9979401
23444946
23919135
5822592
23899937
19444650
18130706
10590205
16962042
4796573
4774996
10694163
14286040
17444559
1176819
22430614
8017263
23173742
21854465
16436426
7014909
24118735
19870143
6266510
819072
20481680
14768642
21181825
18100803
6213177
589596
19427270
69096
18541300
17983016
17640284
8257030
236673
6609079
2671714
11938091
16131914
21058345
16066226
10140752
23646531
4878610
12464863
15025066
23322939
14092231
6582719
3316764
11591081
7347858
23477956
22330624
17579824
19037458
15638351
3324153
17779502
11875876
22560990
8662016
15549606
16723837
854503
5886923
23772120
8766092
10026615
17458195
18317450
7586457
17000486
21224184
8349719
22672112
2661883
9993981
21975694
12149906
8242038
8672227
16968835
1781595
11739334
13440115
18601150
11071296
3636342
1836835
19685762
18164100
19464080
2243171
23281336
19924041
11325191
12060297
21541294
22862668
12957734
12817736
15721012
12059063
5519496
23795968
14938099
18116707
7035858
16244620
18409930
13760975
7708939
22703738
15483729
22302230
3874927
11651829
18451712
12518130
1456470
6910135
6449081
22808447
4434558
22766956
11559793
5164819
22891377
19737071
10132923
11617924
13713630
7197688
6975781
17185508
4012570
11720432
24500720
12459618
14555190
7762770
23577766
6104758
397998
17177609
2823281
5580771
5936010
12416443
22809020
7366318
18204397
9070465
5773061
6658338
16329172
2213360
2445556
14883923
21173106
3830064
13101668
497139
2451873
18802042
1440085
1799837
13141818
12794352
8939179
10268085
6079634
3553965
4605104
78120
15643050
11270884
10867326
22718390
4541887
15400110
7512102
20687910
17872233
23821450
10195514
9050137
24331168
15452074
7221696
13800640
5564236
22190325
2697901
3888538
22868537
15966104
14732499
14701653
14567618
23080083
19192316
6498930
14340722
4548086
14555735
18981870
14078892
17434576
17925308
2549758
2414142
2235095
11221971
789813
9659926
15822553
20587882
15374255
3394421
13077480
12063705
2673693
886003
20003769
5177869
15965888
7386640
13208303
3855077
6284951
17008762
15217023
12239882
4562391
1535706
24296121
7327179
15342210
7639372
19994102
19768366
3457988
23734053
2021802
23726041
17379119
22712795
22729455
4939309
18064085
22600921
12671503
8027042
4120994
6394319
19111017
13997439
18909720
1273831
8844776
19727299
9800287
7845628
9251320
10664493
9061420
4342454
17658029
22868360
10717264
3305819
12114991
7857866
13342096
1171376
9224253
10581146
13932337
3622264
20743620
22457381
2178096
6690406
