43 25 55 40 39 45 10 8 49 29 48 32 31 17 20 13 59 14 54 60 7 36 19 46 42 21 52 2 50 33 34 64 38 28 23 16 27 57 24 84 73 72 3 71 75 81 82 80 11 76 67 70 78 4 88 68 96 87 26 89 22 92 30 95 100 41 97 51 94 77 93 99 98 5 83 53 6 35 86 37 15 85 12 44 18 9 47 91 65 90 62 56 61 63 58 66 69 74 1 79
44 28 9 21 54 24 12 49 43 25 39 55 3 30 47 45 35 59 2 8 15 31 42 56 6 37 51 57 1 60 38 53 29 27 69 32 16 34 36 11 48 62 13 75 71 41 77 74 46 73 84 72 83 26 93 81 78 23 85 68 17 18 90 80 20 40 100 97 99 7 10 96 4 52 19 14 50 98 5 33 92 86 95 94 91 22 88 76 58 61 89 67 63 66 64 87 65 70 79 82
24 52 33 29 44 54 22 20 50 53 40 18 48 25 49 12 55 47 61 6 27 34 28 37 8 15 38 42 2 1 35 26 3 45 21 59 19 9 31 74 63 80 81 79 68 65 60 64 30 69 23 36 43 70 83 46 67 62 13 5 51 95 75 82 86 90 94 100 88 4 72 41 14 99 85 96 7 10 16 32 17 97 89 98 11 93 57 39 56 66 76 58 92 87 84 91 78 77 73 71
17 20 53 30 56 21 14 50 25 9 38 54 42 6 35 23 1 51 7 13 36 46 59 8 47 44 32 22 45 39 5 48 31 49 2 33 41 43 66 24 10 76 80 67 81 64 71 63 77 68 75 74 62 3 86 87 65 70 69 73 19 57 27 98 15 92 58 16 18 96 100 12 78 97 4 28 99 26 40 29 37 52 11 93 34 83 61 55 94 82 88 95 60 90 91 85 84 79 89 72
19 55 58 33 23 39 42 3 57 13 15 26 34 37 11 9 14 31 48 21 20 4 61 35 46 6 59 27 53 51 16 50 47 22 28 2 29 52 17 67 77 5 45 1 43 25 41 71 49 90 7 68 18 73 10 64 56 82 92 79 24 78 36 65 8 62 93 30 74 44 98 32 40 100 99 95 38 97 66 12 69 94 96 89 87 86 63 88 54 91 60 80 83 84 85 70 75 81 72 76
15 49 32 6 29 51 21 18 35 45 50 56 52 55 57 43 24 37 16 48 5 10 30 53 59 26 36 28 4 25 11 40 44 2 22 17 47 46 39 34 31 41 72 14 9 27 81 33 79 94 76 12 74 89 62 3 87 64 7 67 20 61 69 13 71 85 19 58 63 70 42 98 91 8 38 100 96 1 88 86 97 23 66 99 92 60 95 54 93 77 65 90 78 75 83 68 82 84 80 73
47 43 46 11 42 18 32 29 2 57 9 14 51 22 24 19 33 39 5 37 48 3 41 30 34 55 21 8 6 62 15 20 25 40 44 45 38 23 49 54 70 27 10 31 36 76 13 1 65 85 80 79 71 35 75 66 88 69 50 7 4 67 64 68 53 26 96 92 83 97 94 17 12 98 58 99 100 52 56 16 28 91 60 95 93 63 89 61 86 87 77 82 74 81 59 84 73 72 78 90
53 47 49 20 8 6 50 54 30 17 44 52 10 40 43 25 45 15 28 29 2 58 24 31 36 1 46 33 34 21 7 5 26 48 38 35 37 32 27 39 23 51 41 64 72 75 63 69 12 14 57 11 73 19 13 16 74 67 59 55 85 87 89 3 56 4 42 22 9 90 91 95 92 94 18 98 88 100 99 97 62 61 65 83 60 80 84 93 66 96 79 68 86 70 78 82 71 76 77 81
2 37 29 23 49 30 24 44 11 48 53 4 45 46 38 10 6 43 51 42 28 8 36 58 50 34 61 21 5 9 1 35 14 25 40 15 78 74 3 31 33 77 19 69 41 16 47 20 56 71 63 22 12 57 90 70 32 55 76 27 54 89 26 52 75 66 13 18 87 17 39 93 7 96 95 97 98 99 100 92 72 68 91 88 94 65 60 84 80 86 59 81 62 64 79 83 67 73 82 85
45 12 31 41 5 42 26 53 44 18 56 1 17 58 48 4 50 61 47 51 43 33 23 32 11 29 25 7 13 16 66 34 54 55 3 46 2 22 40 81 24 10 73 28 49 36 9 27 75 74 59 38 35 63 8 30 6 71 37 80 65 68 52 97 70 14 21 64 95 60 20 19 82 57 96 15 93 39 98 100 99 90 67 92 88 94 76 89 87 62 72 86 79 91 69 78 85 83 84 77
12 30 1 25 19 53 13 27 26 51 21 20 44 34 18 7 10 49 32 43 38 17 33 48 41 36 14 61 46 35 29 22 4 52 42 9 5 64 2 6 54 37 78 65 45 47 40 72 71 28 73 39 3 69 23 8 63 77 16 31 62 24 50 60 80 58 70 89 11 95 15 57 79 55 91 66 56 83 92 98 100 99 97 68 59 96 94 67 85 84 87 76 81 93 86 90 88 82 74 75
52 51 39 35 47 50 23 38 5 20 36 40 49 32 3 54 46 12 6 27 19 18 9 25 17 24 37 30 60 42 33 29 62 34 41 22 7 28 44 1 43 4 14 15 11 53 79 73 16 75 65 76 67 92 72 31 84 57 71 13 69 8 2 61 26 10 45 80 21 83 63 89 56 93 59 91 90 95 94 99 68 100 58 55 97 48 64 96 88 70 98 66 82 86 87 81 77 78 85 74
29 17 41 48 32 47 52 9 14 23 19 36 26 49 13 44 57 18 11 54 45 42 60 59 56 16 35 37 8 15 58 3 50 31 6 40 20 25 34 51 2 30 38 12 78 1 33 4 86 77 5 71 64 72 21 10 28 7 53 90 79 63 22 24 87 65 55 46 39 88 84 68 27 67 93 85 43 66 96 95 98 73 100 61 99 97 62 83 70 69 91 92 94 80 82 74 81 75 76 89
30 39 37 52 25 49 53 43 47 44 17 9 4 51 12 48 19 26 50 36 24 45 46 16 58 33 42 34 40 14 21 8 35 29 11 31 6 41 32 15 13 1 20 80 55 3 64 18 5 27 2 86 68 71 77 28 76 89 10 38 7 65 62 63 60 70 69 85 57 54 82 88 95 23 56 22 94 92 59 87 61 98 99 100 96 67 66 81 74 93 84 91 97 72 73 79 83 90 75 78
40 18 56 53 7 52 9 47 48 24 49 43 21 50 32 14 38 58 25 23 17 37 31 44 27 60 15 64 39 59 4 36 57 8 34 19 28 45 33 35 68 2 1 3 26 13 61 5 80 6 66 29 84 30 51 71 41 85 82 69 46 10 16 55 67 20 12 65 42 78 90 54 76 22 63 93 11 96 62 88 95 92 98 86 100 99 70 87 72 73 97 89 77 94 74 75 79 91 81 83
4 31 51 1 30 16 35 32 54 12 42 48 18 44 61 49 15 57 41 14 52 24 38 21 40 2 53 56 25 37 6 58 39 47 46 8 34 50 45 76 19 43 68 13 67 29 28 36 27 9 22 33 7 17 11 74 72 81 70 23 75 20 3 5 64 82 26 60 91 55 62 79 63 10 97 59 95 73 65 96 85 84 90 87 98 100 99 69 78 71 66 93 88 77 80 94 89 92 83 86
35 5 52 45 40 33 30 12 53 49 25 29 1 43 54 24 51 36 9 18 47 57 2 23 44 46 48 10 61 56 41 42 34 13 15 38 59 17 50 32 16 58 39 6 19 8 27 31 4 11 68 73 75 78 7 26 94 28 14 77 37 66 55 81 3 69 80 62 67 22 21 84 97 60 20 64 65 63 93 71 87 89 74 70 72 98 100 99 96 88 82 79 85 83 92 76 95 86 90 91
50 16 20 31 26 43 3 46 24 52 35 21 47 2 55 30 7 17 34 59 44 15 1 49 51 18 12 32 11 6 45 38 48 54 25 41 14 4 28 42 22 29 37 40 13 23 36 39 9 8 53 77 5 33 65 27 71 66 67 81 74 93 19 70 73 56 75 61 84 62 64 10 58 63 72 57 87 60 97 90 82 83 68 85 95 78 98 100 99 80 92 69 76 79 94 96 86 89 91 88
8 26 38 16 53 46 11 52 55 32 10 58 27 31 30 3 22 35 29 39 14 43 5 18 48 41 9 24 49 36 20 44 61 15 51 42 17 21 1 47 4 50 7 45 33 40 87 19 72 78 34 37 6 86 74 60 25 73 54 70 2 28 56 71 23 12 85 68 65 69 13 67 66 62 57 89 76 94 83 79 59 95 93 64 63 91 96 98 100 99 90 75 84 82 81 77 97 88 92 80
33 50 17 47 16 56 51 6 19 54 20 13 14 41 52 53 26 48 40 10 35 39 3 38 32 4 7 43 24 55 42 59 23 5 9 67 45 2 8 22 44 34 74 68 31 37 15 28 29 36 81 30 82 76 25 78 73 21 66 65 72 11 84 18 1 46 62 49 61 12 27 63 75 85 94 69 57 91 64 93 71 58 83 60 70 90 79 86 98 100 99 87 89 96 77 97 92 80 88 95
