0
12
21
0
28
43
4
1
29
24
0
1
2
13
23
23
23
8
19
19
0
16
0
4
21
16
5
27
22
11
0
21
31
20
19
27
1
20
11
15
5
18
8
2
5
24
6
9
13
8
7
5
38
19
7
18
25
32
26
26
10
25
24
5
2
18
9
5
13
2
0
1
16
12
28
10
40
29
1
16
0
30
16
0
3
6
14
10
6
32
5
10
6
7
0
22
0
2
0
23
4
27
28
13
0
1
9
4
18
6
22
18
20
23
27
8
10
3
5
10
7
25
25
3
35
0
24
4
12
22
28
27
16
34
20
0
12
3
25
0
35
7
16
26
35
30
35
0
17
24
10
24
2
0
23
26
33
3
13
24
26
21
10
2
1
9
27
5
0
15
17
11
15
31
6
23
15
11
26
20
17
9
19
18
2
13
10
31
8
1
19
18
3
0
26
14
19
2
8
9
6
1
0
26
38
1
22
18
2
1
8
9
6
7
0
20
2
0
30
4
26
0
6
11
39
8
12
23
21
12
5
6
13
2
3
20
24
11
30
12
27
5
19
4
1
1
22
22
2
9
16
1
1
0
2
10
32
22
2
24
0
29
4
3
27
1
26
1
19
20
29
5
2
3
17
21
1
22
10
12
4
13
15
11
17
3
24
5
0
2
1
11
19
3
23
0
27
10
28
13
8
19
26
0
6
12
20
11
41
27
18
21
20
33
0
19
35
32
7
18
1
13
36
38
3
10
8
27
23
1
5
1
7
24
0
1
31
0
12
21
11
17
8
28
0
32
0
15
28
12
9
7
16
26
32
25
9
12
1
24
11
11
1
1
2
4
27
14
25
2
2
4
27
5
33
0
21
40
11
7
15
21
8
5
28
6
40
0
3
3
16
21
25
0
0
0
15
5
36
30
5
14
30
15
0
14
13
12
0
0
39
15
9
13
24
3
13
19
4
0
25
1
8
26
21
28
22
17
2
14
4
6
0
8
22
21
13
18
8
25
22
23
0
39
1
25
19
2
21
29
3
2
32
19
0
23
14
18
17
29
3
37
22
12
22
29
10
0
0
1
2
15
21
2
26
19
33
5
19
1
11
10
19
33
6
19
10
20
0
27
6
2
10
3
22
0
28
12
22
15
11
22
7
3
2
1
18
15
6
2
14
11
36
0
6
9
2
16
0
36
29
35
6
20
22
5
6
6
10
15
17
9
10
37
1
21
15
2
2
8
0
9
3
13
8
11
28
0
10
22
13
4
6
20
27
0
22
23
12
7
6
3
31
17
26
3
9
0
13
33
13
13
17
16
4
33
19
1
24
18
14
6
19
38
17
5
18
29
6
7
1
23
12
33
22
7
4
11
27
16
