96
91
97
91
91
89
88
91
95
98
99
91
96
92
83
81
85
85
93
95
90
90
97
87
93
82
95
90
83
95
96
94
98
92
97
97
90
97
90
94
95
94
89
99
93
93
96
99
96
96
83
93
95
95
91
90
95
89
90
91
90
88
94
96
89
99
85
95
99
93
92
97
94
96
93
91
89
87
93
98
82
91
88
85
92
90
89
96
89
95
93
86
88
92
93
96
89
91
94
92
97
94
97
89
95
89
89
84
95
91
90
89
98
98
95
94
95
93
96
91
95
93
93
92
94
96
89
95
87
98
97
96
100
96
97
89
94
92
97
93
94
96
95
96
95
87
97
96
92
94
95
95
92
93
83
94
97
95
91
97
88
88
96
94
98
88
96
93
88
94
95
94
86
88
96
94
95
91
91
97
94
96
93
99
96
95
95
83
84
95
99
88
88
97
95
93
99
89
91
96
93
93
89
89
85
92
98
93
95
93
93
94
93
98
96
93
94
97
90
95
93
91
97
97
98
86
98
98
100
100
89
95
94
94
85
93
87
97
97
90
94
96
95
95
90
91
97
94
89
97
97
97
98
98
97
92
92
95
94
88
95
90
90
91
90
94
89
91
98
91
96
99
98
92
93
83
94
97
97
90
89
97
84
95
97
90
91
97
95
97
93
87
93
94
90
88
98
98
99
93
89
92
94
92
95
96
93
95
90
94
90
95
87
100
98
98
95
97
94
98
93
92
87
90
92
97
92
89
97
99
96
94
94
92
98
95
90
97
87
93
97
94
94
91
97
93
92
85
92
97
91
93
84
89
96
95
93
89
95
100
96
96
95
89
100
96
88
96
98
98
96
91
90
96
95
91
90
98
99
96
99
89
98
97
90
97
94
93
94
96
98
85
93
94
95
90
90
97
87
96
97
95
88
99
94
91
87
88
90
96
97
93
100
92
90
97
96
91
94
97
86
98
97
93
91
83
95
95
90
89
92
98
89
95
87
93
93
97
94
99
85
99
98
92
96
98
93
91
97
90
99
83
94
92
96
97
93
87
95
96
95
93
89
95
93
90
94
97
87
97
98
97
92
93
94
99
96
94
92
98
99
97
93
93
100
95
87
90
88
95
97
95
97
89
98
97
98
94
93
84
95
98
96
98
87
99
94
90
98
92
98
96
92
87
91
98
93
90
97
94
96
92
93
88
98
97
93
94
93
95
95
95
95
97
83
87
96
82
93
95
91
96
87
96
88
90
94
94
90
93
94
94
94
89
97
95
91
97
88
95
88
92
90
96
95
92
97
89
92
96
97
98
95
94
89
92
97
97
96
88
95
95
97
99
95
95
93
95
98
87
97
92
96
99
89
96
92
99
94
97
95
94
94
95
97
94
93
95
94
94
93
97
95
92
91
97
96
99
90
91
94
95
94
98
92
100
96
92
94
98
91
96
96
96
86
93
95
90
96
95
93
97
91
93
98
93
90
86
94
96
86
98
91
95
95
98
93
94
93
94
89
90
96
86
81
99
99
90
90
96
92
94
96
96
86
94
92
98
94
94
88
85
96
97
83
96
94
93
94
91
95
97
93
86
85
99
87
92
93
94
83
92
96
82
96
90
95
98
85
92
97
81
86
93
88
97
100
96
94
97
96
93
90
95
92
85
96
98
96
91
93
99
92
97
87
96
94
92
83
95
89
92
98
93
96
92
98
88
96
93
91
95
98
95
96
96
91
99
94
88
97
96
91
96
85
92
90
91
95
89
96
93
96
91
98
87
88
97
94
93
94
98
92
94
92
97
98
82
94
99
90
99
94
96
100
94
89
92
92
95
94
97
93
96
98
94
98
94
97
90
97
92
96
97
94
97
96
98
96
92
99
90
98
93
95
98
97
96
97
93
92
96
96
93
90
98
88
91
98
90
95
91
84
97
95
93
96
93
85
88
88
96
92
93
92
95
95
97
93
93
95
92
95
92
93
93
95
96
97
92
93
83
98
95
98
96
93
98
93
98
93
86
94
92
97
94
99
95
93
96
72
90
95
85
95
96
95
95
95
90
92
97
93
88
87
97
87
91
95
96
89
94
99
99
92
92
96
97
87
75
99
93
84
98
98
85
98
90
96
90
97
93
93
97
96
95
97
96
88
99
86
83
91
94
91
90
96
86
98
90
91
85
95
89
98
86
95
99
91
92
94
90
96
98
94
86
94
96
91
97
89
86
94
89
95
96
96
94
95
86
96
92
98
97
98
90
92
93
96
95
96
94
97
94
83
90
94
92
93
93
