12
11
6
11
0
13
14
4
2
3
18
0
0
9
10
16
10
5
18
5
14
2
25
18
0
13
0
14
22
8
19
1
0
0
32
0
18
18
18
26
2
20
24
18
12
8
24
3
7
16
29
22
12
1
16
5
9
12
3
4
5
5
23
26
10
12
31
2
12
6
3
23
29
22
1
2
12
3
17
15
28
14
3
20
21
23
16
15
17
27
1
1
17
13
1
7
25
17
17
18
5
19
1
13
9
2
4
4
6
1
17
22
13
12
14
1
3
26
9
25
0
8
0
9
6
24
15
0
2
4
0
17
0
2
19
5
24
3
4
4
0
17
21
19
25
3
23
20
3
1
20
2
17
17
5
27
25
10
17
5
13
23
15
25
19
27
2
9
0
0
20
19
5
7
0
2
11
0
9
12
1
8
0
22
25
16
18
6
3
21
3
4
5
13
13
4
10
0
13
18
