0
2
4
4
7
0
2
3
7
1
1
11
2
6
0
7
0
10
0
2
5
13
3
0
1
0
0
3
3
0
2
2
1
2
11
7
13
8
7
6
10
2
4
3
1
0
1
6
1
4
6
4
8
11
1
7
13
7
0
5
3
4
7
10
5
2
4
8
0
1
6
5
0
3
0
6
8
9
4
4
1
9
6
4
7
0
4
1
6
7
2
0
1
6
11
2
10
4
0
6
11
1
7
7
8
6
0
4
2
0
2
11
3
0
4
0
6
4
15
4
9
1
5
0
6
1
5
7
1
2
4
2
5
3
2
1
0
0
10
3
1
8
11
8
11
0
7
4
5
7
11
18
1
1
1
0
1
7
5
7
14
5
6
16
0
0
4
0
0
3
0
7
4
2
0
3
0
7
12
7
10
0
10
0
7
7
6
7
1
7
9
4
3
8
1
11
0
8
3
4
10
1
3
2
3
0
6
0
1
2
5
0
9
0
1
2
0
10
0
4
2
1
0
1
5
3
7
11
0
5
0
0
3
4
8
1
9
3
1
13
5
11
0
0
5
5
0
5
1
3
5
7
7
1
0
0
1
2
3
0
1
0
7
0
7
8
9
1
9
6
0
0
2
0
0
0
3
6
10
3
3
1
4
2
0
5
2
6
5
3
11
13
0
13
0
3
10
0
2
7
5
3
1
1
2
11
1
1
2
6
3
7
8
2
0
3
7
0
7
4
4
0
0
1
13
5
4
0
12
0
9
2
8
6
0
14
3
0
2
1
8
0
5
6
0
8
9
1
5
0
3
2
8
9
6
10
10
1
7
3
3
1
7
1
3
5
5
3
6
4
12
6
10
6
0
0
0
3
3
0
2
0
1
8
3
0
5
0
4
12
1
5
5
0
8
11
0
0
1
5
