Case #1: 3 264
Case #2: 3 25
Case #3: 3 26
Case #4: 1 21
Case #5: 1 2
Case #6: 94 139
Case #7: 3 382
Case #8: 3 258
Case #9: 3 213
Case #10: 3 138
Case #11: 3 351
Case #12: 0 1
Case #13: 7 9
Case #14: 2 10
Case #15: 88 140
Case #16: 3 347
Case #17: 3 233
Case #18: 3 9
Case #19: 5 23
Case #20: 2 12
Case #21: 3 343
Case #22: 2 26
Case #23: 22 112
Case #24: 21 2
Case #25: 2 34
Case #26: 3 133
Case #27: 3 128
Case #28: 3 280
Case #29: 3 226
Case #30: 3 133
Case #31: 3 212
Case #32: 0 62
Case #33: 6 2
Case #34: 3 338
Case #35: 155 225
Case #36: 2 13
Case #37: 398 1
Case #38: 86 137
Case #39: 83 124
Case #40: 3 389
Case #41: 0 1
Case #42: 97 106
Case #43: 3 263
Case #44: 4 19
Case #45: 1 13
Case #46: 95 149
Case #47: 3 251
Case #48: 3 395
Case #49: 117 173
Case #50: 3 201
