........................
....O.....OXXOXXOXXO....
....X.....X..X..X.......
....X.....X..X..X.......
.OXXO.....OXXO..O..O..O.
.X........X..X.....X..X.
.X........X..X.....X..X.
.O..O..OXXOXXOXXO..OXXO.
....X..X..X..X..X..X..X.
....X..X..X..X..X..X..X.
.OXXOXXOXXO..OXXOXXOXXO.
....X.................X.
....X.................X.
.O..OXXO..OXXO.....OXXO.
.X..X..X..X...........X.
.X..X..X..X...........X.
.OXXOXXO..O..O.....OXXO.
.X..X..X.....X.....X..X.
.X..X..X.....X.....X..X.
.OXXOXXO..OXXOXXO..OXXO.
........................
