...........................
.OXXO..O..O..O..O..O..O....
.......X..X..X..X..X..X....
.......X..X..X..X..X..X....
.O..OXXOXXOXXOXXOXXOXXO..O.
.X...........X..X..X..X..X.
.X...........X..X..X..X..X.
.OXXOXXO..O..O..OXXOXXOXXO.
.X..X.....X.....X..X.....X.
.X..X.....X.....X..X.....X.
.O..O.....O.....O..O..O..O.
......................X....
......................X....
....OXXO..O...........O....
..........X................
..........X................
....OXXO..O..OXXO..OXXO..O.
.........................X.
.........................X.
.O........OXXOXXO..OXXOXXO.
.X...........X........X..X.
.X...........X........X..X.
.OXXO.....OXXOXXO..OXXOXXO.
.X.......................X.
.X.......................X.
.O..O..O..O..OXXOXXOXXO..O.
....X..X..X.....X..X.......
....X..X..X.....X..X.......
.OXXOXXOXXOXXOXXO..O..OXXO.
.......X..X..X..X..........
.......X..X..X..X..........
.OXXO..O..O..O..O.....OXXO.
...........................
