........................
....OXXO..O.....OXXO..O.
..........X...........X.
..........X...........X.
.O..OXXO..O..O..OXXOXXO.
.X...........X.....X..X.
.X...........X.....X..X.
.O........OXXOXXOXXOXXO.
.............X..X.....X.
.............X..X.....X.
....O..O..OXXOXXO..OXXO.
....X..X........X.....X.
....X..X........X.....X.
.O..OXXO..OXXO..OXXO..O.
.X.....X........X.......
.X.....X........X.......
.O..O..O..O.....O..OXXO.
....X.....X.............
....X.....X.............
.OXXOXXOXXO..O..O..OXXO.
....X..X..X..X..X.......
....X..X..X..X..X.......
.O..O..O..OXXOXXOXXO....
.X........X..X..........
.X........X..X..........
.O..O..O..OXXO..OXXO..O.
....X..X..X..X........X.
....X..X..X..X........X.
.OXXOXXOXXO..OXXO..O..O.
.......X..X..X.....X....
.......X..X..X.....X....
....OXXOXXO..O..OXXOXXO.
........................
........................
.OXXO..OXXOXXOXXOXXO..O.
..........X..X..X.....X.
..........X..X..X.....X.
.OXXOXXO..O..OXXOXXO..O.
....X........X..........
....X........X..........
.OXXOXXOXXOXXOXXOXXO..O.
.......X..X..X..X.....X.
.......X..X..X..X.....X.
.OXXO..O..O..OXXOXXOXXO.
.............X.....X..X.
.............X.....X..X.
.OXXO..OXXO..O..O..O..O.
.......X........X.......
.......X........X.......
.OXXOXXO..O..O..O..OXXO.
....X..X..X..X..........
....X..X..X..X..........
.O..OXXOXXOXXOXXO..OXXO.
.X..X..X..X........X....
.X..X..X..X........X....
.OXXOXXO..O..OXXO..O..O.
.X.....X..............X.
.X.....X..............X.
.O.....O........OXXO..O.
........................
