........................
.OXXOXXO..OXXOXXOXXOXXO.
.X..X..X..X..X..X..X..X.
.X..X..X..X..X..X..X..X.
.OXXOXXOXXOXXO..OXXOXXO.
....X..X..X..X........X.
....X..X..X..X........X.
.O..OXXO..O..O.....OXXO.
.X..X..X..............X.
.X..X..X..............X.
.OXXOXXOXXOXXOXXO..OXXO.
.X..X..X..X..X........X.
.X..X..X..X..X........X.
.OXXOXXOXXOXXO..OXXOXXO.
.X.....X...........X..X.
.X.....X...........X..X.
.OXXO..OXXO........OXXO.
....X..X..X...........X.
....X..X..X...........X.
.OXXOXXOXXOXXO.....OXXO.
.X..X..X..............X.
.X..X..X..............X.
.OXXOXXO.....OXXO..OXXO.
.......X........X.....X.
.......X........X.....X.
.O..OXXO..O..OXXOXXOXXO.
.X.....X..X.....X..X..X.
.X.....X..X.....X..X..X.
.OXXOXXOXXO..O..OXXOXXO.
.X..X..X..X..X..X..X..X.
.X..X..X..X..X..X..X..X.
.O..OXXOXXOXXOXXOXXOXXO.
....X..X.....X........X.
....X..X.....X........X.
.OXXOXXO..OXXOXXO..OXXO.
.X.....X..X..X.....X..X.
.X.....X..X..X.....X..X.
.OXXO..O..OXXO..OXXOXXO.
..........X..X.....X..X.
..........X..X.....X..X.
.OXXOXXO..OXXO..OXXOXXO.
....X..X.....X..X..X..X.
....X..X.....X..X..X..X.
.OXXOXXO..OXXOXXOXXOXXO.
........................
