......................................................................................................................................................
.OXXO..O..O.....O.....O..O..O..O..O..OXXO..OXXO..O..O..O..OXXO.....O.....O.....OXXO..O..OXXO..O..O..O..O..O.....OXXO..O..O..OXXO..OXXO..OXXO..OXXO....
.......X..X.....X.....X..X..X..X..X..............X..X..X...........X.....X...........X........X..X..X..X..X...........X..X............................
.......X..X.....X.....X..X..X..X..X..............X..X..X...........X.....X...........X........X..X..X..X..X...........X..X............................
.OXXOXXOXXOXXO..O..OXXOXXOXXOXXOXXOXXOXXO..OXXOXXOXXOXXOXXOXXOXXO..OXXOXXOXXOXXOXXO..O..OXXOXXOXXOXXOXXOXXOXXOXXOXXO..OXXOXXOXXO..OXXO..OXXO..OXXO....
....X..X..X..............X..X..X..X..X........X.....X.....X..X.....X..X..X..X..X...........X..X..X.....X..X..X..X.....X.....X.........................
....X..X..X..............X..X..X..X..X........X.....X.....X..X.....X..X..X..X..X...........X..X..X.....X..X..X..X.....X.....X.........................
.O..OXXOXXO..O..O..OXXO..OXXOXXOXXOXXO..O..O..O..O..O..O..O..OXXOXXOXXOXXOXXOXXOXXOXXO..OXXOXXOXXOXXO..O..O..O..OXXOXXO..O..O..O..OXXO.....OXXO..O..O.
.X..X..X..X..X..X........X..X..X.....X..X..X.....X.....X.....X..X..X..............X...........X.................X..X..X..X.....X.................X..X.
.X..X..X..X..X..X........X..X..X.....X..X..X.....X.....X.....X..X..X..............X...........X.................X..X..X..X.....X.................X..X.
.OXXOXXOXXOXXOXXO..O.....OXXOXXOXXOXXOXXOXXOXXOXXOXXOXXOXXOXXOXXOXXOXXOXXO..OXXOXXO..O..O..O..OXXOXXOXXO..O..O..O..O..O..OXXOXXOXXOXXO..O.....O..OXXO.
.X..X.....X..X..X..X.....X..X..X..X..X..X.....X..X..X..X..X..X........X........X..X..X..X..X..X..X..X.....X..X...........X..X..X..X.....X.....X..X..X.
.X..X.....X..X..X..X.....X..X..X..X..X..X.....X..X..X..X..X..X........X........X..X..X..X..X..X..X..X.....X..X...........X..X..X..X.....X.....X..X..X.
.OXXOXXOXXOXXOXXOXXO..OXXOXXOXXO..O..OXXO..O..OXXOXXOXXOXXOXXO..O..OXXO..OXXO..OXXOXXOXXOXXO..OXXOXXOXXOXXOXXOXXOXXOXXOXXOXXO..OXXO..OXXO..O..O..OXXO.
.X..X..X..X..X..X..X.....X.....X.....X..X..X..X..X.....X.....X..X.....X........X..X..X..X..X..X........X..X.....X..X..X.....X..X..X.....X..X.....X..X.
.X..X..X..X..X..X..X.....X.....X.....X..X..X..X..X.....X.....X..X.....X........X..X..X..X..X..X........X..X.....X..X..X.....X..X..X.....X..X.....X..X.
.OXXOXXOXXO..OXXOXXOXXO..OXXO..O..O..OXXOXXOXXOXXO..O..OXXOXXOXXOXXOXXOXXOXXOXXOXXOXXOXXOXXOXXO..OXXOXXOXXOXXOXXOXXOXXOXXOXXOXXOXXOXXOXXOXXOXXOXXOXXO.
.X..X..X..X..X..X........X........X..X..X..X..X..X..X..X..X..X..X..X.....X..X..X..X..X.....X..X.....X..X..X..X..X..X..X..X.....X..X..X..X..X..X..X..X.
.X..X..X..X..X..X........X........X..X..X..X..X..X..X..X..X..X..X..X.....X..X..X..X..X.....X..X.....X..X..X..X..X..X..X..X.....X..X..X..X..X..X..X..X.
.O..O..OXXOXXOXXOXXOXXOXXOXXOXXOXXO..O..OXXOXXOXXOXXOXXOXXOXXOXXOXXO..OXXOXXOXXO..OXXO..O..OXXOXXOXXOXXOXXOXXOXXOXXO..O..O..O..OXXO..OXXOXXOXXO..OXXO.
.......X..X..X..X..X..X..X..X..X..X.....X..X..X..X.....X..X..X..X..X.....X..X..X..X..X..X..X..X..X........X..X..X..X........X..X..X..X..X..X..X..X..X.
.......X..X..X..X..X..X..X..X..X..X.....X..X..X..X.....X..X..X..X..X.....X..X..X..X..X..X..X..X..X........X..X..X..X........X..X..X..X..X..X..X..X..X.
.OXXO..OXXOXXOXXOXXOXXOXXOXXOXXOXXOXXOXXOXXOXXOXXOXXOXXOXXOXXOXXOXXOXXOXXOXXOXXOXXOXXOXXOXXO..O..O..OXXO..OXXOXXOXXOXXOXXOXXOXXOXXOXXOXXOXXOXXOXXOXXO.
.......X..X..X..X..............X..X..X..X..X..X..X..X..X..X........X..X..X..X..X..X..X..X..X..............X..X..X..X..X..X..X..X..X..X.....X..X..X..X.
.......X..X..X..X..............X..X..X..X..X..X..X..X..X..X........X..X..X..X..X..X..X..X..X..............X..X..X..X..X..X..X..X..X..X.....X..X..X..X.
.OXXO..O..O..O..O..OXXO..OXXO..O..O..O..O..O..O..O..O..O..O..OXXO..O..O..O..O..O..O..O..O..O..OXXO..OXXO..O..O..O..O..O..O..O..O..O..O.....O..O..O..O.
......................................................................................................................................................
