..........................................................................................
.OXXO.....O........O..OXXO.....OXXO.....O..O.....OXXO..OXXO..OXXO..OXXO..OXXO..O..O.....O.
..........X........X....................X..X...................................X..X.....X.
..........X........X....................X..X...................................X..X.....X.
....O..OXXOXXO..O..OXXOXXOXXO..OXXO..O..OXXOXXO..OXXO..OXXO..OXXO..OXXO..OXXOXXOXXO..O..O.
....X...........X..X..X..X...........X..X...................................X.....X..X....
....X...........X..X..X..X...........X..X...................................X.....X..X....
.O..OXXO..OXXO..O..OXXOXXOXXO..O..OXXOXXOXXOXXO..O..O..O..OXXOXXOXXOXXO..O..O..O..OXXO..O.
.X..X..............X...........X.....X..X..X.....X..X..X.....X..X..X.....X.....X..X..X..X.
.X..X..............X...........X.....X..X..X.....X..X..X.....X..X..X.....X.....X..X..X..X.
.O..O..O........OXXO.....OXXOXXOXXO..OXXOXXOXXO..OXXOXXOXXO..O..OXXOXXO..OXXOXXOXXOXXOXXO.
.......X...........X........X........X...........X..X..X........X..X.....X..X........X..X.
.......X...........X........X........X...........X..X..X........X..X.....X..X........X..X.
....O..OXXO..OXXO..O..OXXO..O..OXXOXXOXXO..OXXO..OXXOXXOXXO..OXXOXXO..OXXO..O..OXXO..OXXO.
....X..X..........................X..............X..X..............X.....X...........X..X.
....X..X..........................X..............X..X..............X.....X...........X..X.
....OXXOXXO..OXXO.....OXXO..O..O..O..OXXO.....O..O..OXXOXXO..OXXOXXOXXO..OXXOXXO..O..OXXO.
....X.......................X..X..............X.....X..X........X..X.....X..X.....X..X..X.
....X.......................X..X..............X.....X..X........X..X.....X..X.....X..X..X.
....O..O..OXXO..O..OXXOXXO..OXXO..O.....O..OXXOXXOXXOXXO..OXXO..O..O..OXXOXXO..O..OXXOXXO.
.......X........X.....X.....X..X..X.....X........X.....X....................X..X..X..X..X.
.......X........X.....X.....X..X..X.....X........X.....X....................X..X..X..X..X.
.OXXO..O..OXXO..O..O..O..O..OXXOXXOXXOXXOXXOXXO..O..O..O..OXXO..O..O..OXXOXXOXXOXXOXXOXXO.
...................X.....X..X..X.....X.....X........X...........X..X.....X..X.....X..X..X.
...................X.....X..X..X.....X.....X........X...........X..X.....X..X.....X..X..X.
.OXXO..OXXO........O..OXXOXXOXXOXXO..O..OXXOXXO.....O..OXXO.....O..O.....O..O.....O..O..O.
..........................................................................................
