...........................
.OXXO........OXXO..OXXO....
....X......................
....X......................
.O..O........OXXO..O..O....
.X.................X..X....
.X.................X..X....
.OXXOXXO.....OXXO..OXXO....
.X..X..X...................
.X..X..X...................
.O..O..O..O..O.....O..O..O.
..........X..X.....X..X..X.
..........X..X.....X..X..X.
....OXXOXXOXXOXXOXXOXXOXXO.
....X..X..X.....X.....X..X.
....X..X..X.....X.....X..X.
.OXXO..OXXO..OXXO..O..OXXO.
.............X.....X..X..X.
.............X.....X..X..X.
.OXXO.....O..O..O..OXXOXXO.
.X........X.....X..X.....X.
.X........X.....X..X.....X.
.OXXO..OXXO..OXXO..O..OXXO.
.X.......................X.
.X.......................X.
.OXXO..............OXXOXXO.
...................X..X....
...................X..X....
.OXXO.....OXXOXXO..O..O..O.
.X........X..X..X........X.
.X........X..X..X........X.
.O..OXXO..OXXO..OXXOXXO..O.
.......X..X........X.......
.......X..X........X.......
....OXXO..O..O..O..OXXO..O.
....X..X.....X..X.....X..X.
....X..X.....X..X.....X..X.
.O..OXXO.....OXXO..OXXOXXO.
.X....................X..X.
.X....................X..X.
.OXXOXXO.....OXXO..OXXOXXO.
....X...........X..X..X....
....X...........X..X..X....
.O..OXXO..O..O..O..OXXO..O.
.X..X..X..X..X........X..X.
.X..X..X..X..X........X..X.
.OXXO..OXXOXXO..OXXO..OXXO.
......................X..X.
......................X..X.
....OXXO..OXXO..O.....OXXO.
................X..........
................X..........
.OXXOXXO..OXXO..OXXOXXO....
....X.....X........X.......
....X.....X........X.......
.OXXOXXO..O..OXXOXXO.....O.
....X...........X..X.....X.
....X...........X..X.....X.
....O..O..OXXO..OXXO..OXXO.
.......X..X..............X.
.......X..X..............X.
....OXXOXXO..OXXO..O..OXXO.
.......X..X..X..X..X..X..X.
.......X..X..X..X..X..X..X.
....OXXOXXO..OXXOXXOXXOXXO.
....X..X..X.....X.....X..X.
....X..X..X.....X.....X..X.
.OXXOXXO..OXXO..O..O..OXXO.
.X..X..X...........X.....X.
.X..X..X...........X.....X.
.O..O..O..O..OXXOXXOXXOXXO.
..........X.....X..X..X..X.
..........X.....X..X..X..X.
.OXXO..O..OXXO..OXXO..OXXO.
.......X..............X..X.
.......X..............X..X.
.O.....OXXO.....OXXOXXO..O.
.X.....X..X........X..X....
.X.....X..X........X..X....
.OXXO..OXXOXXO..OXXOXXOXXO.
...........................
