......................................................................................................................................................
.OXXO..OXXO..O.....OXXO..O........O..O..O..OXXO..OXXOXXOXXOXXO.....O..O..O..O........OXXO..O..O..O..O.....OXXO..O.....O........O..O.....O..O..OXXO....
.............X...........X........X..X..X...........X..X..X........X..X..X..X..............X..X..X..X...........X.....X........X..X.....X..X..........
.............X...........X........X..X..X...........X..X..X........X..X..X..X..............X..X..X..X...........X.....X........X..X.....X..X..........
.O..OXXOXXOXXOXXO..OXXOXXOXXO..OXXOXXOXXOXXOXXOXXOXXOXXOXXO..O..OXXOXXOXXOXXOXXO..OXXOXXOXXOXXOXXOXXOXXO..OXXOXXO..O..O..O..O..OXXOXXOXXOXXOXXOXXO..O.
.X.....X..X...........X..X........X..X..X..X..X..X..X.....X..X...........X..X........X..X.....X..X..X........X..X..X.....X..X..X.....X..X..X..X.....X.
.X.....X..X...........X..X........X..X..X..X..X..X..X.....X..X...........X..X........X..X.....X..X..X........X..X..X.....X..X..X.....X..X..X..X.....X.
.O..OXXO..OXXO..OXXOXXOXXOXXOXXOXXOXXOXXOXXOXXOXXOXXO..O..OXXOXXOXXO..O..OXXOXXOXXO..O..O..O..OXXOXXO..O..O..O..OXXOXXOXXOXXOXXO..O..OXXOXXOXXO..O..O.
.......X..X........X..X..X..X..X..X..X..X..X..X..X..X..X..X..X..X.....X..X.....X...........X..X..X..X..X..X.....X..X..X..X.....X..X..X........X..X....
.......X..X........X..X..X..X..X..X..X..X..X..X..X..X..X..X..X..X.....X..X.....X...........X..X..X..X..X..X.....X..X..X..X.....X..X..X........X..X....
.OXXOXXOXXOXXOXXOXXOXXOXXOXXO..OXXOXXOXXOXXOXXOXXOXXOXXOXXOXXOXXOXXOXXOXXOXXOXXO..O..OXXOXXOXXOXXOXXOXXOXXO..O..OXXOXXOXXOXXOXXOXXOXXO..OXXOXXOXXOXXO.
....X..X..X..X..X..X..X..X..X..X..X........X..X..X..X..X.....X..X..X..X.....X..X..X.....X..X..X..X..X..X..X..X..X..X..X..X..X.....X..X.....X..X..X....
....X..X..X..X..X..X..X..X..X..X..X........X..X..X..X..X.....X..X..X..X.....X..X..X.....X..X..X..X..X..X..X..X..X..X..X..X..X.....X..X.....X..X..X....
.O..OXXOXXOXXO..OXXO..OXXOXXOXXOXXO..O..OXXOXXO..O..OXXOXXOXXOXXOXXOXXOXXOXXOXXOXXOXXOXXOXXOXXO..O..O..OXXOXXOXXOXXOXXOXXOXXO..O..OXXOXXOXXOXXOXXO..O.
.X..X..X.....X..X..X..X..X.....X..X..X........X.....X..X..X..X..X..X..X..X..X..X.....X.....X..X........X..X..X..X..X..X..X..X..X..X.....X..X..X..X..X.
.X..X..X.....X..X..X..X..X.....X..X..X........X.....X..X..X..X..X..X..X..X..X..X.....X.....X..X........X..X..X..X..X..X..X..X..X..X.....X..X..X..X..X.
.OXXOXXOXXOXXOXXOXXOXXOXXOXXO..OXXOXXO..O..O..O..OXXOXXOXXOXXOXXOXXOXXOXXO..O..O..O..OXXOXXOXXO..O..O..O..OXXOXXO..OXXOXXOXXOXXOXXO..O..OXXOXXOXXOXXO.
.X..X..X..X..X..X........X.....X..X..X..X..X........X..X.....X..X..X..X..X........X..X..X..X..X..X..X.....X.....X..X.....X.....X..X..X..X..X.....X..X.
.X..X..X..X..X..X........X.....X..X..X..X..X........X..X.....X..X..X..X..X........X..X..X..X..X..X..X.....X.....X..X.....X.....X..X..X..X..X.....X..X.
.O..O..OXXO..O..O..O..O..O..O..OXXOXXOXXOXXOXXOXXOXXO..O..O..OXXOXXOXXO..O..O..O..O..OXXO..O..OXXOXXO..O..OXXOXXOXXOXXOXXOXXOXXOXXOXXO..O..O..OXXOXXO.
.......X..X........X..X.....X..X..X..X..X.....X..X..X.....X..X.....X..X.....X..X.....X..X.....X..X..X..X..X..X..X..X..X..X..X.....X..X...........X..X.
.......X..X........X..X.....X..X..X..X..X.....X..X..X.....X..X.....X..X.....X..X.....X..X.....X..X..X..X..X..X..X..X..X..X..X.....X..X...........X..X.
.OXXO..OXXOXXOXXOXXOXXO..OXXOXXOXXOXXOXXO..O..O..OXXOXXOXXOXXO..O..O..OXXOXXOXXO..O..OXXOXXOXXOXXOXXOXXOXXOXXO..OXXOXXOXXOXXOXXOXXOXXOXXO..OXXO..O..O.
.......X.....X..X..X..X.....X..X..X..X..X..X.....X..X..X..X..X..X.....X..X..X..X..X..X..X..X........X..X..X..X..X..X..X..X..X..X..X...................
.......X.....X..X..X..X.....X..X..X..X..X..X.....X..X..X..X..X..X.....X..X..X..X..X..X..X..X........X..X..X..X..X..X..X..X..X..X..X...................
.OXXO..OXXOXXOXXOXXOXXOXXOXXOXXOXXOXXOXXOXXOXXOXXOXXOXXOXXOXXOXXOXXOXXOXXO..OXXOXXOXXOXXOXXOXXOXXOXXOXXOXXOXXOXXOXXOXXOXXO..O..OXXO..OXXOXXOXXO..O..O.
.......X..X..X..X..X..X..X..X..X..X..X..X..X..X..X..X..X..X..X..X..X..X..X..X.....X........X..X..X..X..X..X.....X..X..X..X.....X..X.....X..X.....X..X.
.......X..X..X..X..X..X..X..X..X..X..X..X..X..X..X..X..X..X..X..X..X..X..X..X.....X........X..X..X..X..X..X.....X..X..X..X.....X..X.....X..X.....X..X.
.OXXO..OXXOXXO..OXXOXXOXXOXXOXXOXXOXXOXXOXXOXXOXXOXXOXXOXXOXXOXXOXXOXXOXXOXXOXXOXXO..OXXOXXOXXOXXOXXOXXOXXOXXOXXOXXO..O..O..O..OXXOXXOXXO..OXXOXXOXXO.
.......X..X..X..X..X..X..X..X..X..X..X..X..X..X..X..X..X........X..X..X..X..X..X..X.....X..X..X..X........X..X..X..X........X..X..X..X..X..X..X.....X.
.......X..X..X..X..X..X..X..X..X..X..X..X..X..X..X..X..X........X..X..X..X..X..X..X.....X..X..X..X........X..X..X..X........X..X..X..X..X..X..X.....X.
.OXXO..O..O..OXXOXXOXXOXXOXXOXXO..OXXOXXOXXO..O..OXXOXXO..O..OXXOXXO..OXXOXXOXXOXXOXXOXXOXXOXXO..O..OXXO..OXXOXXOXXOXXOXXOXXOXXOXXOXXOXXOXXOXXOXXOXXO.
.............X........X.....X..X..X..X..X..X.....X..X..X..X........X..X.....X..X..X..X..X..X..X...........X..X..X..X..X..X..X..X.....X..X.....X..X..X.
.............X........X.....X..X..X..X..X..X.....X..X..X..X........X..X.....X..X..X..X..X..X..X...........X..X..X..X..X..X..X..X.....X..X.....X..X..X.
....OXXO.....O..O..O..OXXOXXOXXOXXO..OXXOXXOXXOXXOXXOXXOXXOXXOXXOXXOXXOXXO..OXXOXXOXXOXXOXXOXXO.....OXXOXXOXXOXXO..O..O..OXXOXXOXXO..OXXOXXOXXO..O..O.
................X..X..X..X..X..X..X..X..X..X..X..X...........X..X..X..X.....X..X..X.....X..X..X........X..X..X..X........X..X..X.....X..X..X..X.......
................X..X..X..X..X..X..X..X..X..X..X..X...........X..X..X..X.....X..X..X.....X..X..X........X..X..X..X........X..X..X.....X..X..X..X.......
....OXXO..O..O..OXXOXXOXXOXXOXXOXXOXXOXXOXXOXXOXXOXXOXXO..O..O..O..OXXO..OXXOXXOXXO..O..O..OXXOXXO..O..OXXOXXOXXO..O..O..OXXOXXO..O..OXXOXXOXXOXXO..O.
..........X..X..X..X.....X..X..X..X..X..X..X..X..X..X.....X........X..X...........X..X.....X........X..X..X..X..X..X..X..X..X..X..X..X..X..X........X.
..........X..X..X..X.....X..X..X..X..X..X..X..X..X..X.....X........X..X...........X..X.....X........X..X..X..X..X..X..X..X..X..X..X..X..X..X........X.
.O..OXXOXXOXXOXXOXXO..O..OXXOXXOXXOXXOXXOXXOXXOXXOXXO..O..O..OXXOXXOXXOXXOXXOXXO..OXXO..O..O..OXXOXXOXXOXXOXXOXXOXXOXXOXXOXXO..OXXOXXO..OXXOXXOXXOXXO.
.X.....X.....X..X..X..X..X..X..X..X..X..X.....X.....X..X........X..X..X..X..X.....X..X..X........X..X..X..X.....X..X..X..X..X..X..X..X..X..X..X..X..X.
.X.....X.....X..X..X..X..X..X..X..X..X..X.....X.....X..X........X..X..X..X..X.....X..X..X........X..X..X..X.....X..X..X..X..X..X..X..X..X..X..X..X..X.
.O..OXXOXXOXXOXXOXXOXXOXXOXXOXXOXXOXXOXXOXXOXXOXXOXXOXXOXXOXXOXXOXXOXXOXXOXXO..OXXOXXOXXO..OXXOXXOXXOXXOXXOXXO..O..OXXOXXOXXOXXOXXOXXOXXO..O..OXXOXXO.
.......X..X..X..X..X..X.....X..X..X..X..X..X.....X..X.....X..X.....X..X..X..X........X..X.....X.....X..............X..X..X..X..X..X..X..X.....X..X..X.
.......X..X..X..X..X..X.....X..X..X..X..X..X.....X..X.....X..X.....X..X..X..X........X..X.....X.....X..............X..X..X..X..X..X..X..X.....X..X..X.
.O..O..OXXOXXOXXO..OXXOXXOXXOXXOXXOXXO..O..O..O..OXXOXXO..O..O..O..OXXOXXOXXO..O..O..OXXOXXO..O..OXXOXXOXXOXXO..O..OXXOXXOXXOXXOXXOXXOXXO..O..OXXOXXO.
.X..X..X..X..X..X..X..X..X..X..X..X..X........X..X..X...........X..X..X.....X..X..X..X..............X..X..X.....X..X.....X..X........X..X..X..X..X..X.
.X..X..X..X..X..X..X..X..X..X..X..X..X........X..X..X...........X..X..X.....X..X..X..X..............X..X..X.....X..X.....X..X........X..X..X..X..X..X.
.OXXOXXO..O..OXXOXXO..O..O..O..O..OXXOXXOXXO..OXXOXXO..O..OXXOXXOXXOXXO..O..OXXOXXO..O..OXXO..O..O..OXXOXXOXXOXXOXXO..O..O..O..O..O..O..OXXOXXO..O..O.
.X.....X.....X..X..X..............X..X..X.....X..X..X..X.....X..X..X..X..X..X..X..X...........X..X..X..X..X..X..X..X..X........X..X.....X..X..X.......
.X.....X.....X..X..X..............X..X..X.....X..X..X..X.....X..X..X..X..X..X..X..X...........X..X..X..X..X..X..X..X..X........X..X.....X..X..X.......
.OXXO..O..O..OXXOXXOXXOXXOXXOXXOXXOXXOXXO..O..OXXOXXOXXO..O..OXXOXXOXXOXXOXXO..OXXOXXO..OXXO..OXXO..O..OXXOXXO..O..OXXOXXOXXOXXOXXOXXOXXO..O..O..O..O.
.X........X..X.....X..X..X..X..X..X..X..X..X..X..X.....X..X..X..X.....X..X..X..X..X...........X..X.....X..X..X.....X..X..X..X.....X..X..X........X..X.
.X........X..X.....X..X..X..X..X..X..X..X..X..X..X.....X..X..X..X.....X..X..X..X..X...........X..X.....X..X..X.....X..X..X..X.....X..X..X........X..X.
.O..O..O..OXXOXXOXXOXXOXXOXXOXXOXXOXXOXXOXXOXXO..O.....OXXOXXOXXOXXO..OXXOXXOXXOXXO..OXXOXXOXXOXXO..O..OXXO..OXXOXXOXXOXXOXXOXXO..OXXOXXOXXOXXO..OXXO.
....X..X..X..X..X..X........X..X..X..X.....X..X........X..X..X........X..X..X..X..X.....X..X..X..X..X..X..X..X..X........X..X.....X.....X..X.....X..X.
....X..X..X..X..X..X........X..X..X..X.....X..X........X..X..X........X..X..X..X..X.....X..X..X..X..X..X..X..X..X........X..X.....X.....X..X.....X..X.
.O..OXXOXXOXXOXXOXXOXXOXXO..O..O..OXXOXXOXXOXXO.....O..OXXOXXOXXOXXOXXOXXO..OXXOXXOXXO..OXXOXXOXXOXXOXXOXXOXXOXXOXXOXXO..O..OXXOXXOXXOXXOXXO..O..OXXO.
.X..X.....X..X..X..X..X...........X.....X..X..X.....X..X.....X..X..X.....X..X..X..X.....X..X..X..X..X..X..X..X..X..X........X..X..X..X.....X..X..X..X.
.X..X.....X..X..X..X..X...........X.....X..X..X.....X..X.....X..X..X.....X..X..X..X.....X..X..X..X..X..X..X..X..X..X........X..X..X..X.....X..X..X..X.
.OXXOXXOXXOXXOXXOXXOXXO..O..OXXO..O.....O..OXXO..O..OXXO..O..OXXOXXOXXOXXOXXOXXOXXOXXOXXOXXOXXO..OXXOXXO..O..O..OXXOXXOXXOXXOXXOXXOXXOXXOXXOXXOXXOXXO.
.X..X..X..X..X..X..X..X..X.................X..X..X..X..X..X..X........X..X..X..X..X..X..X..X..X..X..X..X........X..X..X..X..X..X..X..X..X..X..X..X..X.
.X..X..X..X..X..X..X..X..X.................X..X..X..X..X..X..X........X..X..X..X..X..X..X..X..X..X..X..X........X..X..X..X..X..X..X..X..X..X..X..X..X.
.OXXOXXOXXOXXOXXOXXOXXOXXO..OXXOXXOXXOXXOXXOXXOXXOXXOXXOXXOXXOXXOXXOXXOXXOXXOXXOXXOXXOXXOXXOXXOXXO..O..O..O..O..OXXOXXOXXOXXO..OXXO..O..O..OXXOXXOXXO.
.X..X..X..X.....X..X..X..X.....X..X..X..X..X..X..X..X..X........X..X..............X..X..X..X..X..X........X..X..X..X..X..X..X..X..X........X..X..X..X.
.X..X..X..X.....X..X..X..X.....X..X..X..X..X..X..X..X..X........X..X..............X..X..X..X..X..X........X..X..X..X..X..X..X..X..X........X..X..X..X.
.O..O..OXXOXXOXXOXXOXXO..O..OXXO..OXXOXXOXXOXXO..O..OXXOXXOXXOXXOXXO..OXXO..O..O..OXXOXXOXXOXXOXXO..OXXOXXOXXOXXOXXOXXOXXOXXOXXO..O.....O..O..OXXOXXO.
.......X..X..X........X........X..X..X.....X..X.....X..X..X..X.....X........X..X..X.....X..X..X..X.....X..X..X..X.....X..X..X..X........X.....X.....X.
.......X..X..X........X........X..X..X.....X..X.....X..X..X..X.....X........X..X..X.....X..X..X..X.....X..X..X..X.....X..X..X..X........X.....X.....X.
.OXXO..OXXOXXOXXOXXOXXOXXOXXOXXOXXOXXOXXOXXOXXOXXO..OXXOXXOXXOXXOXXOXXOXXOXXOXXOXXOXXOXXOXXOXXOXXOXXOXXOXXOXXOXXOXXOXXO..O..OXXO..OXXO..OXXO..OXXOXXO.
.......X..X..X..X..X..X..X..X..X..X..X..X..X........X..X.....X..X..X..X..X..X..X..X..X..X..X..X..X..X..X..X..X..X..X..X.....X..X........X.....X..X..X.
.......X..X..X..X..X..X..X..X..X..X..X..X..X........X..X.....X..X..X..X..X..X..X..X..X..X..X..X..X..X..X..X..X..X..X..X.....X..X........X.....X..X..X.
.OXXO..O..O..O..O..O..O..O..O..O..O..O..O..O..OXXO..O..O.....O..O..O..O..O..O..O..O..O..O..O..O..O..O..O..O..O..O..O..O.....O..O..OXXO..O.....O..O..O.
......................................................................................................................................................
