..........................................................................................
....OXXO..O........OXXOXXO........O..O..O.....O.....O.....O.....O..O..............OXXO..O.
..........X...........X...........X..X..X.....X.....X.....X.....X..X....................X.
..........X...........X...........X..X..X.....X.....X.....X.....X..X....................X.
....OXXO..O..O..O..OXXOXXO..OXXO..OXXOXXOXXO..OXXO..O.....O..OXXOXXOXXO..OXXO..O..OXXOXXO.
.............X..X.................X..X........X.................X..............X.....X....
.............X..X.................X..X........X.................X..............X.....X....
.O..OXXOXXOXXOXXOXXO..OXXO..OXXO..O..O..OXXO..O..OXXOXXO..OXXO..OXXOXXO..OXXO..O.....O..O.
.X.....X..X....................X....................X...........X..X....................X.
.X.....X..X....................X....................X...........X..X....................X.
.O..OXXOXXOXXO..OXXO..OXXO.....O.....OXXO..OXXO..O..O..OXXO..OXXOXXOXXO..OXXO..O..O..O..O.
.................................................X.............................X..X..X....
.................................................X.............................X..X..X....
.OXXO..O..O..O.....OXXO.....O...........O..O..O..O..O..OXXO..OXXO..OXXO..OXXOXXOXXO..O..O.
.......X..X..X..............X...........X..X..X.....X.......................X..X........X.
.......X..X..X..............X...........X..X..X.....X.......................X..X........X.
.OXXOXXOXXOXXO..OXXO..OXXOXXO..OXXO..OXXOXXO..O..O..O..O..O.....O.....O.....O..O.....OXXO.
....X........X...........X..X....................X.....X..X.....X.....X.................X.
....X........X...........X..X....................X.....X..X.....X.....X.................X.
.OXXO.....O..O..OXXOXXO..O..O..OXXOXXOXXO..O.....OXXO..OXXO.....O..O..O.....OXXO..O.....O.
....X.....X........X..............X..X.....X...........X..X........X..............X.......
....X.....X........X..............X..X.....X...........X..X........X..............X.......
.OXXO..O..O..O..O..O.....O..O..O..O..O..O..OXXO..OXXO..O..O..O..O..O..O.....O..O..O..OXXO.
....X..X.....X..X........X..X..X........X..X.................X..X.....X.....X..X..........
....X..X.....X..X........X..X..X........X..X.................X..X.....X.....X..X..........
.O..OXXOXXO..OXXO..O..O..O..O..O..O..OXXOXXO..OXXOXXO.....O..OXXOXXOXXOXXOXXOXXO.....O..O.
.X..X........X..X..X..X...........X........X.....X........X..X.....X.....X..X..X.....X..X.
.X..X........X..X..X..X...........X........X.....X........X..X.....X.....X..X..X.....X..X.
.O..O..O..O..O..OXXOXXO.....O..OXXOXXOXXO..O..O..O..OXXO..OXXO..O..OXXOXXOXXOXXO..OXXOXXO.
.......X..X.....X.....X.....X........X........X...........X..X..X..X..X..X.....X........X.
.......X..X.....X.....X.....X........X........X...........X..X..X..X..X..X.....X........X.
.O.....OXXO..OXXO..OXXOXXO..O..O.....O..O..O..O..O..OXXOXXO..O..O..OXXOXXOXXO..O........O.
.X.....X..X.....X.....X........X........X..X.....X.....X..X........X......................
.X.....X..X.....X.....X........X........X..X.....X.....X..X........X......................
.O.....O..O..OXXOXXO..O..O.....O..O..O..O..O.....O.....OXXOXXOXXOXXOXXO..OXXOXXO..O..OXXO.
.........................X........X..X.................X..X..X..X..X........X.....X.......
.........................X........X..X.................X..X..X..X..X........X.....X.......
....OXXO.....OXXO..O..OXXO.....O..O..O.....O..O..OXXOXXO..O..O..O..O..O..O..O..O..OXXOXXO.
...................X..X..X.....X...........X..X.....X..X..............X..X.....X.....X....
...................X..X..X.....X...........X..X.....X..X..............X..X.....X.....X....
.OXXO..OXXO..O..O..O..O..O..O..OXXO.....OXXOXXO..O..OXXOXXO..O..O..OXXOXXO.....OXXO..O..O.
.............X..X...........X..X...........X..X..X..X........X..X........X.....X........X.
.............X..X...........X..X...........X..X..X..X........X..X........X.....X........X.
.OXXOXXOXXOXXOXXO..O..OXXO..O..O..OXXO.....O..OXXOXXO.....O..O..O..OXXO..OXXOXXOXXO..O..O.
....X..X..X.....X..X..........................X..X..X.....X.................X........X....
....X..X..X.....X..X..........................X..X..X.....X.................X........X....
....O..O..O..OXXOXXOXXOXXO.....OXXOXXO..OXXO..O..OXXOXXO..O..OXXO..O..O..O..O..OXXOXXO..O.
................X..X..X...........X..............X.................X..X..X........X..X..X.
................X..X..X...........X..............X.................X..X..X........X..X..X.
.O.....OXXO..OXXOXXOXXOXXO........O..O..OXXO.....O..OXXO.....OXXO..OXXOXXO..OXXO..O..OXXO.
.X...................................X.............................X.....X...........X..X.
.X...................................X.............................X.....X...........X..X.
.O..O..O.....OXXO..OXXO..O..O..O.....OXXO..O..O..OXXO.....OXXOXXOXXOXXOXXO..OXXO..O..O..O.
....X..X.................X..X..X.....X..X..X..X..............X..X.....X...........X.......
....X..X.................X..X..X.....X..X..X..X..............X..X.....X...........X.......
.O..OXXOXXO..O.....OXXOXXOXXOXXOXXO..O..OXXOXXOXXOXXO..O.....OXXOXXO..O..O..OXXO..O..O....
.X..X........X........X..X..X..X........X..X.....X.....X.....X...........X...........X....
.X..X........X........X..X..X..X........X..X.....X.....X.....X...........X...........X....
.O..O..OXXOXXOXXO..O..O..O..O..O..O..O..O..O.....O..O..O..OXXOXXOXXOXXOXXO..O..OXXO..O..O.
..........X..X.....X..............X..X..............X...........X..X..X.....X...........X.
..........X..X.....X..............X..X..............X...........X..X..X.....X...........X.
....OXXO..OXXOXXO..O.....OXXO..OXXOXXOXXO.....O.....O..O..OXXO..O..OXXO..O..O..OXXOXXOXXO.
..........X..X..X.............................X........X...........X..X..X........X..X..X.
..........X..X..X.............................X........X...........X..X..X........X..X..X.
.O..OXXO..O..OXXOXXOXXO..OXXO..OXXO..OXXO..OXXO.....O..OXXO..OXXO..OXXOXXOXXOXXOXXO..O..O.
.X..............X..X..............X...........X.....X..X...........X........X..X..X.......
.X..............X..X..............X...........X.....X..X...........X........X..X..X.......
.O.....O.....O..O..O.....OXXOXXOXXOXXO.....O..O..O..O..O.....O..O..O.....O..O..O..OXXO..O.
.......X.....X..............X..X...........X.....X...........X..X........X........X.....X.
.......X.....X..............X..X...........X.....X...........X..X........X........X.....X.
....O..O..OXXO.....OXXO..O..O..O..OXXO..O..O..OXXO.....OXXO..O..O.....O..O..OXXOXXO..O..O.
....X........X...........X..............X........X....................X........X..X..X....
....X........X...........X..............X........X....................X........X..X..X....
....OXXOXXO..O..O..OXXOXXO.....OXXO..OXXOXXOXXO..O.....OXXOXXOXXO..O..OXXO.....OXXOXXO..O.
....X..X........X.....X..X..............X..X..X...........X..X.....X..X........X..X..X..X.
....X..X........X.....X..X..............X..X..X...........X..X.....X..X........X..X..X..X.
....O..O..O.....O..O..O..O..O..OXXO..O..OXXOXXOXXO..OXXO..O..O..OXXOXXOXXOXXOXXO..OXXOXXO.
..........X........X........X........X..X..........................X.....X..X..X..X..X..X.
..........X........X........X........X..X..........................X.....X..X..X..X..X..X.
.O..O.....O..O..OXXO.....O..O.....OXXOXXOXXOXXOXXO..OXXO.....O..OXXOXXO..O..O..O..OXXO..O.
.X..X........X..X..X.....X...........X..X..X..X..............X.......................X....
.X..X........X..X..X.....X...........X..X..X..X..............X.......................X....
.OXXO........OXXO..O..OXXOXXO..OXXO..O..O..OXXO..O..O........O..O..O.....OXXO.....OXXO..O.
.X..X........X..X..........................X.....X..X...........X..X.................X..X.
.X..X........X..X..........................X.....X..X...........X..X.................X..X.
.OXXOXXO..OXXO..O..O..O..O..OXXOXXOXXOXXOXXOXXO..OXXO.....OXXO..O..O..OXXO..OXXO..OXXOXXO.
.X...........X.....X..X..X.....X..X..X..X..X.....X..X...................................X.
.X...........X.....X..X..X.....X..X..X..X..X.....X..X...................................X.
.O..OXXO.....O..OXXOXXOXXOXXO..O..O..O..O..O..OXXOXXOXXO..OXXO..OXXO..OXXO..OXXO..OXXO..O.
..........................................................................................
