........................................................................
.OXXO.....OXXO.....O..OXXO..OXXO...........OXXO..O..OXXO..OXXO.....OXXO.
....X........X.....X........X..............X.....X.....X..X........X..X.
....X........X.....X........X..............X.....X.....X..X........X..X.
.O..O..O.....O..OXXO.....OXXO..OXXO..O..OXXO..OXXO.....OXXO..OXXO..OXXO.
.X.....X........X....................X........X..............X..X.....X.
.X.....X........X....................X........X..............X..X.....X.
.O.....O.....O..OXXO..OXXO..OXXOXXO..O..O..O..OXXO........OXXOXXOXXO..O.
.............X........X.....X..X........X..X.....X......................
.............X........X.....X..X........X..X.....X......................
.OXXO..OXXO..O.....OXXOXXO..OXXOXXO.....OXXO..OXXO..O..OXXO...........O.
............................X..X..X........X.....X..X.....X...........X.
............................X..X..X........X.....X..X.....X...........X.
.OXXOXXOXXO..OXXO..OXXO..O..OXXOXXO..O..O..O..OXXOXXO..OXXO..O..OXXOXXO.
....X..X........X.....X..X..X..X..X..X..X.....X..............X.....X..X.
....X..X........X.....X..X..X..X..X..X..X.....X..............X.....X..X.
.O..O..O.....OXXOXXO..O..OXXOXXO..OXXOXXO..OXXO.....OXXO..O..O.....OXXO.
.X..............X...........X........X.....X...........X..X...........X.
.X..............X...........X........X.....X...........X..X...........X.
.OXXOXXOXXO.....O..OXXOXXO..OXXO..O..O..O..O..O..O..OXXOXXO..O..O..OXXO.
.X..X..X..............X...........X.....X.....X..X.....X.....X..X.....X.
.X..X..X..............X...........X.....X.....X..X.....X.....X..X.....X.
.O..OXXO..OXXOXXOXXO..O..OXXO.....OXXO..OXXO..O..OXXO..O..OXXO..OXXO..O.
....X..X..X..X..X.................X..X.......................X..X.......
....X..X..X..X..X.................X..X.......................X..X.......
.O..OXXOXXO..O..OXXO..OXXO..O..O..OXXO..OXXO..O..OXXO.....O..O..OXXOXXO.
.X..X..X...........X........X..X.....X..X.....X..X........X.....X..X..X.
.X..X..X...........X........X..X.....X..X.....X..X........X.....X..X..X.
.OXXOXXO..OXXO..O..OXXO..O..OXXO..OXXOXXO..OXXOXXO..O..OXXO..OXXO..OXXO.
.......X........X........X.....X..X.....X..X........X..X..X..X........X.
.......X........X........X.....X..X.....X..X........X..X..X..X........X.
....O..O..OXXO..OXXO..OXXOXXO..OXXO.....O..O..OXXO..OXXOXXOXXOXXO..OXXO.
....X..............X..........................X..X..X........X........X.
....X..............X..........................X..X..X........X........X.
.O..OXXO.....OXXO..OXXO..O.....O..O.....OXXO..OXXO..O.....O..O.....OXXO.
.X..X..X.....X...........X.....X..X.....X..X.....X........X...........X.
.X..X..X.....X...........X.....X..X.....X..X.....X........X...........X.
.OXXO..O..OXXOXXOXXO..O..O.....O..OXXOXXOXXOXXO..O..O..O..OXXO..O..OXXO.
..........X.....X.....X..............X.....X..X.....X..X..X..X..X.....X.
..........X.....X.....X..............X.....X..X.....X..X..X..X..X.....X.
.O..OXXO..OXXO..O..OXXOXXO.....OXXO..OXXOXXOXXOXXO..OXXO..OXXO..OXXOXXO.
.X.................X.....X..............X.....X....................X..X.
.X.................X.....X..............X.....X....................X..X.
.OXXO..OXXO..O..OXXOXXO..O..OXXO..OXXO..O.....O..OXXOXXO.....OXXO..O..O.
.X........X..X.....X...........X..X..X..............X..X.....X..........
.X........X..X.....X...........X..X..X..............X..X.....X..........
.OXXOXXO..OXXO..O..OXXOXXO..OXXO..O..OXXO..OXXO.....O..O..OXXOXXO..OXXO.
.X..X..X..X..X..X.....X.....X........X........X.......................X.
.X..X..X..X..X..X.....X.....X........X........X.......................X.
.O..O..OXXOXXOXXO..OXXOXXO..OXXO..O..O..OXXOXXO..OXXO..O..O........OXXO.
..........X..X.....X...........X..X.....X..X........X..X..X...........X.
..........X..X.....X...........X..X.....X..X........X..X..X...........X.
.OXXO..OXXOXXO..O..OXXO..OXXO..O..O..OXXOXXO..O..OXXOXXO..OXXO..O..OXXO.
....X..X........X.............................X.....X...........X..X..X.
....X..X........X.............................X.....X...........X..X..X.
.OXXOXXOXXO..OXXO..O..OXXO.....O.....OXXO..OXXO..OXXOXXO..OXXO..O..OXXO.
....X...........X..X...........X.....X..X..X..X..X.....X..X.............
....X...........X..X...........X.....X..X..X..X..X.....X..X.............
....OXXOXXO..OXXOXXOXXO..O..OXXOXXOXXO..O..OXXOXXO..OXXO..OXXO........O.
.......X.....X..X.....X..X..X.....X...........X..X....................X.
.......X.....X..X.....X..X..X.....X...........X..X....................X.
....OXXO..OXXO..O.....OXXO..O..OXXOXXO..OXXO..OXXO.....OXXO..OXXOXXOXXO.
.......X.............................X..X.................X.....X..X..X.
.......X.............................X..X.................X.....X..X..X.
....OXXOXXO..OXXO..OXXO..OXXO.....OXXO..O..OXXO..OXXO..OXXOXXO..O..OXXO.
..........X........X..X.....X.....X..X..............X........X........X.
..........X........X..X.....X.....X..X..............X........X........X.
....OXXOXXOXXOXXOXXO..OXXO..O..O..O..OXXOXXO..OXXOXXOXXO..O..OXXO..OXXO.
....X..X.....X..X........X.....X........X..X.....X..X..X..X...........X.
....X..X.....X..X........X.....X........X..X.....X..X..X..X...........X.
....OXXO.....OXXO.....OXXOXXO..O........OXXOXXO..O..O..OXXOXXO..O..OXXO.
....X.................X.................X..X...........X........X.....X.
....X.................X.................X..X...........X........X.....X.
....O.....O..OXXOXXOXXOXXO..O..OXXO..O..OXXO..O........O..O..OXXO..OXXO.
..........X.....X..X........X..X..X..X........X...........X..X..X.....X.
..........X.....X..X........X..X..X..X........X...........X..X..X.....X.
.OXXO.....OXXO..O..O.....OXXO..O..OXXO..O..O..OXXOXXOXXO..OXXO..OXXOXXO.
..........X..X..........................X..X.....X..X..............X..X.
..........X..X..........................X..X.....X..X..............X..X.
....OXXO..OXXOXXO..O..OXXO..OXXO..OXXO..OXXO..O..O..OXXO..OXXO..O..OXXO.
....X..............X.....X..X..X..X.....X..X..X.....X..X........X.....X.
....X..............X.....X..X..X..X.....X..X..X.....X..X........X.....X.
.O..OXXO.....OXXO..OXXO..OXXOXXO..OXXOXXO..OXXOXXO..OXXO.....OXXOXXOXXO.
.X...........X..X..X.....X..X........X........X..X..X..X.....X..X..X..X.
.X...........X..X..X.....X..X........X........X..X..X..X.....X..X..X..X.
.OXXO..OXXOXXOXXOXXOXXOXXOXXOXXO.....O..O..OXXOXXO..OXXOXXO..OXXOXXOXXO.
.X........X.....X.....X..X..X...........X...........X........X........X.
.X........X.....X.....X..X..X...........X...........X........X........X.
.OXXO..OXXOXXOXXOXXO..O..O..OXXO..OXXO..OXXO.....O..O..OXXOXXO..OXXOXXO.
.X..X.....X..X..X..............X..X..X..X........X........X..X..X..X..X.
.X..X.....X..X..X..............X..X..X..X........X........X..X..X..X..X.
.OXXO..OXXOXXOXXO..OXXO..OXXO..OXXOXXOXXO..OXXO..O..OXXO..OXXOXXOXXOXXO.
........................................................................
