.........................................................................................................
.O........OXXOXXOXXOXXOXXO..O..OXXOXXOXXOXXO..O..O..O...........OXXOXXO..OXXO..O..O..O..O..OXXO..O..O..O.
.X...........X..X..X..X.....X.....X..X..X.....X..X..X..............X...........X..X..X..X........X..X..X.
.X...........X..X..X..X.....X.....X..X..X.....X..X..X..............X...........X..X..X..X........X..X..X.
.O.....O..O..OXXOXXOXXO..OXXOXXO..OXXO..O..O..OXXOXXO..O..O.....O..O..O..OXXOXXOXXOXXOXXO..OXXOXXOXXOXXO.
.......X..X..X.....X..X...........X..X.....X..X..X..X..X..X.....X.....X.....X.....X..X..X.....X.....X..X.
.......X..X..X.....X..X...........X..X.....X..X..X..X..X..X.....X.....X.....X.....X..X..X.....X.....X..X.
....OXXOXXO..O..O..OXXO..O..OXXOXXOXXOXXOXXOXXOXXOXXOXXOXXOXXOXXOXXOXXO..O..O..OXXOXXOXXOXXOXXOXXOXXOXXO.
..........X.....X..X..X..X.....X..X..X..X..X........X..X..X..X..X..X..X..X...........X.....X..X..X..X..X.
..........X.....X..X..X..X.....X..X..X..X..X........X..X..X..X..X..X..X..X...........X.....X..X..X..X..X.
.O..OXXO..OXXOXXOXXOXXOXXOXXOXXOXXOXXOXXOXXO..O..O..O..O..OXXOXXO..O..OXXOXXO..O..O..OXXOXXOXXOXXO..OXXO.
.X........X..X..X........X..X.....X........X..X..X........X..X..X.....X..X.....X..X..X..X..X..X..X..X..X.
.X........X..X..X........X..X.....X........X..X..X........X..X..X.....X..X.....X..X..X..X..X..X..X..X..X.
.OXXOXXOXXOXXOXXO..OXXOXXOXXOXXOXXO..OXXOXXOXXOXXOXXOXXOXXOXXOXXOXXOXXOXXOXXOXXOXXOXXOXXO..OXXOXXOXXOXXO.
.X..X..X..X..X..X.....X..X..X..X..X.....X...........X..X..X..X..X..X..X..X..X..X..X..X..X..X...........X.
.X..X..X..X..X..X.....X..X..X..X..X.....X...........X..X..X..X..X..X..X..X..X..X..X..X..X..X...........X.
.OXXOXXOXXOXXOXXO..OXXOXXOXXOXXOXXOXXOXXOXXOXXO..O..O..O..OXXOXXO..O..O..O..OXXOXXOXXOXXOXXOXXOXXO..O..O.
.X..X..X..X.....X.....X..X..X..X..X..X..X..X.....X........X..X..X...........X..X..X...........X.....X....
.X..X..X..X.....X.....X..X..X..X..X..X..X..X.....X........X..X..X...........X..X..X...........X.....X....
.O..OXXO..O..O..OXXO..O..OXXOXXOXXOXXOXXOXXOXXOXXOXXOXXOXXOXXOXXO..O..O..O..OXXOXXOXXO..O..O..OXXO..O..O.
....X..X.....X..X........X..X...........X.....X..X..X..X.....X..X..X..X..X..X.....X.....X..X..X........X.
....X..X.....X..X........X..X...........X.....X..X..X..X.....X..X..X..X..X..X.....X.....X..X..X........X.
.OXXOXXOXXOXXOXXO..OXXOXXO..OXXOXXO..O..O..O..OXXOXXO..O..O..OXXOXXOXXOXXOXXOXXOXXOXXOXXOXXOXXOXXOXXOXXO.
..........X.....X.....X..X..X..X.....X.....X..X..X..X.....X..X.....X..X........X..X..X..X..X..X..X..X..X.
..........X.....X.....X..X..X..X.....X.....X..X..X..X.....X..X.....X..X........X..X..X..X..X..X..X..X..X.
.OXXO..O..O..OXXOXXOXXOXXOXXOXXO..O..O..O..OXXOXXOXXOXXOXXOXXOXXOXXOXXOXXOXXOXXOXXOXXOXXOXXO..O..O..O..O.
.......X........X..X..X..X..X..X..X.....X..X..X..X..X..X..X..X..X..X.....X..X.....X........X.............
.......X........X..X..X..X..X..X..X.....X..X..X..X..X..X..X..X..X..X.....X..X.....X........X.............
.OXXO..O..O..O..O..O..OXXOXXOXXOXXO..OXXOXXOXXOXXOXXO..O..O..OXXOXXOXXOXXOXXOXXOXXOXXOXXO..OXXO.....O..O.
..........X..X........X.....X..X..X........X..X..X..X........X.....X..X..X..X..X.....X.....X........X..X.
..........X..X........X.....X..X..X........X..X..X..X........X.....X..X..X..X..X.....X.....X........X..X.
....OXXOXXOXXOXXOXXOXXO..O..OXXOXXO..O..O..O..OXXOXXOXXOXXOXXO..OXXOXXOXXOXXOXXO..OXXOXXOXXO..O..O..OXXO.
.......X........X..X..X..X..X..X..X..X..X.....X..X.....X..X..X.....X..X..X..X..X.....X..X..X..X..X..X..X.
.......X........X..X..X..X..X..X..X..X..X.....X..X.....X..X..X.....X..X..X..X..X.....X..X..X..X..X..X..X.
.OXXO..O..O..O..O..OXXOXXO..O..OXXOXXOXXOXXOXXOXXOXXOXXOXXOXXO..O..O..OXXOXXOXXOXXO..OXXOXXOXXOXXOXXOXXO.
..........X..X.....X..X..X.....X..X..X..X..X..X..X..X.....X..X..X.....X..X..X..X.....X........X..X..X..X.
..........X..X.....X..X..X.....X..X..X..X..X..X..X..X.....X..X..X.....X..X..X..X.....X........X..X..X..X.
.OXXO..O..O..O..O..OXXOXXO..O..OXXOXXO..O..OXXOXXOXXO..O..OXXO..O..O..O..O..OXXOXXOXXOXXOXXOXXOXXOXXOXXO.
.......X........X..X..X..X..X..X.....X.....X.....X..X..X..X..X.....X........X..X..X..X..X..X..X..X..X..X.
.......X........X..X..X..X..X..X.....X.....X.....X..X..X..X..X.....X........X..X..X..X..X..X..X..X..X..X.
.O..O..OXXOXXOXXOXXOXXOXXOXXOXXOXXOXXO..O..OXXOXXOXXOXXO..O..OXXOXXOXXOXXOXXOXXO..O..O..OXXOXXOXXOXXOXXO.
.X..X..X..X..X..X..X..X..X..X..X..X..X..X..X..X........X.....X..X..X..X..X..X..X........X.....X..X.....X.
.X..X..X..X..X..X..X..X..X..X..X..X..X..X..X..X........X.....X..X..X..X..X..X..X........X.....X..X.....X.
.OXXOXXOXXOXXO..OXXOXXOXXO..OXXOXXOXXOXXO..O..OXXOXXOXXOXXO..OXXO..OXXOXXOXXOXXOXXO..O..O..O..OXXOXXO..O.
.X.....X.....X..X..X.....X..X..X..X..X..X.....X..X..X..X.....X..X..X..X..X..X........X.....X..X..........
.X.....X.....X..X..X.....X..X..X..X..X..X.....X..X..X..X.....X..X..X..X..X..X........X.....X..X..........
.O..OXXOXXOXXOXXOXXOXXOXXOXXOXXOXXOXXOXXOXXOXXOXXOXXOXXOXXOXXO..OXXOXXO..O..O..OXXOXXO..O..O..O..OXXO..O.
.......X..X..X.....X..X..X..X.....X..X..X..X..X..X..X..X..X..X..X..X..X...........X..X..X..............X.
.......X..X..X.....X..X..X..X.....X..X..X..X..X..X..X..X..X..X..X..X..X...........X..X..X..............X.
.O..O..OXXO..O..O..O..OXXOXXOXXOXXOXXOXXOXXOXXO..OXXOXXO..O..OXXO..O..OXXO..O..OXXOXXOXXOXXOXXOXXOXXOXXO.
.X..X..X..X.....X.....X..X..X..X..X..X........X..X.....X.....X..X.....X.....X........X..X..X..X..X..X..X.
.X..X..X..X.....X.....X..X..X..X..X..X........X..X.....X.....X..X.....X.....X........X..X..X..X..X..X..X.
.OXXOXXOXXOXXOXXO..O..O..O..OXXOXXOXXOXXOXXOXXOXXOXXOXXOXXOXXOXXO..O..O..O..OXXOXXOXXOXXOXXOXXOXXOXXOXXO.
.X..X..X..X..X..X..X........X..X..X..X..X..X.....X..X..X..X.....X..X.....X..X..X..X..X..X..X.....X..X..X.
.X..X..X..X..X..X..X........X..X..X..X..X..X.....X..X..X..X.....X..X.....X..X..X..X..X..X..X.....X..X..X.
.OXXOXXOXXOXXOXXOXXOXXOXXOXXOXXOXXOXXOXXOXXO..O..O..O..OXXO..O..OXXOXXOXXOXXOXXOXXOXXOXXOXXOXXOXXO..OXXO.
.X........X..X..X..X..X..X..X..X..X..X..X..X..X........X..X..X..X.....X.....X..X..X..X..X.....X..X..X..X.
.X........X..X..X..X..X..X..X..X..X..X..X..X..X........X..X..X..X.....X.....X..X..X..X..X.....X..X..X..X.
.O..OXXOXXO..O..OXXOXXOXXOXXOXXOXXOXXOXXOXXOXXOXXO..OXXOXXOXXOXXOXXO..OXXOXXO..O..O..O..O..OXXOXXOXXOXXO.
.......X..X.....X........X........X..X..X..X..X........X..X..X........X..X..X.................X..X..X..X.
.......X..X.....X........X........X..X..X..X..X........X..X..X........X..X..X.................X..X..X..X.
.O..OXXO..O..O..O..O..O..OXXOXXOXXOXXOXXOXXOXXOXXO..O..OXXO..O..OXXOXXOXXO..O..O..O..OXXO..O..OXXOXXOXXO.
.X.....X.....X.....X..X..X..X..X..X..X..X..X........X..X..X........X..X..X.....X..X........X..X..X..X..X.
.X.....X.....X.....X..X..X..X..X..X..X..X..X........X..X..X........X..X..X.....X..X........X..X..X..X..X.
.OXXOXXOXXO..O..OXXOXXOXXOXXOXXOXXOXXOXXO..O..O..O..OXXOXXO..OXXO..OXXOXXOXXOXXOXXOXXOXXO..OXXO..OXXOXXO.
.X..X..............X..X..X.....X..X.....X.....X..X..X.....X........X..X..X..X..X..X..X.....X..X..X..X..X.
.X..X..............X..X..X.....X..X.....X.....X..X..X.....X........X..X..X..X..X..X..X.....X..X..X..X..X.
.OXXO..OXXO..O..O..OXXOXXOXXOXXOXXO..O..O..OXXOXXOXXO..O..O..OXXOXXOXXOXXOXXOXXOXXOXXOXXOXXOXXOXXOXXOXXO.
.X..X........X..X..X.....X..X..X..X..X...........X..X..X........X..X..X..X..X........X..X.....X..X.....X.
.X..X........X..X..X.....X..X..X..X..X...........X..X..X........X..X..X..X..X........X..X.....X..X.....X.
.OXXOXXOXXOXXOXXOXXOXXOXXOXXOXXOXXOXXO..OXXOXXOXXOXXOXXOXXOXXOXXOXXOXXOXXOXXOXXOXXO..O..OXXOXXO..O..O..O.
.X..X..X..X..X..X.....X........X..X..X.....X..X..X........X..X.....X..X.....X..X........X..X..X.....X....
.X..X..X..X..X..X.....X........X..X..X.....X..X..X........X..X.....X..X.....X..X........X..X..X.....X....
.O..OXXOXXOXXO..OXXOXXOXXOXXO..OXXOXXOXXOXXOXXOXXO..O..O..OXXO..O..OXXOXXOXXOXXO..O..O..OXXOXXOXXO..O..O.
....X..X..X..X..X..X..X..X.....X..X..X..X..X..X..X..X..X..X..X..X..X.....X..X..X..X..X..X..X..X........X.
....X..X..X..X..X..X..X..X.....X..X..X..X..X..X..X..X..X..X..X..X..X.....X..X..X..X..X..X..X..X........X.
.O..OXXOXXOXXOXXOXXOXXOXXOXXOXXOXXOXXOXXOXXOXXOXXOXXOXXOXXOXXOXXOXXOXXO..OXXOXXOXXOXXOXXOXXOXXOXXO..O..O.
.X..X..X..X..X..X..X.....X..X.....X..X..X..X..X..X..X.....X..X...........X..X..X.....X.....X........X....
.X..X..X..X..X..X..X.....X..X.....X..X..X..X..X..X..X.....X..X...........X..X..X.....X.....X........X....
.OXXOXXOXXOXXOXXO..OXXOXXOXXOXXOXXOXXOXXOXXOXXOXXO..O..O..OXXOXXOXXO..O..OXXO..O..O..OXXOXXO..OXXO..O..O.
.X..X..X..X..X..X..X..X.....X..X..X..X..X..X..X..X.....X..X..X..X.....X..X..X.....X..X..X..X...........X.
.X..X..X..X..X..X..X..X.....X..X..X..X..X..X..X..X.....X..X..X..X.....X..X..X.....X..X..X..X...........X.
.O..O..OXXOXXOXXOXXOXXOXXOXXO..O..OXXOXXOXXOXXOXXO..O..O..O..OXXO..OXXOXXOXXOXXOXXOXXOXXOXXO..O..O.....O.
.......X.....X..X.....X..X..X.....X.....X..X..X..X..X........X..X...........X..X.....X..X..X..X..X.......
.......X.....X..X.....X..X..X.....X.....X..X..X..X..X........X..X...........X..X.....X..X..X..X..X.......
.OXXO..O..OXXOXXOXXOXXOXXOXXO.....O..O..OXXO..OXXOXXOXXOXXO..O..OXXOXXO..O..OXXOXXO..OXXOXXOXXOXXO..O..O.
................X..X..X..X..X........X..X..X..X..X.....X........X..X.....X..X........X..X.....X..X..X..X.
................X..X..X..X..X........X..X..X..X..X.....X........X..X.....X..X........X..X.....X..X..X..X.
.OXXOXXOXXOXXO..OXXO..OXXOXXOXXOXXOXXOXXOXXOXXO..O..O..O..O..O..OXXOXXO..OXXOXXOXXO..OXXOXXOXXOXXOXXOXXO.
....X..X..X.....X..X..X..X..X..X..X..X........X.....X.....X..X..X........X.....X.....X..X..X..X..X..X..X.
....X..X..X.....X..X..X..X..X..X..X..X........X.....X.....X..X..X........X.....X.....X..X..X..X..X..X..X.
.O..OXXO..O.....O..OXXOXXOXXOXXOXXO..O..O..O..O..O..O..O..OXXOXXOXXOXXOXXOXXOXXO..O..OXXOXXOXXOXXOXXOXXO.
.X..X..X...........X..X..X..X..X..X.....X..X.....X.....X..X..X..X..X..X..X..X..X..X..X..X..X.....X..X..X.
.X..X..X...........X..X..X..X..X..X.....X..X.....X.....X..X..X..X..X..X..X..X..X..X..X..X..X.....X..X..X.
.OXXOXXOXXO..O..O..O..OXXOXXOXXO..O..O..OXXO..OXXO..O..OXXOXXOXXO..OXXOXXOXXOXXOXXOXXO..O..O..OXXOXXOXXO.
.X...........X..X.....X..X..X..X.....X..X..X.....X..X..X..X.....X..X........X..X..X..X..............X..X.
.X...........X..X.....X..X..X..X.....X..X..X.....X..X..X..X.....X..X........X..X..X..X..............X..X.
.O..OXXOXXO..OXXOXXO..O..OXXOXXOXXOXXOXXOXXO..O..O..O..OXXOXXOXXOXXOXXOXXO..OXXOXXOXXOXXOXXO..OXXOXXOXXO.
.......X.....X..X........X..X..X..X.....X..X..X........X..X..X..X..X..X.....X..X.....X..X........X..X..X.
.......X.....X..X........X..X..X..X.....X..X..X........X..X..X..X..X..X.....X..X.....X..X........X..X..X.
.O..O..O..OXXOXXOXXOXXOXXOXXOXXOXXOXXO..OXXOXXOXXOXXOXXOXXOXXOXXOXXOXXOXXOXXOXXOXXOXXO..OXXOXXOXXOXXOXXO.
.X..X...........X..X..X..X..X..X..X.....X........X..X..X..X.....X..X.....X..X..X..X..X..X..X..X..X..X..X.
.X..X...........X..X..X..X..X..X..X.....X........X..X..X..X.....X..X.....X..X..X..X..X..X..X..X..X..X..X.
.OXXOXXOXXOXXOXXOXXO..OXXOXXOXXOXXOXXOXXO..O..O..OXXOXXOXXOXXOXXOXXO..O..O..OXXOXXOXXOXXOXXOXXOXXOXXOXXO.
.X.....X..X..X.....X..X..X..X..X..X..X..X..X..X..X..X..X..X..X..X..X..X.....X..X..X.....X..X.....X..X..X.
.X.....X..X..X.....X..X..X..X..X..X..X..X..X..X..X..X..X..X..X..X..X..X.....X..X..X.....X..X.....X..X..X.
.O..O..OXXOXXOXXOXXOXXOXXOXXOXXOXXOXXOXXOXXOXXOXXO..OXXOXXOXXOXXOXXOXXOXXO..OXXOXXOXXO..OXXOXXOXXOXXOXXO.
....X..X.....X..X.....X..X.....X..X..X..X..X..X..X..X..X.....X.....X..X.....X.....X.....X..X..X..X..X..X.
....X..X.....X..X.....X..X.....X..X..X..X..X..X..X..X..X.....X.....X..X.....X.....X.....X..X..X..X..X..X.
.O..OXXO..O..O..O..O..OXXOXXOXXOXXOXXOXXOXXOXXOXXOXXOXXO..O..O..O..O..O..O..OXXO..O.....OXXOXXOXXOXXO..O.
.X..X..X..X........X..X..X..X..X.....X..X..X.....X..X..X..X.....X........X..X...........X..X..X..X..X....
.X..X..X..X........X..X..X..X..X.....X..X..X.....X..X..X..X.....X........X..X...........X..X..X..X..X....
.OXXOXXOXXO..O..OXXOXXOXXOXXO..OXXOXXOXXOXXOXXOXXOXXOXXOXXOXXOXXOXXO..OXXOXXO..OXXO..OXXOXXO..OXXOXXO..O.
.X..X..X..X..X.....X..X..X..X..X..X..X..X.....X..X..X..X..X..X..............X...........X..X..X..X..X..X.
.X..X..X..X..X.....X..X..X..X..X..X..X..X.....X..X..X..X..X..X..............X...........X..X..X..X..X..X.
.OXXOXXOXXOXXOXXOXXO..OXXOXXOXXOXXOXXOXXO..OXXO..O..O..OXXOXXOXXOXXOXXOXXO..OXXOXXO..OXXOXXOXXOXXOXXOXXO.
.X..X........X..X..X..X..X.....X..X..X..X.....X........X.....X..X..X..X.....X..X........X..X..X..X..X..X.
.X..X........X..X..X..X..X.....X..X..X..X.....X........X.....X..X..X..X.....X..X........X..X..X..X..X..X.
.O..O..O..O..OXXOXXOXXOXXOXXOXXOXXOXXOXXOXXOXXO..OXXOXXO..OXXOXXOXXOXXOXXOXXOXXOXXO..OXXOXXOXXOXXOXXOXXO.
.......X..X..X..X..X..X.....X..X........X..X..X.....X..X.....X..X..X..X..X..X...........X..X..X..X..X..X.
.......X..X..X..X..X..X.....X..X........X..X..X.....X..X.....X..X..X..X..X..X...........X..X..X..X..X..X.
.OXXO..OXXOXXOXXOXXO..O..O..OXXOXXOXXO..OXXO..O.....OXXO..OXXOXXOXXOXXO..OXXOXXOXXO..OXXOXXO..O..OXXOXXO.
.......X.....X..X..X.....X..X.....X.....X..X........X..X.....X..X..X..X..X..X..X...........X.....X..X..X.
.......X.....X..X..X.....X..X.....X.....X..X........X..X.....X..X..X..X..X..X..X...........X.....X..X..X.
.OXXOXXO..O..OXXOXXOXXOXXOXXOXXO..OXXOXXOXXO..O..OXXOXXO..O..O..OXXOXXOXXO..O..O..O..OXXO..OXXOXXOXXOXXO.
....X..X..X..X..X..X..X..X........X..X..X..X..X.....X..X..X.....X..X..X..X........X........X..X..X..X..X.
....X..X..X..X..X..X..X..X........X..X..X..X..X.....X..X..X.....X..X..X..X........X........X..X..X..X..X.
.O..O..O..OXXO..OXXOXXOXXO..O..O..OXXOXXOXXOXXO.....OXXOXXOXXOXXOXXOXXOXXO..OXXO..O..O..O..OXXO..O..OXXO.
.X........X..X..X..X.....X..X..X..X.....X.....X.....X..X..X..X..X..X..X..X...........X..X..X..X.....X..X.
.X........X..X..X..X.....X..X..X..X.....X.....X.....X..X..X..X..X..X..X..X...........X..X..X..X.....X..X.
.OXXOXXOXXOXXOXXOXXOXXOXXOXXOXXOXXOXXOXXOXXOXXOXXO..OXXO..OXXOXXOXXO..O..OXXOXXO..O..O..OXXOXXO..O..OXXO.
.X..X..X..X..X..X..X..X..X..X........X.....X........X..X..X..X.....X.....X..X.....X.....X..X..X..X..X..X.
.X..X..X..X..X..X..X..X..X..X........X.....X........X..X..X..X.....X.....X..X.....X.....X..X..X..X..X..X.
.OXXO..OXXOXXOXXOXXOXXOXXOXXO..O..O..OXXOXXO..OXXO..O..OXXOXXOXXO..OXXOXXO..O..O..OXXOXXOXXO..OXXO..OXXO.
.X..X..X..X........X..X..X..X..X..X..X..X..X...........X..X..X.....X..X..X.....X..X..X..X..X..X..X..X..X.
.X..X..X..X........X..X..X..X..X..X..X..X..X...........X..X..X.....X..X..X.....X..X..X..X..X..X..X..X..X.
.OXXOXXO..O..OXXOXXOXXOXXOXXOXXOXXOXXOXXOXXO.....O..O..OXXOXXO..O..OXXOXXOXXOXXOXXOXXOXXOXXOXXOXXOXXOXXO.
.X.....X........X..X.....X.....X..X..X..X..X.....X..X..X.....X..X..X..X..X..X..X..X..X..X..X.....X..X..X.
.X.....X........X..X.....X.....X..X..X..X..X.....X..X..X.....X..X..X..X..X..X..X..X..X..X..X.....X..X..X.
.O..O..OXXO..O..O..O..OXXO..OXXO..O..O..O..O..O..OXXOXXOXXOXXOXXOXXOXXO..OXXOXXOXXOXXOXXOXXO..O..OXXOXXO.
....X..X.....X...........X.....X..............X..X..X.....X.....X..X..X..X..X.....X........X..X..X..X..X.
....X..X.....X...........X.....X..............X..X..X.....X.....X..X..X..X..X.....X........X..X..X..X..X.
.O..OXXOXXOXXOXXOXXOXXOXXOXXO..O..O..OXXO..O..OXXOXXOXXO..OXXO..OXXOXXOXXOXXOXXOXXOXXOXXO..OXXOXXOXXOXXO.
.X..X..X..X.....X..X..X...........X........X..X...........X.....X..X..X..X..X..X..X..X.....X..X..X..X..X.
.X..X..X..X.....X..X..X...........X........X..X...........X.....X..X..X..X..X..X..X..X.....X..X..X..X..X.
.OXXOXXOXXOXXO..OXXOXXO..OXXOXXO..O..OXXOXXOXXO..O..O..O..O..OXXOXXOXXOXXOXXOXXO..OXXOXXOXXOXXOXXOXXOXXO.
.X..X..X........X..X..X.....X...........X..X..X..X..X..X...........X..X..X..X..X..X..X..X.....X........X.
.X..X..X........X..X..X.....X...........X..X..X..X..X..X...........X..X..X..X..X..X..X..X.....X........X.
.OXXOXXO..OXXO..O..OXXOXXOXXOXXOXXO..O..O..OXXOXXOXXOXXO..O..OXXOXXOXXOXXO..OXXOXXOXXO..OXXO..O..OXXO..O.
.X..X..X...........X..X..X.....X.....X.....X..X..X..X..X..X.....X..X..X..X..X..X..X..X..X................
.X..X..X...........X..X..X.....X.....X.....X..X..X..X..X..X.....X..X..X..X..X..X..X..X..X................
.O..OXXOXXO..O..OXXOXXOXXO..O..OXXOXXO..O..OXXOXXOXXOXXOXXO..O..O..OXXOXXOXXOXXOXXO..OXXO..OXXO..OXXO..O.
....X........X.....X..X..X..X..X..X..X..X..X..X..X.....X..X..X.....X..X..X..X..X..X..X..X..............X.
....X........X.....X..X..X..X..X..X..X..X..X..X..X.....X..X..X.....X..X..X..X..X..X..X..X..............X.
.O..O..OXXO..O..OXXO..OXXOXXOXXOXXOXXOXXOXXOXXOXXOXXO..OXXOXXOXXOXXOXXOXXOXXOXXOXXOXXOXXOXXOXXOXXOXXOXXO.
.X.................X..X..X..X..X.....X..X..X..X..X.....X........X..X..X..X..X.....X..X..X..X..X..X..X..X.
.X.................X..X..X..X..X.....X..X..X..X..X.....X........X..X..X..X..X.....X..X..X..X..X..X..X..X.
.O..O..O..O..O..OXXOXXOXXOXXOXXOXXOXXOXXOXXOXXOXXOXXOXXOXXOXXOXXOXXOXXOXXOXXOXXOXXOXXOXXOXXOXXOXXOXXOXXO.
....X..X..X..X.....X..X.....X..X..X..X..X..X..X..X..X..X..X..X..X..X..X..X..X..X..X........X..X..X..X..X.
....X..X..X..X.....X..X.....X..X..X..X..X..X..X..X..X..X..X..X..X..X..X..X..X..X..X........X..X..X..X..X.
.OXXOXXOXXOXXOXXOXXOXXOXXOXXOXXOXXOXXOXXOXXOXXO..O..OXXOXXOXXOXXOXXOXXOXXOXXOXXOXXOXXOXXOXXOXXOXXOXXOXXO.
.......X..X..X..X........X.....X..X..X..X.....X.....X.....X..X..X..X..X........X..X..X..X..X..X..X..X..X.
.......X..X..X..X........X.....X..X..X..X.....X.....X.....X..X..X..X..X........X..X..X..X..X..X..X..X..X.
.OXXO..O..O..O..O..OXXO..O..OXXOXXOXXOXXOXXO..O.....O.....O..O..O..O..O..OXXO..O..O..O..O..O..O..O..O..O.
.........................................................................................................
