......................................................................................................................................................
.OXXO..OXXO..OXXO.....OXXO..O..O..O..OXXO..O..OXXO.....OXXO..OXXO..O..O.....O.....OXXO.....O..O..............O.....O.....O........OXXO..OXXO.....O..O.
....X.......................X..X..X........X.......................X..X.....X..............X..X..............X.....X.....X...........X...........X..X.
....X.......................X..X..X........X.......................X..X.....X..............X..X..............X.....X.....X...........X...........X..X.
....O..OXXO..OXXO..O..OXXOXXOXXOXXOXXOXXO..O..OXXO..O..OXXO..O.....OXXOXXO..OXXO..OXXO..OXXOXXO..O..O..O..OXXOXXOXXOXXO..O..O..O..O..OXXOXXO..O..OXXO.
...................X.....X..X.....X..X..............X........X.....X........X.................X..X..X..X........X...........X..X..X..X..X.....X..X..X.
...................X.....X..X.....X..X..............X........X.....X........X.................X..X..X..X........X...........X..X..X..X..X.....X..X..X.
.O..OXXO..O..OXXO..O..O..O..O..O..O..O........O..O..O..OXXO..O..O..O..OXXO..O..O..O..O.....O..OXXOXXOXXOXXOXXO..O..OXXO..O..OXXOXXOXXOXXO..O..OXXOXXO.
.X........X...........X........X..............X..X..............X..............X..X..X.....X..X..X..X..X..X..............X..X..X.....X..X..X..X.....X.
.X........X...........X........X..............X..X..............X..............X..X..X.....X..X..X..X..X..X..............X..X..X.....X..X..X..X.....X.
.O..O..O..O..OXXO..O..OXXO..OXXOXXO..O..O..OXXOXXO.....O........O..O..OXXO..O..OXXOXXOXXO..OXXOXXO..O..OXXOXXO.....O..OXXOXXO..O..O..OXXOXXOXXOXXOXXO.
....X..X...........X..X..............X..X........X.....X...........X..X.....X..X.....X.....X.....X.....X...........X.....X..X.....X..X..X..X..X..X..X.
....X..X...........X..X..............X..X........X.....X...........X..X.....X..X.....X.....X.....X.....X...........X.....X..X.....X..X..X..X..X..X..X.
....OXXOXXO..O..OXXOXXO..OXXO..O..OXXOXXO..OXXOXXOXXO..O..OXXO..OXXOXXO.....O..O..O..OXXO..O..O..O.....O..OXXO..O..O..O..O..O.....O..O..O..OXXO..O..O.
....X........X........X........X........X.....X..X..X.............................X..X........X.................X.....X....................X..X.......
....X........X........X........X........X.....X..X..X.............................X..X........X.................X.....X....................X..X.......
....O..OXXOXXOXXOXXO..O..OXXOXXO..OXXOXXOXXOXXOXXOXXOXXO..OXXO..OXXO..OXXO..O..OXXOXXOXXO.....O..OXXO.....OXXO..O..O..O........O.....O.....O..O..O....
..........X.....X...........X..X.....X.....X..X..X..........................X.....X..X.............................X...........X.....X...........X....
..........X.....X...........X..X.....X.....X..X..X..........................X.....X..X.............................X...........X.....X...........X....
.O..O..OXXOXXO..O..O........O..O..O..O..O..O..O..O..OXXOXXO..O..O..OXXOXXOXXOXXO..OXXOXXO..OXXO..OXXO..O..O..OXXO..O..OXXO..OXXOXXOXXOXXO..O.....O....
.X..X........X.....X..............X.....X..............X..X..X..X.....X..X..X.....X....................X..X....................X..X........X..........
.X..X........X.....X..............X.....X..............X..X..X..X.....X..X..X.....X....................X..X....................X..X........X..........
.OXXO..OXXO..O..O..O..OXXO..O.....O..O..O..OXXO........O..O..OXXOXXO..O..O..O..O..O..OXXO..OXXOXXO.....OXXO..O..OXXO..OXXO..O..O..O..OXXO..O.....O....
.X..............X...........X........X.....X.................X.................X.....X........X........X..X..X..............X....................X....
.X..............X...........X........X.....X.................X.................X.....X........X........X..X..X..............X....................X....
.O..OXXO..OXXO..O..OXXOXXOXXOXXO..OXXO..O..OXXO..OXXO..O..O..O..OXXO..O..OXXO..O.....O..O..O..O..O.....O..OXXO..OXXO..O..O..OXXO..O..OXXO..O..O..O..O.
..........X...........X..X...........X..X..X...........X..X...........X.................X..X.....X........X..X........X..X........X........X..X.....X.
..........X...........X..X...........X..X..X...........X..X...........X.................X..X.....X........X..X........X..X........X........X..X.....X.
....OXXO..OXXO..O..OXXO..O..OXXOXXO..OXXO..O..O..OXXOXXOXXOXXOXXO..O..O..O..O..O........OXXOXXO..O..OXXO..OXXOXXO..O..O..O..OXXO..O..OXXOXXOXXOXXOXXO.
..........X.....X.....X........X.....X..X.....X.....X.....X..X.....X.....X..X..X........X.................X..X.....X....................X..X.....X..X.
..........X.....X.....X........X.....X..X.....X.....X.....X..X.....X.....X..X..X........X.................X..X.....X....................X..X.....X..X.
.O..O..OXXOXXO..O..O..O..O..OXXOXXOXXOXXO..OXXOXXOXXOXXO..O..OXXOXXO..OXXOXXO..O..O..O..O..O..O..O..O..O..OXXO..O..OXXO.....O..OXXO..OXXOXXO..O..O..O.
.X..X..............X.....X........X..X..X.....X..X..X........X..X..X.....X........X..X.....X..X..X..X..X..X..X..X..X........X..............X..X.......
.X..X..............X.....X........X..X..X.....X..X..X........X..X..X.....X........X..X.....X..X..X..X..X..X..X..X..X........X..............X..X.......
.OXXO..O..OXXOXXOXXOXXO..O..OXXOXXOXXO..O..OXXOXXOXXOXXO..OXXO..O..O..O..O.....OXXOXXO..OXXOXXOXXOXXOXXOXXOXXOXXO..O..OXXO..OXXOXXOXXOXXOXXOXXO..O..O.
.X.....X.....X..X..............X..X...........X..X...........X........X..............X..............X..X........X...........X..X..X..X..X..X.....X..X.
.X.....X.....X..X..............X..X...........X..X...........X........X..............X..............X..X........X...........X..X..X..X..X..X.....X..X.
.O.....O..OXXO..O..OXXO..OXXOXXOXXOXXO..OXXO..OXXOXXOXXOXXOXXO..OXXO..O..O........OXXO..O..O..O..OXXO..O........OXXO..OXXO..O..OXXOXXOXXO..OXXOXXOXXO.
.............X..............X..X..X...........X..X..X..X..X..X...........X..............X..X..X..X..X...........X..............X..X........X..X.....X.
.............X..............X..X..X...........X..X..X..X..X..X...........X..............X..X..X..X..X...........X..............X..X........X..X.....X.
....O..O..O..O..O..O..OXXOXXOXXOXXOXXOXXOXXO..O..O..OXXOXXOXXOXXO.....O..O.....OXXO..O..OXXOXXOXXOXXOXXO..O..O..O.....OXXOXXOXXO..O..O..OXXO..O..O..O.
....X..X..X.....X..X.....X..X..X..X..X..X...........X..X..............X..............X..X..X..X..X..X.....X..X...........X..X..X.....X.....X.....X....
....X..X..X.....X..X.....X..X..X..X..X..X...........X..X..............X..............X..X..X..X..X..X.....X..X...........X..X..X.....X.....X.....X....
.OXXOXXOXXO..OXXO..OXXO..O..O..O..O..O..O.....OXXO..OXXO..O..OXXO..OXXO..OXXO..OXXOXXOXXOXXOXXOXXO..O..O..OXXO..OXXO..O..O..O..OXXOXXOXXO..OXXO..O....
.......X..X.....X..X................................X..X..X...........X...........X.....X..X..X..X.....X.....X........X........X..X..X.....X..........
.......X..X.....X..X................................X..X..X...........X...........X.....X..X..X..X.....X.....X........X........X..X..X.....X..........
.OXXOXXOXXOXXOXXOXXOXXO.....OXXO.....OXXO..O..OXXO..OXXOXXOXXO.....OXXOXXOXXOXXO..O..O..O..OXXOXXOXXOXXOXXOXXOXXOXXOXXO..OXXO..OXXOXXOXXO..O..O.....O.
....X.....X..X..X..X.......................X........X..X..............X..X..X........X.....X..X..X..X..X..X.....X..X..X........X..X...........X.....X.
....X.....X..X..X..X.......................X........X..X..............X..X..X........X.....X..X..X..X..X..X.....X..X..X........X..X...........X.....X.
.O..O..OXXOXXOXXO..O.....O..OXXOXXO..OXXOXXOXXO..OXXOXXOXXOXXO..OXXO..O..OXXOXXO..O..O.....OXXO..O..OXXO..O.....OXXOXXO.....OXXOXXOXXOXXOXXO..OXXOXXO.
.X...........X..X........X.....X........X..............X..X..............X..X.....X........X..X.....X..X........X..X..X........X..X..X..X.....X..X..X.
.X...........X..X........X.....X........X..............X..X..............X..X.....X........X..X.....X..X........X..X..X........X..X..X..X.....X..X..X.
.O..O..OXXO..O..O..OXXOXXOXXO..OXXOXXOXXOXXOXXOXXOXXOXXOXXOXXO..OXXOXXOXXOXXO..OXXOXXO..O..O..OXXOXXOXXOXXO..O..O..O..O..O..O..O..OXXOXXOXXOXXOXXO..O.
....X.................X...........X..X..X..X..X..X..X..............X..X..X..X.....X.....X.....X..X..X..X.....X...........X..X.....X.....X..X..........
....X.................X...........X..X..X..X..X..X..X..............X..X..X..X.....X.....X.....X..X..X..X.....X...........X..X.....X.....X..X..........
.OXXOXXOXXOXXO..OXXO..OXXO..O.....O..OXXOXXOXXOXXOXXOXXO.....O..O..O..O..OXXOXXOXXOXXO..O.....O..O..OXXO..OXXOXXOXXOXXOXXOXXOXXOXXOXXO..O..O..O..O..O.
.......X..X...........X.....X........X..X.....X..X..X........X..X........X..X..X....................X..X........X..X..X..X..X..X..X..X........X..X..X.
.......X..X...........X.....X........X..X.....X..X..X........X..X........X..X..X....................X..X........X..X..X..X..X..X..X..X........X..X..X.
.OXXOXXOXXOXXOXXOXXO..OXXOXXOXXO..O..O..O..O..O..O..O..O.....OXXOXXO..OXXOXXO..O..O..OXXO..OXXOXXOXXO..O..O.....OXXO..OXXO..O..O..O..O..OXXOXXOXXOXXO.
....X..X..X..X..X.....X..X........X........X...........X.....X..X...........X.....X...........X..X..X.....X.....X..X..X..X.................X..X..X..X.
....X..X..X..X..X.....X..X........X........X...........X.....X..X...........X.....X...........X..X..X.....X.....X..X..X..X.................X..X..X..X.
....O..O..OXXOXXOXXOXXOXXO..OXXO..O..O.....O..O.....OXXOXXO..O..O.....OXXO..O.....O.....O..O..O..OXXOXXOXXO..O..O..OXXOXXOXXO........OXXOXXO..O..O..O.
..........X..X.....X.....X...........X........X........X................................X..X.....X..X..X..X..X........X.................X..X..........
..........X..X.....X.....X...........X........X........X................................X..X.....X..X..X..X..X........X.................X..X..........
.O..O..OXXOXXO..O..O..O..O..O..O..OXXO..OXXOXXOXXO..O..OXXO.....O.....O..O.....O.....O..OXXO..O..OXXOXXOXXOXXOXXO.....O..OXXO..O..O..O..OXXOXXO..O..O.
.X..X........X..X.....X.....X..X.....X.....X..X.....X..X........X.....X..X.....X.....X..X..X..X..X.....X..X....................X..X..X..X..X..X..X..X.
.X..X........X..X.....X.....X..X.....X.....X..X.....X..X........X.....X..X.....X.....X..X..X..X..X.....X..X....................X..X..X..X..X..X..X..X.
.OXXOXXOXXO..O..O.....O..O..OXXO.....O..OXXO..O..OXXOXXO..O..OXXOXXOXXOXXOXXO..O..O..O..O..OXXO..O..O..O..O..O..O..OXXO..O..OXXOXXOXXOXXOXXOXXO..O..O.
.X..X..X.................X..X..X...........X...........X..X........X..X..X........X........X..X.....X........X..X........X........X..X........X.......
.X..X..X.................X..X..X...........X...........X..X........X..X..X........X........X..X.....X........X..X........X........X..X........X.......
.O..O..O..O..O..OXXO..O..OXXOXXOXXO........O..OXXO.....OXXOXXO..O..O..O..O..O..O..O..O.....OXXO.....O..OXXOXXOXXOXXOXXO..O..OXXO..O..O..O..OXXOXXOXXO.
..........X..X........X..X.............................X........X...........X..X.....X.....X..X...........X..X..X..X....................X........X....
..........X..X........X..X.............................X........X...........X..X.....X.....X..X...........X..X..X..X....................X........X....
....O..OXXOXXOXXOXXO..O..OXXOXXOXXO..O..O..OXXO..OXXO..O..O..O..O........O..OXXOXXO..O..OXXOXXO.....O.....OXXO..O..O..O..O..O..O..O..OXXO..OXXOXXO..O.
....X........X..X........X..X..X.....X..X.................X..X...........X..X..X..............X.....X.....X..X........X..X..X..X..X.....X.....X..X..X.
....X........X..X........X..X..X.....X..X.................X..X...........X..X..X..............X.....X.....X..X........X..X..X..X..X.....X.....X..X..X.
.OXXOXXOXXOXXOXXO..O..OXXOXXOXXOXXOXXO..O..O..OXXO..O..OXXOXXOXXO..O..O..O..O..O.....O..O..O..O..OXXO.....O..OXXOXXOXXOXXOXXOXXO..O..O..O.....OXXOXXO.
.......X..X..X..X..X..............X........X........X........X.....X..X..............X..X..X........X........X..X..X..X..X..X..X.....X........X.....X.
.......X..X..X..X..X..............X........X........X........X.....X..X..............X..X..X........X........X..X..X..X..X..X..X.....X........X.....X.
.OXXO..OXXOXXOXXOXXOXXOXXOXXOXXOXXO..O..O..O..OXXO..O..OXXO..OXXO..OXXOXXOXXOXXO..O..O..OXXO..O..OXXO........O..O..O..O..O..O..OXXOXXOXXO.....O..OXXO.
.......X..X..X..X.....X..X..X..X..X..X..X....................X.....X.....X..X.....X...........X.....X..........................X..X.................X.
.......X..X..X..X.....X..X..X..X..X..X..X....................X.....X.....X..X.....X...........X.....X..........................X..X.................X.
.OXXOXXO..O..O..O..O..O..O..O..OXXOXXOXXOXXOXXO..OXXO........O..OXXO..OXXOXXOXXO..O...........O..OXXOXXO..O..O...........O..O..O..O..O..O..O..O..O..O.
....X..X...........X...........X..X..X..X..X.......................X.....X..X.............................X..X...........X..X........X..X..X..X..X....
....X..X...........X...........X..X..X..X..X.......................X.....X..X.............................X..X...........X..X........X..X..X..X..X....
.OXXOXXOXXO..O..OXXOXXO..O..O..OXXO..O..OXXO..O..O..O..O..O..O..O..O.....OXXOXXO..O..O..O..O..O..O..O..O..OXXO..O..O..O..OXXO..OXXO..OXXOXXOXXO..O..O.
.............X.....X..X..X..X..X..X.....X..X..X..X..X..X..X..X..X........X........X..X..X..X..X..X..X..X..X..X..X..X..X..X..X........X..X..X..X.....X.
.............X.....X..X..X..X..X..X.....X..X..X..X..X..X..X..X..X........X........X..X..X..X..X..X..X..X..X..X..X..X..X..X..X........X..X..X..X.....X.
.OXXO..OXXO..O..OXXOXXOXXOXXO..O..O..OXXOXXOXXOXXOXXOXXOXXOXXO..O..OXXO..O..OXXO..O..OXXOXXOXXOXXOXXOXXOXXOXXOXXOXXOXXOXXOXXOXXO..OXXOXXO..O..O.....O.
......................................................................................................................................................
