.......................................................................................................................................
.OXXO..OXXOXXO.....OXXO..OXXO..O..O..OXXO..OXXO........O..OXXO...........OXXO..OXXOXXO..OXXO..OXXOXXO..OXXO.....OXXO..O..OXXO..OXXO..O.
....X.....X...........X.....X..X..X..X..X..............X..X..X.................X..X.....X........X..X.....X...........X........X..X..X.
....X.....X...........X.....X..X..X..X..X..............X..X..X.................X..X.....X........X..X.....X...........X........X..X..X.
.OXXOXXO..OXXO..OXXOXXOXXOXXO..OXXOXXO..O..OXXO..O..OXXOXXO..O..OXXO..OXXO..OXXOXXOXXO..O..OXXO..OXXO..OXXOXXO..OXXOXXO.....OXXO..OXXO.
.X...........X.....X..X..X.....X..X........X.....X..X...........X.....X..X........X.................X..............X..X.....X..X.....X.
.X...........X.....X..X..X.....X..X........X.....X..X...........X.....X..X........X.................X..............X..X.....X..X.....X.
.OXXO..O..OXXOXXOXXOXXOXXOXXOXXO..OXXO.....O..O..O..O..OXXO..OXXO.....O..O..O..OXXO..O.....OXXOXXOXXO..OXXO..OXXO..O..OXXO..OXXO..OXXO.
....X..X.....X..X...........X.................X.............................X.....X..X........X..X..............X.....X..X.............
....X..X.....X..X...........X.................X.............................X.....X..X........X..X..............X.....X..X.............
.O..OXXO..OXXO..O.....O..OXXO.....OXXOXXO..O..O..OXXOXXO..OXXO.....O..OXXO..OXXO..OXXO..OXXOXXO..O..O..O..OXXO..OXXOXXOXXO..O..OXXO..O.
.X.....X..............X..X........X..X.....X.....X..X..X...........X..X...........X..X.....X........X..X.....X..X..X........X.....X..X.
.X.....X..............X..X........X..X.....X.....X..X..X...........X..X...........X..X.....X........X..X.....X..X..X........X.....X..X.
.O..OXXOXXO..O........O..OXXOXXOXXO..O.....O..OXXO..O..O..O..O..O..OXXO.....OXXOXXO..O..OXXOXXO..OXXOXXO..O..OXXOXXO.....OXXOXXO..OXXO.
....X..X..X..X...........X..X..X..............X...........X..X..X..............X...........X..X.....X..X..X..X.....X..............X..X.
....X..X..X..X...........X..X..X..............X...........X..X..X..............X...........X..X.....X..X..X..X.....X..............X..X.
....O..O..O..OXXO..O..OXXOXXOXXOXXO.....OXXO..O..OXXOXXO..OXXOXXO..OXXO..O..OXXO........O..OXXO..OXXOXXO..OXXOXXO..O..OXXO..OXXO..OXXO.
.............X.....X.....X..........................X.....X..X........X..X..X...........X......................................X.....X.
.............X.....X.....X..........................X.....X..X........X..X..X...........X......................................X.....X.
....OXXO..O..O..O..O..O..O.....OXXO..O..OXXOXXOXXOXXOXXO..O..O..O..OXXOXXOXXOXXO........O.....OXXOXXO..O..OXXO..O..OXXO..OXXO..O..OXXO.
..........X.....X.....X..............X.....X..X..X..............X.....X..X.....X..............X..X.....X..X.....X..X.....X.............
..........X.....X.....X..............X.....X..X..X..............X.....X..X.....X..............X..X.....X..X.....X..X.....X.............
.O..OXXO..O.....OXXO..O..O.....OXXO..O..O..OXXOXXO..OXXO.....O..O..OXXOXXO..OXXO..OXXO..OXXOXXO..O.....OXXO..O..OXXOXXOXXO..OXXOXXO....
.X.......................X..............X..X.................X..............X...........X..X...........X.....X.....X..X........X.......
.X.......................X..............X..X.................X..............X...........X..X...........X.....X.....X..X........X.......
.O..O.....OXXO..OXXO..OXXO.....OXXO..OXXOXXOXXO........O..OXXO.....OXXO..OXXO..O..OXXOXXO..OXXO..OXXOXXOXXO..OXXO..OXXO..O..O..OXXO..O.
....X.....X..............X........X.....X..............X.................X..X..X..X..X.....X..X..X..X..X.................X..X........X.
....X.....X..............X........X.....X..............X.................X..X..X..X..X.....X..X..X..X..X.................X..X........X.
.OXXO..OXXO..O..OXXO.....O..OXXO..O..OXXO..OXXO..OXXO..OXXO..OXXO..OXXO..O..O..OXXOXXOXXO..OXXO..OXXO..O..O.....OXXO..OXXOXXOXXO.....O.
..........X..X.................X........X........X.....X.....X....................X..............X..X.....X...........X..X..X..........
..........X..X.................X........X........X.....X.....X....................X..............X..X.....X...........X..X..X..........
.OXXO..O..OXXOXXO.....O..O..OXXOXXO.....OXXO..OXXO..OXXO..O..O.....OXXOXXO..OXXOXXO..O..OXXO..OXXO..OXXOXXO.....O..OXXOXXOXXO..OXXO..O.
.......X..X...........X..X.....X...........X.....X..X.....X...........X..X.....X.....X.....X..X.....X..X..X.....X..X..X..X...........X.
.......X..X...........X..X.....X...........X.....X..X.....X...........X..X.....X.....X.....X..X.....X..X..X.....X..X..X..X...........X.
.OXXO..OXXOXXO..O..OXXO..OXXO..OXXO..O..OXXOXXOXXO..O..OXXOXXO..O.....OXXO..O..O..O..O.....OXXOXXO..OXXO..O..OXXOXXOXXO..O..OXXO..OXXO.
..........X.....X..............X..X..X.....X..X..X.....X..X..X..X.....X.....X.....X........X..X........X....................X........X.
..........X.....X..............X..X..X.....X..X..X.....X..X..X..X.....X.....X.....X........X..X........X....................X........X.
.OXXO..OXXO..O..O........O.....O..OXXOXXO..O..OXXO..OXXO..O..OXXO.....OXXOXXOXXO..OXXOXXO..OXXO..OXXOXXO..OXXO.....O..OXXOXXO..OXXOXXO.
.............X...........X........X..X..X....................X........X..X..X..X..X..X.....X..X.....X..X.....X.....X.....X..X.....X..X.
.............X...........X........X..X..X....................X........X..X..X..X..X..X.....X..X.....X..X.....X.....X.....X..X.....X..X.
.OXXO..OXXO..O.....OXXOXXOXXO..OXXOXXO..OXXO..OXXO........OXXO..OXXO..OXXO..OXXOXXOXXOXXOXXO..OXXOXXO..O..OXXOXXO..O.....O..O..O..OXXO.
.X.....X..............X..X..X..X..X.....X..X....................X..X.....X........X.....X.....X..X..X...........X..............X.....X.
.X.....X..............X..X..X..X..X.....X..X....................X..X.....X........X.....X.....X..X..X...........X..............X.....X.
.O..OXXO..OXXOXXO..OXXOXXO..O..OXXO..OXXO..OXXOXXOXXOXXO..OXXO..OXXOXXOXXO.....O..OXXO..O.....OXXO..OXXOXXO..OXXO.....O..OXXO..O..OXXO.
....X........X...........X........X..X..X.....X..X..X...........X.....X..X.....X.....X........X.....X..X..............X..X...........X.
....X........X...........X........X..X..X.....X..X..X...........X.....X..X.....X.....X........X.....X..X..............X..X...........X.
.O..OXXO.....OXXO..O..OXXOXXOXXOXXOXXO..O..O..OXXOXXO........O..OXXO..OXXO..OXXO..O..O........O..OXXOXXOXXO..OXXO.....OXXOXXOXXOXXOXXO.
.X..X..............X........X..X...........X.................X..X...........X.....X.........................................X..X..X..X.
.X..X..............X........X..X...........X.................X..X...........X.....X.........................................X..X..X..X.
.OXXO..O..O..O..OXXOXXO.....OXXOXXO..O..O..O..OXXO..OXXO..O..OXXO..O..OXXO..O.....OXXO..OXXOXXOXXOXXO..OXXO..OXXO..O..O..OXXOXXO..O..O.
.X..X..X..X..X........X........X..X..X..X.....X.....X..X..X..X.....X....................X..X..X..X.....X.....X..X..X..X........X.......
.X..X..X..X..X........X........X..X..X..X.....X.....X..X..X..X.....X....................X..X..X..X.....X.....X..X..X..X........X.......
.OXXOXXO..O..O..OXXOXXOXXO..O..O..OXXOXXO..OXXO..OXXOXXOXXOXXO..O..O..O..OXXO..O.....OXXOXXO..OXXOXXOXXOXXO..OXXO..OXXO.....OXXOXXO..O.
.X.....X........X..X..X..X..X.................X.....X........X..X.....X..X..X..X........X........X..X..X..X..X.....X..X........X.....X.
.X.....X........X..X..X..X..X.................X.....X........X..X.....X..X..X..X........X........X..X..X..X..X.....X..X........X.....X.
.O..OXXOXXOXXO..OXXOXXO..O..O..OXXO........O..OXXO..OXXOXXO..OXXO..OXXO..O..OXXO..OXXO..O..OXXOXXO..O..O..O..OXXO..O..OXXO..OXXOXXO..O.
..........X..X..X..X..X....................X..X..X.....X........X.....X.....X.....X...........X..X...........X.................X.......
..........X..X..X..X..X....................X..X..X.....X........X.....X.....X.....X...........X..X...........X.................X.......
.OXXO..OXXO..O..O..O..O.....O..O.....OXXO..OXXOXXOXXO..OXXO.....O..OXXOXXO..O..OXXO..O..OXXOXXOXXO.....OXXOXXO..O..O..OXXOXXO..OXXOXXO.
....X..X....................X..X.........................................X........X..X.....X..X..X.....X..X.....X..X.....X.....X..X..X.
....X..X....................X..X.........................................X........X..X.....X..X..X.....X..X.....X..X.....X.....X..X..X.
.OXXO..OXXO..OXXOXXO..O..OXXOXXOXXO..O.....OXXO..OXXO..OXXO.....OXXO..OXXO..OXXO..OXXO..OXXOXXO..O..OXXOXXO..O..O..OXXO..O.....OXXOXXO.
.X..............X.....X.....X..X..X..X.....X...........X..............X....................X.................X.......................X.
.X..............X.....X.....X..X..X..X.....X...........X..............X....................X.................X.......................X.
.O.....OXXO..O..OXXO..OXXO..OXXO..O..O..OXXO..OXXO..OXXO...........OXXO..OXXO..O..O..O..OXXO..O..OXXO..OXXO..O.....OXXO..OXXO..O..OXXO.
..........X..X.....X.....X..X....................X..........................X..X..X..X........X.....X.....X........X.....X.....X.....X.
..........X..X.....X.....X..X....................X..........................X..X..X..X........X.....X.....X........X.....X.....X.....X.
.OXXO.....OXXO..OXXOXXOXXO..OXXO..O..OXXO..OXXO..OXXO..OXXO.....OXXO..O..OXXO..OXXO..OXXO.....OXXO..O..OXXOXXO..O..O.....OXXOXXOXXOXXO.
..........X..X.....X..X........X..X.......................X........X..X........X.....X..X.....X..X..............X...........X..X..X..X.
..........X..X.....X..X........X..X.......................X........X..X........X.....X..X.....X..X..............X...........X..X..X..X.
.OXXOXXO..OXXO.....O..OXXO..OXXOXXO..OXXO..OXXO..OXXO..OXXO..OXXOXXO..O..OXXOXXOXXO..O..O..O..OXXO..OXXO..O..OXXO..OXXO..OXXOXXOXXO..O.
....X..X..X...........X.....X..X........X...........X..X..X.....X...........X..X...........X...........X..X.................X..........
....X..X..X...........X.....X..X........X...........X..X..X.....X...........X..X...........X...........X..X.................X..........
.OXXOXXOXXOXXO........O..OXXO..O.....OXXO..O.....OXXOXXOXXOXXOXXO..OXXOXXO..OXXOXXOXXO..OXXO..OXXO..OXXOXXOXXO..OXXO........O.....OXXO.
.......X....................X...........X..X...........X.....X........X..X........X........X........X..X.....X..X.................X..X.
.......X....................X...........X..X...........X.....X........X..X........X........X........X..X.....X..X.................X..X.
....O..OXXO.....O........O..O..OXXO..O..OXXO..OXXO..O..O..OXXOXXO..O..O..O..O.....O........OXXO..OXXOXXOXXO..O..OXXO..OXXOXXO.....OXXO.
....X..X........X........X...........X..X.....X.....X........X.....X........X.......................X..X..............X..X........X..X.
....X..X........X........X...........X..X.....X.....X........X.....X........X.......................X..X..............X..X........X..X.
.OXXOXXO..OXXO..O..O..OXXO..OXXOXXO..OXXO..O..O..OXXO..OXXO..OXXO..O..OXXO..OXXOXXO........O.....OXXOXXO..OXXO........O..O.....OXXOXXO.
.X..X..X...........X..X..X.....X..X..X..X..X....................X.....X........X...........X...........X.....X.......................X.
.X..X..X...........X..X..X.....X..X..X..X..X....................X.....X........X...........X...........X.....X.......................X.
.OXXO..O........OXXOXXOXXO..OXXOXXOXXOXXO..OXXO..OXXO..O..O..O..OXXOXXOXXO..O..O........OXXO.....OXXO..OXXO..O..OXXO..OXXO..OXXO..OXXO.
....X...........X..X..X..X..X..X.....X.....X..X........X..X..X.....X........X..............X....................X..X.....X........X..X.
....X...........X..X..X..X..X..X.....X.....X..X........X..X..X.....X........X..............X....................X..X.....X........X..X.
.OXXO.....OXXO..O..OXXOXXO..O..O.....OXXOXXOXXO..O..OXXOXXOXXOXXOXXO.....O..OXXO.....O..OXXOXXO..OXXO..O..OXXO..OXXOXXO..O..OXXO..OXXO.
.X........X........X..X..X..............X..X.....X..X..X........X........X...........X..X.....X........X..X.....X..............X..X..X.
.X........X........X..X..X..............X..X.....X..X..X........X........X...........X..X.....X........X..X.....X..............X..X..X.
.O..O..OXXO..OXXO..OXXOXXOXXOXXO..OXXO..OXXO..OXXO..O..OXXO..OXXO..O..OXXOXXO..OXXO..OXXO..OXXO..OXXO..O..OXXO..O..O..OXXOXXOXXO..O..O.
....X..X.....X..X........X..X........X..X..X....................X..X.....X...........X..X.....X.....X.....X..X.....X.....X..X..X.......
....X..X.....X..X........X..X........X..X..X....................X..X.....X...........X..X.....X.....X.....X..X.....X.....X..X..X.......
.OXXOXXO.....OXXO..O.....OXXOXXOXXOXXOXXO..O.....OXXO..OXXO..OXXOXXOXXO..O........OXXOXXO..OXXO..OXXO..OXXO..OXXOXXOXXO..OXXOXXO..OXXO.
....X........X..X..X.....X.....X..X.................X..X..X..X....................X....................X.....X..X...........X........X.
....X........X..X..X.....X.....X..X.................X..X..X..X....................X....................X.....X..X...........X........X.
....OXXO..OXXO..OXXO..O..O..O..OXXO..O.....OXXO..OXXOXXO..OXXOXXO..O..OXXO..O..OXXOXXO..OXXO..OXXO..O..O.....O..O..OXXO..O..O..O..OXXO.
................X..X..X.....X..X.....X...........X...........X.....X..X..X..X..X........X........X..X.................X..X.....X..X..X.
................X..X..X.....X..X.....X...........X...........X.....X..X..X..X..X........X........X..X.................X..X.....X..X..X.
.O..OXXOXXO..OXXOXXOXXOXXO..OXXO.....O..OXXO..OXXO.....O..OXXOXXOXXOXXO..OXXOXXO..O..OXXO.....OXXO..O...........OXXO..OXXO..OXXOXXOXXO.
.X.....X........X...........X..X...........X..X........X.....X..X..X.....X..X.....X.....X.......................X..............X..X..X.
.X.....X........X...........X..X...........X..X........X.....X..X..X.....X..X.....X.....X.......................X..............X..X..X.
.OXXOXXO.....O..OXXO..O..OXXOXXO..OXXO..OXXOXXOXXO.....O..OXXO..OXXOXXOXXO..O.....O..OXXOXXOXXOXXO..OXXO..O..OXXO..O..OXXOXXOXXOXXOXXO.
.X..X........X.....X..X.....X........X..X.......................X.....X..X.................X..X..X........X........X.....X..X..X.....X.
.X..X........X.....X..X.....X........X..X.......................X.....X..X.................X..X..X........X........X.....X..X..X.....X.
.OXXO..OXXOXXOXXO..O..OXXO..OXXO..O..OXXOXXO..O........OXXO..OXXO..OXXOXXO........OXXO..OXXOXXO..O..O..OXXO..OXXO..O..O..O..OXXO..OXXO.
....X.....X..X.................X..X...........X...........X...........X...........X.....X..X........X...........X.....X.....X.....X..X.
....X.....X..X.................X..X...........X...........X...........X...........X.....X..X........X...........X.....X.....X.....X..X.
.OXXO..O..OXXOXXOXXO..OXXOXXO..OXXO..OXXO..OXXO..O..OXXOXXOXXO..OXXO..OXXO.....O..OXXO..O..O.....OXXOXXOXXO..O..OXXO..O..OXXO..OXXO..O.
.X..X..X........X..X.....X.......................X..X..X..X.....X..X..X........X..X....................X..X..X..X..X.....X.....X..X....
.X..X..X........X..X.....X.......................X..X..X..X.....X..X..X........X..X....................X..X..X..X..X.....X.....X..X....
.OXXO..OXXO.....OXXOXXOXXO.....OXXO..OXXO..OXXO..O..OXXO..OXXO..OXXOXXOXXOXXO..O..OXXO..OXXO..O..O..OXXOXXO..O..OXXO..OXXO..O..O..OXXO.
...................X..X...........X.....X.....X..............X.....X..X..X...........X..X.....X..X..X..X..............X.....X..........
...................X..X...........X.....X.....X..............X.....X..X..X...........X..X.....X..X..X..X..............X.....X..........
.OXXOXXO..OXXOXXOXXOXXOXXO.....OXXO.....OXXO..OXXOXXOXXOXXO..OXXO..OXXOXXO.....OXXO..OXXO..OXXOXXO..O..OXXO..OXXO..OXXOXXO..O..O..O..O.
.X..X..X.....X..X..X..X..X.....X........X..X..X..X..X..X..X........X...........X..X.....X.....X..X.....X.....X..X..X..X........X..X..X.
.X..X..X.....X..X..X..X..X.....X........X..X..X..X..X..X..X........X...........X..X.....X.....X..X.....X.....X..X..X..X........X..X..X.
.OXXOXXOXXO..OXXOXXOXXOXXOXXO..OXXO..OXXOXXOXXOXXOXXOXXOXXOXXO..OXXO..OXXO..OXXOXXOXXO..OXXO..OXXO..OXXO..OXXOXXOXXOXXO.....OXXOXXOXXO.
.......................................................................................................................................
