......................................................................................................................................................
.O..O..O..OXXO.....O.....O..O..OXXO.....O..O..O..O..OXXO..O.....O..O..O..OXXO..OXXO..O..OXXO..O..O..O..O........O..O..OXXO..OXXOXXOXXOXXO..O.....O..O.
.X..X..X...........X.....X..X...........X..X..X..X........X.....X..X..X..............X........X..X..X..X........X..X...........X..X..X.....X.....X..X.
.X..X..X...........X.....X..X...........X..X..X..X........X.....X..X..X..............X........X..X..X..X........X..X...........X..X..X.....X.....X..X.
.OXXOXXOXXOXXO..O..OXXOXXOXXOXXOXXOXXOXXOXXOXXOXXOXXOXXOXXOXXOXXOXXOXXOXXOXXOXXOXXOXXO..OXXOXXOXXOXXOXXO..O..OXXOXXOXXOXXOXXOXXOXXO..OXXOXXOXXO..OXXO.
.X..X..X..X.....X..X..X.....X..X..X..X..X..X..X..X..X..X.....X.....X..X..X..X..X..X..X.....X..X..X..X..X..X........X..X..X..X..X..X..X..X..X.....X..X.
.X..X..X..X.....X..X..X.....X..X..X..X..X..X..X..X..X..X.....X.....X..X..X..X..X..X..X.....X..X..X..X..X..X........X..X..X..X..X..X..X..X..X.....X..X.
.OXXOXXOXXO..O..OXXOXXOXXOXXOXXOXXOXXOXXOXXO..OXXOXXOXXOXXOXXOXXOXXOXXOXXOXXOXXOXXOXXOXXOXXOXXOXXOXXOXXOXXOXXO..O..OXXO..O..OXXOXXOXXOXXOXXOXXOXXOXXO.
.X........X..X..X.....X..X..X..X..X..X..X..X..X.....X..X..X..X..X..X..X..X..X..X.....X..X..X..X..X..X..X........X..X..X.....X..X..X..X..X..X..X..X..X.
.X........X..X..X.....X..X..X..X..X..X..X..X..X.....X..X..X..X..X..X..X..X..X..X.....X..X..X..X..X..X..X........X..X..X.....X..X..X..X..X..X..X..X..X.
.O..OXXO..O..OXXOXXOXXOXXOXXOXXOXXOXXOXXOXXOXXO.....O..O..OXXOXXOXXOXXOXXOXXO..O..O..OXXO..O..O..O..O..O.....OXXOXXOXXO..O..OXXOXXOXXOXXOXXOXXOXXO..O.
.............X..X..X.....X..X..X..X.....X..X..X...........X.....X........X..X.....X..X..X.......................X..X..X..X..X..X...........X.....X....
.............X..X..X.....X..X..X..X.....X..X..X...........X.....X........X..X.....X..X..X.......................X..X..X..X..X..X...........X.....X....
.O..O..OXXO..O..O..OXXOXXOXXOXXOXXOXXOXXOXXOXXOXXOXXOXXOXXOXXOXXO..O..O..O..O..O..OXXOXXOXXO..O.....O..O..O..O..OXXOXXOXXOXXOXXOXXO..O.....O..O..O..O.
.X..X..............X..X..X.....X..X..X.....X..X..X..X..X.....X..X..X..X........X..X..X........X.....X..X..X..X..X..X..X..X..X..X.....X........X.....X.
.X..X..............X..X..X.....X..X..X.....X..X..X..X..X.....X..X..X..X........X..X..X........X.....X..X..X..X..X..X..X..X..X..X.....X........X.....X.
.OXXO..OXXO.....OXXOXXOXXO..O..O..O..O..O..OXXOXXOXXOXXOXXOXXOXXOXXOXXOXXO..OXXOXXO..O..O..O..OXXOXXOXXOXXOXXOXXOXXOXXOXXOXXOXXO..O..OXXOXXOXXOXXOXXO.
.X..X..............X..X..X..X...........X..X..X........X..X.....X..X..............X.....X..X..X..X.....X..X..X.................X..X..X..X..X..X..X..X.
.X..X..............X..X..X..X...........X..X..X........X..X.....X..X..............X.....X..X..X..X.....X..X..X.................X..X..X..X..X..X..X..X.
.O..OXXOXXO..O.....OXXOXXOXXO..O..O..O..OXXO..OXXOXXOXXO..O..OXXOXXOXXOXXO..OXXOXXOXXOXXOXXOXXOXXO..O..O..O..O..OXXOXXOXXO.....OXXO..O..OXXOXXOXXOXXO.
....X..X.....X.....X..X..X..X..X..X..X..X..X..X..X..X..X..............X........X..X..X........X..X..X..............X..X........X..X.....X..X..X..X..X.
....X..X.....X.....X..X..X..X..X..X..X..X..X..X..X..X..X..............X........X..X..X........X..X..X..............X..X........X..X.....X..X..X..X..X.
.OXXOXXOXXOXXO..O..OXXOXXOXXOXXOXXOXXOXXOXXOXXO..OXXO..O..O..OXXOXXOXXO..O..O..O..O..OXXOXXOXXOXXOXXOXXO..O..O..OXXOXXOXXOXXOXXOXXO..OXXOXXOXXO..OXXO.
.......X..X..X..X..X..X..X..X..X..X..X..X..X..X..X..X.....X.....X..X..X..X..X........X..X..X..X..X..X.....X..X........X..X..X..X..X...........X..X..X.
.......X..X..X..X..X..X..X..X..X..X..X..X..X..X..X..X.....X.....X..X..X..X..X........X..X..X..X..X..X.....X..X........X..X..X..X..X...........X..X..X.
.OXXOXXOXXOXXOXXOXXOXXOXXOXXOXXOXXOXXO..OXXOXXOXXO..OXXOXXOXXOXXOXXOXXOXXOXXOXXOXXOXXOXXOXXO..OXXOXXO..O..OXXOXXOXXOXXOXXOXXOXXOXXO..O..OXXOXXOXXOXXO.
....X........X.....X..X.....X..X.....X..X..X.....X..X..X..X..X.....X..X..X..X..X..X..X.....X..X.....X..X..X..X..X..X..X..X..X..X..X..X.....X..X..X..X.
....X........X.....X..X.....X..X.....X..X..X.....X..X..X..X..X.....X..X..X..X..X..X..X.....X..X.....X..X..X..X..X..X..X..X..X..X..X..X.....X..X..X..X.
.OXXOXXOXXOXXO..O..OXXOXXOXXOXXO..O..OXXOXXO..O..O..O..OXXOXXO..OXXOXXOXXOXXOXXOXXOXXOXXOXXOXXOXXOXXOXXOXXOXXO..O..OXXOXXOXXOXXOXXOXXOXXOXXOXXOXXOXXO.
.......X..X..X..X..X..X..X..X..X..X..X..X..X..X........X..X..X.....X..X..X..X..X..X..X..X..X..X..X..X..X..X..X.....X..X.....X...........X..X..X.....X.
.......X..X..X..X..X..X..X..X..X..X..X..X..X..X........X..X..X.....X..X..X..X..X..X..X..X..X..X..X..X..X..X..X.....X..X.....X...........X..X..X.....X.
.O..O..OXXO..O..O..OXXOXXOXXO..O..OXXOXXOXXOXXOXXOXXOXXOXXOXXO..O..OXXOXXOXXO..O..OXXO..OXXOXXOXXOXXOXXOXXOXXO..O..OXXOXXOXXO..O..O..O..O..O..OXXOXXO.
.X..X..X..X........X..X..X..X.....X..X..X..X.....X..X..X..X..X..X..X..X..X..X.....X..X..X.....X..X..X.....X..X..X..X..X..X..X..X..X..X........X..X..X.
.X..X..X..X........X..X..X..X.....X..X..X..X.....X..X..X..X..X..X..X..X..X..X.....X..X..X.....X..X..X.....X..X..X..X..X..X..X..X..X..X........X..X..X.
.OXXOXXOXXOXXO..O..OXXOXXOXXO..OXXO..OXXOXXO..O..O..O..OXXOXXOXXOXXOXXOXXOXXOXXO..OXXOXXO..O..OXXOXXOXXOXXOXXOXXOXXOXXOXXOXXOXXOXXOXXOXXOXXOXXOXXOXXO.
.X..X..X........X..X..X..X..X.....X..X.....X..X........X........X..X..X..X........X..X..X..X..X..X..X..X..X..X..X.....X.....X..X..X..X..X..X.....X..X.
.X..X..X........X..X..X..X..X.....X..X.....X..X........X........X..X..X..X........X..X..X..X..X..X..X..X..X..X..X.....X.....X..X..X..X..X..X.....X..X.
.O..OXXOXXOXXOXXOXXOXXOXXOXXO..OXXOXXOXXOXXOXXOXXO..O..O..O..O..OXXOXXO..OXXOXXOXXOXXOXXOXXOXXOXXOXXOXXO..O..OXXOXXOXXOXXO..OXXOXXO..O..OXXOXXO..OXXO.
....X.....X..X..X..X..X..X..X.....X..X..X..X........X.....X..X..X..X..X..X..X..X........X..X..X........X.....X..X..X..X.....X.....X.....X..X.....X..X.
....X.....X..X..X..X..X..X..X.....X..X..X..X........X.....X..X..X..X..X..X..X..X........X..X..X........X.....X..X..X..X.....X.....X.....X..X.....X..X.
.O..O..O..O..O..OXXOXXOXXOXXO..OXXOXXOXXO..O..OXXOXXO..OXXOXXOXXOXXOXXOXXOXXOXXOXXO..O..OXXO..OXXOXXOXXO..O..OXXO..OXXO..O..OXXO..OXXOXXOXXOXXOXXOXXO.
.X.....X........X..X.....X..X.....X..X..X........X..X.....X..X..X..X..X.....X........X..X..X..X..X..X..X..X..X..X..X..X..X..X.....X..X..X..X..X..X..X.
.X.....X........X..X.....X..X.....X..X..X........X..X.....X..X..X..X..X.....X........X..X..X..X..X..X..X..X..X..X..X..X..X..X.....X..X..X..X..X..X..X.
.O..O..O..O.....OXXOXXOXXOXXOXXOXXOXXO..OXXO..O..O..OXXO..OXXO..O..O..O..O..O..OXXO..OXXO..OXXOXXOXXOXXOXXOXXO..OXXOXXOXXO..OXXO..O..OXXOXXOXXOXXOXXO.
....X.....X.....X..X..X.....X..X..X..X..X.....X.....X.....X..X...........X...........X..X..X.....X..X..X.....X..X..X..X..X..X........X........X..X..X.
....X.....X.....X..X..X.....X..X..X..X..X.....X.....X.....X..X...........X...........X..X..X.....X..X..X.....X..X..X..X..X..X........X........X..X..X.
.O..OXXOXXO..O..O..O..O..O..O..OXXOXXOXXOXXO..OXXOXXOXXOXXOXXO..O..O..O..O..O..O..OXXOXXOXXO..O..OXXOXXO.....OXXOXXOXXOXXOXXOXXO..OXXOXXOXXOXXOXXOXXO.
.X..X..X..X..X...........X.....X..X..X........X..X..X..X..X..X..X..X..X.....X..X.....X.....X..X..X..X..X.....X..X..X..X..X...........X..X..X.....X..X.
.X..X..X..X..X...........X.....X..X..X........X..X..X..X..X..X..X..X..X.....X..X.....X.....X..X..X..X..X.....X..X..X..X..X...........X..X..X.....X..X.
.OXXOXXOXXOXXOXXOXXOXXOXXO..O..OXXOXXOXXOXXO..O..OXXOXXOXXOXXOXXOXXOXXOXXOXXOXXOXXOXXO..O..O..O..O..OXXO..O..O..OXXOXXOXXOXXOXXO..O..OXXOXXOXXOXXOXXO.
.X..X..X..X.....X..X..X..X..X..X..X..X..X........X..X..X.....X..X..X..X..X..X..X..X..X..X...........X..X..X.....X..X..X..X..X.....X..X..X.....X..X..X.
.X..X..X..X.....X..X..X..X..X..X..X..X..X........X..X..X.....X..X..X..X..X..X..X..X..X..X...........X..X..X.....X..X..X..X..X.....X..X..X.....X..X..X.
.O..O..O..O..O..OXXOXXOXXOXXOXXOXXOXXO..O..OXXO..OXXOXXOXXOXXOXXOXXOXXOXXO..O..OXXO..OXXO..O..O..O..OXXOXXOXXOXXOXXO..O..OXXOXXOXXOXXOXXOXXOXXOXXOXXO.
.............X..X.....X..X..X.....X..X...........X..X..X..X.....X..X.....X.....X..X..X..X..X..X..X..X..X..X..X.....X.....X..X..X..X.....X..X..X..X..X.
.............X..X.....X..X..X.....X..X...........X..X..X..X.....X..X.....X.....X..X..X..X..X..X..X..X..X..X..X.....X.....X..X..X..X.....X..X..X..X..X.
.O.....O..O..OXXOXXOXXO..O..OXXOXXOXXOXXO..OXXO..OXXOXXOXXOXXOXXOXXOXXO..OXXO..OXXOXXOXXOXXOXXOXXOXXOXXOXXOXXOXXO..O..O..O..O..OXXOXXOXXOXXO..O..OXXO.
.X.....X..X..X.....X..X.....X..X..X..............X..X..X..X..X..X........X.....X.....X..X..X.....X..X..X..X..X........X........X..X..X..X..X.....X..X.
.X.....X..X..X.....X..X.....X..X..X..............X..X..X..X..X..X........X.....X.....X..X..X.....X..X..X..X..X........X........X..X..X..X..X.....X..X.
.OXXOXXOXXOXXOXXOXXOXXOXXOXXOXXO..O..OXXO..O..OXXOXXOXXOXXO..OXXOXXOXXO..O..O..O..O..O..O..OXXOXXO..OXXO..O..O..OXXOXXO..O..OXXO..OXXOXXOXXOXXOXXOXXO.
.X..X..X.....X..X..X..X..X.....X...........X........X..X..X..X..X..X........X.....X........X..X..X..X..X...........X..X..X.....X..X.....X..X..X..X..X.
.X..X..X.....X..X..X..X..X.....X...........X........X..X..X..X..X..X........X.....X........X..X..X..X..X...........X..X..X.....X..X.....X..X..X..X..X.
.OXXOXXOXXOXXOXXOXXOXXOXXOXXO..O..O..O..O..OXXOXXOXXOXXOXXOXXOXXO..O..OXXOXXOXXOXXOXXOXXOXXOXXOXXOXXOXXO..OXXO.....OXXOXXO..O..OXXO..OXXOXXOXXOXXOXXO.
.X..X..X..X.....X..X..............X..X..X..X..X..X.....X..X..X..X........X..X..X.....X..X..X..X.....X..X...........X..X..X..X..X..X.....X..X.....X..X.
.X..X..X..X.....X..X..............X..X..X..X..X..X.....X..X..X..X........X..X..X.....X..X..X..X.....X..X...........X..X..X..X..X..X.....X..X.....X..X.
.OXXOXXO..O..O..OXXOXXOXXOXXO..OXXOXXOXXO..OXXOXXOXXO..OXXOXXOXXO..OXXO..O..OXXO..O..OXXO..OXXOXXOXXOXXOXXOXXOXXOXXOXXOXXOXXOXXOXXOXXOXXOXXO..OXXOXXO.
.X..X..X.....X..X..X..X..X...........X..X..X..X..X.....X.....X..X...........X..X..X..X..X..X.....X..X..X..X..X..X..X..X..X..X..X..X..X..X..X.....X..X.
.X..X..X.....X..X..X..X..X...........X..X..X..X..X.....X.....X..X...........X..X..X..X..X..X.....X..X..X..X..X..X..X..X..X..X..X..X..X..X..X.....X..X.
.OXXOXXOXXOXXOXXOXXOXXOXXOXXOXXOXXOXXOXXOXXOXXO..O..O..O..OXXOXXOXXOXXOXXOXXOXXOXXOXXOXXOXXOXXOXXOXXOXXOXXOXXOXXOXXOXXO..OXXOXXOXXOXXOXXOXXOXXOXXOXXO.
.X........X..X..X.....X..X..X..X..X..X..X..X..X.....X...........X..X..X..X........X.....X..X..X...........X..X..X..X..X..X.....X.....X..X..X..X..X..X.
.X........X..X..X.....X..X..X..X..X..X..X..X..X.....X...........X..X..X..X........X.....X..X..X...........X..X..X..X..X..X.....X.....X..X..X..X..X..X.
.O..O..O..OXXOXXOXXOXXO..O..O..O..OXXO..O..OXXOXXOXXO..O..OXXO..OXXOXXOXXOXXO..OXXOXXOXXOXXOXXO..O..O..OXXOXXOXXOXXOXXOXXOXXO..O..O..O..OXXOXXOXXOXXO.
....X..X..X..X.....X..X...........X..X.....X..X..X..X..X........X........X........X..X.....X..X..X..X.....X........X.....X........X.....X..X..X.....X.
....X..X..X..X.....X..X...........X..X.....X..X..X..X..X........X........X........X..X.....X..X..X..X.....X........X.....X........X.....X..X..X.....X.
.OXXOXXOXXOXXOXXO..OXXOXXO..O..OXXOXXO..O..O..O..OXXOXXO..O..OXXOXXOXXOXXO........O..O..O..OXXOXXOXXOXXOXXOXXOXXO..OXXO..O..O..O..O..O..OXXOXXOXXOXXO.
....X..X...........X........X.....X..X..X........X..X..X..X.....X..X..X..X..............X..X.....X..X..X..X..X.....X........X..X.....X..X..X.....X..X.
....X..X...........X........X.....X..X..X........X..X..X..X.....X..X..X..X..............X..X.....X..X..X..X..X.....X........X..X.....X..X..X.....X..X.
.O..OXXO..OXXOXXOXXOXXOXXOXXO..O..OXXOXXOXXOXXOXXO..O..OXXO.....OXXOXXOXXO..O..O..O..O..OXXOXXOXXOXXOXXOXXO..O..O..OXXOXXOXXOXXOXXOXXOXXOXXOXXOXXO..O.
.X..X..X.....X..X..X..X..X..X..X..X..X..X..X..X..X.....X..X.....X..X..X..X..X..X..X..X..X..X..X.....X.....X.....X..X..X..X..X..X..X..X..X.....X..X....
.X..X..X.....X..X..X..X..X..X..X..X..X..X..X..X..X.....X..X.....X..X..X..X..X..X..X..X..X..X..X.....X.....X.....X..X..X..X..X..X..X..X..X.....X..X....
.OXXOXXOXXOXXO..OXXOXXOXXOXXOXXOXXOXXOXXOXXOXXOXXO..O..OXXO..O..OXXO..OXXOXXOXXOXXOXXOXXOXXOXXOXXOXXOXXOXXOXXOXXOXXOXXOXXOXXOXXOXXOXXOXXOXXO..OXXO..O.
.X..X..X..X..X..X..X..X..X..X..X.....X..X........X..X..X..X..X..X..X..X..X........X.....X..X..X..X..X..X..X..X..X..X...........X..X..X........X..X..X.
.X..X..X..X..X..X..X..X..X..X..X.....X..X........X..X..X..X..X..X..X..X..X........X.....X..X..X..X..X..X..X..X..X..X...........X..X..X........X..X..X.
.OXXOXXOXXOXXOXXOXXOXXOXXOXXOXXOXXOXXO..OXXOXXOXXOXXO..OXXOXXOXXOXXOXXOXXOXXO..O..OXXOXXOXXOXXO..O..O..OXXOXXOXXO..O..O..OXXOXXO..O..OXXOXXO..O..OXXO.
.X.....X..X........X..X..X..X..X..X..X..X..X..X..X..X..X..X..X..X..X..X..X.....X..X..X........X........X..X..X..X.....X.....X..X.....X..X........X..X.
.X.....X..X........X..X..X..X..X..X..X..X..X..X..X..X..X..X..X..X..X..X..X.....X..X..X........X........X..X..X..X.....X.....X..X.....X..X........X..X.
.OXXOXXO..O..O..OXXO..O..OXXOXXOXXO..OXXOXXOXXOXXOXXOXXOXXOXXOXXOXXOXXOXXOXXOXXOXXOXXOXXOXXOXXOXXOXXOXXO..OXXOXXOXXO..OXXO..OXXOXXOXXO..O..O..O..OXXO.
.X..X..X.....X.....X.....X..X..X..X..X..X..X..X..X..X..X........X..X.....X..X..X..X..X..X..X..X..X..X..X..X..X........X.....X..X..X..X.....X..X..X..X.
.X..X..X.....X.....X.....X..X..X..X..X..X..X..X..X..X..X........X..X.....X..X..X..X..X..X..X..X..X..X..X..X..X........X.....X..X..X..X.....X..X..X..X.
.OXXOXXO..O..O..O..OXXOXXOXXOXXOXXOXXOXXO..O..O..O..O..O..OXXO..OXXO..O..OXXOXXOXXOXXOXXOXXOXXOXXOXXOXXOXXO..O..OXXO..O..O..OXXOXXOXXOXXOXXOXXOXXOXXO.
.X.....X..X.....X..X..X.....X.....X..X..X.......................X..X..X..X.....X..X..X..X..X..X........X..X..............X..X.....X..X..X..X..X..X..X.
.X.....X..X.....X..X..X.....X.....X..X..X.......................X..X..X..X.....X..X..X..X..X..X........X..X..............X..X.....X..X..X..X..X..X..X.
.O..O..OXXOXXOXXOXXOXXOXXOXXOXXOXXOXXOXXOXXOXXOXXO..OXXO..OXXOXXOXXOXXOXXOXXOXXOXXOXXOXXOXXO..O..OXXOXXOXXOXXOXXO..O..O..OXXOXXO..OXXOXXOXXOXXOXXOXXO.
....X..X..X..X..X..X.....X..X..X..X..X..X..X..X..............X..X.....X..X..X..X..X..X..X..X........X.....X..X.....X..X..X........X..X..X..X..X..X..X.
....X..X..X..X..X..X.....X..X..X..X..X..X..X..X..............X..X.....X..X..X..X..X..X..X..X........X.....X..X.....X..X..X........X..X..X..X..X..X..X.
.OXXOXXOXXOXXO..OXXOXXO..OXXOXXOXXOXXOXXOXXOXXO.....OXXO..OXXOXXO..O..OXXO..O..O..O..OXXOXXOXXOXXOXXOXXOXXOXXOXXOXXOXXOXXO..O..OXXOXXOXXOXXO..OXXOXXO.
.......X..X..X..X..X.....X..X..X.....X..X..X..X..............X..X..X..X..X...........X.....X..X..X..X..X..X..X..X..X..X..X..X.....X.....X..X..X..X..X.
.......X..X..X..X..X.....X..X..X.....X..X..X..X..............X..X..X..X..X...........X.....X..X..X..X..X..X..X..X..X..X..X..X.....X.....X..X..X..X..X.
.O..O..OXXOXXOXXOXXO..O..OXXOXXO..O..OXXO..O..O..OXXO..O..O..OXXOXXOXXOXXOXXO..OXXO..O..OXXOXXOXXOXXOXXOXXOXXOXXOXXOXXOXXO..O..O..OXXOXXOXXOXXOXXOXXO.
.X..X..X..X..X.....X..X..X..X..X..X..X..X..............X..X..X..X..X..........................X..X..X..X..X..X..X........X.....X..X..X..X.....X..X..X.
.X..X..X..X..X.....X..X..X..X..X..X..X..X..............X..X..X..X..X..........................X..X..X..X..X..X..X........X.....X..X..X..X.....X..X..X.
.OXXOXXOXXOXXOXXOXXOXXOXXOXXO..OXXOXXOXXO..OXXOXXOXXOXXOXXOXXOXXO..O..O..OXXO..OXXOXXO..O..O..OXXO..OXXOXXOXXOXXOXXOXXOXXO..OXXOXXOXXOXXOXXOXXOXXOXXO.
.X..X.....X..X..X.....X..X..X..X..X..X..X.....X..X..X..X..X..X..X.....X...........X.....X..X..X..X..X..X..X..X..X..X..X..X........X..X..X..X..X.....X.
.X..X.....X..X..X.....X..X..X..X..X..X..X.....X..X..X..X..X..X..X.....X...........X.....X..X..X..X..X..X..X..X..X..X..X..X........X..X..X..X..X.....X.
.OXXOXXOXXOXXOXXOXXOXXOXXOXXOXXO..O..O..O..O..OXXOXXOXXO..OXXO..O..O..O..OXXO..OXXOXXOXXOXXO..O..OXXOXXOXXO..OXXOXXOXXOXXOXXO..OXXOXXO..OXXOXXOXXOXXO.
.X.....X..X.....X..X..X..X..X..X...........X..X..X..X..X..X..X.....X..............X..X..X..X.....X..X..X..X..X.....X..X..X........X..X..X..X..X..X..X.
.X.....X..X.....X..X..X..X..X..X...........X..X..X..X..X..X..X.....X..............X..X..X..X.....X..X..X..X..X.....X..X..X........X..X..X..X..X..X..X.
.OXXOXXOXXO..O..OXXOXXOXXOXXO..O..O..O..O..OXXOXXOXXOXXOXXOXXO.....O..OXXOXXO..OXXOXXOXXOXXOXXOXXOXXOXXOXXOXXOXXOXXOXXOXXO..O..OXXOXXOXXOXXOXXO..O..O.
.X..X.....X..X..X.....X..X..X.....X..X..X..X..X..X..X.....X..X...........X...........X..X..X..X..X..X..X..X.....X..X.....X..X.....X..X..X..X..X.......
.X..X.....X..X..X.....X..X..X.....X..X..X..X..X..X..X.....X..X...........X...........X..X..X..X..X..X..X..X.....X..X.....X..X.....X..X..X..X..X.......
.O..OXXOXXOXXOXXOXXOXXOXXOXXOXXOXXOXXOXXOXXOXXOXXOXXOXXOXXOXXO..O..O..OXXOXXO..OXXOXXO..O..OXXO..OXXOXXOXXO..O..OXXOXXOXXOXXOXXO..OXXOXXOXXOXXO..O..O.
....X..X.....X..X..X..X..X..X..X...........X..X..X..X..X..X..X..X..X..............X..X.....X..X..X..X.....X..X..X.....X..X........X...........X..X..X.
....X..X.....X..X..X..X..X..X..X...........X..X..X..X..X..X..X..X..X..............X..X.....X..X..X..X.....X..X..X.....X..X........X...........X..X..X.
.O..O..O..O..OXXOXXO..O..OXXOXXOXXO..OXXOXXOXXOXXOXXOXXOXXOXXOXXO..O..O..O..O..OXXOXXO..O..OXXOXXO..O..O..OXXOXXOXXOXXOXXO..OXXOXXOXXO..O..O..OXXOXXO.
.X........X..X.....X.....X..............X..X.....X.....X..X..X..X.....X..X..X.....X..X..X..X..X..X.....X..X..X..X..X..X..X.....X..X.....X..X..X..X..X.
.X........X..X.....X.....X..............X..X.....X.....X..X..X..X.....X..X..X.....X..X..X..X..X..X.....X..X..X..X..X..X..X.....X..X.....X..X..X..X..X.
.O..O..OXXOXXOXXO..O..O..O..OXXO..O..OXXOXXOXXO..O..O..OXXOXXOXXOXXOXXOXXOXXO..O..OXXO..O..OXXOXXOXXOXXOXXOXXO..OXXOXXOXXOXXOXXOXXOXXOXXOXXOXXOXXOXXO.
....X.................X...........X........X........X..X..X..X..X..X..X..X..X..X..X..X.....X..X..X..X..X.....X..X..X..X..X..X..X..X..X..X..X..X..X..X.
....X.................X...........X........X........X..X..X..X..X..X..X..X..X..X..X..X.....X..X..X..X..X.....X..X..X..X..X..X..X..X..X..X..X..X..X..X.
.O..O..O..O..OXXO..OXXOXXOXXOXXOXXOXXOXXO..O..OXXOXXOXXOXXOXXOXXO..OXXOXXOXXOXXOXXOXXOXXOXXOXXO..O..OXXO..O..OXXOXXOXXOXXO..OXXOXXOXXOXXOXXO..O..OXXO.
.X.....X..X...........X..X..X..X..X..X...........X..X..X..X.....X..X..X..X..X..X..X..X..X..X..X.....X..X..X..X..X.....X..X..X..X..X..X..X..X.....X..X.
.X.....X..X...........X..X..X..X..X..X...........X..X..X..X.....X..X..X..X..X..X..X..X..X..X..X.....X..X..X..X..X.....X..X..X..X..X..X..X..X.....X..X.
.O.....O..O..O..O..O..OXXOXXOXXO..OXXOXXOXXO..O..O..O..OXXOXXOXXOXXOXXOXXOXXOXXOXXO..OXXOXXOXXO..O..O..O..OXXOXXOXXOXXO..OXXO..OXXOXXOXXOXXO..OXXOXXO.
.............X..X..X..X..X..X..X..X..X..X.....X........X.....X..X.....X..X..X.....X..X..X..X..X..X........X..X..X..X..X..X..X..X..X.....X..X.....X..X.
.............X..X..X..X..X..X..X..X..X..X.....X........X.....X..X.....X..X..X.....X..X..X..X..X..X........X..X..X..X..X..X..X..X..X.....X..X.....X..X.
.O..O..O.....O..OXXOXXOXXOXXOXXOXXOXXOXXOXXO..OXXOXXOXXOXXOXXOXXOXXOXXOXXOXXOXXOXXOXXOXXOXXOXXOXXO..O..O..O..OXXOXXOXXOXXOXXOXXOXXO..O..OXXOXXOXXOXXO.
.X..X..X........X..X..X..X..X.....X..X..X.....X..X..X..X..X..X..X..X..X..X..X..X..X..X.....X..X..X..X..X.....X..X.....X..X........X..X..X..X..X..X..X.
.X..X..X........X..X..X..X..X.....X..X..X.....X..X..X..X..X..X..X..X..X..X..X..X..X..X.....X..X..X..X..X.....X..X.....X..X........X..X..X..X..X..X..X.
.OXXOXXO..O..OXXOXXOXXOXXOXXO..O..O..O..O..O..O..OXXOXXOXXOXXO..OXXO..OXXOXXOXXOXXOXXO..O..OXXOXXOXXOXXOXXOXXOXXO..O..O..OXXOXXOXXOXXOXXOXXOXXOXXOXXO.
.X..X..X..X.....X..X..X.....X..X...........X.....X.....X..X..X..X..X..X..X..X........X..X..X..X..X.....X..X..X..X..X.....X..X..X..X..X.....X..X..X..X.
.X..X..X..X.....X..X..X.....X..X...........X.....X.....X..X..X..X..X..X..X..X........X..X..X..X..X.....X..X..X..X..X.....X..X..X..X..X.....X..X..X..X.
.O..OXXOXXOXXO..OXXOXXOXXO..OXXO..O..O..OXXOXXOXXOXXO..OXXOXXOXXOXXOXXOXXOXXOXXO..OXXOXXOXXO..O..O..O..OXXOXXOXXOXXOXXOXXOXXOXXOXXOXXO..O..OXXOXXOXXO.
....X..X..X.....X..X........X..X..X..X.....X..X........X..X..X..X..X.....X..............X..X........X..X..X..X..X..X..X..X..X..X.....X..X..X..X..X..X.
....X..X..X.....X..X........X..X..X..X.....X..X........X..X..X..X..X.....X..............X..X........X..X..X..X..X..X..X..X..X..X.....X..X..X..X..X..X.
.O..O..O..O..O..O..O..OXXOXXOXXOXXOXXOXXOXXO..O..O..O..OXXO..OXXOXXOXXOXXOXXOXXOXXOXXOXXOXXOXXOXXOXXOXXOXXOXXOXXOXXO..O..OXXOXXOXXOXXOXXOXXOXXOXXOXXO.
.X...........X...........X..X..X.....X..X..X.....X..X..X..X..X..X..X..X..X..X..X..X..X..X..X..X..X..X........X.....X.....X..X..X..X..............X..X.
.X...........X...........X..X..X.....X..X..X.....X..X..X..X..X..X..X..X..X..X..X..X..X..X..X..X..X..X........X.....X.....X..X..X..X..............X..X.
.O..OXXO.....O..O..O..O..O..OXXOXXOXXOXXOXXOXXOXXOXXOXXOXXOXXOXXOXXOXXOXXO..O..O..OXXOXXOXXOXXOXXOXXOXXOXXO..OXXO..OXXOXXO..O..O..O..O..O..OXXO..OXXO.
................X..X..X.....X..X..X.....X..X..X..X..X..X..X..X..X..X..X..X........X..X..X.....X.....X..X.....X.....X..X..X...........X..X........X..X.
................X..X..X.....X..X..X.....X..X..X..X..X..X..X..X..X..X..X..X........X..X..X.....X.....X..X.....X.....X..X..X...........X..X........X..X.
.OXXO..O..O..OXXOXXOXXO..O..O..OXXOXXO..OXXOXXOXXOXXOXXOXXO..O..O..O..OXXOXXO..O..OXXOXXOXXOXXOXXOXXOXXO..O..OXXOXXOXXOXXOXXOXXOXXOXXOXXOXXOXXOXXOXXO.
.......X..X.....X..X..X..X.....X........X.....X..X..X..X..X...........X..X.....X..X..X..X..X..X..X..X..X..X..X..X..X..X..X..X..X..X..X..X..X..X..X..X.
.......X..X.....X..X..X..X.....X........X.....X..X..X..X..X...........X..X.....X..X..X..X..X..X..X..X..X..X..X..X..X..X..X..X..X..X..X..X..X..X..X..X.
.OXXO..O..O..O..OXXOXXOXXOXXOXXOXXOXXOXXOXXO..O..OXXOXXO..O..O..O.....O..O..OXXOXXOXXOXXOXXOXXOXXOXXOXXOXXOXXOXXOXXOXXOXXOXXOXXOXXOXXOXXOXXOXXOXXOXXO.
.............X..X..X..X..X..X..X..X..X...........X..X..X.....X..X..............X..X.....X..X..X..X..X..X.....X..X..X..X..X..X..X.....X.....X..X..X..X.
.............X..X..X..X..X..X..X..X..X...........X..X..X.....X..X..............X..X.....X..X..X..X..X..X.....X..X..X..X..X..X..X.....X.....X..X..X..X.
....O..O..OXXOXXOXXOXXOXXOXXOXXOXXOXXO..OXXO..O..OXXOXXOXXO..OXXO..O..OXXO..OXXOXXO.....O..O..OXXOXXOXXOXXO..OXXOXXO..OXXOXXOXXO..O..OXXOXXOXXOXXOXXO.
....X..X........X.....X..X..X..X..X..X........X..X..X..X.....X..X..X..............X...........X.....X........X..X..X..X..X..X..X..X..X..X..X.....X..X.
....X..X........X.....X..X..X..X..X..X........X..X..X..X.....X..X..X..............X...........X.....X........X..X..X..X..X..X..X..X..X..X..X.....X..X.
.O..O..O..OXXOXXOXXOXXOXXOXXOXXO..O..O..O..O..O..OXXOXXOXXOXXOXXOXXOXXOXXO..OXXO..O..O..O.....O.....O..OXXO..OXXOXXOXXOXXO..OXXOXXOXXOXXOXXOXXOXXOXXO.
.X...........X..X..X..X..X..X..X........X..X.....X..X..X..X.....X..X..X..............X..X....................X..X..X..X..X..X..X.....X........X.....X.
.X...........X..X..X..X..X..X..X........X..X.....X..X..X..X.....X..X..X..............X..X....................X..X..X..X..X..X..X.....X........X.....X.
.O..OXXOXXOXXOXXO..O..OXXOXXOXXOXXOXXOXXOXXO..O..OXXOXXO..O..O..O..O..OXXO..O..O..OXXOXXO..O..O..O..O..OXXOXXOXXOXXOXXO..OXXOXXOXXOXXO..O..OXXOXXOXXO.
.......X..X..X..X.....X..X..X..X..X..X..X..X..X..X..X..X.....X........X.....X..X........X..X..X..X..X.....X..X..X..X..X..X..X..X..X..X..X.....X..X..X.
.......X..X..X..X.....X..X..X..X..X..X..X..X..X..X..X..X.....X........X.....X..X........X..X..X..X..X.....X..X..X..X..X..X..X..X..X..X..X.....X..X..X.
.......OXXOXXOXXO.....OXXOXXOXXO..O..OXXOXXOXXOXXOXXO..OXXO..O..O..O..OXXOXXOXXOXXOXXO..OXXOXXOXXO..O..OXXOXXOXXOXXOXXOXXOXXOXXOXXOXXOXXOXXOXXOXXOXXO.
.......X..X..X..X.....X.....X..X.....X..X..X.....X..X..X........X..X..X..X.....X..X.....X.....X..X...........X..X..X..X..X..X.....X..X.....X.....X..X.
.......X..X..X..X.....X.....X..X.....X..X..X.....X..X..X........X..X..X..X.....X..X.....X.....X..X...........X..X..X..X..X..X.....X..X.....X.....X..X.
.O..O..OXXOXXOXXO..O..O..O..OXXO..O..O..O..O..OXXOXXOXXOXXOXXOXXOXXOXXOXXOXXOXXOXXOXXOXXOXXO..OXXOXXOXXOXXOXXOXXOXXOXXOXXOXXO..O..OXXOXXOXXOXXOXXOXXO.
.X..X..X..X..X..X..X.....X..X..X..X..............X..X..X..X..X..X..X..X..X..X..X..X..X........X..X..X..X..X.....X..X..X..X..X..X..X.....X.....X.....X.
.X..X..X..X..X..X..X.....X..X..X..X..............X..X..X..X..X..X..X..X..X..X..X..X..X........X..X..X..X..X.....X..X..X..X..X..X..X.....X.....X.....X.
.OXXOXXOXXOXXOXXO..O..O..OXXOXXOXXO..OXXO..O..O..OXXOXXOXXOXXOXXOXXOXXOXXOXXOXXOXXO..OXXOXXOXXOXXOXXOXXOXXOXXOXXOXXOXXOXXOXXOXXOXXOXXO..O..O..O..OXXO.
.X..X........X..X.....X..X..X.....X........X..X..X..X..X..X.....X..X..X..X........X..X..X..X..X........X..X..X..X..X..X..X..X..............X........X.
.X..X........X..X.....X..X..X.....X........X..X..X..X..X..X.....X..X..X..X........X..X..X..X..X........X..X..X..X..X..X..X..X..............X........X.
.O..O..OXXO..O..OXXOXXOXXOXXO..O..OXXOXXOXXOXXOXXOXXOXXOXXOXXOXXOXXOXXOXXOXXOXXOXXOXXOXXOXXOXXOXXOXXOXXOXXOXXOXXOXXOXXO..O..O..O..OXXO..O..O........O.
................X..X..X..X..X..X..X..X..X..X.....X..X..X..X..X..X..X..X..X..X..X..X........X..X..X..X..X..X..X..X..X..X........X........X.............
................X..X..X..X..X..X..X..X..X..X.....X..X..X..X..X..X..X..X..X..X..X..X........X..X..X..X..X..X..X..X..X..X........X........X.............
.O.....OXXOXXOXXO..OXXOXXOXXOXXOXXO..O..OXXO..O..OXXOXXO..O..O..OXXOXXOXXOXXOXXO..O..OXXO..OXXOXXOXXOXXO..O..OXXOXXOXXO.....O..O..O..O..O..O..O..O..O.
.X........X..X..X..X..X..X..X..X..X.....X..X..X..X.....X........X..X..X.....X..X...........X..X..X..X..X.....X..X..X..X.....X.....X..X.....X..X..X..X.
.X........X..X..X..X..X..X..X..X..X.....X..X..X..X.....X........X..X..X.....X..X...........X..X..X..X..X.....X..X..X..X.....X.....X..X.....X..X..X..X.
.O..O..O..OXXOXXOXXOXXOXXOXXOXXOXXOXXOXXOXXOXXOXXOXXOXXO..O..O..O..OXXOXXOXXOXXO..O..O..OXXOXXOXXOXXOXXOXXO..OXXOXXOXXOXXOXXOXXOXXOXXOXXOXXOXXOXXOXXO.
....X..X..X..X........X.....X..X..X..X..X.....X.....X..X..X..X.....X..X..X..X..X..X..X.....X........X........X..X..X.....X..X..X..X..X..X..X..X..X..X.
....X..X..X..X........X.....X..X..X..X..X.....X.....X..X..X..X.....X..X..X..X..X..X..X.....X........X........X..X..X.....X..X..X..X..X..X..X..X..X..X.
.O..OXXOXXOXXOXXOXXOXXOXXOXXOXXO..OXXO..O..O..OXXOXXOXXOXXOXXOXXOXXOXXOXXOXXOXXOXXOXXOXXOXXO.....OXXO..O..O..O..OXXOXXO..OXXOXXOXXOXXOXXOXXOXXO..OXXO.
.X..X..X..X..X..X..X.....X..X..X..X..X.....X..X..X..X..X..X..X..X.....X.....X..X..X..X..X..X........X..X..X.....X..X.....X.....X..X..X..X..X..X..X..X.
.X..X..X..X..X..X..X.....X..X..X..X..X.....X..X..X..X..X..X..X..X.....X.....X..X..X..X..X..X........X..X..X.....X..X.....X.....X..X..X..X..X..X..X..X.
.OXXOXXOXXOXXOXXOXXO..OXXOXXOXXOXXOXXOXXOXXOXXOXXOXXOXXOXXOXXOXXO..O..OXXOXXOXXOXXOXXOXXOXXOXXO..O..OXXOXXO.....O..O.....O..O..O..O..O..O..O..OXXOXXO.
.X.....X..X..X..X..X.....X..X..X........X.....X..X.....X..X..X..X..X..X..X..X.....X..X..X........X..X..X..X.................X.................X..X..X.
.X.....X..X..X..X..X.....X..X..X........X.....X..X.....X..X..X..X..X..X..X..X.....X..X..X........X..X..X..X.................X.................X..X..X.
.OXXOXXOXXOXXOXXOXXO..O..OXXOXXOXXOXXO..O..O..O..O..OXXO..OXXOXXOXXOXXOXXOXXOXXO..OXXOXXOXXOXXO..OXXO..O..O..O..O.....OXXO..O..OXXO..OXXO..O..OXXOXXO.
.X..X.....X..X..X..X..X..X........X........X...........X..X..X..X..X..X..X..X.....X........X.....X..X........X..X..........................X..X.....X.
.X..X.....X..X..X..X..X..X........X........X...........X..X..X..X..X..X..X..X.....X........X.....X..X........X..X..........................X..X.....X.
.OXXOXXOXXOXXOXXOXXOXXOXXO..OXXOXXOXXO..O..O..OXXOXXOXXOXXOXXOXXOXXOXXO..OXXOXXOXXO..OXXOXXO..OXXOXXO..OXXO..OXXOXXO..OXXO..OXXOXXO..OXXOXXOXXOXXOXXO.
.X..X..X..X..X..X.....X..X.....X........X........X..X..X..X..X..X.....X..X..X..X..X.....X..X.....X..X........X.................X........X..X..X..X..X.
.X..X..X..X..X..X.....X..X.....X........X........X..X..X..X..X..X.....X..X..X..X..X.....X..X.....X..X........X.................X........X..X..X..X..X.
.OXXOXXOXXOXXO..O..O..OXXOXXO..O..OXXOXXO..O..O..O..OXXOXXOXXOXXOXXOXXOXXOXXO..O..O..O..O..OXXOXXOXXO..OXXOXXOXXO.....OXXO..O..OXXOXXOXXOXXOXXOXXO..O.
.X..X.....X..X.....X..X..............X..X..X..X.....X..X..X..X..X..X..X..X..X........X.....X..X..X..X.....X.................X..X..X..X..X.....X..X....
.X..X.....X..X.....X..X..............X..X..X..X.....X..X..X..X..X..X..X..X..X........X.....X..X..X..X.....X.................X..X..X..X..X.....X..X....
.O..OXXOXXOXXOXXOXXOXXOXXOXXOXXOXXOXXOXXOXXOXXOXXOXXOXXOXXOXXOXXO..OXXOXXOXXOXXO..O..OXXO..O..O..OXXOXXOXXOXXOXXOXXOXXOXXO..OXXO..OXXOXXOXXOXXOXXO..O.
....X..X.....X..X..X..X..X..X..X..X..X..X.....X..X..X..X..X..X..X..X..X...........X..X...........X..X..X..X..X..X..X..X.....X..X..X........X..X..X..X.
....X..X.....X..X..X..X..X..X..X..X..X..X.....X..X..X..X..X..X..X..X..X...........X..X...........X..X..X..X..X..X..X..X.....X..X..X........X..X..X..X.
.O..O..O..OXXOXXOXXOXXOXXO..O..OXXOXXOXXOXXO..OXXOXXOXXOXXOXXOXXOXXOXXOXXOXXOXXOXXOXXOXXO..OXXO..OXXOXXO..O..OXXOXXOXXOXXOXXOXXOXXOXXOXXOXXOXXOXXOXXO.
.X...........X..X..X..X..X.....X..X..X..X.....X..X..X..X........X..X..X..X..X..X..X..............X..X..X.....X..X........X..X..X..X..X..X..X.....X..X.
.X...........X..X..X..X..X.....X..X..X..X.....X..X..X..X........X..X..X..X..X..X..X..............X..X..X.....X..X........X..X..X..X..X..X..X.....X..X.
.O..OXXO.....O..O..O..O..O.....O..O..O..O.....O..O..O..O..OXXO..O..O..O..O..O..O..O..OXXO..OXXO..O..O..O.....O..O..OXXO..O..O..O..O..O..O..O.....O..O.
......................................................................................................................................................
