........................................................................................................................
....OXXO..O..OXXOXXO..O........OXXO........O........O..OXXOXXOXXOXXO..O.....OXXOXXO..OXXO........O.....O.....O..O..OXXO.
..........X.....X.....X....................X........X.....X..X..X.....X........X.................X.....X.....X..X.......
..........X.....X.....X....................X........X.....X..X..X.....X........X.................X.....X.....X..X.......
.O..OXXO..OXXO..O..O..O..O..OXXOXXO..O.....OXXO..O..O..O..O..O..O.....O.....OXXOXXOXXOXXOXXO..O..O.....O..OXXOXXOXXOXXO.
.X........X........X.....X.....X.....X.....X.....X.....X..........................X..X..X.....X..............X..X..X....
.X........X........X.....X.....X.....X.....X.....X.....X..........................X..X..X.....X..............X..X..X....
.O.....OXXO..O.....O.....OXXO..OXXOXXOXXO..O..O..O.....O..O..O..O..O.....OXXO..OXXOXXOXXOXXOXXO.....OXXO..OXXOXXOXXOXXO.
..........X..X...........X.....X..X..X........X...........X..X..X..X.......................X..X.................X.......
..........X..X...........X.....X..X..X........X...........X..X..X..X.......................X..X.................X.......
.OXXO..OXXOXXO..O.....OXXOXXOXXOXXOXXO..OXXOXXO........O..OXXOXXOXXOXXO..O.....OXXO..OXXOXXOXXO..O..OXXO..OXXOXXOXXOXXO.
.............X..X...........X..X..X..X.....X..X........X..X........X.....X..............X..X..X..X...........X.....X....
.............X..X...........X..X..X..X.....X..X........X..X........X.....X..............X..X..X..X...........X.....X....
.OXXOXXOXXO..OXXO..O..OXXO..O..OXXO..OXXOXXO..O..OXXO..OXXOXXOXXOXXO..O..O..OXXO..O.....O..O..OXXO.....OXXO..O.....O..O.
....X..X.....X..X..X...........X..X..X..X..X...........X..X..X..X..X..X...........X...........X..X....................X.
....X..X.....X..X..X...........X..X..X..X..X...........X..X..X..X..X..X...........X...........X..X....................X.
.OXXO..O..OXXOXXOXXOXXO..O.....O..OXXOXXO..O..O..OXXO..O..O..OXXOXXOXXOXXOXXOXXOXXOXXO..O..O..O..O..O..OXXOXXOXXO..OXXO.
....X....................X........X..X..X.....X..............X.....X..X..X..X..X........X..X........X.....X..X........X.
....X....................X........X..X..X.....X..............X.....X..X..X..X..X........X..X........X.....X..X........X.
.O..OXXOXXOXXO..O..O..O..O..OXXO..OXXOXXOXXO..OXXO.....OXXO..O..O..OXXOXXO..O..O..OXXOXXOXXO.....O..O..O..OXXO..O..O..O.
.X..X..X..X.....X..X..X...........X..X........X.................X..X..X..X...........X..X..X.....X.....X..X..X..X..X....
.X..X..X..X.....X..X..X...........X..X........X.................X..X..X..X...........X..X..X.....X.....X..X..X..X..X....
.O..O..OXXOXXOXXOXXO..O.....OXXO..OXXO..OXXO..O..OXXO..O..O.....OXXOXXO..O..OXXO.....O..O..OXXOXXOXXO..OXXOXXOXXOXXO....
.......X.....X..X..X..............X..X.................X..X.....X..X..X....................X..X........X.....X.....X....
.......X.....X..X..X..............X..X.................X..X.....X..X..X....................X..X........X.....X.....X....
.O..O..O..O..O..O..O..O..O..O..OXXOXXOXXO..O..O..OXXO..OXXO.....OXXO..O..O..O..OXXO..O..OXXO..O..OXXOXXOXXOXXO..OXXO..O.
.X..X.....X...........X..X..X.....X........X..X........X..X.....X..X.....X..X........X.....X........X..X..X..X.....X..X.
.X..X.....X...........X..X..X.....X........X..X........X..X.....X..X.....X..X........X.....X........X..X..X..X.....X..X.
.O..O..O..O..OXXO.....OXXOXXO..OXXO..OXXO..O..O..O.....O..OXXOXXOXXOXXOXXOXXO..OXXOXXOXXO..O........OXXO..O..O..O..OXXO.
.......X..............X..X..X.....X..............X........X..X..X.....X.....X.....X..X..............X..X........X..X..X.
.......X..............X..X..X.....X..............X........X..X..X.....X.....X.....X..X..............X..X........X..X..X.
.O..O..O..O..OXXOXXOXXOXXOXXOXXO..OXXOXXO..O.....O..O..OXXO..O..O.....O.....O..O..O..O..OXXO..OXXO..O..O..O..O..O..O..O.
.X..X.....X.....X..X..X..X........X..X.....X........X.....X....................X..........................X..X..........
.X..X.....X.....X..X..X..X........X..X.....X........X.....X....................X..........................X..X..........
.OXXOXXO..O..OXXOXXOXXO..O..OXXO..O..O..O..O..OXXOXXO.....O.....O.....O..OXXO..O..O..OXXOXXO..OXXOXXOXXOXXOXXOXXOXXO....
.X....................X.................X........X..X...........X.....X...........X.....X........X..X..X..X.....X.......
.X....................X.................X........X..X...........X.....X...........X.....X........X..X..X..X.....X.......
.O..OXXO..O..OXXO..O..O........O.....OXXOXXOXXO..O..O..O..OXXOXXOXXO..O..OXXO..O..O.....O..O.....O..O..OXXO.....O.......
..........X........X...........X...........X...........X.....X..X..............X...........X...........X..X.............
..........X........X...........X...........X...........X.....X..X..............X...........X...........X..X.............
.OXXO..OXXO........O..O..O..O..O..O..O..O..OXXO..OXXO..O..O..O..OXXOXXO.....O..O.....O..O..O..O.....O..O..OXXOXXO..OXXO.
..........X...........X..X..X.....X..X..X..X..............X.....X..X........X........X..X.....X.....X.....X..X..........
..........X...........X..X..X.....X..X..X..X..............X.....X..X........X........X..X.....X.....X.....X..X..........
.OXXO..O..O..OXXO.....OXXOXXO.....OXXOXXO..O..OXXO..O..OXXO..O..O..O..OXXO..O..O..OXXOXXO..O..O..O..O..O..O..O..O..OXXO.
.......X..............X.....X.....X.....X...........X.....X..X.................X........X..X.....X.....X........X.......
.......X..............X.....X.....X.....X...........X.....X..X.................X........X..X.....X.....X........X.......
.OXXO..O..O..OXXO..O..O.....O..OXXO..O..O.....OXXO..O..OXXOXXOXXO.....OXXO..O..O.....O..OXXOXXO..OXXO..O........O..O..O.
..........X........X..............X..X.......................X..............X........X..X..X.....X.................X..X.
..........X........X..............X..X.......................X..............X........X..X..X.....X.................X..X.
.O..O..O..O..O.....O..OXXO.....OXXOXXO.....O..O..O..OXXOXXOXXOXXO..OXXO..O..O..O..OXXOXXOXXOXXO..O..O..O..OXXO..OXXOXXO.
.X..X..X.....X.......................X.....X..X..X.....X..X..............X.....X.....X..............X..X..............X.
.X..X..X.....X.......................X.....X..X..X.....X..X..............X.....X.....X..............X..X..............X.
.OXXOXXOXXOXXOXXO..O..OXXO..OXXOXXO..O..O..OXXOXXOXXO..O..OXXOXXO..OXXOXXO.....O..O..O..OXXO..OXXO..O..O..O..O.....OXXO.
.X........X..X.....X...........X........X..X..X...........X..X........X..X........X.......................X..X........X.
.X........X..X.....X...........X........X..X..X...........X..X........X..X........X.......................X..X........X.
.O..O..O..O..O..OXXOXXO..O..OXXOXXOXXOXXOXXOXXOXXOXXO..OXXO..O..OXXO..O..OXXO..O..O..O..OXXO..OXXOXXO.....O..O..O.....O.
....X..X.................X........X..X..X..X.....X........X..............X.....X.....X...........X..............X.......
....X..X.................X........X..X..X..X.....X........X..............X.....X.....X...........X..............X.......
.OXXO..O.....OXXO..OXXOXXO..OXXO..O..OXXOXXO.....O.....O..O..OXXO..O..OXXOXXO..OXXO..O.....OXXO..O.....OXXOXXO..O..O....
....X.................X..X...........X..X..X...........X...........X...........X..........................X........X....
....X.................X..X...........X..X..X...........X...........X...........X..........................X........X....
....OXXO..O..O..O..OXXO..O.....O..OXXOXXOXXOXXO..O..O..O.....OXXO..O..O..OXXO..O..O..O..O..O..O...........O..O.....O..O.
....X.....X..X..X.....X........X........X........X..X.................X...........X..X..X..X..X..............X........X.
....X.....X..X..X.....X........X........X........X..X.................X...........X..X..X..X..X..............X........X.
.O..O..OXXOXXO..O..O..O..OXXOXXOXXOXXO..OXXOXXO..OXXOXXO........OXXO..O.....OXXO..OXXOXXOXXOXXOXXOXXOXXOXXOXXOXXO..O..O.
.X...........X.....X........X.....X.....X..X.....X................................X...........X..X..X..X..X........X....
.X...........X.....X........X.....X.....X..X.....X................................X...........X..X..X..X..X........X....
.O..OXXO.....OXXO..O..OXXOXXOXXOXXO..OXXOXXO.....O..O..OXXOXXOXXOXXO..OXXOXXOXXOXXOXXOXXO.....O..OXXOXXOXXOXXOXXOXXO..O.
.............X...........X..X..X..X.....X..X........X.....X..X..X........X..X..X..X..X...........X........X..X..X..X..X.
.............X...........X..X..X..X.....X..X........X.....X..X..X........X..X..X..X..X...........X........X..X..X..X..X.
.O..OXXO..O..O..OXXO.....O..O..O..O..OXXOXXOXXO..O..OXXO..OXXO..O..OXXOXXOXXOXXO..O..O..OXXO.....O.....O..OXXO..O..OXXO.
.X........X.............................X..X.....X..X.....X..X........X........X.......................X..X..X.....X..X.
.X........X.............................X..X.....X..X.....X..X........X........X.......................X..X..X.....X..X.
.O..O..O..OXXOXXOXXO..O..O..O..O.....O..O..O..OXXOXXOXXOXXO..OXXOXXOXXO..O..O..OXXO.....O..O..OXXO..OXXOXXO..O..O..O..O.
....X..X..X..X..X.....X..X..X..X.....X..............X..X..X..X..X..X..X..X..X..X........X..X..............X.....X.......
....X..X..X..X..X.....X..X..X..X.....X..............X..X..X..X..X..X..X..X..X..X........X..X..............X.....X.......
.OXXOXXOXXOXXOXXO..OXXOXXO..O..O..OXXOXXO.....OXXO..OXXOXXOXXO..O..OXXOXXOXXOXXOXXO..OXXOXXO..OXXOXXOXXO..O.....O..O..O.
.......X..X..X..X.....X..X...........X..............X........X.....X..X........X...........X.....X..X..............X..X.
.......X..X..X..X.....X..X...........X..............X........X.....X..X........X...........X.....X..X..............X..X.
.OXXOXXOXXOXXO..O..O..O..O..O.....O..O..O.....OXXOXXOXXO.....O.....OXXOXXO..OXXOXXOXXOXXO..OXXO..O..O..O........O..OXXO.
....X..X..X..X.....X........X.....X.....X........X.................X..X........X..X..X.....X...........X........X..X..X.
....X..X..X..X.....X........X.....X.....X........X.................X..X........X..X..X.....X...........X........X..X..X.
.O..OXXOXXOXXOXXOXXOXXO.....O.....O.....O........O..O..OXXO..O..O..O..OXXOXXOXXOXXOXXOXXO..O..O..OXXO..O..OXXO..OXXOXXO.
.X..X..X.....X..X...................................X........X..X.....X..X..X.................X.................X..X..X.
.X..X..X.....X..X...................................X........X..X.....X..X..X.................X.................X..X..X.
.OXXOXXO..O..O..O..OXXOXXO.....O..OXXO..O..O..OXXO..O..OXXOXXOXXO..O..OXXOXXOXXO..OXXO..O..O..O..OXXOXXOXXOXXOXXOXXOXXO.
.X..X..X..X...........X........X........X..X..............X.....X..X..X..X..X...........X..X........X..X..X..X..X..X..X.
.X..X..X..X...........X........X........X..X..............X.....X..X..X..X..X...........X..X........X..X..X..X..X..X..X.
.O..OXXOXXOXXOXXO..O..O.....O..O..OXXOXXOXXOXXOXXO..OXXO..O..O..OXXOXXOXXOXXOXXO..OXXO..OXXO..O..OXXOXXOXXOXXOXXOXXOXXO.
....X..X.....X.....X........X........X.....X..X..............X..X..X..X..X..X...........X..X..X...........X..X..X.....X.
....X..X.....X.....X........X........X.....X..X..............X..X..X..X..X..X...........X..X..X...........X..X..X.....X.
.OXXOXXOXXO..O..O..O.....O..O..O.....O..O..O..O..O.....OXXOXXOXXOXXOXXOXXOXXO..OXXO..O..O..O..OXXO..O..O..O..OXXOXXO..O.
................X........X.....X........X........X........X..X..X..X........X........X........X.....X..X.....X..........
................X........X.....X........X........X........X..X..X..X........X........X........X.....X..X.....X..........
.OXXOXXOXXO..O..O.....O..O..O..O..O..OXXO........O.....OXXOXXOXXOXXO..O..O..OXXOXXO..O..O..O..OXXOXXOXXO..OXXOXXOXXO..O.
....X..X.....X........X.....X.....X.....X..........................X..X..X..X..X........X..X..X..X..X..X........X.....X.
....X..X.....X........X.....X.....X.....X..........................X..X..X..X..X........X..X..X..X..X..X........X.....X.
....O..OXXO..O..O..O..O..OXXO.....O..O..O.....O..OXXO..O..OXXOXXO..OXXOXXOXXO..O.....O..O..OXXO..O..OXXOXXO..OXXOXXO..O.
.......X........X..X........X........X........X........X.....X.....X..X..X..X........X.....X..X.....X..X........X.......
.......X........X..X........X........X........X........X.....X.....X..X..X..X........X.....X..X.....X..X........X.......
.......O..OXXO..O..O..O.....O..OXXO..O..O..O..O..OXXOXXOXXO..OXXO..OXXOXXOXXOXXO..OXXOXXO..OXXOXXO..OXXOXXO.....O..OXXO.
......................X.................X..X........X..X.....X.....X.....X.................X........X...................
......................X.................X..X........X..X.....X.....X.....X.................X........X...................
.......O..OXXO..O..OXXOXXOXXO..OXXO..O..O..O..O..O..O..O.....O.....O..O..O..OXXO..OXXOXXOXXOXXO..OXXOXXOXXO..O..OXXOXXO.
.......X........X.....X..X...........X........X..X....................X..............X..X..............X.....X.....X....
.......X........X.....X..X...........X........X..X....................X..............X..X..............X.....X.....X....
....OXXOXXOXXOXXOXXOXXO..O..O.....O..O.....OXXOXXO..O..O.....O..O..O..O..OXXO..O..OXXOXXO..OXXO..OXXO..O..OXXOXXO..O..O.
..........X..X.....X..X.....X.....X..............X..X..X.....X..X..X...........X........X.............................X.
..........X..X.....X..X.....X.....X..............X..X..X.....X..X..X...........X........X.............................X.
.OXXO..OXXOXXO.....O..O.....O..O..O..OXXO..OXXO..OXXO..O.....OXXOXXOXXOXXOXXO..O.....O..O.....O..O.....OXXO..OXXO.....O.
.............X.................X.................X..X........X........X..X...........X........X..X......................
.............X.................X.................X..X........X........X..X...........X........X..X......................
.OXXO.....O..O..O..O.....O..OXXOXXOXXOXXO.....OXXOXXOXXO..O..O..OXXO..O..O..O..O..O..O.....OXXOXXOXXOXXOXXO.....O..O..O.
..........X.....X..X.....X.....X..X..X....................X.................X..X..X...........X.....X..X........X..X..X.
..........X.....X..X.....X.....X..X..X....................X.................X..X..X...........X.....X..X........X..X..X.
....OXXO..O..O..O..O.....O..O..O..OXXOXXO..O........OXXO..O.....O..OXXO..OXXOXXOXXO..O..O..O..O..O..OXXOXXOXXOXXOXXOXXO.
.............X..............X.....X........X....................X..............X..X..X..X..X.....X..X.....X..X..X..X..X.
.............X..............X.....X........X....................X..............X..X..X..X..X.....X..X.....X..X..X..X..X.
.O.....OXXOXXO..O..O........O.....O..OXXOXXOXXO..O..OXXO..O..O..O..OXXOXXOXXO..OXXOXXOXXOXXOXXO..O..OXXOXXOXXOXXO..O..O.
.X........X..X..X..X....................X........X........X..X........X..X.....X..X..X..X..X........X..X..X..X..X.......
.X........X..X..X..X....................X........X........X..X........X..X.....X..X..X..X..X........X..X..X..X..X.......
.OXXO..O..O..O..O..O..O.....O..O.....OXXO..OXXO..O..O.....O..O..O.....OXXO..O..O..OXXOXXOXXO..O..OXXOXXOXXOXXO..O.....O.
.X.....X..............X.....X..X........X...........X...........X.....X..X..X.....X..X..X..X..X.....X..X..X..X........X.
.X.....X..............X.....X..X........X...........X...........X.....X..X..X.....X..X..X..X..X.....X..X..X..X........X.
.O.....O..O.....O..OXXOXXOXXOXXOXXO..OXXOXXO..OXXOXXOXXO..O..O..O..OXXOXXOXXOXXOXXOXXOXXOXXOXXOXXO..OXXO..O..O..O..OXXO.
..........X.....X........X..X....................X..X.....X..X...........X..X..X..X..X..X..X..X.....X..X........X.....X.
..........X.....X........X..X....................X..X.....X..X...........X..X..X..X..X..X..X..X.....X..X........X.....X.
.O.....OXXOXXOXXOXXO..O..O..O..O..O..OXXOXXOXXOXXOXXOXXOXXOXXO..OXXOXXO..OXXO..O..O..O..OXXOXXOXXOXXOXXOXXO.....O..O..O.
.X...........X..X.....X........X..X.....X..X..X..X.....X..X..X.....X.....X..X...........X..X.....X..X..............X....
.X...........X..X.....X........X..X.....X..X..X..X.....X..X..X.....X.....X..X...........X..X.....X..X..............X....
.O........O..OXXOXXOXXOXXOXXO..OXXOXXOXXOXXOXXOXXO..O..OXXO..O..O..O..O..O..OXXO..O..OXXO..O.....O..O..OXXO..O.....O..O.
..........X..X.....X..X..X.....X..X..X.....X..X..X..X..X..X.....X.....X.....X.....X.....X....................X........X.
..........X..X.....X..X..X.....X..X..X.....X..X..X..X..X..X.....X.....X.....X.....X.....X....................X........X.
.OXXO..O..O..O..O..O..OXXOXXOXXO..O..O..OXXOXXOXXOXXOXXOXXOXXO..O.....O..O..O..O..O..O..O.....O..O..OXXO..O..O..O.....O.
.......X........X.....X..X..X..X.................X.....X..X..............X.....X.....X........X..X........X.....X.......
.......X........X.....X..X..X..X.................X.....X..X..............X.....X.....X........X..X........X.....X.......
.OXXO..O..O.....O..O..O..O..OXXOXXO..O..OXXO..O..O..O..O..O.....O........O.....O..O..O..OXXO..OXXOXXOXXOXXOXXOXXO..O..O.
..........X........X........X........X........X.....X...........X.................X...........X.....X..X..X..X..X..X..X.
..........X........X........X........X........X.....X...........X.................X...........X.....X..X..X..X..X..X..X.
.OXXO..O..O..O..O..O........OXXOXXOXXOXXO..OXXOXXO..OXXO..OXXO..O..O..O..OXXOXXO..OXXO........O.....O..O..O..O..OXXOXXO.
.......X.....X..X...........X..X..X..X..............X..............X..X.....X.....X.............................X..X..X.
.......X.....X..X...........X..X..X..X..............X..............X..X.....X.....X.............................X..X..X.
.O..O..O..OXXOXXO..O..O..O..OXXOXXO..O..OXXOXXO..OXXOXXOXXOXXOXXOXXOXXOXXO..O.....O..O..O..OXXO..OXXO..O.....O..O..O..O.
.X..X........X..X..X..X..X..X..X..X........X........X..X..X..X..X.....X..............X..X..............X.....X..........
.X..X........X..X..X..X..X..X..X..X........X........X..X..X..X..X.....X..............X..X..............X.....X..........
.OXXO..O.....O..OXXOXXOXXOXXOXXOXXO..O..O..OXXOXXOXXOXXOXXOXXOXXO..O..O..O.....OXXO..O..O..OXXOXXOXXO..OXXOXXOXXO..O....
.X..X..X........X........X..X..X..X..X..X..X..X..X..X..X..X..X..X..X.....X....................X..X.....X..X........X....
.X..X..X........X........X..X..X..X..X..X..X..X..X..X..X..X..X..X..X.....X....................X..X.....X..X........X....
.O..O..O.....OXXOXXO..O..O..O..O..OXXOXXOXXOXXO..O..OXXOXXOXXO..OXXOXXOXXO..OXXOXXO.....OXXOXXO..O..O..O..OXXOXXO..O....
......................X...........X.....X.....X.....X..X..X..X..X..X..X..X.....X...........X..X.....X.....X..X..........
......................X...........X.....X.....X.....X..X..X..X..X..X..X..X.....X...........X..X.....X.....X..X..........
....O.....O..O..OXXOXXOXXO..OXXOXXOXXOXXOXXO..O..O..OXXOXXOXXOXXOXXO..O..O.....O..O..O..OXXOXXOXXO..O..OXXOXXO.....OXXO.
....X.....X..X.....X...........X..X..X..X........X..X.....X........X..............X..X.......................X..........
....X.....X..X.....X...........X..X..X..X........X..X.....X........X..............X..X.......................X..........
.O..O..O..OXXOXXO..O..O..OXXO..OXXO..O..O..O.....O..O..O..O........OXXOXXO..O..OXXOXXOXXOXXO..OXXO..O..O..O..O.....OXXO.
.X.....X..X..X........X........X..X........X...........X...........X..X.....X.....X..X..X...........X..X..X.............
.X.....X..X..X........X........X..X........X...........X...........X..X.....X.....X..X..X...........X..X..X.............
.O..OXXOXXOXXOXXO..O..O..OXXOXXO..O..OXXO..O..O..O..OXXOXXO.....O..O..O..O..O..O..O..OXXOXXOXXO..O..O..OXXO..OXXO..O..O.
..........X..X.....X........X..X..............X..X..............X........X.....X.....X..X..X.....X.....X..X........X..X.
..........X..X.....X........X..X..............X..X..............X........X.....X.....X..X..X.....X.....X..X........X..X.
.O..OXXOXXOXXOXXO..O.....OXXOXXOXXO..OXXOXXOXXO..O..OXXO..O.....O..O.....O.....O..O..O..O..O..OXXO..O..O..OXXOXXOXXO..O.
.X.....X................................X..X..X...........X........X..............X..............X..X.....X..X..X..X....
.X.....X................................X..X..X...........X........X..............X..............X..X.....X..X..X..X....
.OXXO..O..OXXO..O..OXXO..O..O..OXXO..O..OXXOXXOXXO..O..OXXOXXO..O..O..O..O..O.....O..O..OXXO.....OXXOXXOXXOXXOXXO..O..O.
.X..............X........X..X........X..X...........X...........X.....X..X..X........X...........X.....X..X..X..X.....X.
.X..............X........X..X........X..X...........X...........X.....X..X..X........X...........X.....X..X..X..X.....X.
.O..O..OXXO.....O..OXXOXXOXXO.....O..O..OXXO.....O..OXXOXXO.....OXXOXXOXXOXXO..O..O..O..OXXO..O..O..OXXOXXO..O..OXXO..O.
....X.................X..X..X.....X.....X........X..X..X........X..X........X..X..X...........X...........X.....X.......
....X.................X..X..X.....X.....X........X..X..X........X..X........X..X..X...........X...........X.....X.......
.OXXOXXOXXO..OXXO.....O..OXXO..O..O..O..O..OXXO..OXXO..O..OXXO..OXXO..O..OXXOXXOXXOXXO..OXXOXXO..O..O..O..O..OXXO.......
....X..X.................X..X..X.....X...........X..X...........X..X..X........X...........X..X..X..X..X........X.......
....X..X.................X..X..X.....X...........X..X...........X..X..X........X...........X..X..X..X..X........X.......
....O..OXXOXXOXXO..O..O..O..OXXO.....O..O..OXXO..OXXOXXOXXOXXO..O..OXXO........O..OXXO..OXXOXXOXXOXXOXXOXXOXXO..O.......
.......X..X..X.....X..X.....X..X........X........X.....X..X........X..X.......................X........X..X.............
.......X..X..X.....X..X.....X..X........X........X.....X..X........X..X.......................X........X..X.............
.OXXO..OXXOXXOXXOXXOXXOXXO..O..O..O.....O..OXXOXXO..O..OXXOXXOXXOXXOXXO..O..O..O..O..O..O..O..OXXOXXOXXOXXO..O..O.....O.
.......X........X..X..............X...........X..X..X..X..X..X..X..X..X..X..X..X..X..X..X..X..X..X..X..X..X..X..X.....X.
.......X........X..X..............X...........X..X..X..X..X..X..X..X..X..X..X..X..X..X..X..X..X..X..X..X..X..X..X.....X.
.OXXO..O..OXXO..O..O..OXXO..OXXO..O..OXXO..OXXOXXOXXOXXOXXOXXOXXOXXOXXOXXOXXOXXOXXOXXOXXOXXOXXOXXOXXOXXOXXOXXOXXOXXO..O.
........................................................................................................................
