....................................................................................................................................................................................
....OXXO...........OXXO..O........OXXO..OXXO..OXXO..OXXO........O..O..O..OXXOXXO..OXXO..OXXO..O..O.....O..O..OXXO..OXXO..OXXO..OXXO..OXXO..OXXO..OXXO.....OXXOXXO..OXXO.....OXXO....
...................X.....X........X.....X...........X...........X..X..X..X..X..X..X........X..X..X.....X..X.....X.....X........X..X..............X...........X.....X..X.............
...................X.....X........X.....X...........X...........X..X..X..X..X..X..X........X..X..X.....X..X.....X.....X........X..X..............X...........X.....X..X.............
.OXXO..OXXOXXO.....O..OXXO..OXXO..O..O..OXXO..OXXOXXO..OXXO..OXXO..O..O..OXXOXXOXXOXXO..OXXOXXOXXO..O..OXXO..OXXO..OXXOXXO.....OXXO..OXXO..OXXOXXO..O..O.....OXXO..OXXO..OXXOXXO....
.......X..X..X..............X........X........X..X.....X.................X.................X..X.....X..X..X.....X.....X........X.....X..X.....X..X..X..X....................X.......
.......X..X..X..............X........X........X..X.....X.................X.................X..X.....X..X..X.....X.....X........X.....X..X.....X..X..X..X....................X.......
.OXXO..OXXOXXOXXO.....OXXO..OXXO..OXXOXXO..OXXOXXO.....O.....OXXO..OXXOXXOXXO.....O........OXXOXXOXXO..OXXOXXOXXO..OXXOXXO..OXXO..O..OXXOXXOXXOXXOXXOXXO.....O.....O..OXXOXXO..O..O.
.........................X....................X..X....................X.....X.....X..............X...........X....................X.....X..X.....X.....X.....X.....X.....X.....X..X.
.........................X....................X..X....................X.....X.....X..............X...........X....................X.....X..X.....X.....X.....X.....X.....X.....X..X.
.OXXO..OXXO..OXXO..O.....O..OXXO..OXXO..O.....OXXO..OXXOXXO..OXXO.....OXXO..O..OXXO..O.....O..OXXO...........OXXO..OXXO..O..O.....OXXO..OXXOXXO..OXXO..OXXO..O.....O..OXXOXXO..OXXO.
....X.....X........X..............X.....X.....X..X.....X.....X........X..............X.....X....................X........X..X..............X.....X........X.......................X.
....X.....X........X..............X.....X.....X..X.....X.....X........X..............X.....X....................X........X..X..............X.....X........X.......................X.
.OXXOXXO..OXXO.....OXXO.....OXXOXXO..OXXOXXOXXOXXOXXO..O..OXXO..OXXOXXOXXO..O..OXXO..O.....O..OXXO..OXXO..OXXO..OXXO..OXXOXXOXXO..OXXO..O..OXXO..O..O..OXXO..OXXOXXO..O.....O..OXXO.
....X........X.................X.....X..X..X..............X..X.....X........X.....X.................X..X........X..X..X........X.....X..X.....X.....X.....X.....X.....X.....X..X..X.
....X........X.................X.....X..X..X..............X..X.....X........X.....X.................X..X........X..X..X........X.....X..X.....X.....X.....X.....X.....X.....X..X..X.
.OXXOXXO..OXXO..OXXO........OXXO..O..O..O..OXXO..OXXO..OXXOXXOXXO..OXXO.....OXXO..O.....OXXO.....OXXO..OXXOXXO..OXXO..OXXO..OXXOXXOXXO..O..OXXOXXO..OXXO..O.....OXXO..O..O..OXXOXXO.
............................X.....X........X.....X...........X..X..X........X..............X........X..X..X..X..X.................X..X...........X.....X........X..X.....X..X.....X.
............................X.....X........X.....X...........X..X..X........X..............X........X..X..X..X..X.................X..X...........X.....X........X..X.....X..X.....X.
.OXXOXXO.....OXXO..O.....OXXO.....OXXO..OXXOXXO..O..OXXO..OXXO..OXXOXXO..OXXOXXO..OXXO..OXXO..OXXO..O..OXXO..OXXOXXOXXO..O..O.....O..OXXO..O..OXXO..OXXO..OXXO..O..O..O..OXXO..OXXO.
....X..X........X..X........X.....X......................................X..X..X...........X.....X.....X..X.....X..X..X..X..X........X..X..X..X..X..X..X..............X..X..X..X....
....X..X........X..X........X.....X......................................X..X..X...........X.....X.....X..X.....X..X..X..X..X........X..X..X..X..X..X..X..............X..X..X..X....
.O..OXXO.....OXXO..O..O..O..O..O..O..OXXO..OXXOXXO..OXXOXXO.....OXXO..OXXO..OXXO.....OXXO..O.....OXXO..OXXOXXOXXO..OXXOXXO..OXXO.....O..OXXO..O..OXXOXXO..O..OXXOXXOXXO..O..OXXO..O.
.X.....X..............X..X.....X..............X..X..X..X..X........X...........X.....X.................X..X..X.....X..X.....X...........X........X........X..X..X..X........X.....X.
.X.....X..............X..X.....X..............X..X..X..X..X........X...........X.....X.................X..X..X.....X..X.....X...........X........X........X..X..X..X........X.....X.
.OXXO..OXXO..OXXO..O..OXXOXXO..O..OXXO..OXXO..OXXOXXOXXOXXO.....OXXOXXO..O..OXXO..O..O........O..OXXOXXO..OXXO..O..OXXO..OXXO..OXXOXXO..O..OXXO..O..O..O..OXXOXXO..O..O..OXXO..OXXO.
.X..X..X...........X..............X.....X..X..X.....X..X..X..............X..X.....X...........X..X..X...........X...........X.....X.................X..X........X.....X.....X.....X.
.X..X..X...........X..............X.....X..X..X.....X..X..X..............X..X.....X...........X..X..X...........X...........X.....X.................X..X........X.....X.....X.....X.
.OXXO..OXXO..OXXO..O..O.....O..OXXOXXO..OXXOXXO.....OXXO..O..OXXOXXOXXO..O..O..OXXO..OXXO..OXXOXXO..OXXO..OXXO..O..O.....OXXO..OXXO.....OXXO..O..O..OXXOXXO..OXXOXXOXXOXXOXXO..OXXO.
.X.....X..............X.....X..X..X..X..X..............X........X..X..............X..X..X..X..X........X..X..X.....X.....X..X..X..X.....X.....X..X..X.....X........X.....X..X..X..X.
.X.....X..............X.....X..X..X..X..X..............X........X..X..............X..X..X..X..X........X..X..X.....X.....X..X..X..X.....X.....X..X..X.....X........X.....X..X..X..X.
.O.....OXXO.....OXXO..O..OXXO..OXXO..O..OXXOXXO..O..O..OXXO..OXXOXXO..OXXO..OXXO..O..OXXO..OXXOXXO..OXXO..O..O..OXXOXXO..OXXOXXOXXOXXO..OXXO..OXXO..OXXO..OXXO.....O..OXXOXXO..OXXO.
.......X..X........X.....X..X..X..X........X.....X..X..X..X........X.......................X..X..X..............X........X.....X..X..X..X......................................X..X.
.......X..X........X.....X..X..X..X........X.....X..X..X..X........X.......................X..X..X..............X........X.....X..X..X..X......................................X..X.
.OXXO..O..OXXO..OXXO..O..OXXOXXOXXO..OXXO..O..O..OXXOXXO..OXXO..O..O..OXXOXXO..O..O..OXXOXXO..O..O..O.....OXXOXXO..O.....O..O..OXXOXXO..O..O..OXXO..OXXOXXO.....O..O..OXXO..OXXOXXO.
.X.................X..X..X..X..X........X.....X........X........X.....X..X.....X..X.....X...........X........X..X..X........X.....X........X...........X..X.....X..X........X..X..X.
.X.................X..X..X..X..X........X.....X........X........X.....X..X.....X..X.....X...........X........X..X..X........X.....X........X...........X..X.....X..X........X..X..X.
.OXXO.....OXXO..OXXO..OXXOXXO..O..O..OXXO..OXXOXXO..OXXO..OXXO..O..OXXO..O..O..OXXO..OXXOXXO..O..OXXO..OXXO..OXXOXXO..O.....OXXO..OXXO..OXXO..OXXOXXO..OXXO.....OXXO..OXXO..OXXOXXO.
....X.............................X...........X...........X...........X.....X........X........X........X..X..X........X.................X.....X..X.....X...........X.....X..X.....X.
....X.............................X...........X...........X...........X.....X........X........X........X..X..X........X.................X.....X..X.....X...........X.....X..X.....X.
.OXXO..O..OXXO.....OXXO..OXXO..OXXO.....O..O..O.....OXXO..OXXO..O.....O..OXXO.....OXXO.....OXXOXXO..OXXOXXOXXOXXO..OXXO..O..OXXOXXOXXO..O..O..OXXOXXOXXO..O..OXXOXXO.....O..O..OXXO.
.......X..X..X..........................X..X..............X.....X....................X.....X..X..X..X.....X..X...........X..X..X..X........X..X.....X.....X.....X.................X.
.......X..X..X..........................X..X..............X.....X....................X.....X..X..X..X.....X..X...........X..X..X..X........X..X.....X.....X.....X.................X.
.O..OXXOXXO..OXXO..OXXO..OXXOXXO..O..OXXOXXOXXO..OXXO..OXXO..OXXO..O..O..O........OXXO..OXXOXXOXXOXXO.....OXXO..O..OXXO..O..O..OXXO..OXXO..OXXO.....OXXO..O..OXXOXXO..OXXO..O..OXXO.
.X.................X..X.....X.....X.....X.................X........X..X..X....................X.................X..............X..X........X.......................X........X..X....
.X.................X..X.....X.....X.....X.................X........X..X..X....................X.................X..............X..X........X.......................X........X..X....
.O........O..OXXO..O..O..OXXO.....OXXOXXOXXO..OXXO..O.....O..O..OXXO..OXXO..OXXO..OXXOXXOXXOXXOXXO..O..OXXO.....O..O..OXXO..O..O..O..OXXO..O..OXXOXXO.....OXXOXXOXXO..OXXO..O..O..O.
..........X.......................X..X.....X........X........X..X....................X..X..X........X..............X........X...........X........X...........X..X........X........X.
..........X.......................X..X.....X........X........X..X....................X..X..X........X..............X........X...........X........X...........X..X........X........X.
.OXXO..O..OXXO..OXXO.....O..OXXOXXO..O..OXXO..OXXO..OXXO.....O..O..OXXO..OXXOXXO.....OXXOXXO..O..OXXO.....O.....OXXOXXO.....OXXOXXO..OXXO..OXXO..O..OXXOXXOXXOXXOXXO..O..OXXOXXO..O.
....X..X..X.....X........X.....X..X.....X..X........X..............X..X..X..X...........X..X..X...........X........X..X........X........X.....X........X..X..X.....X..X.....X..X....
....X..X..X.....X........X.....X..X.....X..X........X..............X..X..X..X...........X..X..X...........X........X..X........X........X.....X........X..X..X.....X..X.....X..X....
.O..OXXOXXOXXO..OXXO..OXXOXXO..O..OXXOXXO..O.....OXXO..OXXOXXO..O..OXXOXXO..OXXOXXO..O..OXXOXXO.....O.....OXXO..O..O..OXXO..O..OXXO..OXXO.....OXXO..O..O..OXXO..OXXOXXO..O..OXXOXXO.
.X..X..X...........X.....X........X..X..............X.....X.....X..X.....X.....X.....X..X..X..X.....X.....X.....X...........X..X..X..............X..X........X.....X.....X........X.
.X..X..X...........X.....X........X..X..............X.....X.....X..X.....X.....X.....X..X..X..X.....X.....X.....X...........X..X..X..............X..X........X.....X.....X........X.
.OXXO..O..O..OXXO..O..OXXOXXOXXO..OXXOXXOXXO.....O..OXXO..O..OXXO..O..O..OXXOXXO..OXXOXXOXXO..OXXO..OXXO..O..OXXO..O..OXXOXXO..OXXOXXO..OXXO..OXXO..O..OXXO..O..OXXOXXO..OXXO..OXXO.
.X........X.....X...........X.....X..X..X........X....................X..X..X..X........X.....X..X..X..X.....X.....X.....X........X..X.................X.................X........X.
.X........X.....X...........X.....X..X..X........X....................X..X..X..X........X.....X..X..X..X.....X.....X.....X........X..X.................X.................X........X.
.O..OXXOXXO..OXXO..OXXO..O..O..OXXOXXOXXOXXO..OXXOXXO..O..O..O.....OXXOXXOXXO..OXXO..O..O..OXXOXXOXXO..O.....OXXOXXO..OXXOXXO..OXXO..OXXOXXO..OXXOXXO..OXXO..OXXOXXOXXO..OXXO..OXXO.
....X..X..............X..X...........X..X...........X..X..X..X.....X.....X...........X.....X.....X..X...........X..X..............X.....X........X.....X.....X..X..X..X..X........X.
....X..X..............X..X...........X..X...........X..X..X..X.....X.....X...........X.....X.....X..X...........X..X..............X.....X........X.....X.....X..X..X..X..X........X.
.OXXOXXOXXO.....OXXO..O..O..O..OXXOXXOXXOXXOXXOXXO..OXXOXXO..O..OXXO.....O..OXXO..O..OXXO..OXXO..OXXO..OXXO..O..OXXO.....O..OXXOXXO.....OXXO..OXXO..OXXO..O..O..O..OXXO..O.....OXXO.
.X..........................X.....X..X..X..X..X..X..............X.................X.....X..X........X.....X..X..X..X.....X..X..X..X.....X.................X....................X....
.X..........................X.....X..X..X..X..X..X..............X.................X.....X..X........X.....X..X..X..X.....X..X..X..X.....X.................X....................X....
.O..OXXO..O..O...........OXXOXXO..O..OXXOXXOXXO..O..OXXO..OXXO..OXXO..O..OXXO..O..O..OXXOXXOXXO.....OXXOXXO..O..OXXO..OXXO..O..OXXOXXO..O..O........O..OXXO.....OXXO........OXXO..O.
..........X..X.......................X..X.....X.....X..X........X..X..X........X...........X..X........X........X..X.................X.....X........X.....X.......................X.
..........X..X.......................X..X.....X.....X..X........X..X..X........X...........X..X........X........X..X.................X.....X........X.....X.......................X.
.O..O.....OXXO..O.....O..O..OXXO..OXXOXXOXXO..OXXOXXO..OXXO..O..O..OXXO........OXXOXXOXXO..OXXO.....OXXOXXO..O..OXXOXXO........OXXOXXO.....OXXO..OXXO..OXXOXXOXXOXXO..OXXO..O..O..O.
.X..X.....X.....X.....X..X.................X.....X..X.....X..X.....X..............X..X..X..X..............X..X..X..X..............X..X........X..X...........X..X........X..X..X....
.X..X.....X.....X.....X..X.................X.....X..X.....X..X.....X..............X..X..X..X..............X..X..X..X..............X..X........X..X...........X..X........X..X..X....
.O..OXXOXXOXXO..O..O..O..OXXOXXO..O.....OXXOXXOXXOXXOXXO..OXXO..OXXOXXO........OXXOXXO..O..O..O..O.....O..O..OXXO..OXXO..O..OXXO..O..O..OXXO..O..O...........OXXO..OXXOXXO..OXXO..O.
.......X...........X........X.....X...........X....................X..............X...........X..X.....X........X..X..X..X.....X.............................X..X..X..X..X..X.....X.
.......X...........X........X.....X...........X....................X..............X...........X..X.....X........X..X..X..X.....X.............................X..X..X..X..X..X.....X.
....OXXOXXOXXO..OXXO........OXXO..O.....O..O..O........O..OXXO..O..O..OXXO........OXXOXXO.....OXXOXXOXXO..O..O..OXXOXXO..OXXO..O..OXXO.....O..O.....OXXO.....O..OXXOXXOXXOXXO..OXXO.
.......X..X....................X........X..X...........X........X.....X..............X........X.....X.....X..X.....X..X..X..X..............X..X.................X.................X.
.......X..X....................X........X..X...........X........X.....X..............X........X.....X.....X..X.....X..X..X..X..............X..X.................X.................X.
....OXXO..O..O..O..OXXO..O..OXXO..OXXOXXO..OXXO.....O..OXXOXXO..OXXOXXOXXO..O.....OXXOXXO..O..O..OXXO..O..O..O.....OXXOXXO..OXXO..O..OXXO..O..O..OXXO..OXXO.....O..O..OXXO..O..OXXO.
.............X..X.....X..X...........X..............X..X..X..X.....X........X..............X........X..X...........X........X.....X.................X..X...........X..X.....X..X....
.............X..X.....X..X...........X..............X..X..X..X.....X........X..............X........X..X...........X........X.....X.................X..X...........X..X.....X..X....
.OXXOXXOXXO..O..OXXO..OXXOXXO..OXXO..OXXO.....OXXO..OXXOXXOXXO.....OXXO..OXXOXXOXXOXXO..O..O..OXXO..OXXO........OXXO.....OXXO..O..O........O..OXXO..OXXO..OXXO..OXXOXXO..OXXOXXO..O.
.X..X..X..X...........X..X.....X..............X..X..X.....X..X.....X..X.....X..X..X..X..X...........X..............X.....X..X..X...........X...........X........X.....X..X........X.
.X..X..X..X...........X..X.....X..............X..X..X.....X..X.....X..X.....X..X..X..X..X...........X..............X.....X..X..X...........X...........X........X.....X..X........X.
.OXXOXXOXXO..OXXO.....OXXO..OXXO..O..OXXO..O..OXXOXXO..OXXOXXOXXO..OXXOXXO..O..O..OXXO..O..OXXO.....OXXO..O..O..O..O..OXXOXXO..OXXO..OXXO..O.....O..O..OXXOXXO..OXXO..OXXOXXO..OXXO.
.X........X.....X.................X.....X..X...........X.....X..X.....X..X...........X..............X.....X..X..X..............X..X..............X..X.....X........X..X..X..X.....X.
.X........X.....X.................X.....X..X...........X.....X..X.....X..X...........X..............X.....X..X..X..............X..X..............X..X.....X........X..X..X..X.....X.
.OXXOXXOXXOXXO..OXXO..OXXO..O..OXXOXXO..O..O.....OXXO..O..OXXO..OXXO..OXXO........O..OXXO..O.....OXXO..O..O..OXXOXXO........OXXOXXO.....O..OXXO..OXXO.....OXXO.....OXXO..O..O..OXXO.
....X..X........X..X..X.....X.....X..X.......................X..X.................X.....X..X...........X....................X..X..X.....X..X..............X........X..X...........X.
....X..X........X..X..X.....X.....X..X.......................X..X.................X.....X..X...........X....................X..X..X.....X..X..............X........X..X...........X.
....O..O..OXXO..OXXO..O..O..OXXO..O..OXXO.....OXXOXXOXXO..O..O..OXXO........O.....O..OXXO..O..O..O.....O.....O.....OXXO..O..O..OXXO..OXXO..OXXO..O.....O..OXXO..OXXO..OXXO..O..OXXO.
..........X..............X..X........X........X..X..X.....X........X........X.................X..X...........X...........X.....X...........X.....X.....X..X..X..X..X..X..X..X.....X.
..........X..............X..X........X........X..X..X.....X........X........X.................X..X...........X...........X.....X...........X.....X.....X..X..X..X..X..X..X..X.....X.
.O..OXXO..OXXOXXO..OXXOXXOXXOXXOXXOXXO..OXXO..OXXOXXOXXOXXOXXO..OXXO..O..O..OXXO..OXXO..OXXO..OXXOXXO..OXXOXXOXXO..OXXO..OXXOXXO..OXXO..OXXO..OXXO..OXXOXXO..OXXO..OXXOXXO..OXXOXXO.
.X...........X........X........X..X.................X..X........X.....X..X..X..X.....X.....X...........X..X........X..X..X..X..X........X.....X.................X..X..X..X.....X..X.
.X...........X........X........X..X.................X..X........X.....X..X..X..X.....X.....X...........X..X........X..X..X..X..X........X.....X.................X..X..X..X.....X..X.
.O.....OXXO..O........O..OXXO..OXXO.....OXXO..O.....OXXO.....OXXO..OXXO..O..OXXO.....O..OXXO.....O.....OXXO..OXXO..OXXOXXO..O..O..OXXO..OXXO..O.....OXXO..O..OXXOXXO..OXXO..OXXOXXO.
..........X.......................X........X..X.....X........X.....X........X..X.................X.....X..X........X.................X..X.................X.....X..X.....X..X..X..X.
..........X.......................X........X..X.....X........X.....X........X..X.................X.....X..X........X.................X..X.................X.....X..X.....X..X..X..X.
....OXXO..OXXO..OXXO..OXXOXXO.....O..OXXO..O..OXXO..O..OXXO..O..OXXOXXOXXOXXO..O.....O..OXXOXXOXXO..O..O..O..O..OXXOXXO..OXXO..O..O..OXXO..OXXOXXOXXO..OXXO..OXXOXXOXXO..OXXO..O..O.
..........X..X..X..X.....X....................X..X.....X..............X..X...........X..X..X..X.....X........X..X.....X........X..X.....X.....X..X..X........X..X.....X..X..X.......
..........X..X..X..X.....X....................X..X.....X..............X..X...........X..X..X..X.....X........X..X.....X........X..X.....X.....X..X..X........X..X.....X..X..X.......
.O..OXXOXXO..OXXOXXOXXO..O........OXXOXXO.....OXXOXXO..O..OXXO..O.....OXXOXXO.....OXXO..OXXOXXO..O..O..OXXO..O..OXXO..OXXOXXO..OXXO..O..O..OXXOXXO..OXXO.....OXXO..OXXO..O..OXXO..O.
.X..X..X..X........X..............X..X........X.................X....................X...........X........X........X.....X.....X..X..X........X..X..X..............X..X...........X.
.X..X..X..X........X..............X..X........X.................X....................X...........X........X........X.....X.....X..X..X........X..X..X..............X..X...........X.
.O..O..OXXOXXO..OXXOXXO..O..OXXOXXO..O..OXXO..O..OXXO.....OXXOXXOXXOXXO.....OXXOXXO..OXXO..O..OXXO.....OXXO..OXXOXXOXXOXXO..OXXOXXOXXOXXO..O..OXXO..O..OXXO..OXXO..OXXOXXO..OXXO..O.
..........X..X........X..X.....X..X........X.....X...........X..X..X...........X...........X.....X...........X..X..X..X....................X..............X........X..X..X..........
..........X..X........X..X.....X..X........X.....X...........X..X..X...........X...........X.....X...........X..X..X..X....................X..............X........X..X..X..........
.O..OXXO..OXXO..OXXOXXO..O..OXXOXXO..OXXO..O..OXXO..OXXO..OXXO..OXXOXXO.....O..OXXO.....OXXO..OXXO..OXXOXXOXXOXXO..OXXO.....OXXO..O..OXXO..O..O.....O.....O..OXXO..O..OXXO..OXXO..O.
.X.................X.................X........X..X..X.....X..X.....X........X.....X...........X..X..X..X..X........X..............X.....X.....X.....X.................X........X..X.
.X.................X.................X........X..X..X.....X..X.....X........X.....X...........X..X..X..X..X........X..............X.....X.....X.....X.................X........X..X.
.O.....O..OXXOXXO..OXXOXXO..O..O..OXXO..OXXO..OXXO..O..OXXOXXOXXO..OXXO.....O..OXXOXXO..O..O..OXXOXXO..OXXO........OXXO........OXXO..OXXOXXO..O..O..O..OXXO.....OXXO..OXXO..OXXOXXO.
.......X.....X........X.....X..X..X..............X........X........X....................X..X...........X..............X........X..X........X.....X.....X..............X........X..X.
.......X.....X........X.....X..X..X..............X........X........X....................X..X...........X..............X........X..X........X.....X.....X..............X........X..X.
.OXXO..OXXO..O..OXXO..O..O..OXXO..O..OXXOXXOXXO..OXXO..OXXO.....OXXO..O..OXXO..OXXO..OXXOXXO..OXXO..OXXOXXO.....O..OXXO..O..OXXO..OXXOXXO..O.....O..OXXO..OXXO.....O..O..OXXOXXO..O.
.X........X..............X..............X..X..X....................X..X..X..X.....X........X..............X.....X..X.....X..X.....X..X..X..............X.....X.....X........X.......
.X........X..............X..............X..X..X....................X..X..X..X.....X........X..............X.....X..X.....X..X.....X..X..X..............X.....X.....X........X.......
.OXXO..O..O.....OXXO.....O.....OXXO..OXXO..O..O..OXXO..OXXO.....OXXOXXOXXO..O.....O..OXXO..O..O..OXXO.....OXXO..O..O..O..OXXOXXO..OXXOXXOXXOXXOXXO.....O..OXXO..O..O..OXXO..O..O....
.......X.......................X........X..............X..............X..X....................X.......................X.....X.....X.....X..X..X..............X..X.....X........X....
.......X.......................X........X..............X..............X..X....................X.......................X.....X.....X.....X..X..X..............X..X.....X........X....
.......O..OXXO.....O.....O..O..O.....OXXOXXO..O..O..OXXO.....OXXO..OXXOXXOXXO..O.....O.....OXXOXXO..OXXO..OXXO..OXXOXXO..O..O.....OXXO..OXXO..OXXO........OXXO..OXXO..O..O..OXXO....
...................X.....X..X........X..X..X..X..X...........X..X..X..X........X.....X...........X..............X..X.....X...........X...................................X..........
...................X.....X..X........X..X..X..X..X...........X..X..X..X........X.....X...........X..............X..X.....X...........X...................................X..........
.OXXO..OXXO.....OXXO..OXXOXXOXXO..OXXOXXOXXO..OXXOXXO........OXXOXXO..O.....OXXO..OXXOXXO.....OXXO..OXXOXXO..O..OXXO..OXXO.....OXXO..O.....OXXOXXO..OXXOXXO..O..OXXO..OXXO.....O..O.
.........................X..X..X..X..X..X........X..X........X.....X........X..X.....X..............X..X..X..X........X........X..............X.....X..X..X..X.....X..X..X.....X..X.
.........................X..X..X..X..X..X........X..X........X.....X........X..X.....X..............X..X..X..X........X........X..............X.....X..X..X..X.....X..X..X.....X..X.
.OXXO.....O.....OXXO.....OXXOXXO..OXXOXXOXXO..OXXO..O........O.....OXXOXXO..O..OXXOXXOXXO.....O.....O..OXXO..O..O.....OXXO..OXXO..OXXOXXO..OXXOXXOXXOXXO..O..O..OXXOXXO..OXXO..OXXO.
..........X........X.....X........X..X...........X.................X..X........X..X...........X........X........X...........X........X...........X..X.............................X.
..........X........X.....X........X..X...........X.................X..X........X..X...........X........X........X...........X........X...........X..X.............................X.
.OXXO..OXXO..O..OXXO.....OXXO.....OXXO...........O..OXXO..OXXO..OXXOXXO..OXXO..OXXO..OXXO.....O..OXXOXXOXXOXXOXXO..OXXO.....O..OXXO..OXXOXXOXXOXXOXXOXXO..OXXO..O.....OXXO..OXXOXXO.
.X........X..X..............X.............................X..X.................X....................X.....X..X........X........X........X..X..X.....X........X..X.....X.....X..X..X.
.X........X..X..............X.............................X..X.................X....................X.....X..X........X........X........X..X..X.....X........X..X.....X.....X..X..X.
.OXXO..OXXO..O..O..O..OXXO..O..OXXOXXO........O..O..O..OXXO..OXXOXXO..O........O..O.....O..O..OXXO..O.....OXXO.....OXXOXXO.....O.....OXXOXXO..OXXO..O..O..OXXOXXO..OXXOXXO..OXXOXXO.
..........X.....X..X..X..X.....X..X...........X..X..X..X........X..X..X...........X.....X..X.............................X...........X.................X...........X..X...........X.
..........X.....X..X..X..X.....X..X...........X..X..X..X........X..X..X...........X.....X..X.............................X...........X.................X...........X..X...........X.
.OXXOXXO..OXXO..O..O..O..OXXO..OXXO..OXXO..OXXO..OXXOXXOXXO.....OXXO..O.....OXXO..O.....OXXOXXO..OXXO..OXXO..OXXO.....OXXOXXO..OXXO..O..OXXO.....OXXO..OXXO..OXXOXXOXXOXXOXXO..OXXO.
.X..X..X..X..X..............X.......................X.....X........X........X..X.................X...........X........X.................X..X........X..X........X.....X..X..........
.X..X..X..X..X..............X.......................X.....X........X........X..X.................X...........X........X.................X..X........X..X........X.....X..X..........
.OXXO..OXXO..OXXOXXOXXO..OXXOXXO..OXXO..O..OXXO..O..O.....O..OXXOXXO..OXXO..O..O..OXXOXXO..OXXO..O.....OXXO..O..OXXO..O..OXXO.....OXXO..O..O........O..O..O..OXXO..O..OXXOXXOXXO..O.
.......X........X..X..X.....X...........X........X...........X..X........X...........X.....X.......................X......................................X..X.....X..X..X..X.....X.
.......X........X..X..X.....X...........X........X...........X..X........X...........X.....X.......................X......................................X..X.....X..X..X..X.....X.
....O..O..OXXO..OXXO..O..OXXO...........OXXO.....OXXOXXO.....OXXO..O..OXXO........OXXOXXO..O..O..OXXO..O..OXXO.....O..OXXO..OXXO..O..OXXO..O..O........OXXO..O..O..O..OXXO..OXXO..O.
....X.....X..X.....X.....X..............X..X.....X..X........X..X..X.....X........X...........X.....X..X.....X........X...........X........X..X........X..X.....X...........X.......
....X.....X..X.....X.....X..............X..X.....X..X........X..X..X.....X........X...........X.....X..X.....X........X...........X........X..X........X..X.....X...........X.......
....OXXO..OXXOXXOXXO..OXXOXXO..O..O..O..OXXO..O..OXXOXXO..OXXO..O..O..OXXO.....OXXOXXO..OXXOXXOXXO..OXXOXXO..OXXO..O..O.....OXXO..O.....OXXOXXO..OXXO..OXXO..O..O..OXXOXXO..OXXO..O.
..........X..X..X..X.....X..X..X..X..X........X.....X..X.....X...........X........X.....X..X..X.....X..X.....X.....X........X....................X..X.....X..X.....X..X..X........X.
..........X..X..X..X.....X..X..X..X..X........X.....X..X.....X...........X........X.....X..X..X.....X..X.....X.....X........X....................X..X.....X..X.....X..X..X........X.
.OXXO.....O..OXXOXXO..O..OXXO..OXXOXXO..OXXO..OXXO..OXXOXXOXXOXXO..O..OXXOXXO..O..O..OXXOXXO..OXXO..O..OXXO..OXXOXXO.....OXXOXXO.....OXXO.....O..O..OXXO..OXXO..OXXO..OXXO.....OXXO.
....X........X..X.....X.....X...........X..X..X...........X........X.....X.....X.......................X........X...........X..X.....X..X.....X...................................X.
....X........X..X.....X.....X...........X..X..X...........X........X.....X.....X.......................X........X...........X..X.....X..X.....X...................................X.
....OXXOXXO..OXXO..OXXOXXO..OXXOXXO..O..OXXO..O..OXXO.....OXXO.....O..OXXO..OXXOXXO..O..OXXO..O.....O..O.....OXXO.....OXXO..O..O..OXXOXXO..OXXOXXO..OXXO..OXXO..OXXO..OXXO..O..OXXO.
....X..X..X.....X..X..X.....X..X..X..X..............X.....X....................X.....X.....X..X.....X...........X..........................X..X...........X.....X..X.....X..X..X..X.
....X..X..X.....X..X..X.....X..X..X..X..............X.....X....................X.....X.....X..X.....X...........X..........................X..X...........X.....X..X.....X..X..X..X.
.O..O..OXXO..OXXO..OXXOXXO..OXXOXXOXXO..OXXO..OXXO..O.....O..OXXO.....OXXO..OXXOXXO..OXXOXXOXXOXXOXXOXXOXXO.....OXXOXXO..OXXO.....OXXO..O..O..O..OXXO..O..OXXO..OXXOXXO..OXXOXXOXXO.
.X.....X.....X..X...........X.....X..X..........................X....................X..X..X.....X..X..X........X..X........X........X..X..............X.....X..X..X..X..X..X..X..X.
.X.....X.....X..X...........X.....X..X..........................X....................X..X..X.....X..X..X........X..X........X........X..X..............X.....X..X..X..X..X..X..X..X.
.O..OXXOXXOXXO..OXXO..O..OXXO..O..OXXOXXOXXOXXO.....OXXOXXO..O..OXXO..OXXO..OXXO..O..OXXOXXO..OXXOXXO..O..O..OXXO..O.....OXXO..O.....O..OXXO........O..OXXO..O..O..OXXO..O..OXXOXXO.
....X..X..X..X.....X..X.....X..X........X..X........X..X..X..X....................X..X...........X........X..X.................X........X...........X..............X..X.............
....X..X..X..X.....X..X.....X..X........X..X........X..X..X..X....................X..X...........X........X..X.................X........X...........X..............X..X.............
.OXXOXXO..OXXO..OXXO..OXXO..OXXOXXOXXOXXOXXOXXO.....OXXOXXOXXO..OXXO..O........O..O..O..OXXO.....OXXO..OXXO..O.....OXXO..O..OXXOXXO..OXXOXXO.....OXXOXXOXXO.....OXXOXXO..O..OXXO..O.
....X..X..X..X..X..X..X..X........X..X..X..X........X.....X.....X.....X........X........X................................X...........X..X........X.....X...........X..X..X.....X..X.
....X..X..X..X..X..X..X..X........X..X..X..X........X.....X.....X.....X........X........X................................X...........X..X........X.....X...........X..X..X.....X..X.
.OXXOXXOXXOXXOXXOXXOXXOXXOXXO..OXXO..O..OXXOXXO..O..O.....O..O..O..OXXOXXO..O..OXXO..OXXO..O..O..O..O.....OXXO..OXXOXXO..O..O..OXXO..O..OXXOXXO..OXXO..O..O..OXXOXXOXXOXXO..OXXOXXO.
.......X..X..X........X....................X..X..X...........X.....X..X.....X.....X.....X..X..X..X..X.....X..X..X..X........X...........X..X........X.....X..X..X..X..X..X..X.....X.
.......X..X..X........X....................X..X..X...........X.....X..X.....X.....X.....X..X..X..X..X.....X..X..X..X........X...........X..X........X.....X..X..X..X..X..X..X.....X.
.OXXO..OXXOXXOXXO..OXXO..OXXO.....OXXO..OXXOXXOXXOXXO.....OXXO..OXXOXXO..OXXO..OXXOXXO..OXXOXXOXXOXXOXXO..OXXOXXOXXO..OXXO..O........OXXOXXOXXO..OXXO..OXXOXXOXXOXXOXXOXXOXXOXXO..O.
....................................................................................................................................................................................
