..................................................................................................................................................................................................................
.O..OXXO.....O.....OXXO..O..O..O..O..OXXO..OXXO..OXXO..O..O..O..O..O..O..OXXO..O..O..O..O..O.....O.....OXXO..O.....O..O..O..O..OXXO..O..O..O..O.....O..O..O..O..OXXO........OXXO..O..O..OXXO..O.....O..O..O..O..O.
.X...........X...........X..X..X..X....................X..X..X..X..X..X........X..X..X..X..X.....X...........X.....X..X..X..X........X..X..X..X.....X..X..X..X....................X..X........X.....X..X..X..X..X.
.X...........X...........X..X..X..X....................X..X..X..X..X..X........X..X..X..X..X.....X...........X.....X..X..X..X........X..X..X..X.....X..X..X..X....................X..X........X.....X..X..X..X..X.
.OXXOXXO..O..OXXOXXOXXOXXOXXOXXOXXOXXOXXO..OXXO..O..OXXOXXOXXOXXOXXOXXO..OXXOXXOXXOXXOXXOXXOXXO..O..O..OXXOXXOXXOXXOXXOXXOXXOXXOXXO..OXXOXXOXXOXXOXXOXXOXXOXXOXXOXXO..O..O..OXXOXXOXXOXXOXXO..OXXOXXOXXOXXOXXOXXO.
.X..X.....X..X..X..X..X..X........X..X...........X.....X..X..X..X..X..X.....X..X..X..X..X..X........X.....X..X..X.....X..X..X..X.....X..X..X..X..X..X..X..X..X..X.....X..X.....X..X..X..X.....X..X..X..X.....X..X.
.X..X.....X..X..X..X..X..X........X..X...........X.....X..X..X..X..X..X.....X..X..X..X..X..X........X.....X..X..X.....X..X..X..X.....X..X..X..X..X..X..X..X..X..X.....X..X.....X..X..X..X.....X..X..X..X.....X..X.
.OXXOXXOXXOXXOXXOXXOXXO..OXXOXXO..O..O..OXXO..O..OXXOXXO..OXXO..OXXOXXO..O..O..OXXOXXOXXOXXOXXOXXOXXOXXOXXOXXO..O..O..OXXOXXOXXOXXO..OXXOXXOXXOXXOXXOXXOXXOXXOXXO..OXXOXXOXXOXXOXXOXXOXXOXXO..OXXOXXO..O..O..OXXO.
.X..X..X..X.....X.....X..X..X.................X..X..X..X..X..X..X.....X..X.....X..X..X..X.....X..X..X..X..X..X.....X..X..X..X..X.....X.....X..X..X..X..X..X..X..X.....X.....X.....X..X........X.....X.....X..X..X.
.X..X..X..X.....X.....X..X..X.................X..X..X..X..X..X..X.....X..X.....X..X..X..X.....X..X..X..X..X..X.....X..X..X..X..X.....X.....X..X..X..X..X..X..X..X.....X.....X.....X..X........X.....X.....X..X..X.
.OXXOXXOXXOXXO..OXXOXXOXXOXXOXXO..O.....OXXO..OXXO..O..OXXOXXOXXO..OXXOXXO.....O..O..O..O..O..O..OXXOXXOXXO..O..O..O..OXXOXXOXXOXXOXXOXXOXXOXXOXXOXXOXXOXXOXXOXXO..O..OXXOXXOXXOXXOXXOXXOXXOXXOXXOXXOXXOXXOXXOXXO.
.X..X..X..X.....X..X..X..X........X...........X..X.....X..X..X..X.....X..X.................X.....X.....X..X.....X.....X..X..X..X..X..X..X..X..X.....X..X.....X..X..X..X..X..X..X..X..X..X..X..X..X.....X..X..X..X.
.X..X..X..X.....X..X..X..X........X...........X..X.....X..X..X..X.....X..X.................X.....X.....X..X.....X.....X..X..X..X..X..X..X..X..X.....X..X.....X..X..X..X..X..X..X..X..X..X..X..X..X.....X..X..X..X.
.OXXOXXOXXO..O..OXXOXXOXXOXXOXXOXXOXXOXXOXXOXXOXXOXXOXXOXXO..O..OXXOXXOXXO..O..O..O..O..OXXOXXOXXOXXO..OXXOXXOXXOXXOXXOXXOXXOXXOXXO..O..OXXOXXO..OXXOXXOXXOXXOXXOXXOXXOXXOXXOXXOXXOXXOXXOXXOXXOXXOXXOXXOXXOXXOXXO.
.X..X..X..X..X..X..X..X..X..X..X.....X..X..X..X.....X..X..X.....X..X..X..X..X..X..X..X........X........X..X..X.....X..X..X..X..X..X.....X..X..X.....X..X..X.....X..X..X.....X..X...........X........X..X..X..X..X.
.X..X..X..X..X..X..X..X..X..X..X.....X..X..X..X.....X..X..X.....X..X..X..X..X..X..X..X........X........X..X..X.....X..X..X..X..X..X.....X..X..X.....X..X..X.....X..X..X.....X..X...........X........X..X..X..X..X.
.O..OXXOXXOXXOXXOXXOXXOXXOXXO..OXXOXXOXXOXXO..O..OXXOXXOXXOXXOXXOXXOXXOXXOXXOXXOXXOXXO..O..O..O..O..OXXOXXOXXO..OXXO..OXXOXXOXXOXXOXXOXXOXXOXXOXXOXXO..OXXOXXOXXOXXOXXOXXOXXO..O..OXXO.....O.....OXXOXXOXXOXXOXXO.
....X........X..X..X..X.....X..X..X..X..X..X........X.....X..X.....X..X..X..X..X.....X..X..X.....X........X..X.....X..X..X..X..X..X..X..X..X.....X..X..X..X..X..X........X..X.............................X..X..X.
....X........X..X..X..X.....X..X..X..X..X..X........X.....X..X.....X..X..X..X..X.....X..X..X.....X........X..X.....X..X..X..X..X..X..X..X..X.....X..X..X..X..X..X........X..X.............................X..X..X.
.O..O..OXXOXXOXXOXXOXXOXXOXXOXXOXXOXXOXXOXXOXXOXXO..OXXOXXOXXOXXOXXOXXO..O..OXXOXXOXXOXXOXXOXXOXXOXXO..O..OXXO..OXXOXXOXXOXXOXXOXXOXXOXXOXXOXXOXXOXXOXXOXXOXXOXXO..O..O..OXXO.....O..O..OXXO..O..OXXOXXO..OXXO..O.
.X........X........X..X..X..X.....X.....X..X..X.....X..X..X..X..X..X..X.....X..X..X..X..X.....X........X..X..X.....X..X.....X..X..X..X..X..X..X..X..X..X..X..X..X..X..X..X..X.....X..X........X.....X.....X..X....
.X........X........X..X..X..X.....X.....X..X..X.....X..X..X..X..X..X..X.....X..X..X..X..X.....X........X..X..X.....X..X.....X..X..X..X..X..X..X..X..X..X..X..X..X..X..X..X..X.....X..X........X.....X.....X..X....
.O..O..O..OXXOXXOXXOXXO..O..O..OXXOXXOXXOXXOXXOXXOXXOXXOXXOXXOXXOXXOXXOXXO..OXXOXXOXXOXXO..O..O..OXXOXXOXXOXXOXXO..O..O..OXXO..OXXOXXOXXOXXOXXOXXOXXOXXOXXOXXOXXOXXOXXOXXOXXOXXOXXOXXOXXOXXO..O..O..OXXOXXOXXOXXO.
....X..X..X..X..X..X..X..............X...........X..X..X........X...........X..X..X..X..X..X........X..X..X..X..............X..X...........X.....X..X..X.....X..X..X..X..X.....X..X..X..X........X..X..X..X.......
....X..X..X..X..X..X..X..............X...........X..X..X........X...........X..X..X..X..X..X........X..X..X..X..............X..X...........X.....X..X..X.....X..X..X..X..X.....X..X..X..X........X..X..X..X.......
....OXXOXXO..O..OXXOXXO..O..O..OXXOXXO..O..O..O..OXXOXXOXXOXXO..O..O..O..O..OXXOXXOXXOXXOXXOXXOXXOXXOXXOXXOXXO..OXXOXXO..O..OXXO..O..O..O..OXXOXXOXXO..O..O..O..OXXOXXOXXO..O..OXXO..O..OXXOXXOXXOXXOXXOXXOXXOXXO.
....X..X..X.....X..X..X..X..X.....X..X..X..X..X..X..X..X..X........X..X..X..X..X..X..X.....X..X..X.....X..X..X.....X.....X..X..X..X..X..X..X..X..X..X.....X.....X..X..X..X..X..X..X.....X..X..X..X..X..X..X..X....
....X..X..X.....X..X..X..X..X.....X..X..X..X..X..X..X..X..X........X..X..X..X..X..X..X.....X..X..X.....X..X..X.....X.....X..X..X..X..X..X..X..X..X..X.....X.....X..X..X..X..X..X..X.....X..X..X..X..X..X..X..X....
.OXXOXXOXXOXXOXXOXXOXXOXXOXXOXXO..OXXOXXOXXOXXOXXOXXOXXO..OXXOXXOXXOXXOXXOXXOXXOXXOXXOXXOXXOXXOXXOXXOXXOXXOXXO..OXXO..O..OXXOXXOXXOXXOXXOXXOXXOXXO..O..O..O..O..OXXO..OXXOXXOXXOXXOXXOXXOXXOXXOXXOXXOXXO..O..O..O.
.............X..X..X..X.....X.....X..X.....X........X..X..X..X..X..X..X..X..X.....X..X..X.....X..X..X..X..X..X.....X..X..X..X.....X..X.....X.....X.....X.....X..X..X..X..X..X..X..X..X..X..X..X..X..X..X........X.
.............X..X..X..X.....X.....X..X.....X........X..X..X..X..X..X..X..X..X.....X..X..X.....X..X..X..X..X..X.....X..X..X..X.....X..X.....X.....X.....X.....X..X..X..X..X..X..X..X..X..X..X..X..X..X..X........X.
.OXXO..OXXO..O..O..O..OXXOXXOXXOXXOXXOXXOXXOXXOXXOXXO..OXXOXXOXXO..O..O..O..OXXOXXOXXOXXOXXOXXOXXOXXOXXOXXOXXO..O..O..O..O..O..O..OXXOXXO..OXXOXXOXXO..OXXO..OXXOXXOXXOXXOXXOXXO..O..OXXO..OXXOXXO..O..OXXOXXOXXO.
......................X..X..X..X..X..X..X.....X..X..X..X..X..X..X...........X..X..X..X..X..X..X.....X........X..X..............X..X..X.....X..X........X.....X..X..X.....X..X..X.....X..X..X..X..X.....X..X..X..X.
......................X..X..X..X..X..X..X.....X..X..X..X..X..X..X...........X..X..X..X..X..X..X.....X........X..X..............X..X..X.....X..X........X.....X..X..X.....X..X..X.....X..X..X..X..X.....X..X..X..X.
.............O..O..O..OXXOXXOXXOXXOXXOXXOXXOXXOXXO..OXXOXXOXXOXXOXXO........OXXO..O..O..O..O..O..O..O..OXXOXXOXXO..O..O..O..O..OXXO..O..O..O..OXXOXXO..OXXOXXOXXOXXOXXOXXOXXOXXOXXOXXOXXOXXOXXOXXOXXOXXOXXOXXOXXO.
.............X..X..X..X..X.....X..X..X..X..X.....X..X..X..X..X..............X..X.................X........X..X..X..X..X..X..X..X..X.....X.....X..X.....X..X..X..X..X..X.....X.....X..X.....X..X..X..X........X..X.
.............X..X..X..X..X.....X..X..X..X..X.....X..X..X..X..X..............X..X.................X........X..X..X..X..X..X..X..X..X.....X.....X..X.....X..X..X..X..X..X.....X.....X..X.....X..X..X..X........X..X.
.O..O..O..O..OXXOXXOXXOXXOXXOXXOXXOXXOXXO..O..OXXOXXOXXOXXOXXO..O..O..OXXO..O..O..O..O..O........O..O..O..O..OXXOXXOXXOXXOXXOXXOXXOXXO..O..OXXO..O..O..OXXOXXOXXO..OXXOXXOXXO..O..O..O..OXXOXXOXXOXXOXXOXXOXXOXXO.
.X..X..X..X..X..X..X..X..X..X.....X..X..X...........X.....X..X..X..X..............X..X..X...........X..X.....X..X..X..X..X..X..X..............X.....X..X..X.....X..X..X..X..X..X..............X..X..X..X..X..X..X.
.X..X..X..X..X..X..X..X..X..X.....X..X..X...........X.....X..X..X..X..............X..X..X...........X..X.....X..X..X..X..X..X..X..............X.....X..X..X.....X..X..X..X..X..X..............X..X..X..X..X..X..X.
.OXXOXXOXXOXXOXXOXXOXXOXXOXXOXXOXXOXXOXXO..O..OXXOXXOXXOXXOXXOXXOXXOXXOXXOXXO..O..OXXO..O..OXXO..OXXOXXOXXOXXOXXOXXOXXOXXOXXOXXOXXO..O.....OXXO..O..OXXOXXO..O..OXXOXXOXXO..OXXO..O..O..O..OXXO..OXXOXXOXXO..O..O.
.X..X..X....................X..X..X..X..X..X.....X.....X..X..X..X..X..X..X.....X..X..X.................X..X..X..X..X..X..X..X........X........X..X..X..X..X..X..X..X..X..X..X..X..X..X..X.....X..X..X..X..X.......
.X..X..X....................X..X..X..X..X..X.....X.....X..X..X..X..X..X..X.....X..X..X.................X..X..X..X..X..X..X..X........X........X..X..X..X..X..X..X..X..X..X..X..X..X..X..X.....X..X..X..X..X.......
.OXXOXXOXXO..OXXO..O..OXXOXXOXXOXXOXXOXXOXXOXXOXXOXXOXXOXXOXXOXXO..OXXOXXOXXOXXOXXOXXOXXO..OXXOXXOXXOXXOXXOXXOXXOXXOXXO..OXXOXXOXXOXXOXXOXXOXXOXXOXXOXXOXXOXXOXXOXXOXXOXXOXXOXXOXXOXXOXXO..OXXOXXOXXOXXOXXO.....O.
.X..X..............X.....X..X..X..X..X.....X..X..X..X..X..X..X..X..X..X.....X..X..X...........X..X..X..X.....X.....X..X..X..X..X..X..X..X..X..X..X........X..X..X........X..X..X.....X..X.....X........X..X.....X.
.X..X..............X.....X..X..X..X..X.....X..X..X..X..X..X..X..X..X..X.....X..X..X...........X..X..X..X.....X.....X..X..X..X..X..X..X..X..X..X..X........X..X..X........X..X..X.....X..X.....X........X..X.....X.
.O..OXXOXXOXXO..O..O..O..OXXOXXOXXO..OXXOXXOXXOXXOXXOXXOXXOXXOXXOXXOXXOXXO..O..O..O..OXXO..O..O..O..OXXOXXOXXOXXOXXOXXOXXOXXOXXOXXOXXOXXOXXOXXOXXO..O..O..OXXOXXOXXO..O..O..O..O..O..OXXOXXOXXOXXOXXO..OXXOXXOXXO.
....X..X..X.....X.....X..X..X..X..X..X..X..X..X........X..X..X..X..X.......................X........X..X..X..X..X..X..X..X.......................X..X..X..X..X........X...........X..X..X..X..X..X.....X.....X..X.
....X..X..X.....X.....X..X..X..X..X..X..X..X..X........X..X..X..X..X.......................X........X..X..X..X..X..X..X..X.......................X..X..X..X..X........X...........X..X..X..X..X..X.....X.....X..X.
.OXXOXXOXXOXXOXXO..OXXOXXOXXO..O..O..OXXOXXOXXO..O..OXXOXXOXXOXXOXXOXXOXXOXXOXXO..O..O..O..OXXOXXOXXOXXOXXOXXO..OXXOXXOXXOXXOXXO..O..O..O..OXXOXXOXXOXXOXXOXXOXXOXXOXXOXXOXXOXXOXXOXXOXXO..OXXOXXOXXOXXOXXO..OXXO.
.......X..X..X..X...........X........X..X..X..X..X........X..X.....X..X..X..X.....X..X..X..X..X..X..X........X..X..X..X..X..X.....X..X..X.....X..X..X..X.....X..X..X..X..X..X..X..X.....X..X..X.....X..X.....X..X.
.......X..X..X..X...........X........X..X..X..X..X........X..X.....X..X..X..X.....X..X..X..X..X..X..X........X..X..X..X..X..X.....X..X..X.....X..X..X..X.....X..X..X..X..X..X..X..X.....X..X..X.....X..X.....X..X.
.OXXO..OXXO..O..O..O..OXXOXXOXXOXXOXXOXXOXXOXXOXXOXXOXXO..OXXOXXOXXOXXOXXOXXOXXOXXOXXOXXOXXO..OXXOXXO..O..O..OXXOXXOXXOXXOXXOXXO..OXXOXXOXXO..OXXO..OXXOXXO..O..O..OXXOXXOXXOXXOXXOXXO..OXXOXXOXXOXXOXXOXXO..OXXO.
.......X..X........X.....X..X..X..X..X..X..X..X..X..X.....X..X..X..X..X..X..X..X..X..X.....X..X..X..X..X..X..X..X..X..X..X........X..X........X..X..X..X...........X..X..X..X..X..X.....X........X..X..X.....X..X.
.......X..X........X.....X..X..X..X..X..X..X..X..X..X.....X..X..X..X..X..X..X..X..X..X.....X..X..X..X..X..X..X..X..X..X..X........X..X........X..X..X..X...........X..X..X..X..X..X.....X........X..X..X.....X..X.
.O..O..O..O..O..O..O..O..OXXOXXOXXOXXOXXOXXOXXOXXOXXO..OXXOXXOXXOXXOXXOXXOXXOXXOXXOXXO..O..OXXOXXOXXOXXOXXOXXOXXOXXOXXOXXOXXOXXOXXOXXO..OXXOXXOXXOXXOXXOXXOXXOXXOXXOXXOXXOXXOXXOXXOXXO..O..O..O..O..OXXOXXOXXOXXO.
.X..X........X..X.....X..X..X..X........X..X..X.....X.....X..X..X..X.....X..X..X..X..X..X..X..X..X..X..X.....X.....X.....X..X..X..X..X.....X..X.....X..X..X..X..X..X........X..X..X........X..X.....X..X..X..X..X.
.X..X........X..X.....X..X..X..X........X..X..X.....X.....X..X..X..X.....X..X..X..X..X..X..X..X..X..X..X.....X.....X.....X..X..X..X..X.....X..X.....X..X..X..X..X..X........X..X..X........X..X.....X..X..X..X..X.
.OXXOXXOXXOXXO..O..O..OXXO..OXXOXXOXXOXXOXXOXXO..O..OXXOXXOXXOXXOXXOXXOXXOXXOXXOXXOXXOXXOXXO..OXXOXXOXXO..O..O.....OXXOXXOXXOXXOXXOXXO..OXXO..O..O..OXXOXXOXXO..OXXO..O..O..OXXO..O..O.....O..O..O..OXXOXXOXXOXXO.
.X..X..X..X..X.....X..X..X..X.....X..X.....X..X..X..X..X...........X..X..X..X..X..X.....X..X..X.....X..X..X........X..X..X..X........X.....X.....X..X..X..X..X..X..X..X..X..X..X.....X...........X..X..X.....X..X.
.X..X..X..X..X.....X..X..X..X.....X..X.....X..X..X..X..X...........X..X..X..X..X..X.....X..X..X.....X..X..X........X..X..X..X........X.....X.....X..X..X..X..X..X..X..X..X..X..X.....X...........X..X..X.....X..X.
.OXXOXXOXXO..O.....OXXO..OXXO..O..OXXO..O..OXXOXXOXXOXXOXXO..O..O..OXXOXXOXXOXXOXXOXXOXXOXXOXXOXXO..O..OXXOXXOXXOXXOXXOXXOXXO..O..O..O..O..OXXOXXOXXOXXOXXOXXOXXOXXOXXOXXOXXOXXO..O..O.....OXXOXXOXXOXXOXXOXXO..O.
.X..X.....X........X..X..X..X..X..X..X..X..X..X..X..X..X.....X..X..X..............X..X..X.....X........X..X..X..X.....X..X..X..X..X.....X..X..X........X..X..X..X..X..X..X..X..X..X...........X..X.....X..X..X....
.X..X.....X........X..X..X..X..X..X..X..X..X..X..X..X..X.....X..X..X..............X..X..X.....X........X..X..X..X.....X..X..X..X..X.....X..X..X........X..X..X..X..X..X..X..X..X..X...........X..X.....X..X..X....
.OXXOXXOXXOXXO..OXXOXXOXXOXXOXXOXXOXXOXXOXXOXXO..O..O..OXXOXXOXXOXXO..OXXO..OXXOXXOXXOXXOXXOXXOXXO..OXXOXXOXXOXXOXXOXXOXXOXXOXXOXXOXXOXXOXXOXXO..O..O..OXXOXXOXXOXXOXXOXXOXXOXXOXXOXXOXXOXXOXXOXXO..O..O..OXXO..O.
.X.....X...........X..X..X..X..X..X..X.....X..X........X..X..X..X..X...........X........X..X..............X..X.....X........X..X..X..X..X..X..X..X..X..X..X..X.....X..X..X..X.....X..X..X..X..X..X..X.....X..X..X.
.X.....X...........X..X..X..X..X..X..X.....X..X........X..X..X..X..X...........X........X..X..............X..X.....X........X..X..X..X..X..X..X..X..X..X..X..X.....X..X..X..X.....X..X..X..X..X..X..X.....X..X..X.
.O..O..OXXOXXO..O..O..O..OXXOXXOXXOXXOXXOXXOXXOXXOXXOXXOXXOXXOXXOXXOXXOXXOXXOXXO..O..OXXOXXOXXO..O..OXXOXXO..O..O..O..O..O..O..OXXOXXOXXOXXOXXOXXOXXOXXOXXO..O..O..O..OXXOXXO..O..OXXOXXOXXOXXOXXOXXOXXOXXO..OXXO.
....X..X..X.....X........X..X........X..X.....X..X..X..X..X.....X..X..X..X..X..X..X........X.....X.....X..X.....X.....X..X.....X.....X..X..X..X..X..X..X..X.....X.....X..X..X..X..X..X..X........X..X..X..X..X..X.
....X..X..X.....X........X..X........X..X.....X..X..X..X..X.....X..X..X..X..X..X..X........X.....X.....X..X.....X.....X..X.....X.....X..X..X..X..X..X..X..X.....X.....X..X..X..X..X..X..X........X..X..X..X..X..X.
.O..OXXOXXO..OXXO..O..O..OXXOXXOXXO..O..OXXOXXOXXO..OXXO..OXXOXXO..OXXOXXOXXOXXOXXO..O..O..OXXOXXO..OXXOXXOXXOXXOXXOXXOXXOXXOXXOXXO..OXXOXXOXXOXXOXXOXXOXXOXXOXXOXXOXXOXXOXXOXXOXXOXXOXXOXXOXXOXXOXXO..O..OXXOXXO.
.X..X..X..X.....X..X..X..X..X..X........X..X..X..X..X..X..X..X..X..X..X..X........X..X..X..X..X..X.....X..X..X..X..X..X..X..X..X.....X.....X..X........X..X..X..X..X..X..X..X..X..X..X.....X..X..X..X.....X..X..X.
.X..X..X..X.....X..X..X..X..X..X........X..X..X..X..X..X..X..X..X..X..X..X........X..X..X..X..X..X.....X..X..X..X..X..X..X..X..X.....X.....X..X........X..X..X..X..X..X..X..X..X..X..X.....X..X..X..X.....X..X..X.
.OXXOXXOXXOXXOXXOXXOXXOXXOXXO..O..OXXO..OXXOXXO..OXXOXXOXXO..OXXOXXOXXO..O..OXXOXXOXXOXXOXXOXXOXXO..O..OXXOXXOXXOXXOXXOXXOXXOXXOXXO..O..O..OXXOXXOXXOXXOXXOXXOXXOXXOXXO..O..O..OXXO..O..OXXOXXO..O..OXXOXXOXXOXXO.
.X..X..X..X..X........X..X..X...........X.....X..X.....X..X..X..X.....X........X..X.....X..X.....X..X..X..X..X..X.....X..X..............X..X..X..X..X.....X..X........X........X..X...........X.....X..X........X.
.X..X..X..X..X........X..X..X...........X.....X..X.....X..X..X..X.....X........X..X.....X..X.....X..X..X..X..X..X.....X..X..............X..X..X..X..X.....X..X........X........X..X...........X.....X..X........X.
.OXXO..O..O..O..O..O..OXXOXXOXXO..OXXOXXO..OXXOXXOXXOXXOXXOXXOXXO..OXXOXXO..O..OXXOXXOXXOXXOXXOXXOXXOXXOXXOXXOXXO..O..OXXO..OXXO..O..OXXOXXO..O..OXXO..O..O..OXXOXXOXXO.....OXXO..O..O..O..O..O..O..O..O..OXXO..O.
.X..X...........X..X..X..............X..X.....X..X..X..X..X.....X...........X..X..X..X..X.....X.....X..X..X.....X..X..X..X........X........X.....X..X..X.....X..X..X..X........X.....X..X..X.....X................
.X..X...........X..X..X..............X..X.....X..X..X..X..X.....X...........X..X..X..X..X.....X.....X..X..X.....X..X..X..X........X........X.....X..X..X.....X..X..X..X........X.....X..X..X.....X................
.OXXOXXO..O..OXXOXXOXXOXXOXXOXXO..O..O..OXXOXXOXXO..OXXOXXOXXOXXO..O..O.....OXXOXXOXXOXXO..OXXOXXO..OXXOXXO..O..OXXOXXOXXOXXOXXO..O..O..O..O..O..O..OXXOXXO..O..OXXO..O..O..O..O..O..OXXOXXO..O..O..O..O........O.
.X........X...........X..X..X.....X.....X..X..X..X..X..X..X..X..X..X..X.....X..X..X..X..X...........X.....X..X..X.....X..X..X........X..X.....X.....X...........X..X.....X..X.....X..X..X..X..X.....X..X........X.
.X........X...........X..X..X.....X.....X..X..X..X..X..X..X..X..X..X..X.....X..X..X..X..X...........X.....X..X..X.....X..X..X........X..X.....X.....X...........X..X.....X..X.....X..X..X..X..X.....X..X........X.
.OXXOXXOXXOXXOXXO..OXXO..OXXOXXOXXOXXOXXOXXO..O..O..OXXOXXOXXOXXOXXO..O..O..OXXOXXOXXOXXOXXOXXOXXOXXO..OXXOXXOXXO..O..OXXOXXOXXO..O..OXXOXXOXXOXXO..O..OXXOXXOXXOXXOXXOXXOXXOXXO..OXXOXXOXXOXXOXXOXXOXXOXXOXXOXXO.
.X..X..X..X..X........X..X..X..X..X..X..X..X........X..X..X..X.....X.....X..X..X..X..X.....X..X..X..X.....X..X..X..X..X..X..X.....X..X..X..X..X...........X..X..X..X..X..X........X..X..X..X..X..X..X..X..X..X..X.
.X..X..X..X..X........X..X..X..X..X..X..X..X........X..X..X..X.....X.....X..X..X..X..X.....X..X..X..X.....X..X..X..X..X..X..X.....X..X..X..X..X...........X..X..X..X..X..X........X..X..X..X..X..X..X..X..X..X..X.
.O..OXXOXXOXXO..OXXO..OXXOXXOXXOXXOXXOXXOXXOXXOXXOXXO..O..OXXOXXOXXO..O..OXXOXXOXXO..O..OXXOXXOXXOXXOXXOXXOXXO..OXXOXXOXXOXXOXXOXXOXXOXXOXXOXXOXXOXXOXXO..O..OXXOXXOXXO..O..O..O..OXXOXXOXXOXXOXXOXXOXXOXXOXXOXXO.
....X........X........X.....X..X..X..X........X..X..X.....X..X..X..X..X..X..X.....X...........X..X..X..X..X..X..X.....X..X..X..X..X..X.....X..X..X..X........X.....X..X.....X..X..X..X..X..X..X..X..X..X..X..X..X.
....X........X........X.....X..X..X..X........X..X..X.....X..X..X..X..X..X..X.....X...........X..X..X..X..X..X..X.....X..X..X..X..X..X.....X..X..X..X........X.....X..X.....X..X..X..X..X..X..X..X..X..X..X..X..X.
.O..OXXOXXOXXOXXOXXOXXO.....OXXOXXOXXOXXOXXO..O..OXXOXXOXXOXXOXXOXXOXXOXXOXXO.....O..O..OXXO..O..OXXO..O..OXXOXXOXXO..OXXOXXOXXOXXOXXOXXO..OXXOXXOXXOXXO..O..OXXOXXOXXOXXOXXOXXOXXOXXOXXOXXOXXOXXOXXOXXOXXOXXOXXO.
.X..X..X..X.....X..X..X.....X..X..X..X..X........X..X..X.................X..X........X...........X..X.....X..X..X.....X........X..X..X.....X..X.....X.....X..X..X..X.....X..X..X...........X.....X..X..X..X..X..X.
.X..X..X..X.....X..X..X.....X..X..X..X..X........X..X..X.................X..X........X...........X..X.....X..X..X.....X........X..X..X.....X..X.....X.....X..X..X..X.....X..X..X...........X.....X..X..X..X..X..X.
.OXXOXXOXXO..O..OXXOXXO..O..OXXOXXOXXOXXOXXOXXOXXOXXOXXOXXOXXO..O..O..O..O..O..O.....OXXOXXOXXOXXOXXOXXO..OXXOXXOXXO..OXXO..OXXOXXO..O..OXXOXXO..O..O..OXXOXXOXXOXXO..O..OXXOXXOXXOXXOXXO..OXXOXXOXXO..O..OXXOXXO.
.X.....X..X..X..X.....X..X..X..X..X..X.....X..X..X..X..X..X.....X..X..X........X.....X..X..X..X..X..X.....X..X........X...........X...........X..X........X..X..X..X..X..X..X..X..X..X.....X..X..X..X.....X..X..X.
.X.....X..X..X..X.....X..X..X..X..X..X.....X..X..X..X..X..X.....X..X..X........X.....X..X..X..X..X..X.....X..X........X...........X...........X..X........X..X..X..X..X..X..X..X..X..X.....X..X..X..X.....X..X..X.
.O..O..OXXOXXOXXOXXO..OXXOXXOXXOXXOXXOXXOXXOXXOXXO..O..OXXO..O..OXXOXXOXXOXXOXXOXXOXXOXXOXXOXXOXXOXXOXXOXXOXXO..O..O..O..O..OXXOXXOXXO..O..O..OXXO..O..OXXOXXOXXOXXOXXO..O..O..O..O..OXXO..OXXOXXOXXOXXOXXOXXOXXO.
....X..X..X..X........X..X..X..X..X..X..X..X..X..X.....X..X..X..X.....X..X..X..X..X..X..X..X..X..X..X..X..X..X..X..X.....X.....X..X.....X..X..X..X..X........X..X..X..X..............X.....X..X..X..X..X..X..X..X.
....X..X..X..X........X..X..X..X..X..X..X..X..X..X.....X..X..X..X.....X..X..X..X..X..X..X..X..X..X..X..X..X..X..X..X.....X.....X..X.....X..X..X..X..X........X..X..X..X..............X.....X..X..X..X..X..X..X..X.
.O..OXXOXXOXXOXXOXXO..OXXO..O..O..O..OXXOXXOXXOXXOXXOXXOXXOXXOXXO..OXXO..O..O..O..O..O..O..OXXOXXOXXOXXOXXOXXOXXOXXO.....OXXOXXOXXOXXOXXOXXOXXOXXOXXOXXOXXOXXOXXOXXOXXO..O..OXXO..O..O..O..OXXO..OXXOXXO..O..O..O.
.X..X.....X..X..X.....X..X...........X........X..X..X........X..X.....X....................X..X..X..X..X..X..X..X..X.....X..X..X..X..X..X.....X..X..X..X..X..X..X..X..X..X........X.....X..X..X..X..X..X..........
.X..X.....X..X..X.....X..X...........X........X..X..X........X..X.....X....................X..X..X..X..X..X..X..X..X.....X..X..X..X..X..X.....X..X..X..X..X..X..X..X..X..X........X.....X..X..X..X..X..X..........
.OXXOXXO..O..O..OXXOXXOXXOXXOXXO..O..O..O..OXXOXXOXXOXXOXXOXXOXXOXXOXXOXXOXXOXXO..O..O..O..O..OXXOXXOXXO..O..OXXO..O..O..OXXO..OXXO..O..O..O..OXXOXXOXXOXXOXXO..OXXOXXOXXOXXOXXOXXOXXOXXOXXOXXOXXO..O..O..O..O....
.X..............X..X..X..X..X.....X.....X...........X..X..X.....X..X..X..X..X.....X..X..X.....X........X.....X..X.....X..X..X..X..X........X..X........X..X..X..X........X..X..X..X..X..X..X..X..X........X..X....
.X..............X..X..X..X..X.....X.....X...........X..X..X.....X..X..X..X..X.....X..X..X.....X........X.....X..X.....X..X..X..X..X........X..X........X..X..X..X........X..X..X..X..X..X..X..X..X........X..X....
.O..O..O..O..O..OXXOXXO..OXXO..OXXOXXOXXOXXO..OXXOXXOXXOXXOXXOXXOXXOXXOXXOXXOXXO..OXXO..O.....O..O..O..O..O..O..O..O..OXXOXXOXXOXXOXXOXXOXXOXXOXXOXXO..OXXOXXOXXO..O..O..OXXOXXOXXOXXOXXO..O..OXXOXXOXXOXXOXXO..O.
....X..X..X..X..X..X..X..X..X........X...........X..X..X..X..X..X.....X..X..X.....X..X...........X..X.....X........X..X.....X..X.....X..X.....X..X.....X..X..X..X..X..X..X..X..X..X..X..X.....X..X..X..X..X..X..X.
....X..X..X..X..X..X..X..X..X........X...........X..X..X..X..X..X.....X..X..X.....X..X...........X..X.....X........X..X.....X..X.....X..X.....X..X.....X..X..X..X..X..X..X..X..X..X..X..X.....X..X..X..X..X..X..X.
.O..OXXOXXOXXOXXO..OXXOXXO..O..OXXOXXOXXOXXOXXOXXOXXOXXOXXOXXOXXO..OXXOXXOXXOXXOXXOXXOXXO..O..OXXOXXO..O..OXXOXXOXXOXXOXXOXXOXXOXXOXXO..O..OXXO..OXXOXXOXXOXXOXXOXXOXXOXXOXXOXXOXXO..OXXOXXOXXOXXOXXOXXOXXOXXOXXO.
.X..X.....X..X..X..X.....X........X.....X..X..X..X..X........X..X.....X..X..X..X..X..X.....X.....X..X..X..X..X..X..X..X..X..X..X..X..X........X..X..X..X..X..X..X..X..X..X..X..X..X..X..X..X..X..X..X..X..X.....X.
.X..X.....X..X..X..X.....X........X.....X..X..X..X..X........X..X.....X..X..X..X..X..X.....X.....X..X..X..X..X..X..X..X..X..X..X..X..X........X..X..X..X..X..X..X..X..X..X..X..X..X..X..X..X..X..X..X..X..X.....X.
.OXXOXXOXXOXXOXXOXXOXXOXXO..O..O..OXXOXXOXXOXXO..OXXO..OXXOXXOXXO..OXXOXXOXXOXXOXXOXXOXXO..O..O..O..OXXOXXOXXOXXOXXO..O..OXXOXXOXXO..OXXO..O..OXXOXXOXXOXXO..O..OXXO..OXXOXXOXXOXXOXXOXXOXXO..OXXOXXOXXOXXOXXOXXO.
.X.....X..X..X..X..X..X..X..X..X..X..X..X.....X..X..X.....X..X..X.....X..X..X..X..X..X........X.....X..X..X..X..X..X.....X........X..X.....X..X.....X..X..X.....X..X..X.....X........X..X..X..X..X.....X..X..X..X.
.X.....X..X..X..X..X..X..X..X..X..X..X..X.....X..X..X.....X..X..X.....X..X..X..X..X..X........X.....X..X..X..X..X..X.....X........X..X.....X..X.....X..X..X.....X..X..X.....X........X..X..X..X..X.....X..X..X..X.
.OXXOXXOXXOXXOXXOXXO..OXXOXXOXXOXXOXXOXXO..OXXOXXOXXO..OXXOXXOXXOXXOXXOXXOXXOXXOXXOXXO..O..O..O..OXXOXXO..OXXOXXO..O..O..O..O..O..OXXO..O..OXXOXXOXXOXXOXXOXXOXXOXXOXXO..O..O.....O..O..O..OXXOXXO..O..OXXOXXOXXO.
.X..X..X..X..X.....X..X.....X.....X..X..X.....X..X..X.....X..X..X..X........X..X..X..X..X..X........X..X..X..X..X.....X.....X..X..X..X..X..X..X..X..X..X..X..X........X..X........X........X..X..X..X..X..X..X..X.
.X..X..X..X..X.....X..X.....X.....X..X..X.....X..X..X.....X..X..X..X........X..X..X..X..X..X........X..X..X..X..X.....X.....X..X..X..X..X..X..X..X..X..X..X..X........X..X........X........X..X..X..X..X..X..X..X.
.O..O..OXXOXXO..O..OXXOXXO..OXXOXXOXXOXXOXXOXXOXXOXXOXXOXXO..OXXOXXOXXOXXOXXO..O..OXXOXXOXXO..O..OXXO..OXXOXXOXXOXXO..O..OXXOXXOXXOXXOXXOXXOXXOXXOXXOXXOXXOXXO..OXXO..OXXO..OXXOXXO..OXXO..O..O..OXXOXXOXXO..OXXO.
.......X..X..X..X..X..X.....X..X........X..X..X..X..X..X..X..X..X..X..X..X..X.....X.....X..X..X.....X..X.....X..X..............X..X..X........X..X..X..X..X..X........X..X.....X..X..............X..X..X..X..X..X.
.......X..X..X..X..X..X.....X..X........X..X..X..X..X..X..X..X..X..X..X..X..X.....X.....X..X..X.....X..X.....X..X..............X..X..X........X..X..X..X..X..X........X..X.....X..X..............X..X..X..X..X..X.
.O..O..OXXOXXOXXOXXOXXOXXOXXO..O..O..OXXO..OXXOXXOXXOXXOXXOXXOXXOXXOXXOXXOXXOXXOXXOXXOXXOXXOXXOXXOXXOXXO..O..OXXO..OXXO..O..O..OXXOXXOXXOXXOXXOXXOXXOXXOXXOXXOXXOXXO..OXXOXXOXXO..O..OXXOXXOXXOXXO..O..OXXOXXOXXO.
.X..X..X.....X..X..X..X..X..X.....X.....X..X..X..X.....X..X..X.....X.....X..X..X..X..X..X..X..X..X..X..X..X..X..X........X..X..X..X..X..X..X........X..X.....X..X.....X..X..X..X........X..X..X..X.....X..X.....X.
.X..X..X.....X..X..X..X..X..X.....X.....X..X..X..X.....X..X..X.....X.....X..X..X..X..X..X..X..X..X..X..X..X..X..X........X..X..X..X..X..X..X........X..X.....X..X.....X..X..X..X........X..X..X..X.....X..X.....X.
.OXXOXXOXXO..O..O..OXXOXXOXXOXXO..OXXOXXOXXO..O..OXXOXXOXXOXXOXXOXXO..O..OXXO..OXXO..O..OXXOXXO..OXXO..O..O..OXXOXXOXXOXXOXXOXXOXXOXXOXXOXXO..OXXOXXOXXOXXO..O..O..O..OXXOXXOXXOXXO..O..OXXOXXOXXOXXOXXOXXOXXOXXO.
.X..X..............X..............X..X..X..X.....X..X..X..X.....X..X..X..X..X..X..X.....X..X..X..X..X........X..X..X..X..X..X..X.....X..X..X.....X..X..X...........X..X..X..X........X..X.....X..X..X..X..X..X..X.
.X..X..............X..............X..X..X..X.....X..X..X..X.....X..X..X..X..X..X..X.....X..X..X..X..X........X..X..X..X..X..X..X.....X..X..X.....X..X..X...........X..X..X..X........X..X.....X..X..X..X..X..X..X.
.OXXOXXOXXO.....OXXO..OXXO..OXXOXXOXXOXXOXXOXXO..OXXOXXOXXOXXOXXOXXOXXOXXOXXOXXO..O..O..OXXOXXOXXO..OXXOXXOXXOXXOXXOXXOXXOXXOXXO..O..OXXOXXOXXOXXOXXOXXO.....OXXOXXOXXOXXOXXOXXOXXOXXOXXO..OXXOXXO..OXXO..OXXO..O.
.X..X..X...........X...........X.....X..X........X..X.....X..X.....X..X..X.....X.....X..X..X..X..X..X..X..X..X..X..X..X........X..X..X..X.....X..X..X..X........X..X..X.....X..X..X.....X.....X..X..X..X..X..X....
.X..X..X...........X...........X.....X..X........X..X.....X..X.....X..X..X.....X.....X..X..X..X..X..X..X..X..X..X..X..X........X..X..X..X.....X..X..X..X........X..X..X.....X..X..X.....X.....X..X..X..X..X..X....
.O..OXXO.....O..O..OXXOXXOXXOXXO..O..O..O..OXXO..OXXO..O..O..O..O..O..O..O..O..OXXOXXOXXOXXOXXO..OXXOXXOXXOXXOXXOXXOXXOXXO..OXXOXXOXXOXXO..OXXOXXO..O..O..OXXO..OXXOXXO..OXXOXXOXXO..O..O..O..OXXOXXO..OXXOXXO..O.
....X..X.....X..X..X..X..X..X..X..X..............X..X..X........X...........X..X..X..X..X.....X..X..X..X..X..X..X..X..............X..X..X.....X..X..............X.....X.....X..X..X..X.....X..X..X..X..X.....X..X.
....X..X.....X..X..X..X..X..X..X..X..............X..X..X........X...........X..X..X..X..X.....X..X..X..X..X..X..X..X..............X..X..X.....X..X..............X.....X.....X..X..X..X.....X..X..X..X..X.....X..X.
.OXXO..O..O..OXXOXXOXXOXXOXXOXXOXXOXXOXXOXXOXXOXXO..OXXO..O..O..O..O..O..O..OXXO..OXXOXXOXXOXXOXXO..OXXOXXOXXOXXOXXOXXOXXO..OXXOXXOXXOXXO..O..OXXOXXO..O..O..O..O..O..O..O..O..OXXO..O..O..O..OXXOXXOXXOXXOXXOXXO.
....X.....X..X........X.....X.....X..X..X..X..X..X..X..X..X..X.....X..X..X..X..X..X..X..X..X.....X..X..X..X........X..X........X..X..X..X..X..X........X..X..X.....X.....X.....X..X.....X.....X........X..X..X..X.
....X.....X..X........X.....X.....X..X..X..X..X..X..X..X..X..X.....X..X..X..X..X..X..X..X..X.....X..X..X..X........X..X........X..X..X..X..X..X........X..X..X.....X.....X.....X..X.....X.....X........X..X..X..X.
.O..OXXOXXOXXOXXO..OXXOXXOXXOXXOXXOXXOXXOXXOXXO..OXXOXXOXXOXXOXXOXXOXXOXXOXXOXXOXXOXXOXXOXXOXXOXXOXXOXXOXXOXXOXXOXXOXXOXXOXXO..OXXOXXOXXOXXOXXOXXOXXO..O..O..O..OXXOXXOXXO..O..OXXOXXOXXO.....OXXOXXOXXOXXO..OXXO.
.X..X..X..............X..X.....X..X..X..X..X..X..X..X..X..X..X..X..X..X..X..X..X.....X........X...........X..X..X..X..X..X.....X.....X.....X..X..X....................X..X..X..X..X..X..X.....X..X..X.....X..X..X.
.X..X..X..............X..X.....X..X..X..X..X..X..X..X..X..X..X..X..X..X..X..X..X.....X........X...........X..X..X..X..X..X.....X.....X.....X..X..X....................X..X..X..X..X..X..X.....X..X..X.....X..X..X.
.OXXOXXO..O..O..O..OXXOXXOXXOXXO..O..O..OXXOXXOXXOXXO..O..OXXOXXO..O..OXXOXXOXXO..O..OXXOXXOXXO..O..OXXO..OXXO..O..OXXOXXOXXOXXOXXOXXOXXOXXOXXOXXOXXOXXOXXOXXOXXOXXO..O..OXXOXXO..O..O..O..O..O..OXXO..O..OXXOXXO.
.X..X..X..X..X..X.....X..X..X..X........X.....X..X..X.....X.....X.....X........X..X..X..X..X..X..X........X..X.....X..X.....X..X..X..X..X.....X.....X..X..X..X..X........X.....X...........X.....X..X..X..X..X..X.
.X..X..X..X..X..X.....X..X..X..X........X.....X..X..X.....X.....X.....X........X..X..X..X..X..X..X........X..X.....X..X.....X..X..X..X..X.....X.....X..X..X..X..X........X.....X...........X.....X..X..X..X..X..X.
.OXXO..O..OXXOXXOXXOXXOXXOXXOXXOXXOXXOXXOXXOXXO..OXXOXXOXXOXXOXXOXXO..OXXOXXOXXOXXOXXOXXO..OXXOXXO..O..OXXOXXOXXO..OXXOXXOXXOXXOXXOXXOXXO..OXXOXXOXXOXXO..O..O..O.....O..O..O..OXXO..O..O..O..O..O..OXXOXXOXXOXXO.
.X..X.....X.....X..X..X..X..X..X..X..X..X..X..X..X..X..X..X..X..X.....X..X..X..X........X..X..X..X..X.....X........X..X..X..X........X..X.....X..X.....X..............X.....X..X.....X..X.....X.....X..X........X.
.X..X.....X.....X..X..X..X..X..X..X..X..X..X..X..X..X..X..X..X..X.....X..X..X..X........X..X..X..X..X.....X........X..X..X..X........X..X.....X..X.....X..............X.....X..X.....X..X.....X.....X..X........X.
.OXXOXXOXXOXXOXXOXXOXXO..OXXOXXOXXO..OXXO..OXXOXXOXXOXXOXXOXXO..O..OXXOXXOXXOXXOXXOXXOXXOXXOXXOXXOXXOXXOXXO..O.....OXXOXXOXXO..O..OXXOXXOXXOXXOXXO..OXXOXXOXXOXXOXXOXXOXXOXXOXXOXXOXXOXXOXXOXXOXXOXXOXXOXXO..O..O.
.X..X..X..X..X..X..X..X..X..X..X..X..X..X..X.....X..X..X..X..X........X.....X.....X..X..X..X..X..X..X..X..X..X.....X..X..X..X..X.....X.....X..X..X.....X..X..X..X..X..X..X..X..X..X..X..X..X..X..X..X........X....
.X..X..X..X..X..X..X..X..X..X..X..X..X..X..X.....X..X..X..X..X........X.....X.....X..X..X..X..X..X..X..X..X..X.....X..X..X..X..X.....X.....X..X..X.....X..X..X..X..X..X..X..X..X..X..X..X..X..X..X..X........X....
.O..OXXOXXOXXO..OXXO..OXXOXXOXXOXXOXXOXXOXXOXXOXXOXXOXXOXXOXXOXXO..O..O..O..O..O..OXXOXXOXXOXXOXXOXXOXXOXXOXXOXXOXXOXXOXXOXXOXXOXXOXXOXXOXXOXXOXXOXXO..O..OXXOXXO..OXXOXXOXXOXXOXXOXXOXXOXXOXXOXXOXXO..O..O..O..O.
....X..X.....X..X..X..X..X.....X........X.....X..X..X..X..X........X.....X.....X..X..X........X........X..X..X..X..X..X..X..X..X..X..X..X.....X..X........X..X..X..X..X..X..X..X..X..X..X..X.....X..X..X..X.....X.
....X..X.....X..X..X..X..X.....X........X.....X..X..X..X..X........X.....X.....X..X..X........X........X..X..X..X..X..X..X..X..X..X..X..X.....X..X........X..X..X..X..X..X..X..X..X..X..X..X.....X..X..X..X.....X.
.O..OXXOXXOXXOXXO..OXXOXXOXXOXXO..O..O..OXXOXXOXXOXXOXXO..O..OXXOXXOXXOXXOXXOXXOXXOXXOXXO..O..O..OXXOXXOXXOXXOXXOXXO..O..O..OXXOXXOXXOXXO..OXXOXXOXXOXXOXXOXXOXXOXXOXXOXXOXXOXXOXXOXXOXXOXXOXXOXXOXXOXXOXXOXXOXXO.
.X..X..X..X..X..X..X..X..X..X..X..X..X..X..X.....X..X..X........X..X..X..X..X.....X........X........X........X.....X........X..X..X.....X.....X..X..X..X.....X..X..X..X..X.....X..X.....X..X..X.....X..X.....X..X.
.X..X..X..X..X..X..X..X..X..X..X..X..X..X..X.....X..X..X........X..X..X..X..X.....X........X........X........X.....X........X..X..X.....X.....X..X..X..X.....X..X..X..X..X.....X..X.....X..X..X.....X..X.....X..X.
.OXXOXXOXXOXXOXXOXXOXXOXXOXXOXXOXXOXXOXXOXXO..OXXOXXOXXOXXOXXOXXOXXOXXOXXOXXO..O..O..OXXOXXOXXOXXOXXOXXOXXO..O.....OXXOXXOXXOXXOXXO..O..OXXOXXOXXOXXOXXO..O..O..OXXOXXOXXOXXOXXO..O..O..O..O..O..OXXOXXOXXOXXOXXO.
.X..X........X..X..X..X..X.....X.....X..X..X.....X..X..X..X..X..X..X..X..X..X..X........X..X..X..X..X..X...........X..X..X..X..X..X..X..X..X..X.....X..X..X.....X..X.....X..X..X.....X....................X..X..X.
.X..X........X..X..X..X..X.....X.....X..X..X.....X..X..X..X..X..X..X..X..X..X..X........X..X..X..X..X..X...........X..X..X..X..X..X..X..X..X..X.....X..X..X.....X..X.....X..X..X.....X....................X..X..X.
.OXXOXXOXXO..OXXOXXOXXOXXOXXO..O..O..OXXOXXOXXOXXOXXOXXOXXOXXOXXOXXOXXOXXOXXO..O.....OXXOXXOXXOXXOXXOXXOXXOXXOXXOXXOXXOXXO..OXXOXXOXXOXXOXXO..OXXO..OXXOXXOXXO..OXXO..O..O..O..O..O..OXXO..O..O..OXXOXXOXXOXXOXXO.
.X..X..X.....X..X.................X..X.....X..X........X........X.....X..X..X...........X..X..X..X..X..X..X..X..X..X..X..X..X..X..X..X.....X..X.....X..X..X.....X..X..X...........X..X.....X..X.....X..X..X..X..X.
.X..X..X.....X..X.................X..X.....X..X........X........X.....X..X..X...........X..X..X..X..X..X..X..X..X..X..X..X..X..X..X..X.....X..X.....X..X..X.....X..X..X...........X..X.....X..X.....X..X..X..X..X.
.OXXOXXOXXOXXOXXOXXOXXOXXOXXO..O..OXXOXXOXXOXXO..O..O..O..OXXO..O.....O..O..OXXO..OXXO..O..OXXOXXOXXOXXOXXOXXOXXOXXOXXOXXOXXOXXOXXOXXOXXOXXOXXO..O..O..OXXO..O..OXXOXXO..O..OXXO..OXXOXXOXXOXXO..OXXOXXOXXOXXOXXO.
.X.....X..X..X.....X..X..X.....X..X.....X..X..X..X..X.......................X..............X..X..X........X..X........X..X..X..X..X.....X..X..X..X.....X..X..X..X..X..X..X........X..X..X..X..X........X..X..X..X.
.X.....X..X..X.....X..X..X.....X..X.....X..X..X..X..X.......................X..............X..X..X........X..X........X..X..X..X..X.....X..X..X..X.....X..X..X..X..X..X..X........X..X..X..X..X........X..X..X..X.
.O..O..O..OXXOXXO..O..OXXOXXO..OXXOXXO..OXXOXXOXXOXXOXXO..O..O..O..O..O..O..O..OXXOXXO..O..OXXOXXO..O..O..O..O..OXXOXXOXXOXXO..O..OXXOXXOXXO..OXXO..O..OXXOXXO..O..OXXOXXOXXOXXO..O..OXXOXXOXXOXXOXXOXXO..O..O..O.
....X.....X...........X..X.....X..X.....X..X..X...........X..X..X..X..X..X........X.....X..X..X..X..X..X...........X..X..X..X.....X..X.....X..X..X..X..X..X..X.....X..X..X..X........X..X..X.....X..X..X..........
....X.....X...........X..X.....X..X.....X..X..X...........X..X..X..X..X..X........X.....X..X..X..X..X..X...........X..X..X..X.....X..X.....X..X..X..X..X..X..X.....X..X..X..X........X..X..X.....X..X..X..........
.O..OXXOXXO..O..O..OXXOXXOXXOXXOXXOXXO..OXXOXXOXXOXXOXXOXXOXXOXXOXXOXXOXXOXXOXXOXXOXXOXXOXXOXXO..OXXOXXO..O..OXXO..O..OXXO..O..O..O..OXXOXXOXXOXXOXXOXXOXXO..O..OXXOXXOXXOXXO..O..O..OXXOXXO..OXXOXXO..O..O..O..O.
.X..X..X..X..X..X.....X..X..X..X........X..X..X..X..X..X..X..X..X..X.....X..X..X..X..X..X..X..X..X..X..X..X...........X..X.....X.....X..X..X..X..X..X..X..X...........X..X..X..X..X..X..X..X.....X..X.....X..X..X.
.X..X..X..X..X..X.....X..X..X..X........X..X..X..X..X..X..X..X..X..X.....X..X..X..X..X..X..X..X..X..X..X..X...........X..X.....X.....X..X..X..X..X..X..X..X...........X..X..X..X..X..X..X..X.....X..X.....X..X..X.
.OXXO..O..OXXOXXOXXOXXOXXOXXOXXO..OXXO..O..OXXOXXOXXOXXOXXOXXO..OXXO..O..OXXOXXO..OXXOXXO..OXXOXXOXXOXXOXXO..OXXO..O..O..OXXOXXOXXOXXOXXOXXOXXOXXO..OXXOXXO..O..OXXOXXOXXOXXOXXOXXOXXOXXOXXOXXOXXOXXOXXO..OXXO..O.
.X..X.....X..X..X..X..X..X..X..X...........X..X..X..X..X..X..X..X..X..X..X..X..X..X..X..X..X..X.....X.....X........X.....X..X..X..X..X........X..X..X..X..X..X.....X..X..X..X..X..X..X..X..X..X..X..X.....X..X....
.X..X.....X..X..X..X..X..X..X..X...........X..X..X..X..X..X..X..X..X..X..X..X..X..X..X..X..X..X.....X.....X........X.....X..X..X..X..X........X..X..X..X..X..X.....X..X..X..X..X..X..X..X..X..X..X..X.....X..X....
.OXXOXXO..O..O..O..OXXOXXOXXOXXOXXO..O..OXXOXXOXXOXXOXXOXXO..OXXOXXOXXOXXOXXOXXOXXOXXOXXOXXOXXO.....O.....O..O..O..O..OXXOXXOXXOXXOXXOXXOXXOXXOXXOXXOXXOXXOXXOXXOXXOXXOXXOXXOXXOXXOXXOXXOXXOXXO..OXXO..O..OXXO..O.
.X.................X..X..X..X........X........X........X..X..X..X..X..X..X..X..X..X..X..X..X..X..............X..X...........X..X..X..X..X..X..X..X..X........X..X..X..X..X..X..X..X..X..X..X..X..X..X..X..X..X..X.
.X.................X..X..X..X........X........X........X..X..X..X..X..X..X..X..X..X..X..X..X..X..............X..X...........X..X..X..X..X..X..X..X..X........X..X..X..X..X..X..X..X..X..X..X..X..X..X..X..X..X..X.
.O..OXXO.....O..OXXOXXOXXOXXOXXOXXOXXOXXOXXO..O..OXXOXXOXXOXXO..OXXOXXO..OXXO..O..O..OXXOXXOXXO..O..O..O..O..OXXO..O..OXXOXXOXXOXXOXXO..O..O..OXXO..O..OXXO..OXXOXXOXXOXXOXXOXXOXXOXXOXXOXXOXXOXXOXXOXXOXXOXXOXXO.
.............X.....X..X..X..X..X..X..X..X...........X..X.....X..X..X..X..X..X........X..X..X..X..X..X..X..X..X..X..X.....X..X..X..X..X........X..X...........X..X..X..X..X..X..X..X........X..X..X..X..X..X..X..X.
.............X.....X..X..X..X..X..X..X..X...........X..X.....X..X..X..X..X..X........X..X..X..X..X..X..X..X..X..X..X.....X..X..X..X..X........X..X...........X..X..X..X..X..X..X..X........X..X..X..X..X..X..X..X.
.O..O..O..O..OXXOXXO..OXXOXXOXXOXXOXXO..O..O..O..O..O..OXXOXXOXXOXXOXXOXXOXXOXXOXXOXXOXXOXXOXXOXXOXXOXXOXXOXXOXXOXXO..O..O..O..OXXO..O..OXXO..OXXOXXO..OXXOXXOXXOXXO..O..OXXOXXOXXO..OXXOXXOXXOXXOXXO..OXXOXXOXXO.
.X..X..X..X..X..X..X..X..X..X..X..X..X.....X..X..X.....X..X..X..X.....X..X..X..X..X..............X..X..X..X..X..X..X..X........X..X...........X..X........X..X..X..X.....X.....X..X.....X.....X..X..X..X..X..X..X.
.X..X..X..X..X..X..X..X..X..X..X..X..X.....X..X..X.....X..X..X..X.....X..X..X..X..X..............X..X..X..X..X..X..X..X........X..X...........X..X........X..X..X..X.....X.....X..X.....X.....X..X..X..X..X..X..X.
.OXXOXXOXXOXXOXXOXXOXXOXXOXXOXXOXXO..OXXOXXOXXOXXOXXOXXOXXOXXOXXOXXOXXOXXOXXOXXOXXOXXOXXO..O..O..O..OXXOXXOXXOXXOXXOXXOXXOXXOXXOXXOXXO..O..O..OXXO..OXXOXXOXXOXXOXXO..O..O.....OXXOXXOXXOXXO..O..O..OXXO..O..OXXO.
.X..X..X..X.....X..X..X..X.....X..X..X..X..X..X.....X..X..X..X..X..X..X..X..X.....X..X.....X..X.....X.....X........X..X..X..X..X........X..X..X..X.....X..X..X.....X..X........X..X..X..............X..X.....X..X.
.X..X..X..X.....X..X..X..X.....X..X..X..X..X..X.....X..X..X..X..X..X..X..X..X.....X..X.....X..X.....X.....X........X..X..X..X..X........X..X..X..X.....X..X..X.....X..X........X..X..X..............X..X.....X..X.
.O..OXXO..O..OXXOXXOXXOXXO..OXXOXXOXXOXXOXXOXXO..O..OXXOXXOXXOXXO..O..OXXOXXOXXOXXOXXO..O..OXXO..OXXO..O..O..O..O..O..OXXOXXOXXO..OXXOXXOXXOXXOXXOXXOXXOXXOXXO..OXXOXXO..O..O..O..O..O..OXXOXXO..O..O..O..O..OXXO.
....X..X........X..X..X..X........X.....X..X..X..X..X..X..X..X..X.....X..X..X..X..X..X..X..X..X.....X..X.....X..X.....X..X.....X.....X..X.....X..X..X..X..X..X........X..X..X..............X.....X........X..X..X.
....X..X........X..X..X..X........X.....X..X..X..X..X..X..X..X..X.....X..X..X..X..X..X..X..X..X.....X..X.....X..X.....X..X.....X.....X..X.....X..X..X..X..X..X........X..X..X..............X.....X........X..X..X.
.OXXOXXOXXOXXOXXOXXOXXOXXO..O..O..O..O..OXXOXXOXXOXXOXXOXXOXXOXXO..OXXOXXOXXOXXOXXOXXOXXOXXOXXO..O..OXXO..OXXOXXOXXOXXOXXO..O..O..O..OXXOXXOXXOXXOXXOXXOXXOXXO..O..O..OXXOXXOXXO.....OXXO..O..OXXO.....O..OXXOXXO.
.......X..X..X..X..X..X..X..X..X.....X..X..X........X.....X..X..X.....X..X........X..X..X..X..X..X..X..X........X..X..X..X..X.....X..X.....X...........X..X..X..X..X..X..X.......................X.....X..X..X..X.
.......X..X..X..X..X..X..X..X..X.....X..X..X........X.....X..X..X.....X..X........X..X..X..X..X..X..X..X........X..X..X..X..X.....X..X.....X...........X..X..X..X..X..X..X.......................X.....X..X..X..X.
.OXXOXXOXXOXXOXXOXXOXXOXXOXXOXXOXXOXXOXXOXXO..O.....O..O..OXXO..O..O..O..O..OXXOXXOXXO..OXXOXXOXXOXXOXXOXXOXXOXXOXXOXXOXXOXXOXXOXXOXXOXXOXXOXXOXXOXXOXXOXXOXXOXXOXXOXXOXXOXXOXXO..O..O.....O..O..OXXO..OXXOXXOXXO.
....X..X..X..X..X.....X..X..X.....X..X..X..X..X........X..X..X.....X...........X..X..X..X..X..X.....X..X..X..X..X..X..X..X..X..X.....X..X..X..X..X..X..X..X..X..X..X..X..X..X.....X..X.....X..X..X.....X..X..X..X.
....X..X..X..X..X.....X..X..X.....X..X..X..X..X........X..X..X.....X...........X..X..X..X..X..X.....X..X..X..X..X..X..X..X..X..X.....X..X..X..X..X..X..X..X..X..X..X..X..X..X.....X..X.....X..X..X.....X..X..X..X.
.OXXOXXO..O..OXXO..OXXOXXOXXOXXO..OXXOXXOXXOXXO..O..O..OXXOXXOXXOXXO..O..O..O..O..OXXOXXOXXO..O..OXXOXXOXXOXXOXXOXXOXXOXXO..O..OXXOXXOXXO..O..OXXOXXOXXOXXOXXOXXOXXOXXOXXOXXOXXO..OXXOXXO..OXXOXXO..OXXOXXOXXOXXO.
.......X.....X..X.................X........X..X..X..X..X..X..X..X..X..X..X..X.....X..X..X..X...........X..X..X..X..X..X..X.....X..X..X..X.....X........X..X..X..X..X..X..X........X........X..X..X.....X.....X..X.
.......X.....X..X.................X........X..X..X..X..X..X..X..X..X..X..X..X.....X..X..X..X...........X..X..X..X..X..X..X.....X..X..X..X.....X........X..X..X..X..X..X..X........X........X..X..X.....X.....X..X.
.OXXO..O..OXXOXXOXXO..OXXO..OXXO..O.....OXXOXXOXXOXXOXXOXXOXXOXXOXXOXXOXXOXXOXXO..O..O..O..O.....OXXO..O..O..O..O..O..O..O..OXXOXXOXXOXXOXXO..O..OXXO..O..O..O..O..O..O..O..OXXO..O..OXXO..O..O..O.....O.....O..O.
..................................................................................................................................................................................................................
