.................................................................................................................................................................................
.O.....O.....OXXO..OXXO..O........OXXOXXO..OXXOXXO..OXXO.....OXXO..OXXOXXOXXO..O..OXXO..OXXO...........O..O.....O..O..OXXO.....O..O..OXXO.....O.....O...........OXXO..O.....O....
.X.....X.................X...........X........X.......................X..X.....X.......................X..X.....X..X...........X..X...........X.....X.................X.....X....
.X.....X.................X...........X........X.......................X..X.....X.......................X..X.....X..X...........X..X...........X.....X.................X.....X....
.O..O..O..O..OXXOXXOXXO..O.....O..O..O.....OXXOXXO.....O.....OXXOXXO..O..O..O..OXXOXXO..OXXO..OXXOXXOXXOXXO..OXXOXXOXXOXXOXXOXXOXXO.....O..O..O..O..O..OXXO.....OXXO..O..O..O..O.
....X.....X.....X..X...........X..X....................X........X...........X..X..X..............X..X.....X........X..X..X..X..X..X.....X..X.....X.......................X.....X.
....X.....X.....X..X...........X..X....................X........X...........X..X..X..............X..X.....X........X..X..X..X..X..X.....X..X.....X.......................X.....X.
.OXXOXXO..O..O..OXXOXXOXXOXXOXXOXXOXXO..OXXO..OXXO..O..O..OXXO..OXXO..O..O..O..O..O..OXXO..O.....O..OXXOXXOXXOXXO..O..OXXO..O..OXXOXXO..OXXO.....O..O..O..OXXO..O..O..OXXO.....O.
.............X..X..X..X..X..X..X....................X...........X.....X..X.................X........X..X.....X........X..X.....X..X.....X..X........X..X........X..X.....X.......
.............X..X..X..X..X..X..X....................X...........X.....X..X.................X........X..X.....X........X..X.....X..X.....X..X........X..X........X..X.....X.......
....O..O.....O..O..OXXO..O..O..OXXO.....OXXO..OXXO..OXXO..OXXO..O.....OXXO..O........O..O..O..O..OXXOXXOXXO..O..O..OXXOXXO..O..OXXO..OXXOXXO.....OXXOXXOXXOXXOXXOXXO..O..O..O..O.
....X..X...........X..X........X....................X.................X..X..X........X..X.....X.....X...........X.....X..X..X..X..X........X........X.....X..X..X..X..X.....X..X.
....X..X...........X..X........X....................X.................X..X..X........X..X.....X.....X...........X.....X..X..X..X..X........X........X.....X..X..X..X..X.....X..X.
....O..O..O.....OXXOXXOXXOXXOXXOXXO.....OXXO..OXXO..O..O..OXXO..O..OXXOXXOXXOXXOXXO..OXXOXXO..O..O..O..OXXO..O..OXXOXXOXXOXXO..O..OXXO.....O..O.....O..O..O..O..OXXO..O..O..O..O.
..........X........X.....X..X..........................X........X...........X..X.....X..X........X...........X..X..X........X.....X...........X........X........X..X.....X.......
..........X........X.....X..X..........................X........X...........X..X.....X..X........X...........X..X..X........X.....X...........X........X........X..X.....X.......
....OXXO..O..OXXO..O..OXXOXXOXXOXXO..O..OXXO..OXXO..O..O..O.....O.....OXXO..OXXOXXO..O..O..O.....O..O.....O..OXXOXXOXXOXXO..O..OXXO..O.....O..O..O..O..O..OXXOXXOXXOXXOXXOXXO..O.
...............................X.....X..............X.....X.................X..X...........X........X.....X..X..X..X..X...........X..X.....X.....X..X........X..X..X..X........X.
...............................X.....X..............X.....X.................X..X...........X........X.....X..X..X..X..X...........X..X.....X.....X..X........X..X..X..X........X.
.O........O..OXXO.....O..OXXOXXOXXO..O..O..OXXO..O..O..O..O..O..OXXO..OXXO..OXXOXXO..O..OXXOXXO..O..O..O..OXXOXXO..O..O..OXXO..OXXOXXOXXO..OXXO..O..O..OXXOXXO..O..O..O..O..OXXO.
.X........X...........X.....X..X........X........X.....X.....X..............X........X...........X.....X..X.....X.................X........X..............X..X...........X.....X.
.X........X...........X.....X..X........X........X.....X.....X..............X........X...........X.....X..X.....X.................X........X..............X..X...........X.....X.
.OXXO..OXXOXXO..O..O..O..OXXOXXOXXO.....OXXOXXOXXOXXOXXO..O..O..O..O..O.....O..OXXO..O..O.....O..O..O..O..O..OXXOXXOXXO..OXXO..O..O..OXXO..OXXOXXOXXO..O..O..O..O..O.....O..O..O.
.X........X.....X..X....................X..X..X.....X..X..X.....X..X..X.................X.....X.....X..............X...........X...........X..X..X.....X........X..X........X....
.X........X.....X..X....................X..X..X.....X..X..X.....X..X..X.................X.....X.....X..............X...........X...........X..X..X.....X........X..X........X....
.O..OXXO..O..OXXOXXOXXO..O..OXXO.....O..OXXOXXOXXOXXOXXOXXOXXO..OXXOXXOXXO..OXXO..O..O..O..O..O.....O.....OXXO..OXXO..O..O.....O........OXXOXXOXXOXXO..O.....OXXOXXOXXO.....O..O.
................X........X...........X..X..X..X..X.....X..X.....X.....X...........X..X.....X.......................X..X..X....................X................................X.
................X........X...........X..X..X..X..X.....X..X.....X.....X...........X..X.....X.......................X..X..X....................X................................X.
.OXXO..O..O..O..O..OXXOXXOXXOXXO..OXXOXXOXXOXXOXXOXXO..O..O..OXXOXXO..O..O..OXXOXXOXXOXXOXXO........O..O..OXXO..OXXOXXOXXOXXO..OXXO..OXXO..O..O..OXXO..O.....O..O..OXXO..O..OXXO.
.......X..X..X........X.....X...........X..X.....X.......................X.....X.....X..X..X........X..X..............X..X.................X...........X.....X..X........X.....X.
.......X..X..X........X.....X...........X..X.....X.......................X.....X.....X..X..X........X..X..............X..X.................X...........X.....X..X........X.....X.
.OXXOXXOXXOXXOXXOXXO..O..O..O..O........O..O..O..O..O..O..O..OXXO..O..O..O.....O..O..O..O..O..OXXOXXOXXOXXO..OXXOXXO..O..O..OXXO.....OXXOXXOXXO..O.....O..O..O..O.....O..O.....O.
....X.....X.....X........X.....X..............X.....X..X..X........X..X...........X..............X..X...........X.......................X........X........X...........X..........
....X.....X.....X........X.....X..............X.....X..X..X........X..X...........X..............X..X...........X.......................X........X........X...........X..........
.OXXOXXO..O..O..O..O..OXXO..O..O.....OXXO..O..OXXOXXOXXOXXOXXOXXOXXO..O.....OXXO..O.....O.....O..O..O........O..O...........O.....OXXO..OXXOXXO..OXXO..OXXOXXOXXOXXO..O..OXXO..O.
.............X.....X.....X..X..............X..X..X..X..X..X..X..X..X....................X.....X..............X..............X...........X..X.....X........X..X..X..............X.
.............X.....X.....X..X..............X..X..X..X..X..X..X..X..X....................X.....X..............X..............X...........X..X.....X........X..X..X..............X.
.OXXO..OXXO..O..OXXOXXOXXO..O.....O..OXXOXXOXXOXXOXXOXXOXXO..OXXOXXOXXO...........O..O..O..O..O..O..O.....O..O..OXXO..O.....O..OXXO..OXXOXXOXXO..O..O.....O..O..OXXO..O..OXXO..O.
......................X..X........X.....X..X........X..X..X..X....................X..X.....X.....X..X.....X...........X.............................X...........X.....X..........
......................X..X........X.....X..X........X..X..X..X....................X..X.....X.....X..X.....X...........X.............................X...........X.....X..........
.OXXO..OXXO..O..OXXO..O..OXXO..O..O..OXXO..O..O..OXXOXXOXXOXXOXXOXXO..O..OXXO.....OXXOXXO..O.....OXXO..OXXOXXOXXOXXOXXOXXO..OXXO.....OXXOXXOXXO.....O..OXXO..OXXOXXOXXOXXO.....O.
.............X...........X.....X........X.....X.....X.....X.....X.....X...........X..X...........X..X.....X..X..X..X....................X..X.......................X...........X.
.............X...........X.....X........X.....X.....X.....X.....X.....X...........X..X...........X..X.....X..X..X..X....................X..X.......................X...........X.
.OXXO.....O..O..O..O..O..O..OXXO.....O..OXXOXXOXXO..O..O..O..OXXOXXO..OXXOXXOXXO..O..O..OXXOXXO..O..O..O..OXXOXXO..O..OXXO.....O.....O..O..O..O........OXXO..O..O..O..O.....O..O.
..........X.....X..X..X........X.....X..X..X..X........X........X.....X..X..X..............X...........X..X..X..X..............X.....X........X..............X..X.....X.....X....
..........X.....X..X..X........X.....X..X..X..X........X........X.....X..X..X..............X...........X..X..X..X..............X.....X........X..............X..X.....X.....X....
.O.....O..O..OXXOXXOXXO..O..O..O.....OXXOXXOXXOXXO..OXXOXXO..OXXOXXOXXOXXO..OXXO..OXXO..OXXO..O........O..OXXO..O..OXXO..OXXO..O..O..O..OXXO..O..OXXO..O..OXXOXXOXXO..O..OXXOXXO.
.X.....X........X..X..X..X..X........X..X.....X....................X.....X..X..............X..X...........X..X....................X....................X.....X..............X....
.X.....X........X..X..X..X..X........X..X.....X....................X.....X..X..............X..X...........X..X....................X....................X.....X..............X....
.O.....O..O..OXXOXXOXXOXXOXXOXXO..O..O..O..OXXOXXO.....O..O..OXXOXXOXXOXXOXXOXXOXXOXXOXXOXXOXXO..O.....O..O..OXXO..OXXO..OXXOXXOXXOXXOXXO..OXXO..OXXO..OXXO..OXXOXXO..O..O..O..O.
..........X..............X........X....................X..X.....X.....X........X..X..X..X..X..X..X.....X.....X..............X..X..X..X.................X.....X..X.....X..X.....X.
..........X..............X........X....................X..X.....X.....X........X..X..X..X..X..X..X.....X.....X..............X..X..X..X.................X.....X..X.....X..X.....X.
.OXXO.....O..O..OXXOXXO..O..O..OXXOXXOXXO..OXXO..OXXO..O..O..O..O..OXXOXXO.....O..O..OXXOXXOXXO..O..O..O.....O..OXXO..O..O..O..O..OXXOXXO.....OXXOXXOXXOXXOXXOXXOXXO..OXXO.....O.
.............X.....X........X.....X..X.......................X.......................X........X.....X.................X..X........X..............X..X..X..X..X........X..X.......
.............X.....X........X.....X..X.......................X.......................X........X.....X.................X..X........X..............X..X..X..X..X........X..X.......
....OXXO..O..O..O..O..O.....OXXO..OXXOXXO..OXXO..OXXO..O..O..O..OXXO..OXXO..O..O..OXXOXXO.....O..O..O..O.....O..O..OXXOXXO.....OXXO..OXXO..O..O..O..OXXO..O..O..OXXO..O..O.....O.
..........X.....X.....X.....X.....X..X.................X..X.................X..X.....X...........X.....X.....X..X........X........X........X..X.....X..X.......................X.
..........X.....X.....X.....X.....X..X.................X..X.................X..X.....X...........X.....X.....X..X........X........X........X..X.....X..X.......................X.
.O..OXXOXXOXXOXXOXXOXXOXXO..O..OXXOXXO.....OXXO........O..O.....OXXO..OXXOXXOXXOXXOXXOXXO..OXXO..O..OXXOXXOXXOXXO..O.....O..OXXOXXOXXO..OXXOXXO..OXXOXXOXXO..OXXOXXO..O.....O..O.
.X.....X.....X..X..X..X...........X..X...................................X..X.....X..X....................X..X..X..X...........X...........X..X.....X...........X.....X.....X....
.X.....X.....X..X..X..X...........X..X...................................X..X.....X..X....................X..X..X..X...........X...........X..X.....X...........X.....X.....X....
.O..O..O.....O..OXXO..O..O..OXXO..O..O..OXXO..O..O..O..O.....OXXOXXOXXO..O..O..OXXO..O.....OXXO..OXXOXXOXXOXXOXXOXXO........O..O..OXXO..O..O..O..OXXO..OXXOXXOXXOXXO..O..O..O..O.
....X...........X..X.....X....................X..X..X..X........X..X..............X.................X..X........X..X........X...........X...........X.....X..X...........X.....X.
....X...........X..X.....X....................X..X..X..X........X..X..............X.................X..X........X..X........X...........X...........X.....X..X...........X.....X.
.OXXO..O..O..O..O..O..O..O..OXXOXXO.....OXXOXXOXXOXXOXXO.....O..O..O.....OXXO.....O.....OXXO.....OXXOXXOXXO..O..OXXOXXO..O..O..O.....O..O...........O..OXXO..O..OXXOXXOXXOXXOXXO.
....X..X..X..X........X........X...........X..X..X..X..X.....X...............................................X..X........X.....X.....X....................X........X..X.....X..X.
....X..X..X..X........X........X...........X..X..X..X..X.....X...............................................X..X........X.....X.....X....................X........X..X.....X..X.
.OXXOXXOXXOXXOXXO..O..OXXO..O..O..OXXO.....O..O..OXXOXXO..OXXOXXO..O..OXXO..OXXO..OXXO..OXXO..O..OXXO..O..OXXOXXO..OXXO..O..O..O.....O.....O.....O.....O..O..O..O..OXXOXXO..O..O.
....X..X..X..X.....X..X.....X....................X.....X...........X..........................X........X........X...........X..............X.....X.....X.....X..X..X..X..........
....X..X..X..X.....X..X.....X....................X.....X...........X..........................X........X........X...........X..............X.....X.....X.....X..X..X..X..........
.O..O..O..O..O..OXXOXXOXXOXXO..O..OXXO..OXXO..O..O..O..O.....OXXO..O..OXXO..OXXO..OXXOXXOXXOXXO.....OXXO.....OXXOXXO..O..O..O..O..OXXO..O..OXXOXXOXXO..O.....OXXOXXO..OXXO.....O.
.X.................X..X..X..X..X..............X.....X................................X..X..X..X........X..............X..X.....X........X..X..X..............X.....X..X........X.
.X.................X..X..X..X..X..............X.....X................................X..X..X..X........X..............X..X.....X........X..X..X..............X.....X..X........X.
.O..OXXO..O........O..O..OXXOXXOXXOXXOXXOXXOXXOXXO..O..O..OXXOXXO..OXXO..OXXO..O..O..OXXO..OXXO..O..O..O........OXXOXXOXXOXXO..OXXOXXO..O..O..O..OXXO..OXXO..O..O..OXXOXXO..OXXO.
..........X..............X..X.....X..X..X..X..X........X.....X.................X..X..X..X..X..X..X..X..............X..X........X..X.............................X..X...........X.
..........X..............X..X.....X..X..X..X..X........X.....X.................X..X..X..X..X..X..X..X..............X..X........X..X.............................X..X...........X.
.OXXO..O..O.....O..OXXOXXO..O..OXXOXXOXXO..O..O........OXXO..O.....OXXO..O.....OXXO..O..OXXOXXOXXO..O..O.....OXXO..O..O..O..OXXOXXOXXO..O..OXXO.....O..OXXO.....OXXOXXOXXO..OXXO.
.......X........X.....X..X..............X..............X.................X.....X..X.....X..X..X..X.....X.................X........X.....X...........X...........X..X..X........X.
.......X........X.....X..X..............X..............X.................X.....X..X.....X..X..X..X.....X.................X........X.....X...........X...........X..X..X........X.
.OXXO..O..OXXO..O..O..O..O..O..OXXOXXO..O..O..O..O..O..O.....O...........O..O..O..O..O..O..O..OXXOXXOXXO..O..OXXO.....O..O.....O..O..OXXOXXOXXO.....O.....OXXO..OXXO..O..O..O..O.
...................X........X.....X........X..X..X..X........X..............X........X........X..X..X..X..X...........X........X........X..X....................X..X.....X..X....
...................X........X.....X........X..X..X..X........X..............X........X........X..X..X..X..X...........X........X........X..X....................X..X.....X..X....
....O.....OXXOXXO..O..O..OXXOXXOXXO..OXXOXXOXXOXXOXXOXXOXXOXXO..O..OXXO..O..OXXO.....O.....O..O..OXXOXXOXXOXXO.....OXXO..O..O..O..O..OXXOXXOXXO..O..O..O..OXXOXXOXXOXXO..OXXO..O.
....X........X........X........X..X.....X..X..X..X..X..X..X..X..X........X..X..............X.....X..X..X..............X..X..X.....X.....X..X.....X..X..X.....X.....X.....X..X..X.
....X........X........X........X..X.....X..X..X..X..X..X..X..X..X........X..X..............X.....X..X..X..............X..X..X.....X.....X..X.....X..X..X.....X.....X.....X..X..X.
.O..O..OXXO..O.....O..OXXOXXO..O..O..O..OXXOXXO..O..O..O..O..OXXO..O..OXXOXXOXXO..O.....OXXOXXOXXOXXOXXOXXO..O..O..OXXOXXOXXOXXO..O..O..O..O..O..O..O..O..OXXOXXO..O..O..OXXOXXO.
.X.................X..X..X...........X..X..X..X..............X..X..X..............X........X..X..............X..X........X..X........X........X.......................X..X.....X.
.X.................X..X..X...........X..X..X..X..............X..X..X..............X........X..X..............X..X........X..X........X........X.......................X..X.....X.
.OXXOXXO..O..O.....O..O..OXXOXXOXXOXXOXXOXXOXXO..OXXO..OXXO..O..OXXOXXOXXO..O.....O.....OXXOXXOXXO..O.....O..OXXO..O..OXXO..O..O.....O.....O..O..O.....OXXO..OXXO..OXXOXXOXXOXXO.
.X..X.....X..X...........X..X..X..X..X........X.................X.....X.....X..............X........X.....X..X..X..X.....X.....X...........X.....X.......................X..X..X.
.X..X.....X..X...........X..X..X..X..X........X.................X.....X.....X..............X........X.....X..X..X..X.....X.....X...........X.....X.......................X..X..X.
.OXXOXXOXXOXXO..OXXO..OXXOXXOXXOXXOXXO..OXXO..OXXOXXO..OXXO.....O.....O..OXXO..O..OXXO.....O..OXXO..O..O..OXXOXXOXXO..OXXOXXO..O..O..OXXOXXOXXOXXO.....OXXO..OXXO..OXXOXXOXXOXXO.
.X..X..X.....X..............X..X.....X........X..X..........................X..X.......................X..X..X.....X.....X........X.....X..X..X..X....................X..X..X..X.
.X..X..X.....X..............X..X.....X........X..X..........................X..X.......................X..X..X.....X.....X........X.....X..X..X..X....................X..X..X..X.
.O..O..OXXO..O.....OXXO..OXXOXXO..O..O..O..O..OXXOXXO..OXXOXXOXXOXXO.....OXXOXXOXXOXXO..O..O..O..OXXOXXOXXO..O..O..O..O..O..O.....O..OXXOXXOXXOXXOXXO..OXXO..OXXOXXO..OXXO..OXXO.
.......X.......................X..X.....X..X..X..X........X..X..X..............X..X.....X..X..X.....X.....X.....X.....X.....X...................................X.....X..X..X..X.
.......X.......................X..X.....X..X..X..X........X..X..X..............X..X.....X..X..X.....X.....X.....X.....X.....X...................................X.....X..X..X..X.
.O.....O..O.....OXXO..O..OXXO..O..OXXOXXOXXOXXOXXOXXOXXO..O..O..O..O..OXXOXXO..O..O.....OXXOXXOXXO..O.....OXXOXXO..OXXOXXO..O..OXXO.....O..O..O..OXXO..OXXO..O..OXXO..O..OXXOXXO.
.X........X...........X...........X..X.....X..X..X..X..............X.....X..............X.................X..X..X.....X.................X..X..X..............X..X........X..X..X.
.X........X...........X...........X..X.....X..X..X..X..............X.....X..............X.................X..X..X.....X.................X..X..X..............X..X........X..X..X.
.O........O..OXXO..O..O..O.....OXXOXXOXXO..O..OXXOXXO..O.....O.....O..O..O..OXXO..O.....O.....O..O..OXXOXXOXXOXXO..OXXO..O..OXXOXXO..OXXOXXO..O..OXXO..O.....O..O..OXXO..O..O..O.
...................X.....X...........X........X.....X..X.....X........X...........X...........X..X.....X..X..X..X.....X..X.....X...........X...........X.........................
...................X.....X...........X........X.....X..X.....X........X...........X...........X..X.....X..X..X..X.....X..X.....X...........X...........X.........................
....OXXO..OXXOXXOXXOXXO..O..OXXO..O..O..O.....O..O..OXXOXXOXXOXXO.....O.....O..O..OXXOXXO.....O..O..OXXOXXOXXOXXO..OXXOXXOXXO..O.....OXXO..O..O..O..O..O..O..O.....OXXO..O..O..O.
.............X..X.................X.....X........X..X..X..X.................X..X..X..X....................X..X..X.....X.......................X..X..X.....X..X...........X..X..X.
.............X..X.................X.....X........X..X..X..X.................X..X..X..X....................X..X..X.....X.......................X..X..X.....X..X...........X..X..X.
.O..OXXO..OXXO..OXXO..OXXOXXOXXO..O..O..O..O..OXXOXXOXXOXXOXXOXXO..O.....O..OXXOXXOXXOXXOXXOXXO........OXXOXXOXXOXXO..O..OXXO..OXXO..OXXO..OXXOXXO..O..OXXOXXO..O..O.....OXXOXXO.
.X...........X..X........X..X........X.....X........X..X..X..X.....X.....X..X..X..X..X..X..X..............X......................................X...........X..X..X.....X..X..X.
.X...........X..X........X..X........X.....X........X..X..X..X.....X.....X..X..X..X..X..X..X..............X......................................X...........X..X..X.....X..X..X.
.O..O..OXXOXXOXXO.....O..O..OXXOXXO..O.....O..OXXOXXO..O..O..O..O..O..O..OXXO..O..OXXOXXOXXO..OXXO.....OXXO.....OXXO..OXXO..OXXO..O..OXXO..OXXO..O..O..OXXOXXOXXO..O.....O..O..O.
....X.....X..X..X.....X.....X..X.................X..X...........X.....X..X..X.....X..X..X..X..............X.......................X.................X.....X..X..X................
....X.....X..X..X.....X.....X..X.................X..X...........X.....X..X..X.....X..X..X..X..............X.......................X.................X.....X..X..X................
....O..OXXOXXOXXO..O..OXXOXXOXXO........O..O.....O..O..O..O..OXXOXXOXXOXXOXXOXXOXXO..O..O..OXXOXXO..O..OXXOXXO..OXXO..OXXO..OXXO..O..OXXO.....O..OXXOXXO..O..O..O.....O..OXXO..O.
.............X..X..X..X..X..X..X........X..X...........X..X.....X..X..X..X..X..X..X........X..X.....X.....X...................................X.......................X........X.
.............X..X..X..X..X..X..X........X..X...........X..X.....X..X..X..X..X..X..X........X..X.....X.....X...................................X.......................X........X.
....O..OXXO..OXXOXXO..O..O..O..O..O..O..OXXOXXO..O..O..OXXOXXO..O..O..OXXO..OXXOXXOXXO..O..O..OXXOXXOXXO..O.....OXXO..O........OXXO..OXXO..O..O..O..O..OXXO.....OXXO..O..O..OXXO.
....X........X..X..X..............X..X..X..X.....X..X..X..............X..X..X..X........X.....X..X....................X....................X.....X..X....................X.....X.
....X........X..X..X..............X..X..X..X.....X..X..X..............X..X..X..X........X.....X..X....................X....................X.....X..X....................X.....X.
....O.....O..O..O..O.....OXXO.....OXXOXXO..O..OXXOXXOXXO..OXXO..O.....O..OXXOXXOXXOXXO..O.....O..O..OXXO..O..O.....O..O..O.....O.....OXXOXXOXXO..O..O..OXXO.....OXXO.....O..OXXO.
..........X.......................X.....X..............X........X........X........X.......................X..X.....X.....X.....X........X..X...................................X.
..........X.......................X.....X..............X........X........X........X.......................X..X.....X.....X.....X........X..X...................................X.
.OXXO..OXXOXXOXXOXXO..OXXOXXO..O..O..O..OXXO..O..O..O..O..O..OXXOXXOXXOXXOXXO..O..O..O.....O..O.....OXXOXXOXXO.....O..O..O..O..O..O..O..O..O..O..OXXO..O.....O..OXXO.....O.....O.
..........X..X..X........X.....X.....X..X.....X..X..X.....X........X..X........X.....X.....X..X........X.....X........X.....X.....X..X........X........X.....X...........X.......
..........X..X..X........X.....X.....X..X.....X..X..X.....X........X..X........X.....X.....X..X........X.....X........X.....X.....X..X........X........X.....X...........X.......
.OXXOXXO..OXXO..O........O.....O.....O..O.....OXXOXXOXXOXXOXXOXXOXXOXXOXXOXXO..O..O..OXXOXXOXXOXXO..OXXO.....O.....O..O..O..O..O..OXXO..O..O..OXXOXXOXXO..O..OXXOXXO..O..O..OXXO.
....X.....X..X................................X.....X..X..X..X..X..X.....X........X..X..X..............X...........X.....X.....X..X..X..X..X..X..X..X..X..X..X..X.....X..........
....X.....X..X................................X.....X..X..X..X..X..X.....X........X..X..X..............X...........X.....X.....X..X..X..X..X..X..X..X..X..X..X..X.....X..........
....O.....O..OXXO..O..O..OXXO.....O.....OXXO..O.....OXXOXXO..O..O..O..O..O........O..O..O.....O..O.....O..OXXO..O..O.....O..O..OXXOXXOXXOXXOXXOXXO..O..OXXO..O..O.....O.....OXXO.
.............X.....X..X...........X.................X..X..X...........X.......................X..X..............X...........X..X..X..X.....X..X..X.....X..X......................
.............X.....X..X...........X.................X..X..X...........X.......................X..X..............X...........X..X..X..X.....X..X..X.....X..X......................
.O..O..O..OXXO..OXXOXXOXXOXXO..O..O..O..OXXO..O..OXXOXXOXXOXXO..O..O..O.....OXXO..OXXO..O..OXXOXXOXXO..OXXOXXO..O..OXXO..O..O..O..OXXOXXO..OXXOXXOXXOXXOXXOXXOXXO..O..O..O.....O.
.X..X..X.....X.....X..X..X.....X.....X........X.................X..X....................X........X........X..............X........X..X.....X........X........X.....X..X..X.....X.
.X..X..X.....X.....X..X..X.....X.....X........X.................X..X....................X........X........X..............X........X..X.....X........X........X.....X..X..X.....X.
.OXXOXXOXXO..O..O..O..OXXOXXO..O..O..O..O..OXXOXXOXXO..O..OXXOXXOXXOXXOXXO..OXXO.....OXXO..OXXO..O..O..OXXOXXO.....OXXO..O.....OXXOXXOXXO..O..OXXOXXOXXOXXO..OXXOXXOXXOXXOXXOXXO.
.X..X...........X.....X...........X.....X.....X..X.....X.....X..X.....X.................X...........X............................................X.....X.....X..X..X..X..X..X..X.
.X..X...........X.....X...........X.....X.....X..X.....X.....X..X.....X.................X...........X............................................X.....X.....X..X..X..X..X..X..X.
.OXXOXXOXXOXXO..O..OXXOXXO..O.....O..OXXOXXOXXO..O.....O..O..O..O..O..O..O..OXXO..O.....OXXO..O..O..OXXOXXO..O........O.....O..O..O..OXXOXXOXXOXXOXXO..O..O..O..OXXO..O..OXXO..O.
.X.....X..X.................X..............X..X...........X........X.....X........X.....X.....X..X..X..X.....X........X.....X..X..X.....X..X..X...........X.....X..X.....X..X....
.X.....X..X.................X..............X..X...........X........X.....X........X.....X.....X..X..X..X.....X........X.....X..X..X.....X..X..X...........X.....X..X.....X..X....
.O..OXXOXXOXXOXXO..OXXO.....O..O..OXXOXXOXXOXXOXXO..O..O..O..O..O..O..OXXO..O.....OXXO..O..OXXOXXOXXO..O.....OXXO..O..O..OXXOXXO..O.....O..OXXOXXOXXO.....O..O..O..O..O..O..O..O.
..........X..X.................X.....X..X..X..X.....X..X.....X..X........X..X.....X.................X........X.....X........X..X...........X..X..X...........X........X........X.
..........X..X.................X.....X..X..X..X.....X..X.....X..X........X..X.....X.................X........X.....X........X..X...........X..X..X...........X........X........X.
.O..O..OXXOXXOXXOXXOXXO..OXXOXXOXXO..O..O..OXXO..OXXOXXOXXOXXOXXOXXO.....OXXO.....O.....O........O..O..OXXO..OXXOXXO..OXXO..OXXOXXO..OXXO..O..O..O...........O..O..O..O.....OXXO.
.X..X...........X..X........X..............X..X........X..X..X...........X..X...........X........X...........X..X..X........X..X................................X..X...........X.
.X..X...........X..X........X..............X..X........X..X..X...........X..X...........X........X...........X..X..X........X..X................................X..X...........X.
.OXXOXXO..OXXOXXOXXO..OXXO..O..OXXO..OXXOXXOXXOXXO..OXXOXXOXXOXXO..OXXO..O..O..OXXO..O..O..O..OXXOXXO..OXXO..O..O..O.....OXXO..O.....OXXO..OXXO..OXXOXXO..O.....O..O.....O..O..O.
.X...........X.....X....................X.....X...........X..X.......................X.....X.....X..........................X.......................X.....X..............X..X....
.X...........X.....X....................X.....X...........X..X.......................X.....X.....X..........................X.......................X.....X..............X..X....
.O..OXXOXXOXXO..OXXOXXO.....O..O..O..O..O..OXXOXXOXXOXXO..OXXOXXOXXOXXO..OXXO..OXXOXXO..O..O.....O..OXXO..O..OXXO..O..OXXOXXO..O..O..O..OXXO..O.....O.....OXXO.....O..OXXOXXO..O.
.......X..X..X..............X..X..X..X...........X..X.....X..X..X..X..............X..X..X.................X........X.....X..X..X..X..X........X...........X........X........X..X.
.......X..X..X..............X..X..X..X...........X..X.....X..X..X..X..............X..X..X.................X........X.....X..X..X..X..X........X...........X........X........X..X.
.O..OXXO..O..O..O..OXXOXXOXXOXXOXXOXXOXXO..OXXO..O..O..O..O..O..OXXO.....OXXO..OXXOXXOXXO.....OXXO..OXXO..O........O..O..O..OXXOXXOXXOXXO..O..O..O.....OXXOXXO..O..O..OXXOXXOXXO.
.X.....X........X.....X..X..X..X..X....................X........X..X.................X..X.............................X.....X..X..X........X.....X..............X........X..X..X.
.X.....X........X.....X..X..X..X..X....................X........X..X.................X..X.............................X.....X..X..X........X.....X..............X........X..X..X.
.O..O..O.....O..O..O..O..O..O..O..OXXOXXO..O.....OXXOXXO..OXXO..O..O..O..O..OXXOXXOXXO..O..OXXOXXO..O..OXXO..O........O..O..O..O..OXXOXXO..OXXO..O..O..OXXOXXO..OXXO.....O..O..O.
....X........X.....X..............X..X.....X........X..X..............X..X.....X..X..X........X.....X........X...........X........X..X.....X........X.....X.....X................
....X........X.....X..............X..X.....X........X..X..............X..X.....X..X..X........X.....X........X...........X........X..X.....X........X.....X.....X................
....O........O..O..O..O..O........O..OXXOXXO..OXXOXXOXXOXXO..O........O..O..OXXOXXOXXOXXO..O..O..O..O..OXXOXXOXXO..O..OXXOXXO..OXXOXXOXXO..O..O..OXXOXXO..O..O..O..O...........O.
................X.....X..X...........X..X..X.....X..X........X....................X........X.....X........X........X..........................X..............X.....X...........X.
................X.....X..X...........X..X..X.....X..X........X....................X........X.....X........X........X..........................X..............X.....X...........X.
.O.....OXXO..OXXOXXO..OXXOXXO.....O..OXXOXXO.....O..O..OXXO..O..O.....O..O..O..O..O..OXXOXXOXXO..O..O..O..OXXOXXOXXOXXO.....O..OXXO..OXXO.....O..O..OXXO..O..OXXOXXO..OXXO..OXXO.
.X....................X...........X..X..X..X....................X.....X..X..X..X........X...........X..X..X..X..X...........X....................X........X..X..X..X...........X.
.X....................X...........X..X..X..X....................X.....X..X..X..X........X...........X..X..X..X..X...........X....................X........X..X..X..X...........X.
.O..OXXOXXO..OXXO..O..O..O..OXXO..OXXOXXO..O..OXXO..O.....O.....O..OXXOXXOXXOXXO........O..OXXOXXO..O..OXXO..O..OXXOXXO..O..O..OXXO........O.....OXXOXXOXXOXXOXXO..O..O..O..O..O.
.......X...........X.....X........X.....X...........X.....X...........X.....X..X..............X........X..X.....X..X.....X.................X.....X..X..X..X.....X.....X..X..X....
.......X...........X.....X........X.....X...........X.....X...........X.....X..X..............X........X..X.....X..X.....X.................X.....X..X..X..X.....X.....X..X..X....
.OXXO..O..OXXO.....O..O..O..OXXOXXOXXO..O..O..OXXO..O..O..O..O..O..O..O..O..O..O..OXXO.....OXXOXXOXXOXXO..O.....O..O..OXXOXXOXXOXXOXXO.....O..O..O..OXXO..OXXO..O..OXXOXXOXXOXXO.
......................X........X...........X...........X.....X..X..X.....X.......................X..X..X....................X..X..X...........X.....X..X..X......................
......................X........X...........X...........X.....X..X..X.....X.......................X..X..X....................X..X..X...........X.....X..X..X......................
.......OXXO..O.....OXXOXXO.....O..OXXO..O..O..O.....OXXO..O..O..O..O.....O..OXXO..O..O..O.....O..O..O..O..OXXO..OXXO..OXXOXXOXXOXXO..O..O.....OXXO..O..O..O..O.....OXXO..OXXO..O.
.............X..........................X.....X........X..X.......................X..X..X.....X..........................X..X..X..X..X..X.....X..............X.................X.
.............X..........................X.....X........X..X.......................X..X..X.....X..........................X..X..X..X..X..X.....X..............X.................X.
.O..O..O.....O.....O..O..O..O.....OXXO..O..O..O..O..OXXOXXO..O..O..O..O..O.....OXXOXXO..O..O..O..O..O.....OXXOXXO..OXXO..O..OXXOXXOXXOXXOXXO..O..OXXO.....O..O.....OXXO..O..O..O.
.X..X..X...........X..X..X..X..............X.....X.....X..X..X..X..X..X..X...........X.....X.....X..X........X..............X........X....................X..............X..X....
.X..X..X...........X..X..X..X..............X.....X.....X..X..X..X..X..X..X...........X.....X.....X..X........X..............X........X....................X..............X..X....
.OXXO..O..OXXO..OXXOXXOXXOXXOXXOXXOXXO..OXXOXXOXXOXXOXXOXXOXXOXXOXXOXXOXXO.....OXXO..O.....O..OXXOXXOXXO..O..O..O.....O..O..O..OXXOXXOXXOXXO..O..OXXO..OXXO..O..O..OXXO..OXXO..O.
.X..X.................X..X.....X..X...........X..X..X..X...........X..X..X.......................X........X.....X.....X..X........X..X..X.....X...........X..X..X........X..X..X.
.X..X.................X..X.....X..X...........X..X..X..X...........X..X..X.......................X........X.....X.....X..X........X..X..X.....X...........X..X..X........X..X..X.
.O..O..OXXO..OXXO..O..O..O..O..O..OXXOXXOXXO..O..O..O..O..O.....O..OXXOXXO..OXXO..O........OXXO..O..O..OXXOXXO..O..OXXOXXO..O..O..O..O..O..OXXOXXO..O..OXXOXXOXXOXXO..OXXOXXOXXO.
...................X........X.....X..X..X.................X.....X..X..X..X........X.................X.................X..X..X..X..............X.....X........X..X...........X..X.
...................X........X.....X..X..X.................X.....X..X..X..X........X.................X.................X..X..X..X..............X.....X........X..X...........X..X.
.OXXO..O.....OXXO..O.....OXXOXXO..O..O..O..OXXO.....O..O..O..O..OXXOXXOXXOXXOXXO..O..O..O..OXXO..O..O..O..O..OXXOXXOXXO..O..O..O..O..OXXO..OXXOXXO..OXXO.....OXXOXXOXXOXXOXXOXXO.
.......X....................X.......................X..X.....X..X..X........X........X..X........X.....X..X.....X..X..X...........X.................X........X.....X..X..X.....X.
.......X....................X.......................X..X.....X..X..X........X........X..X........X.....X..X.....X..X..X...........X.................X........X.....X..X..X.....X.
.OXXO..O..O.....OXXO..OXXO..O..OXXO..O..O..OXXO.....O..O..OXXOXXOXXO.....OXXOXXOXXO..OXXOXXO.....O.....O..O..O..O..O..O..O..O..OXXOXXO..OXXOXXO..OXXOXXO.....O.....O..O..O..OXXO.
..........X..........................X..X....................X.....X........X..X.....X.......................X...........X..X..............X...................................X.
..........X..........................X..X....................X.....X........X..X.....X.......................X...........X..X..............X...................................X.
.OXXO..O..O........O..OXXO..OXXO..O..OXXO........O.....O.....O..O..O..O..O..O..O..OXXO..O..OXXO..OXXO..O..O..O.....OXXO..O..O..O..OXXO..O..O.....OXXO.....O..O..O..OXXO..OXXOXXO.
.......X...........X..............X..X..X........X.....X........X.....X..X...........X..X..............X..X....................X........X.................X..X..X...........X..X.
.......X...........X..............X..X..X........X.....X........X.....X..X...........X..X..............X..X....................X........X.................X..X..X...........X..X.
.OXXO..O..O..O..O..OXXO.....OXXOXXOXXOXXOXXO..OXXO..O..O..O..O..O..O..OXXO..O..O..O..OXXOXXOXXO.....O..O..O..OXXO..OXXO..O..OXXO..OXXOXXO..O..O..O..O..O..OXXOXXOXXO..OXXOXXOXXO.
..........X..X..X..X...........X.................X..X.....X..X.....X..X..X..X..X..X..X..X..X........X....................X.....X.....X..X..X..X..X..X..X..X..X..X........X..X..X.
..........X..X..X..X...........X.................X..X.....X..X.....X..X..X..X..X..X..X..X..X........X....................X.....X.....X..X..X..X..X..X..X..X..X..X........X..X..X.
.OXXO.....O..O..O..O........OXXOXXO.....OXXO..OXXOXXOXXO..O..O..OXXOXXOXXOXXOXXOXXOXXOXXOXXOXXO.....O..OXXO..OXXO.....OXXOXXO..O..OXXOXXOXXOXXOXXOXXOXXOXXOXXOXXOXXO.....O..O..O.
.................................................................................................................................................................................
