....................................................................................................................................................................................
.......O........OXXO..............OXXO..OXXO..O..O..O..O..O..OXXOXXOXXO..O..OXXO..O..OXXO..OXXO..O..OXXO..O.....OXXO..OXXO..OXXO..OXXO..O..OXXO........OXXO.....OXXO.....O.....OXXO.
.......X...........X.................X..X.....X..X..X..X..X..X..X..X.....X........X..............X........X..............X.....X.....X..X..X.......................X.....X........X.
.......X...........X.................X..X.....X..X..X..X..X..X..X..X.....X........X..............X........X..............X.....X.....X..X..X.......................X.....X........X.
.......O..O..OXXO..OXXO..OXXO.....OXXOXXO..OXXOXXOXXO..OXXOXXO..O..OXXOXXO..OXXO..O..O..OXXO..OXXOXXO..OXXOXXO..O.....O..O..O..O..O..OXXO..O..OXXO..O..OXXO.....O..O..OXXO..OXXOXXO.
..........X.....X........X........X.....X..X..X..X..X.....X...........X.....X........X..X........X........X..X..X.....X.....X.....X.....X.....X.....X..X........X........X..X..X..X.
..........X.....X........X........X.....X..X..X..X..X.....X...........X.....X........X..X........X........X..X..X.....X.....X.....X.....X.....X.....X..X........X........X..X..X..X.
.OXXOXXO..O..OXXOXXO..O..OXXO..O..O..OXXO..O..O..OXXO..OXXOXXOXXOXXO..OXXO..OXXO..OXXO..O..O..OXXO.....OXXO..O..O..O..O..OXXO.....O.....O..OXXOXXOXXO..OXXOXXOXXO........O..O..OXXO.
.X..X........X........X..X..X..X..........................X..X..X.................X........X..X........X...........X..........................X..X.....X..X..X....................X.
.X..X........X........X..X..X..X..........................X..X..X.................X........X..X........X...........X..........................X..X.....X..X..X....................X.
.OXXOXXO..OXXO..OXXO..OXXOXXO..O..OXXOXXO..OXXO.....O..OXXOXXOXXOXXOXXO..O..OXXOXXO..OXXOXXOXXO.....O..O........O..O..OXXO...........OXXO.....O..O..OXXOXXOXXOXXO.....O..OXXO..OXXO.
...................X.....X........X..X..............X.....X..X..X..X.....X.....X..X.....X..X..X.....X...........X.....X..X...................................X........X..X..X.....X.
...................X.....X........X..X..............X.....X..X..X..X.....X.....X..X.....X..X..X.....X...........X.....X..X...................................X........X..X..X.....X.
.O..O..OXXO.....OXXO.....O.....O..OXXO..OXXOXXO..O..OXXO..OXXO..O..O..OXXO..OXXOXXOXXO..OXXO..OXXO..OXXO..OXXO..O..OXXOXXOXXO..OXXO..O.....O.....OXXO.....OXXO.....OXXOXXOXXOXXO..O.
.X..X..X...........X...........X..X.....X..X..X..X..X..X.....X...........X.....X..X..X..X........X..X.....X..X.....X..X...........X..X.....X........X.................X.....X.......
.X..X..X...........X...........X..X.....X..X..X..X..X..X.....X...........X.....X..X..X..X........X..X.....X..X.....X..X...........X..X.....X........X.................X.....X.......
.OXXOXXOXXOXXO.....OXXO..OXXO..O..O..OXXO..O..O..O..O..O.....O........OXXO..OXXOXXOXXO..O..OXXO..O..OXXO..OXXO..O..OXXO..O..OXXOXXOXXOXXO..OXXO..OXXO..OXXO..OXXO.....OXXO..OXXOXXO.
..........X........X.....X.....................................................X..X........X..............X.....X..X.....X.....X.....X.......................X..X.....X..X..X..X..X.
..........X........X.....X.....................................................X..X........X..............X.....X..X.....X.....X.....X.......................X..X.....X..X..X..X..X.
.......O..OXXO..O..OXXO..OXXO..O..OXXO..OXXO..OXXO..OXXO..O.....O..OXXOXXO..OXXO..O.....OXXO..OXXO..OXXO..O..O..OXXO..OXXO..O..O..OXXO.....O..OXXO.....OXXOXXO..O..O..O..O..O..OXXO.
.......X.....X..X..............X..X..X.....X..............X.....X.....X..X.................X..X..X...........X..X........X..X........X.....X..............X..X.....X..............X.
.......X.....X..X..............X..X..X.....X..............X.....X.....X..X.................X..X..X...........X..X........X..X........X.....X..............X..X.....X..............X.
.O..OXXOXXO..O..OXXO........OXXO..O..O..OXXOXXO..O........O..OXXOXXOXXO..OXXOXXO..OXXO..OXXOXXOXXOXXO..O.....OXXO.....O..O..OXXO..OXXOXXO..OXXO........OXXOXXOXXO..OXXO.....O..OXXO.
.X.............................X........X........X.................X..X..X..X..X.....X.....X...........X........X.....X........X........X..X..............X..X..............X..X..X.
.X.............................X........X........X.................X..X..X..X..X.....X.....X...........X........X.....X........X........X..X..............X..X..............X..X..X.
.O..OXXO..OXXOXXOXXOXXOXXO.....OXXO.....OXXO..O..O..O..OXXO.....OXXOXXOXXOXXOXXO.....O.....OXXO........OXXO.....OXXO..O..O.....O..O..OXXOXXO..O........OXXO..O..O..O..OXXOXXO..OXXO.
.......X..X..X..X..X..X..X.....X..X...........X.....X.....X........X........X..............X..X..........................X........X.....X.....X...........X.....X..X.....X........X.
.......X..X..X..X..X..X..X.....X..X...........X.....X.....X........X........X..............X..X..........................X........X.....X.....X...........X.....X..X.....X........X.
.......OXXO..OXXOXXO..OXXO..O..O..OXXO........OXXO..OXXO..O.....OXXO..OXXOXXOXXO..O.....OXXO..OXXOXXO..OXXO........O..OXXOXXO..OXXO..OXXO.....OXXO..O..OXXOXXOXXO..OXXOXXO..O..OXXO.
.......X..X..X..X..X.....X..X........X........X.....X..X..............X..X..X.....X.....X..X.....X..X..............X..X..X.......................X..X........X..X.....X.....X.......
.......X..X..X..X..X.....X..X........X........X.....X..X..............X..X..X.....X.....X..X.....X..X..............X..X..X.......................X..X........X..X.....X.....X.......
.......OXXO..O..OXXO..OXXOXXOXXO..OXXO..O..OXXOXXO..OXXO..OXXO..O.....OXXOXXOXXO..O..O..O..OXXOXXO..OXXOXXO.....OXXO..O..O..OXXOXXO.....O.....OXXOXXOXXO..O..O..OXXO..OXXOXXO.....O.
................X.....X..X..X...........X........X..X.....X.....X.....X..X..X........X.....X..X........X.......................X..X.....X...........X..X..X........X.....X..X.....X.
................X.....X..X..X...........X........X..X.....X.....X.....X..X..X........X.....X..X........X.......................X..X.....X...........X..X..X........X.....X..X.....X.
.O..O..OXXO..O..OXXO..OXXOXXO..OXXO..OXXO..O.....OXXOXXO..OXXO..OXXO..OXXO..O..OXXOXXOXXOXXOXXO..OXXOXXOXXO..OXXO..O..OXXO..OXXOXXOXXO..O..OXXO..OXXO..O..OXXOXXO..O..OXXO..OXXOXXO.
.X..X..X..X..X.....X..X.....X..X...........X.....X..............X..X.....X.....X..X..X..X..X.....X..X..X.....X.....X..X..X..X.....X...........X.....X........X..X..............X..X.
.X..X..X..X..X.....X..X.....X..X...........X.....X..............X..X.....X.....X..X..X..X..X.....X..X..X.....X.....X..X..X..X.....X...........X.....X........X..X..............X..X.
.OXXOXXO..OXXOXXOXXO..O..O..OXXO.....OXXOXXOXXOXXO..O..OXXO..OXXO..O..OXXOXXO..OXXOXXOXXO..O.....O..OXXOXXO..OXXO..OXXOXXOXXO..O..O..OXXO..O..O..O..O..O..OXXO..OXXO..OXXO..OXXOXXO.
.X..............X..X.....X..............X.....X.....X........X..X..............X.....X..X.......................X.....X........X...........X.....X.....X.....X........X.....X..X..X.
.X..............X..X.....X..............X.....X.....X........X..X..............X.....X..X.......................X.....X........X...........X.....X.....X.....X........X.....X..X..X.
.OXXO..OXXO..OXXOXXO..OXXO........OXXO..O..OXXOXXO..OXXO.....O..OXXO..OXXO..O..O..OXXOXXO..OXXOXXOXXO........OXXOXXO..OXXO..O..OXXO..O..OXXO.....O..OXXOXXO..OXXO.....OXXOXXO..OXXO.
....X..X........X..X.................X........X........X........X........X..X........X..X.....X..X.................X.....X..X........X..X..............X..X..X...........X........X.
....X..X........X..X.................X........X........X........X........X..X........X..X.....X..X.................X.....X..X........X..X..............X..X..X...........X........X.
.O..O..O.....OXXO..OXXO..O..O..OXXOXXO..OXXO..O..OXXO..OXXO..OXXOXXO..OXXO..O.....OXXO..O.....O..O..OXXO..OXXO.....OXXO..OXXOXXO..OXXOXXO..O..O..O..OXXO..OXXOXXO.....OXXO..O.....O.
.X.................X..X..X..X..X..X........X...........X..X..X.....X.....X........X..........................X...........X..X.....X.....X..X..X..X..X...........X...........X.......
.X.................X..X..X..X..X..X........X...........X..X..X.....X.....X........X..........................X...........X..X.....X.....X..X..X..X..X...........X...........X.......
.OXXO..OXXO..OXXO..OXXO..OXXO..O..OXXO..OXXO..OXXO..OXXO..O..OXXO..O..OXXO.....OXXO..OXXO..OXXO........O..O..OXXOXXO.....OXXO..OXXOXXO..O..O..OXXOXXO..O..OXXO..O.....OXXO..O..OXXO.
.X...........X..X.....X...........X..X..X........X..X........X..X..............X.....X.................X..X..X..X......................................X..X..X........X..X..........
.X...........X..X.....X...........X..X..X........X..X........X..X..............X.....X.................X..X..X..X......................................X..X..X........X..X..........
.OXXO..O..OXXO..O..O..O..OXXOXXO..OXXOXXO..OXXO..OXXO..O..OXXO..O........OXXO..O..OXXOXXO..OXXO.....O..OXXOXXOXXOXXO.....OXXOXXO..OXXO.....OXXO..O..OXXOXXO..OXXO..OXXO..OXXO..O..O.
.......X...........X.....X..X..X........X.....X........X..X.................X........X..............X..X.....X..X..X........X........X.....X.....X........X..X.....X.....X.....X..X.
.......X...........X.....X..X..X........X.....X........X..X.................X........X..............X..X.....X..X..X........X........X.....X.....X........X..X.....X.....X.....X..X.
.O..OXXOXXO..OXXO..OXXO..O..OXXO..O..O..OXXO..O..O..O..OXXO..O.....OXXO.....OXXO.....OXXO..O.....OXXO..O.....O..OXXO..O..OXXOXXO..OXXO.....O..OXXO..OXXO..OXXOXXO..O.....OXXO..OXXO.
.X........X.................X..X..X..X..X..X.....X..X..X.....X........X....................X..........................X.....X.................X..X..X..X..X..X...........X.....X..X.
.X........X.................X..X..X..X..X..X.....X..X..X.....X........X....................X..........................X.....X.................X..X..X..X..X..X...........X.....X..X.
.O..OXXO..O..O..OXXO..OXXOXXO..OXXO..OXXO..OXXO..O..O..O..OXXO.....OXXO..OXXO..OXXO..OXXOXXOXXO..O.....OXXOXXO.....OXXOXXO..OXXO..OXXO..OXXOXXOXXOXXOXXOXXOXXO..O.....OXXO..O..OXXO.
.......X.....X..X........X..X..X.....X..X.....X...........X..X........X...........X.....X........X........X........X..X....................X..X........X.....X..X.....X.....X.....X.
.......X.....X..X........X..X..X.....X..X.....X...........X..X........X...........X.....X........X........X........X..X....................X..X........X.....X..X.....X.....X.....X.
.......O..OXXOXXO..O..OXXOXXOXXOXXOXXO..O..OXXO..OXXO.....OXXOXXO.....O..O.....O..O..OXXO..O..OXXO........O..OXXO..OXXO.....O..OXXOXXO..OXXOXXO..OXXO..O..OXXOXXO..OXXO..OXXO..OXXO.
..........X..X.....X........X..X..X.................X.....X..X...........X.....X...........X.....X....................X.....X..X..X.....X.................X.....X..X........X.......
..........X..X.....X........X..X..X.................X.....X..X...........X.....X...........X.....X....................X.....X..X..X.....X.................X.....X..X........X.......
....OXXOXXOXXOXXO..O..O..OXXO..O..O..OXXO.....O..OXXO..O..OXXO..OXXO..OXXOXXO..OXXO..O.....O..O..OXXOXXO.....O..OXXO..O..O..OXXOXXO..OXXO..O..O........OXXO..OXXOXXOXXO..OXXOXXO....
....X..X..............X.....X........X........X........X..X.....X.....X...........X..X........X.....X........X..X........X.....X...........X..X........X..X..X........X.............
....X..X..............X.....X........X........X........X..X.....X.....X...........X..X........X.....X........X..X........X.....X...........X..X........X..X..X........X.............
.OXXOXXOXXO..OXXO.....OXXO..O..O..O..O........O.....O..O..OXXO..OXXO..O..O..OXXO..OXXO.....OXXO..OXXO..O..OXXO..OXXO.....OXXOXXO..O..OXXO..O..O..OXXO..OXXOXXO..OXXOXXO..O..OXXO..O.
.............X.................X..X.................X.....X..X..X........X.....X.....X..............X..X..X.....X...........X.....X.....X...........X..X.....X..X..X.....X..X..X..X.
.............X.................X..X.................X.....X..X..X........X.....X.....X..............X..X..X.....X...........X.....X.....X...........X..X.....X..X..X.....X..X..X..X.
.O..OXXO..O..O..OXXO..OXXOXXO..OXXOXXO..O.....OXXO..O..OXXO..O..O..O.....O.....OXXO..O..O.....OXXO..OXXO..OXXO..O.....OXXOXXOXXOXXOXXO..O..OXXO..OXXO..OXXO..OXXOXXO..OXXO..OXXOXXO.
.X..X.....X..............X..X..X........X.....X..X.....X...........X..............X.....X........X..X.....X..............X.....X..X........X...........X........X...................
.X..X.....X..............X..X..X........X.....X..X.....X...........X..............X.....X........X..X.....X..............X.....X..X........X...........X........X...................
.O..O..OXXO........OXXO..OXXO..OXXO..OXXOXXO..OXXO.....O..OXXOXXOXXO.....O..O.....OXXO..OXXOXXO..OXXO..OXXOXXO..OXXOXXO..O.....OXXO..OXXOXXO..OXXOXXO..O..OXXOXXOXXO..OXXO..OXXO....
...................X..X..X...........X.....X..X..............X..X........X..X.....X..X.....X..X..X.................X..X...........X..X..X........X........X..X.....X........X.......
...................X..X..X...........X.....X..X..............X..X........X..X.....X..X.....X..X..X.................X..X...........X..X..X........X........X..X.....X........X.......
....O..OXXO..O.....O..O..O..OXXO..OXXO..OXXO..O..O..OXXO..O..OXXOXXO..OXXOXXOXXO..OXXOXXOXXOXXO..OXXO..O..O..O.....OXXO.....OXXOXXOXXOXXO..O.....OXXO..O..OXXOXXO..O.....OXXOXXO....
....X........X....................X..X.....X.....X........X........X..X.....X.....X.....X...........X..X..X..X.....X........X..X.....X.....X.....X.....X..X..............X..X.......
....X........X....................X..X.....X.....X........X........X..X.....X.....X.....X...........X..X..X..X.....X........X..X.....X.....X.....X.....X..X..............X..X.......
.O..OXXOXXO..O........O..OXXO..OXXOXXO..OXXO..O..OXXO..O..OXXO..OXXO..O..OXXO.....OXXOXXO..O..O..OXXOXXOXXO..O.....OXXOXXO..OXXO..O..O..OXXO..OXXOXXO..OXXOXXO.....O.....O..OXXO....
.X.....X..............X.....X.....X...........X........X.....X..............X........X.....X..X.....X.................X..X.....X..X................................X................
.X.....X..............X.....X.....X...........X........X.....X..............X........X.....X..X.....X.................X..X.....X..X................................X................
.O..O..OXXOXXO..O..O..OXXO..OXXOXXO..O..O..OXXO..OXXOXXOXXO..OXXOXXO..O..OXXO..O..OXXO.....OXXOXXOXXO.....OXXOXXO.....OXXO..O..OXXOXXO..OXXO........O.....OXXO..OXXO.....O..OXXO..O.
....X..X..X.....X..X........X..X.....X..X.....X.....X.....X..X..X.....X..X.....X..X..............X..X........X..............X........X..............X....................X........X.
....X..X..X.....X..X........X..X.....X..X.....X.....X.....X..X..X.....X..X.....X..X..............X..X........X..............X........X..............X....................X........X.
....O..O..OXXO..OXXO..O..OXXOXXOXXO..O..O..OXXO..O..OXXOXXOXXO..OXXO..OXXOXXO..OXXO..O..O..O..O..OXXO..OXXO..O..OXXO..O..O..O..OXXO..OXXO..OXXO..OXXO..OXXOXXO..O..OXXO..O..OXXOXXO.
..........X..X........X..X.....X..............X..X..X..X..X.....X..X..X.....X..X.....X..X..X..X.....X.....X...........X..X.....X..X........X.....X..X.....X.....X...........X..X....
..........X..X........X..X.....X..............X..X..X..X..X.....X..X..X.....X..X.....X..X..X..X.....X.....X...........X..X.....X..X........X.....X..X.....X.....X...........X..X....
.OXXOXXOXXOXXO..O.....OXXO..OXXO..OXXO........OXXO..O..OXXOXXO..OXXOXXO..O..OXXO..O..OXXOXXOXXOXXOXXO..OXXO........OXXO..OXXO..OXXO..OXXOXXO.....O..OXXO..O..O..OXXOXXO..OXXO..O..O.
....X..X..X.....X........X..X..X.....X........X..X.....X..X..............X..X.....X..X.....X..X..X..X..X...........X.....X...........X..X...........X..X.....X.....X.....X..X.....X.
....X..X..X.....X........X..X..X.....X........X..X.....X..X..............X..X.....X..X.....X..X..X..X..X...........X.....X...........X..X...........X..X.....X.....X.....X..X.....X.
.OXXOXXO..O.....O..O..OXXO..O..OXXOXXO.....O..OXXOXXO..OXXOXXOXXO.....O..OXXO..OXXOXXO..OXXO..OXXO..O..O.....O.....OXXO..O.....O..OXXO..O..O..O..OXXOXXOXXO..O..O..OXXO..OXXO..OXXO.
....X..............X..X..X........X..X.....X...........X..X..X..X.....X..X.....X.............................X.................X.....X.....X..X........X........X...........X..X....
....X..............X..X..X........X..X.....X...........X..X..X..X.....X..X.....X.............................X.................X.....X.....X..X........X........X...........X..X....
....O..OXXO..OXXO..OXXOXXO.....O..OXXO..O..O..O..OXXO..OXXOXXOXXO..O..O..O.....OXXO..OXXO.....O..OXXO.....OXXOXXO..O..OXXO..OXXO..OXXOXXO..OXXO..O..OXXO..O..OXXOXXOXXO..OXXO..O..O.
.......X..X...........X........X.....X..X.....X..X..X.....X.....X..X..............X.....X.....X..X..............X..X..X.....X.....X..X...........X..X..X..X........X.....X..X.....X.
.......X..X...........X........X.....X..X.....X..X..X.....X.....X..X..............X.....X.....X..X..............X..X..X.....X.....X..X...........X..X..X..X........X.....X..X.....X.
.OXXO..O..O..OXXO..OXXO..OXXO..O..OXXOXXO..OXXOXXO..O..OXXOXXO..O..O..O..O.....OXXOXXO..O..OXXOXXOXXO..OXXO..OXXOXXO..O..OXXOXXO..OXXOXXOXXO.....O..O..OXXO..O..O..OXXOXXOXXOXXOXXO.
................X..X....................X........X........X..X........X..X...........X........X...........X........X.....X.....X..X.....X..............X.....X..X..X..X.....X..X..X.
................X..X....................X........X........X..X........X..X...........X........X...........X........X.....X.....X..X.....X..............X.....X..X..X..X.....X..X..X.
.OXXO..O..OXXOXXOXXOXXOXXO..OXXO.....OXXOXXO..OXXO.....O..OXXOXXO..OXXOXXO........OXXO..O..O..OXXO..OXXO..OXXOXXOXXO.....OXXO..OXXO..OXXOXXO..O..OXXO..O..O..OXXO..OXXOXXO..O..O..O.
.......X.....X........X........X...........X...........X.....X..X.....X..............X..X..X..X..X........X..X..X...........X..X.....X........X.....X.....X........X..X.............
.......X.....X........X........X...........X...........X.....X..X.....X..............X..X..X..X..X........X..X..X...........X..X.....X........X.....X.....X........X..X.............
.O..OXXOXXOXXO..OXXOXXO..OXXO..O........OXXO.....O..OXXO..OXXOXXOXXO..OXXOXXOXXO..OXXO..OXXOXXOXXOXXO..O..OXXO..OXXO..O..OXXO..O..OXXO.....OXXOXXO..OXXO..OXXO..OXXO..OXXO.....O..O.
.X........X........X.....X..X....................X........X........X..X..X..X..............X..X........X.....X........X..............X.....X........X..X..X.....X..X...........X..X.
.X........X........X.....X..X....................X........X........X..X..X..X..............X..X........X.....X........X..............X.....X........X..X..X.....X..X...........X..X.
.OXXO.....OXXOXXO..OXXOXXO..O..O..OXXO..OXXOXXOXXOXXO..OXXO........OXXO..O..OXXO..OXXO..OXXOXXO..OXXOXXOXXO..O..O..OXXOXXO..OXXO..OXXO..O..OXXOXXO..OXXO..OXXOXXO..O.....OXXOXXOXXO.
.X........X..X.....X..X..X.....X.....X..X..X..X........X..X........X..X...........X.................X...........X.....X........X..X.....X.....X........X..X..X..............X.....X.
.X........X..X.....X..X..X.....X.....X..X..X..X........X..X........X..X...........X.................X...........X.....X........X..X.....X.....X........X..X..X..............X.....X.
.O.....O..OXXO..O..O..OXXOXXO..OXXO..OXXO..O..O.....OXXO..O..OXXO..O..O..OXXO..OXXO..OXXOXXOXXOXXO..O..OXXO..OXXO..O..OXXOXXO..OXXO..OXXO.....OXXO..OXXO..O..OXXOXXO..O..O..O..OXXO.
.......X..X.....X....................X..X..............X.....X.................X........X..X..X..............X..X..X..X..X...........X..X...........X...........X.....X..X........X.
.......X..X.....X....................X..X..............X.....X.................X........X..X..X..............X..X..X..X..X...........X..X...........X...........X.....X..X........X.
....OXXO..OXXOXXO.....OXXO..O..OXXOXXOXXO..OXXO..O..O..O..OXXO..OXXOXXO..OXXO..O..O..OXXOXXOXXO..O..OXXOXXO..OXXOXXO..O..O...........O..OXXOXXO..O..O..O.....OXXO..OXXOXXO.....OXXO.
....X........X..............X.....X..X..X........X..X..............X..X..X..X.....X..X..X........X.....X................................X..X.....X.....X........X.....X..X.....X..X.
....X........X..............X.....X..X..X........X..X..............X..X..X..X.....X..X..X........X.....X................................X..X.....X.....X........X.....X..X.....X..X.
.OXXO.....OXXOXXO..OXXO..O..O..OXXO..O..O..O..OXXOXXO..OXXOXXOXXO..OXXO..OXXOXXO..OXXOXXO..OXXO..O..OXXO..OXXO.....OXXO.....OXXO.....O..O..O..OXXO.....OXXO.....O..OXXOXXO..O..OXXO.
.........................X.....X..X........X.....X........X..X..X.....X........X..X....................X...........X..X........X.....X........X..X.....X..X.................X.....X.
.........................X.....X..X........X.....X........X..X..X.....X........X..X....................X...........X..X........X.....X........X..X.....X..X.................X.....X.
.O..O..O..O..OXXO..OXXO..O.....OXXO..OXXO..O.....OXXO..OXXO..OXXO..OXXOXXOXXOXXO..O.....OXXOXXOXXO..OXXOXXO..OXXO..O..OXXO..OXXOXXO..O..O..OXXO..O..OXXO..OXXO..OXXO..OXXO..O..OXXO.
.X..X..X..X..X..X..X...........X.....X...........X..............X.....X..X..X...........X..X..X..........................X..............X.....X...........X..............X........X.
.X..X..X..X..X..X..X...........X.....X...........X..............X.....X..X..X...........X..X..X..........................X..............X.....X...........X..............X........X.
.OXXOXXO..OXXO..OXXOXXO..OXXOXXOXXO..O..OXXO..OXXOXXO..OXXOXXO..O..OXXOXXOXXO........OXXOXXO..O.....OXXO..OXXO..O.....OXXOXXO..OXXOXXO..OXXO..O..OXXO..O..O..OXXOXXOXXO..OXXO..OXXO.
.......X....................X..X........X..X..X..X..X.....X..X..............X.......................X..X..X..X..X.................X..X..............X..X.....X..X..X..............X.
.......X....................X..X........X..X..X..X..X.....X..X..............X.......................X..X..X..X..X.................X..X..............X..X.....X..X..X..............X.
....OXXO........OXXOXXOXXOXXO..O........OXXOXXOXXOXXO..O..O..O........O..OXXOXXOXXOXXO..............OXXO..OXXOXXO..OXXO..OXXO..O..OXXOXXO...........OXXO..OXXOXXO..OXXO..OXXO..O..O.
....X..............X..X..X..X..............X..X..X.....X..............X..X.....X..X....................X...........X...........X.....X..............X...........X..X..X........X....
....X..............X..X..X..X..............X..X..X.....X..............X..X.....X..X....................X...........X...........X.....X..............X...........X..X..X........X....
....OXXO..O..OXXO..O..O..OXXO..OXXO..OXXOXXOXXO..OXXO..OXXOXXO..OXXO..OXXO.....OXXO..OXXO........OXXO..OXXO.....OXXOXXO.....OXXOXXO..OXXOXXO..OXXO..O..O..OXXO..OXXO..OXXO..O..OXXO.
.......X..X..X...........X..X...........X..X..X.....X.....X........X..............X..X..X...........X...........X..............X.....X..X.....X..X.....X...........X........X..X..X.
.......X..X..X...........X..X...........X..X..X.....X.....X........X..............X..X..X...........X...........X..............X.....X..X.....X..X.....X...........X........X..X..X.
.OXXOXXO..O..O..OXXO..O..O..OXXOXXO.....O..OXXOXXO..O..O..OXXO..OXXO..OXXO..O.....O..O..OXXO..O..OXXO..O..OXXO..OXXO..OXXO..OXXOXXO..OXXO..OXXO..O..OXXOXXO.....OXXOXXO..OXXO..OXXO.
....X.................X........X...........X.....X.....X..X........X.....X..X...........X.....X........X.....X..X..X.......................X..X.......................X..X..X.....X.
....X.................X........X...........X.....X.....X..X........X.....X..X...........X.....X........X.....X..X..X.......................X..X.......................X..X..X.....X.
.O..O..OXXOXXO.....OXXO..OXXOXXOXXO..O.....O.....OXXO..O..OXXOXXO..O..O..OXXO..OXXO.....OXXOXXOXXO..OXXO..O..O..O..OXXO..O........O..OXXO..OXXO..OXXOXXOXXOXXO..OXXO..OXXO..OXXOXXO.
.X........X...........X.....X..X..X..X...........X........X..X........X..X.................X...........X..X........X.....X........X........X........X..X..X..X..X........X.....X..X.
.X........X...........X.....X..X..X..X...........X........X..X........X..X.................X...........X..X........X.....X........X........X........X..X..X..X..X........X.....X..X.
.O.....OXXOXXO.....O..OXXO..OXXO..OXXOXXO.....OXXOXXO..O..OXXO..OXXO..OXXO..OXXO..O..O..O..O..O..OXXOXXO..O..OXXOXXO..OXXOXXO..O..OXXOXXOXXO..O.....OXXO..OXXO..O..OXXO..O.....OXXO.
..........X........X........X........X.................X........X.....X.....X.....X..X..X.....X..X..X........X..X..X..X........X..X..X..X.....X.....X..X.......................X..X.
..........X........X........X........X.................X........X.....X.....X.....X..X..X.....X..X..X........X..X..X..X........X..X..X..X.....X.....X..X.......................X..X.
.OXXO..OXXOXXO.....O..OXXOXXOXXOXXO..OXXO..O..O..OXXO..O..OXXO..OXXO..O.....O..OXXO..O..O..O..O..O..O.....OXXO..O..OXXO.....OXXOXXO..OXXO..O..O..OXXO..O.....OXXO..OXXOXXO..OXXOXXO.
.............X........X..X.....X........X..X..X...........X................................X.......................X...........X.....X.....X.................X........X........X..X.
.............X........X..X.....X........X..X..X...........X................................X.......................X...........X.....X.....X.................X........X........X..X.
.O..OXXOXXO..O..OXXO..OXXOXXO..OXXO..O..O..OXXOXXO..OXXO..O..O..OXXOXXO.....OXXO.....O..OXXO..O.....OXXO..OXXO..OXXOXXO..O..OXXOXXOXXOXXO..O..OXXO..O.....OXXO..OXXO..OXXO..OXXOXXO.
.X.....X........X..X..X..X...........X.....X..X........X.....X..X..X.................X........X..............X........X..X........X...........X.....X...........X...........X..X..X.
.X.....X........X..X..X..X...........X.....X..X........X.....X..X..X.................X........X..............X........X..X........X...........X.....X...........X...........X..X..X.
.OXXOXXO.....OXXO..OXXO..OXXO.....O..O..O..O..OXXO.....OXXO..O..O..O.....OXXO..O..OXXOXXO..OXXO........OXXOXXO..O..O..O..O..OXXO..O..OXXO.....O..OXXOXXO..OXXO..O..O..OXXO..O..OXXO.
.X..X..X...........X........X.....X.....X.....X..X..........................X..X.....X..X.................X..X..X..X...........X.....X..X........X.....X.....X.....X..X........X..X.
.X..X..X...........X........X.....X.....X.....X..X..........................X..X.....X..X.................X..X..X..X...........X.....X..X........X.....X.....X.....X..X........X..X.
.O..OXXOXXO........O..OXXOXXO..OXXOXXO..OXXOXXOXXO.....OXXO..OXXOXXO..OXXO..OXXOXXO..OXXOXXO.....OXXO.....O..OXXO..O...........OXXO..O..O.....OXXO..OXXOXXO..O..OXXOXXOXXO..OXXO..O.
.........................X........X..X.....X..X.................X..X...........X.....X..X..X....................X...................................X..X..X.....X...........X..X....
.........................X........X..X.....X..X.................X..X...........X.....X..X..X....................X...................................X..X..X.....X...........X..X....
..........OXXOXXO.....OXXO..OXXOXXO..OXXOXXOXXO..O..O..OXXO..OXXOXXO..OXXO..O..OXXO..O..O..O..OXXOXXO..OXXOXXO..O.....OXXO..OXXO..O..OXXO..O.....OXXOXXOXXO..OXXO..O........OXXOXXO.
..........X..X........X........X........X..X.....X..X.....X..X.....X.....X..X..X..X...........X..X..X.....X..............X..X.....X.....X..X.....X.....X...........X...........X..X.
..........X..X........X........X........X..X.....X..X.....X..X.....X.....X..X..X..X...........X..X..X.....X..............X..X.....X.....X..X.....X.....X...........X...........X..X.
.OXXO..OXXOXXO..O..OXXO.....OXXO.....OXXOXXOXXO..OXXOXXO..OXXO..OXXOXXO..OXXOXXO..O..OXXO..O..O..O..OXXO..O..OXXO..O.....OXXO..OXXO.....OXXOXXO..O..OXXOXXO........O..O..OXXO..OXXO.
.X..............X..X.............................X.....X.....X.....X..X.................X..X........X..X.....X..X..X...........X..X.................X.....X...........X..X..........
.X..............X..X.............................X.....X.....X.....X..X.................X..X........X..X.....X..X..X...........X..X.................X.....X...........X..X..........
.OXXO..OXXO..OXXO..OXXO..OXXO..OXXO..O..OXXO.....O..O..OXXOXXO..O..OXXOXXO..O..O.....OXXOXXOXXO..OXXOXXOXXO..OXXO..O..OXXO.....O..O.....O.....OXXO..OXXO..O..OXXOXXO..OXXO..O..O....
................X........X.....X.....X.....X........X.....X.....X.....X..X..X..X.......................X..X..X........X.................X.....X.................X...........X..X....
................X........X.....X.....X.....X........X.....X.....X.....X..X..X..X.......................X..X..X........X.................X.....X.................X...........X..X....
....OXXOXXO..OXXO..OXXOXXOXXO..O..OXXOXXO..O..OXXO..O.....OXXO..OXXOXXO..OXXO..O..OXXO.....O.....O.....O..OXXO.....OXXO...........O..O..O..OXXOXXO..OXXO.....OXXOXXO..O..OXXOXXO..O.
....X..X..X........X..X..X..X.....X..............X...........X.....X........X..............X.....X...........X.....X..X...........X..X........X..X....................X.....X.....X.
....X..X..X........X..X..X..X.....X..............X...........X.....X........X..............X.....X...........X.....X..X...........X..X........X..X....................X.....X.....X.
.OXXOXXOXXOXXO..O..OXXOXXO..OXXO..OXXO.....OXXOXXO.....OXXO..OXXO..O.....OXXO..OXXO.....O..OXXOXXOXXO..O..O..OXXOXXO..OXXO..OXXOXXO..O..OXXO..OXXO..OXXO.....OXXO..OXXO.....O..OXXO.
....X.....X.....X.................X...........X................................X..X.....X.....X.....X..X..X..X..X..X.....X.....X.......................X.......................X..X.
....X.....X.....X.................X...........X................................X..X.....X.....X.....X..X..X..X..X..X.....X.....X.......................X.......................X..X.
.O..OXXOXXO..OXXOXXO..OXXO..O..OXXOXXO..O..OXXOXXO..O.....O..O.....OXXO.....OXXOXXO..OXXO.....O..OXXO..O..O..OXXOXXOXXO..OXXO..OXXO..OXXO..O..OXXOXXOXXO..OXXO.....OXXO..OXXOXXOXXO.
.X..X..X..X...........X.....X..X........X..X........X.....X..X.................X........X........X.......................X..X..X..X........X.....X..X..X.....X...........X..X..X..X.
.X..X..X..X...........X.....X..X........X..X........X.....X..X.................X........X........X.......................X..X..X..X........X.....X..X..X.....X...........X..X..X..X.
.O..OXXOXXOXXO..OXXO..OXXO..OXXOXXO..OXXO..OXXO..OXXO..O..OXXO..O..OXXOXXO..OXXO..O..OXXO..O..OXXO.....OXXO..OXXO..O..OXXOXXOXXOXXO..O..OXXOXXO..OXXOXXOXXO..O..OXXOXXOXXO..O..OXXO.
................X.....X........X..X....................X........X..X..X........X..X..X.....X....................X..X........X........X........X.....X..............X..X...........X.
................X.....X........X..X....................X........X..X..X........X..X..X.....X....................X..X........X........X........X.....X..............X..X...........X.
.OXXO........OXXO.....O..O..OXXO..OXXO..OXXO..OXXO..OXXOXXO..O..OXXOXXO..O..OXXO..OXXO..OXXOXXOXXO........OXXO..OXXOXXO..O..O..O..OXXOXXOXXO..OXXOXXO..O..OXXOXXO..OXXO..O..OXXOXXO.
.X..X........X...........X..X.....X..X.......................X..X..X..X..X..X.....X.....X.....X..X........X..X.....X.....X.....X.....X..X..X..X..X.....X.....X.....X.....X..X..X..X.
.X..X........X...........X..X.....X..X.......................X..X..X..X..X..X.....X.....X.....X..X........X..X.....X.....X.....X.....X..X..X..X..X.....X.....X.....X.....X..X..X..X.
.OXXO..O..O..O...........O..OXXO..OXXO.....OXXO.....OXXO..OXXOXXO..O..O..OXXOXXOXXO.....OXXOXXO..OXXO..OXXOXXO..O..O..O..O..O..O.....OXXOXXOXXOXXO..O..O..OXXO..OXXO..OXXOXXO..OXXO.
....X..X..X.................X..X..X..X........X...........X..X..X..............X..X.....X..X...........X..X..X..X.....X.....X........X.....X........X.....X..X.....X.....X..X..X..X.
....X..X..X.................X..X..X..X........X...........X..X..X..............X..X.....X..X...........X..X..X..X.....X.....X........X.....X........X.....X..X.....X.....X..X..X..X.
.O..O..OXXOXXO..O.....OXXOXXOXXO..OXXOXXO.....O..OXXO.....OXXO..OXXO..OXXO.....O..O..O..O..O..O..O..OXXOXXOXXOXXO..O..O..O..OXXO..O..O..OXXO..OXXO..O..OXXOXXOXXO..OXXO..OXXOXXOXXO.
.X........X.....X.....X..X..X........X..........................X........X...........X........X..X.................X.....X........X..............X........X..X..X..X........X..X..X.
.X........X.....X.....X..X..X........X..........................X........X...........X........X..X.................X.....X........X..............X........X..X..X..X........X..X..X.
.OXXO..OXXOXXO..O..OXXO..OXXOXXO.....OXXO..OXXOXXO..OXXO..OXXO..OXXOXXO..OXXO..OXXO..O..OXXO..OXXOXXOXXO.....O..O..O..OXXOXXO..OXXO..OXXOXXO.....OXXO..OXXO..OXXO..OXXO..O..OXXO..O.
.X..X..X..X........X.....X..X........X..X.....X.....X..X.....X.....X.....X.....X........X...........X..X.....X..X........X..X..X.....X..X..............X.....X........X..X..X.......
.X..X..X..X........X.....X..X........X..X.....X.....X..X.....X.....X.....X.....X........X...........X..X.....X..X........X..X..X.....X..X..............X.....X........X..X..X.......
.OXXOXXOXXOXXOXXO..OXXO..OXXO..O..OXXO..O..OXXOXXO..OXXOXXOXXO..OXXO..O..OXXO..OXXO..OXXO..OXXO..O..O..O..OXXO..OXXO..OXXO..O..O..OXXOXXO..............OXXOXXO..O..OXXO..OXXO..O..O.
..........X..X..X........X.....X.....X...........X..X.....X........X..X........X..X.....X..X.....X....................X..X................................X..X..X........X..X..X..X.
..........X..X..X........X.....X.....X...........X..X.....X........X..X........X..X.....X..X.....X....................X..X................................X..X..X........X..X..X..X.
....OXXO..O..OXXO..OXXO..O..O..O..O..O..OXXO..OXXOXXOXXO..OXXO..O..OXXO..OXXO..O..O..O..O..O..OXXOXXO..O..O..O..OXXO..OXXO..O..OXXO..OXXO..OXXOXXO.....OXXO..OXXO..OXXO..O..OXXO..O.
.......X.....X..............X.....X.................X.....X..X..X..X..X..X...........X...........X..X..X..X..X..............X.....X.....X.....X.............................X..X....
.......X.....X..............X.....X.................X.....X..X..X..X..X..X...........X...........X..X..X..X..X..............X.....X.....X.....X.............................X..X....
.OXXOXXOXXO..O.....OXXO..OXXO..OXXO..OXXO..OXXO..OXXOXXOXXOXXO..O..O..OXXOXXO..O..OXXOXXO........O..O..OXXO..OXXO..OXXO..O..O.....OXXO..O..O..O..O..O.....OXXO..OXXO..O..OXXOXXO..O.
.X..X..............X..X...........X..............X.....X..X..............X.....X.............................X...........X.................X.....X..X.................X.....X.....X.
.X..X..............X..X...........X..............X.....X..X..............X.....X.............................X...........X.................X.....X..X.................X.....X.....X.
.OXXOXXOXXOXXOXXOXXO..O..O..OXXOXXOXXOXXOXXOXXO..O..OXXO..OXXO.....O.....O..OXXO.....O.....OXXO..O.....O..OXXOXXO..OXXOXXOXXOXXO..O..O..OXXO..O..OXXOXXOXXO..O..O..OXXO..O..O..OXXO.
.X..X..X..X..X..X..X.....X..X..X.....X..X..X..............X..X.....X...........X.....X........X..X.....X.....X........X..X..X.....X..X.....X..X..X..X..X..X..X..X..X.....X.....X..X.
.X..X..X..X..X..X..X.....X..X..X.....X..X..X..............X..X.....X...........X.....X........X..X.....X.....X........X..X..X.....X..X.....X..X..X..X..X..X..X..X..X.....X.....X..X.
.OXXOXXOXXOXXOXXOXXOXXO..OXXOXXO..OXXOXXOXXOXXO..OXXO..OXXOXXOXXO..O..OXXO..OXXO..OXXOXXO..OXXOXXO..OXXOXXO..OXXO..OXXOXXOXXOXXO..OXXOXXO..OXXOXXOXXOXXOXXOXXOXXOXXO..OXXO..OXXOXXO.
....................................................................................................................................................................................
