..................................................................................................................................................................................................................
.OXXO.....O..O..O..O..O..O..O..O..OXXO.....O..O..O.....O..O..O..O..OXXO..O..O..O..OXXO.....OXXO..O..O..OXXO..O..O.....O..O..OXXO..OXXO.....O.....O........O..O..O..O..O..O..O........O..O..O..O..O..O..OXXO.......
..........X..X..X..X..X..X..X..X...........X..X..X.....X..X..X..X........X..X..X.................X..X........X..X.....X..X.................X.....X........X..X..X..X..X..X..X........X..X..X..X..X..X.............
..........X..X..X..X..X..X..X..X...........X..X..X.....X..X..X..X........X..X..X.................X..X........X..X.....X..X.................X.....X........X..X..X..X..X..X..X........X..X..X..X..X..X.............
.OXXOXXOXXOXXOXXOXXOXXOXXOXXOXXOXXOXXO..OXXOXXOXXO..O..OXXOXXOXXOXXOXXO..OXXOXXOXXOXXO..OXXO..O..OXXOXXOXXOXXOXXOXXOXXOXXOXXOXXO..OXXO.....O..O..O..O..OXXOXXOXXOXXOXXOXXOXXOXXOXXOXXOXXOXXOXXOXXOXXO..OXXO..O..O.
....X..X.....X..X........X..X.....X...........X..X..X..X..X..X..X..X.....X..X..X..X...........X..X..X..X..X.....X..X..X..X..X.................X.....X..............X..X.....X..X..X.....X..X.....X..X........X..X.
....X..X.....X..X........X..X.....X...........X..X..X..X..X..X..X..X.....X..X..X..X...........X..X..X..X..X.....X..X..X..X..X.................X.....X..............X..X.....X..X..X.....X..X.....X..X........X..X.
.O..OXXOXXO..OXXO..O..O..OXXO..O..OXXOXXOXXOXXOXXO..O..OXXO..OXXO..O..OXXOXXOXXO..O..OXXO.....O..OXXOXXOXXOXXOXXOXXOXXOXXO..O..O.....OXXO..O..OXXOXXOXXOXXO..O..O..O..O..O..OXXO..O..O..O..OXXOXXO..OXXOXXOXXOXXO.
.X..X..X.....X..X..X..X..X..X..X..X..X..X..X..X..X.....X..X..X..X...........X..X.................X.....X..X..X.....X..X..X.....X...........X..X..X..X..X.....X..X........X..X..X.....X.....X..X..X..X..X..X..X..X.
.X..X..X.....X..X..X..X..X..X..X..X..X..X..X..X..X.....X..X..X..X...........X..X.................X.....X..X..X.....X..X..X.....X...........X..X..X..X..X.....X..X........X..X..X.....X.....X..X..X..X..X..X..X..X.
.OXXOXXO..OXXOXXOXXOXXOXXO..O..OXXOXXOXXOXXOXXO..O..O..OXXOXXO..O..O..OXXOXXO..OXXOXXOXXO..OXXOXXOXXO..OXXOXXOXXOXXOXXO..O..O..O..O..OXXOXXOXXOXXOXXOXXOXXO..OXXOXXOXXOXXOXXOXXOXXOXXO..O..OXXOXXOXXO..OXXOXXO..O.
.X..X..X.....X..X..X..X..X.....X..X..X........X.....X..X..X..X.....X.....X..X..X..X..X........X..X.....X.....X..X..X..X.....X.....X.....X..X..X.....X..X.....X..X..X..X..X........X..X..X..X..X..X..X..X..X..X....
.X..X..X.....X..X..X..X..X.....X..X..X........X.....X..X..X..X.....X.....X..X..X..X..X........X..X.....X.....X..X..X..X.....X.....X.....X..X..X.....X..X.....X..X..X..X..X........X..X..X..X..X..X..X..X..X..X....
.OXXOXXOXXOXXOXXOXXOXXOXXO..O..O..OXXO..OXXOXXOXXOXXOXXOXXOXXOXXO..O.....OXXOXXOXXOXXOXXOXXOXXO..O..O..O..O..OXXOXXOXXO..O..OXXOXXOXXOXXOXXO..O..O..O..O.....OXXOXXOXXO..O..O..O..OXXOXXOXXOXXOXXOXXOXXOXXOXXO..O.
.X..X..X..X.....X.....X..X..X.....X..X.....X.....X..X.....X..X...........X..X..X..X.....X..X..X.....X.....X..X........X..X..X..X..X..X..X..X.....X...........X..X..X..X.....X..X..X..X..X..X..X.....X..X..X..X..X.
.X..X..X..X.....X.....X..X..X.....X..X.....X.....X..X.....X..X...........X..X..X..X.....X..X..X.....X.....X..X........X..X..X..X..X..X..X..X.....X...........X..X..X..X.....X..X..X..X..X..X..X.....X..X..X..X..X.
.OXXO..O..O..O..OXXOXXOXXOXXOXXOXXOXXOXXO..OXXOXXOXXO..O..OXXOXXO..OXXO..OXXOXXOXXO.....O..O..OXXOXXOXXOXXOXXOXXOXXOXXOXXOXXOXXOXXOXXOXXOXXOXXOXXO..O..O..OXXOXXOXXOXXO..O..OXXOXXOXXO..OXXOXXOXXOXXOXXOXXOXXOXXO.
.X..X........X..X..X..X..X..X..X..X..X.....X..X..X..X..X..X..X...........X..X..X..X...........X..X..X..X..X.....X..X..X..X..X..X..X.....X..X..X..X..X..X.....X........X..X..X.....X..X..X..X..X..X..X..X........X.
.X..X........X..X..X..X..X..X..X..X..X.....X..X..X..X..X..X..X...........X..X..X..X...........X..X..X..X..X.....X..X..X..X..X..X..X.....X..X..X..X..X..X.....X........X..X..X.....X..X..X..X..X..X..X..X........X.
.OXXO.....OXXOXXOXXOXXOXXOXXOXXOXXOXXOXXOXXOXXOXXOXXOXXOXXOXXO..O..OXXO..OXXOXXO..O..O..O..O..OXXOXXOXXOXXOXXOXXOXXOXXO..O..OXXOXXOXXOXXOXXOXXOXXOXXOXXOXXOXXOXXOXXOXXOXXOXXO..OXXO..OXXOXXOXXOXXO..OXXO..O..O..O.
.X..X...........X..X..X..X.....X..X..X..X..X........X.....X..X..X........X..X..X.....X..X..X..X..X..X..X.....X..X..X..X.....X..X..X..X..X..X.....X.....X..X..X..X..X..X.....X.....X..X..X..X..X..X..X..X..X..X....
.X..X...........X..X..X..X.....X..X..X..X..X........X.....X..X..X........X..X..X.....X..X..X..X..X..X..X.....X..X..X..X.....X..X..X..X..X..X.....X.....X..X..X..X..X..X.....X.....X..X..X..X..X..X..X..X..X..X....
.OXXOXXOXXOXXOXXOXXOXXOXXOXXOXXOXXOXXOXXOXXO..OXXO..OXXOXXOXXOXXO..O..OXXOXXOXXO.....OXXOXXOXXOXXOXXOXXOXXO..O..OXXOXXOXXOXXOXXOXXOXXOXXOXXO..O..O..O..O..O..OXXOXXOXXOXXOXXOXXOXXOXXOXXOXXOXXOXXOXXOXXOXXOXXOXXO.
.X..X..X..X..X.....X........X.....X..X..X..X........X..X.....X..X..X...........X.....X.....X..X..X..X...........X........X..X..X..X..X..X..X..X.....X........X..X..X..X..X..X..X..X..X.....X..X..X..X..X..X.......
.X..X..X..X..X.....X........X.....X..X..X..X........X..X.....X..X..X...........X.....X.....X..X..X..X...........X........X..X..X..X..X..X..X..X.....X........X..X..X..X..X..X..X..X..X.....X..X..X..X..X..X.......
.O..OXXOXXOXXOXXO..O..O..O..OXXOXXOXXOXXOXXO..O..O..O..O..O..OXXOXXOXXOXXO..O..O..OXXO..O..OXXOXXOXXOXXOXXO..O..O..OXXOXXOXXOXXOXXOXXO..OXXOXXOXXO..O..O..O..O..OXXO..OXXOXXOXXOXXOXXOXXO..OXXOXXOXXOXXOXXOXXOXXO.
....X.....X..X........X..X..X..X..X.....X..X..X..X........X..X..X..X..X.....X........X..X..X..X..X..X..X.....X........X........X..X..X..X..X...........X..X.....X..X..X.....X..X...........X..X..X.....X..X..X....
....X.....X..X........X..X..X..X..X.....X..X..X..X........X..X..X..X..X.....X........X..X..X..X..X..X..X.....X........X........X..X..X..X..X...........X..X.....X..X..X.....X..X...........X..X..X.....X..X..X....
.OXXO.....O..OXXOXXOXXOXXOXXOXXOXXOXXOXXOXXOXXOXXOXXO.....OXXOXXO..OXXO..OXXOXXOXXO..OXXOXXO..OXXOXXOXXOXXOXXOXXOXXO..O..O.....OXXOXXOXXOXXO..OXXOXXOXXOXXO..O..OXXOXXOXXOXXOXXOXXOXXOXXOXXOXXOXXO..OXXOXXOXXOXXO.
....X........X..X..X..X..X.....X..X..X........X...........X..X..X..X..X.....X..X.....X..X..X..X..X..X..X..X.....X........X.....X..X.....X..X.....X..X..X..X..X..X..X..X..X..X..X..X..X..X.....X..X........X.......
....X........X..X..X..X..X.....X..X..X........X...........X..X..X..X..X.....X..X.....X..X..X..X..X..X..X..X.....X........X.....X..X.....X..X.....X..X..X..X..X..X..X..X..X..X..X..X..X..X.....X..X........X.......
.O..OXXO..O..O..OXXOXXOXXO.....O..O..O..O..O..OXXOXXO..O..O..O..OXXOXXO..O..O..O.....OXXOXXOXXOXXOXXO..O..O..O..OXXOXXOXXOXXOXXOXXOXXOXXOXXOXXOXXOXXOXXOXXOXXOXXOXXOXXOXXOXXOXXOXXOXXOXXOXXO..OXXO..O..OXXOXXOXXO.
.X..X.....X.....X..X..X..X..............X..X..X..X.....X........X.....X..X...........X..X..X..X.....X........X..X..X..X..X..X..X..X..X..X.....X.....X..X.....X..X..X..X..X..X..X..X..X..X.....X..X..X........X....
.X..X.....X.....X..X..X..X..............X..X..X..X.....X........X.....X..X...........X..X..X..X.....X........X..X..X..X..X..X..X..X..X..X.....X.....X..X.....X..X..X..X..X..X..X..X..X..X.....X..X..X........X....
.OXXOXXOXXO..O..OXXOXXO..O..O..O..OXXO..OXXOXXOXXO..OXXOXXOXXOXXO.....OXXOXXO..OXXO..OXXOXXO..O..O..O..O..O..O..OXXOXXOXXOXXOXXOXXOXXOXXOXXOXXOXXO..O..O..OXXOXXOXXOXXOXXOXXO..OXXO..O..O..OXXOXXOXXOXXOXXOXXOXXO.
.X..X..X..X..X..X..X..X.....X..X........X..X..X..X.....X..X..X..X.....X..............X..X..X.....X.....X..X.....X..X..X..X..X..X.....X..X..X..X..............X..X..X..X..X..X..X..X..............X..X..X..X.......
.X..X..X..X..X..X..X..X.....X..X........X..X..X..X.....X..X..X..X.....X..............X..X..X.....X.....X..X.....X..X..X..X..X..X.....X..X..X..X..............X..X..X..X..X..X..X..X..............X..X..X..X.......
.O..O..O..OXXOXXOXXOXXOXXOXXOXXOXXOXXO..O..OXXOXXOXXO..O..O..O..O..O..O..OXXOXXOXXOXXOXXO..O..O..O..OXXOXXOXXOXXOXXOXXOXXO..OXXOXXOXXO..OXXOXXOXXOXXOXXOXXOXXOXXOXXOXXOXXOXXOXXOXXO..O..O..OXXOXXOXXOXXOXXO..OXXO.
..........X..X..X..X..X..X..X..X..X........X.......................X........X..X..X..X..X.....X........X..X..X.....X..X..X..X..X..X..X..X..X..X..X..X..X..X........X..X..X.....X..X..X..X.....X..X..X.....X.......
..........X..X..X..X..X..X..X..X..X........X.......................X........X..X..X..X..X.....X........X..X..X.....X..X..X..X..X..X..X..X..X..X..X..X..X..X........X..X..X.....X..X..X..X.....X..X..X.....X.......
.O..OXXOXXOXXO..OXXOXXOXXOXXO..OXXOXXOXXOXXO..O..OXXO..O..O.....O..O..OXXO..OXXOXXOXXOXXOXXO..O..O..OXXOXXOXXO..OXXOXXOXXOXXOXXOXXOXXOXXOXXO..OXXO..OXXO..O..OXXOXXOXXOXXOXXO..OXXOXXOXXOXXOXXO..O..O..O..O..O..O.
.X.....X..X..X..X..X.....X..X..X..X..X..X..X..X........X..X.....X...........X..X..X..X..X........X........X..X........X..X..X..X..X..X..X..X..X..X..X..X........X..X..X..X.....X..X..X..X..X..X........X.....X..X.
.X.....X..X..X..X..X.....X..X..X..X..X..X..X..X........X..X.....X...........X..X..X..X..X........X........X..X........X..X..X..X..X..X..X..X..X..X..X..X........X..X..X..X.....X..X..X..X..X..X........X.....X..X.
.OXXOXXOXXOXXOXXOXXO..O..OXXOXXOXXOXXO..OXXOXXOXXOXXOXXOXXOXXO..OXXOXXOXXOXXOXXOXXOXXOXXO..O..O..OXXOXXOXXO..OXXOXXOXXO..OXXOXXOXXOXXOXXOXXOXXOXXOXXO..O..O..O..OXXOXXOXXOXXOXXOXXOXXOXXOXXOXXO..O..O..OXXOXXOXXO.
.X..X.....X..X..X..X..X..X..X..X.....X..X..X..X..X..X..X........X..X..X..X..X...........X..X..X..X..X..X..X..X..X..X..X..X..X..X..X.....X..X..X..X..X.....X..X..X.....X..X..X..X..X.....X..X..X..X..X..X..X..X..X.
.X..X.....X..X..X..X..X..X..X..X.....X..X..X..X..X..X..X........X..X..X..X..X...........X..X..X..X..X..X..X..X..X..X..X..X..X..X..X.....X..X..X..X..X.....X..X..X.....X..X..X..X..X.....X..X..X..X..X..X..X..X..X.
.O..O..O..OXXOXXOXXOXXOXXOXXOXXOXXOXXOXXOXXOXXOXXOXXOXXO..OXXOXXOXXOXXOXXOXXOXXOXXO..O..OXXOXXOXXOXXOXXOXXOXXOXXOXXOXXOXXOXXOXXOXXOXXOXXOXXOXXO..O..O..O..OXXOXXOXXOXXOXXOXXOXXOXXOXXO..OXXOXXOXXOXXOXXOXXOXXOXXO.
.......X..X..X..X..X.....X........X.....X..X..X..X.....X.....X..X..X..X.....X..X.....X..X..X..X..X..X..X.....X..X..X..X..X.....X..X..X..X.....X........X..X..X..X..X..X.....X..X..X.....X..X..X..X..X..X.....X..X.
.......X..X..X..X..X.....X........X.....X..X..X..X.....X.....X..X..X..X.....X..X.....X..X..X..X..X..X..X.....X..X..X..X..X.....X..X..X..X.....X........X..X..X..X..X..X.....X..X..X.....X..X..X..X..X..X.....X..X.
.O..O..OXXO..OXXO..O..OXXOXXO..O..OXXOXXOXXOXXOXXOXXOXXOXXO..O..O..O..OXXO..OXXOXXOXXOXXO..O..OXXOXXOXXO..O..OXXOXXOXXO..O..O..O..OXXOXXOXXOXXO..O..OXXOXXOXXO..OXXOXXO..O..OXXOXXOXXO..OXXO..OXXOXXOXXOXXO..O..O.
.X..X..X..X..X..X........X.....X..X..X..X..X.....X..X..X..............X.....X..X..X..X..X.....X..X..X..X..X..X..X..X..X.....X.....X.....X..X..X..X.....X..X..X..X..X..X..X..X..X........X..X..X..X.....X..........
.X..X..X..X..X..X........X.....X..X..X..X..X.....X..X..X..............X.....X..X..X..X..X.....X..X..X..X..X..X..X..X..X.....X.....X.....X..X..X..X.....X..X..X..X..X..X..X..X..X........X..X..X..X.....X..........
.OXXOXXOXXOXXOXXOXXO..O..O..OXXOXXO..O..OXXOXXOXXOXXOXXO..O..O..O..O..O..O..OXXO..OXXOXXOXXOXXOXXO..O..OXXOXXOXXOXXOXXOXXOXXOXXO..OXXOXXOXXOXXOXXO..O..OXXOXXOXXOXXOXXOXXOXXOXXOXXOXXOXXOXXOXXOXXOXXOXXO..O..OXXO.
.X.....X........X.....X...........X.....X..X..X..X.....X..X..X..X..X.....X..X..X..X..X..X..X.....X.....X..X..X.....X..X..X..X.....X..X..X..X..X..X..X..X..X..X.....X..X..X..X.....X..X........X..X..X..X..X.......
.X.....X........X.....X...........X.....X..X..X..X.....X..X..X..X..X.....X..X..X..X..X..X..X.....X.....X..X..X.....X..X..X..X.....X..X..X..X..X..X..X..X..X..X.....X..X..X..X.....X..X........X..X..X..X..X.......
.O..O..OXXOXXOXXOXXOXXOXXOXXOXXO..OXXOXXOXXOXXOXXOXXOXXOXXOXXOXXO..O..OXXOXXOXXOXXO..O..O..OXXOXXOXXOXXOXXOXXOXXO..O..OXXOXXOXXO..OXXOXXOXXOXXOXXOXXOXXOXXO..O..OXXOXXOXXOXXO.....O..O..OXXO..OXXOXXO..OXXOXXOXXO.
....X..X..X..X..X..X..X..X..X.....X..X..X..X..X..X..X..X.....X..X........X.....X..X........X..X..X..X..X..X...........X..X........X..X..X...........X..X..X........X.....X..X.................X.....X..X..X..X....
....X..X..X..X..X..X..X..X..X.....X..X..X..X..X..X..X..X.....X..X........X.....X..X........X..X..X..X..X..X...........X..X........X..X..X...........X..X..X........X.....X..X.................X.....X..X..X..X....
.O..OXXOXXOXXOXXOXXOXXOXXOXXOXXO..OXXOXXOXXOXXO..OXXOXXO..O..OXXO..O..O..OXXOXXOXXOXXOXXO..O..O..OXXOXXOXXOXXOXXO..O..OXXOXXOXXOXXO..OXXO..OXXO..OXXOXXOXXO..O..OXXOXXO..OXXOXXO..OXXOXXOXXO..OXXOXXOXXOXXO..O..O.
.X..X..X.....X..X.....X...........X...........X..X..X..X..X..X..X..X..X..X..X..X.....X...........X...........X.....X..X.....X..X..X..X..X...........X..X..X..X...........X...........X..X.....X..X..X.....X.....X.
.X..X..X.....X..X.....X...........X...........X..X..X..X..X..X..X..X..X..X..X..X.....X...........X...........X.....X..X.....X..X..X..X..X...........X..X..X..X...........X...........X..X.....X..X..X.....X.....X.
.OXXO..O..O..OXXOXXOXXOXXOXXOXXO..OXXOXXO..O..OXXOXXOXXOXXOXXOXXOXXOXXOXXO..OXXOXXOXXOXXOXXOXXOXXO..O..OXXO..OXXOXXOXXOXXOXXOXXOXXOXXO..OXXOXXOXXOXXOXXOXXOXXO.....OXXOXXOXXOXXO..OXXOXXOXXO..OXXOXXO..OXXO..OXXO.
.X..X.....X..X.....X..X..X..X.....X..X.....X..X..X..X..X..X..X..X..X..X..X..X..X..X..X..X..X..X..X..X........X..X..X.....X..X..X..X..X..X..X..X..X..X..X..X..X........X..X..X........X........X.....X.....X.....X.
.X..X.....X..X.....X..X..X..X.....X..X.....X..X..X..X..X..X..X..X..X..X..X..X..X..X..X..X..X..X..X..X........X..X..X.....X..X..X..X..X..X..X..X..X..X..X..X..X........X..X..X........X........X.....X.....X.....X.
.OXXOXXOXXOXXO..O..OXXOXXO..OXXOXXOXXO..O..OXXOXXOXXOXXOXXOXXOXXOXXOXXOXXOXXOXXOXXOXXOXXOXXO..OXXOXXOXXOXXO..OXXOXXOXXOXXOXXOXXO..O..O..OXXO..O..O..OXXOXXOXXO..O..OXXOXXOXXOXXOXXO..O..O..OXXOXXOXXOXXOXXOXXO..O.
.X.....X.....X..X..X..X..X..X..X..X..X..X..X..X..X..X..X..X..X..X..X..X.....X..X.....X..X..X..X.....X..X.....X..X..X..X..X.....X........X..X........X..X..X..X..X........X.....X........X........X.....X..X.......
.X.....X.....X..X..X..X..X..X..X..X..X..X..X..X..X..X..X..X..X..X..X..X.....X..X.....X..X..X..X.....X..X.....X..X..X..X..X.....X........X..X........X..X..X..X..X........X.....X........X........X.....X..X.......
.O..O..O..O..OXXOXXOXXO..OXXOXXO..O..OXXOXXOXXOXXOXXOXXOXXOXXOXXOXXOXXO..OXXOXXOXXOXXOXXOXXOXXOXXOXXO..O..O..OXXOXXOXXO..O..OXXOXXOXXOXXOXXOXXOXXOXXOXXOXXO..OXXOXXOXXO..O..OXXOXXOXXO..O..OXXOXXO..OXXO..O..O..O.
....X.....X..X..X..X..X..X..X..X.....X..X..X........X..X..X..X..X..X..X.....X..X..X..X........X..X..X.....X..X..X..X..X...........X..X..X..X..X..X..X.....X..X..X..X..............X...........X..X.....X.....X..X.
....X.....X..X..X..X..X..X..X..X.....X..X..X........X..X..X..X..X..X..X.....X..X..X..X........X..X..X.....X..X..X..X..X...........X..X..X..X..X..X..X.....X..X..X..X..............X...........X..X.....X.....X..X.
.OXXOXXOXXOXXOXXOXXO..OXXOXXOXXOXXOXXOXXO..O..OXXO..OXXOXXOXXO..O..O..OXXOXXOXXO..O..O..OXXO..O..OXXOXXOXXOXXOXXOXXOXXOXXO..OXXO..O..OXXO..O..OXXOXXO..O..OXXO..O..O..O..OXXOXXOXXOXXOXXOXXOXXOXXO..OXXOXXO..OXXO.
.......X........X..X..X..X..X..X..X.....X...........X..X..X..X........X..X..X..X.................X..X..X..X..X..X....................X..X.....X..X..X..X..X..X........X.....X..X..X..X..X..X..X..X.....X.....X..X.
.......X........X..X..X..X..X..X..X.....X...........X..X..X..X........X..X..X..X.................X..X..X..X..X..X....................X..X.....X..X..X..X..X..X........X.....X..X..X..X..X..X..X..X.....X.....X..X.
.OXXO..O..O..O..OXXOXXO..OXXOXXO..O..O..O..O..OXXOXXOXXOXXOXXOXXO..O..OXXOXXOXXO..O..O..OXXOXXOXXOXXOXXOXXOXXOXXO..O..OXXO..O.....O..OXXOXXOXXOXXOXXOXXOXXO..O..O..O..O..OXXO..OXXOXXOXXOXXOXXOXXOXXOXXOXXOXXOXXO.
..........X..X..X..X..X..X..X..X.....X.....X.....X..X..X.....X.....X..X..X..X..X..X..X.....X..X..X.....X..X..X..X..X........X.....X..X..X..X........X..X..X.....X..X........X..X..X..X..X..X.....X..X..X..X..X..X.
..........X..X..X..X..X..X..X..X.....X.....X.....X..X..X.....X.....X..X..X..X..X..X..X.....X..X..X.....X..X..X..X..X........X.....X..X..X..X........X..X..X.....X..X........X..X..X..X..X..X.....X..X..X..X..X..X.
.O........OXXOXXOXXO..OXXOXXOXXOXXOXXO..O..OXXOXXOXXOXXOXXOXXOXXOXXOXXOXXOXXOXXOXXOXXOXXOXXOXXOXXOXXOXXOXXOXXOXXOXXO..O..OXXOXXOXXOXXOXXOXXOXXO..OXXOXXOXXOXXO..OXXOXXOXXO..OXXOXXOXXO..O..OXXOXXOXXOXXOXXOXXOXXO.
.X........X..X..X..X..X..X..X..X..X..X..X..X..X..X..X..X..X.....X..X.....X..X..X..X..X..X..X..X..X..X..X..X........X..X........X..X.....X.......................X..X..X.....X..X..X..X.....X..X.....X..X.....X..X.
.X........X..X..X..X..X..X..X..X..X..X..X..X..X..X..X..X..X.....X..X.....X..X..X..X..X..X..X..X..X..X..X..X........X..X........X..X.....X.......................X..X..X.....X..X..X..X.....X..X.....X..X.....X..X.
.O.....O..OXXOXXOXXOXXOXXOXXOXXOXXO..OXXOXXOXXOXXOXXOXXOXXOXXOXXOXXOXXOXXO..OXXOXXOXXOXXOXXOXXOXXOXXOXXOXXOXXOXXOXXOXXOXXOXXO..OXXOXXOXXO..OXXOXXOXXO..O..OXXOXXOXXOXXOXXO..O..O..OXXO..OXXOXXOXXOXXO..OXXOXXOXXO.
.......X..X..X..X..X..X..X..X..X..X..X.....X..X..X..X..X..X..X..X..X..X..X..X..X..X.....X..X..X..X..X..X..X..X..X..X..X..X.....X..X..X..X.....X..X.....X.....X....................X..X.....X..X..X..X..X..X..X..X.
.......X..X..X..X..X..X..X..X..X..X..X.....X..X..X..X..X..X..X..X..X..X..X..X..X..X.....X..X..X..X..X..X..X..X..X..X..X..X.....X..X..X..X.....X..X.....X.....X....................X..X.....X..X..X..X..X..X..X..X.
....O..OXXOXXOXXOXXOXXOXXOXXOXXOXXOXXO..O..OXXOXXOXXOXXOXXOXXOXXO..OXXOXXOXXOXXOXXOXXOXXOXXOXXOXXO..O..O..OXXOXXOXXOXXOXXO..OXXO..O..O..O..OXXOXXOXXOXXO..O..O..OXXO..OXXO..O..O..OXXOXXO..OXXOXXOXXOXXOXXOXXOXXO.
....X..X..X..X..X........X.....X..X..X..X..X..X..X........X.....X..X..X..X..X..X.....X..X..X..X..X........X..X..X..X..X..X.....X.................X..X..X..X.................X..X..X........X.....X..X.....X..X..X.
....X..X..X..X..X........X.....X..X..X..X..X..X..X........X.....X..X..X..X..X..X.....X..X..X..X..X........X..X..X..X..X..X.....X.................X..X..X..X.................X..X..X........X.....X..X.....X..X..X.
.O..OXXOXXOXXOXXO..O..O..OXXOXXOXXOXXOXXOXXOXXOXXO..O..O..O..O..OXXOXXOXXOXXOXXOXXO..OXXOXXOXXOXXOXXO..OXXOXXOXXOXXOXXOXXO..O..O..OXXO..O..OXXOXXOXXOXXOXXO.....O..O..O..O..OXXOXXO..OXXO..OXXOXXO..O..O..OXXOXXO.
.X..X..X..X..X..X..X..X..X..X..X..X..X..X..X..X..X..X..X.....X..X.....X..X..X..X.....X..X..X.................X..X..X..X..X..X...........X.....X..X..X..X..X.....X..X..X..X..X..X..X........X..X..X.....X..X..X..X.
.X..X..X..X..X..X..X..X..X..X..X..X..X..X..X..X..X..X..X.....X..X.....X..X..X..X.....X..X..X.................X..X..X..X..X..X...........X.....X..X..X..X..X.....X..X..X..X..X..X..X........X..X..X.....X..X..X..X.
.OXXOXXOXXOXXOXXOXXOXXOXXO..O..O..OXXO..O..O..OXXOXXOXXO..OXXOXXOXXOXXOXXOXXOXXOXXO..O..O..OXXOXXOXXOXXOXXO..O..O..OXXOXXOXXOXXO..O..OXXOXXOXXOXXOXXOXXOXXOXXOXXOXXOXXOXXOXXOXXOXXOXXOXXOXXOXXOXXOXXOXXOXXOXXOXXO.
.X..X..X..X..X..X..X..X..X........X..X........X.....X..X........X..X..X..X..X..X...........X..X..X..X..X...........X..X..X..X.....X........X.....X..X..X..X..X..X.....X..X..X..X..X..X..X..X........X..X..X..X..X.
.X..X..X..X..X..X..X..X..X........X..X........X.....X..X........X..X..X..X..X..X...........X..X..X..X..X...........X..X..X..X.....X........X.....X..X..X..X..X..X.....X..X..X..X..X..X..X..X........X..X..X..X..X.
.O..OXXOXXOXXOXXOXXOXXOXXO..O..O..OXXOXXOXXOXXOXXOXXOXXOXXOXXOXXOXXO..OXXOXXOXXOXXO..O..O..OXXO..O..O..O..O..O..OXXOXXOXXOXXOXXOXXOXXOXXO..O..O..O..OXXOXXOXXOXXO..O..OXXOXXOXXOXXOXXOXXO..O..O..O..O..OXXOXXO..O.
....X..X.....X........X..X..X..X..X..X..X..X.....X..X..X..X..X..X..X..X..X..X........X..X..X..X...........X..X...........X..X..X.....X........X.....X..X..X..X..X..X..X..X..X..X..X..X..X.....X..X.....X..X..X....
....X..X.....X........X..X..X..X..X..X..X..X.....X..X..X..X..X..X..X..X..X..X........X..X..X..X...........X..X...........X..X..X.....X........X.....X..X..X..X..X..X..X..X..X..X..X..X..X.....X..X.....X..X..X....
.OXXOXXOXXOXXO..O..O..OXXOXXOXXOXXOXXOXXOXXOXXOXXO..O..OXXOXXOXXOXXOXXOXXOXXOXXOXXO..OXXOXXO..OXXOXXO..O..OXXOXXOXXO..OXXOXXOXXOXXOXXOXXOXXOXXOXXOXXOXXOXXOXXOXXOXXOXXOXXOXXOXXOXXOXXO..O..O..O..O..O..OXXO..O..O.
.......X..X..X..X..X..X..X..X..X.....X..X..X..X..X.....X..X..X..X..X..X..X..X..X.....X..X..X..X..X.....X..X..X..X...........X.....X.....X..X..X..X..X.....X..X..X..X..X..X..X..X..X..X.....X........X..X..X.....X.
.......X..X..X..X..X..X..X..X..X.....X..X..X..X..X.....X..X..X..X..X..X..X..X..X.....X..X..X..X..X.....X..X..X..X...........X.....X.....X..X..X..X..X.....X..X..X..X..X..X..X..X..X..X.....X........X..X..X.....X.
.OXXOXXOXXOXXOXXOXXOXXOXXOXXOXXO..O..O..O..O..OXXOXXO..OXXOXXOXXO..OXXO..O..O..O..OXXOXXOXXOXXOXXOXXOXXOXXOXXO..OXXOXXOXXO..OXXOXXO..O..OXXO..O..O..O..O..O..OXXOXXOXXOXXOXXOXXO..O..OXXOXXO.....OXXOXXOXXOXXOXXO.
....X..X..X..X..X..X..X..X..X..X..X...........X..X.....X..X..X..X..X..X..............X..X..X.....X..X.....X..X..X..X..X.....X..X..X..X..X..X...........X.....X..X..X..X.....X..X.....X..X..X........X..X..X..X..X.
....X..X..X..X..X..X..X..X..X..X..X...........X..X.....X..X..X..X..X..X..............X..X..X.....X..X.....X..X..X..X..X.....X..X..X..X..X..X...........X.....X..X..X..X.....X..X.....X..X..X........X..X..X..X..X.
.OXXOXXOXXOXXO..O..OXXOXXOXXOXXOXXOXXO..OXXOXXOXXO..OXXOXXOXXOXXOXXOXXOXXO..O..O..O..OXXOXXOXXO..OXXOXXO..OXXOXXO..O..O..O..O..OXXOXXOXXOXXO.....O..O..O..O..OXXOXXOXXOXXO..OXXOXXO..OXXOXXO..O..O..O..OXXOXXOXXO.
.......X.....X.....X..X..X..X..X..X........X..X..X.....X..X........X........X..X..X..X..X........X..X.....X..X..X........X.....X..X.....X..X.....X..X.....X..X.....X........X........X..X..X..X..X.....X..X..X..X.
.......X.....X.....X..X..X..X..X..X........X..X..X.....X..X........X........X..X..X..X..X........X..X.....X..X..X........X.....X..X.....X..X.....X..X.....X..X.....X........X........X..X..X..X..X.....X..X..X..X.
.OXXOXXOXXO..O..O..OXXOXXOXXOXXOXXO..O..O..O..OXXO..O..O..O..O.....O..OXXOXXOXXOXXOXXOXXOXXOXXOXXOXXOXXO..O..OXXOXXOXXO..OXXOXXO..O..O..OXXO..O..OXXOXXOXXOXXO..O..O..OXXO..OXXOXXOXXO..O..OXXOXXOXXOXXOXXOXXOXXO.
....X..X........X..X..X..X.....X..X..X..X.....X..X..X........X...........X..X..X..X..X..X..X..X..X...........X..X..X.....X..X..X.....X..X..X..X..X..X..X.....X..X...........X..X..X..X.....X..X..X..X........X..X.
....X..X........X..X..X..X.....X..X..X..X.....X..X..X........X...........X..X..X..X..X..X..X..X..X...........X..X..X.....X..X..X.....X..X..X..X..X..X..X.....X..X...........X..X..X..X.....X..X..X..X........X..X.
.O..O..OXXOXXOXXOXXOXXOXXO..O..OXXOXXOXXO..O..O..OXXOXXOXXOXXOXXO..O..O..OXXOXXOXXOXXO..O..OXXOXXO..OXXOXXOXXOXXO..O..O..O..OXXOXXOXXOXXO..OXXOXXOXXOXXO..O..OXXOXXO..OXXOXXOXXOXXOXXOXXO..OXXOXXOXXOXXOXXOXXOXXO.
.X.....X..X..X.....X..X..X..X..X..X.....X..X.....X..X..X..X........X..X..X..X..X..X..X.....X..X..X.....X..X.....X.....X.....X..X..X..X..X..X..X..X..X..X..X..X...........X..X..X..X..X.....X..X..X..X..X..X..X..X.
.X.....X..X..X.....X..X..X..X..X..X.....X..X.....X..X..X..X........X..X..X..X..X..X..X.....X..X..X.....X..X.....X.....X.....X..X..X..X..X..X..X..X..X..X..X..X...........X..X..X..X..X.....X..X..X..X..X..X..X..X.
.OXXOXXOXXOXXOXXO..O..OXXOXXOXXOXXOXXOXXOXXOXXOXXOXXOXXO..O..OXXO..OXXOXXOXXOXXOXXOXXOXXO..OXXO..O..O..OXXO..O..O..O..OXXOXXO..OXXOXXOXXOXXOXXOXXOXXOXXOXXO..O..OXXO..O..OXXOXXOXXO..O..O..O..OXXOXXOXXOXXOXXOXXO.
.X..X.....X..X........X..X..X..X..X..X..X.....X..X..X..X...........X.....X..X..X..X..X.....X..X.....X..X..X..X.....X..X..X..X..X..X..X..X..X.....X..X..X..X...........X..X........X.....X.....X..X..X..X..X..X..X.
.X..X.....X..X........X..X..X..X..X..X..X.....X..X..X..X...........X.....X..X..X..X..X.....X..X.....X..X..X..X.....X..X..X..X..X..X..X..X..X.....X..X..X..X...........X..X........X.....X.....X..X..X..X..X..X..X.
.OXXOXXOXXO..O.....OXXOXXOXXOXXOXXO..OXXOXXOXXOXXOXXOXXOXXO..O..O..OXXOXXOXXOXXOXXOXXOXXOXXOXXOXXOXXOXXO..OXXO..O..OXXOXXOXXOXXOXXO..OXXOXXOXXOXXOXXOXXOXXOXXO..O.....OXXOXXOXXOXXOXXO..OXXOXXO..O..OXXO..OXXOXXO.
.X.....X..X..............X..X.....X..X..X..X..X.....X........X..X..X..X..X..X..X..X..X..X..X.....X..X..X..X..X..X..X..X..X.....X..X..X..X..X..X..X..X...........X.....X..X..X..X........X..X..X.....X..X..X.....X.
.X.....X..X..............X..X.....X..X..X..X..X.....X........X..X..X..X..X..X..X..X..X..X..X.....X..X..X..X..X..X..X..X..X.....X..X..X..X..X..X..X..X...........X.....X..X..X..X........X..X..X.....X..X..X.....X.
.O..O..OXXOXXOXXOXXOXXOXXOXXO..O..OXXOXXOXXOXXO.....O..OXXOXXOXXOXXO..O..O..O..O..OXXOXXOXXOXXOXXOXXOXXOXXO..OXXOXXOXXOXXO..OXXOXXOXXOXXOXXOXXOXXOXXO..O..OXXOXXO..O..O..OXXOXXOXXOXXO..OXXOXXOXXO..O..OXXOXXOXXO.
....X..X..X..X..X..X..X..X..X..X..X.....X..X..X...........X..X..X..X..............X..X..X..X..X...........X..X..X..X..X..X........X..X..X..X..X..X..X..X.....X..X..X.....X..X..X..X.....X..X..X........X..X..X..X.
....X..X..X..X..X..X..X..X..X..X..X.....X..X..X...........X..X..X..X..............X..X..X..X..X...........X..X..X..X..X..X........X..X..X..X..X..X..X..X.....X..X..X.....X..X..X..X.....X..X..X........X..X..X..X.
.O..OXXOXXOXXOXXO..OXXOXXOXXOXXOXXOXXO..OXXOXXOXXO..O..O..O..OXXO..O..OXXO..O..O..OXXOXXOXXO..O..O..OXXO..OXXOXXOXXOXXOXXO..O..OXXO..O..OXXOXXO..O..OXXOXXOXXOXXOXXO..O..OXXO..O..OXXOXXO..OXXOXXO..OXXO..OXXOXXO.
.X..X..X..X..X..X..X..X..X..X..X........X..X........X..X.....X..X...........X..X..X..X.....X.....X........X..X..X..X.....X..X.....X.....X..X..X.....X..X..X..X..X..X..X..X..X.....X..X..X..X..X........X..X..X..X.
.X..X..X..X..X..X..X..X..X..X..X........X..X........X..X.....X..X...........X..X..X..X.....X.....X........X..X..X..X.....X..X.....X.....X..X..X.....X..X..X..X..X..X..X..X..X.....X..X..X..X..X........X..X..X..X.
.OXXO..OXXOXXOXXOXXOXXOXXO..OXXOXXOXXO..O..OXXOXXO..OXXO..OXXOXXOXXOXXOXXOXXOXXOXXOXXOXXOXXOXXOXXO..O..OXXOXXOXXOXXOXXOXXOXXOXXO..O..OXXOXXO..OXXOXXO..OXXOXXOXXOXXOXXOXXOXXO..O..O..OXXOXXOXXO..O..O..OXXOXXOXXO.
.X..X..X.....X..X..X.....X..X..X..X........X..X.....X..X...........X..X..X..X.....X..X..X..X..X..X..X.....X..X..X..X..X..X..X...........X..X..X..X..X..X..X.....X..X..X..X..X..X.....X.....X..X..X..X..X.....X..X.
.X..X..X.....X..X..X.....X..X..X..X........X..X.....X..X...........X..X..X..X.....X..X..X..X..X..X..X.....X..X..X..X..X..X..X...........X..X..X..X..X..X..X.....X..X..X..X..X..X.....X.....X..X..X..X..X.....X..X.
.OXXOXXO..O..O..O..OXXOXXOXXOXXOXXOXXO..OXXOXXOXXO..O..OXXO..O..O..OXXOXXOXXOXXOXXO..OXXOXXOXXOXXOXXOXXOXXOXXOXXOXXOXXOXXOXXO..OXXO..O..OXXOXXO..OXXOXXOXXO..OXXOXXOXXOXXO..OXXO..OXXOXXOXXOXXOXXOXXOXXOXXOXXOXXO.
.X..X..X..X........X..X..X.....X.......................X.....X..X..X.....X..X..X..X..X..X..X.....X..X..X..X..X..X..X..X.....X........X..X..X..X..X..X.....X.....X........X..X..X........X..X..X..X..X..X..X..X..X.
.X..X..X..X........X..X..X.....X.......................X.....X..X..X.....X..X..X..X..X..X..X.....X..X..X..X..X..X..X..X.....X........X..X..X..X..X..X.....X.....X........X..X..X........X..X..X..X..X..X..X..X..X.
.OXXOXXOXXOXXOXXOXXO..OXXOXXOXXO..OXXO..OXXO..OXXOXXOXXOXXOXXOXXOXXOXXOXXOXXOXXOXXOXXOXXOXXOXXO..O..OXXOXXOXXOXXOXXOXXO..O..OXXOXXOXXOXXOXXO..OXXOXXOXXOXXO..OXXOXXOXXOXXOXXOXXOXXOXXOXXOXXO..OXXOXXO..OXXOXXOXXO.
.X..X.....X..X..X..X..X..X..X..X.................X..X..X..X..X..X..X..X..X.....X..X..X..X..X........X..X..X..X.....X..X..X..X..X..X..X.....X..X..X..X..X..X.....X..X..X..X.....X..X..X..X..X..X..X..X..X.....X..X.
.X..X.....X..X..X..X..X..X..X..X.................X..X..X..X..X..X..X..X..X.....X..X..X..X..X........X..X..X..X.....X..X..X..X..X..X..X.....X..X..X..X..X..X.....X..X..X..X.....X..X..X..X..X..X..X..X..X.....X..X.
.O..OXXOXXO..OXXOXXOXXOXXOXXOXXOXXOXXOXXOXXOXXOXXOXXOXXOXXOXXOXXOXXO..OXXOXXOXXOXXOXXOXXOXXOXXOXXO..OXXOXXOXXO..O..O..O..O..O..OXXOXXOXXO..OXXOXXOXXOXXOXXO..O..OXXOXXO..O..O..OXXOXXOXXOXXOXXOXXOXXOXXOXXOXXOXXO.
....X..X..X..X..X........X........X..X..X..X..X.....X..X..X.....X..X..X..X..X..X..X.....X..X..X.....X..X..X..X..X..............X..X..X.....X..X..X..X..X..X..X..X..X..X.....X..X..X..X.....X..X..X..X..X..X..X..X.
....X..X..X..X..X........X........X..X..X..X..X.....X..X..X.....X..X..X..X..X..X..X.....X..X..X.....X..X..X..X..X..............X..X..X.....X..X..X..X..X..X..X..X..X..X.....X..X..X..X.....X..X..X..X..X..X..X..X.
.O..OXXO..OXXOXXO..O..O..OXXOXXOXXOXXOXXOXXOXXOXXOXXO..O..O..OXXOXXOXXOXXOXXOXXOXXOXXOXXOXXOXXO..OXXO..O..O..OXXOXXOXXO..O..O..O..OXXO..O..O..O..OXXOXXOXXOXXOXXOXXOXXOXXO..OXXOXXOXXOXXOXXOXXOXXO..OXXOXXOXXOXXO.
.X..X..X..X..X..X..X..X..X..X..X..X..X..X.....X..X..X.................X..X.....X..X..X..X..X..X.....X........X..X..X.....X..X.....X..X..X........X..X.....X...........X.....X..X..X..X..X..X.....X..X..X..X..X..X.
.X..X..X..X..X..X..X..X..X..X..X..X..X..X.....X..X..X.................X..X.....X..X..X..X..X..X.....X........X..X..X.....X..X.....X..X..X........X..X.....X...........X.....X..X..X..X..X..X.....X..X..X..X..X..X.
.OXXOXXOXXOXXOXXOXXOXXOXXOXXOXXOXXOXXOXXO.....O..O..O..OXXO..O..OXXOXXOXXOXXOXXOXXOXXOXXOXXOXXO..O..O..OXXO..OXXOXXOXXOXXOXXO..O..OXXOXXOXXO..OXXOXXOXXOXXO..OXXO..O..OXXOXXOXXOXXOXXOXXOXXOXXOXXOXXO..OXXOXXOXXO.
.X..X..X..X..X..X.....X..X..X..X.....X..X....................X.....X..X.....X..X..X..X..X..X..X..X...........X.....X..X..X..X..X..X..X..............X..X..X........X..X..X..X.....X..X..X.....X..X..X..X..X.....X.
.X..X..X..X..X..X.....X..X..X..X.....X..X....................X.....X..X.....X..X..X..X..X..X..X..X...........X.....X..X..X..X..X..X..X..............X..X..X........X..X..X..X.....X..X..X.....X..X..X..X..X.....X.
.O..O..O..OXXOXXOXXOXXOXXOXXOXXOXXOXXOXXO..O........O..OXXOXXOXXO..O..OXXOXXOXXOXXOXXOXXOXXOXXOXXOXXOXXOXXO..O..O..OXXOXXOXXOXXOXXOXXO..O..OXXO..OXXOXXO..O..O..O..OXXOXXOXXOXXOXXOXXOXXOXXOXXOXXOXXOXXOXXO..O..O.
..........X.....X..X..X..X..X..X..X.....X..X........X.....X...........X..X..X.....X..X..X........X..X..X........X..X..X.....X........X..X..............X.....X..X..X..X........X..X..X..X..X..X..X..X..X..X..X....
..........X.....X..X..X..X..X..X..X.....X..X........X.....X...........X..X..X.....X..X..X........X..X..X........X..X..X.....X........X..X..............X.....X..X..X..X........X..X..X..X..X..X..X..X..X..X..X....
.O..O..O..O..O..O..OXXOXXOXXOXXO..O..OXXOXXO..O..OXXOXXO..OXXOXXOXXOXXOXXOXXOXXO..OXXOXXO.....OXXO..O..O..OXXOXXOXXOXXOXXOXXO..OXXOXXOXXOXXOXXOXXOXXOXXOXXOXXOXXOXXOXXO..O..O..O..O..OXXOXXOXXOXXO..OXXOXXOXXO..O.
.X..X..X.....X.....X..X..X..X..X...........X..X...........X..X..X..X..X..X..X.....X..X..X........X...........X..X..X..X..X..X.....X..X..X..X..X..X..X..X..X..X..X..X..X..X..X........X..X..X..X..X..X..X.....X..X.
.X..X..X.....X.....X..X..X..X..X...........X..X...........X..X..X..X..X..X..X.....X..X..X........X...........X..X..X..X..X..X.....X..X..X..X..X..X..X..X..X..X..X..X..X..X..X........X..X..X..X..X..X..X.....X..X.
.OXXO..O..OXXOXXOXXOXXOXXOXXOXXOXXOXXOXXOXXOXXOXXOXXO.....O..O..OXXOXXOXXOXXOXXO..OXXOXXO..O..O..OXXOXXOXXOXXOXXOXXOXXOXXO..O..O..OXXOXXOXXOXXOXXOXXOXXOXXOXXOXXOXXOXXOXXOXXO..OXXOXXOXXOXXOXXOXXOXXOXXO..OXXOXXO.
.X..X........X..X..X..X..X..X..X..X..X..X.....X..X..............X..X.....X........X..X..X..X..X..X..X..X..X..X.....X..X..X.....X..X..X..X..X..X..X..X..X.....X..X.....X..X..X.....X..X..X..X..X.....X..X.....X..X.
.X..X........X..X..X..X..X..X..X..X..X..X.....X..X..............X..X.....X........X..X..X..X..X..X..X..X..X..X.....X..X..X.....X..X..X..X..X..X..X..X..X.....X..X.....X..X..X.....X..X..X..X..X.....X..X.....X..X.
.O..OXXO..O..O..OXXOXXO..OXXOXXOXXOXXO..O..O..O..O..O..O..O..O..OXXO.....O..OXXO..OXXOXXO..O..OXXOXXOXXOXXOXXOXXOXXOXXOXXOXXOXXOXXOXXOXXOXXOXXOXXOXXOXXOXXOXXOXXOXXOXXO..O..OXXOXXOXXO..OXXO..OXXOXXOXXOXXOXXOXXO.
....X.....X.....X..X..X..X..X..X.....X.....X........X..X..X..X..X..X..............X..X..X.....X..X..X........X..X..X.....X..X.....X..X.....X..X..X..X.....X..X.....X..X.....X..X.....X..X..X..X..X..X..X..X..X..X.
....X.....X.....X..X..X..X..X..X.....X.....X........X..X..X..X..X..X..............X..X..X.....X..X..X........X..X..X.....X..X.....X..X.....X..X..X..X.....X..X.....X..X.....X..X.....X..X..X..X..X..X..X..X..X..X.
.OXXOXXOXXOXXOXXO..O..OXXOXXOXXOXXOXXOXXOXXOXXOXXOXXOXXOXXOXXOXXOXXO..O..OXXO..OXXOXXOXXOXXOXXO..OXXOXXOXXO..O..O..O..O..O..O.....O..O..O..OXXOXXOXXOXXOXXO..O..O..O..O..O..O..O..OXXOXXOXXOXXOXXOXXOXXOXXO..OXXO.
.......X..X..X..X.....X..X..X..X..X..X..X..X..X..X..X.....X..X..X..X..X..............X..X..X..X..X..X..X..............X.................X..X.....X..X..X..X.....X........X...........X........X..X........X..X..X.
.......X..X..X..X.....X..X..X..X..X..X..X..X..X..X..X.....X..X..X..X..X..............X..X..X..X..X..X..X..............X.................X..X.....X..X..X..X.....X........X...........X........X..X........X..X..X.
.OXXOXXOXXOXXOXXO..O..OXXOXXOXXOXXOXXOXXO..OXXO..OXXOXXOXXO..O..O..OXXOXXOXXO..OXXO..OXXOXXOXXOXXO..OXXO..O..O..O..O..O..O..O..OXXO.....OXXOXXOXXOXXO..O..O..O..O..OXXO..OXXO..O.....OXXOXXOXXOXXO..O..OXXOXXOXXO.
....X..X..X..X..X..X..X..X..X..X..X..X..X..X..X..X..X..X..X........X..X..X...........X..X..X..X..X..X..X..X..X..X..X.....X..X...........X.....X..X..X........X...........X.....X.....X..X..X..X..X..X...........X.
....X..X..X..X..X..X..X..X..X..X..X..X..X..X..X..X..X..X..X........X..X..X...........X..X..X..X..X..X..X..X..X..X..X.....X..X...........X.....X..X..X........X...........X.....X.....X..X..X..X..X..X...........X.
.OXXOXXOXXOXXOXXOXXOXXOXXOXXOXXOXXO..OXXOXXOXXOXXO..O..O..O.....O..O..O..O..O..OXXOXXOXXOXXOXXOXXOXXOXXOXXOXXOXXOXXO.....O..O..O..O.....O..O..OXXOXXOXXO..O..O.....OXXOXXOXXOXXOXXOXXOXXO..O..O..OXXOXXOXXO..O..O.
.......X.....X..X..X.....X..X..X..X..X.....X..X..X..............X...........X.....X..X..X..X..X..X..X..X..X..X..X..X...........X..X........X..X..X........X...........X..X..X..X..X..X..X........X..X..X.....X....
.......X.....X..X..X.....X..X..X..X..X.....X..X..X..............X...........X.....X..X..X..X..X..X..X..X..X..X..X..X...........X..X........X..X..X........X...........X..X..X..X..X..X..X........X..X..X.....X....
.OXXOXXOXXOXXOXXOXXOXXOXXOXXOXXOXXOXXOXXOXXO..OXXO..O..O.....OXXOXXOXXOXXO..OXXOXXOXXOXXOXXOXXOXXOXXOXXO..OXXOXXO..OXXOXXOXXOXXOXXO..O..O..OXXOXXO..OXXOXXOXXO..OXXO..OXXO..OXXO..OXXOXXOXXOXXOXXOXXOXXO.....O..O.
....X..X..X..X..X.....X..X..X..X..X.....X..X..X..X..X..X........X..X..X.....X..X..X..X.....X..X..X..X..X..X..X..X..X..X..X..X..X..X..X..X..X..X..X.....X..X...........X..X..X..X..X..X..X..X..X..X.....X........X.
....X..X..X..X..X.....X..X..X..X..X.....X..X..X..X..X..X........X..X..X.....X..X..X..X.....X..X..X..X..X..X..X..X..X..X..X..X..X..X..X..X..X..X..X.....X..X...........X..X..X..X..X..X..X..X..X..X.....X........X.
.OXXOXXOXXOXXOXXOXXOXXOXXOXXOXXOXXOXXOXXOXXOXXOXXOXXOXXO..O..O..O..O..O..OXXOXXOXXOXXOXXOXXOXXOXXOXXO..OXXOXXOXXOXXOXXO..OXXOXXOXXOXXOXXOXXOXXOXXOXXOXXOXXOXXO..OXXO..OXXOXXOXXOXXOXXOXXOXXO..OXXOXXO..O.....OXXO.
..........X.....X..X..X.....X.....X..X..X..X.....X..X..X..X..X..............X..X..X..X..X..X..X..X..X..X..X.....X..X..X..X..X..X..X..X..X.....X..X..X..X..............X..X..X..X..X.....X..X..X.................X.
..........X.....X..X..X.....X.....X..X..X..X.....X..X..X..X..X..............X..X..X..X..X..X..X..X..X..X..X.....X..X..X..X..X..X..X..X..X.....X..X..X..X..............X..X..X..X..X.....X..X..X.................X.
.OXXO..OXXOXXO..OXXO..O..O..O..OXXOXXOXXO..O..O..OXXOXXOXXOXXOXXOXXO..O..O..O..O..OXXOXXOXXOXXOXXOXXOXXO..O.....OXXOXXOXXOXXOXXOXXOXXO..OXXOXXOXXO..O..O..OXXO..O..O..OXXO..OXXOXXOXXOXXOXXOXXO..OXXO..O..O..O..O.
..........X.....X..X.....X...........X..X.....X..X..X........X..X.....X..X........X..X..X..X..X.....X..X........X..X..X..X..X..X..X..X..X..X..X..X..............X..X..X..X..X........X..X..X..X........X..X..X....
..........X.....X..X.....X...........X..X.....X..X..X........X..X.....X..X........X..X..X..X..X.....X..X........X..X..X..X..X..X..X..X..X..X..X..X..............X..X..X..X..X........X..X..X..X........X..X..X....
.OXXOXXOXXOXXOXXOXXOXXOXXO..O..OXXO..OXXOXXOXXO..O..O.....O..OXXOXXOXXOXXOXXOXXOXXOXXOXXOXXOXXOXXOXXO..O..O..O..OXXOXXOXXOXXOXXOXXOXXOXXOXXO..OXXOXXOXXOXXOXXOXXOXXOXXOXXOXXOXXOXXOXXOXXOXXO..O.....OXXOXXOXXO..O.
....X..X..X..X..X..X..X..X..X........X..X..X..X...........X..X..X..X..X..X..X..X.....X..X..X..X..X..X.....X..X..X..X..X..X..X..X..X..X..X..X..X..X..X..X..X..X..X..X.....X..X..X..X..X..X..X...........X..X..X..X.
....X..X..X..X..X..X..X..X..X........X..X..X..X...........X..X..X..X..X..X..X..X.....X..X..X..X..X..X.....X..X..X..X..X..X..X..X..X..X..X..X..X..X..X..X..X..X..X..X.....X..X..X..X..X..X..X...........X..X..X..X.
.O..O..OXXOXXOXXOXXOXXOXXOXXOXXOXXOXXOXXO..OXXOXXO..O..OXXOXXOXXOXXOXXOXXOXXO..O..O..O..OXXOXXO..O..OXXOXXOXXOXXOXXOXXOXXOXXOXXOXXOXXOXXOXXOXXOXXO..OXXOXXOXXOXXO..O..O..OXXOXXOXXOXXOXXOXXO.....O..O..O..OXXOXXO.
.X.....X..X..X..X..X........X..X..X..X..X..X........X.....X..X..X..X..X.....X.....X.....X..X..X.....X..X..X..X........X..X..X..X..X..X........X..X..X..X..X..X..X.....X..X.....X..X..X..X..X.....X..X.....X..X..X.
.X.....X..X..X..X..X........X..X..X..X..X..X........X.....X..X..X..X..X.....X.....X.....X..X..X.....X..X..X..X........X..X..X..X..X..X........X..X..X..X..X..X..X.....X..X.....X..X..X..X..X.....X..X.....X..X..X.
.OXXOXXOXXOXXOXXOXXOXXOXXOXXOXXOXXOXXOXXOXXOXXOXXOXXO..O..OXXOXXOXXO..O..O..OXXO..O..O..OXXOXXOXXOXXOXXOXXOXXOXXOXXOXXOXXO..O..OXXOXXOXXOXXOXXOXXOXXOXXOXXO..O..OXXOXXOXXOXXOXXOXXOXXOXXOXXOXXOXXOXXO..O..OXXOXXO.
.X..X..X..X.....X..X..X..X..X..X..X..X..X..X..X..X..X..X..X..X..X..X.....X..X........X..X.....X..X..X........X..X..X..X..X.....X..X..X..X..X........X..X..X.....X..X..X..X..X..X..X..X..X..X..X..X..X..X..X..X..X.
.X..X..X..X.....X..X..X..X..X..X..X..X..X..X..X..X..X..X..X..X..X..X.....X..X........X..X.....X..X..X........X..X..X..X..X.....X..X..X..X..X........X..X..X.....X..X..X..X..X..X..X..X..X..X..X..X..X..X..X..X..X.
.OXXOXXOXXO..OXXOXXOXXO..O..OXXOXXOXXOXXO..O..OXXOXXOXXOXXOXXOXXOXXOXXO..OXXOXXOXXOXXOXXO..O..O..O..O..OXXOXXOXXOXXOXXOXXOXXOXXOXXOXXOXXOXXOXXOXXOXXOXXO..O.....O..OXXOXXOXXOXXOXXOXXOXXOXXOXXOXXOXXOXXOXXOXXOXXO.
.X..X..X..X...........X.....X.....X..X..X.....X..X.....X..X..X...........X..X..X..X..X..X..X..............X.....X..X..X..X..X...........X.....X..X.....X...........X..X.....X........X.....X..X..X..X..X..X..X..X.
.X..X..X..X...........X.....X.....X..X..X.....X..X.....X..X..X...........X..X..X..X..X..X..X..............X.....X..X..X..X..X...........X.....X..X.....X...........X..X.....X........X.....X..X..X..X..X..X..X..X.
.OXXO..OXXOXXO..OXXOXXO..O..O..O..OXXOXXOXXOXXOXXOXXO..OXXOXXOXXOXXO..OXXOXXOXXOXXOXXOXXOXXOXXO.....OXXO..O.....OXXOXXOXXOXXOXXO..OXXO..O..O..OXXOXXO..O..O..OXXO..OXXO..O..O..O..OXXOXXOXXO..O..O..O..OXXOXXOXXO.
.X..X..X..X........X..X..X.....X..X..X..X..X.....X.....X..X.....X........X..X..X..X.....X..X....................X..X..X..X.................X..X...........X........X..X..X.....X.....X..X..X...........X..X..X..X.
.X..X..X..X........X..X..X.....X..X..X..X..X.....X.....X..X.....X........X..X..X..X.....X..X....................X..X..X..X.................X..X...........X........X..X..X.....X.....X..X..X...........X..X..X..X.
.OXXOXXOXXOXXOXXOXXOXXO..O..O..OXXOXXOXXOXXOXXOXXOXXOXXOXXOXXOXXOXXO..O..OXXO..O..O..O..O..O..O..OXXOXXOXXOXXOXXO..O..O..OXXOXXO..OXXO.....OXXO..OXXO..OXXOXXOXXOXXOXXOXXOXXOXXOXXO..OXXOXXOXXO..OXXOXXOXXOXXOXXO.
.X..X..X.....X..X..X..X.....X..X..X..X..X..X..X.....X..X..X..X..X.....X..X..X........X........X.....X..X..X..X..X........X..X..............X..X...........X..X..X..X..X..X..X..X.....X..X...........X..X.....X..X.
.X..X..X.....X..X..X..X.....X..X..X..X..X..X..X.....X..X..X..X..X.....X..X..X........X........X.....X..X..X..X..X........X..X..............X..X...........X..X..X..X..X..X..X..X.....X..X...........X..X.....X..X.
.O..O..O..O..OXXO..O..OXXOXXOXXO..OXXOXXO..OXXOXXOXXOXXOXXOXXOXXO..O..OXXOXXO..O..O..O..O..O..O..O..OXXOXXOXXO..O..O..O..O..O..OXXO..OXXO..O..O..O..O..O..O..OXXOXXO..O..OXXO..O..O..OXXOXXOXXOXXOXXOXXO..O..O..O.
..........X..X..X.....X..X..X..X..X..X..X..X..X..X..X..X..X..X..X..X..X..X..X..X..X.....X..X.....X..X..X.....X.....X..X..........................X..X..X.....X..X..X.....X..X.....X..X..X..X..X..X..X..X..X.......
..........X..X..X.....X..X..X..X..X..X..X..X..X..X..X..X..X..X..X..X..X..X..X..X..X.....X..X.....X..X..X.....X.....X..X..........................X..X..X.....X..X..X.....X..X.....X..X..X..X..X..X..X..X..X.......
.......O..OXXOXXOXXOXXOXXOXXOXXOXXOXXOXXOXXOXXOXXOXXOXXO..O..O..OXXOXXO..OXXOXXOXXOXXOXXOXXO..O..OXXOXXOXXOXXOXXOXXOXXO..O..O..O..O..OXXOXXOXXOXXOXXOXXO..O..OXXO..O..O..OXXOXXOXXOXXOXXOXXOXXOXXOXXOXXOXXO..O..O.
.......X..X..X..X..X..X..X..X..X.....X..X........X..X..X........X..X..X..X..X..X..X..X..X..X..X..X..X..X..X..X..X..X..X..X..X..X..X.....X..X..X..X..X..X..X..X..X.....X..X..X..X.....X..X..X..X..X.....X..X..X..X.
.......X..X..X..X..X..X..X..X..X.....X..X........X..X..X........X..X..X..X..X..X..X..X..X..X..X..X..X..X..X..X..X..X..X..X..X..X..X.....X..X..X..X..X..X..X..X..X.....X..X..X..X.....X..X..X..X..X.....X..X..X..X.
.OXXO..OXXOXXOXXOXXOXXOXXOXXOXXOXXOXXO..O..OXXOXXOXXO..O..O..O..O..OXXOXXOXXOXXOXXOXXO..O..O..O..O..O..O..OXXOXXOXXOXXOXXOXXOXXOXXO..O..OXXOXXOXXOXXOXXOXXO..O..O..O..OXXOXXOXXO..OXXO..OXXOXXO..OXXO..OXXOXXOXXO.
.......X..X..X.....X..X..X..X..X..X..X........X..X..X.....X..X.....X..X..X.....X..X..X....................X..X..X..X..X..X..X..X..X..X..X..X..X..X..X..X..X........X..X..X..X..X.....X..X..X..X..X.....X..X..X..X.
.......X..X..X.....X..X..X..X..X..X..X........X..X..X.....X..X.....X..X..X.....X..X..X....................X..X..X..X..X..X..X..X..X..X..X..X..X..X..X..X..X........X..X..X..X..X.....X..X..X..X..X.....X..X..X..X.
.OXXOXXOXXO..OXXOXXOXXOXXO..O..OXXOXXO.....O..OXXOXXO..O..OXXOXXOXXOXXOXXO..O..O..OXXO..O..O..O..OXXO..O..O..OXXOXXOXXO..O..O..O..OXXOXXOXXOXXOXXOXXOXXOXXOXXOXXO..OXXOXXOXXOXXO..OXXOXXOXXO..OXXO..O..OXXOXXOXXO.
....X..X..X..X..X........X.....X..X..X.....X..X..X..X..X..X.....X..X..X..X..X.....X..X..X..X..X........X.....X..X.....X...........X.....X..X.....X..X..X.....X.....X..X........X.....X..X..X..X..X..X..X..X..X..X.
....X..X..X..X..X........X.....X..X..X.....X..X..X..X..X..X.....X..X..X..X..X.....X..X..X..X..X........X.....X..X.....X...........X.....X..X.....X..X..X.....X.....X..X........X.....X..X..X..X..X..X..X..X..X..X.
.O..O..OXXOXXO..O..OXXOXXOXXOXXOXXOXXOXXOXXOXXOXXOXXOXXOXXO..O..O..O..OXXOXXOXXOXXOXXOXXOXXOXXOXXOXXOXXOXXO..O..O.....O..O..O..O..O.....O..O.....O..OXXOXXOXXO..O..O..OXXOXXO..O..OXXOXXOXXOXXO..OXXO..O..OXXOXXO.
.X.....X..X..X........X..X..X.....X..X..X..X..X..X..X..X..X..X........X..X..X..X.....X..X..X..X..X..X..X.................X..X..X....................X..X..X..X..X.....X..X...........X.....X..X..X..X.....X..X..X.
.X.....X..X..X........X..X..X.....X..X..X..X..X..X..X..X..X..X........X..X..X..X.....X..X..X..X..X..X..X.................X..X..X....................X..X..X..X..X.....X..X...........X.....X..X..X..X.....X..X..X.
.OXXOXXOXXOXXOXXO..O..O..OXXO..O..O..O..O..OXXOXXOXXOXXOXXOXXOXXOXXOXXOXXOXXO..O..OXXOXXO..OXXOXXO..O..O.....O..O..OXXO..OXXOXXO..O..OXXO..O..O..O..O..OXXOXXOXXOXXOXXOXXOXXO..OXXO..OXXOXXOXXOXXO..O..OXXOXXO..O.
.X..X..X..X..X.....X.....X..X..X...........X..X..X..X..X..X..X..X..X..X..X..X...........X..X.....X...........X..X........X..X..X..X........X..X..X.....X..X.....X..X..X..X...........X..X..X..X..X........X..X....
.X..X..X..X..X.....X.....X..X..X...........X..X..X..X..X..X..X..X..X..X..X..X...........X..X.....X...........X..X........X..X..X..X........X..X..X.....X..X.....X..X..X..X...........X..X..X..X..X........X..X....
.O..OXXOXXOXXO..O..OXXOXXOXXOXXOXXOXXOXXOXXOXXO..OXXO..O..OXXOXXOXXOXXOXXOXXOXXO..O..O..OXXOXXOXXOXXOXXOXXOXXOXXOXXOXXOXXOXXOXXOXXOXXOXXOXXOXXOXXOXXOXXOXXOXXOXXOXXOXXOXXOXXO..OXXO..OXXOXXOXXOXXO..O..O..O..O..O.
....X..X..X..X..X..X..X..X..X..X..X..X..X..X..X..X..X.....X..X.....X.....X........X..X..X..X..X..X..X..X..X..X..X..X..X..X..X..X..X..X..X..X........X........X..X..X.................X..X..X..X..X..X..X........X.
....X..X..X..X..X..X..X..X..X..X..X..X..X..X..X..X..X.....X..X.....X.....X........X..X..X..X..X..X..X..X..X..X..X..X..X..X..X..X..X..X..X..X........X........X..X..X.................X..X..X..X..X..X..X........X.
.OXXOXXOXXOXXOXXOXXOXXOXXOXXOXXOXXOXXOXXOXXOXXOXXOXXOXXO..O..O.....O.....O..OXXO..O..O..O..O..O..O..O..O..O..O..O..O..O..O..O..O..O..O..O..O..OXXO..O..OXXO..O..O..O.....OXXO.....OXXOXXOXXOXXOXXOXXOXXOXXO.....O.
..................................................................................................................................................................................................................
