..................................................................................................................................................................................................................
.O..OXXO.....O..OXXO..O..O..O..O..O..O.....O..OXXO..OXXO..OXXO.....O.....OXXO..O..OXXOXXO..OXXO.....O..O..O.....OXXOXXO..OXXO..O.....O..OXXO..OXXO..O...........OXXO..O..O..OXXO..O..O..O..O..O..O........O.....O.
.X...........X........X..X..X..X..X..X.....X.......................X...........X.....X..............X..X..X........X...........X.....X..............X.................X..X........X..X..X..X..X..X........X.....X.
.X...........X........X..X..X..X..X..X.....X.......................X...........X.....X..............X..X..X........X...........X.....X..............X.................X..X........X..X..X..X..X..X........X.....X.
.OXXOXXO.....OXXOXXOXXOXXOXXOXXOXXOXXO..O..O..OXXOXXOXXO..OXXO..OXXO.....OXXOXXO.....OXXO..OXXO..OXXOXXO..O..OXXOXXOXXO..OXXO..O..OXXOXXOXXO..OXXOXXO..OXXO..OXXO..O..OXXOXXOXXO..OXXOXXOXXOXXOXXO.....O..O..O..O.
.X..X........X..X..X.....X........X..X..X........X..X..............X........X..X.....X..............X..X........X.......................X........X..X..............X..X..X..X.....X..X..X..X..X..X.....X.....X....
.X..X........X..X..X.....X........X..X..X........X..X..............X........X..X.....X..............X..X........X.......................X........X..X..............X..X..X..X.....X..X..X..X..X..X.....X.....X....
.O..OXXO.....O..O..O..O..O..O..O..OXXOXXOXXO..O..O..O..OXXOXXO..O..O..O.....O..O..O..O..O..O.....O..O..O..O.....OXXOXXO..O.....OXXO..O..O..OXXOXXO..O..OXXOXXOXXOXXOXXOXXOXXOXXO..OXXOXXO..O..O..O..O..OXXOXXOXXO.
....X.................X.....X..X..X.....X.....X...........X.....X.....X...........X.....X..X.....X........X.....X..X.....X...........X........X..X........X..X..X..X..X.....X.....X..X..X...........X..X..X.......
....X.................X.....X..X..X.....X.....X...........X.....X.....X...........X.....X..X.....X........X.....X..X.....X...........X........X..X........X..X..X..X..X.....X.....X..X..X...........X..X..X.......
.OXXO..O..OXXO........O..O..O..O..O..O..OXXO..O.....O.....O..OXXOXXO..O..OXXO.....O..OXXOXXO..O..O........O..O..O..O..O..O..O..OXXO..O..O..O..OXXO.....O..O..O..O..O..O.....O..O..O..O..O..O.....O..OXXOXXO..OXXO.
....X..X.................X...........X..X...........X...................................X..X..X..............X........X.....X...........X..X..X..X.....X.......................X...........X.....X..X..X..X.......
....X..X.................X...........X..X...........X...................................X..X..X..............X........X.....X...........X..X..X..X.....X.......................X...........X.....X..X..X..X.......
.O..OXXOXXOXXO.....OXXO..O..O..O..O..OXXO.....OXXO..O.....OXXO..OXXO..OXXOXXO..OXXO..OXXOXXOXXOXXO..OXXO..O..O.....O..O..O..O..O..OXXO..O..OXXOXXOXXOXXOXXOXXOXXO..OXXO..OXXO..O........O..O..OXXOXXO..O..O..O..O.
.X..X.....X.................X..X..X..X..X................................X................................X........X.....X.....X...........X........X..X..X..X..........................X...........X........X..X.
.X..X.....X.................X..X..X..X..X................................X................................X........X.....X.....X...........X........X..X..X..X..........................X...........X........X..X.
.O..O.....O..O..O..OXXO..O..OXXOXXOXXOXXOXXO..OXXO........O.....OXXO..OXXOXXOXXOXXO..O..OXXO..OXXO..OXXOXXOXXOXXOXXOXXOXXO..OXXO..O..OXXOXXOXXOXXO..O..O..O..O..O..OXXOXXOXXO.....O..O..O..OXXOXXO..O.....OXXOXXO.
.............X..X........X..X..X..X..X....................X.................X..X.....X.................X..X..X..X.....X..X.....X..X.....X..X..X.................X.....X..X........X..X........X..............X..X.
.............X..X........X..X..X..X..X....................X.................X..X.....X.................X..X..X..X.....X..X.....X..X.....X..X..X.................X.....X..X........X..X........X..............X..X.
.......O..O..OXXO.....OXXOXXOXXOXXO..O..O..OXXO..O..OXXO..O..OXXO..O..OXXOXXOXXO..O..O........O.....O..O..O..O..O.....O..OXXO..OXXOXXOXXOXXOXXO........O.....O..O..O..O..O..O..O..OXXOXXOXXOXXO..O..OXXO..O..OXXO.
.......X..X..X..X........X..X..X..X.....X........X.................X.....X..X..X..X...........X.....X....................X.....X..X..X.....X..X........X.....X.....X........X..X..X.....X..X..X..X........X..X..X.
.......X..X..X..X........X..X..X..X.....X........X.................X.....X..X..X..X...........X.....X....................X.....X..X..X.....X..X........X.....X.....X........X..X..X.....X..X..X..X........X..X..X.
.O.....OXXOXXOXXOXXO..O..O..O..O..O..O..O..O..OXXOXXOXXO..OXXO..O..O..OXXOXXOXXOXXOXXO..O..OXXOXXOXXOXXO..O..O..O..O..OXXO..O..O..O..O..O..O..O..OXXO..O..O..O..O..O.....O..O..O..O..O..O..OXXOXXO..OXXOXXOXXOXXO.
.X.....X..X..X..X.....X..............X.....X.....X..X...........X...........X...........X........X........X..X..X..X.....X..X...........X.................X.....X........X...........X.....X.....X.....X..X..X..X.
.X.....X..X..X..X.....X..............X.....X.....X..X...........X...........X...........X........X........X..X..X..X.....X..X...........X.................X.....X........X...........X.....X.....X.....X..X..X..X.
.O..O..OXXOXXOXXOXXOXXO.....O..O..O..O.....O..O..O..OXXOXXO..O..O.....O..O..OXXO..O..O..O..O.....O..OXXO..OXXOXXOXXOXXOXXOXXO..OXXO.....O..OXXO..OXXO..O..O..OXXOXXO.....O..O..OXXOXXO.....O..O..O..O..O..OXXO..O.
....X..X..X..X.....X..X.....X..X..X...........X.....X..X.....X........X..X..X.....X..X.....X..............X..X..X..X..X..X..X..........................X........X...........X.....X..X........X.....X.....X..X....
....X..X..X..X.....X..X.....X..X..X...........X.....X..X.....X........X..X..X.....X..X.....X..............X..X..X..X..X..X..X..........................X........X...........X.....X..X........X.....X.....X..X....
.OXXOXXOXXOXXO.....OXXO..O..OXXO..O..OXXO.....OXXOXXO..O..O..O.....OXXOXXOXXOXXO..O..O..OXXOXXO..O.....O..O..OXXOXXOXXOXXO..O..O..OXXO.....O..O.....O..O..O.....O.....O..OXXOXXO..O..O..O..OXXOXXO..O..OXXOXXO..O.
....X.....X..X.....X..X..X..X..X..............X..X..X.....X...........X..X.......................X.....X.....X..X..X..X..X.....X...........X..X.....X.....X...........X.................X.....X...........X..X..X.
....X.....X..X.....X..X..X..X..X..............X..X..X.....X...........X..X.......................X.....X.....X..X..X..X..X.....X...........X..X.....X.....X...........X.................X.....X...........X..X..X.
.O..O..O..OXXOXXO..OXXOXXOXXO..O.....OXXO..O..O..O..O.....OXXOXXO.....O..O..OXXO..OXXO..O..OXXO..O.....O..OXXOXXOXXO..OXXOXXOXXO..OXXOXXOXXOXXO..O..O.....O.....O..O..O..O..O..O........O..O..O..O..OXXOXXOXXOXXO.
.X.....X..X........X........X..............X..............X..X..........................X..........................X..X.....X..X.....X..X..X..X..X..............X..X.....X..X..X...........X.....X.....X.....X..X.
.X.....X..X........X........X..............X..............X..X..........................X..........................X..X.....X..X.....X..X..X..X..X..............X..X.....X..X..X...........X.....X.....X.....X..X.
.O..OXXOXXOXXOXXO..O..O.....O...........OXXOXXO..O..O..O..O..O..O..O..O..O.....O..O.....O..O..O..OXXO..O..O..O..O..OXXOXXO..O..O.....O..OXXO..O..O.....O..O.....O..O..OXXOXXOXXO.....OXXO..O..O..O.....O..OXXOXXO.
..........X..X........X....................X.....X..X..X........X..X..X..X.....X..X........X..X........X..X..X..X..X....................X..X...........X..X..............X..X..X..............X.................X.
..........X..X........X....................X.....X..X..X........X..X..X..X.....X..X........X..X........X..X..X..X..X....................X..X...........X..X..............X..X..X..............X.................X.
.O.....O..O..O..OXXO..O.....O.....OXXO.....O..OXXOXXOXXOXXO..O..O..OXXOXXO..OXXOXXOXXOXXOXXOXXOXXO..OXXOXXO..O..O..O..OXXO..OXXO.....O..O..O..O.....O..O..O..O..O..OXXOXXOXXOXXO..O..OXXO..OXXOXXO..OXXO..OXXO..O.
.X.....X....................X.......................X........X.....X..X..X........X..X..X..X..............X..........................X........X.....X........X..X.....X..X.....X..X...........X...................
.X.....X....................X.......................X........X.....X..X..X........X..X..X..X..............X..........................X........X.....X........X..X.....X..X.....X..X...........X...................
.OXXOXXO..O.....OXXO..O..OXXOXXO..OXXO..OXXO..O.....O..O..O..O.....O..O..OXXO.....OXXO..O..O..OXXO.....OXXOXXOXXO..O.....O..O..O..O..O..O.....OXXO..O..OXXO..O..O..O..O..O.....OXXO..O.....O..O.....OXXO.....O....
.X..X..X..X...........X.......................X........X..X..............X........X..X....................X..X.....X.....X..X..X..X.....X.....X....................X...........X..X..X.....X.................X....
.X..X..X..X...........X.......................X........X..X..............X........X..X....................X..X.....X.....X..X..X..X.....X.....X....................X...........X..X..X.....X.................X....
.O..OXXOXXOXXO..OXXO..O.....O.....OXXO..OXXOXXO.....O..O..O.....O..O..O..O.....OXXO..O..O...........O..OXXO..O..O..O..OXXOXXOXXOXXOXXO..O..O..O..O..O..OXXO..O..OXXOXXO..O.....O..OXXOXXO..OXXO..O..O..OXXO..O..O.
....X.......................X..............X..X.....X...........X..X..X...........X.....X...........X.....X.....X...........X..X...........X.....X..X........X...........X........X..X.....X.....X..X...........X.
....X.......................X..............X..X.....X...........X..X..X...........X.....X...........X.....X.....X...........X..X...........X.....X..X........X...........X........X..X.....X.....X..X...........X.
.OXXOXXO..OXXOXXOXXO..OXXO..O..OXXO.....O..O..O..OXXOXXO..O..OXXOXXOXXOXXO..O.....O..OXXOXXO..O..O..O.....O..O..OXXOXXOXXO..OXXOXXOXXO.....O.....OXXO........O..O..O..OXXOXXOXXOXXOXXOXXOXXOXXOXXOXXOXXO..O.....O.
.............X..X.......................X.................X........X........X.................X..X...........X..X..X..X.....X..X..X..............X..X...........X..X.....X..X..X..X..X..X.....X..X........X.......
.............X..X.......................X.................X........X........X.................X..X...........X..X..X..X.....X..X..X..............X..X...........X..X.....X..X..X..X..X..X.....X..X........X.......
.OXXO..OXXOXXO..O..O.....O..OXXO..OXXO..O..O.....OXXO..O..O..OXXO..O..OXXO..O........O..OXXOXXOXXO..O.....OXXOXXOXXOXXOXXOXXOXXO..O..O.....OXXO..O..O..O..OXXO..O..O..O..O..O..O..OXXOXXOXXO..O..OXXOXXO..O..OXXO.
..........X..X.....X.....X.................X...........X.............................X.....X..X..X..X...........X........X..X..X.....X.................X..............X...........X..X...........X..X.............
..........X..X.....X.....X.................X...........X.............................X.....X..X..X..X...........X........X..X..X.....X.................X..............X...........X..X...........X..X.............
.OXXO..O..O..O.....O..OXXO..O..O.....O..OXXOXXO.....O..O..O..O..OXXO..O..OXXOXXOXXOXXOXXO..O..OXXOXXO..O..OXXO..O..O..OXXOXXOXXOXXO..O.....OXXOXXO.....O..O..O..OXXO..O..OXXO..OXXOXXOXXOXXO..OXXO..O..O..........
.......X.................X..X..X.....X..............X.....X..X........X.....X..X..X...........X..X..X..X...........X..........................X...........X..X....................X..X..X........X.....X..........
.......X.................X..X..X.....X..............X.....X..X........X.....X..X..X...........X..X..X..X...........X..........................X...........X..X....................X..X..X........X.....X..........
.OXXO..O..OXXO..OXXO..OXXOXXOXXO.....O..O..OXXOXXOXXO.....OXXOXXOXXO..O..O..OXXO..O..O..O..OXXOXXOXXOXXO..OXXO.....O..O..OXXO..OXXO..O..OXXO..O..O..OXXO..O..O........OXXO..OXXO..O..O..O..OXXO..OXXOXXO..O..O..O.
.........................X.....X........X.....X..X..X.....X.....X........X..X..X.....X..X.....X.....X..X..............X..............X...........X...............................................X..X..X..X..X..X.
.........................X.....X........X.....X..X..X.....X.....X........X..X..X.....X..X.....X.....X..X..............X..............X...........X...............................................X..X..X..X..X..X.
....OXXO..O..O..OXXOXXO..O..O..O..OXXO..O.....OXXO..O..O..O.....O..O..OXXOXXO..O..O..O..O.....OXXOXXOXXOXXOXXO..O.....O..O..OXXO..O..O..OXXO.....O..OXXO.....O..O..O..OXXO..OXXO..O..O.....OXXO..OXXO..OXXOXXOXXO.
..........X..X.....X........X.................X..X.....X...........X........X.....X...........X..X..X..X..X.....X........X........X..........................X..X..X..............X..X...........X..X..X.....X..X.
..........X..X.....X........X.................X..X.....X...........X........X.....X...........X..X..X..X..X.....X........X........X..........................X..X..X..............X..X...........X..X..X.....X..X.
.O.....O..O..O..O..O.....O..O..OXXO..O..O..OXXOXXO..O..O..O..O..O..OXXOXXOXXOXXO..O.....OXXO..O..O..O..OXXOXXO..O.....O..O..O.....O..OXXO..O..OXXO.....O..OXXOXXOXXO..O..OXXO..O..O..O..O..O..O..O..OXXOXXOXXOXXO.
.X.....X........X........X...........X..X.....X..X..X.....X..X..X..X..X..X..X..........................X..............X.....X..............X...........X...........X..X........X........X..X..X.....X..X..X..X..X.
.X.....X........X........X...........X..X.....X..X..X.....X..X..X..X..X..X..X..........................X..............X.....X..............X...........X...........X..X........X........X..X..X.....X..X..X..X..X.
.O..OXXOXXOXXO..O..OXXO..OXXOXXO..O..OXXOXXO..OXXOXXOXXOXXOXXOXXOXXOXXOXXOXXO..O..O..O..OXXO........O..O..OXXO........O..O..O.....OXXO..O..O..OXXOXXO..O..OXXO..OXXOXXO.....OXXOXXO..OXXOXXOXXOXXOXXOXXOXXOXXOXXO.
.......X..X..............X..X.....X..X........X.....X..X..X..X..X.....X..X..X..X..X..X..............X....................X..............X........X.................X..X....................X..X..X..X..X..X.....X.
.......X..X..............X..X.....X..X........X.....X..X..X..X..X.....X..X..X..X..X..X..............X....................X..............X........X.................X..X....................X..X..X..X..X..X.....X.
.O.....O..O.....O..OXXOXXO..O..O..O..O..OXXO..O..O..OXXOXXOXXOXXOXXO..OXXOXXOXXOXXOXXO........O..O..O.....OXXO..O..O.....O..O........O..O..O..O..O.....OXXO..O..O..O..O........OXXOXXOXXO..OXXOXXOXXOXXOXXO..O..O.
.X..............X.....X..X.....X.................X..X..X..X..X..X.....X.....X..X..X..X........X..X..............X..X........X........X.....X..X..............X..X.................X..X.....X..X..X..X..X..X..X....
.X..............X.....X..X.....X.................X..X..X..X..X..X.....X.....X..X..X..X........X..X..............X..X........X........X.....X..X..............X..X.................X..X.....X..X..X..X..X..X..X....
.O..OXXO.....OXXOXXOXXOXXOXXOXXO.....O..OXXO..OXXO..O..O..OXXOXXOXXO..O..O..O..O..O..O..O..O..OXXOXXO.....OXXOXXOXXOXXO..OXXOXXOXXO..O..O..O..O..OXXO..O..OXXOXXOXXO..O.....OXXO..O..O.....OXXOXXO..O..O..OXXO..O.
...................X..X.....X..X.....X...........X........X..............X..............X..X..X..............X..X..X...........X........X..............X..............X....................X.....X........X..X..X.
...................X..X.....X..X.....X...........X........X..............X..............X..X..X..............X..X..X...........X........X..............X..............X....................X.....X........X..X..X.
.O..OXXO.....OXXO..OXXO..O..O..O..O..O..O..O..OXXO..O.....O..OXXOXXOXXOXXOXXOXXO.....OXXOXXOXXOXXOXXO..OXXO..OXXO..O..OXXO..O..O.....O..O..O..OXXO..OXXOXXO..O..O..OXXOXXOXXOXXO..O.....O..O..O..O..O..OXXOXXOXXO.
.X.................X..X..X........X.....X..X.....X..X...........X..X..X..X..X...........X.....X..X...........X..X...........X........X.....X.................X..X.....X..X..X.....X.....X.....X.....X.....X..X..X.
.X.................X..X..X........X.....X..X.....X..X...........X..X..X..X..X...........X.....X..X...........X..X...........X........X.....X.................X..X.....X..X..X.....X.....X.....X.....X.....X..X..X.
.O.....OXXO........O..O..O.....OXXOXXOXXOXXO..OXXOXXO.....O..OXXOXXOXXOXXOXXOXXO..O..O..O.....O..O.....OXXOXXOXXOXXO..OXXO..O........O..O..OXXOXXO..O..OXXO..O..O..O..O..OXXOXXOXXO..O..OXXOXXO..OXXOXXOXXOXXOXXO.
..................................X..X.....X.....X..X.....X.....X..X..X..X..X.....X..X....................X..X..X.......................X..X..X.....X..............X.....X..X..X..X..X..X..X..X........X.....X..X.
..................................X..X.....X.....X..X.....X.....X..X..X..X..X.....X..X....................X..X..X.......................X..X..X.....X..............X.....X..X..X..X..X..X..X..X........X.....X..X.
.O..OXXO.....OXXO..O..OXXO.....OXXOXXOXXOXXO.....O..O..O..O..O..OXXOXXOXXOXXOXXOXXOXXOXXO..O..OXXO..O..O..O..OXXO.....OXXO..OXXO..O.....O..O..O..OXXO.....O..O.....O.....O..O..O..OXXO..O..OXXO.....O..O..OXXOXXO.
.X.................X..............X..X..X..X...........X.....X..X..X..X.....X..X..X........X........X..X.....X..X.................X.................X.....X..X....................X..X.....X..X.....X........X..X.
.X.................X..............X..X..X..X...........X.....X..X..X..X.....X..X..X........X........X..X.....X..X.................X.................X.....X..X....................X..X.....X..X.....X........X..X.
.O..O..OXXO..OXXO..O..O..OXXO..O..O..O..OXXO........O..O.....OXXO..O..O..O..O..O..O..OXXO..O..OXXOXXOXXOXXOXXO..O..OXXO..O.....O..O..O..O..O..O..O..O..O..O..O.....OXXO........O..O..O..O..O..O..O..O..OXXO..O..O.
....X.................X........X........X..X........X........X..X........X.......................X..X..X..X..X...........X.....X.....X..X..X..X..X.....X.......................X........X........X................
....X.................X........X........X..X........X........X..X........X.......................X..X..X..X..X...........X.....X.....X..X..X..X..X.....X.......................X........X........X................
....O..OXXO.....OXXO..O..OXXOXXOXXOXXOXXOXXOXXO..O..O..O..OXXO..O........O..OXXO..O..O........OXXOXXO..O..OXXOXXO........O..O..O..O..O..O..OXXO..O.....O.....O..O..OXXO.....O..O.....OXXO.....O..O.....OXXO.....O.
............................X..X..X..X.....X.....X.....X.....X....................X..X...........X..X.....X.................X.....X........X..X..............X..X...........X...........X.....X.................X.
............................X..X..X..X.....X.....X.....X.....X....................X..X...........X..X.....X.................X.....X........X..X..............X..X...........X...........X.....X.................X.
.O..OXXO..O.....OXXO..OXXO..O..OXXO..O.....O.....O..OXXOXXO..OXXOXXO..O..O..OXXOXXOXXO..O..O.....O..O.....O..OXXO........O..O..O..O..OXXOXXO..O..O.....OXXO..O..O..O.....O..O.....OXXOXXOXXO..OXXO..OXXO..OXXO..O.
.X........X....................X..X..........................X..X.....X..X.....X..X..X..X..X.............................X.....X........X..X.....X.................X.....X...........X........X...................
.X........X....................X..X..........................X..X.....X..X.....X..X..X..X..X.............................X.....X........X..X.....X.................X.....X...........X........X...................
.O..O..O..O..O.....OXXO..O..OXXOXXOXXO..O..OXXO..OXXOXXOXXO..O..O.....OXXOXXO..O..OXXOXXO..O.....O..O..OXXO..O..O..OXXO..O..O..O..OXXOXXOXXOXXO..O..O..O..OXXO..O..O..O..O..O.....O..O..OXXO..O..OXXO.....OXXO..O.
....X..X.....X...........X........X.....X...........X..X..............X...........X.....X........X..X........X..X...........X........X..............X..X........X.....X.....X.....X.............................X.
....X..X.....X...........X........X.....X...........X..X..............X...........X.....X........X..X........X..X...........X........X..............X..X........X.....X.....X.....X.............................X.
.OXXOXXOXXO..O..O.....O..O........O..OXXOXXO.....O..O..O.....OXXO..O..O..OXXOXXO..O..OXXOXXOXXO..OXXOXXOXXOXXOXXOXXO..OXXO..O..OXXO..O..O..OXXO..OXXOXXOXXO..OXXOXXO..O.....O..O..O.....OXXO..OXXOXXO..OXXOXXOXXO.
.......X........X.....X..........................X.................X........X..............X.....X..X..X..X..X..........................X..............X.......................X.................X........X..X..X.
.......X........X.....X..........................X.................X........X..............X.....X..X..X..X..X..........................X..............X.......................X.................X........X..X..X.
.OXXO..O..OXXO..O..OXXO..OXXO..O........O..O.....O..O..OXXO..OXXOXXO..OXXO..O..OXXOXXOXXO..O..OXXOXXOXXOXXO..O..OXXO..OXXOXXOXXO..O..OXXOXXOXXOXXOXXOXXOXXOXXOXXO..O.....OXXO..O..OXXO..OXXOXXOXXOXXOXXOXXOXXOXXO.
......................X........X........X..X........X...........X..X..............X..X..............X.....X..............X..X.....X........X..X..X..X..X..X..X.....X.......................X..X..X..X..X........X.
......................X........X........X..X........X...........X..X..............X..X..............X.....X..............X..X.....X........X..X..X..X..X..X..X.....X.......................X..X..X..X..X........X.
.OXXO..O..OXXO..O..OXXOXXO..O..O.....O..OXXOXXO..O..O..OXXOXXOXXOXXOXXOXXO.....O..O..O..O..O..OXXO..O..O..O..O.....OXXO..OXXO..O..OXXOXXO..O..O..O..OXXO..O..O..OXXO.....OXXO..O..OXXO..O..OXXO..O..O..O..OXXOXXO.
.......X........X...........X........X..X........X........X..X........X........X........X..X...........X.....X...........X..X..X..X..X..............X..X...........X...........X........X..X..X..............X..X.
.......X........X...........X........X..X........X........X..X........X........X........X..X...........X.....X...........X..X..X..X..X..............X..X...........X...........X........X..X..X..............X..X.
.OXXOXXO..O..O..O.....O..OXXO..OXXO..O..O..O..O..O..O..O..O..O..OXXOXXOXXO..O..O..O..O..OXXOXXO..O.....O.....OXXOXXO..O..O..OXXOXXOXXO..OXXO........O..O..O.....O..O..O..O..OXXOXXOXXOXXOXXOXXO.....O.....OXXOXXO.
....X..X..X..X........X.....X..............X..X.....X..X...........X..X.....X.....X..X..X..X.....X...........X..X.....X.....X.....X..X....................X.....X.....X..X.....X..X..X..X..X..X.....X........X..X.
....X..X..X..X........X.....X..............X..X.....X..X...........X..X.....X.....X..X..X..X.....X...........X..X.....X.....X.....X..X....................X.....X.....X..X.....X..X..X..X..X..X.....X........X..X.
.OXXOXXOXXOXXOXXO..O..O.....O..OXXO..O.....O..O.....OXXO..OXXOXXO..OXXOXXOXXO..O..O..O..O..O.....O..OXXO..O..O..OXXO..O..O..O..O..OXXOXXOXXO.....O.....O..O.....O..OXXOXXOXXO..O..O..O..O..O..O..O..OXXO..OXXOXXO.
..........X..X.....X.................X..............X..X.....X.....X..X..X..X..X..........................X.....X........X.....X..X.....X........X.....X.................X.......................X..X........X..X.
..........X..X.....X.................X..............X..X.....X.....X..X..X..X..X..........................X.....X........X.....X..X.....X........X.....X.................X.......................X..X........X..X.
.OXXO..O..OXXO..OXXO..OXXO.....O..O..O..O..OXXO..O..O..OXXOXXOXXO..OXXO..O..OXXOXXO..O..O..O..O.....O..O..O..O..O..O.....O..OXXOXXOXXOXXO........O..OXXOXXOXXOXXO..OXXO..O........O..O..OXXO..O..OXXO.....OXXOXXO.
.......X..X..X.....X...........X..X.....X........X.....X..X........X..X.....X..X.....X..X..X..X.....X..X.....X.....X..............X..X..X.................X..X....................X..X........X..X..X...........X.
.......X..X..X.....X...........X..X.....X........X.....X..X........X..X.....X..X.....X..X..X..X.....X..X.....X.....X..............X..X..X.................X..X....................X..X........X..X..X...........X.
.O.....OXXOXXOXXOXXO.....OXXO..OXXOXXOXXOXXOXXOXXO..O..O..O..OXXOXXO..O..O..OXXOXXOXXOXXOXXOXXO..O..OXXOXXO..O..O..O..O.....OXXO..O..O..O..OXXOXXO..OXXOXXOXXO..OXXO..O..OXXO..O..OXXO..OXXOXXOXXO..O..O........O.
.X.....X.....X..X..X...........X..X..X..X..X..X..X..X...........X..X.....X..X.....X..X.....X..X..X..X...........X.....X.......................X........X..X..X........X........X..X..X.....X.....X.....X..........
.X.....X.....X..X..X...........X..X..X..X..X..X..X..X...........X..X.....X..X.....X..X.....X..X..X..X...........X.....X.......................X........X..X..X........X........X..X..X.....X.....X.....X..........
.O..O..O.....O..OXXO........OXXOXXO..O..O..OXXOXXOXXOXXO..OXXO..OXXO..OXXOXXOXXO..OXXOXXOXXOXXOXXOXXO..OXXOXXO..O..OXXOXXO..O.....O..O..O..OXXOXXOXXOXXOXXOXXOXXOXXO..O..OXXOXXOXXOXXOXXOXXOXXOXXOXXOXXO.....O..O.
....X...........X..X..............X........X....................X..X.....X..X.....X..X..X.....X..X..X.....X.................X.....X..X..X.....X..X..X........X..X...........X.....X.....X..X..X..X..X..X.....X..X.
....X...........X..X..............X........X....................X..X.....X..X.....X..X..X.....X..X..X.....X.................X.....X..X..X.....X..X..X........X..X...........X.....X.....X..X..X..X..X..X.....X..X.
.O..O..OXXO.....OXXO..O..O..OXXOXXOXXOXXOXXO.....O..OXXO..O..O..O..O..OXXOXXOXXOXXOXXOXXOXXO..OXXOXXOXXO..O..O..O.....OXXO..O..O..OXXOXXO.....O..OXXOXXOXXO..OXXOXXOXXO..O..O..O..O.....O..O..OXXOXXOXXOXXO..OXXO.
.X..............X..X..X..X.....X.....X..X..X.....X........X..X...........X.....X..X..X........X.....X........X..X..............X..X..X..X........X..X..X.....X..X..X.....X.....X..............X..X..X........X..X.
.X..............X..X..X..X.....X.....X..X..X.....X........X..X...........X.....X..X..X........X.....X........X..X..............X..X..X..X........X..X..X.....X..X..X.....X.....X..............X..X..X........X..X.
.O.....OXXOXXOXXOXXO..O..O..O..O..OXXOXXO..O..O..O..O.....O..O..O.....OXXOXXOXXOXXO..O..O.....O..O..O..OXXO..OXXOXXOXXOXXOXXOXXOXXOXXOXXOXXO..OXXOXXO..OXXO..O..OXXO.....O.....O..O..O..O..OXXOXXO..OXXOXXOXXOXXO.
..........X..X..X..X........X...........X.....X.....X...........X...........X.....X.....X........X...........X..X..X..X..X..X..X....................X..X........X..X..............X..X..X.....X..X..X..X..X..X..X.
..........X..X..X..X........X...........X.....X.....X...........X...........X.....X.....X........X...........X..X..X..X..X..X..X....................X..X........X..X..............X..X..X.....X..X..X..X..X..X..X.
..........O..OXXOXXOXXO.....O.....OXXO..O..OXXOXXO..OXXO..OXXOXXO..O..OXXO..O..O..O..O..O..O..O..O..OXXOXXOXXOXXO..O..OXXO..O..OXXOXXOXXOXXOXXOXXO..OXXOXXO..OXXOXXOXXO..O.....O..OXXOXXOXXO..O..OXXO..O..O..OXXO.
.............X.....X................................X........X..X..X...........X.....X.....X..X........X..X..X..X.....X..X.....X..X..X..X..X..X.....X....................X.....X..X..X..X........X..X........X..X.
.............X.....X................................X........X..X..X...........X.....X.....X..X........X..X..X..X.....X..X.....X..X..X..X..X..X.....X....................X.....X..X..X..X........X..X........X..X.
.OXXOXXO..O..O..O..O..O..O..O.....O..OXXO..OXXO..O..O..O.....O..OXXO..O..O..OXXO..OXXO..OXXOXXOXXOXXOXXO..O..O..O..O..O..O..O..O..O..O..O..O..O.....O..O.....OXXO.....O..O..OXXOXXOXXOXXOXXO..OXXOXXO..O..OXXOXXO.
....X.....X.....X.....X..X..X.....X..............X.....X........X..X..X..X.....X.....X.....X..X..X..X..X...........X........X..........................X..............X........X..X..X..............X..X.....X..X.
....X.....X.....X.....X..X..X.....X..............X.....X........X..X..X..X.....X.....X.....X..X..X..X..X...........X........X..........................X..............X........X..X..X..............X..X.....X..X.
.OXXOXXO..OXXOXXOXXO..OXXOXXOXXOXXOXXOXXOXXOXXOXXO..O..OXXO..OXXOXXOXXOXXOXXO..O.....O..O..O..O..O..OXXOXXO..O..OXXO..O..OXXOXXO..O..O..OXXO...........O.....OXXO..O..O.....O..O..O..O..O..OXXO.....OXXOXXO..O..O.
..........X..X........X.....X..X.....X..X..X..X..X..X..X...........X.....X..............X...........X..X.....X.....X..X...........X..X.............................X........X...........X...........X..X..........
..........X..X........X.....X..X.....X..X..X..X..X..X..X...........X.....X..............X...........X..X.....X.....X..X...........X..X.............................X........X...........X...........X..X..........
.O..OXXO..O..OXXOXXO..O..OXXOXXOXXOXXO..O..O..OXXOXXOXXOXXO..OXXOXXO.....O..O..O.....OXXOXXO..O..O..O..O..O..O..OXXOXXOXXOXXO..O..O..O..O.....O..O..OXXOXXOXXOXXO..O..O.....O..O..O.....OXXOXXO..O..O..O..O..O..O.
.X...........X..X...........X.....X..X........X..X..............X..X........X..X..............X..X........X...........X..X.....X........X.....X..X.....X..X..X........X........X..X.....X..X.....X........X..X..X.
.X...........X..X...........X.....X..X........X..X..............X..X........X..X..............X..X........X...........X..X.....X........X.....X..X.....X..X..X........X........X..X.....X..X.....X........X..X..X.
.O..O..OXXO..O..O..O..O..O..OXXOXXOXXO..OXXO..O..O..O..OXXO..O..O..O..O..OXXOXXO..O..O..OXXOXXOXXO..OXXOXXOXXO..OXXOXXO..OXXO..OXXO..OXXOXXO..O..O..OXXOXXO..O..OXXO..O..O..O..O..O..O..O..OXXOXXOXXO..OXXOXXOXXO.
....X..............X..X..X..X..X.....X..............X........X........X.....X..X..X..X.....X..X..X.....X..X........X..X..X.....X.......................X..X..............X..X........X.....X..X..X...........X..X.
....X..............X..X..X..X..X.....X..............X........X........X.....X..X..X..X.....X..X..X.....X..X........X..X..X.....X.......................X..X..............X..X........X.....X..X..X...........X..X.
.OXXO..O..O.....OXXOXXOXXOXXOXXOXXO..O..OXXOXXO.....O..O..OXXOXXOXXOXXOXXOXXOXXOXXO..O..O..O..O..OXXO..O..O..O..OXXOXXOXXO..O..O..O..OXXO..O.....O..O..O..OXXO..OXXOXXO..OXXO.....OXXO..OXXO..O..O..OXXO..OXXO..O.
....X..X..X..............X.....X...........X...........X........X..X..X..X..X.....X.....X........X...........X.....X.....X..X.....X........X.....X..X.....X........X.....X..X........X.....X.................X....
....X..X..X..............X.....X...........X...........X........X..X..X..X..X.....X.....X........X...........X.....X.....X..X.....X........X.....X..X.....X........X.....X..X........X.....X.................X....
.OXXOXXOXXO..O..O..O..O..OXXO..O..OXXO.....O..O..O..O..O..OXXOXXOXXOXXOXXO..O.....O..O..O..OXXO..O..OXXO..O..O..O..O..O..OXXOXXO..OXXO..O..O..O..O..O..O..O..OXXO..O..OXXO..O.....O..O..O..O..O.....OXXO.....O..O.
..........X..X..X..X..X..X....................X..X..X........X...........X...........X....................X.....X.....X..X..X.....X.....X.....X........X.................X........X.....X.....X.................X.
..........X..X..X..X..X..X....................X..X..X........X...........X...........X....................X.....X.....X..X..X.....X.....X.....X........X.................X........X.....X.....X.................X.
.OXXO..O..OXXOXXOXXOXXOXXOXXOXXO..OXXO..O..OXXOXXOXXO..OXXOXXOXXOXXO..O..O.....OXXO..O........O.....O..O..O.....O..OXXOXXOXXO..O..O..O..O..O..O..O..O..OXXOXXOXXO..OXXO..O..OXXO..OXXO..O..O..OXXOXXO.....OXXO..O.
.......X..X..X..X..X........X...........X........X..X.....X.....X.....X.......................X.....X..X.................X..X..X.....X.....X.....X..X..X..X..X....................X........X..X..X................
.......X..X..X..X..X........X...........X........X..X.....X.....X.....X.......................X.....X..X.................X..X..X.....X.....X.....X..X..X..X..X....................X........X..X..X................
.O..OXXOXXOXXOXXOXXO..OXXO..O..O..OXXO..O........OXXO..O..OXXOXXOXXO..OXXO.....OXXO.....O..O..O.....O..O.....O..OXXOXXO..O..OXXOXXO..OXXO..O..OXXOXXOXXOXXOXXO.....OXXO.....OXXOXXOXXO..O..OXXOXXOXXO..OXXO..O....
.X........X..X.....X...........X.................X..X..X..X..X........X.................X..X.................X.....X........X........X..............X..X..X..X.................X........X..X..X..X...........X....
.X........X..X.....X...........X.................X..X..X..X..X........X.................X..X.................X.....X........X........X..............X..X..X..X.................X........X..X..X..X...........X....
.OXXOXXO..OXXOXXO..O..O..O.....O.....OXXO..O.....OXXOXXOXXOXXOXXOXXO..O..O..OXXO.....OXXOXXOXXO.....O..O..OXXOXXOXXO.....O..O..O..OXXOXXO.....OXXOXXO..O..O..O..OXXO..O..O..O..OXXOXXO..OXXOXXOXXOXXOXXOXXO..O..O.
.X..X.....X..X........X..X.................X.....X..X........X..X........X..............X...........X..X........X..X.....X.....X.................X..X.................X..X..X..X..X.....X.....X..X..X..X........X.
.X..X.....X..X........X..X.................X.....X..X........X..X........X..............X...........X..X........X..X.....X.....X.................X..X.................X..X..X..X..X.....X.....X..X..X..X........X.
.O..OXXO..OXXO.....OXXOXXOXXO.....O..OXXOXXO..O..O..O..OXXO..OXXO.....O..O..OXXO..O..OXXO..OXXOXXO..O..O..OXXO..OXXO..O..O..O..O..OXXO..O..O.....O..O..OXXO..O..OXXOXXOXXOXXOXXOXXOXXO..O..OXXOXXOXXOXXO..O.....O.
....X.....X..X....................X.....X..X..X..............X..X.....X...........X.....X.....X.................X..X..X.....X...........X..X.................X.....X...........X..X...........X..X.....X..X.......
....X.....X..X....................X.....X..X..X..............X..X.....X...........X.....X.....X.................X..X..X.....X...........X..X.................X.....X...........X..X...........X..X.....X..X.......
.O..O..O..O..O..OXXOXXO..OXXO.....O..OXXOXXO..O..O..O..OXXO..O..O..OXXO.....O.....O..O..O.....O..OXXOXXO..O..O..O..OXXOXXO..O..O..O.....O..O..O..O..OXXO..O..O.....OXXO.....OXXOXXOXXO..OXXO..O..O.....OXXOXXO..O.
.X.....X...........X.......................X.....X..X.................X.....X........X..............X.....X..X.....X...........X..X...........X..X........X........X...................................X........X.
.X.....X...........X.......................X.....X..X.................X.....X........X..............X.....X..X.....X...........X..X...........X..X........X........X...................................X........X.
.O..O..O..O........OXXO..OXXOXXO.....OXXO..OXXO..OXXOXXO..OXXO..O.....O.....O..OXXO..O..OXXO..O..O..O..OXXOXXO..OXXO..O..OXXO..OXXOXXOXXOXXO..O..O..OXXO..O..O.....O..O..OXXO..O..OXXO..OXXO........OXXO..OXXOXXO.
....X.....X........X........X..............X.....X..............X.............................X..X...........X.....X..X........X..X..X..X....................X........X........X.......................X.....X..X.
....X.....X........X........X..............X.....X..............X.............................X..X...........X.....X..X........X..X..X..X....................X........X........X.......................X.....X..X.
.O..O..O..O..OXXO..O..O..O..OXXOXXO..O..OXXOXXO..O..OXXO..OXXO..O.....O........OXXOXXO..OXXOXXOXXOXXOXXOXXO..O..O..O..O..O..O..O..O..O..O..O..O.....O..OXXO..O..OXXOXXOXXOXXOXXOXXOXXOXXO..O.....O..OXXOXXOXXOXXO.
.X.....X..............X..X..X..X.....X................................X...........X........X..X..X..X..X........X........X..X..............X..X.....X..............X..X..X..X.....X..X.....X.....X.....X..X..X..X.
.X.....X..............X..X..X..X.....X................................X...........X........X..X..X..X..X........X........X..X..............X..X.....X..............X..X..X..X.....X..X.....X.....X.....X..X..X..X.
.O..OXXOXXOXXOXXO.....O..O..O..O..O..OXXOXXOXXO..O.....O..OXXO..O..OXXO..O..OXXO..O........O..O..OXXOXXO..O..O..O..O..OXXOXXOXXO..O..O..O..O..O..O..O..O..OXXO..O..OXXOXXOXXOXXO..O..O..O..O..OXXOXXO..OXXOXXOXXO.
..........X..X....................X..X..X..X.....X.....X........X.....X..X.......................X.....X..X..X.....X..............X..X..X........X.....X........X..X..X.................X..............X........X.
..........X..X....................X..X..X..X.....X.....X........X.....X..X.......................X.....X..X..X.....X..............X..X..X........X.....X........X..X..X.................X..............X........X.
.OXXOXXO..O..O..O........O.....O..O..OXXO..OXXO..O.....O........O..OXXOXXOXXOXXO..O.....OXXO..OXXO..OXXOXXOXXOXXOXXO..O..O..O..OXXOXXOXXOXXOXXO..OXXO..O........O..O..O.....OXXO..OXXO..O..O..O..OXXOXXOXXO..O..O.
....X...........X........X.....X.....X..X..X................................X.....X..............X........X..X..X..X..X..X..X.....X..X..X..X.....X.........................................X..X.....X........X....
....X...........X........X.....X.....X..X..X................................X.....X..............X........X..X..X..X..X..X..X.....X..X..X..X.....X.........................................X..X.....X........X....
.O..O..OXXO.....O..O..OXXOXXO..O..OXXOXXOXXOXXOXXO..O..O..O..O..OXXO..O..OXXO.....O..O..O..O.....O........O..O..O..OXXOXXO..O..OXXOXXO..O..O.....O..O..O..O..O..OXXO..O..OXXOXXOXXOXXOXXO..O..O..OXXOXXOXXO..O..O.
.X.................X.....X..............X..X..X.....X..X..X..X........X.....X........X..X..X.......................X.....X...........X..............X..X..X..X........X.....X..X..X..X.................X........X.
.X.................X.....X..............X..X..X.....X..X..X..X........X.....X........X..X..X.......................X.....X...........X..............X..X..X..X........X.....X..X..X..X.................X........X.
.OXXOXXO..O..O..O..O..O..O.....O.....O..O..OXXOXXO..OXXOXXOXXOXXO..O..O..O..O..OXXO..O..O..O..OXXO..O..O.....OXXO..OXXO..O..OXXOXXO..O..O..O..OXXO..OXXOXXOXXOXXO..O..O..OXXOXXO..OXXO..O........OXXO..O..OXXOXXO.
.X..X.....X..X..X.....X........X.....X.....X........X..............X.....X..........................X..X...........X...........X........X..X........X..X..X........X...........X..X..X..X....................X..X.
.X..X.....X..X..X.....X........X.....X.....X........X..............X.....X..........................X..X...........X...........X........X..X........X..X..X........X...........X..X..X..X....................X..X.
.OXXOXXOXXOXXO..O.....OXXO.....O..O..O.....O.....OXXOXXO..O..OXXO..O..O..O..OXXO..OXXOXXOXXOXXOXXOXXOXXOXXO..OXXO..O..O........O..OXXO..O..O..O..O..OXXOXXO..OXXO..O..O..OXXOXXOXXOXXOXXOXXO..OXXO..OXXO..O..OXXO.
.X..X..X.....X........X...........X.................X.....X...........X..............X..X..X..X..X..X.................X.......................X..X..X..X..X...........X.....X..X..........................X..X..X.
.X..X..X.....X........X...........X.................X.....X...........X..............X..X..X..X..X..X.................X.......................X..X..X..X..X...........X.....X..X..........................X..X..X.
.O..O..O..O..O..O.....O..O..OXXO..O.....OXXO........O..OXXOXXO..OXXO..O..OXXOXXO..O..O..O..O..OXXOXXO..OXXOXXO..OXXO..OXXOXXO..O..OXXO.....O..OXXOXXOXXOXXOXXO..O.....O.....OXXOXXOXXO........OXXO..OXXOXXOXXOXXO.
..........X.....X........X................................X.................X.....X...........X..X..X.....X...........X..X.....X...........X..X.....X..X..X.....X...........X.....X....................X..X.....X.
..........X.....X........X................................X.................X.....X...........X..X..X.....X...........X..X.....X...........X..X.....X..X..X.....X...........X.....X....................X..X.....X.
....O..OXXO.....O..OXXO..OXXOXXO..OXXO..OXXO..O..O.....O..O..OXXO..O..O.....O.....OXXO..O..O..O..O..OXXO..O..OXXO..OXXO..O..OXXOXXO.....O..O..O.....OXXOXXOXXOXXO..OXXO..O..O.....O..O..O..OXXO........O..O..O..O.
....X.....X..............X..X.................X..X.....X...........X..X...........X.....X..X........X.................X.................X...........X..X..X..X..X........X...........X..X....................X....
....X.....X..............X..X.................X..X.....X...........X..X...........X.....X..X........X.................X.................X...........X..X..X..X..X........X...........X..X....................X....
....O..O..O..O.....O.....O..OXXOXXOXXO........O..O..O..OXXOXXOXXOXXOXXO..O..O..OXXO.....OXXO.....O..O..O.....OXXO..O..O..O..OXXO..O.....O..OXXOXXO..O..O..O..OXXOXXOXXO..OXXO..OXXOXXOXXOXXOXXO.....O..O..OXXOXXO.
.......X.....X.....X........X..X..X.................X..X..X..X..X..X..X..X..X.....X.....X..X.....X.....X...........X.....X........X...........X..............X.....X.....X........X..X.....X........X..X..........
.......X.....X.....X........X..X..X.................X..X..X..X..X..X..X..X..X.....X.....X..X.....X.....X...........X.....X........X...........X..............X.....X.....X........X..X.....X........X..X..........
.O..OXXOXXO..OXXO..O..OXXOXXOXXOXXOXXO..O........OXXOXXOXXOXXOXXOXXOXXOXXOXXO..O..O..O..O..O.....O..OXXO.....O.....O..O..O..O.....O..OXXO.....O..O.....O.....O..O..O..O..OXXO..O..O..O.....O..OXXO..OXXOXXO..OXXO.
.X.....X.....X...........X..............X..............X..X..X...........X..X..X.....X.................X.....X........X.....X....................X.....X........X.....X..X.....X....................X.............
.X.....X.....X...........X..............X..............X..X..X...........X..X..X.....X.................X.....X........X.....X....................X.....X........X.....X..X.....X....................X.............
.OXXOXXO..OXXO.....OXXO..O..OXXOXXOXXO..O..OXXO..OXXO..O..O..O..OXXO..OXXOXXOXXO..O..O..O..O..OXXO..O..O..O..O.....O..O..O..O..OXXO..OXXO.....OXXOXXOXXO..O..OXXOXXO..O..OXXO..O.....O..OXXO..OXXOXXOXXOXXO..O..O.
.X..X..X.....X.................X..X.........................................X..X..X.....X..X........X.....X........X.....X.......................X..X..X..X..............X...........X...........X.....X.....X..X.
.X..X..X.....X.................X..X.........................................X..X..X.....X..X........X.....X........X.....X.......................X..X..X..X..............X...........X...........X.....X.....X..X.
.O..OXXOXXOXXOXXO.....O.....O..O..O..O.....OXXO..OXXO..OXXO..O..OXXO..O..O..O..OXXO..OXXOXXO..O..OXXOXXO..O..O..O..OXXOXXOXXO..O..OXXO..O.....OXXOXXOXXOXXOXXOXXO..OXXO..O..OXXOXXOXXOXXOXXO..OXXO..O..O.....OXXO.
....X..X..X...........X.....X........X.......................X........X..X.....X..X.....X..X..X..............X..X..X..X........X........X.................X..X.................X..X..X..X........X..X........X..X.
....X..X..X...........X.....X........X.......................X........X..X.....X..X.....X..X..X..............X..X..X..X........X........X.................X..X.................X..X..X..X........X..X........X..X.
.O..O..O..O..O.....O..O..OXXOXXO..O..O...........OXXO..OXXOXXOXXOXXOXXO..O.....OXXOXXO..OXXOXXOXXOXXO..OXXOXXOXXOXXOXXO..OXXOXXOXXOXXOXXOXXO.....OXXOXXO..O..O.....OXXO..O..O..O..O..OXXOXXOXXOXXOXXOXXO.....OXXO.
.X...........X.....X..............X.......................X..X..X..X..X........X........X........X........X..X.....X..X.....X.....X..X..X...........X....................X..X........X.....X..X.....X........X..X.
.X...........X.....X..............X.......................X..X..X..X..X........X........X........X........X..X.....X..X.....X.....X..X..X...........X....................X..X........X.....X..X.....X........X..X.
.OXXOXXO..O..OXXO..O..OXXO..OXXO..O..O..O..OXXOXXOXXO..O..OXXOXXO..O..O.....O..O..OXXO..O..OXXOXXO..O..O..OXXO..O..O..O.....O..OXXOXXO..O..O..O..O..O.....O..O..OXXO..O..O..O.....O..O..O..O..O..O..O..O..O..O..O.
.X..X.....X..X.......................X..X.....X..X.....X..X..X..X...........X.................X..X..X..X..X..X..X.................X..X.....X..X..X........X..X........X...........X.....X........X.....X..X.......
.X..X.....X..X.......................X..X.....X..X.....X..X..X..X...........X.................X..X..X..X..X..X..X.................X..X.....X..X..X........X..X........X...........X.....X........X.....X..X.......
.O..OXXOXXOXXO..O..O..O..OXXO..OXXO..OXXOXXOXXOXXOXXOXXOXXOXXO..O..O..O..O..O..OXXO..O..O..O..OXXOXXOXXOXXOXXOXXOXXO..O.....OXXO..OXXOXXOXXOXXOXXOXXO..O..OXXO..OXXO..O..O..O..O..O..O..O.....OXXOXXOXXOXXOXXO..O.
....X..X..X..X..X..X..X..............X.....X..X..X..X..X..X..X.....X..X..X...........X..X..X..X..X..X..X..X..X..X.....X...........X..X..X..X..X..X.....X..X..X...........X..X..X.....X..............X..X........X.
....X..X..X..X..X..X..X..............X.....X..X..X..X..X..X..X.....X..X..X...........X..X..X..X..X..X..X..X..X..X.....X...........X..X..X..X..X..X.....X..X..X...........X..X..X.....X..............X..X........X.
.OXXOXXOXXOXXOXXOXXOXXOXXO..OXXO.....O.....O..O..O..O..O..O..O..OXXOXXOXXOXXO..OXXO..O..O..O..O..O..O..O..O..O..O..OXXOXXO..OXXO..O..O..O..O..O..O..OXXOXXOXXOXXO.....OXXOXXOXXOXXO..O..OXXO..OXXO..O..O..OXXO..O.
..................................................................................................................................................................................................................
