..................................................................................................................................................................................................................
.OXXOXXO..OXXO.....OXXOXXOXXOXXOXXO..OXXO..O..O..O...........OXXOXXO........OXXO........OXXO.....O..O..OXXOXXO..OXXO..OXXO..O........OXXO..OXXO........OXXO........O..O..O........OXXO..OXXO.....OXXO........OXXO.
.X..X.....X...........X..X..X..X.....X..X..X..X..X..............X..X.............................X..X..X..X..X........X..X..X......................................X..X..X........X.............................X.
.X..X.....X...........X..X..X..X.....X..X..X..X..X..............X..X.............................X..X..X..X..X........X..X..X......................................X..X..X........X.............................X.
.OXXO..O..OXXO..O..OXXO..OXXOXXO..OXXO..O..O..OXXO..O..OXXOXXOXXO..O..OXXOXXOXXOXXO.....OXXO..OXXOXXOXXO..OXXOXXO..OXXO..OXXO........OXXO..OXXO..O..O........O..OXXO..O..O..OXXO..O..OXXOXXOXXO..O..OXXOXXO..OXXO.
.X.....X..X.....X..X.................X..............X..X..X..X...........X..X..X..X........X........X.....X..X..X.....X..............X...........X..X........X..X....................X..X..X..X..X.....X........X.
.X.....X..X.....X..X.................X..............X..X..X..X...........X..X..X..X........X........X.....X..X..X.....X..............X...........X..X........X..X....................X..X..X..X..X.....X........X.
.OXXOXXOXXO..O..O..O.....OXXO..OXXO..OXXOXXO..O..OXXOXXO..OXXOXXO.....OXXOXXOXXOXXO..OXXO..O..OXXOXXO..O..OXXOXXOXXO..O..O..OXXO..OXXOXXO..O..O..OXXOXXO..O..OXXOXXOXXO..OXXO..O..OXXO..OXXO..OXXO..O..OXXO..OXXO.
....X........X.................X.....X..X.....X..............X..X.....X.....X..X.................X.....X..X.....X..X.....X...........X.....X..X.....X.....X.....X..X..X.....X..X.....X..............X..X..X..X..X.
....X........X.................X.....X..X.....X..............X..X.....X.....X..X.................X.....X..X.....X..X.....X...........X.....X..X.....X.....X.....X..X..X.....X..X.....X..............X..X..X..X..X.
.OXXO..O..OXXOXXOXXO.....OXXO..O..OXXO..OXXO..OXXO..O..OXXO..OXXOXXO..OXXO..OXXOXXO..O..O.....OXXO..OXXO..O..OXXO..O..OXXO..O........OXXO..OXXOXXO..OXXO..OXXO..O..OXXO.....OXXOXXO..OXXOXXO..OXXOXXO..O..OXXOXXO.
.X.....X........X........X..X...........X...........X...........X........X...........X..X........X.....X.....X........X..X..X........X........X..X..X..X...........X..X..............X..X........X..X.....X.....X.
.X.....X........X........X..X...........X...........X...........X........X...........X..X........X.....X.....X........X..X..X........X........X..X..X..X...........X..X..............X..X........X..X.....X.....X.
.OXXOXXO.....OXXOXXO..OXXOXXOXXO.....OXXOXXO........OXXO.....OXXO.....OXXO..O.....OXXOXXO..OXXO..OXXOXXO..OXXO..OXXO..O..OXXOXXO.....O..O..O..O..OXXO..OXXO..O..OXXOXXOXXO..OXXO..OXXOXXOXXO..O..O..OXXO..O.....O.
....X...........X..X..X..X..........................X.......................X...........X.....X.....X.....X..............X..X...........X..X...........X.....X........X........X.....X.....X..X...................
....X...........X..X..X..X..........................X.......................X...........X.....X.....X.....X..............X..X...........X..X...........X.....X........X........X.....X.....X..X...................
.O..OXXO..OXXO..O..OXXO..OXXO..O..OXXOXXO..OXXO..OXXOXXO..O..O.....O..OXXOXXO..O..O..OXXO..OXXO..OXXO..OXXOXXO..O........O..OXXO.....OXXOXXOXXO..OXXO..O.....O.....OXXO..OXXO..O..O..OXXO..O..O........OXXO..OXXO.
.X.....X....................X..X..X..X..X..X........X.....X..X.....X.....X..X..X..X........X.....X..X..X..X..X..X..............X.....X..............X.............................X..X..X....................X..X.
.X.....X....................X..X..X..X..X..X........X.....X..X.....X.....X..X..X..X........X.....X..X..X..X..X..X..............X.....X..............X.............................X..X..X....................X..X.
.OXXO..O.....OXXO...........OXXOXXOXXOXXO..O..OXXO..O..O..OXXO.....OXXO..OXXOXXOXXOXXOXXO..O..OXXOXXO..OXXOXXO..OXXO..OXXOXXO..O..OXXOXXOXXO..OXXO..OXXOXXOXXO.....O..OXXOXXOXXOXXOXXO..OXXOXXOXXO..OXXO..OXXO..O.
.............X..X.......................X..............X..X..X.....X...........X..X..X........X...........X........X.....X..X...........X........X.....X..X........X.....X..X..X........X..X..X...........X.......
.............X..X.......................X..............X..X..X.....X...........X..X..X........X...........X........X.....X..X...........X........X.....X..X........X.....X..X..X........X..X..X...........X.......
.OXXO.....OXXOXXOXXO........OXXO.....OXXO..O..OXXO..O..OXXO..O..OXXOXXO..OXXO..O..O..O........O..O..OXXO..OXXO..OXXOXXO..OXXOXXO.....OXXO.....O..O..O..O..O..O..OXXO..OXXOXXOXXO..O.....O..OXXO..OXXO..OXXOXXO..O.
....X................................X.....X.....X..X..X..X........X.............................X.....X..X.............................X.....X.....X........X.....X.....X..X..X..X........X.....X..X.....X.....X.
....X................................X.....X.....X..X..X..X........X.............................X.....X..X.............................X.....X.....X........X.....X.....X..X..X..X........X.....X..X.....X.....X.
....O..OXXOXXO.....OXXO..OXXOXXO..OXXO..OXXO..O..O..OXXO..OXXOXXO..OXXOXXO..OXXO........O..O.....O..OXXO..OXXOXXO..OXXO..OXXO........OXXO..OXXOXXO..O..OXXOXXO..OXXO..OXXOXXO..OXXO..OXXOXXO.....OXXOXXO..O.....O.
..........X.................X........X..X.....X.....X..X..X..X.....X..X........X........X..X........X.....X..X..X........X.................X..X........X..X..X..X..............X.....X..X........X.....X..........
..........X.................X........X..X.....X.....X..X..X..X.....X..X........X........X..X........X.....X..X..X........X.................X..X........X..X..X..X..............X.....X..X........X.....X..........
.OXXO..OXXOXXO..O..O........O........OXXOXXO..O.....OXXOXXOXXOXXO..OXXO..O.....OXXO.....OXXO..OXXO..OXXO..O..O..O..OXXOXXO..O..O..OXXO..OXXOXXOXXO..OXXO..O..OXXO........OXXO..O..OXXO..OXXOXXOXXO..OXXOXXO..OXXO.
....X..X.....X..X..X.................X.....X...........X..X........X..X..X.....X........X..X........X.................X..X..X..X........X..............X.....X....................X..X..X..X..X.....X.....X..X..X.
....X..X.....X..X..X.................X.....X...........X..X........X..X..X.....X........X..X........X.................X..X..X..X........X..............X.....X....................X..X..X..X..X.....X.....X..X..X.
....O..O..OXXO..OXXO..O.....OXXO..OXXO..OXXOXXOXXO..OXXOXXO.....OXXO..OXXOXXO..O..O..O..O..OXXOXXOXXO..OXXO.....OXXOXXOXXOXXO..O.....OXXO..OXXO.....O..O..OXXOXXO..O..OXXO..O..OXXOXXOXXOXXOXXO..O..O.....OXXO..O.
......................X....................X..X..X........X........X..............X..X........X..X.................X..X.............................X...........X..X..X..X..X........X.....X..X..X................
......................X....................X..X..X........X........X..............X..X........X..X.................X..X.............................X...........X..X..X..X..X........X.....X..X..X................
.OXXO..O..OXXO..O..O..O..O........OXXO..OXXOXXOXXO.....OXXO.....OXXO..O..OXXO..OXXO..OXXO..OXXOXXO.....O..O..OXXO..OXXO..OXXO.....O..O..O........OXXOXXO..O..OXXOXXO..O..OXXOXXO..OXXOXXO..OXXOXXOXXO..OXXO..OXXO.
.X.....X........X..X.....X.................X....................X..X..X...........X...........X........X..X.................X.....X..X..X...........X.....X..X..X........X........X..............X..............X.
.X.....X........X..X.....X.................X....................X..X..X...........X...........X........X..X.................X.....X..X..X...........X.....X..X..X........X........X..............X..............X.
.O..OXXOXXO..O..O..OXXO..OXXO..OXXO..O.....O.....OXXOXXO..O..OXXOXXOXXOXXO.....OXXO..O..O..OXXO..OXXOXXOXXO..OXXO..O..OXXO..O.....OXXOXXO..O..O.....O.....OXXO..OXXO.....O..OXXO..O..O..O.....OXXO.....OXXO..OXXO.
.......X..X..X........X..X...........X...........X..X..X..X..X..X.....X........X..X..X..X.....X.....X..............X..............X........X..X.................X....................X..X.....X...........X.....X.
.......X..X..X........X..X...........X...........X..X..X..X..X..X.....X........X..X..X..X.....X.....X..............X..............X........X..X.................X....................X..X.....X...........X.....X.
.OXXO..O..OXXO..O..O..O..OXXOXXOXXO..O..OXXO..OXXOXXOXXOXXOXXOXXO.....OXXO..OXXOXXOXXO..OXXO..O..O..O.....OXXO..OXXO..O.....O..OXXO........OXXO..OXXOXXO..OXXOXXOXXO.....OXXO..OXXO..O..OXXO..OXXO..O..OXXO..OXXO.
..........X.....X..X.....X..X..X.......................X..X...........X..X.....X........X........X........X.....X.....X.....X.....X...........X.....X..X.....X...........X..X.....X...........X..X..X.....X.....X.
..........X.....X..X.....X..X..X.......................X..X...........X..X.....X........X........X........X.....X.....X.....X.....X...........X.....X..X.....X...........X..X.....X...........X..X..X.....X.....X.
.O..OXXOXXO..OXXOXXO..OXXOXXO..O........OXXO..OXXOXXO..O..O.....OXXO..O..O..O..OXXO..OXXOXXO.....O..OXXO..OXXOXXO..O..O.....O..OXXO..O..OXXOXXOXXO..OXXO.....OXXO..O..OXXO..OXXO..OXXOXXO.....OXXO..OXXOXXO..OXXO.
.X..X..X.....X.....X.....X.................X..X..X..........................X.....X..X..X...........X.....X..X..X..X..............X..X.....X.....X..X..X.....X.....X.................X..............X..X........X.
.X..X..X.....X.....X.....X.................X..X..X..........................X.....X..X..X...........X.....X..X..X..X..............X..X.....X.....X..X..X.....X.....X.................X..............X..X........X.
.OXXO..O.....O..OXXO..O..O..O........OXXO..O..OXXOXXO.....OXXO.....OXXO.....O..OXXO..OXXO..O.....O..O..OXXO..O..O..OXXOXXO..OXXO..OXXOXXO..O..O..OXXOXXO.....OXXO..O........OXXO..OXXOXXO..OXXO..OXXOXXOXXO.....O.
....X...........X..X..X.....X........X..X...........X........X.............................X.....X.................X..X.....X..X..X..X........X........X.....X..X..............X...........X.....X..X..X..........
....X...........X..X..X.....X........X..X...........X........X.............................X.....X.................X..X.....X..X..X..X........X........X.....X..X..............X...........X.....X..X..X..........
.O..O..OXXO..O..O..OXXO..O..OXXOXXO..OXXO..O..OXXOXXOXXOXXO..OXXOXXO.....O..OXXO..O..OXXO..O..OXXOXXOXXO..OXXOXXO..OXXO..O..OXXOXXO..O........OXXO..OXXOXXOXXO..O..OXXO..OXXO..OXXO..O..OXXOXXO..OXXO..OXXO..OXXO.
.X.....X..X..X.....X..X..X.....X...........X.....X..X..X..X.....X..X.....X........X...........X..X..X..X.....X...........X.......................X.....X..X........X.................X..X.......................X.
.X.....X..X..X.....X..X..X.....X...........X.....X..X..X..X.....X..X.....X........X...........X..X..X..X.....X...........X.......................X.....X..X........X.................X..X.......................X.
.O..OXXOXXO..OXXO..OXXOXXO..OXXO..OXXO.....OXXOXXO..OXXOXXOXXO..OXXOXXOXXO..OXXOXXO..O..O.....O..O..O..OXXO..O..O..O..O..O.....OXXO..OXXO..O..O..OXXOXXOXXO..OXXOXXO..OXXOXXO.....OXXOXXO.....OXXO..O........OXXO.
.......X.....X........X..X........X...........X..X..X.....X..X..X..X..X........X.....X..X.......................X..X..X........X...........X..X..X..X...........X........X....................X.....X...........X.
.......X.....X........X..X........X...........X..X..X.....X..X..X..X..X........X.....X..X.......................X..X..X........X...........X..X..X..X...........X........X....................X.....X...........X.
.OXXO..OXXOXXO..OXXOXXO..O..OXXO..OXXO........OXXO..OXXO..O..OXXOXXO..O..OXXO..O..OXXOXXOXXO..OXXO.....O..O.....OXXOXXOXXO..OXXOXXO.....O..O..O..OXXO..OXXO..OXXOXXO.....OXXOXXO..OXXO..OXXO..OXXOXXO..O.....OXXO.
.X.....X..X..X.....X.................X........X........X.....X..X....................X........X........X..X........X..X..X..X...........X...........X.....X.................X..X..X..............X.....X.....X..X.
.X.....X..X..X.....X.................X........X........X.....X..X....................X........X........X..X........X..X..X..X...........X...........X.....X.................X..X..X..............X.....X.....X..X.
.OXXOXXOXXO..O..O..O.....OXXO..O..OXXO..OXXO..O.....OXXO..O..O..OXXO........O..O.....OXXOXXOXXO..OXXOXXOXXO..OXXO..O..OXXO..O..O..OXXO..OXXO..O.....O..OXXOXXOXXO.....O.....OXXO..OXXO..OXXO..O..O.....O..OXXOXXO.
....X..X..X.....X...........X..X..X..X.................X..X........X........X..X.....X..X..X..X..X..X..X..............X........X..X........X..X...........X..X..X.....X.....X..............X..X...........X.....X.
....X..X..X.....X...........X..X..X..X.................X..X........X........X..X.....X..X..X..X..X..X..X..............X........X..X........X..X...........X..X..X.....X.....X..............X..X...........X.....X.
.OXXOXXOXXO..OXXOXXO..OXXO..OXXO..OXXO..OXXOXXO.....OXXOXXO..OXXOXXO..OXXOXXOXXO..O..OXXOXXOXXO..OXXO..OXXO..O.....OXXO..O..OXXO..O..OXXOXXOXXOXXOXXO.....OXXOXXOXXOXXOXXO..OXXO..OXXO..O..OXXO..OXXOXXO..OXXOXXO.
.......X..X.....X..X.....X..X..X..X........X..X.................X.....X..X........X.....X..X..X........X..X..X........X..X..X...........X..X..X..X.................X..X.....X..X.....X..X.....X.....X........X..X.
.......X..X.....X..X.....X..X..X..X........X..X.................X.....X..X........X.....X..X..X........X..X..X........X..X..X...........X..X..X..X.................X..X.....X..X.....X..X.....X.....X........X..X.
....O..OXXOXXO..O..O..OXXOXXOXXO..OXXO..OXXOXXO..OXXOXXO..OXXO..OXXO..OXXOXXO.....OXXO..OXXOXXO..OXXOXXO..O..O..O.....OXXOXXO..OXXO.....O..O..O..O..OXXO..O.....OXXOXXO..O..OXXOXXO..OXXOXXO..O.....O..OXXO..OXXO.
....X..X.................X........X..X........X..X..X...........X..X........X.....X..X.....X..X.....X...........X.....X................................X..X........X..X..X..X........X..X.................X.....X.
....X..X.................X........X..X........X..X..X...........X..X........X.....X..X.....X..X.....X...........X.....X................................X..X........X..X..X..X........X..X.................X.....X.
.O..OXXOXXOXXOXXOXXO..OXXO..O..OXXOXXO.....O..OXXOXXO..OXXO..OXXOXXO..O..OXXO..OXXO..O..OXXOXXO..OXXOXXO..O..O..O.....O..OXXO..OXXOXXO..O..OXXO.....OXXOXXO..O..O..OXXOXXOXXO..OXXO..O..O..O..OXXO..OXXOXXO..OXXO.
.X..X.....X..X..X..X........X.....X........X.....X..X........X..X.....X.................X........X.....X..X..X..............X.....X.....X..X........X.....X..X..X..X.......................X........X..X..X.....X.
.X..X.....X..X..X..X........X.....X........X.....X..X........X..X.....X.................X........X.....X..X..X..............X.....X.....X..X........X.....X..X..X..X.......................X........X..X..X.....X.
.OXXO.....OXXO..OXXO..OXXO..OXXO..O.....OXXO..OXXOXXOXXO.....O..OXXO..OXXO..OXXOXXO.....O..OXXO..O..OXXOXXOXXOXXOXXO..O..OXXO.....OXXOXXOXXO..O..O..OXXOXXO..OXXO..OXXO..OXXO..OXXO..O..O..O..O.....OXXO..OXXOXXO.
....X.....X.................X.................X....................X..X.....X..X...........X...........X..X..X..X.....X..X..X.....X..X........X..X.....X........X.....X..X..X........X..X.....X...........X..X..X.
....X.....X.................X.................X....................X..X.....X..X...........X...........X..X..X..X.....X..X..X.....X..X........X..X.....X........X.....X..X..X........X..X.....X...........X..X..X.
.OXXO.....O..O..OXXO..OXXOXXOXXO..O..O..O.....OXXO..O..OXXO..OXXO..O..O..OXXOXXOXXO.....OXXOXXO..OXXO..OXXOXXOXXOXXOXXO..O..O..O..OXXO..OXXO..OXXOXXOXXOXXO..OXXO..O..OXXOXXO..OXXOXXO..OXXO..O.....O..O..OXXOXXO.
.X..X........X.....X.....X.....X..X..X..X........X..X.....X..X...........X.....X........X..X..X.....X..............X..X........X..X.....X..X..X..X..X..X..X..X..X..X...........X..X.................X..X........X.
.X..X........X.....X.....X.....X..X..X..X........X..X.....X..X...........X.....X........X..X..X.....X..............X..X........X..X.....X..X..X..X..X..X..X..X..X..X...........X..X.................X..X........X.
.OXXOXXO..OXXOXXO..OXXO..OXXOXXOXXOXXO..O..OXXO..O..O.....OXXO..OXXO..OXXO..OXXO..OXXO..OXXO..OXXO..OXXO.....OXXO..OXXO.....OXXO..O..O..O..OXXOXXOXXO..OXXO..OXXO..O..O..OXXO..OXXOXXO.....OXXO.....O..OXXO..OXXO.
..........X..X..X........X..X..X..X...........X...........X........X.....X.....X.................X..X..X.....X..X..X.................X.....X..X..X........X..X..X.....X.....X.....X..X....................X..X..X.
..........X..X..X........X..X..X..X...........X...........X........X.....X.....X.................X..X..X.....X..X..X.................X.....X..X..X........X..X..X.....X.....X.....X..X....................X..X..X.
.OXXO..OXXO..O..O..OXXO..O..OXXOXXO..O..OXXO..OXXO........O..OXXOXXOXXO..OXXOXXOXXO........OXXO..O..OXXOXXO..O..O..O.....OXXO..O.....OXXO..OXXOXXO..OXXO..OXXOXXO..O..O..OXXOXXO..OXXO.....OXXOXXOXXO.....OXXOXXO.
.X..X..X..X.......................X..X..X........X..............X..X..X.....X..........................X..X....................X.....X.....X.....X.....X..X........X........X..X..X..X.....X..X..X..............X.
.X..X..X..X.......................X..X..X........X..............X..X..X.....X..........................X..X....................X.....X.....X.....X.....X..X........X........X..X..X..X.....X..X..X..............X.
.OXXOXXOXXOXXO..OXXO..O..OXXO..O..O..OXXO........OXXO..OXXO..OXXO..O..O..O..O..OXXO.....OXXO..OXXOXXO..OXXOXXOXXO..O........O..OXXO..O..O..O..OXXOXXO..O..O.....OXXO..OXXOXXO..O..OXXO.....OXXO..O..OXXOXXO..O..O.
..........X...........X.....X..X.....X..............X..X.....X...........X.................X..X..X..X........X.....X........X..X........X...........X...........X..X..X..X.............................X.....X....
..........X...........X.....X..X.....X..............X..X.....X...........X.................X..X..X..X........X.....X........X..X........X...........X...........X..X..X..X.............................X.....X....
.O.....OXXO..OXXO..OXXO.....O..OXXOXXO..OXXO.....OXXO..O..O..OXXO........O..O..OXXOXXO..O..O..OXXOXXO..O..O..O..OXXO..OXXO..OXXOXXO.....OXXO..OXXO..OXXO..O..OXXOXXOXXO..OXXOXXO..O..OXXO.....O..OXXOXXO..OXXOXXO.
.X........X..X.....X..............X.....X.................X.....X...........X.....X.....X.....X.....X..X..X...........X........X..X..............X........X........X..X.....X..X..X...........X.....X........X....
.X........X..X.....X..............X.....X.................X.....X...........X.....X.....X.....X.....X..X..X...........X........X..X..............X........X........X..X.....X..X..X...........X.....X........X....
.OXXOXXO..OXXO..OXXO..OXXOXXO..OXXOXXO..OXXOXXO..OXXOXXOXXO.....OXXO.....O..OXXO..O..OXXOXXOXXO..O..O..OXXO........OXXO..OXXO..O..OXXO........O..O.....OXXOXXO.....OXXO..OXXO..O..O..OXXO..OXXOXXO..O..OXXOXXO..O.
.X..X.....X.....X..X..X..X.................X.....X..X..X..X........X.....X..X..............X.....X....................X..X........X..X........X........X...........X..X.....X...........X.....X........X..X.....X.
.X..X.....X.....X..X..X..X.................X.....X..X..X..X........X.....X..X..............X.....X....................X..X........X..X........X........X...........X..X.....X...........X.....X........X..X.....X.
.OXXO..O..O..OXXOXXO..O..OXXO..O..OXXO..OXXOXXOXXO..OXXO..O..O..O..O.....OXXOXXOXXO.....OXXOXXO..O........O..O..O..OXXOXXOXXO..O..OXXO..O..OXXO.....OXXO..OXXOXXO..O..OXXO..OXXO........OXXO..OXXOXXOXXOXXOXXOXXO.
.......X........X..X.....X..X..X..X...........X..............X..X..............X..X.....X.................X..X..X..X..X........X.....X..X.....X.....X.....X..X..X.....X..X..............X........X..X.....X..X..X.
.......X........X..X.....X..X..X..X...........X..............X..X..............X..X.....X.................X..X..X..X..X........X.....X..X.....X.....X.....X..X..X.....X..X..............X........X..X.....X..X..X.
....OXXO..OXXO..OXXO..O..O..O..O..OXXOXXO..OXXO........OXXO..OXXOXXO........OXXO..OXXO..O..O..O..OXXO..OXXOXXOXXOXXOXXO.....OXXO..O..OXXO.....OXXO..O.....OXXOXXOXXO..O..O.....OXXO..O..OXXO..O..O..O..O..OXXO..O.
..........X..X..X.....X...........X..X..X..X..............X....................X..X........X..X........X..X..X..X..X..............X..............X..............X..............X.....X..X.....X........X.....X....
..........X..X..X.....X...........X..X..X..X..............X....................X..X........X..X........X..X..X..X..X..............X..............X..............X..............X.....X..X.....X........X.....X....
.OXXO.....OXXO..O..OXXOXXO..OXXOXXO..OXXO..O.....OXXO..OXXO..OXXO...........O..O..OXXO.....OXXO..OXXO..O..O..OXXOXXO.....OXXO.....OXXO.....OXXO..OXXOXXO..O.....O.....O..OXXO..O..OXXOXXO..O..OXXO..O..O..OXXOXXO.
......................X........X..X.....X...........X...........X...........X....................X..............X.................X..............X..X.....X...........X..X..X.....X........X..X.....X...........X.
......................X........X..X.....X...........X...........X...........X....................X..............X.................X..............X..X.....X...........X..X..X.....X........X..X.....X...........X.
.OXXO.....OXXO..OXXOXXOXXO..OXXO..OXXO..OXXO..O..O..O..O........OXXO.....OXXO....................O..OXXO.....O..O..O........OXXO..O..OXXO..OXXO..O..O..OXXOXXO..O..OXXO..OXXOXXO..OXXO..O..O..O..OXXO..OXXO..OXXO.
..........X.....X..X........X.....X..X..X.....X..X.....X...........X........X................................X.....X........X...................................X..X.................X..X........X........X.....X.
..........X.....X..X........X.....X..X..X.....X..X.....X...........X........X................................X.....X........X...................................X..X.................X..X........X........X.....X.
.OXXO..O..O..OXXO..O..OXXO..OXXO..OXXOXXOXXO..O..OXXOXXOXXO.....OXXO..OXXO..OXXO..O..OXXO..O.....OXXOXXO..OXXO.....OXXO..OXXO..OXXO..OXXOXXO.....O..OXXOXXO..O..O..O..OXXO..OXXO..O..OXXO..OXXO..OXXO..OXXOXXOXXO.
....X..X........X.....X..X.....X...........X........X...........X..X.....X.....X..X.....X..X........X.....X...........X........X........X........X..X..X.....X...........X........X.....X........X..X........X..X.
....X..X........X.....X..X.....X...........X........X...........X..X.....X.....X..X.....X..X........X.....X...........X........X........X........X..X..X.....X...........X........X.....X........X..X........X..X.
.OXXO..O.....OXXO.....O..OXXO..O..OXXO.....O........O.....OXXO..OXXO..OXXOXXOXXO..O..OXXO..OXXO.....O..OXXOXXO..O.....O.....OXXOXXO.....O..O..OXXO..O..O..OXXO..OXXOXXO..OXXO..OXXOXXO..OXXOXXO..OXXO..OXXO..O..O.
.X..X...........X........X..X........X....................X..............X..X..X.....X.....X..X.................X..........................X..X..X...........X.....X..X.....X...........X..X..X..X........X.......
.X..X...........X........X..X........X....................X..............X..X..X.....X.....X..X.................X..........................X..X..X...........X.....X..X.....X...........X..X..X..X........X.......
.OXXO..OXXO..OXXO..OXXOXXO..O..OXXOXXO..OXXO........OXXO..OXXO..OXXOXXO..OXXOXXOXXOXXOXXOXXO..O..O..OXXO..OXXOXXOXXOXXO..O..OXXO..OXXO.....OXXOXXOXXO..O..OXXO..OXXOXXOXXO..OXXO..O..OXXO..OXXOXXOXXO..OXXOXXO..O.
.X..X........X........X........X..X..X.......................X..X..X.....X........X..X..X........X...........X.....X..X..X..X..X..X..X.....X..X.....X..X.....X..X........X..X..X..X........X...........X........X.
.X..X........X........X........X..X..X.......................X..X..X.....X........X..X..X........X...........X.....X..X..X..X..X..X..X.....X..X.....X..X.....X..X........X..X..X..X........X...........X........X.
.OXXOXXO..O..O..O..OXXO........O..OXXOXXOXXO..OXXO..O..O.....OXXO..OXXOXXO.....O..OXXO..OXXO..O..O..OXXO..OXXO..OXXOXXOXXO..OXXO..OXXO..OXXO..O.....OXXO..OXXOXXOXXOXXOXXOXXOXXO..O..O..OXXO..O..OXXO..O..O..OXXO.
..........X.....X....................X..X.....X..X..X..X..............X........X........X.....X.....X........X..X..X.....X..X.....X.................X.....X........X..X..............X..X..X..X.....X.....X.....X.
..........X.....X....................X..X.....X..X..X..X..............X........X........X.....X.....X........X..X..X.....X..X.....X.................X.....X........X..X..............X..X..X..X.....X.....X.....X.
.O..O..OXXOXXO..OXXO..O..OXXO..O..OXXOXXO..O..O..OXXO..OXXO..OXXO..OXXO.....OXXO..OXXO..OXXO..OXXO..O.....OXXOXXOXXOXXOXXO..O.....OXXO..OXXO.....OXXO..OXXO........OXXOXXO..OXXO..O..O..OXXOXXOXXO..O..O..O.....O.
.X..X..X.....X........X........X........X..X.....X..X.....X.....X.................X..X....................X.....X.....X..........................X..X.....X........X..............X........X..X........X..........
.X..X..X.....X........X........X........X..X.....X..X.....X.....X.................X..X....................X.....X.....X..........................X..X.....X........X..............X........X..X........X..........
.OXXOXXO..OXXOXXO..O..O..OXXO..O.....OXXOXXOXXO..O..O..OXXO..O..O..OXXO..O..O..OXXOXXO..OXXO..OXXO..OXXO..O.....O..OXXO.....OXXO..O..O..O..OXXOXXOXXO..OXXO........OXXO..OXXOXXO..OXXOXXOXXOXXO..OXXO..OXXO..O....
.......X.....X.....X........X...........X..............X.....X...........X..X..............X..X.....X.......................X.....X..X..X..X..X.....X..X..X........X........X.....X..X..X..X.................X....
.......X.....X.....X........X...........X..............X.....X...........X..X..............X..X.....X.......................X.....X..X..X..X..X.....X..X..X........X........X.....X..X..X..X.................X....
....OXXO..O..O..OXXO.....O..OXXOXXO..O..O..O..O..O..OXXOXXO..OXXO.....OXXOXXO..O..OXXO..O..O..OXXOXXOXXO..OXXO..OXXOXXO..O..OXXOXXO..OXXOXXO..O.....OXXOXXO.....OXXOXXOXXOXXOXXO..OXXOXXO..O..O.....OXXO..OXXO..O.
..........X.....X........X.....X.....X.....X..X..X..X........X........X........X..X.....X.....X..X..X..............X.....X.....X..X...................................X..X........X...........X...........X.....X.
..........X.....X........X.....X.....X.....X..X..X..X........X........X........X..X.....X.....X..X..X..............X.....X.....X..X...................................X..X........X...........X...........X.....X.
....OXXO..O..O..O..OXXO..O.....OXXO..OXXOXXOXXO..O..O..OXXO..O........OXXO..OXXOXXO..OXXO..O..OXXO..O..OXXOXXO..O..OXXO..OXXO..O..OXXO..OXXO..OXXOXXOXXO..O........OXXO..O..OXXO..O.....O.....O..O.....OXXOXXOXXO.
....X..X.....X........X........X..X..X..X..X................................X..X........X..X..X...........X.....X..X..............X..X...........X..X.....X...........X.................X........X........X..X..X.
....X..X.....X........X........X..X..X..X..X................................X..X........X..X..X...........X.....X..X..............X..X...........X..X.....X...........X.................X........X........X..X..X.
.O..OXXOXXO..O........OXXOXXO..O..O..OXXOXXOXXO..O..OXXOXXO..OXXO..O........OXXO..OXXOXXOXXOXXO..OXXO..OXXOXXO..O..O.....OXXO..O..OXXO..OXXO..OXXOXXO..OXXO..OXXOXXO..O..OXXO..OXXO.....OXXOXXO..O..OXXO..OXXOXXO.
.X.....X.................X...........X..X..X..X..X..X..X..X........X........X..X..X..X..X..X..X..X..X.....X..X.................X..X.....X..X.....X.....X........X...........X..............X..X........X..X..X....
.X.....X.................X...........X..X..X..X..X..X..X..X........X........X..X..X..X..X..X..X..X..X.....X..X.................X..X.....X..X.....X.....X........X...........X..............X..X........X..X..X....
.O..OXXOXXOXXO........OXXO..OXXOXXO..OXXO..O..OXXOXXOXXO..O..OXXO..O.....OXXOXXOXXOXXOXXO..O..O..OXXO.....O..OXXOXXO..O........O..OXXO..OXXOXXO..O.....O.....OXXOXXO..O..OXXO.....O..OXXO..OXXOXXO..OXXO..OXXO..O.
....X.....X..X........X........X........X..............X........X...........X.....X..............X..X...........X.....X...........X...................................X..X..X.....X..X........X..X...........X..X.
....X.....X..X........X........X........X..............X........X...........X.....X..............X..X...........X.....X...........X...................................X..X..X.....X..X........X..X...........X..X.
....O..OXXO..O..O..OXXOXXO..OXXOXXO..O..O..O........O..OXXO.....O..O..OXXO..O..OXXO.....OXXO..OXXOXXO..OXXOXXO..OXXOXXOXXO.....OXXO.....O..O..OXXO..O..OXXO.....OXXO..O..OXXO..OXXO..O.....O..O..O........OXXOXXO.
..........X.....X..X..X..X..X........X.....X........X..............X................................X.....X........X....................X..X........X..X..X........X.....X.................X.................X..X.
..........X.....X..X..X..X..X........X.....X........X..............X................................X.....X........X....................X..X........X..X..X........X.....X.................X.................X..X.
.OXXOXXOXXO..OXXO..OXXOXXO..OXXOXXO..OXXO..O.....OXXO........O..OXXO.....O.....OXXO..OXXO..O..OXXO..O.....O..OXXOXXO..OXXOXXO.....OXXOXXO..OXXO..OXXO..O..O..OXXO..O..OXXOXXO.....OXXO.....O..O..OXXO.....OXXOXXO.
....X..X.....X........X........X.....X..X....................X.....X.....X.................X..X.................X..X.....X..X........X.......................X..X.............................X..X..X.....X.....X.
....X..X.....X........X........X.....X..X....................X.....X.....X.................X..X.................X..X.....X..X........X.......................X..X.............................X..X..X.....X.....X.
.OXXO..O..OXXO..OXXO..OXXO.....OXXO..O..OXXO........OXXOXXOXXOXXO..O..OXXOXXO..OXXO..O..OXXO..O..OXXOXXO.....O..OXXOXXOXXO..OXXOXXOXXO..O..O..O..OXXOXXO..OXXO..O..OXXO.....O..OXXO..O..OXXOXXO..OXXOXXO..O..OXXO.
.X........X..X........X..X........X.....X..X...........X..X.................X........X..............X........X..X.....X........X..X.....X..X..X.....X..X....................X..X..X..X.....X.................X..X.
.X........X..X........X..X........X.....X..X...........X..X.................X........X..............X........X..X.....X........X..X.....X..X..X.....X..X....................X..X..X..X.....X.................X..X.
.O..OXXO..OXXO..OXXO..OXXO..O.....OXXO..O..O..OXXO..OXXO..OXXO..OXXOXXO..OXXOXXOXXO..O..OXXOXXO..OXXO..O..OXXOXXO..OXXOXXO.....OXXOXXO..OXXO..OXXO..OXXOXXO..O.....O..OXXOXXO..OXXOXXO.....OXXO..OXXO.....OXXOXXO.
.......X..X.................X........X...........X..X..X..X..X..X..X..X........X..X........X..X........X...........X.....X.....X..X.....X..X........X.....X..X.....X.....X.....X..X........X........X........X..X.
.......X..X.................X........X...........X..X..X..X..X..X..X..X........X..X........X..X........X...........X.....X.....X..X.....X..X........X.....X..X.....X.....X.....X..X........X........X........X..X.
.O..OXXOXXOXXO..OXXO..O..OXXOXXO..O..O.....OXXO..OXXO..OXXOXXOXXOXXOXXO..OXXOXXO..OXXO.....O..OXXO.....OXXO..O..OXXO.....OXXO..O..OXXO..OXXOXXO..OXXO..OXXO..OXXOXXO..O..O.....OXXO..OXXOXXO..O.....OXXO..OXXOXXO.
.X..X..X..............X..X.....X..X.................X.....X..X..X..X..X..X..X..X.....X...........X.....X.....X...........X..X.....X..............X..X.....X.....X..X..X........X........X.....X.....X..X........X.
.X..X..X..............X..X.....X..X.................X.....X..X..X..X..X..X..X..X.....X...........X.....X.....X...........X..X.....X..............X..X.....X.....X..X..X........X........X.....X.....X..X........X.
.OXXOXXOXXO..OXXO.....O..O..OXXOXXO..O..OXXO.....OXXOXXOXXOXXOXXOXXOXXOXXO..OXXOXXO..O..O........O..OXXOXXO..O..O.....OXXOXXO.....OXXOXXOXXO..OXXO..OXXO..OXXO..OXXO..O..OXXO..O..OXXO..OXXO..OXXO..OXXO..O..OXXO.
.X...........X..X.................X..X.................X..X..X.....X..X..X..............X..............X........X.....X..............X..X..X..X..X..X.....X..X..X.......................X........X........X.....X.
.X...........X..X.................X..X.................X..X..X.....X..X..X..............X..............X........X.....X..............X..X..X..X..X..X.....X..X..X.......................X........X........X.....X.
.OXXO..OXXO..OXXO..OXXO..OXXOXXO..OXXO..OXXOXXOXXOXXOXXOXXOXXO..O..O..OXXOXXO..O..OXXO..O.....O........O..OXXO..O..O..O..OXXO..OXXO..OXXOXXO..O..O..O.....OXXO..OXXO..O........OXXOXXOXXO..O..OXXOXXO..O..O..OXXO.
....X..X..X..X..X........X..X.....X..X.....X..X..X..X..X........X.....X..X..X..X..X..X........X....................X...........X.....X..........................X..X..X...........X..X.....X...........X.....X..X.
....X..X..X..X..X........X..X.....X..X.....X..X..X..X..X........X.....X..X..X..X..X..X........X....................X...........X.....X..........................X..X..X...........X..X.....X...........X.....X..X.
.O..OXXOXXOXXO..O..OXXO..O..O.....OXXO..OXXO..OXXO..O..OXXO..OXXOXXOXXOXXO..O..OXXOXXOXXOXXOXXOXXO..OXXOXXO........OXXO..O..OXXOXXO..OXXOXXO..O.....O..OXXO.....O..OXXO..O.....OXXO..O..OXXO.....O..OXXOXXOXXOXXO.
.X..X..X..............X...........X..X..X..X..X..X.....X..X.....X..X..X..X.....X.....X..X..X..X..X..X..X..X..............X.....X..X..X..X.....X.....X.....X........X..X..X........X........X.....X.....X..X.......
.X..X..X..............X...........X..X..X..X..X..X.....X..X.....X..X..X..X.....X.....X..X..X..X..X..X..X..X..............X.....X..X..X..X.....X.....X.....X........X..X..X........X........X.....X.....X..X.......
.OXXO..OXXO..O..OXXOXXOXXO..O..OXXOXXO..OXXOXXOXXO..OXXOXXOXXO..OXXO..OXXO.....O..OXXOXXOXXOXXOXXOXXO..OXXO.....OXXOXXO..OXXO..OXXOXXO..OXXOXXO..O..OXXO..OXXOXXO..O..OXXOXXO..O..O..O..OXXO.....OXXOXXOXXO..O..O.
.X...........X.....X..X..X..X.....X..X...........X..X...........X........X........X.................X..............X........X..X.....X.....X.....X.....X.....X...........X.....X.....X..............X..X.....X..X.
.X...........X.....X..X..X..X.....X..X...........X..X...........X........X........X.................X..............X........X..X.....X.....X.....X.....X.....X...........X.....X.....X..............X..X.....X..X.
.O.....OXXO..O..OXXO..OXXO..OXXOXXOXXOXXO..OXXO..OXXOXXOXXO..O..O.....OXXO..OXXOXXO..OXXOXXOXXO.....O........OXXO..O..OXXO..OXXO..O..OXXO..O..OXXO..OXXO..OXXO..OXXO..OXXOXXO..OXXO..O..OXXOXXO.....O..OXXOXXOXXO.
................X...........X..X..X...........X........X.....X........X........X........X..X....................X........X..X..X..X...........X..X.....X..X..X....................X........X..X...........X..X..X.
................X...........X..X..X...........X........X.....X........X........X........X..X....................X........X..X..X..X...........X..X.....X..X..X....................X........X..X...........X..X..X.
.OXXO..OXXO..OXXO..O..O.....O..O..OXXO..O.....OXXO..O..OXXO..O..O..O..OXXO..OXXO..O..OXXO..O..OXXO..O..OXXO.....O..OXXO..OXXO..OXXOXXOXXO..O..O..O..OXXOXXOXXO..O..OXXO.....O..OXXOXXO..OXXO..OXXOXXO.....O..OXXO.
....X...........X..X..X.................X.....X.....X.....X.....X..X.....X..X.....X.................X..X....................X.....X..X.....X...........X........X..X........X..X..X.....X..X..X..X..............X.
....X...........X..X..X.................X.....X.....X.....X.....X..X.....X..X.....X.................X..X....................X.....X..X.....X...........X........X..X........X..X..X.....X..X..X..X..............X.
.O..OXXOXXO..O..OXXO..OXXO..OXXO..OXXOXXOXXO..O.....OXXO..OXXOXXOXXO..OXXOXXOXXO..O..OXXOXXO..OXXO..O..OXXO.....O..O..O.....OXXO..OXXO..OXXO..O..OXXO..OXXO..OXXOXXOXXOXXO..OXXOXXOXXOXXOXXOXXOXXOXXO........OXXO.
.X.....X.....X..X.....X.....X..X.....X..............X.....X..X...........X..X...........X..X..............X.....X..X..X........X...........X..X.....X.....X...........X..X..X.....X..X.......................X..X.
.X.....X.....X..X.....X.....X..X.....X..............X.....X..X...........X..X...........X..X..............X.....X..X..X........X...........X..X.....X.....X...........X..X..X.....X..X.......................X..X.
.OXXO..OXXOXXOXXOXXOXXOXXO..OXXO..O..O..O..OXXO.....OXXOXXOXXO..O..O..OXXO..OXXO..OXXO..OXXO.....O..O.....OXXO..OXXOXXOXXO..OXXOXXO..O.....OXXO.....OXXO..O.....O.....OXXOXXOXXO..O..O..O..OXXOXXOXXO..O..OXXOXXO.
..........X.....X..X.....X........X.....X..............X..X.....X..X..X...........X..X...........X..X.....X..X..X.....X........X.....X........X.....X...........X...........X..X........X..X..X..X.....X..X.....X.
..........X.....X..X.....X........X.....X..............X..X.....X..X..X...........X..X...........X..X.....X..X..X.....X........X.....X........X.....X...........X...........X..X........X..X..X..X.....X..X.....X.
.O..OXXO..OXXOXXO..OXXO..OXXO.....O.....O.....OXXO..O..O..O..OXXOXXOXXO..OXXO..OXXO..OXXO..OXXOXXOXXO..OXXO..O..OXXO..OXXOXXO..O..O..OXXO..O..O..OXXO..OXXO..O..OXXO..O.....OXXOXXO.....OXXO..OXXO..OXXO..O..OXXO.
.X..X.....X..X..X..X.....X..........................X...........X.....X..X..X........X.....X..X..X.....X..X..............X........X..X..X..X........X........X..X..X..X.....X.....X.....X..X.....X..X..X.....X..X.
.X..X.....X..X..X..X.....X..........................X...........X.....X..X..X........X.....X..X..X.....X..X..............X........X..X..X..X........X........X..X..X..X.....X.....X.....X..X.....X..X..X.....X..X.
.O..O..OXXO..O..OXXOXXO..O..O..OXXO..OXXO..OXXO..O..O..O.....O..O..OXXO..O..OXXO..O..OXXOXXOXXOXXOXXOXXOXXO.....OXXOXXO..OXXOXXO..OXXO..OXXO..O..OXXO..OXXOXXOXXO..OXXOXXO..O..OXXO..O..OXXOXXO..O..OXXO..OXXOXXO.
................X.....X.....X........X...........X.....X.....X........X.....X..X..X.....X..X..X.....X..X...........X........X.....X...........X..X..X..X..X..........................X.....X...........X........X.
................X.....X.....X........X...........X.....X.....X........X.....X..X..X.....X..X..X.....X..X...........X........X.....X...........X..X..X..X..X..........................X.....X...........X........X.
.OXXO..O.....OXXOXXO..O.....OXXOXXO..O..O..O..OXXOXXO..O..O..O..OXXOXXO..OXXOXXOXXOXXO..O..OXXO..OXXOXXO..O..O.....O..OXXO..O..O..O..OXXO..OXXO..O..O..OXXO........OXXO..OXXO..O..O..OXXO..OXXO........O.....OXXO.
.......X.......................X........X..X.....X........X.....X..X.....X...........X..............X..X..X..X.................X........X..............X...........X...........X..X.....X....................X....
.......X.......................X........X..X.....X........X.....X..X.....X...........X..............X..X..X..X.................X........X..............X...........X...........X..X.....X....................X....
.OXXOXXO..O..OXXO..O..OXXO..O..OXXO..OXXO..O.....O.....OXXO..OXXO..O..OXXO..OXXO.....OXXOXXO........OXXOXXO..OXXO.....OXXO..OXXO..O..OXXO..OXXOXXOXXO..O..OXXO..OXXO..O..OXXOXXO..O..OXXOXXO..OXXO.....O..OXXO..O.
....X..X..X........X..X..X..X.....X.......................X.............................X...........X........X..X.................X..X.....X..X..X....................X.....X...........X..X...........X........X.
....X..X..X........X..X..X..X.....X.......................X.............................X...........X........X..X.................X..X.....X..X..X....................X.....X...........X..X...........X........X.
....OXXO..O..O..OXXOXXO..OXXOXXOXXO..O..O..O.....O.....OXXOXXOXXO..OXXO..O..OXXOXXO..O..OXXO.....O..O..O.....OXXO...........OXXO..OXXO..O..OXXOXXO..OXXOXXO.....OXXOXXOXXO..OXXO........O..OXXOXXO..OXXOXXOXXOXXO.
....X........X..X..X...........X..X..X..X..X.....X...........X.....X..X..X.....X.....X..X........X.....X................................X...........X..X..X.....X..X.......................X..X..X.....X..X..X..X.
....X........X..X..X...........X..X..X..X..X.....X...........X.....X..X..X.....X.....X..X........X.....X................................X...........X..X..X.....X..X.......................X..X..X.....X..X..X..X.
....O.....O..O..OXXO..OXXO..OXXOXXOXXOXXO..O.....O..OXXO..O..OXXO..OXXOXXO..O..O.....OXXO..O..OXXO..OXXOXXO..O.....OXXO.....OXXOXXO..O..O.....O..O..O..OXXO..OXXOXXO.....OXXO..OXXO.....OXXOXXOXXOXXO..O..O..OXXO.
..........X.....X..............X....................X..X..X.....X.....X.....X........X..X..X..X..X.....X.....X..............X..X..X..X........X..X.....X....................X.................X..X..X.............
..........X.....X..............X....................X..X..X.....X.....X.....X........X..X..X..X..X.....X.....X..............X..X..X..X........X..X.....X....................X.................X..X..X.............
.OXXO.....OXXO..OXXO..O..O..OXXO.....OXXO........OXXOXXO..O..OXXO..OXXOXXO..O..O.....O..OXXOXXOXXOXXO..O..OXXOXXO..O..OXXO..OXXO..O..O..O.....OXXO..OXXOXXOXXOXXOXXO..O..O..OXXO..O..O..O..OXXOXXOXXO.....OXXO....
.X...........X..X..X..X..X...........X.................X.....X.................X..............X..X..............X..X.....X.....X........X.....X..X........X..X..X.....X..X..X.....X..X..X.....X...................
.X...........X..X..X..X..X...........X.................X.....X.................X..............X..X..............X..X.....X.....X........X.....X..X........X..X..X.....X..X..X.....X..X..X.....X...................
.O..OXXO.....OXXOXXOXXOXXOXXOXXOXXO..O.....OXXO..OXXO..OXXO..O........O.....OXXO..............OXXOXXO..OXXO..OXXO..O..O..OXXO..O..OXXO..OXXOXXOXXOXXO.....O..O..OXXOXXOXXO..O..OXXO..OXXOXXO..O..O..OXXOXXO.....O.
.......X...........X.....X..X..X..X........X..X.......................X...................................X..X..X.....X..X.................X..X....................X...........X.....X.....X.....X.....X........X.
.......X...........X.....X..X..X..X........X..X.......................X...................................X..X..X.....X..X.................X..X....................X...........X.....X.....X.....X.....X........X.
....OXXO..O..OXXO..O..OXXOXXOXXOXXOXXO..O..O..O.....O.....OXXO..OXXO..O..O..OXXO..O..O..OXXOXXO..OXXOXXO..OXXO..OXXO..OXXO..OXXO..O..OXXO..O..OXXOXXO..OXXO..OXXOXXOXXO..OXXOXXOXXO..OXXO..O..O..OXXO..O..OXXOXXO.
..........X..X..X.......................X...........X........X.....X.....X........X..X.....X........X..X..X.......................X..X...........X...........X..X...........X...........X.....X..X..X.....X..X..X.
..........X..X..X.......................X...........X........X.....X.....X........X..X.....X........X..X..X.......................X..X...........X...........X..X...........X...........X.....X..X..X.....X..X..X.
.O..O.....O..OXXO..OXXO..OXXO.....OXXO..O........OXXO..OXXO..OXXO..O.....O..O..OXXO..OXXOXXOXXOXXO..O..OXXO..O..OXXO..O.....OXXO..O..OXXO........OXXOXXO..O..OXXO..O..OXXOXXO..O..O..OXXO..O..O..O..OXXO..OXXOXXO.
.X..X...........X..X.....X..X.............................X.................X........X..X..X..X..............X........X.................X........X..X.....X.....X..X.....X.....X..X........X........X...........X.
.X..X...........X..X.....X..X.............................X.................X........X..X..X..X..............X........X.................X........X..X.....X.....X..X.....X.....X..X........X........X...........X.
.OXXOXXO..OXXOXXOXXO..O..O..O..O.....OXXO..O..............O..OXXO..OXXO..O..O.....O..OXXO..O..O..O.....O..O..OXXO..O..O..O..OXXO..O..OXXO.....O..OXXO..O..O..O..O..O..O..O.....OXXOXXO..OXXOXXO..O..O..O..OXXOXXO.
....X........X........X........X...........X....................X..X..X..X........X..X..X........X.....X..X........X.....X........X...........X.....X..X.....X........X........X..X...........X..X.....X.....X..X.
....X........X........X........X...........X....................X..X..X..X........X..X..X........X.....X..X........X.....X........X...........X.....X..X.....X........X........X..X...........X..X.....X.....X..X.
.O..O..O..OXXO..OXXOXXOXXOXXO..O..O..OXXOXXO..O..O..OXXOXXOXXOXXO..OXXOXXO..O.....O..OXXOXXO..OXXOXXO..OXXOXXO..O..O.....O..O.....O..OXXO..OXXO..OXXO..OXXO..O........O.....OXXO..OXXOXXO.....OXXO..O..OXXO..OXXO.
.X.....X.....X..X..X.....X........X..X..X..X..X..X.....X..X..X..X..X..X.....X........X..X..X..X..X........X..X..X...........X...........X..X..X.....X..X.......................X.....X..X........X..X..X..X..X..X.
.X.....X.....X..X..X.....X........X..X..X..X..X..X.....X..X..X..X..X..X.....X........X..X..X..X..X........X..X..X...........X...........X..X..X.....X..X.......................X.....X..X........X..X..X..X..X..X.
.O..OXXOXXO..OXXOXXOXXO..OXXO..OXXOXXOXXOXXOXXOXXO..OXXOXXOXXOXXOXXOXXO..OXXOXXO..OXXOXXOXXOXXOXXO.....OXXOXXOXXO.....OXXO..OXXO..OXXO..OXXOXXO..OXXOXXO........OXXO........OXXOXXO..OXXO..OXXO..OXXOXXOXXOXXOXXO.
..................................................................................................................................................................................................................
