............................................................
......................OXXO........OXXO......................
......................X..X........X..X......................
......................X..X........X..X......................
...................OXXO..OXXO..OXXO..OXXO...................
...................X........X..X........X...................
...................X........X..X........X...................
................OXXO........OXXO.....OXXO...........OXXO....
................X....................X..............X..X....
................X....................X..............X..X....
.............OXXO.....OXXO........OXXO...........OXXO..OXXO.
.............X........X..X........X..............X........X.
.............X........X..X........X..............X........X.
..........OXXO........OXXO........OXXO........OXXO.....OXXO.
..........X..........................X........X........X....
..........X..........................X........X........X....
.......OXXO.....OXXO........OXXO.....OXXO..OXXO.....OXXO....
.......X........X..X........X..X........X..X........X.......
.......X........X..X........X..X........X..X........X.......
....OXXO........OXXO........OXXO........OXXO........OXXO....
....X..................................................X....
....X..................................................X....
.OXXO.....OXXO........OXXO........OXXO........OXXO.....OXXO.
.X........X..X........X..X........X..X........X..X........X.
.X........X..X........X..X........X..X........X..X........X.
.OXXO..OXXO..OXXO..OXXO..OXXO..OXXO..OXXO..OXXO..OXXO..OXXO.
....X..X........X..X........X..X........X..X........X..X....
....X..X........X..X........X..X........X..X........X..X....
....OXXO........OXXO........OXXO........OXXO........OXXO....
............................................................
