........................
.O..OXXOXXO.....OXXO..O.
.X..X..X..X.....X.....X.
.X..X..X..X.....X.....X.
.OXXOXXOXXO..OXXO..OXXO.
....X..X..X..X........X.
....X..X..X..X........X.
.OXXO..OXXO..OXXO..OXXO.
.............X.....X..X.
.............X.....X..X.
.OXXO..OXXO..O..O..OXXO.
.X..X..X..X.....X.....X.
.X..X..X..X.....X.....X.
.O..OXXOXXO..O..O..OXXO.
....X.....X..X.....X..X.
....X.....X..X.....X..X.
.OXXOXXO..OXXO..OXXOXXO.
.X..X.....X........X..X.
.X..X.....X........X..X.
.O..OXXOXXOXXO..O..OXXO.
....X..X.....X..X.....X.
....X..X.....X..X.....X.
.O..OXXO..OXXOXXOXXOXXO.
.X........X..X..X..X..X.
.X........X..X..X..X..X.
.OXXO..OXXO..OXXO..OXXO.
....X..X..X.....X..X..X.
....X..X..X.....X..X..X.
.OXXOXXOXXOXXOXXOXXOXXO.
..........X..X..X.....X.
..........X..X..X.....X.
.OXXO..O..OXXOXXO..OXXO.
.X.....X..X..X..X..X..X.
.X.....X..X..X..X..X..X.
.O..O..OXXOXXO..O..OXXO.
....X..X..X...........X.
....X..X..X...........X.
.OXXOXXOXXO..OXXOXXO..O.
....X..X..X.....X.......
....X..X..X.....X.......
.O..OXXOXXOXXO..O..OXXO.
.X..X.................X.
.X..X.................X.
.OXXOXXO..O..O..O..OXXO.
.X........X..X..X..X..X.
.X........X..X..X..X..X.
.OXXOXXOXXO..OXXOXXOXXO.
....X..X..X........X..X.
....X..X..X........X..X.
.OXXOXXO..O..O.....OXXO.
....X..X.....X.....X..X.
....X..X.....X.....X..X.
.OXXOXXOXXO..O..O..OXXO.
.X..X..X........X..X..X.
.X..X..X........X..X..X.
.O..OXXO..OXXOXXOXXOXXO.
.......X.....X..X..X..X.
.......X.....X..X..X..X.
.O..OXXO..OXXO..OXXOXXO.
.X........X..X..X.....X.
.X........X..X..X.....X.
.OXXO..O..OXXOXXO..OXXO.
.X..X..X..X.....X.......
.X..X..X..X.....X.......
.OXXOXXO..O..OXXOXXO..O.
.X.....X.....X..X.....X.
.X.....X.....X..X.....X.
.O..OXXO..OXXO..OXXO..O.
................X..X....
................X..X....
.O........OXXO..OXXO..O.
.X...........X.....X..X.
.X...........X.....X..X.
.O..O..OXXO..OXXOXXO..O.
....X.....X.....X..X....
....X.....X.....X..X....
.OXXO..O..OXXO..OXXOXXO.
....X..X..X.....X.....X.
....X..X..X.....X.....X.
.OXXOXXO..O..OXXO..OXXO.
....X..X.....X..X.....X.
....X..X.....X..X.....X.
.OXXOXXO.....OXXO..O..O.
.......X...........X....
.......X...........X....
.OXXO..OXXOXXO.....OXXO.
..........X........X..X.
..........X........X..X.
.OXXOXXO..OXXO..O..OXXO.
....X...........X..X..X.
....X...........X..X..X.
.OXXOXXO..O..OXXO..OXXO.
.......X..X........X..X.
.......X..X........X..X.
.OXXO..OXXOXXO..OXXOXXO.
.......X..X.....X..X....
.......X..X.....X..X....
.O..OXXO..O..O..OXXO..O.
.X.....X.....X........X.
.X.....X.....X........X.
.O..OXXO..OXXO..O..OXXO.
..........X.....X.....X.
..........X.....X.....X.
.O..OXXO..O..OXXO..OXXO.
.X..X...........X.....X.
.X..X...........X.....X.
.OXXOXXO.....OXXO..OXXO.
.X.....X........X..X..X.
.X.....X........X..X..X.
.OXXO..O..OXXOXXOXXOXXO.
.............X........X.
.............X........X.
.O..O..OXXO..OXXO..OXXO.
.X..X.................X.
.X..X.................X.
.OXXO..OXXOXXO..OXXO..O.
....X.....X..X..........
....X.....X..X..........
.OXXOXXOXXOXXO..O..OXXO.
.X..X..X........X..X..X.
.X..X..X........X..X..X.
.OXXOXXOXXOXXO..O..OXXO.
.X..X..X..X........X..X.
.X..X..X..X........X..X.
.O..O..OXXOXXOXXOXXO..O.
.......X.....X..X.......
.......X.....X..X.......
.OXXO..OXXO..OXXOXXOXXO.
.............X..X..X..X.
.............X..X..X..X.
.OXXOXXO..O..OXXOXXOXXO.
.X..X..X..X..X........X.
.X..X..X..X..X........X.
.O..OXXO..OXXOXXOXXO..O.
....X.....X..X..X.......
....X.....X..X..X.......
.OXXOXXO..OXXOXXO..OXXO.
.X..X..X..X.....X.....X.
.X..X..X..X.....X.....X.
.O..OXXO..OXXO..O..O..O.
.......X..X........X....
.......X..X........X....
....OXXOXXO..OXXOXXOXXO.
.......X.....X..X.....X.
.......X.....X..X.....X.
.OXXO..O..OXXOXXO..OXXO.
........................
