...........................................................................................................................................................................
.O..OXXO..O..OXXO..OXXOXXO..O.....OXXOXXO........OXXOXXO..OXXOXXOXXO.....OXXOXXO..OXXO..O..OXXO..OXXO..OXXOXXO..OXXO..O..O..OXXO..OXXOXXOXXO.....O..OXXO.....OXXOXXO..OXXO.
.X........X..X..X..X..X.....X.....X..X...........X..X..X..X..X..X..X........X..X..X.....X........X..X.....X..X..X.....X..X.....X.....X..X..X.....X..X...........X..X..X..X.
.X........X..X..X..X..X.....X.....X..X...........X..X..X..X..X..X..X........X..X..X.....X........X..X.....X..X..X.....X..X.....X.....X..X..X.....X..X...........X..X..X..X.
.O..O..OXXOXXO..OXXO..OXXOXXO..OXXO..O..OXXO..O..O..OXXO..OXXOXXOXXOXXO..O..OXXOXXOXXO..OXXO..O..O..OXXOXXO..O..OXXO..OXXO..OXXOXXO..OXXOXXO..OXXOXXO..O..O..O..OXXOXXO..O.
....X.....X..X..X.....X..X.................X..X.....X.....X..X..X..X.....X.....X.....X..X..X..X........X..............X..X..X..X........X.....X........X..X..X.....X.......
....X.....X..X..X.....X..X.................X..X.....X.....X..X..X..X.....X.....X.....X..X..X..X........X..............X..X..X..X........X.....X........X..X..X.....X.......
.OXXO..O..O..OXXO..OXXOXXOXXO..O..OXXO..OXXO..O..O..OXXO..O..OXXO..OXXOXXO..OXXOXXOXXOXXOXXOXXOXXO..O..OXXOXXOXXO..O..O..OXXO..OXXO.....OXXO..OXXO..OXXOXXOXXOXXO..O..O..O.
.X..X..X.....X.....X..X..X..X..X..X.....X........X.....X...........X..X...........X..X..X..X........X..X..X..X..X..X.....X..............X..X..X........X..X..X..X.....X..X.
.X..X..X.....X.....X..X..X..X..X..X.....X........X.....X...........X..X...........X..X..X..X........X..X..X..X..X..X.....X..............X..X..X........X..X..X..X.....X..X.
.OXXOXXO.....OXXO..OXXOXXOXXOXXO..O..OXXO..OXXOXXO..O..O.....OXXOXXO..O..OXXO..O..OXXO..O..OXXOXXOXXOXXOXXOXXOXXOXXOXXO..OXXO..O..O..OXXOXXO..OXXOXXOXXO..OXXOXXO..O..OXXO.
....X..X.....X.....X...........X...........X..X.....X...........X...........X..X..X..X........X..X..X..X..X..X.....X.....X.....X..X.....X.....X..X..X........X.....X..X..X.
....X..X.....X.....X...........X...........X..X.....X...........X...........X..X..X..X........X..X..X..X..X..X.....X.....X.....X..X.....X.....X..X..X........X.....X..X..X.
.OXXOXXO..OXXOXXOXXO.....OXXOXXO..OXXOXXOXXOXXO..OXXO..O..O..OXXOXXOXXOXXO..O..OXXOXXOXXO.....OXXOXXOXXOXXO..OXXO..O..OXXOXXOXXOXXO..OXXO..OXXO..O..OXXO..O..O..OXXOXXOXXO.
....X..X..X.....X..X........X..X..X..X..X.....X.....X..X..X..X..X..X..X........X..X.....X.....X........X..X.....X.....X..X..X..X..X..X....................X........X.......
....X..X..X.....X..X........X..X..X..X..X.....X.....X..X..X..X..X..X..X........X..X.....X.....X........X..X.....X.....X..X..X..X..X..X....................X........X.......
.OXXOXXOXXO..OXXO..OXXO..O..OXXO..OXXOXXOXXOXXOXXOXXOXXOXXOXXOXXOXXOXXOXXO..O..O..O..OXXOXXO..O..O..O..O..OXXOXXO..O..OXXOXXO..O..OXXOXXO..O..O..OXXO..OXXO..OXXO..OXXO..O.
.X..X.....X.....X..X..X..X..X..X..X..X..X..X.....X..X..X..X.....X.....X..X..X........X..X..X.....X..X.....X..X..X..X..X..X...........X..X..X..X..X..X.....X.....X..X.....X.
.X..X.....X.....X..X..X..X..X..X..X..X..X..X.....X..X..X..X.....X.....X..X..X........X..X..X.....X..X.....X..X..X..X..X..X...........X..X..X..X..X..X.....X.....X..X.....X.
.OXXOXXO..OXXO..OXXOXXOXXOXXOXXOXXOXXOXXOXXOXXO..OXXOXXOXXOXXO..OXXO..OXXOXXO..OXXO..OXXOXXOXXO..OXXOXXO..OXXOXXOXXOXXOXXOXXO.....OXXOXXOXXOXXOXXOXXOXXO..OXXO..OXXO..OXXO.
...........................................................................................................................................................................
