508
896
292
479
336
776
320
260
22
4052
1286
1456
156
730
2052
3062
144
252
1456
1544
406
2912
342
1070
532
804
1680
1008
1098
1886
2380
108
1302
36
704
1236
61
718
438
2240
314
1118
1168
948
302
3136
232
244
2352
3102
350
4014
112
2016
563
132
3952
1886
594
1528
784
42
448
1672
279
1282
3136
1078
710
560
978
1680
843
3066
3024
410
212
3422
4144
148
2378
2036
502
22
1334
2604
362
2842
3202
796
2494
106
2214
854
3136
336
328
3622
2708
101
160
14
4024
494
108
978
272
3190
2576
208
175
328
2682
