77
154
1632
3156
60
2736
5223
438
3423
5307
75
272
3705
329
1095
957
1128
2535
1035
1365
1365
1596
361
462
1365
3459
4722
11
5439
3900
5433
66
497
234
6240
18
420
146
7410
185
434
411
1617
5709
46
39
5070
5
3402
4413
202
200
2549
66
5073
85
654
152
2340
708
7197
192
22
4920
4680
282
7
297
240
750
198
3513
7206
22
53
33
1419
220
147
90
3249
1287
4290
594
9750
154
5571
77
620
9
780
68
6045
3198
2688
2325
327
550
134
1563
5223
582
726
150
2388
356
640
2877
99
4524
728
231
4107
38
82
3771
2983
4662
7350
7800
2031
399
7026
63
3771
9690
3090
993
5397
9438
5400
101
6693
47
201
36
5871
154
1443
276
4617
2469
18
2502
7830
1560
195
2073
5877
972
420
12
