1286
1617
107
117
16
205
112
605
1986
140
1154
437
242
1328
1857
989
244
168
686
689
1135
1728
48
171
379
1155
587
45
940
408
456
783
986
796
465
2140
1376
250
188
66
540
182
388
363
1848
428
100
70
152
44
1671
108
81
1588
1847
270
281
117
254
462
4072
924
1676
1052
48
845
231
2195
494
20
1072
947
824
126
32
412
680
1881
669
475
1089
164
221
735
1988
440
403
215
867
160
0
1354
1002
500
81
735
156
106
704
20
37
1356
82
1975
2704
75
120
1446
643
247
835
1502
22
387
613
129
112
192
374
1580
161
230
476
27
2233
940
366
333
116
104
68
1089
1004
1047
44
110
3138
363
75
386
1540
732
524
528
396
75
254
465
2049
1114
138
1780
620
231
1006
250
294
178
558
11
232
54
2
0
445
693
184
212
231
155
654
59
1030
474
40
1212
54
282
42
