40
388
191
1888
1049
1200
1140
431
84
397
85
123
653
462
1011
150
1298
726
734
226
1560
116
1977
946
94
131
414
2012
6
39
1333
580
362
996
604
96
212
486
556
202
84
44
438
216
168
25
615
143
792
1551
260
179
1262
1088
372
8
324
200
539
150
1328
471
20
977
415
89
1157
909
60
1212
1415
56
795
175
185
470
579
1308
706
406
458
638
6
28
363
144
22
48
454
296
1074
732
10
45
809
293
273
1574
114
232
2006
164
2354
854
222
996
1714
54
2946
127
112
384
460
822
414
221
534
328
141
2545
511
320
190
4
732
228
1192
374
1526
1212
1459
340
1954
63
172
1056
1859
156
1973
632
192
4
1382
1380
804
656
26
281
2352
137
54
170
1272
573
3789
32
456
161
367
846
850
246
110
505
544
35
931
302
513
216
191
426
1586
568
3173
258
210
233
31
1233
79
294
984
139
1230
806
798
784
87
