263
2656
168
996
1002
42
733
1054
4316
1992
238
240
5533
105
1248
68
1665
276
948
246
1185
56
152
3765
664
1286
996
4578
679
143
3320
1376
1197
1664
85
2988
110
237
186
2934
4922
5556
876
145
425
3240
582
179
2187
204
88
2356
7304
85
1876
688
870
1521
438
891
1100
6072
3476
1669
1242
1168
1975
564
734
254
3518
18
6308
92
1127
204
3748
354
1304
5430
1929
5644
3484
374
4185
39
13
3490
202
504
186
9
5173
5644
276
547
