921334487
657726108
9608569087
10061324616
9065205690
1505573550
2172398168
7148666891
306850671
15150615312
8856329945
4640482139
5240256777
6683467525
5471557582
690896340
326153508
505336992
227636803
4049483448
5809940813
146280694
162770779
11617069117
2784689632
509997230
210232801
6896978014
298307021
979657168
265586226
2689940882
13112409894
279143747
3680744915
2164212866
6834815770
434988255
857583322
125392097
401496185
974741176
8996299675
1073750061
324669048
11006584500
719391204
137065949
869770042
520824210
6352113389
8812302500
5594560636
2696203738
410040422
141654689
362193168
13584189462
13040077933
7581999422
8452196998
3291318577
2240157834
1894359493
400570890
472119169
705342832
724265969
1927934617
2431220229
1266184288
694513812
8598329819
2189080686
2342198143
2609382109
48426249
584296820
773546707
2204341555
504466367
441291536
1000297722
349472805
662631980
248808762
582729840
511624480
2699435058
1430618904
654536393
223401445
91984728
732571488
434175207
9603103094
6321713672
664712051
12345676824
912619936
1444799064
3484464638
492862210
2607667712
7536647334
743643291
1667262108
8551428597
9312400
806458907
337741511
1751178592
7510315459
5385859204
685086753
401821395
153511357
2878919791
6036255486
8463948730
7689515293
260296427
65157880
15747340
14848764992
984785049
477446312
6064378356
3767275532
1608023003
136554447
1115331106
17071420851
191314228
3979477685
4018770035
194166559
3637100046
3207824317
10978766871
976276824
68316225
2997598303
924529494
5164198249
2047699845
1172368
16024406
45309531
2086770888
259922183
6304914263
3182694342
9228652655
315637479
24111883
886374457
1057000867
3048029816
1118871581
9221948804
7208048421
20542815286
3214328000
99030584
321474609
169625550
1445222976
72320932
3818797870
3387740256
699657870
1415318587
949181568
457036869
370732796
262648740
4729144263
58403076
7743421187
2341599922
866216959
197803511
325293545
7559598222
1138554237
39769495
92811763
4209610734
540197265
460687812
445879392
443517417
9796672
93469573
1727422546
11218534395
2092790071
1933341845
3902490697
2492289984
2331287743
1196158896
4300862668
3118670703
3101790686
204829020
401763000
2321845698
103398915
1242021941
10656007980
1063304504
1687892285
1859616760
124511643
1512616876
7661689514
196936337
2033801933
5431175838
2951947723
944510040
109996247
4821833332
2901232323
1105199445
1043580796
1047673134
991456884
151819426
169565816
105170076
3028576157
9816711249
113263330
1055274346
232845988
756077854
3820236596
956733
2491062750
94524014
7564822093
1121977721
6731597334
71544945
279341797
335036335
676391218
20978483019
845221576
6302015208
1134207902
105865897
11372361483
553389089
443296083
714794679
545427484
1438609115
862366149
5814907
1807751434
212601985
5443806130
4107865526
3742780563
14541799379
889207340
2939721738
380391940
625509784
1451225217
46483254
222283489
119507137
2311727124
278890311
12112372378
1160433842
1535374063
634190154
179538279
8467531868
498980123
4348690661
1546187962
4068391830
2578471628
701620989
3220503694
912530409
1441832134
625159192
1228003492
158791871
2517192934
289446654
1744721558
1806212793
537843
1331285364
83321775
1614772041
1980026856
913198362
350022540
12798509753
12567235438
1442853862
715333148
561675975
389709037
573492184
25590459
2100380385
89023058
9304380811
452763715
21075419324
712424007
170227289
142001233
15139121502
5435885505
12220849100
860092169
21200620578
4150704577
2747402144
4012417054
1919497784
8253066993
139005442
1892430676
1490564569
1268850519
58344948
1866612178
10483708652
106667697
605055248
419767500
3409627641
14061055546
746141491
144009362
177322362
746712672
2397573561
1019934537
1073575623
426544374
3993402537
614290934
123656360
151331684
1327416569
167078660
517254764
715899993
2387553156
255141082
2645387460
2293475121
127284108
403627072
251923229
13072798734
2859986925
507142957
276578504
1284849766
367531565
1528544640
1319600876
1361996600
808130580
1528625037
278904911
1232353100
35670336
2499929037
8688046752
33964824992
18746088
212189934
23960689543
8826735810
1541401524
486555574
1015036238
12541173547
6737976
2666402172
241350815
156376273
9574821068
20731990278
940930080
154749172
654585531
1053044598
461715810
918677916
8488578176
190647683
374695306
1392880776
10074149973
3920419064
1085400001
1940762540
132049998
113688638
6671055754
170414987
546803283
241203148
160696421
2210728552
4363274251
414187049
8358824262
1207398350
184519801
2353533318
10743185770
2939790347
193507719
629464926
3205519414
328345170
9591484514
22669597
118900304
61520671
1180077890
4600267834
3462009259
11109750789
5108709033
237120833
377428552
508336723
663100733
5108147290
3963407474
6669506466
72482090
258792201
614285248
1206817594
216491688
3013004821
105410308
18686587569
20147684779
789561184
43374910
1719969263
