3529854970
61877072
17474012093
13899529777
21719765238
1456584728
10643623756
64341176380
9136382456
3672162272
19460163240
1754525356
54850792430
59708946680
5740177828
3301034349
272890062616
40193908556
25090736791
40989561206
176137220062
1045986048
9124525148
314382496074
277129207558
28248448428
3008911040
173994056360
9132453532
2792360347
6445603777
92606987970
62396322184
45077241023
149856675508
17019489179
112149262667
6886897276
16203427594
262892699
4296045144
72963565104
5540287702
172962796
32520689496
79169105402
7545691296
138016481172
8883159014
27267017890
17358600704
5498042466
330178632360
73697816934
1663824824
20321885888
2232747144
137511835186
25144224790
895186779
71169459748
41204318756
281956855924
16220892054
5447137734
18068588192
7056076844
3256610480
36149146236
15240813512
68770743424
33551619634
150942642
1957942218
2558364759
192889455382
611740336
82846280730
79840055122
294836875868
82398534572
60708728822
67739061244
322088272904
18692090708
269725567118
6440223436
1000340454
297362132
13026493184
436970466452
129651419028
4214813164
46873292716
272599467092
23943714084
6607240308
392330744
911557128
68582687802
17397637222
3066633637
37593158659
3857629748
28809067231
10964449322
2921874283
414389661182
2188620312
118831297610
2797489980
269224440360
225472773158
85171258964
1276277779
48250275960
11470168250
4949007558
47536228924
35090980070
13415607799
85071716532
28790391308
1448610672
10289791939
988857693
1354037953
73220774386
79830616574
175695248008
198579539
5437070154
44185996572
908845904
1451766494
246512184778
116647792665
53578633486
195324107390
212689975434
48709247226
220177961222
1072533456
2784244260
209937578410
796314744
143516795342
243353861026
67348030287
336667580788
185514356926
57172918576
18298938868
243095540575
1764405192
18275217536
244728164254
11723947944
56153556885
2772475260
8282361894
197268039
280091374874
870653349
39344783320
5743717720
224797184580
1253179742
18569006524
309435477498
1875447756
72463208704
173245019070
750662364
126115584764
105261335718
274783673220
5771462548
4595449042
148836040190
17313827998
223847253256
39659695078
1271427781
47674515054
1630550128
7626378681
409390454
222934119310
31152008646
368619488445
341335185100
267777584398
222558485776
3856163992
4710100118
66481505652
240613756856
8655473632
6443761500
55049270796
43910532378
31843775390
217566682080
304793511163
1478033541
51162406679
2069912824
365271386
114535538284
1075976972
69677082304
29392564
10059832777
86841911308
272770103280
4784131960
1118194943
856404247
689491
215151721362
2983154549
2657839848
62906484352
2454677545
2000800372
3423143227
1662017084
153302119
448313861
77786389204
167644293302
4446896402
1459173548
903961404
786909106
219820981438
8354432408
74277011796
301741904026
339880692
365694915198
37911370975
33508837367
1748167891
180784103202
28271856554
21495907874
224697162400
194740312054
3040067149
80390971534
255423895890
62332628640
7853424404
368216250
69070654658
38291649253
161481110586
6934730380
15419374115
8186984291
6389460550
13261046040
6191424100
271273886890
1322641051
5851177116
215487689220
11241132446
296127948958
36193801816
213452578600
3545491634
26065775564
1445498024
182299593092
94802821008
3299978309
1530411340
304956544
32369155903
120598106928
10093833924
92929991402
1399963052
1495389056
130451527958
27341857272
153797176
512725697
18611024932
7610349488
34024965312
246296152304
16158502479
263232254107
8039707205
728189362
221227100
2208498109
24877368310
2540673514
7852562152
66290836556
68742268854
874630700
7526318992
1276813952
181261524222
11470828598
3908076448
18340629217
6813950058
18284879676
15431446067
261996994
9206888816
6417670
135872185088
123130694830
19486295080
8661315710
183790487371
69829738244
254835634184
115036850212
774284096
51883467450
3777902124
2687823213
3085002192
1583381312
12109467856
2532033376
6011064162
48374225312
90515206148
267205682638
25106115534
8040561840
4433475258
418853025084
31895181904
178520079713
747416086
74938263628
14603365736
22423624788
123868281
399459239872
245696347716
5744951467
276801649948
3537212864
52140095347
83097380820
3147285372
11955499979
236083009193
234721627930
23964266196
105397684230
46692175720
2145814193
67055673306
668491825
46152343196
217190423390
460493129474
12166364392
14002496841
441245987914
99298380832
1059322524
199971306312
24062100122
91853628
8064335490
2561953296
179234232905
1537121157
37714619241
251887444370
629540010
3018776760
96261008
21040563136
2417329694
88680660211
123744410894
1060533286
25039321592
4711194981
23243774308
8223316053
250929708346
244334912796
10144974220
3057683925
174338003646
615903292
191722880158
223946360434
384820248204
4553949272
47789317768
19218129458
78320331432
143871298484
302499879426
696635252
244211343784
39908263010
18629116830
282657831976
8123443842
3723779898
105074190
1537332736
4535472708
4146624842
2409494220
54706437440
119247324780
107077426
12904572344
1535856704
198560904
3323079242
5980760406
6286719625
4467014542
9097787050
103832811795
19312257016
6387386069
21496125288
214634333018
141505454866
6270603506
208274983716
34162678038
53760020802
20343677566
14083739746
298006241274
10045211540
158515870279
18899771464
21228248724
4848195448
311900872
50687326024
19516370430
2148273028
65940693807
26800270964
109392131344
510790108
5453547307
1598451632
24602315796
1244380728
211481489108
83370916008
303131196180
248377115616
1134661761
2420801862
73754675862
5382315526
130154332
2354869806
13159197056
22439277110
977254664
113208826910
36852148689
2699572360
581630920
980724336
1567366626
63352754740
368815316
29805807584
48444242124
3782430936
11461871729
32418745399
7718805101
14209587132
376273919340
345876386240
101605564790
366863984188
29623701064
197374998
3900128868
1755594638
296804035810
36177741119
4007043212
1062203848
21972496504
1037008138
3477433512
239583947390
3013433209
32158320
65415961700
64626440718
8574003506
582903412
86609311091
35131089989
36423245014
3939623480
954456120
9670066080
705628888
2067898162
2012532900
29598888692
2111101237
104076300272
42660411240
12407945704
58343789409
10573501350
10840081516
1691971667
30399022052
15360955560
1766882180
1056107348
3085894172
238802406550
31105413600
187018497926
554662347
62067374910
153545256
12786620938
642548211
472305178342
143059298
3504822412
166391415114
117629192748
277676035098
128016089524
1134244771
3693795359
3792131012
48646901050
714703372
35443308344
246999780
4552321803
213771392370
38266275734
36148163796
2247696934
120678257952
215664798
94731486868
2950567736
288884300866
30380175600
241734093914
7959302098
6481123100
3715689210
19401808174
133743307197
6625663150
715748970
32255802584
15177900280
1713342300
2027972170
10954445076
21128964300
300047996972
103145425238
232174364574
10373687400
28017412596
180746830968
393760614702
43305526816
1701588926
10318034234
3810324138
2491419076
83466560272
35617139000
1643052220
8356785096
10260445440
6894393603
1956015368
4085668480
61313305746
2024999334
71150683715
26882380492
37646352936
93277715784
75654503365
6030676
129339359368
88226707626
479181599144
41334478356
63750892328
97430246176
393443476366
396233968544
51860659147
52737207022
118552029942
59851874678
1534049120
4736073298
279118638078
706974168
51483808594
5464779986
114872808636
18096668396
274637378042
3025438449
125966841420
751962402
293834359806
5524781552
244653350430
37869329419
246347938350
69369552698
19432982957
53893061982
27597300738
1390133962
1578130442
1617134228
51143250746
243582384926
2224507384
1222731696
76339021420
2311707270
129797898476
219003342848
4198734364
578052928
105129167208
221132541994
49611350598
54171875576
753667354
15236468648
69423022146
33490368678
17317808856
44539368110
79705420914
53030400134
218090976168
378197602
62747581416
9985546818
50099462184
23241780289
172174804572
843906456
349444981638
144749791784
10585626504
1458537988
962903656
18090716288
874095725
27369539243
1153223194
15320320676
56520226372
106454165284
165952184
39309964466
297670048254
8181096688
914619774
2362908022
176273344684
1802401548
4523898232
20403650340
1917054404
2032697372
198745684266
4961742472
1568899231
43815253068
240761844164
17418014119
1048835552
85212658302
21016687368
130175649954
40970007152
11058100337
37471344368
164339392
23255550564
51838136676
25485715734
1328923482
263052673070
122197529676
110283653336
161794721122
7933847689
206507250
7653215835
462082600
15783775184
140720133006
78925819284
115534549548
243889238822
2346172434
16137102920
2264980374
407693884628
13529202386
962201630
102629352888
43002916912
240754350506
74608583482
1887312876
1597674772
83405074540
132532743020
18469224392
860330873
90372592205
93483146668
7568116250
4300342932
3459710246
34687325124
213693588102
4186719952
63315653601
258391213638
19245369324
4230613430
224659971571
13850998782
195525454596
186320006938
804860660
18477184459
202812842048
54931933556
63907393932
136476101640
80718515372
77815690550
2841406146
141407706952
19305972516
1275618304
66776418274
128905723000
266045981854
174126600089
35530904912
60798582736
3750389355
16188835244
17847890528
307958112554
417708613392
584741416
1448555820
39757587922
269647996
159884723918
337127234796
1041656822
129881804574
28764431386
4498118941
4548843000
73547092379
6559079628
112906415072
26170288892
160265330
42284402124
110957969512
131296393276
1729091217
88477537160
20013246060
5234891836
4371215232
2098179024
190179422842
45277655004
22534641404
138386288218
2944622712
3992123252
3389323626
178673532152
195873895584
270758988204
118859882032
40408782
190405370634
146386554204
3239940194
86075471036
28174884956
35746692684
4596280308
36164896223
23958464556
185801013678
5198750210
20700174664
8753507710
30271536472
28536868276
10541021212
129248060
24470564528
3344287651
278002741008
314682096884
231825190490
1140873984
325205191634
111956541616
4784526912
49021860420
772129887
31304363744
1669981571
21436685565
343798416002
21828665168
64263097338
50374636364
57676242
7661870155
690277660
731712977
4155734848
12568052972
1966233760
139850004
116633772094
2970811713
116853545442
10096139336
108730226546
358734238226
317536948
26579514540
1959637665
239962752034
164161785546
41360307024
97089218850
27690591902
240195877612
12002046299
3383312350
25748135992
148655681494
37409913896
1508552304
2455752552
97384567429
16360782929
44010763417
770651009
18672254996
10159191292
421531639
435037728758
11688651744
3130917570
1916817366
67013580
10498615152
6654094689
80465364462
2816669419
2420436870
160086851168
4982087992
34917531480
166961707450
117399411966
2250713884
137500813
258756824348
34603085276
384711248260
25416651142
9569005521
55132647348
2553843264
4637893164
294324181214
85589998180
7192841517
305559945824
8470223456
567204528
6100380250
73996804540
46942169164
214870435380
67810183408
293345782500
31334988336
26142939408
194784178758
1951286250
110323448398
137279473760
88562080912
23507204712
246191058472
277238409854
155384717611
181678645190
2090763532
230686992032
310895878748
161559338394
1028317162
19661555696
9145689669
295976413014
67098107260
5708350196
324895569946
3269651999
81511704672
343883574824
20717369004
199105776622
1986471568
3504713456
369264405
318400141726
50786160716
1682769199
828097058
60076842984
8894968147
27418982959
5315096347
167247866
5571139632
352023319000
783205868
1707219796
172448288
108796353
113697793044
2485433123
1682249527
178189378816
28054080948
4384346482
272056827520
386899597124
137893628996
168699945394
616868332
1364886539
130532479894
94142510582
61072357112
68539805268
112874570408
115622243964
9612643332
92018997376
329850377776
52009828963
94861291282
496268874
294478363530
7212966029
154956008202
45393616778
13356226304
145295713890
36149862582
6324420712
4506804082
116252854339
5241447726
76892557324
661640647
3476331768
93602812228
83488485172
4259678684
5269641852
4618792722
3729999914
214193353214
86885362375
23085866360
14479294737
3770595586
217310413
2255022366
21277138605
118474975842
2233947044
193272725236
6499299352
6471485482
13405852389
4478756108
1573020656
192802118846
271967027820
5345754352
27296892226
34375087256
56887694810
14184035836
104231139934
3334619588
633773984
176135478866
3153882618
2253174292
4265823792
21095701646
40439034238
546899964
17764686279
3934321052
153064647422
236765926614
246473592
205992300276
19180061785
4089699408
307611351366
320523540910
8172334896
4754369218
4082247890
264219435890
15275153415
92113670982
224493663436
1573714671
45026296546
182119831290
686999503
3725109956
4635455031
1779437848
3288386084
3532965152
11325236925
232681936948
373354722814
182163833873
43415113414
739225592
203637087296
4837739120
22790985605
29680537606
93335451144
76667992830
34797254660
183862893130
188935940896
39796898900
1590545226
5174342586
518444992
2607319568
76019575160
55701143834
723584850
76700705548
217604177914
784158860
176515241130
82933194668
142059538803
12023287731
32623452460
67377893672
86133184140
229729022582
10692252515
107011323900
351782318742
789064172
2785340420
192712116
5975026714
462000889
17022827240
12196856269
54374591048
70226722035
144190808002
10032954012
168630821658
52491778518
2451033934
1275253034
1633921675
372413863
60399283804
387050734060
1445360928
116812359838
389837975636
55419413486
38386397184
13142655417
104957552812
256090842212
62957024905
3805049285
105240955058
18393592
1741004624
52647678386
611261026
39094284118
37308834828
64769838220
166607018370
85793524824
222570100726
121795524772
1182836392
1315456588
1375613132
1148507308
201337615002
63111445304
622035406
7806174414
171002838764
900602764
16703798344
2831090224
44879430
55513716386
18558013482
279140169212
11105318688
80751358092
50226612688
5321966674
4565008072
10139393072
15476461136
43398076071
509303516
14270715294
97563386512
14222254794
88417257506
138648340510
304383667494
53844990430
476908788
27671112984
95363850340
18723023444
48958991341
255029397742
58152447936
187065593428
7749882824
18778516816
68246141856
3170652358
35692602726
213495266726
33224499692
334887765580
616108164
3284973828
269533509524
21821761588
3322431146
66002155342
1375073484
43869107206
207433236402
59746403360
64569020690
158099209188
13962585052
49151464260
91857351098
3043833930
93167728554
55389512550
45719588920
908623224
2941076
175702824656
143138336116
2737828465
3293643260
24170698073
44087218
5777626164
102339941306
109252984574
405518340010
5698277828
20398908016
84104908238
3678394648
1493498154
371506026498
1763542222
624263040
2296003640
13550151554
86674756284
71662570017
4980908490
27787712774
175916782460
2872423225
468516838
1431124784
1263107240
4844282134
7420550100
456624111302
3157238760
288725594828
139883764190
197777302606
408376946
32203376338
23762327846
149670515
923161840
12505241462
4535850903
20740148758
1107737454
20478766619
16152171842
95752683344
3022812776
978533290
1000843243
10589276902
28470498898
32646313358
7362422193
213129888628
88331945908
3288874827
713671088
3535564590
4931403580
2288342801
1217834934
2713787744
96642908586
195189847752
143363716901
308885470888
12163778740
267899531758
217482664
7580339524
5853435660
10149787299
187815253912
58174378762
44417921712
30920708122
3107850480
31909554536
88802694276
127356886806
12543144216
2568904144
166775897545
171772124
71575940567
49172187088
254822367
189055733574
947727906
7237723831
47367375124
9424203242
310011393776
20027426950
2683533827
547786580
828901554
80605738312
72184359664
262644286760
58526626936
7322502144
28824551351
13306701910
66126186592
141183255
173649569030
11287353832
3025879364
126542249936
1979841324
222144802576
13317500400
4468614379
78479231256
199285093392
285340409080
1144987330
9514070922
356701870308
6810620262
432098064706
7480899798
2676812744
165366526086
7931275272
1349708170
786735797
254634579792
2061209992
364510029612
58388335594
80010543853
90385328100
202816332
170312038152
157001667264
2254979816
12971626060
2898783048
975041544
293077374894
19148942442
894585813
3815431606
327952278018
21645221027
361795270860
48248679160
65711407142
290112503336
224770431406
5026647746
3818005006
81088227269
260188174948
185615717704
105080165214
316560042970
218791957238
90841646752
33175222836
1445203842
192834849818
32313879444
46435751852
912929710
95633693570
565188697
39439035878
125219767960
5803238932
113761616962
4629710500
113902402746
5921248831
97746738640
74049572544
24001747580
22012347212
361926201
86898316674
12303691044
165255922278
6325655390
3593939712
20911927500
30068253098
3248521392
33871222708
10845671088
290055457831
153690103590
22444686042
227338994
8993065148
214992165000
321861429508
5235558100
321345534094
754023346
1749604976
4171114644
37239059442
110617732600
52423586484
66163374508
16891108692
1054651552
333134654101
15486092832
2888474614
4815156656
23905984828
1229487560
13021914944
87127609955
359154789984
19965847536
3413166192
171298735
502466978734
9606798159
9241895852
178626971446
51354462949
33751433164
121652634770
32933817248
9539190632
2663502218
44738953958
307864335990
34602957202
708862058
6762746646
18596033008
341509316945
137266050902
52039544696
3363233044
10279793868
7690377032
2429399937
7057891462
1053422847
222575668554
1113119652
7729437260
200958758300
697063484
196034860516
2604902832
2683177506
66278309944
1647551141
107058038756
1459863908
124882028
36990179016
19535772792
125480150910
75414145434
373635068328
10295559468
40248338056
8738378200
52267431836
30396660527
715984784
72920030237
10525800334
170068077864
32140460919
24365066524
3444663091
5854415777
263774763404
55610156514
199823776484
86411256158
351442029454
535093695
33566960267
10393414032
1777964204
5597342130
57675496406
141114460410
1327275562
246357424948
162490639850
28363943506
291975235954
83455761749
79834033064
20476059102
128132474034
3191958952
4226897560
116357641766
7892676488
411350939136
45110354448
183287556748
43153534472
4690024648
52207688982
2691354820
1840423819
31611419780
13909251502
178738669904
1426820552
5166301716
2620787236
7874879378
78777437400
131546722622
2165955216
86230743032
275203988
177531168
255627602850
22359295210
165170841
13476052572
1087053008
55881758144
2181032366
40173183848
997023096
72130860168
96924105436
96372013738
81417758576
214506383398
324843636890
934423748
27118070418
13981038320
81354239916
69168631530
110126599132
46153332472
73192419996
42627658020
483612393
200786376480
3851341384
38569490471
4120407729
840669536
8842825038
966057074
226991463
75501523359
36784908112
33319952522
184634050102
247556772258
2839357080
15325656804
3208255547
7395255845
338213185890
487337988
256082311302
51353774400
250098689554
187614212
18396446484
19337222
11024145828
342446214352
369985006456
6740565584
328130617646
5360920902
56247674398
256065999530
84500389792
29811482742
2092604996
3224353960
103320660562
162472554728
228284380966
255590816408
363302405
15955816928
1211711816
109404835716
54201447880
31380920788
239469532576
8712177511
991668892
48834318250
989910766
9837722708
1368285852
578812594
19994242284
461804888
109027175340
31726188066
133904465148
13957185124
1737641174
53247329889
2264496772
17233035058
4453954102
6748146356
247266537
236742471168
23607402552
79503509956
23388048676
19167909948
7432129670
75842711972
7367244742
1465265412
266688866524
118635629
60061010098
37903450016
7877837829
35123455800
192542376410
124098025796
49017505422
2450212908
41236857515
15625166
105830884914
3181736563
18352066544
4210522286
5691664328
6203525248
77956806320
68612421616
314215131
29909395958
2946841172
72292911552
2394907572
