1761381272
2294075199
146221093
76174549390
166740887
53935251519
334645193830
68158862
125071603390
70080826152
277867383723
4257070033
1167988195
42588541
11234692038
223767824696
9786371221
50179231672
45790715874
16422643371
9421403220
4315815126
290019742
60488220231
2207031970
6003457696
556968166
1133876824
80857468251
248477606245
15467716147
7071184233
53166974947
241534291318
77673839
156495503916
593751975
373286503
1974563610
234534846991
835609050
351139947
84215218166
241985222
1144227993
128867195
2316716704
2412720356
14418385867
22541736539
38433010463
194769622127
40644219110
984162531
4676677380
811610352
273876179379
340343440250
137289024
396311151597
436073732100
223829924412
4457108109
2949246108
405414390
7885515393
1888941175
8037515786
29153111
505943622
128026917668
9026306218
417541780818
416280586875
8732984866
1981324673
33657082502
3512878353
21185341509
1704812147
78295328087
3930657970
668033294
598640779
91526825238
9274070366
290874305429
82984908623
12180073598
74720924571
114056367465
77910454892
766754418
1321013088
676154880
7290520297
98492247993
1268510423
8182047140
141724811579
256942797367
436217341
1646278112
3394106703
874069290
261626570242
1760788509
118333251
3385561234
2005134361
23397360405
253248944105
333184536
20026507324
44220430711
610831488
4216944319
89586682
576559993
1560268292
257829420882
50872722
34279055581
152216128
87160315513
34839129609
368347917780
2550156285
537234132
14250106040
1709188787
387522216774
691830206
311873877092
79546472663
675808062
2178907064
2134251958
153484943
2013230434
22293972798
7605390248
1374662424
150128321570
8529849105
30626724
153444206
186218514812
