4107207399
7563187227
15495228658
3451299725
1400420526
4389470124
11938476429
31635078825
207406375959
2031910948
120929553563
99526027232
55701691213
31883037209
24137980310
26880512292
10199635929
2871623266
634122740
1924816444
5934221090
83230697701
3300476051
61600422183
23499263495
328433732
20030059676
12525210985
8178297262
124558307561
139755251189
83788045326
90252062657
199159635
23965688766
40867566586
61677940054
680672395
100384775434
6569804769
135203154419
6255801912
2870925771
16683827130
23134763355
1204799320
3464511943
906808966
44947656413
105727696313
6669826346
533107509
8958332066
615685817
61538373509
14970855618
6107050747
209276584
6789980779
5022081881
95085321458
30004476859
46843269990
10020746899
21578594725
41444488942
12994751995
6294163156
2038066958
433143680
8090004698
21497302454
9989070735
119355994109
219298328
11240783381
42963277252
37784623188
49268751598
25662866568
11456418505
14177394729
8824683316
4677949657
3526167996
20154682749
3064591378
16460112413
5449038557
9623389092
2945735870
136337513301
6979384027
2277446315
25561998594
19691650527
2028029122
8359233088
47163523765
10059952257
37428766908
22678144950
9101695706
37770495117
55582857176
1428040890
111779060752
4195373818
9645933309
6986294603
29719983329
106558120603
93907883279
29186037015
4733391731
33246761564
144886650656
25015544183
13027421607
3841721714
1220307257
11170857018
24275393705
111703302216
13892669853
23976138361
78202809869
133418071583
30913064052
73239312417
110218877771
1459355765
105307594288
4272202643
979529679
2361385203
10459104197
1252790265
45222847344
1816338026
14705725656
20492458708
140796793292
7781201817
14465757262
6671169253
9652386441
14544403
2157551450
16092581227
1091778722
2242587774
567443496
3650753726
78117081
14215942557
14989824572
5386072602
281525327
5006928014
4446739336
1871274266
44973321708
2552267507
6780259188
70279817990
2176673221
582685405
2330567235
144493304683
10131575148
1196268445
8288246115
18213586930
103654688
78693363770
48835682872
1635272401
43731026788
3897862379
66740294789
10966942974
21723118094
72267044996
7013683971
102273583234
28011699023
4075454652
3586741573
57316282404
10224516614
41346589850
355183508
18559477925
8267775544
32380758423
3604228421
77781588329
1282864518
714654601
240778993
1709590835
5332378528
79896556209
35784510482
2787751673
11576731686
6612797103
104097612898
1248324546
37537721946
5834897194
4806994147
10442582948
10412774258
12315040787
3641424799
45951729418
4964859028
8436063991
8774734669
2768900309
1067022462
181623970409
4175001088
62412952128
11178581890
1525547325
770246253
1849235274
14796877557
1262418827
779173343
14448520077
7325712241
6521833584
56642744563
998981002
187807293608
2574174252
10940653104
111267494929
167922034719
38306460496
1809889975
5915654045
3611419601
3272082233
19375925120
16116904998
31174299095
5713634603
58369965323
5059984512
69779854213
2870024917
63901460723
25270680666
514411034
3515812841
4586914441
61787336454
13292897366
198346389823
3623113199
102548658834
85464922445
68766571373
21746718138
1918785705
29424767501
4329371403
27750641639
365570786
99355836075
28161038737
30216554
16904940589
13760146755
23648192974
198059554
694322790
1595088684
21436948539
34955323702
13656947277
118769287467
19841605123
114455856815
5493310796
1112981240
21354891818
648779394
12026251298
29158259622
97108255329
27520912342
6167000999
175536434
146412987499
7741950615
7140195787
6994035238
908516382
15086040281
8351699784
16384687129
12384195804
1020249962
23685807719
4179270244
887617479
925701899
1105589429
67327481531
4179820629
5267467069
6269562837
33120669926
600323602
4487855445
3054661806
15032099252
94476821131
3272055614
30523748327
1342031533
11996603330
104601518136
2954119178
2540290136
775826210
18649235304
88915384406
6306689076
28969860507
45771825456
118204462391
60513982542
96952651060
2204736146
167503061376
25752869290
4595642217
64193058585
100094878383
982772547
15048344954
1306604355
1921255325
790541837
7201437776
502214784
170217769177
1923832345
16454860668
3891733701
1060249650
5642941722
34989184717
1199697867
83070065837
7344961270
11312686403
616800157
5597672849
60514830930
6341810816
4874103756
24112738003
262624663
62837032893
26678041828
91441467984
2455065360
816616252
79832510
37581490933
19177188725
13069016009
111298550601
6283819544
15467650002
31681455650
5935321084
25015844816
18368091180
71063536730
138650517768
4232466341
2617368675
98110803048
59869636358
21941057018
1636050363
33405756062
20509009863
1426316414
40642290742
15223513004
11490428521
4784257040
26597336163
1158145063
9109386689
106959961533
5297729116
10584294035
3841051088
16637717902
639656227
6031531011
3210509358
933244823
156150738
9625895825
1483637276
42219988867
25890016218
12318448639
49255131035
99013075247
2423884735
83364752779
136023953699
42494936180
7437106904
95523521724
1526370915
7371673022
8368889875
13471647530
29898641951
4307644842
48372487422
14357985658
27701089080
20630337868
1590887786
183240268996
2672372392
12591279585
2753914565
5458198397
6055616031
10970077915
162817680262
41711580326
3813354846
36234341894
4521563551
6692381255
18137936102
1424286262
1759159612
115914980488
66109885242
2198861511
8283666832
964702633
67371287643
50682024820
25399714808
54478842284
112790692051
22818833034
32204430684
1402653559
7328905816
42296601362
18736029418
266478907
133525997020
6456802005
11139567795
18829839669
17029159910
1918554563
48769627099
56334587699
10429231637
6926510682
5779467557
150629948918
74212906669
2436876249
112935196211
3493486573
80891021026
32757365180
160782017
31862993
2942380028
14185905574
41780655735
1216370237
129853873848
159266450239
18816655718
19328536986
19296237134
275955726
15152358106
208627563004
34296826364
19454818103
30107164177
2158381228
15364468875
22805054531
14067060492
4975999609
2577188124
4115506461
3446570934
21929783604
106256561828
44321294569
37084941526
21152222399
96131432501
34355626559
1953000530
17619585250
6564825310
128419274044
97026641
436553030
1505066923
34570280763
29736962775
133022973736
1751934969
1333139982
8574138454
7534802781
6158596857
3999957493
2284379097
160112676625
6152904567
202220062444
13670294802
125007192425
155328038523
1797656388
2152185662
30629524804
8310396120
4112300864
25385308400
6339246445
3430943524
33257060
3564947166
21671388669
3034886049
22362053075
118837810169
3310730456
808120685
13043989360
3614330827
4638959515
3106288675
13605468793
1618447010
36523861780
126083226007
8453400293
152207595256
58516741654
163780876
13119115444
15115947693
8748586485
702366426
10605161981
70104697592
14963051254
917316118
32275870692
8042017746
149542170052
20058656
12754289908
4101115130
5604389864
7003166370
18200620407
57711180389
103156809495
401667703
1469145357
14054837977
10625118221
141177258
6992394752
2032701742
26182172802
5300226080
16927482845
137431732247
6245016430
18816667617
23968128052
126705463086
2528185626
11955150473
76111915990
13851377993
144128290798
20931161982
20881554632
13127923069
16621647162
2188138617
9417000803
112117656
140441606219
2371379296
50523638
20387263419
26932995886
7857370000
9429656683
6078926475
138928990792
1537252149
40906203980
11162820381
97944777817
2151314394
6318962169
38036831365
39134716812
1385011039
758140633
19768998990
25338836671
871963523
17492805
1196301274
123238700572
8356771010
4963905979
22607969355
23378841760
758208656
60266037711
150606006890
3246965152
4054657182
1227033870
38845210474
26445354719
5328417569
10944380767
8518198675
17849830219
1376866814
593302062
10381655521
47618451511
3001322185
6616622408
9151511628
382512898
26145491538
11575372212
14725723119
90419893408
41483585651
35408047886
42797488191
5755345945
34166124389
21442462257
144156665310
14151684805
10290281798
34022283304
13150985824
3805442181
39616877608
12557091460
22423568481
1627630005
137024817075
5204921526
18142827392
41228182405
21657550913
21270919492
4593255417
24244426905
48778956092
32005334750
3803738161
6397032140
53955907773
730436973
16004933824
76863532107
1191093604
158749050209
119762631105
6448364904
189032534816
69704507879
14554075159
4895858584
12379216303
96465088583
8622728661
143516815494
75267958348
143695766568
92791489001
17896327379
52133022
12007274722
59674163793
4043525229
142864154512
10327722077
38383658572
27735474703
3512185944
9260207631
8930315998
156649171048
3605337958
4168681669
6728850783
2068809394
38787551145
794290525
159315444886
53425997749
1091336726
721315395
9409525084
7088345412
20672174827
7866770891
10258727948
27217469396
127469530913
146619421218
11086398698
3786921250
878919875
28553007646
3412065772
4609144193
145134142550
35762092502
175153702
6414978283
2818169495
10857656110
29070431747
60826907292
48680870460
42915955761
37205511616
4521134525
111057192911
5109733753
38980943547
194213076563
3248180207
34002724266
9637368426
947121968
14660656755
44461940012
99327027577
373742822
28403581827
176266261
13853917060
11044924835
2581570836
19736537895
15383071610
37735984360
728027888
7596432809
555403910
558477912
1655556385
116750728337
5023003114
5103830130
5699872195
84068931961
10483753370
5091790287
96106556175
63629424688
9234477002
306920117
6609386742
3723352197
2817941939
19821539170
2867290798
2425286409
27260805120
992575524
10795585879
126752695764
24433210054
49772396730
661796023
7874366990
2824307518
14105011452
137856717909
52140868700
151615739649
167886975719
1328010859
25529892155
53846056426
7564741441
34863393552
36843531932
84272849586
12077999942
2197027759
41216435391
144870057636
3531054813
117481603654
821267358
140509025932
25167203255
128668922502
2984038748
22345771888
1231367009
576045928
20040028308
9867532569
70599932304
34088190758
12591928590
23238514
4481282963
1387073629
106145235105
6731822528
4873370950
5279554263
793609432
74991188385
3130727610
16388602440
1141590961
1233597581
145882773464
87681530233
9494753356
5722491724
58347460817
46288679214
488177720
4008254056
91960407281
4535355408
1993338776
5673550621
40558709994
2518712540
6972253202
13422342573
121037500225
4126681775
4108573270
33895984893
34554273286
7898986091
730947677
5544697593
22069116450
27954729262
150795852365
210997222
48530414269
52812976946
6201623072
9211584881
56054829474
69479114329
8221821619
21705229441
2432775658
27339488708
39842391763
3356256455
10617299563
126132337550
1208702570
42160123148
76421955919
786772105
5591178262
664366989
2107950774
8767712666
9047361458
100388929559
38391287731
4243409607
70860191305
8965368909
706427681
5815598130
4599525261
1334306957
140505041492
5273034663
110918765707
4311813864
3636532885
66604678857
802852524
23353700045
3177975899
2339812938
1724546719
30009867813
24952734954
19179268503
10286692164
30255765507
5503959846
62115597319
16113720183
4439357101
28183952342
71116379919
31533986994
5176972263
7571595604
137177122638
10586185042
18540455158
21260810627
3266357613
111008188249
64673975691
117018537606
475801276
28315811396
93979199614
11769217886
2264107811
5086976022
30206608661
75478563765
7110877305
74089074310
69775230541
2212749034
783615262
39575180193
782366730
5214635221
1477818047
2359966910
7856342250
2125181740
37259539559
5544199045
16369176490
3315220190
25848222099
32680640156
9935558861
30231634366
20432574694
49509536007
13348569616
9195547846
19899978190
24314284056
4877975961
22878154325
8504581045
141425656699
123582401835
51973755789
1666452680
807172557
32882371182
12618575096
30049041488
48328673706
154633346538
1735048
279593937
7291600567
17580666806
383542359
7663972851
15140689329
2263589943
167306987122
14014603090
80042037661
188835736449
636799526
12395159535
158975273188
99605744482
2646938037
27967520882
4380487934
2539894091
3075071751
95083544410
29829439671
19452140250
15347365551
