346686346
543204106
23570449
661112187
473257005
9207005373
1190990920
3020949314
443794168
55739774
722695736
2298860998
150076925
492920146
323700166
6613438431
612028896
1514192110
51709398
883398407
513342630
838165356
600061999
146354340
3105121176
205633312
3522442002
913173948
577579422
412002072
109316407
738268268
2052717554
1029474246
5138022626
331140654
6188680371
1013370748
1893765366
3023162116
2313335130
2798127771
4298155662
89056496
17342798
2235438322
950516354
2663406116
98456459
6671957850
962648325
117442785
1716803213
139353642
709114842
8042950140
2668532056
4990269567
614687896
1988998316
675737072
8619653616
619077544
905415993
1112528834
583817642
160439696
240943194
3322990926
39756042
1373533986
45552696
4632315636
8787447996
280582924
59944626
5527705928
538766236
253890882
2382156384
144946801
738335916
42027943
380202045
829796504
50781738
976361729
1727374120
7593939495
34265678
4401152
923447530
403239922
923993110
175525485
1559965816
543407166
3195649606
1487359327
967307953
35495063
4140904856
685555636
896706730
6003775389
743847582
128856731
57121798
141459498
142513518
699175922
2846595498
2131152849
357222350
214366902
270550568
130675167
4352180550
8973282951
2866458897
967175694
260782968
685138200
1345645900
286677714
8533326825
1220697319
3829512
2226382508
40957479
161200441
32275412
70812932
7468054395
56584135
1298005722
229260190
378111783
462809496
32367489
1276985259
33865113
1046146818
508310696
6126911776
298769807
9639307323
314713778
88961591
9711836724
118261292
2043432478
70352216
584944747
938204023
171785082
176688692
2976477442
3776375762
7589067441
1411509800
87259742
1865083276
117849630
437140452
82905425
6146678115
6559592672
753280213
250614575
304428661
2535271098
1755869227
8392913919
420648460
2785137184
984659304
668133900
265010790
6344050930
90942986
78266006
1836980193
201989463
817765420
721120003
219936723
5045403652
510163664
580014432
661709480
17601976
9094150696
1522299136
501516203
7310059
1510629588
2431905170
89121815
10103588685
404781246
3265125332
648237422
930771993
451827046
1181124066
1932862006
595654316
6679558341
1335280536
142483051
4834527564
354559281
3007183536
869640396
71721696
752434913
10777748946
486285934
3863689010
398895342
1833427087
3704037618
578309797
561623932
889245723
3872931092
145175118
2060710746
415844386
1998506495
1471969530
797061572
1609746210
4013903754
352754036
3205027142
23201696
246883147
380535196
1965674518
258250671
134497512
459451854
5780666187
1035418530
386921620
5802521966
1676555468
37376919
144416520
119526617
4154410396
19670526
3362645466
329482236
440120814
5441471079
141209677
2197795453
1404776034
6664668096
2633009046
75230595
56906304
4076199426
1259025337
141786795
350142426
3174445926
960801546
1597900134
1670127260
5139327
7973895196
913286158
2196282
1160579720
578975750
193437552
135550704
946074942
150144436
1625961158
1345460355
46210648
4357164567
1214941836
707783167
3956800798
2301525696
1557759720
2449335656
2996559792
160886404
736410181
1771054078
147878388
757358947
63052313
55069964
1617392961
131476314
47419983
72904223
8162357132
83556429
75719188
612752418
1078383558
916555992
106652930
839125289
227177076
8610554256
106683567
2145031488
59836994
363901900
1583718434
138108672
123156738
1721590864
1608035899
4305910576
2213078970
1998634586
1910532874
207783749
2685817274
97917098
35375472
262068359
965153568
38248240
