933814419
287310282
1161879465
4209666804
8389495913
22866573215
2116026343
638945848
947407657
1381297497
364905131
540929992
915417228
2669742240
496227012
26587691648
956083362
1462236362
2320780963
1221926136
465478010
2130019148
1582483735
125478828
3152444289
957957968
15226715928
87809994
4474201362
1780945842
2364554792
1038468751
1384362692
31546260212
309437513
9562919936
27316685273
29244633550
5353735342
1306067596
1373133151
19233591
476381223
869770787
684037180
659527622
3273186090
140045377
3116633230
15882677544
4416322880
176336704
751507342
6479493872
1543146331
114787138
7311064416
152203291
1722755501
2213175705
445962309
168134079
1309548669
24239723780
6872586478
490538962
8836531686
3579975360
2874829024
5621371453
354994083
8226119673
376131300
6702243804
13796207088
659487820
1335949202
8541693586
3168345488
3518621736
3563664135
20907115226
356856378
171466700
3245273460
9371627144
9903578560
4427403056
703910211
157805024
8645361426
1864340078
2617596430
10336605127
29396628576
501829748
11638369856
2835126422
8392144095
18533265262
1702988763
31285331096
434527486
12785134416
232929829
571410448
24315758644
3080803719
16708941824
1736216166
15790649152
198973898
8926012013
677006018
1259729075
95239892
179224006
3990291792
10945031768
18527776792
35657896122
389455128
1811712903
2569511255
11274384832
996763568
6779667506
32488734486
4834272274
14208079544
91123647
21728551430
6999249296
849618144
418649622
271989697
1768550430
724352888
207993930
527068159
1767436242
413534472
9488965844
2588939832
8251999551
1252811176
5899643392
1174841164
1832268766
1009363930
2474064904
2006046712
2819841676
423758637
228890221
2666406248
32035273809
992395867
20429440376
20317961332
6081630079
80316600
823947363
2744319045
771858855
18384289518
282791544
18079428124
2128411483
10815315335
15303882504
3629953528
456752544
222048989
4777492
3195504079
1121974326
88118656
7811940522
22051016320
2006879057
41777788
9217037472
2882674454
246495714
28346696
8882564087
232813431
2042934762
15120873560
4534836746
1512731178
1933798656
6978674591
661310848
230408031
520107178
13690580558
13040162880
1872421358
18334369536
7615960612
11044112915
152934440
196168649
1028712835
28291122
1016937808
9284939
21307205748
91825068
36554150928
40294332
2662060965
686544993
975248867
591758220
1464411995
4963336742
1092031807
7383341316
1393347548
18493479552
119250412
298367776
5706114915
1734303645
975486847
6832779447
406309755
5591897601
373952088
18496090212
4898446930
32197920514
276469775
1211921554
10359738664
1094441588
1276367481
6061103968
2752582884
12418448068
263065913
21186446820
2206622895
12376587856
13263948
363287143
6507345650
1703465367
258183551
11372159343
928527160
7392025620
14669957032
171887555
5670804482
20781313358
15647015298
964519796
15156051749
9059071552
338620415
4806334362
24756885040
11233193342
427259358
3627086497
1154476420
31343314562
14625882240
18428723
29568598642
1872582125
616360140
83251944
8800822710
304727725
31656816168
338093782
36613082644
391655424
295612539
7796095905
22874246558
114614184
5538203729
16898816420
43744069504
875490003
24600856320
474959802
3903614861
15084906864
9314190169
580224185
282464865
222539796
17230392453
30608912884
7649437401
709064903
3038859688
17855586328
47301240
862909312
1798745780
537948833
5507435610
859456417
696934649
31881693913
13750217718
15361977656
373582680
9572015698
343583604
396890119
1422707826
3028837350
31630326328
10794152576
18306295240
11850078548
473670200
2092532090
4431973157
289395766
4902848964
2289136487
471660037
9623471272
5639273890
2125924832
530695015
26371513097
35965929136
3060171021
11645629248
99618568
36092796
15349363272
222532035
159589815
11132842846
1665694918
66581170
4583549782
12396218796
324934896
9011491672
1527791673
958444092
647633043
25103635898
18883158970
3769068596
3694269666
3860545262
2534350186
1637191761
492662189
200447028
2581757739
12918232260
1863914180
3035171397
4261007263
10892916480
1151744352
702778752
26343967152
17875487808
24284243079
2560880789
393109678
3903181920
27872101
1014700286
8212608662
4040738238
5559861226
345401378
2242031570
299578628
16976308674
4719591745
651556826
1219480371
804779313
1700876858
44402032
21385117229
227081000
1492542074
503625154
5665423335
3005260720
118667133
7071469572
1045756080
2087849064
193291380
2471319064
4268479264
186847122
4828820618
6794244561
5007320244
364949093
1157677783
5786611232
515720114
31446666752
3085230824
23338569204
10310078448
1253751304
368337036
4788717566
6358770024
306968586
2285045764
4219268827
762101700
7877985664
3146553728
747722080
12096764509
2369975455
676832916
15898879864
970889115
2544713190
522418344
32725670581
3129397230
3608699297
27265004
1696540496
670883758
28374638916
830726512
3921126052
2808267670
102788825
28573109256
10449979216
587326740
1073603
27846734680
6871145325
235726798
647487712
583646761
283279850
1120170576
24687466
2021974516
1506959734
1222090155
1932424546
479994818
1376160276
18647572
26878558133
262154402
471703313
95870538
638778936
332472579
1260661935
2232113396
4666522293
191429322
1121438639
21553960603
16791274032
3450208626
3284839392
1770876719
796883417
302023737
14583576248
1594072382
250527733
11744917254
194575992
3096822037
1345667362
472284296
18265568123
703121608
8061429232
698537651
9242176269
46960706395
603788304
13905837
313981107
553084783
1063685349
26271478064
1469243475
6329542692
3778303168
310098360
7267636252
2160547288
748546326
621312016
3318594786
886474752
1490896098
579601914
1447905589
4600641090
20133536640
93652478
12693215457
10682473426
222473784
1504552449
379913316
2165441472
6934283805
3370535482
18545386411
991329900
38103528
2832022140
2787215350
257838846
3889422687
4342996344
205947242
9604498166
16411669810
37126015700
2599190865
3327854559
6215489984
80941808
7762438179
722601815
117659511
1051302249
560789424
649932531
6560876469
279017702
33235039584
7242852640
1126191609
1131737757
89682679
13124575216
6326649810
1939923517
305670624
660261049
25077973862
17142655400
67945800
3066640058
2777314928
232380000
481520513
7267961758
2481868833
183909466
117822012
984417919
14983266436
451384731
4516164069
126162018
718745738
4429832574
15680496064
15534439702
2588230406
283910151
3689153414
1206865346
197985642
187256188
3592471726
14100862976
6958311176
562936037
1431370107
2053018
14819587
4689463380
23884037544
193929524
5689040766
14949139311
3508770554
595561059
24384187664
159059725
620573709
3656433663
437212719
14373365588
28473205016
968934150
10767783346
23896094928
28120338217
149021148
419927393
213852922
3450974434
13659576976
4832097718
3407135420
17300270024
231947565
609895148
530842630
320733138
1662122616
141272908
7518561588
14203015122
3403064115
4254693600
318641181
451598084
22784235764
862072960
3239031524
19513987458
89848430
2424507618
2823218456
2524568746
33508713
305738120
8278685196
2225565590
3593291262
10559923656
2601046341
14905007670
1091067466
615139199
818703809
8103597963
108815400
210176120
35218057144
7151828520
67843203
4391747742
1346875566
243789230
24636852608
198033330
1641770989
9620250595
3155375804
2076043497
17402895488
36502765
36257756141
644897807
44689734
2499606286
54321741
212437292
34675040728
84886060
397964836
19835160171
2751268611
781882296
6160090805
9684808113
3930354138
1487829933
194389057
12115038
6816334800
445594852
3228883416
96131313
5160722418
630856053
1557906383
2235534136
281878919
10108490676
11846374304
1398453821
1007762016
27318024672
189443384
4445413186
1326153438
368214766
4711929804
1451884816
1270603218
29417139442
1174385564
1132128960
5747349010
2261050554
1110354762
1979736906
30037064548
14066571798
1248122967
2069390236
103482694
45293143878
479739193
21647550423
14895550078
3158550630
11236712751
1012970220
3430198570
200723239
284774142
1021052963
15242487592
2539538709
73657590
21798295562
233778589
31553718367
965739580
35332560769
6425090696
26924827716
410297838
9329181640
712493148
34939398770
6420455338
1750872595
203589771
56729127
29980392232
7067689204
1064806970
3548655704
5859340288
316523254
13696906510
32196839910
1327030091
3672437616
405849729
141608356
229386095
4929354559
1590992832
405822253
329417510
15816579530
5497661072
385519464
3252684172
481786633
183843352
9862427264
28893499040
13472872
388824872
485587982
17740554255
9933075855
23546550751
10982656958
360717791
17461738132
4650334688
233275329
10954358012
1183387102
466925210
16302871150
4885558715
5462970073
145025395
583021176
84161532
735929854
1327131690
14381929928
1567729788
34879960
1284032644
8011577846
737673642
165205985
26095985572
3856459513
6850275146
781060738
839673002
373555758
947918153
27905448960
8744852848
8631223510
2566326294
1886801665
5238841264
10431951438
9407124124
2140547049
122571565
3608082894
217193525
25421505478
173745610
8883026984
239556092
6845618671
1974000515
1002144020
102992969
4353284006
296853736
6306598170
9484118796
609694524
1882658503
601650516
3425129485
1617891989
4342218881
4759418984
1059866718
147193649
2591920661
820387058
6262392095
1676412582
470844104
332549845
10718627936
484880200
2885029834
1160467825
3193230710
979653132
3153128954
5696543042
479423124
17752649844
938341120
44255367804
6318391254
4063657898
2969763580
2213069944
795036784
378688925
2279546568
400413471
1210958910
2530189341
5169121372
3955218687
1764363400
1874566242
812180835
2206533938
16710678960
6708946080
3854068908
20086842004
3155521880
245888104
1033773368
123094040
8678058973
7342005405
11880214528
2915912175
32199518992
455631773
16080310976
526694945
1676031065
3945088333
701163223
1413157961
10249178594
571736935
29506186225
154040476
4515694149
267079074
2720584
1087458678
6844954820
1692880896
17423126768
5449422953
7625380124
225531677
6840034308
1491585950
216102520
1450002670
2050524234
3965263600
25178468167
11866148
2309592036
3239319978
1506974144
700315698
2002693587
30512769398
2788237049
3638019798
18952361907
167222481
51971864
1597614663
4825460276
3452312691
22755214706
5062266944
5683314078
42786056104
26132199456
4116645
5064576042
523669911
4259083545
653018208
177236535
845077771
2216614818
574587502
317489506
952963295
395108806
12584422867
2642626936
21701829
14379250064
74668876
4126410852
109428515
674887585
105017150
3209996719
3031514001
967946624
712997446
10221723658
14855314395
423404282
3621061700
1041856531
1696222868
320894048
759418175
25477437428
4614357428
13333973473
187909867
296016495
11574727131
3416518053
551881323
1863229894
2967182903
528967132
25269743976
8818212632
1777516992
1505410409
2689298952
1097389151
5063576
9830122140
28579987
977867616
4563541276
34926542054
2389287684
2557003363
1160706815
3366875244
374032086
31184886
162966292
24158204096
781683933
8895206730
178670740
314979856
2504244146
78095955
66347268
19549047866
259747027
4313727792
13095712
8174716035
28039139408
2221613854
1601707864
2084268923
1164858463
4729928145
2269492118
10889796
54185690
22542530820
184393596
1896635700
6749276715
532510400
2214824453
7465925900
137624002
36339425657
18000572638
336866043
12403816972
100336208
443991972
2156053200
267252066
2106852575
3767623432
1147758046
308772015
970090250
2681474262
3032760966
3176325488
126162278
1866805244
2954386479
3283218222
5365962764
6764588048
3373263760
3509557853
3600100308
990212106
1933416087
4963866377
115797377
399367812
220097292
56226294
5058135648
2557728238
2441473177
4255535472
124409600
577488558
3050823718
1686021974
20380550200
781482755
3763563840
5583823404
3876737117
415358542
234593381
879627628
22769743444
598654475
496538307
1612864404
1641546696
717568462
5485560960
3505363764
7523495780
1654621586
451122978
56122796
369739344
250654626
148636598
146655876
1431620344
1015283257
3691484404
140950430
3698464874
4456108676
27654168576
63460845
1267047525
8024193775
11770359792
3301957821
79554537
67591460
50949944
612657234
52861602
257131709
41104229991
3881325
187552326
4929561571
3064368516
4857852754
1928296383
13603006432
30728631808
