4456218767
3372769555
29148559529
1903784598
54496780460
9332202573
484046348334
7195824358
8224110798
128461458357
165995973854
212974405193
334893309
46965163809
12229104342
1454462849
81082267392
3185137623
59427963461
134093273146
22866216381
47528559547
91461392097
76990089721
1804489650
69215556621
128908515653
10248314589
168290348790
400519943296
79238484066
10151209393
5181405416
70531469225
657879377
3519228846
119473206305
18777726565
10787292434
1955696483
746741029
150184964093
94835638074
47660930977
3411864814
121158228791
2760740935
248285932
13315492219
777909166
20815255744
1126985308
19900787961
1333434378
7099190926
13742668214
117875972499
1755333696
2927902923
55331507385
10615595394
142397154910
107922424392
18394668099
49140011150
4641052990
4666461470
110472842201
30823254507
24633034941
145339956919
57573312045
101466501605
99296211600
11027922268
29938993463
20955849464
59741026356
17460499464
7525188950
32468233635
167340247128
63892176388
77376946619
189369297199
115811420490
25070476206
1507020354
250867545
74680760907
6092100548
2561718792
93703733116
81308451080
698670361
2176570308
39576403821
2247906745
3953162123
55530309880
342639703606
4009273383
4088367000
5689222890
317329522704
66131739756
53107712717
351194477098
476429776152
2881950137
3176288924
2292743291
42688864915
8605671672
113013247750
44353582020
1599497649
123958462911
40273951560
58760420423
19487973704
193692701682
4444871057
10611553872
33826263842
24734327810
6962300097
2013661920
741458210
165756203310
328129387335
73620011387
5997317235
173983189188
12376156178
60476408452
46373072856
5233995097
627358802
732905481
28553416037
1796295414
106752315
164653379150
310743883962
1352304437
25930247538
3827018242
8372596229
55984315394
27764859967
324317704490
430811546
960321756
82708586658
260597851278
65352585582
908321518
25812659919
6277395338
6075765527
36796417237
183756552
169576868
75482541204
72383371348
2429820742
317067807747
13790847204
1112602103
57889147917
1540113510
22527336147
30112004667
2886956253
1152754648
13145550000
505762729
128655123956
5208850358
66105980696
4775131038
60454553156
21451353477
57542444962
368038410615
12400725592
111415693280
85562443569
3516677255
907984257
16977802565
7074876111
50663987258
46011599805
1334763998
15024746139
57494538895
46513082849
136045971785
41832258754
42262968385
32820624
405841993440
11595578271
8636089870
15202191928
58138995070
2705668962
28766753708
180651811665
17971333554
74138536785
4143471231
9861672468
16123169439
358961895743
1432775900
12899941451
7078778658
103205016818
289101573
2904018062
18172368082
3257849748
17351028439
1402619860
229368442
