17738548008
2616626486
84556955990
18530265672
6760547592
7002641324
1903951104
4719516987
47631240104
1900431720
12775823988
2016180957
25811187822
63192026197
84977511386
976671501
229585260767
9374683
26406801860
1678882128
1087497888
889426596
49435331141
37385506434
20235723079
7195262668
9965306428
113635209
3235314698
43668212691
114795788
9379868472
28228197458
136745613311
6698034198
1854450248
8844555360
10959911653
35747213300
46401797212
47430546712
2753515328
3752582880
27382951566
19220085066
11605336732
21804235686
175247376854
3814214267
1635612659
83352556
4031057392
230572383603
8126738825
14904144612
9735134410
5107903884
2423920816
3399526554
57277614368
70948573176
6826730176
21934350306
2426859194
33849908184
15501686400
38986569261
69155876869
2471452128
694388676
4900093638
86333900011
12058931520
4967364678
32179080416
29588219527
45195612640
31937573176
71866144278
5311198136
6818005566
10197280640
417560484536
60473081707
20429097828
875400020
55028108040
2107993371
20703919008
10161482448
9951312103
56270101888
15305221013
19910911984
40349144144
3534105819
1028250138
4769898658
20752121128
3290723400
23537375482
3049013616
24784150764
365452366
1740172636
1479961986
27123571259
4159920344
25559447232
824768795
2156901312
26559556032
21774330408
47791121991
39380783260
10422429037
3630315936
297019609
113969829346
2070650772
3885966938
5014901547
8100175986
16946843616
183137762862
1191312576
5289228474
8152209552
34779947379
11383381512
1263942000
28750331612
1973894172
20459736016
55017785822
332247300
1140507939
2548939956
84969113208
82375243753
39063143208
4385866856
162773102381
12705275070
6294917757
883982344
260350903
63796374577
5622278304
15885843824
500230422
941463936
164017488665
17412992210
14830435560
14940658768
1999828452
19820418848
3182675368
35693052966
63488730005
3128156680
1468886688
7205783904
1401996652
75670178008
49764441723
1863613040
3815989948
2175919176
12104650176
12437211983
8089035559
34442747770
13132179896
10273093332
533319363
30717194582
851054909
60452642212
1254258928
15110132194
431867112
96670481342
74612186863
86535850050
74181162720
40826893336
1246806648
53513709320
66674329216
22066569652
1157073778
185273354
25493006016
5951633838
5855966540
2591227946
11432728248
8930971584
1277025844
3347047140
3586995828
15341837439
951467456
8561794110
49014734928
11332530663
122131594
6084567648
15676595745
972687723
14752750196
5957853931
4587352840
11604314339
17176568628
16848519304
657353618
124100681764
521814612
33055901362
254309178232
5212194674
17064280160
21376341528
40588946952
1167537327
196537940005
879980014
1466206392
49931186887
130245983747
5273428060
7305580711
17484314175
84338203
99788242
6279844389
85625397888
314345210625
827996064
25468809038
6914101527
79593372929
60471485902
185042755181
7835045400
3340923636
57233606616
7530348372
581680496
2410927572
64075746686
3002600646
15411781220
6059675005
3214295840
16187556636
6134551677
17427509499
1705784640
6008482592
6163801752
53847601994
25652517737
2780956974
19852924405
26932320140
6313741224
2487305856
248729416
206108339
488675188
25784471712
33986322144
295474830036
77180348680
678911072
2229002263
8416108872
133521026930
162397731528
23988318032
18977461824
33768774308
8627167440
4052846970
5671486689
13759237823
2532138657
60162172386
20027802278
18231771128
7418130192
2406233766
5849922911
262003464969
266831176752
40174911920
3423663742
8183488715
174830760232
54670844234
4071944234
32578163572
869054476
2769510992
5398744726
37736956383
39321130339
138076203850
6542532880
29395960943
28454772049
102667969573
32867252730
28847099500
44075179944
3917244966
1668574960
16874412132
86999307028
9976999938
4456622838
1542613213
2243454668
2400892140
18528821613
6532407788
169381593205
776987118
129624226628
14087039208
84627528608
10132170417
3004570097
3329394166
30879902632
17012349244
132831479136
24266613429
10589919976
28579323008
3623486126
668318368
11469581088
5938659560
7614053343
11750097624
88702794102
103693256504
162587859
8815091568
5187252
115281242141
6493055848
57850378868
14385987052
53291418972
171785825484
124071787640
13248228007
65422769810
192080694264
5418894432
6962019821
10111525252
150088674572
21430956000
11325272952
1231012916
5878157604
5612013120
6867801208
36463496768
68527792132
1730751048
16523805500
16957622520
492905610
4918472049
44568286792
10279524231
27297322536
16305700677
16431849983
6262793317
2261218194
1235147520
87331480796
10556792123
22312605876
115064468648
6040550264
79527399168
2600097120
13242441338
358432425
26217872
14525701304
407574720
237913411695
3102888341
3743778240
586997807
5654918593
48416125006
5266330524
34522401588
1129403389
88147062074
17545629024
16522969863
39081104140
105883332542
7245140120
3400786026
10642693096
12507039660
1901323118
4137780495
10299453792
174992575722
2565631164
44713137528
19536176746
403427529
180760750
9962750496
917687541
93369773180
25738137060
650579458
13099450533
18362158203
1590631810
1948751141
127030153056
7458434942
198235598244
9107688
1173317421
3312447754
1039078360
119825194993
115345488422
78736123296
200858896
12018263356
2752882746
2923800909
146825392741
33545089067
3055621918
541792725
3763527261
60642095316
43360316976
361280040
145288853739
103864908157
1565651276
9527703168
2474916735
15471136836
3926906256
2407697253
11604912747
154003008126
6362358816
146405306008
81339563862
10491304138
11373648416
132190554336
4724938404
52795389536
413187784
627159598
7073373329
6639587548
9613498120
17315912908
145323485766
34957383992
4567324496
488086382
8348664672
6052645269
6048193483
33329824820
4082070708
623474112
9465008359
7730355672
142711590790
8303959619
28602467751
425306261320
147639494658
1849140252
6893207530
2237484296
2112418227
369136376414
8810738097
3679429428
3284074982
76288567560
2487137818
27603002880
11549724131
7516254392
6067326720
27370828290
719552544
7807076124
382982208
48375515
7192317976
31374968866
61449307608
18465061896
1281413428
4897852316
23766585496
5213166308
20011925560
6442315632
276349672421
16051400390
1712718332
950845736
10822340056
4105961796
38816949371
17261732652
18793711200
2083412268
487014032
7651156504
218973345672
2647559322
1494814965
14238215616
123103200
2056953364
187013880224
53209012769
2998821156
57197717952
5425590240
70397641614
2865936872
3195968088
72881192538
53116504472
64016463944
1955956248
6578636748
30106278686
1838268670
25932084992
61501180020
547390646
65103280168
12520023768
716799402
11441791416
40948379168
9060193214
25586183209
66007537
12489213913
727060248
21092221944
72551013305
2159719392
1532305296
10020502788
11554182852
77905749616
7781186124
5769673060
18612949341
136367314388
21576401079
18244385088
33355459352
9951227272
11265889933
6210154617
38740746944
6953389570
14202678160
3863418288
30243745554
270191813655
17866387896
7782288681
37978199528
16996548888
1307806284
25362506536
9122757606
14458272563
25158575936
2605264280
27104641651
5290030432
10988968964
636100461
2540695488
12091420392
16510129440
654176805
67160789082
13633395264
86958573982
46081289456
1325076420
34823942724
149424212003
18662998768
2160264816
13520969490
51800448337
7676765689
20551500680
336534402982
9674375919
11401759888
43097153752
414291677368
177301877458
15949807300
32961389102
73667581431
23259726374
417083292
49981315992
7677481836
12935320632
6086843088
27231303524
321408101
27297415482
8259574012
29351496128
9161169420
326072957176
21267313632
18788710656
3335404422
131647967451
4982349390
196430554130
7405805664
9867651965
44951077168
2639180784
20592715223
29205446420
595770366
13641484032
51247697258
38806858179
43842389498
16324983620
68060211752
11009365468
56973845223
17448759580
3007546280
965210125
11866056821
291478847260
27322994324
3178125012
6277223520
35874986136
233203412344
24179032482
11570689004
4214038416
2662001160
33477828264
15109840441
5527818104
50141614613
13403446567
43211065535
3197365008
2208225936
80950968562
103133063322
29377096816
26717280984
8518585364
87104364990
1708914337
59642537132
14639105256
4757184192
743307648
1298310304
18186739618
3548971008
3668062035
12697608653
2642792832
79039191024
11019230208
8167623643
20491262511
12328400860
9458577974
86565965328
35280677184
267503824000
12286763696
952153466
2625462976
152795827979
132504163144
1420938820
3489911838
22057622962
338100439976
4936570428
11625021434
6334617932
4033871092
8566509560
8497144448
10037758656
5787934151
2442522054
33481072684
1643738184
105531800143
1610143497
7617775946
3494844462
7593924546
4754555217
26778123464
15513188011
29709898752
658664053
10385168450
5075927750
3011070431
30602954496
52770368805
2188716551
9902606516
1674392752
853428414
6335338119
25497001968
2263740568
36930003462
1622049642
41315620398
4678476750
228649636552
10533023435
1951725231
33141050618
18759689047
21104501548
1421678408
13342453695
245506150690
2544785008
1768873529
166642625717
123559510011
134654718
7260794879
1442680857
6010797575
11113031548
57826869139
2126589992
34058705184
9163016053
60232252872
4358640808
3990956180
11164433706
193544882977
105441385216
2489875996
31237407351
14207944080
395401596
28901870640
84331793724
763990172
3681662142
4310308642
56181572912
5655316626
9545778952
13398824058
6269003234
3206111616
625623996
14997182706
46123581442
2808412554
8853548940
1206325600
6572808258
1148276310
136327340444
1660636716
974050993
272192449665
54168786666
115082768424
44481325912
20772670488
5519254212
8587754680
54324426090
11661637540
270775749
141184522
18907267818
42089203428
27698131643
5924835812
6405994122
17095110802
56541882600
31495427101
37334107517
3308323905
103837726992
1473830367
3270414123
78831357270
20531729136
7717697466
5330746332
65005503688
104299973069
37278250872
5936562558
287009226
11486282648
200074357
1087684196
8338984038
1338330678
4673294052
1462544534
5976253121
6161235600
17640026673
17836379004
34650714768
59657866045
11576867769
2794546866
14029788576
69008014038
1451672372
12213133708
314705619416
1337495316
15991739712
70721434310
7776558870
14083198213
326456378
18260619708
9207530728
24043800703
7207919790
14546582496
92970866360
2208210853
5294448708
39373508500
7012292952
23272031112
3044283254
118221385312
8644021452
3111348000
10377188959
227795
84531969164
5886599470
1506513660
14257531065
11919965064
5785629408
1487484502
33600882000
1109793630
45469174752
107013410598
4886828088
7107130074
27697691768
5281568566
27904933068
53494342776
400020733
73169933
34443673384
2770921202
22296340519
81374318173
12161323008
16418077800
359348766
17641060216
14442404524
470348364
430990466056
89099276384
1279622511
40901808354
11101430100
9046360928
23538969121
7090977536
590402550
190359720
6564439912
77581244988
107524508590
74651463170
33242288862
5142804834
531991596
6280160765
23192627016
62373695614
2812871340
20926977137
51519224253
91787010746
1158124558
308364899616
5374061462
6237349672
43293230956
12609125155
6690073622
44657948893
74894437730
524793974
587664928
4973126940
12036219040
93767762769
2791970400
186508887001
11301205000
85476741208
110413957974
264687830082
25192827780
3180075176
160480295114
2514950832
14787283526
18654845694
14334273735
10803799112
26745910464
89674833934
13184258332
33436769737
332265861234
101706183146
2278399248
2978980664
3003659939
13013540008
2185388352
5959575278
22128533702
16140594673
80475703796
18505043809
7780848864
5277133425
53019520
264860742648
2911406460
812131944
12456523428
16107554313
192793892798
10619150133
5566403496
2756700480
40440628514
5466556040
257756798896
29751963336
4772024078
25934118606
200671332020
7056447440
17489366614
7983151020
375123411
19874823528
1038115209
12950556305
16877783716
11623371702
34623790344
1454967264
5665941352
3530483712
10620764730
8364507810
1507826458
13382570277
162365270901
17426392480
10583678237
15164093854
2045142005
292938912
24325728345
4213524594
19764256152
8802137088
733679095
135187600841
20832993052
16258553166
9837346216
100524273393
1159209358
17932583954
1487160758
2764366702
5185564128
9150264523
213862995
248485974
119577267
12552692152
15758814177
695273514
52202181181
2027881423
167601754224
929619090
19887146763
3789362063
2221252956
3946551168
22901210840
5670015154
110449097
4542884548
37857486748
32526009760
51678391986
37540735224
65270273532
19502887462
11248071534
36991365937
1255687245
71918471405
1246490665
10537216188
453096446
7351506806
411812136
18738554548
647013360
12745978896
7915782965
21700908420
356726439
1962800340
20690317434
201027060864
2572183004
4220046258
123128738444
16690577445
26487188947
5416847508
5937103068
24633003232
11007791760
15341785812
1141210863
8337158622
7781739351
816400536
5970087717
1497385064
23570474036
13076559450
159726265639
28518177402
3169802027
1256850606
2700683045
1577066436
217361318
6797450184
26495207552
2194669201
1854367636
96707397279
700076160
244540796753
41118121846
3492498816
5031051650
196155359518
122051408403
32670051259
5762622460
22026962868
21102743286
3360646355
5706274544
4118537376
29930429138
23291304450
323260740
2893909056
36297881727
14059450964
21410077392
13787563680
8952038664
556569748
2648677479
9086450397
6124301619
3092721117
365377571520
13329038010
43448461288
262840011214
4620130350
22240720421
7853572958
3040653220
83542640166
8593612601
20464959464
31447512230
14552031503
42627560646
4022347950
6414025648
23885950832
9288488106
6343162028
15693715313
5514410640
12483024672
13029206036
132552630773
966330999
2911841593
1087541459
8237285918
186795888638
4309374584
18543683138
25754481
1161635734
1739615592
5486438768
753022335
66470192337
91006561129
1289454104
34182387226
166316420687
691421592
120230670043
102417660472
405219009496
43080192969
6152988680
5187243189
106708907912
38471698242
120920376
4142542390
305653684
208551149466
32489901064
21270561498
226821796
12780590341
42024378464
5737268088
658344792
398300949976
4966208320
1646431686
77153958298
86893365533
88020432
41300146352
4976180039
2588649564
28211311536
1247781702
13001688872
3043120420
3092138507
2549527643
180466440
9220331948
1914822069
121855760437
72940260712
3168328224
14275913352
2373825443
7685962832
11449971798
4226150130
2169065232
397578196
456030924
87243841908
33758672544
2505450738
51699560223
640194510
10019370552
112986239456
4981899314
124684786114
91848355396
5705644528
8174571808
5587400127
3256030372
14459773052
3996104017
7871257644
1662576912
125228997778
283545931336
47326829896
1745148251
677347464
7100204448
21694749851
1298269794
7223482560
11174924200
30649769176
15352013080
390372041169
2726312939
10254448896
577516756
738906276
15075005286
11258439374
64020634019
7248311888
99007379630
53056021676
68587488440
1512867727
13148514450
7018987866
8186871783
80649470432
11608328495
589276294
1238655456
21476724868
199955606
3369773232
23874413326
180703264578
21007577040
59706187904
767661774
1171479470
277776267
304353762
81539063644
75229280
13537922269
10397019368
116815911260
5024354568
90538265722
5201522324
116934109272
6026231280
30131088541
43789604920
66170928
8721971233
26670438023
32933111664
24761508214
1140499824
2970301350
48400136064
144886969174
15090582514
8300063716
90258259480
9252019026
10411131640
166005519396
3224295424
6113562624
2925239064
1464976044
26107009016
16192863867
49949135797
654364352
5618734416
68051418546
1477507936
3774442627
19857186402
4713529049
3655120532
139902589778
5772757036
14039602910
5887800184
2656694039
80035540019
58970354650
39391782816
9346614312
63725135668
62897124279
674271606
269510374111
3608758491
22342137508
6945829523
26292788728
55954706181
7698604256
18107567248
7206901680
16080104115
2075844892
1385118489
2121494358
75745564488
64244193719
1916178930
131915425455
61785156110
23611823892
91969184688
55818785116
179308874657
8597261264
4820869300
39332162112
27449627930
12230988576
8126128079
25908751228
55402588058
94434108426
9002101424
4010807886
161977649886
3412406860
99549309564
18131459404
133900982
1076734748
1176711816
1241903560
3669107968
3555948864
2656436499
34261083048
58853889627
47139901924
37012709601
5189216532
11840701084
325723100
31759648442
6401207696
247527219039
8873348472
212323877743
38515427744
1245721012
8960200267
10999568877
33376187398
8556989200
220812734
47509255283
165578128307
890634379
83842693985
376102556600
9331399221
14621406664
15037829493
662609478
25857827256
91062198545
17470429663
7504817208
13748249766
259171396341
28059380384
127772752720
3208644816
1716398760
269979920888
1806594527
2987345976
8855920881
6543162224
5768837556
3913482684
5885942457
28869962576
3852085728
9301468507
21647922661
100742985718
121525416190
96095161742
39605447870
7948608456
6318176798
8886884873
15709139268
22667079809
3339750636
1600475400
16067830161
15163120944
112837098
347400744
14755623600
4148185290
1696148995
1622845800
60267253097
2465219136
353868909472
126751083434
55269778841
130589976
64942079178
5406826208
12634738464
2919072521
15815561878
21879934272
313406204
1627716629
46861150506
184727459587
3231615798
12633323376
2282226904
16423601324
920060473
29243915800
23243945957
11278069616
99806216919
3198337798
644619028
7583503953
2994497250
5084665471
3392070177
18275470584
11736850142
2480755432
3944386792
10668835793
381414247183
95129649690
96770632
34493782774
6654305927
2766812950
144350060727
133360739378
672868220
7737869048
1426278420
1216551238
309762492
526412836
89996352
16574818200
2087705952
10069628202
23652021175
4628813168
73505489784
5916078729
15412126328
27336380128
26589613776
5182358060
6517552773
70892845636
40485217858
17164778541
2453600256
21426294310
10429524120
182014144268
42329009360
169295439163
13198204481
9427709648
1938749694
42422557564
11547922944
14339889704
34954455717
22218780282
3283085544
23361523412
4470908624
8994742629
1443543944
22980505181
190398523992
161032257117
22411458998
9672661198
40735232251
4270486686
42010200240
15664191966
9527431817
6017225982
655624508
631134181
15526741892
1378646438
8468676384
110710920980
1363387122
1016776320
140161339288
25438001699
380666666547
13600314108
61982935
225741902911
6409562346
6917143640
20112313050
11665167364
126666480033
4600148844
94439155363
12784714612
84677985351
2964243376
112084028444
40292199827
842940648
2777076712
475914150
1841804249
4843648702
8507205624
2814810128
349826447144
7231046949
86509674168
41860246104
39842522852
2589546224
157357741241
82291992244
16538696517
8799998248
26068153016
334036297610
59708585656
25483539186
20752894328
41174145584
2406615228
38552771088
18004813164
14259794874
515601496
6572565
36212541014
51643135586
2558103460
23638491393
4993258274
335741800280
2397606970
69885516292
3767739511
2043555648
58302973674
23489859481
91768287704
22175578326
1173734592
57943379448
47652379104
5694680212
3098048190
142635918
39938090024
5665310805
42417245796
22172412096
11754328380
13721186472
4930953390
78725967416
14923367298
51025627702
128329035128
58327711712
34895448670
22408490774
121236300729
5718519536
17771694728
130237794295
3718137304
85228169654
49585564712
40479403680
11550097599
1954959476
5187099738
2056591140
22976477024
4243929356
9504248080
7101440566
15888870096
978122496
11260300381
370079700
2750821192
2496363246
92376092786
21735517688
68725858428
110015298268
68249160582
5510431312
5694907603
31155076073
110128049528
88923916602
2062260792
2211071416
2205349456
6896431366
10679438102
136089753286
46619935712
131587449894
144621154360
1086370269
4993796280
5350239
16914220302
19133770863
9910377556
23859262272
10671996576
5735387734
19146585072
43812770904
31697306938
54309789027
15783010716
32960252352
341399919904
4154598408
26125444502
9095769477
236897911174
14789333943
18057176428
358649243968
8302034736
6422436296
15921505328
10927006272
6152212275
16613584352
17161186847
9114157336
