2342540040
446614983
352853275
119059605
2175011148
335708150
100624552
238270860
14959962484
40165401701
5334150987
1485135544
2044006364
2259037501
23040036012
114234585736
17412682
195783322
6803837338
11847158114
1983012104
3929823663
454182496
22206726418
20637075736
24565924630
37873234740
344718734
46754054904
29542815053
9333567968
260101620
165622696
786437
2591821397
31424988798
320645729
5702781378
14177825784
188927632
27180431443
10022434718
920721612
1071465400
12522252401
712557825
24629088965
2746142742
8952878580
4077460193
663163564
10569580
1873434190
3977703758
576451730
22490013176
115317579616
7503558010
136088190
1618534683
289870065
41809425927
2575569837
299849157
36938064
522919165
10181458624
2177796452
35626697
238258601
1296057512
228135280
33299563878
4109487277
294028803
582839870
1583284032
3400995144
2612547153
1617082047
1698618950
3795389928
1067868772
15608059841
6041741451
7823711894
11261283984
1054308190
3024543227
148067072
306489986
2349803239
1429275946
14679545895
326229288
73484809433
30269784
51544870
133087464
571961080
188743741
34143439532
34110700764
270493182
33075193014
28602656126
81007944
4056227352
17046485142
10493145190
1429144938
4340506907
210746142
4250865299
2221417650
1158286472
134882730
443621522
46245572
9189691068
1883287325
35295302
7164469440
224189271
21164999321
2290372948
8310500
1794809646
355655656
111779386
74996534014
37632001737
32813682636
169006335
1361851680
2803316756
5570203414
103211518284
20152759452
96737770206
9261627
63025188560
126179433
129722210
130274886
7345703471
2686477182
6997840336
641015092
18508509516
131856046
90417235
1637201860
11851263
11320709736
250435154
348022762
70410763752
4980761102
483724570
1667470758
7778409240
6749779938
56154076104
110148136
133075134
452655868
4077365068
979142251
81309347063
1346235140
25454540447
119565110
767355294
277582498
445635702
826349599
303148964
457039700
29649246449
4482578861
636621331
16675242966
613890696
1212847622
276984862
16384541454
33355170
61367053368
1115924556
7744585842
1083481413
705896455
25111764678
102987631313
1614695233
1028253219
4027193223
179526586
10277562566
2959915173
747840064
11737021972
3821856031
243320348
71388656370
431827458
107476157798
201815195
1052592739
118402052
2211097316
1462100652
4080089838
262041780
6031309872
724920116
28735695485
86180943
208616917
551114287
260922670
19319837416
251935724
15959302631
29254144668
433109498
112538318
604611240
2975901644
9032536604
47577577404
40134603
1990371125
964422
4001903564
1855783000
2033251819
19338861425
499398078
64640520
949775810
1361371485
1627434300
5629594087
10311702570
40763267432
41055974
443457085
97474639
3051543033
30842146776
964718099
646479245
147246047
1995975620
15568628
1094895922
1759337994
33757434228
3063134546
4246205031
2676963826
1336059375
1886295531
13756584244
2736039058
86849285
416580990
1112034636
207989526
931578354
131903968
63012901
1613244650
8393260796
9631232244
355626188
20762707356
578184916
99596763682
838639914
3665450908
15086217771
37586833152
23701846866
24078041270
5421444418
4023394410
163341363
347777927
974461428
3126308
7184396490
1264308775
742608423
10836296922
19281502975
557182666
53860116635
704839932
14147535
44216270364
1474292027
1348416260
155736843
19440334174
941221210
312633167
818946406
1119195248
53108651232
473382465
8098505
839000102
2858989392
54507041148
23889594482
11966660326
51538355
24856434624
384144150
4871042800
199683740
26265597960
1444639991
146235279
28141879
2946587709
849139008
9984759079
3827064260
28911471344
15140162310
4617427927
4931402478
1565392530
882230748
994186486
312612054
37084898
18813623346
709968378
194214452
167735192
432172008
701277451
60823096
162956045
23578707012
1433452251
127141190
60471712
4757126076
42618025310
21708236600
290861924
4558918866
260671188
1719739076
481194408
55143919038
272309368
99437875
6504986220
14521228076
64982466140
21197454968
51474474551
14790152984
755350264
36661516300
154043496
20504170598
14079741684
326821390
1695486242
20932656700
14875244203
384322644
94478171
1443947990
29896583979
661378577
94870799000
186559378
373798201
429980124
2436279185
1537806485
175671694
27306737068
12704710805
842084745
863497492
5060275374
190969952
3513596675
154265178
574247670
236018418
594486315
1066050824
89755238
1166374398
122002050
1763103392
4773999336
2280622127
6589761964
3031458136
11380266244
65266567986
635125540
150426345
6759423606
1157014870
430496790
619588324
5447577254
447753602
1621947346
39337672255
349027273
2247564759
389987455
3660319704
14860408064
7198027626
6622093696
257921771
2718223069
2284977167
2067967147
783275356
77561503
995843745
151613444
1217967644
10523726770
387295897
1356066354
40635185556
3564643830
70538657
9427824701
33446189
2285307884
1582334238
784307687
2651538202
5574610
1962706494
4247546
589786932
440782287
43745249322
8889615953
42705652
20108802
853784490
445184322
378981000
858491330
111538740
2227535112
1641268798
1566877903
630634082
15438995235
13497113
4554243
2032204780
28657000360
100527859362
74412732
8049781676
1929252807
1614674801
387534708
10288616100
760370778
859688097
90273804
1090754313
101822453714
1595163035
767219291
311388170
14255275744
3389779906
4788850718
14668903059
2233158264
103773836
293256136
23354120
41948212842
8935770640
3593557389
341461130
78245194776
1394124426
1207507594
84752340456
11105572
973233098
10551646075
64646984052
197688120
545192058
366449984
655818467
5284403348
1310200034
5407275356
1051217042
9090059
3480747024
1182546683
660488958
5661826518
132228693
3915644298
348633912
381001534
1036324930
12352535882
9914729020
1032703274
206024684
59433726114
85014600509
305155420
1233304311
109824243480
2413676659
50025061767
11324738750
731034246
315110867
589213173
4853836
975534865
231334362
2783021558
5676103
515072225
48601052304
26787762
6630733
7077053832
453197556
1460358765
1153903160
597385272
19775209765
4092263481
154178116
10525623872
5442516161
2795881398
2141178012
170703813
14069009178
79051046592
82730053
28877885311
5927157566
82669696
950889764
2376249763
8786447270
7772924960
45890510
126454681
3236456446
83635560
91652138
18263460252
37484768176
56750869983
285513000
2854152496
115379767
72708734238
1234508663
237919122
455074059
2159844664
11902362630
161403489
12064935175
1695896631
25647517870
2389544556
810989901
3090533025
49654692780
18384999776
1326328329
5419030260
16286138778
52605744305
64882921950
22104568147
1268296358
3045160932
145570772
18654711490
25847589264
4380862536
4772970244
795146750
40139626861
1417585770
1053847550
50617869
61157440
352021031
2268591647
42427925459
2272102992
20128675504
1313935729
12327446028
4125740820
7019203648
11245386446
51064933458
6426530666
1016721592
665964603
1046936350
554335770
2175425682
214764643
3019297932
63731243352
1963477424
792362063
2954022
742257468
39354626535
389087818
14639704093
25068235635
572945084
903597979
256256969
9159201766
1388698890
236851461
694881086
834657725
888123562
821281471
172035262
31210218082
52432564
4111632954
51034767882
99129857
613481962
472807878
932594759
140850031
213734789
273768343
284802960
371410326
42730244749
337051768
1527075396
45539865243
831184942
77099980230
1173248616
395977383
7409723406
491155584
36128663970
1903585176
385909760
782460000
65605968
73553370366
37672897679
3589949223
64782487922
554880368
44212336
816050628
2244744743
14438798394
538506084
5262488101
474965386
3589703544
529935824
1621465966
1219561612
274382707
1065349063
3568934406
492355470
1227247721
142794605
807237711
3842183184
856479414
223778694
14284820349
8215986413
17483920
14035986001
1536792853
60032813
2695463788
203231437
3400045199
330330686
6301012299
47951363552
686357967
6633643304
17253742900
4987247248
2061376698
2395760
3771863748
2219223141
873360126
1278151722
20555892758
16782991539
435927655
56658363714
904712923
20006795686
7956151739
109700615706
11012006512
12361352241
378717968
159924161
604585205
50703068656
2421361745
72265424
33464310
91151751936
4045093476
3457226043
26858136060
2755091459
512693328
53162292
752821107
441199972
6086812979
3971295776
803926095
2722852782
117542033
3293624245
5664516910
736713213
9743236392
1664698089
224768892
2679017590
89295836397
26420930
225821825
3399650490
9788100334
74525225
174019383
778474925
35741898192
3980198964
2213552916
6688500416
543775440
578854448
218480623
27544402914
8641964914
704326746
130748462
641994295
4332410246
28180164518
230124184
132131284
5311326650
24549425072
3341329564
3152649701
14982624412
104786152955
14086246650
12330000678
6955524035
3927202032
1113562555
3816486512
316157826
1321212000
97678062
83675962314
63875871256
5490611802
41162325782
244097866
581196990
590172015
4184336557
12681000539
43432996
140916912
33264841540
630805074
23332082090
94464576
48997776
3143557145
908513408
530344645
292606797
5742323697
769872040
4527858624
24864531
127569605
29079378108
2709471808
76644264564
47837216826
4140429729
5415248082
1173254528
593087533
682942828
11595798
7046737640
9206382328
3490096594
15375399950
914663358
235372453
2794869356
17227797105
4114098265
4361166439
937774312
5082883589
173706210
51597140406
1286294293
3539477659
124732502076
38667560043
1951868510
25526541348
743429525
86665678
556158009
2374274862
15688810672
1520776850
24393309
23935680414
53569809307
8936619
1596342152
9314722259
2357143192
1204592055
28122383101
91057806
22162097777
3506784867
574068828
43983564492
117965716974
870479120
262525104
6693525846
2253136630
757969835
7956454039
75562460272
1328987302
2753444628
21988889
4407494292
9174129414
65203115
295581664
10064110920
115177199
100240860533
7598635080
570795615
83882925462
5268811
860134151
372254771
9238207650
170191456
27414069630
393980559
6833224122
50053890603
4302226712
934726400
1737549411
21829766
1332463003
13272780030
13357764
8542094982
788473988
1377078683
1204057852
451869850
1083732395
37128596172
3575234257
520396149
8602039022
2746671829
32625759554
23422223940
1794567030
71939502
1063238018
12425782132
257587418
46892855
758654387
597056140
388732416
173385693
2310506194
1286084052
363087656
1797947022
640356858
9361993934
53391229
1123544316
23913495
40480928946
1666017603
935349068
1718566847
8097357534
880149962
17808766057
1104954602
7095465500
879266568
821822319
50772431630
45595526982
667844988
71733977
2485362624
95369461368
205073948
135302067
7093421176
41634958932
1352038470
8405422284
14004368658
3641472928
10673142325
112504608
472451428
11081113268
204671209
12687792553
172558230
4671910943
292880820
3602851638
3394095284
1943333328
3126054318
222560538
1446161750
2051144447
631448276
1969328292
1691237388
75862114272
2604272191
3768815046
245163112
432807971
50986287492
309081782
9034590012
421216810
25900601220
915185369
14158705
8719755390
5269395172
65605544
12250734716
746645946
134779841
1187090738
16713147174
3038104440
450731838
2798588870
765765999
1257014011
12176282500
36716622911
2168315896
27637692
5968474680
1039982994
100449738597
23300235424
1007950317
631805107
1060335033
57779250
7295511865
809263302
55085573802
1256522387
162207480
499978874
25180178312
10332598280
129994654184
2906870688
812749973
314510780
65357676
688478499
233413636
1285398863
230362166
1889996220
287948773
280681186
950976291
1199081646
363679664
7296192206
36683243
18515190343
53525356
27375537632
2298089634
117661837
311625870
886300597
93471795
1466424853
2937900908
579308198
20275951507
14722764780
5405365402
2870262699
1039270836
581604298
1234085951
1726015265
133448263
23231081999
96057420
48233678682
31242918000
8834367306
962670514
2467604134
694426326
229049360
9450444024
7797115413
211335480
942167657
5645665331
1917137261
3225803844
3082597506
2695024267
900928605
995727640
1326835574
551455158
1521890765
74868804948
46232759513
79517379
379323852
8884215828
15546808944
36320272
16751822328
659920803
2782943843
392676
28882050
11931949084
8439087
14111823
55366840
3484939684
1440126358
526682110
78198430
50866124884
70007837844
21849062528
9087397534
623142594
17835492360
794018586
562046233
362249583
487036143
4218746580
292252628
825207302
196061783
730252238
867249114
2208800967
683634512
2368993299
269240581
9966261621
1181924204
509045811
12043148248
435305154
22825695384
344220020
467637180
2868817700
1183914000
166046968
242409624
2170844130
12610276
2219024272
10289318036
1103379578
6890379423
242367343
91136179
296894440
618057520
5672585573
50825879387
62001301
23763825752
13965468596
1252514595
2069566110
24417955906
13714803414
18914364075
15407614770
1530686694
1503815982
1510613540
606542430
110309562
965428560
1371359363
4789703306
3865033744
1196842716
13070002531
228554460
13655899452
191577966
862684840
21532620377
48257380206
3122581053
6234877218
1288425853
7676017262
103512144
11607986314
2791431290
1447129014
1009642820
328543752
2007892871
10765665636
380901308
229683432
11855847918
1095669708
2409606790
4083884505
18846492830
2370580904
1744803283
15321957924
11462417074
184614543
997981869
1180808156
54648547833
26131895589
1064614506
299456610
449817682
124420972
2684664468
39196933986
3199580654
5090177518
2613295979
504333064
1692538656
1620145440
14757549018
694834809
28079458273
17413512787
17590404
8305607331
11222436490
103653317779
1344979497
542830591
64894772712
889659396
150728242
29343669944
354797875
14698288
221579838
407583960
174615220
1493440402
11150844
8480322318
367204744
7660926474
1105709142
1194209232
40949622
390110982
659852997
330364476
14317110533
12269671156
998433216
654169898
295911238
6643670692
551220960
30373675
68446769286
91771223586
42375218913
984549792
2368428915
944686516
108572515
84083586
15771470007
1891296850
320225748
24936157932
11714468972
511371780
299053100
105968623
12358598934
12485508424
406163380
8568167214
57318903768
4894723
7058661
15953035643
1637235034
4267722788
109515046326
134555000
42282102
696952505
2142341164
367470957
3623894227
56005975623
9957243140
38713061476
4801951700
17089738
5765610852
429064779
12548302302
24482560553
85685896023
1001734200
236339549
28086728082
13007962192
4533955537
63630258
9411657
47563011
19180200714
125932176
915312249
329522780
2057848961
107722339
16607558
216872342
388463684
18200480606
1686131796
4456416548
3229222731
1101712440
742288638
741741306
12466755828
3017688451
31044273541
217296262
7177841116
15154218
7011175450
52737733
12508554
137799746
623638196
56447435
7747973153
1605466320
455367469
480356319
2635730504
375068750
1347897365
153446832
9829618494
1149759785
10617343136
349534218
3221906421
12788109093
196234325
424330593
392748753
4091134015
2899853375
145149831
17709840814
2402659472
64347674361
2893097355
1072215685
242713130
1237276190
486464556
180572729
101156423959
261567352
7108356
351913888
1387066460
115304222875
32094939695
13400716829
510352995
286843066
1749590890
1519845739
62964358745
1867270130
3493684478
348647405
26632971582
416468728
2776017650
2345784028
234840189
119995709
134731454
1358433006
257330482
609377226
505816605
3231450069
73431276
1755784575
2639341192
9482652060
3262863662
68515500
14109075
1233414594
83082087572
434219835
6112107438
2048376014
432782234
63187662910
3777980981
375635238
469102920
3698098143
3820254732
177394779
2575193154
138070856
1146402948
125878381
11285298109
1714608338
249367952
4714935427
566966724
80609911545
13804391440
37279253
42260191157
1768413891
1872023769
48378117129
4098545422
1319551463
4673471148
527227896
2339058033
5767026458
1935760352
251319852
908931521
647817496
139300997
1105211590
356532948
12093306824
37623423798
6346160690
595415838
7111687820
745849151
1165340564
249539220
36490818
128410885
351165972
5886642773
625609248
567556785
12014937
999849134
619802498
173419603
252080054
1583535050
901410433
27611502079
119953007
1030781796
55691249558
28324398522
19839342233
1420779912
407572464
113052888
206087149
19181284966
243026257
1575575512
1847088612
5996803728
278201500
110401842
290577214
5262880360
1743874696
4063175708
6190153892
969023495
343316838
161345901
18017604
5040235610
1540606110
806089795
1235027230
489452269
6444439277
40573399224
1260296480
762253347
2847511386
1111111133
8096836769
27461447580
6044183095
857514267
38330416617
1761881738
503123346
3085758555
48423332
9514491734
8067003579
1828421443
5745314940
685416696
7929808398
7585058201
721784439
258699749
23155384
25919978
543697918
2385604374
23864520
6260368482
1837900832
1325056785
290680408
30726691691
383627588
7797983317
8303074794
323962025
879060390
3909041360
638520835
533735334
80013112998
78317726647
1039050702
843152427
114109710
251296117
29743451827
24309836832
4757174359
4969224491
1006670520
7702890155
219610910
288198200
55433555268
1239314322
43702091408
4888867613
69192105
10258023430
57964492
