16486894626
489528673
3773177960
125410929030
40388650635
12300332796
11982022195
330458518
8021507100
1376823971
10561832226
5506131112
226594620
55095869106
6883401714
1926470632
1771640586
149840397
1370391613
1848882240
39467025792
17305762590
72873416
1350125259
35769852
97052734363
6619122440
61344032584
53027146476
8506698942
737303301
1191009873
4212842614
33246375138
2354940356
18714635460
48772429671
35159234976
21953269374
266913406
222654760
1663206386
68821407360
234290452
1642644542
23278390960
5257686522
106663186422
14097664104
5170435776
8564261756
59119460190
5759856934
8407113
50044225086
2224075713
3820192976
3532652080
38848158916
7364212
32212854522
84981740202
16357871544
47400472440
425974465
28799175188
55555394424
30440415768
15309126432
32411253960
98105147136
2470038840
2206255956
6079115448
2733681800
16674179904
27825327
124030038168
97880995296
6837585536
54427974004
4095865440
1708161654
50557102614
1419761961
27761073740
1336269264
109186557678
483245425
757807490
15355824095
3918274072
6018462210
7878793886
9503925024
904685940
230952505
1230992452
11854986194
4807915044
13289646432
5736916242
150392319678
34299438530
71052163956
30227894496
142191197190
3511257741
459822756
22059258048
646407592
43239228138
5675810968
628100656
85337523396
81908164152
14171130739
273619080
9791767095
1131302816
1544134596
15649176632
72767764364
636052613
27489715688
6091089660
7930649520
110990481696
683160024
2079001770
19269713160
7232467860
8459984032
63372497166
1111469283
5588160764
36162397728
62382167565
1408224410
4160910252
65557232
34401845232
10761821668
21395318378
42770953270
183757
20205380355
9317661568
61955248824
2242004792
508078408
4570326794
13684428640
1753610860
43232721060
49153814880
4964964372
22515530775
96693669792
24090520608
153053539614
120240806
20789588085
19292694
100310249
5822258010
13345771626
9656413184
9250598186
70274654610
8794173309
18716678572
172287398
2975470998
3545500606
6335556900
158758225038
1297212202
3549453216
1416240593
35447542267
5118443526
2539644672
17506650708
5351387104
12086694572
3800127136
85280988528
1160312448
3555160776
183141492
2281392552
447255120
44424420100
53572289760
558740176
23604305724
3072070461
13539611944
3166198357
117790446
13384067452
19917517032
18400070304
65799007362
10250573436
6766805580
5730730604
90266625216
99375081984
44586625706
1043368050
433624864
3391045218
17163541842
1668360452
1903766674
1308928695
103502757
9288188136
33747632
4435524342
24475172808
29403866283
208460256
19585185534
3006357569
187537580
806495560
6225030432
5679290114
1581912040
30057569353
37035491524
13153016016
402283019
5381136030
57531156750
2753467932
29089993536
971412318
49991025456
7208924188
12918373680
6633540768
643962480
15580950495
54468050825
5693172552
3427465128
16677787520
15126834144
3488239643
2492017468
67640916026
37580899572
34797354980
11661774
2237383731
1387065678
8195904972
4875139573
33581291346
95286267936
2128513655
1518276444
309151808
14523985184
13297699845
6180449320
1619029008
3617260438
79639504333
265808628
325420548
20666920908
36276615990
73794390833
1742575166
290944062
43874228220
474791200
74970735
5582236140
11733010239
61184692080
486444931
2737082160
645431598
77654348352
22393709532
95252305536
22360844160
2562981606
73328473166
15060514034
3553844544
841056243
62584897410
16874383914
65337356862
38824605252
650354856
15415397105
54726398355
4846488606
28691180208
25687583568
6014064093
88603709814
2213379557
3029524721
27350667
911796132
947368236
110220492942
4624531493
4742570772
17551179456
50557787136
8240926645
161389666
417351608
465173411
147061380
2782829920
3498064896
636649170
37193615244
15845586194
108607679712
1196251482
36182736
9882392432
19459852
677922266
245696606
45460610136
29695575024
1844222422
181904736
249521136
5866330248
6992453931
11082687570
34387062246
1168568252
3323641184
44415585000
4926015892
707831928
27706980
4227096306
19355471494
6541191486
181527396
5905971600
540461796
251385887
5130999745
78229952542
369873450
192401913
59207259564
4833800168
12902737000
1208673433
52542438002
3451713552
15903029200
54780050880
2214629000
12806138080
5390441183
433696175
12284179613
68078457972
7631263520
498834328
206761916
380905696
2049842510
12188945844
24365322680
8001561063
333688148
6249530212
3328234789
5389296541
2850866752
13412802
36356657085
3287160564
3275949699
216910866
11091172950
126719402184
937276064
304983804
65588480
1250172294
14910702822
700588964
2772357040
8204902313
6151572510
47548569870
8009315995
5560824888
7937724408
43023568320
3452841264
248312412
48398844
90050624352
15114846653
41813181810
6177227864
1587185864
148157678
8184021574
32252053536
91547686944
8878844280
24054363068
59304703364
16684292284
20368088604
3307911910
7051221936
14402352908
8016919295
65623507776
1635703748
15889174152
36470603610
10084710026
12705537564
4977901368
77571192564
16809575346
7590055826
6166571403
29814911712
39213046888
772986168
265454592
11722885672
17911376802
1123014396
90533903634
16474527944
15747392907
17225729280
18642916260
2783741078
53077430484
30797321073
25207625448
933938398
1789144449
16243371604
32491757072
4781528604
6500508768
3055061
32991154110
36124161672
36432030096
11308537314
14647712112
13804590453
154549450
1646964495
1543207481
1659081330
1281880978
89716734954
30034780103
351249564
60537845448
43357758336
7099794300
1684328625
31462767360
9663485182
29856230082
303579405
133969359
486547936
18098200116
4611605436
9965926656
1313733976
2782210442
74002127411
127144494
5555102776
50959502
25288546716
13234931718
13597853055
10823634872
1523271968
4114820644
10258970420
23420817756
4710969532
71234144514
93522965580
2705069880
3238415904
1231802538
2572839022
784105171
5690654778
2712150132
31898702880
4012989946
810165166
941275068
57759174432
2834418088
1455480900
3152084920
25408932084
17086807008
2703687246
118274737248
136579112352
98180454888
11516626859
948467212
28353270488
78974053344
9139886168
7286362120
53782856640
4053695128
50473560384
210604520
1336069425
2876064787
80018509932
3908654353
1868201346
51378647446
34827257900
70385364720
2321088039
23246086581
16235067722
2970540396
1299147456
37952302752
554712506
2960775242
2117818505
63886128
4967588257
595527480
9764682596
35112409028
318377853
289176614
26616613624
114684232320
6493089012
877254756
2110768931
118658708820
29096934498
973431128
42775514301
88955676576
93754213830
1287028343
27243418336
4710582670
12761656662
825984230
1149968469
11842207574
952218700
276876900
1704423945
20194043040
6780520823
983917430
3502868970
22494831358
69588764360
9781945440
601865982
4964590515
126421560
25455860028
140112560448
12466917792
32043152464
2634114346
333589142
825638801
918261324
13181471360
247248780
26838107640
7633195680
3348543996
33758522
2067957299
114257336652
31992580800
86868423
3439858488
6982519346
33692059296
18282912744
1254254880
68651074772
28661271314
3519598284
77834263860
2638356891
1227007845
8312104280
4282385932
26823846696
993947742
18212418736
497917419
100657802286
1911964115
6987155820
19839515625
13127004316
39805477448
747932464
50907111260
40728410972
26881540740
67904422560
9526327452
515859589
42663910948
2392266347
3458943218
1124040609
8603547750
124299000450
1567708077
4924023285
14350341193
1887555180
4709579476
944794362
43563780924
27483155888
9272392575
1759979380
1874792322
19756659276
19787919419
5387998266
1329070122
11204426426
6222992100
672853572
280437344
9943201674
920813274
11250326024
54123194700
1594171146
92327463648
2512068517
16930121687
4146279312
868112105
63905292
5147593744
24806685288
1650871284
78133351320
18649843672
552302725
81429253164
1296005184
4949188264
15589392801
2668503164
1498687043
92498722
4797592304
79873450
68090340
1395964387
584289986
20688729368
12657810185
28553078700
114276336
7093647539
21939110098
12676509512
2851793840
70468467944
1051834814
614243397
14421051687
1107656111
31706724532
930282759
255585960
4942984900
4911252120
20980947192
19200400524
12513228708
1334302178
1430305916
2694733887
18294076296
1606839786
123330448854
16318119930
15730807496
98527038336
600500373
7039251468
10148333991
6795572947
156815268768
10605778272
683763992
943642464
11093229
38168294004
4853548960
46473842970
944794954
218401629
2281123504
70459556688
4230977304
172152688608
27816564096
8250448094
73191036744
35272410714
12570999420
895431004
5714332684
5662299374
1943800609
8187095716
4933710592
3822421482
573716178
398917483
88905412224
2296540293
14769820998
2464946778
3691869029
16246452344
3591471196
74543567148
2871113116
7427475868
494238508
58558986648
9750308416
2172301122
51701288
16928953984
3212426646
1220223206
232093518
4588813564
10272636036
132888728628
6243635778
1153444868
21137696938
1621387614
105448428
108528282
66884351778
49290384
2754638828
6434445584
734530868
3177492368
546314615
2668989100
203985063
7737857424
6861421620
14788940868
21643558272
23744136072
129254074
180348492996
2229453442
24524904836
81171148
992334293
25809639396
1652145028
68456998854
36176133542
5468657571
41109171682
100001607552
15007069078
104433021504
3316887682
2808977125
3827541210
9394859402
7104622800
38795466
2138911156
65733136322
5681116998
3601201920
35333853980
2577075684
6318024508
53190635400
124860333
71764506448
340365920
46238649858
37071863568
2189982432
15744968640
661297742
564561836
27422448990
2182153245
3035377961
15937695952
10720425456
57279605458
415990316
27840165504
12294764192
2889029512
3050928882
3788994820
17839327342
20069061408
13944506572
40640552856
20780913312
2743098581
34454119731
10449150820
3646203264
86396270112
12848015124
1559647996
9049309016
328297709
149998363578
390129755
6996490200
2558845944
29961866889
23127481314
47209868838
1427383980
676674470
301667400
127843650
609915130
103745110
10746650262
14263364772
90868766094
60782101774
12655531512
745196979
41686635548
240095821
13429340292
27358115790
33036626964
1680789474
8044820469
26906245025
7437765600
631512464
4109008137
10251029745
72441908008
4015507761
739458942
18646821444
90219193422
1880038044
1865684532
12835855122
367753576
2726593218
14684769616
45608915304
45857666898
1142291416
91437648768
1680943054
2441870835
1428380020
121551221790
78548544486
11740447658
49263440145
29110913130
500094806
5500326444
46720208115
15774471909
45862955603
46818848831
87407050
42115893008
80020479536
16124275555
14209654758
18103483192
3913559664
52454935638
40485084
8877250398
893941736
1408767184
644732872
33561167572
15248919096
241817312
1510083300
25134716376
164777206
57206038896
27432139243
643733052
8429660100
3283282547
69570027856
32732386283
1943532606
761228369
141932620350
16887220200
57118929858
12934271304
242463063
19702696385
10286515710
16737700338
106426548
26449446
11020060794
6661213324
16798673472
2133489587
1192269849
10791704538
219651412
94350132
85045775
334144266
20482120527
67916223752
975935770
266543748
85064944032
50997680136
58755033432
528078742
788161764
131782722
12527871030
4067027520
5479827582
4707635612
5309999077
48033084
160085168640
157224518
5259628393
376693501
8983839033
11201161918
15483539059
1706485674
319175766
9094245878
76576469315
3551870124
7796697660
1049922870
33689342304
12688135347
5272219770
4418803488
650493314
421617529
51178619808
11646198960
22967200768
2072419854
5064915132
3488617728
25405973658
578896080
253766106
7093584746
51196747
135816996096
74463943824
2908341339
467927654
516026003
347370334
9239897976
18718617069
56935935666
193506196
143740710846
2452398196
26878660
117339552
1770737604
16941139110
1291950852
60088560192
19640513034
597894828
1460109438
58809165966
59409747072
72495437775
445593919
40901010
609320100
791290628
4459924740
865844712
1041250416
243166898
970658328
1302797664
1240386520
10843515072
15255225216
156331054
6919146606
43424324640
150192401724
580859194
26309253756
2993846436
28364768370
133231286
2859520732
7872342000
1705125434
5029925216
33290446320
18056328
3996695232
529424874
2941452819
319350183
13519435872
1375846968
74638487232
57157094052
41736997
119352275
384526848
1597179077
597019368
178913811
1914285538
2001954834
13008580092
4654832430
1737851784
4042406788
1782235528
44037088136
1332372211
5931515703
2722274644
2045161632
976799326
1268698603
575247488
11538027684
127927321272
7787621648
26675074296
9361917036
5059583600
1035086121
903174228
836951556
605636560
392656322
10298364372
29749436009
94174099110
72745575696
422942642
60147282366
1666009836
21598404406
18729495906
2534681214
7874522232
25169899419
13082178176
25655132088
64466909
402415738
7420627415
1495112922
13534437616
102987701622
11730559168
28096738128
147977687664
11178679656
1428785658
1526142885
3173202565
8646908835
17442724320
474853452
20621931399
6821771865
5718908916
57884748920
39509469756
1096523564
832327525
104222454624
1448327980
2659650180
12442682615
29142502152
85414088
4105689188
133828091352
138062049
4877854560
52813341720
14051945178
52569664574
2497391959
472534156
427644192
46042187861
20819510262
27227968506
9811812498
8294444616
115156532
180332736
1313871708
1250859648
68786086464
2975328680
42334810848
1759430539
149857896
211927296
122856944256
34123385952
1652161965
249287976
125093028672
5643616478
46147374195
66200713470
1040714550
23372923143
422928399
3732190212
46320812658
3327079446
55900039302
6667450920
2516188705
2366343757
5587766688
9719040570
3628547847
5669401908
50110848216
45285470896
5704386652
67397037930
29574257400
325265950
15760385982
5823908640
40400320650
1352666120
12846418218
1042305324
4263752538
5815813918
33652180458
7292080344
69584850615
74750058768
27350126970
47627592804
1180338434
62395721280
969259452
49977301788
5028380081
83185468
51332002515
2976523173
54545414312
1502947108
29900228004
47534825420
171243895
43911482616
8027884416
288354062
10021372494
11050914990
50029584935
7635850499
236480014
111823180
4628839264
174525210
9305713995
37530313744
127325002
17695428540
64776950
565255923
25398441216
10355120388
2941685691
14059019048
20668136505
1019098179
13676862882
49324618544
1308539123
14948673983
53718150552
39151767132
36193017592
466328496
407263761
301591500
3479802741
93948042
1598518697
297363127
30422159424
4931395968
2055925141
14135377716
4999644732
97894874520
1696631875
637867539
1438971940
32733753102
29182544388
61893667422
14246904820
3140433708
7231646748
5162299396
543388854
85563565452
6824917386
7125569096
19876496272
1219317438
16585877664
54546331392
9661925140
147145076
8551468958
12303846954
39624725142
38656003680
13072255801
89042772
15416610040
4336703014
2000202474
29666835648
1662799104
171464850
8325141570
8202627606
125753352
75607728
9251903040
3732434220
4273090272
241710687
17298223092
3022436434
14280978156
36808617924
173750784
835194864
3921604320
679978548
26836117240
320038626
210577042
689103584
67977776988
1098206272
164149405
36497651828
4257311972
1109840588
33335589600
1118788473
23217816136
407776060
66566334032
2391250140
10067118732
12530211688
48745500372
1129535044
137380624992
6435149089
15335825972
95390388108
693238960
11370318812
211421840
25503231762
10037278788
2422869412
1365164444
1143687159
8699627384
1461657852
1437162916
1661283624
537859986
373717135
7941175326
76910133552
771663582
13837835340
7863157572
367551404
19241977698
46177377696
17512688556
7615541184
87722162208
3903623
792168805
8925318720
260189801
47113638735
212196756
41082384165
112037882112
85388266080
13299675840
73739162880
2683640858
1391508248
9922125688
10066878465
118317150054
582962058
19976314729
40784083680
8281050973
89000506944
91023480
1296030322
36228331350
10911733668
51082843883
22225582460
46988193698
4582186311
19945852796
33858244392
4719967277
3123811200
385858147
2083668512
779130026
78900122
1965732910
11026177153
53433269604
53176481280
40995420585
39447747837
660921360
78042688
5698566367
15259017428
29818751546
66643818
910487997
13052386220
7338980072
9123080416
101217746094
101800692018
2099830916
84731099670
10421099936
166175932
48107525850
7793123355
397564201
327997078
41883790176
47971984439
1447017020
264421233
1496557547
17490855177
26874409464
18546773855
5486751271
6347572624
59739201490
6077422808
61352396352
922019474
1137321070
300970979
2305042600
10991990298
49682915712
6816157632
5514423642
63535095
404004492
24503094
8847292731
1497856950
11279178531
44044774308
648877143
107598317184
4547660712
5350640582
20847762987
534420763
49449361872
42579340128
7671749263
2419883342
9912376210
137603503944
1567640787
83927882880
2072950824
12187607658
30707284384
1880492220
13051395534
50223526290
31204603602
9037930696
5806107234
19822476214
9523633366
2191519864
3287531340
152827350840
64099127968
65135807712
9429901504
27154788412
45647811036
9380253414
32856870294
3245282368
1214911700
777301416
839962968
24057920766
66947710000
21979106784
12855857211
29118250072
28124786268
570527187
2209419918
71134575750
6578659747
2992647877
63378120974
6912990642
4927040061
28949549760
94196156
7231532670
28437867468
1969103574
21413234160
1513955548
278840144
15368992696
21376242169
1304409774
100930332
643316803
3738519787
133882723350
3161630982
531802242
182967192
50699070720
736420160
23399569272
56271949192
33773538479
35890134984
24209201728
113953361472
405618734
50515588887
6854631918
25635133908
339594624
41014998
17064646512
24237511650
1928713989
57673589184
29476929
38294054892
428449357
1088869872
13605325039
7915298701
49980779
14927233550
2799228592
759236472
258935280
2666805852
164871150048
22200510984
2933187800
80471035
210388969
71238497
2149392234
1010151504
42804185544
330284616
19513243188
308279970
4057113621
4145012184
6226093240
34058853216
17038405446
4745307408
82855542
64805693184
2967902832
85202841236
736814402
16767050442
8248787712
4494419788
19871221320
222946491
325335862
9606331808
6008554412
2732833258
22724227872
85194689604
3049769259
70857402
30616347798
101273470308
103038486
1295744336
10241221608
2391228056
802188162
4101853280
1470851664
4647659063
77163976584
2145216190
6481487792
1095089994
8383004760
16751142630
626733952
1731932358
7433846286
5303801748
5272055053
61255252758
2912353808
9638798828
102796033824
20139483960
3934402357
481245596
132023674
49566534752
66893925690
142010766
34232413554
27987734592
9888373600
141386200
60247939104
2494938578
2895469773
32499352755
406915099
4867466355
9347248248
11964182316
21851581158
49337696754
128937140
485747280
1452341326
17008544580
5797931515
67290382368
1307042844
49856402520
14134106614
1193146134
13252000842
3664125735
22983768800
12531334600
2873162268
3145554429
1968357109
66145520304
85619219328
4186392826
19392835391
20600965
32478401467
49949295608
11313734068
4755093880
3913461721
7402365178
403293400
506342799
11027303073
2817508190
46874887956
68984473356
157544781120
1235515656
888866592
380237562
184145258
63456626916
2644544880
32694570120
2279831676
17147988108
2214242295
401268207
8817726800
36968471766
310318416
57641055696
9174245186
247993057
591228208
26155231596
46056840607
703565167
47657591520
16027044696
1260724188
