702173690
5119021850
167256465
10529068
31724325
7985122940
193711524
1118870206
6796101570
5693153
1174169028
597824013
3365790205
1460971195
74709257
97521519
41977822
238997182
96175045
22918813
12423792
269498482
291544384
8361679
52444758
11022716
471267241
1426518568
707676220
51623753
505662584
10681881
10749256
74039670
39247740
1906945785
1039843625
13197887
3528025277
1917441348
945825684
378920434
7056290
236080384
12041639
313960844
382165276
68182670
6706442
173826962
30226269
66816434
7378626
42681636
83928274
16651332
43805780
4356786960
16040198
12906694
241321792
721379504
19012923
28720232
3691477784
310310464
159485634
2581540
169043291
158343347
5830974242
1591826630
3431806
2347968
2067455985
16295760
1535804235
1440088000
16337704
5596608668
1681995
37304322
331767
13365215340
2553422436
3415539540
44126976
6445654
6683585440
38465702
5109374812
4578996696
8946720
16387390
135776789
12436151686
1449037462
3061280
849077222
1453504932
833733034
58502056
803451719
266364901
13511488132
1171465
275544630
28936535
3515341854
305721693
222431189
2391332106
6766276
204558199
10478742172
17611650
14957112
232155312
172675062
46185042
15701662
55817344
188298122
5088935710
26907685
328304
32380160
1015930288
1716168226
244095710
5252629114
36133877
128634601
1757712440
45012406
1391201936
26947280
13096613464
45516291
1161291652
22617255
10553044779
13503861
1603569889
1172004842
2429354572
47841660
1264159092
22050476
1170806141
5962611693
4741152
4388079973
680533058
1498971
12514124104
16956819
656724487
253817
341262855
1497645
272998826
1752533503
12290184
2332815
1066823524
28814188
4554926644
464815
3954758
6606661016
124726611
5785806606
985816853
727354085
1214216
185994270
7322435357
5943768662
31855604
380388495
1025951925
4057439
63229350
11067561954
2915798155
18739799282
403515646
915247728
24840636
189536646
2322485381
1173050118
275280
411459160
9969165
567786064
423025
5888784
4729049
317242184
5584264
64686564
94700225
108081096
303054774
527605307
4289317
135584504
248262169
3993002
243851765
2834276992
155646
15259718
378773735
480987312
10463375559
13517095
1100284192
7742637
6156345241
8145334418
13571862
89247671
14437080
145090770
6964269662
120298596
3439307347
130625282
4452563194
1895412894
442681050
2377430
128414539
392363968
11436879
1867692430
5299472
4449460662
870122258
36843712
6180704
5973140368
3715020627
1474605
9279594402
3035993836
8799144
1601719186
34340129
211552301
1428078614
33961680
23720450
22861426848
94810285
65241155
109487717
9366409
279935390
56565635
112373632
30800906
9588975916
44741914
2259781360
123341100
80730008
173915664
1190121
13416187022
414387376
4285995766
1716052874
28440523
53576562
1168993496
383871796
38834239
11573524
327263083
602910431
126757182
17835024
35534602
186807519
20860466
5140509
326634896
236747536
10269006
256049673
279022485
45831492
145367975
43133358
138386500
237827824
33117414
13799855
1041026888
344319224
646149582
112661788
143548536
28106666
560619965
30568955
36289834
161251892
75232352
19270506
5214361
8870713
6937644
12424064796
3207896616
81815255
235817722
12776430
61947870
40227274
88796492
119553006
50972813
186459319
115227145
5302314
10564477858
69135389
321762835
21924451
1217662142
646462676
1689451784
25514014742
2132029332
16130100
516531932
3507697484
65245002
51309780
16285530
1333446870
44794929
199277
181833585
22104256
332244071
9737151310
680510
109767598
4647201
80089499
130558230
29881790
2167188
444761565
274849772
8911472
27818586
187999688
21981932
7859406
85294678
17453324854
12219671
133836110
2334673614
38240656
9955686014
818916
22635958
341845
304228022
3976994
43069569
171919414
283543475
33126461
379242998
13785145
743736
1611902387
11903884
41522088
8808277
5473331369
13240701
170474543
14415173792
19167095926
10102441
130496028
8875502
6809620912
26572740
37476896
854264682
4057149
26938866
5706954
17042285
3127135408
125079892
140503645
331851483
73034888
21413851
79642616
3850831792
55651332
84431417
83622032
5943190
280205425
48314291
10171654
2881102
6045124420
648248281
91217503
81460750
71501182
945546
26976619
22185014
29752294
210583
143168195
1317533178
48255698
34939092
1056151413
14986320
1671020481
712825298
790732676
55366824
44203004
3020349564
8359928
22332630
1410352154
168273563
220660756
1308011468
378478804
3693289245
2802683014
2981510624
5335978
590453340
8693434
4180374208
5282871940
82905676
54903005
41113175
79399537
489730776
213305921
24599651
820590
1335534897
53904515
235736508
40493854
451835118
18226902
143286989
1087212511
2518879246
98297517
363329424
10845675
88547712
98279677
7694075
15217412
148707026
842703553
553103
136702852
14714109472
136371573
18970767
2822300273
2642495592
19585222
11454058
1671262712
8382120215
789432834
1258272845
5065114414
1637882841
27562342
579181402
3111788676
2536587104
67989500
3948569249
70331956
14014771
1697856850
597648
1014719550
3024028576
2943180
293063686
2012319296
231877010
8265745
14196942
6478749576
139023409
13031526
4725127636
10713095
1029897788
43562092
156345126
19248365762
7424208
295204
49822116
53273136
16817548
204671423
66884829
4236648900
230577833
11196036156
4095014648
367228
1451349
299417000
107265432
82477350
10910172
91389064
130550588
3264781431
2171519116
107702961
599967
9927975596
4146172376
63208608
2764851700
23562206
146709132
604001946
280132970
43984128
25126164
93192
2828055532
67776189
914700
17649743
13545395
18895357
2684992153
48590789
1567640
1073460
11676027376
2093255885
40917360
19961801
15435981
130555923
334971127
4746254
1197365294
1149168172
137114820
17036870
7089170
3925597468
767814197
14910966
9196029050
405283298
8360966
53995917
1216150
2813369551
42505379
17065316
1545965
29554923
6277697020
4680764
246710634
10091834
2166194508
572192034
2279261976
1498415772
83701236
11552456
11484577728
308480732
1006872224
647745
102001933
20743764
14258096
987396566
458359
162229248
1859892074
1140223797
2414960
2516164930
4789905
30111108
1407369062
132056052
1620150715
385567578
6562174
3649379811
375953098
59881733
3658445
30574615
11692710
16432671238
15308290
6298718940
685571811
2976560694
219534591
1347194752
97057508
64182677
3784783920
4099378
115228439
27301829
501121160
2414475
211289995
302344865
17232762
2900788359
68126987
478404346
96261146
613409594
1107177982
15757730
124444308
164897864
1335497672
38823472
18214634
14373093
7388624
449781148
69054267
9512352
9996841798
2252232
10609893868
72624812
239202075
15821660
3694559
8905750
25715844
40694360
50782336
16520815
2893472
457728962
4159084254
2510165160
4654566
5842226603
49095975
254122680
7025125
21333302970
399580724
2522747199
3211930841
1606299330
55061537
752779932
142260297
4814859579
851368
1383390432
61200544
5944686842
1538167400
812267018
205741640
49550845
13572085
194311040
972951860
24483819
1195690366
453881498
3120868155
14907051
69839784
4718319
18285508
3170824
377839710
1230462
3494560
2158712088
1991606535
3459657806
2456216
5707623
154293663
7018010
813253127
132223924
2227508069
892552
49842116
57300028
81550156
276480386
2458957760
142763717
51768288
6477228644
1500948
1405316
11167351026
5278360
6815694
3234111
29360552
16542091
10339406728
8643751959
88927948
3118104779
29882931
11671650
1162891992
49645444
13622541
272498280
4554673519
38944010
51331448
1082954
335736
262684522
3481921
4364260230
56379381
167972758
3487402802
630113894
1252160140
56240832
4591435508
938881398
8768592921
6072512585
536977439
27616867
1168185321
20651404
6180193288
9669020
3342621817
462917898
834623210
17206654114
461838
1162849992
873273276
2842433942
1138426753
65512
10258395532
1914165822
51216444
432846918
1400046344
91078302
553796896
11618505
17456258852
1350865
164924145
14299209
390237750
130794912
720352143
4489768490
1564601026
417994833
13831494
5026327122
997878306
16919655
6615692
31572772
55676833
815716278
3479376
3099679017
2196011817
659819116
14061924
18014638
102265339
6897876
6109077020
19652495
906634766
8405638
2947942926
21530201
411169992
4397327
26528148
193224226
2920804806
12646846
2877005224
5602418
6227785284
24521638
14407759470
4392164
11527246833
2254722148
13719083
801216
725704272
26054111
2287858538
1085119126
10540413558
1268625
1441251432
7064445622
8589793160
2110341
4845503595
173295504
148705421
571124890
85263064
149797520
1086102829
506040651
18558712
184633700
25022325
639087
244380988
150320272
101723691
1545999912
57087916
2082256
22630126
770822037
47180576
58369782
2758841176
2755182041
492115862
265082712
104850490
13374424
90636671
84832745
6221715744
101659523
20410269
783314578
1606696
8313987
6522606
7369504476
1964931256
735272144
1025603654
206628191
16624030
23485080
9399657660
16459096
195080696
13339380508
44269944
38241203
21587740
7240496686
18917131
2191525
969969278
28485906
2120455116
2249662936
236614
1014267319
2434020
298038496
5064688820
12159728
166348278
1853648510
10949821172
831466692
262210674
513958110
2161412848
2236562178
70900316
149695363
1998060119
184672825
10013340
39425491
267445068
380887456
2771553865
16594152
3989433630
23606332
6429114
24080476
28523250
16390594
77999559
1153448556
8359120810
46652328
258926937
15349888
1582267435
29682523880
346639408
889088481
2968772
154315001
7332255
364943792
5610245472
187277044
919070466
460259327
31828686
3174031
267353694
114413291
118257510
681232408
2637290
12300871
60335867
43456
133559048
1313821939
7087980
2339443985
189098904
1011999
7648616142
2158479319
79298197
418153302
16724165
2190075
192525590
49943974
538808344
1229413495
5733736
5980870
2354246
3142280
1459582662
645168859
26677127
668968560
89936532
4127256
1695852179
92882862
7942912
84586716
11991640
2031245051
30745300
3009898017
313287502
2494668
109363842
9325058622
21222537
517547182
24490220
327872327
179063086
5643201130
54681347
12691305
43352633
92412862
1797974144
44155805
110695113
1503460
5611422
4944914
650358321
3963138
927073
5624109
343610980
2478110241
58038596
660269997
4176675
814748
1513618482
24369365
60070738
3142924453
6336466
5874715185
26585790
5010741822
3771408242
12334358856
111036629
464809503
33199610
1038653
8306071646
14038212
2096543
7658529018
6897549
19068896
5752888184
59966993
10493793
3650527189
1198479
4784328148
18784113
43167130
95716280
619499604
2311475908
572131324
4353736
36573912
517722212
31365755
901788186
249042023
494221815
27655347
614770195
1101170180
68664059
7200366
1539269
380953427
713409419
114517447
4611600
334953148
6486976
1128432661
17386034
1107576273
15301709
10195998584
42565419
6495018
30246666
828878292
19857287
26768775
1374650990
4201531
36197721
105207750
710484223
106540238
32284738
2127648713
1872571946
1375236
54464500
3314813
78237714
19316381
4772252106
2324772
3219510
3037246994
15833160
1153500336
2946594
89041995
134115768
4290038
15467495
18741705
1762387
1954223243
17502781
132941328
105868428
744354
9764503
29489778
1551297110
1121540882
41556743
3465972449
180275210
8368649408
117174464
32085510
2293602
1185306688
9117345334
6128826
2725551374
4958078602
9690186
14150580
401754681
171144728
1420532886
1851069264
1185897612
3046528
84167189
111262974
153002539
10772222750
225770022
1144013494
42175839
14616827230
8697232
109162848
18044347
17544204
2067220
35689490
2888979281
8309784428
17962678
117012330
708689976
7487164
6989172054
1115076418
83002664
10337030
631603833
30501048
178437834
103077449
6153534
44348904
191819
871315912
81723446
119887616
46099038
242207698
3448561
17261960
2909902932
161799840
54858215
8801364
11035770
6251470
55264562
293741120
312634506
604543562
1748700142
1789757213
13479622
32767987
952336988
10888820
354905452
269830433
2050706
40124772
146665390
398173554
7286097
117235069
1554815666
57726292
1288643191
14249913768
4969033052
1159001853
393072386
178923340
5136051
491923838
422430
22000124
14659896
18076504584
12701682
2547378990
2418715
16304539970
513515702
120379800
923470168
2608023786
1303175347
23998174
53157581
1000926946
1895250612
17572818
8839237420
981148302
173187359
6229895
9507039
4965502
487321838
108696420
702812006
9237558
6561861660
1095152623
45888489
634990680
1164522195
209876408
225777713
2951701485
171086904
457776132
1391258124
392327619
6482091772
7637730
25886172
7065306
1966818292
32116385
60490892
124869485
17841542
20945478950
13316394048
489509537
1264743963
68981202
7115112
2881786330
11164870
4564668114
13476455
73278846
74750049
81804931
9725373
179600854
176732783
226328544
2990547026
116688188
500972176
6382288
9543438559
322148974
126566062
18312020
248470994
725027724
69777925
5773166
120057797
87719814
18140888
7616484160
1835358252
204040571
19764915
23656741
5485672570
1561749365
823987
3531012368
8485526
8304100
71949052
96467221
11066383
24461669
151624825
2187265988
9348175
493121403
186845643
14299092
152083983
16356586
1521661450
170966286
5819831392
21095116
2278577913
4244968566
15193189
7683756708
1102795388
8635209
53938536
2078623098
7873668
6625613985
152193657
437239488
158225091
166403730
11629233
2944962332
3382440880
17857088
718717300
57468428
12426267874
47657065
214212706
4631493206
103782123
344412172
2977450491
2551556028
1655565880
909638518
13375618
140791662
228074129
7375602729
229267627
4656522
313764616
37636542
7962157
340982
46335100
1165710
161147458
688328263
1399938254
4066245
1990228214
3613968589
115380631
13682933
15459642
8179177
12001413782
109390866
5196653926
503333296
25929120
2497271
4635912744
3183666929
338696732
3095709300
95245108
26008574
5297968866
2578982
240871744
111810724
12701926
816617519
429958248
78642804
13962587996
79739670
6111273
1939886596
59623438
3911281
23653452
11663656
346540436
7941402
25158799
2582727726
16776055
818749142
41261881
54194274
15086683
3463357880
7134332122
57120099
14676589
1429944
4473285
670575713
6704046814
234376619
401982811
5051499278
45481557
1129315127
113357866
4297580
62237741
20883058
6898009473
56862966
20953313
584257
3194778
1999156
134236567
55624978
729094262
7443121114
71549445
2100608874
355640681
206510592
18011250
454801484
129392880
11200252166
53072310
3332282
3941668
26632172
1168168437
309244005
1062124224
65957440
264458812
23688149
5604783
288775411
1249750510
455635635
9257450
12721628
2456503
71302296
173063730
42635857
1867965
9636611
61930780
640641908
40786579
8478186
9744616
13463406334
14705433
380975714
17655892
1086242
28381458
1686985884
1230331611
422529828
4091875654
88232504
1777628
27852052
22453275
59494310
240163681
14540028
6071774
5922772
507160197
560745749
1987260
78445826
36606257
3033396534
709108970
1308279216
1268779066
471287046
17804693
113841480
2065106190
86882106
15995820
215795001
8816447
17082490
165451223
243188925
30434178
276668860
15138125245
513649986
20081231168
642908
622106
23396538
144869352
100842753
727650
2878778325
26724450
70377345
34566388
1966743798
159695036
1403197687
3704470
2372093702
27681370
22423572
1035792720
287206942
441216936
194222874
327012
2539189670
5167829896
24298008
316913958
4631677
10513184810
5105303588
606683343
19526707
22726106
636937228
3015882012
887383
573197456
32724198
103472163
4243358238
7883920
287621
3247770215
246560406
269333888
3315258292
4656220608
1350515717
5125719
82587236
16873982
5398913988
14492602966
244745491
304681628
458488013
2155734936
62856632
16126797
6366166796
205572627
4022691
482886845
11006746
1592619312
29862000
176343816
2033379
1311664686
39178140
15501564
5768587
15990615246
23934209
2142816
1247568518
1086766928
81774820
2245641454
25785530284
8255289710
3134978
7616459922
25529943
1682499125
99368576
15848061
656596410
2233872
3225260096
22666586
2287572732
344261581
76825628
125785239
67605154
10022258
74944164
1732164164
1231354998
12704037
5452700396
16336987
12944258
12532220340
18786530
5298805235
19914490
32283173
6895657
17838850
12943728026
21374230
637840922
261083400
9573469
1479432370
174021905
12548532164
101084186
113522646
158229727
23565065
438278644
4202948
139988902
27581343
54815995
116686566
114798993
11746908
48083157
75511384
37758209
27515200
75115858
3481765872
51663020
5127944952
88177510
291183224
3280948443
21014661
4563310084
131670762
16529373
3730639784
99420130
23583121
25206396
7035325
368254884
11761824
13385681
762938201
33077913
1241076084
2871594890
626312702
582702038
727072544
32896689
20540233126
21542681
1880780140
9358536032
65446836
12202918780
364627213
2793904624
21944518
8195814328
1207838
1092035
21094336340
8034345221
8874059
313464000
98484873
8662023136
9583632560
135380660
1808218
652922152
1097290
241870761
7223590
5429121
5547050523
772211869
4712477078
598709513
1253881233
3674130
1056134249
14016546846
2585447296
36798408
2839327040
25458427
68079454
101575411
7533103736
4882596864
81708806
53551944
2386462184
1274187768
3537688
8377208869
127987109
3611464
197522420
22190114
7402441
1453191485
5205307
231813294
8223922
28645015
100695240
2700538314
14801567908
341977175
69862422
24972308
272758072
15795953
1999690250
17966608054
8828928
364974986
715494735
9114842
20390090
9399117
5279080
68247191
78839102
4285442
2859953091
88133850
189291165
4547446072
149939486
4348991
656760141
88442989
23583718
615150924
193158978
2745744939
11623064728
219522313
183069466
2706403968
60391370
3640243856
2232759393
1889471400
7892932
15957734
3473096792
3159704673
823164
41378544
27986815
429860246
6099201477
221463056
5253161
616039254
696153671
3112866120
94077657
7260293
211706270
5803055
37385044
22755444
8261990
2102587256
1613326858
8561081114
3052536055
78133238
1859260410
12435224100
50897511
1919613
8848242
4086284
36353529
349327515
23063347
293027433
778624196
2391583
16991668
2389847727
351666064
4029780
917643610
14305194
247613525
2196020160
6246013
2101255249
2022850
751078338
13124672
93113425
2118114773
253701
1600558493
5065970612
12176799
2728730
309386919
19307766218
64567124
56460103
2940429088
21109245
763080217
658944198
57827544
35894096
6956896030
44562466
4751768277
1956940040
17889696
4566497148
7717728928
34185005
75574457
245254924
27082859008
2197749626
14612952
55800719
4036764
3284344
40755712
5580588
77731130
77217
26998498
197148364
175902104
11140503
48270289
70918639
197908074
7282383
93738013
265161474
576958462
2223635035
12941171364
47298933
11366042
558507
826535772
8681772410
53367816
94550024
1691182
351389347
54623790
305535845
14672658
44174142
47702163
217249762
1941739312
10011572
197574314
18765246
224924812
11370249578
148733238
118069469
261256
13446564
1720602
3109772907
26001382
13186995
324829417
6850173048
29998872
9468003
1066051885
403677548
2890376508
95265629
196071258
79367706
5250376845
111539025
15774843
4049416168
4287117
4074802
27764399
28028875
10364694
11589178
28072415
36459499
186271506
224402618
7064837
107178747
627026410
4355826
6971964828
45240279
46246524
2715710
54080030
14711780
53378040
11556081
24798284678
11802160
184321360
231461856
1006461794
6866336318
513844679
3829932
2451612
36707283
3150243416
205439682
6157719392
4165536
1855931970
347633354
422196464
11726790
21196028
261921568
1572567420
92778435
15408235
3612335
62613068
31124605
15572686
2782566600
24007806
22454454
42570676
771830757
564886614
603540
40612111
89852700
23986312
559570232
21478268
62529272
8265066004
49260248
1307141388
81802728
982272
2696732792
13970699424
31042202
11695080
6438085318
12933643
1266129148
321160605
1804032036
52917766
1630752668
40509444
502344251
30745708
6347560
20577923
36628038
3730725702
861233284
700379869
346532761
278066308
4015284
10589900243
15770891
149503633
14013727
831523734
6464390
62012368
8247358762
304841671
37481186
56100582
13996110
71499525
193638789
836914325
57518927
1813272216
262980948
11184840
739215555
1739452986
88832450
46434183
4613558
31611882
28338495
68003547
193158964
1110878338
1951280348
430986823
7702922
100534717
116177754
13067452
143495626
8455629656
318858146
711345656
578133202
18273595246
76398517
81862426
31574013
641463
161046704
42859222
4610091
10140766792
431180475
272625912
221113028
157626745
232608165
9573243
279404381
15013575
14932291
1180927220
167407413
17987981
131223735
2582700
600355570
532521230
869932882
14908466
3153052
326392955
18232580
76749826
1250961697
2046581513
475091186
30968377
5329474
116156126
56443390
21520949854
70157292
8247506
96286983
16148454
333307664
4764608
160039838
5026240544
183750845
1025057382
4469865156
19465792
749406137
326278662
405145
59254667
11219312184
15046916
10222340
7048429
979501690
107341813
2341759278
3336922938
36111635
609595285
38872646
155430273
28827319
7501911849
1175582395
70949535
6100775086
545796036
133227573
2210880
56860
34072438
10645425250
416248454
174076526
3973220405
16166438
745065386
2050451
1143838873
64142332
20123389
1618225
16306664294
36318515
5670666
15840897
29939118
6098516
17886576
19308323
83141284
24090
1107493629
136814260
634228858
1157849927
52500566
7367523037
4798906
1755239166
22156392592
755886967
79867878
8692493
4481569209
19422314
3508598125
4338328352
2285908352
4359956
558906031
19305219
898670682
128387376
6745770
113017115
117741696
10396493106
2793228
3947652
12476336627
22408221818
4270497583
956543992
100411047
15990932
2622831
4975088318
3797715
3061517328
5915163
3599050
2409871316
7040027
191950452
3073794506
9364052
7158604714
1475878440
114580256
457944406
1112264986
70153560
4245058132
1812461642
4579467820
2393190
260684701
1009285
2595090707
349087
19797973
60010475
717219602
1468652
49593696
22409736
26832343
681908285
172782612
15366865
199295490
13476737
9135623
257171741
2762879
27442742
68023125
2228904
3403424674
5154493826
147478846
137861192
12130542
1609299432
473848632
161567392
18766140
11695779
75550052
3559679082
4734481312
4834602
163262822
3779820808
89773411
843554985
283591758
91216945
1505304
3619343313
2566348
3136981859
156414448
8328691
51836767
1472138018
2825103530
24153300
19622860
6847358526
492521938
1909964188
824208892
22284135
3755446230
14101900720
2211376539
7162004
48823596
42194785
474253603
6035648
40244
12224580
1275670206
90543441
48113912
166022
595021318
2639004
54364914
78641420
3324729220
642334538
1706009586
172839537
1431995738
2785251508
1248339435
25361072
352413408
11354698
264027307
23215802470
3536455322
591327440
52615024
15309967
6131314
44024842
1632719778
40486812
62591136
52839018
679684
1070060684
138618606
1542244953
15966288
35575006
3306477105
18697296
432122353
263864756
5400825000
33551301
41531600
216229985
4998315400
2490818708
11949537
3016703331
11618627769
138179284
46886189
2341552764
8784188048
8720271
331849334
3200911272
6460751243
392085423
170608308
11139611
415945875
529636725
6619276836
566825340
45184964
14591029
11509734
6591264
8105582
40141507
1752290
143724224
4135802958
43446924
5334831
76276084
52352153
287584326
11668992
7005989
272354076
4511958570
12000610
2613104898
160781313
3118683865
2190307143
18986712
1059058468
85302861
232791795
4158886218
54821847
19608352
6627374496
47205292
111008392
1014524352
29456946
18766236
8888211
574758824
88141394
557371152
24131071
1605950220
79204128
13887764262
138270830
21012123
392254639
3791293216
1061269470
33438284
266892235
2596141834
101604670
12430644428
59758283
1273413000
4127560269
9036329
231880550
9953176
79406899
75799756
183841399
12111676
84560
1488493040
24294522
1741382259
10770480
790655657
6950980846
24888154
2735111240
5650296602
85279336
1664305824
4756130640
24270221782
12711491020
3510602
31705060
2043896150
13398858262
2112191356
3349188388
44455935
111126926
985633224
665046865
23041431
3806271784
380631140
33400815
22080507
229384872
7171368308
123516564
34915253
243281818
3439925279
699834861
1751272194
1014140223
1910243064
46868037
7768580382
154526124
40555082
1871961
5062938
1537917472
95636643
3035527200
43319649
29149156
86302686
3903009
16099082
16655153
48356188
5028288
11841448
14337668980
63201225
156323318
10437862
1199591
36556724
1804453
238728945
1233090
127212495
11410707
4645871519
2637072
15587614168
684243747
4071697
71955
1631766940
360792781
658144482
27942429
181857948
26151679
83713233
8501427
361860606
41751126
2953866580
7012315
344431671
17897488
23631465
915989410
347074110
1515525867
580185547
294608630
35228160
903405412
24669124
329008
678490342
795321878
178015368
9389695
362665602
189542538
15827560
882763294
8684331
5292187922
156867308
11362737
2436416
6908530280
21970703
694570200
12671937
10109257
806266870
54895045
3030831475
14222173396
20525646
40510818
6262461254
187428735
637291282
60605384
37105160
417876236
11408518216
1165788
7395967
74105778
3713316
14534537996
8080601640
70609970
2944444743
1903714555
41940784
27516060
13932072
8191431598
4444919298
742052036
504973494
3467975160
3225398952
93992732
11004920
44519864
9044185
566879141
10125552
38130488
883299168
45072866
246451577
5282199876
404720964
9852039
536540106
1783999059
396291229
38343191
43619029
2308062
3101832340
5695832480
1036082710
194410157
12331936
367660706
4181595110
29848102
4456684
2866706700
17103721
15292574
158381348
4385979667
9684697
10516353
202256544
2032508
846160598
43472828
103809309
30131381
17478941
102091747
550213285
5039399694
4381510796
582756942
6586317
864156870
23168224
208571620
729972126
1085394031
7074234856
2299562
60158207
1521336573
8764013
33577366
578299989
1273422274
213337600
1473786
24936084
21492679
4763241
106299276
41657672
13329789578
478814137
51551784
14243942198
1113175248
796795357
203729202
17002930
235067506
180952721
50032854
354231871
1134803792
453163604
567516184
4766222208
9743376
63177726
11189766
1594590504
47415088
3385188
5719867472
10690271
75312008
35883798
4238652
1257231888
6698439325
211718224
816852386
131415012
30776435
257332602
2207451660
14565460968
11830548
1197821025
1304411059
690086
3429134482
2982013704
8379024
7522654
57870256
7776955500
8680189
1409598450
702017280
1680501586
10991885
1639631371
3974470756
438956
14474865
9515534570
1964999725
7347606
27561312088
7028931872
1635139460
1410799753
77436253
2661699399
42163744
3632092721
182804006
9294305752
1354425744
1283005848
446252056
36652268
2036035336
8377938
32552599
23305585108
69932114
5027639
295944422
4885496
12253192
426491626
1964007114
24600516
4955752825
705427953
1435674158
14302883456
728127660
5110203717
102967271
224848600
585160842
6245868004
4370589
20795664
4206977
126568612
1151532994
160861
1274860607
13123318
1635616
4945876
1786629633
5490943
2408778
2433198
28351513
16696828
1002540
4721520
4730960
752174033
158587658
5459482
1506749556
32443962
12588335
9288207
6901448346
774915
1177360644
4168311864
177303025
11158035
26607493326
246489012
87051301
56567091
868689780
5629080
1913056
59420152
21839907862
2338242015
1138825438
2349828035
12032729050
34645134
140122864
5650805628
175261536
5521278
1313047908
8275923
48341706
25814445
4027250
606597699
1508178
41265650
10788122445
4646322
10267046
2160796692
9940535
322111680
162826912
30890330
9573306
596215
310771753
2583791749
680649051
1912819
37937624
1383694482
4222118706
313382281
66737865
15517593598
12695501
19046559
9241438810
15995315
1006323350
260676247
31266
128054316
15374949
25922350
15575753
484799200
1511861186
128043566
4911651650
1248655042
896049396
6628753
21228633
12874421952
6730238
23135244
306322271
8274150096
5531929143
3606808
1129255569
615025369
735876344
1719036050
1565546003
552287962
702452420
18829215
20416401
22767978
99637760
28587768
54038205
3084035
1340950
1200356995
17335400
41350075
314718390
2404833005
192985277
394930448
86803910
847839784
119691325
247771795
728135804
23332477
1749532414
563326430
11672148418
1177766500
280728874
5014506192
121249330
72630151
37393150
1664010006
35378210
748845138
141098780
8529070
828750
21635307
109797399
53515428
80450605
98772747
10276565
5630336
10936329940
672502274
4074463130
4450820
31795161
37169207
1402750498
44285301
12861037878
8457327428
608076
48755916
179569
54978575
6575404068
3543300
4390323849
685505
8268392
5223636390
2979143939
32456770
8206527302
71845930
5275522384
3364742
38671293
58344821
36439925
299392536
187199514
10349391
3153321
2446958
1394840353
7294898
11120619
53935692
313976883
203966366
28575804
3138500260
296626224
2720730
277871152
203162517
1840033956
3000801572
172417645
6138404029
528627110
19954760
22806647
90278475
12401799446
4197459556
2769844
10882046
213094047
1163720825
1043530296
123492427
557453249
733039
1019908074
105280728
3297273790
183197268
2315292557
11275976
364002492
1078117584
471025504
9241665
17765372
127152671
353463434
1712626994
10997508184
151275216
19117573
1443767171
6171051
2562134
1849992382
151882170
334753722
743931990
2731391742
3322220
469001855
14514250
29715192
1593237474
541760190
81425531
467447812
38429832
4931240497
21202944
1167186
24854577840
5784804232
14607763
616794610
39907836
3274855
185572860
200206
20927335
3958431765
5282897
785815439
12930278
674057011
6161856
13324923
32708858
2459642028
2789816618
3709536
192929854
26056644
29208662
13076389
63122664
661051972
1082770636
314801526
30787059
20506445256
54914747
54393731
55596442
37011703
47832634
250496649
488067600
7869112
62504630
465483054
53558008
9248624
1016613991
32565806
250985484
284311140
4286865928
14161385634
220360872
124465768
12209625
28708380
767688
172818786
83528244
2646403
58898226
266222294
2448831
154189260
561144710
3034493
1627870937
92907812
81022487
391341414
1145625405
3546009196
178265364
68949575
2378832
1772144
7688798
573389826
431455198
15696801
78417018
780472
719062053
701475223
221710968
83000534
3726500308
248641191
708366756
2661100
6033445406
5606779578
155041323
2539630
110106650
1033123735
11801931
142163099
148500578
296757756
2309493109
15708878
136898064
74297982
183325206
1988060398
2128005434
608481460
5070128084
5642851876
8724613
10860342
125881782
57159480
198597500
719028453
4227207547
8540528714
24186869476
436391404
3933421569
1585197435
341982474
2427216724
4266241424
4714666
34905218
3522891
6721360
9990546
650685944
59819465
155901
2702156744
5629619592
6195546
60841400
556683630
1220894489
2342866
808715711
79607696
63443112
7012067832
202369885
57564573
3150918892
31335944
29501883068
13442422818
42007275
161043941
252229
156321256
17830670
6266795870
1406200
164664733
1166159
5436161
4833057
1990425475
4166584526
131675965
188222225
21449504
194815263
294608002
21135227
50629895
8732981180
45659970
28101629
78145833
6194225
19082260
1127307656
409384497
1381183270
51568172
102811095
36312486
80450016
2633220
17475383
2687820
922284997
312137184
1351124679
15998292
132623370
2317901618
4662063858
3002135308
7647030732
21657628
590586075
116331981
9126339693
7012686
26546585784
63818609
5175704
30782160
153558016
189396990
57945704
4197609134
444713204
21873772
81860932
290639752
107161427
248342054
782391640
10798044812
9232192
1784631872
753634568
181965152
171535244
126925288
165716261
196271138
125627074
24217099482
20720526184
1287413
670671022
280026084
81856104
16649860044
581986
393165880
25851172
3101385
750961996
12261264290
91592018
659486328
139495303
42365670
942682620
3226546137
8166411370
1187457
84658620
1311960
1079810798
22165176
33288895
2102880022
15359666
624530952
11848990
37771484
8113289644
31110055
139674527
49150602
378818584
4909967034
16728445
4666278
114681604
21568145280
236394421
181058
21761871
853377
14834568
2646680290
475502336
669216184
1381036430
9708168
5861000222
325342881
40687180
106497936
46358686
1136808816
12795815
28721840
67033630
82923750
19177988
52695058
17039853
2239919318
35112208
452072376
52883978
96258758
20518022
8750685
883866076
64439981
5552892000
645146810
52213171
441178
2961363246
12204760
2795865
1996442
111743148
1952855832
827226926
2348981430
5317559293
1751608099
3388496930
19679748
58672048
340302798
643526017
77767464
8906067188
14879142492
1551812
5340145554
89035222
3142678609
1108508096
3211502108
232691452
23688243
273518304
39396423
106207899
256924872
6980345484
11402844
21075876
33292773
205674972
1973250906
15708340
142876904
2658179186
63055603
15381643
31576020
31085202
308091640
941333
3054947704
269510910
9012031
2137517070
76678695
150333784
24204824
33007108
22077364
326289672
11456754
3112258582
4222114
21321760
120122284
18986100
1543500050
86733
5635576942
14005425
4580955
19532430
161713704
1396210156
19826614
295053704
22211381
2610853828
1559813499
1440129
3746131993
1999791770
7207742
1219085
3261501184
28315122
31785688
3581254
1272682990
26951478
2906273930
23900729
112646648
16954046
88727470
44902758
97035890
9632072
13614922
2581307524
115204236
2324228012
4379591188
393176134
1799558427
345444896
13294565
5032497920
462183638
61315131
54686984
8202221
1665029
2406007188
301448591
303875600
38144170
2070874702
1751954748
438330
33006419
12488218
49683750
20684184
13020299248
455044336
10108028
7275310514
1119918369
1272502297
26535927
6608529096
5292912
3069173
1646634288
4916074294
146170045
252749
2548389
76239856
1780244698
11037498
5362466
2977750980
157469288
16221755702
76399490
13441967
176034116
14335009
1157601153
6455332892
1505671908
81458016
9628191
2663714872
550543784
2730146534
604328484
24494154616
476286096
171443637
922697965
31660866
106668713
6901297470
3256748772
50381842
3105890174
2145234
12433177494
684637
57469167
4859150
7510744
947116256
15043764
10316637907
2234934900
23633257668
850688406
5536261
32036768
19643744
47222657
33433395
6157997
6889643748
603156145
30975944
16104468
526158048
132247371
4949272
74199
255098147
65226880
725393346
15650583
4950029364
323030439
781605
54971704
418986325
158710167
11093437179
2173186438
82281476
539971897
57075697
154499492
55897926
1283718245
1486118298
1686838
2557317500
13237828
11281126
19446466
5358448176
13829476
136955847
6063425041
15855203
92420565
19765153120
4162439961
4371034
283315872
2211010999
155028100
381653290
15203272
151854373
13080003
4563273518
3172678822
264615992
140521359
2831038
3656227028
3217021791
8871115268
4260810
3411732
3087177276
9971989
187720275
3724741280
1416357458
1297152
2468052254
32422292
254184021
295963902
53060612
9061239
380700968
13198520
15734651
4616702
471471666
1435962415
1820477280
3139548
386143987
12959400
3669856517
207906218
3197036
2042482441
210610511
5293856520
3085022
46336545
8903368
4678084575
5039673034
35715272
20353797
116092837
32250043
2711406477
42983168
44605990
538441648
352525650
100828778
246552309
7257844788
34417703
809218698
318728090
2302248
2737295359
1030863
10559144
125671462
9477354
370596622
22148032
988722562
524953142
2011568
90945104
283535846
264856342
3502346248
14729034
10375984
603239107
25354394
7655430958
17161068
205155518
253052455
9462378
11406399868
37115744
1271250
643382468
114240117
2456809
9875167278
308668302
136440167
3433247
2911221121
2716890
10394669
3437080373
1752236382
13229872968
16801400438
948710030
816246668
6850128
28328693
6068268
686921
19854325
1711617
6383229
1801175511
171255092
6013742
132574457
6440600409
113133906
2050666
12933237
55529369
12829272
43144456
15820337440
150163343
81310523
7762526241
1463329496
4684451367
75440796
583798278
2595238524
1437207356
12029663298
873304692
2023456
266267784
159789366
2372004473
137756299
53819790
101157999
72154854
45788088
126284046
80502812
287696355
51118750
36529995
864290636
21467644
8703064
215282833
9290580
2139627305
30964584
1292244662
4360833
5220110
25955735
4677935184
337258702
1847052031
7404741261
78542584
279154652
28769739
10542554606
4767212066
251267751
474983469
144967512
1068067
132080910
13243983
556647570
20629795
10796694000
10506228
207388943
14818943
2007426488
3761950270
33012243
225958577
104148588
72932621
1530864
227820096
4748850724
503375286
4209618634
120398591
949814026
11517665464
1944498
541176298
146170086
606915718
1367673644
4202820892
3673430922
1137658822
44088612
2208096
139383294
5260737278
9206080
6560714
11198286996
60936192
10368856
2371335606
23440334
1895216163
8211729
41526578
9360434
5512492
33788880
36438572
2531668607
21967872
262424340
1299168062
75205892
685005169
124242184
808036616
6934896
11876331
25754672
354642311
36968895
6705778598
75088188
473330134
21924636
1104157640
4310192934
108469201
25495518
1334350
12776797
1599554194
463623370
1003067370
4592128
42893437
1755933784
6648506
2134389444
69476272
13429726
20860457938
38116748
2774972
3547445
5496451766
9450608016
351210747
1222260585
2139480710
3941356494
44713906
155884112
9195047264
63958102
1847803394
208244530
2366544
274903682
16181538
4428037827
5307765
791890
64339299
1782588037
21772234
17097446
14932972
35091623
2031130790
665386495
2180052
625002
2973312477
2573940
801546431
4716719
3750873564
90420388
64900180
318188450
620155952
261200315
24906036
3363002654
1995160217
185945294
1934924942
58615708
127957631
158275130
12587976657
37181878
998373324
6661206488
1644006970
23782970
1651353
136385443
4846537
159066231
1040551935
146493512
9137780074
80859849
4204126204
4598292
1204532246
15655131
279445086
95624473
2181756
20270095
10373914206
2342325
715081564
57712155
13135594
1730964
75869397
31229621
1171575423
36647446
4798904
15801652
381475950
102195897
2540296104
2156880
69439886
10584988848
89615173
1252334200
12918883990
27791379
760268809
12978605
1145848723
78152963
72491803
350373733
50116755
2417030489
29383272
2224083225
386338155
35796240
1848332970
6071219048
2539342013
430834008
28255884
905228373
69252784
382522580
1788493092
1179531995
85909989
12576447973
171523719
54783063
322734858
54746915
105308657
795495115
6696798
15536872
522608766
3367748788
19717589538
14003122
580083
60253471
1307320
3171628674
9052966824
130209161
4384367
1691295367
41921372
2145034206
1471467309
2494659
129091004
2093166252
5861059476
33189882
7003612760
606712884
5417861
164209927
45615615
5507847258
52243974
1017228842
5815883818
94234675
30943817
167861762
3742717662
91337510
5142688998
45071623
10443206
3036710552
633973014
41408036
4514694846
1058901620
1288080180
8467508
11283210
1349069
19428744
2795391
308726681
117382170
1201560750
3762892
5040901789
1604640
503064
854768590
5425717
18928841
9250352
274200536
6501764467
57895459
272696
438709453
8900820
3022785255
2598222
1851468
225204952
2240896
13035223
54174765
6615213116
10500567
960798777
5187386
64712749
15774171
19113354
1335822
1228817225
17436020
27296880
409053501
7614616106
1654838172
3461188428
16230126
173505160
5750546958
7706401
2095069
174884376
255574371
9838468460
469736247
2787936714
77990794
556340750
4524235
177243
10568274744
281615241
37076112
83739104
17537898
1041259
14623020
1369123412
13748165
23134224
15063282910
1923417606
5451180868
1534829358
135130988
727037625
131292551
222560457
393994780
4112756
10842388
8843413971
105101346
4073922993
2906547950
55776384
245004760
176547714
1020522884
173675287
113386078
1217176026
1077893
157154
1993278660
13935910
2557815
273190656
17062264
1109580324
321112806
3575990132
16403943
93098736
2502041280
207180328
1170048
4020904
589654903
2556588464
4255743504
49419637
4266043171
52395529
3443736592
29799453
266623808
811236199
770364813
980262640
28464954
5757545301
43267560
7664571932
3428920474
76723170
1242385444
50591136
1192150294
1501079
78843385
105314424
9762834286
427007
407002170
44175528
237834544
87825008
530531006
9267483
997845314
20008763070
9609830
10686222
3131835046
148884168
1170222072
169450966
1038781380
184944187
26983553
131686504
620794294
457949844
38217438
319987798
971268320
3747234366
5818240614
116741365
61253944
124115354
233135086
1180143866
17245636
782366894
368231836
5547223
8245082
4218896831
69674282
17294899
8910893
38402056
2088600
41305061
101658510
7356728
3378692600
1417937042
2216018
8012607
5164217528
18723887
220194030
52457505
151643058
14725238238
102777534
3938220873
987866667
9592022
1031712476
4483175400
9882789
46972260
263999307
2659416479
108679756
349494530
2682675944
2808645
18167341036
991326234
23641210
10418441984
2481818526
11634660
17373471
13181103
2870256130
4511247744
20949741
42915820
15135952
5646858778
483221669
616091928
187808417
29418748
1597662
501785070
1780875
322138800
16314952
1137407804
7389057948
5892714043
155928531
4184477874
19359988
3730886877
233567
17633768
20953520
96829493
352820043
32529171682
247341055
14987700
137289897
1643592173
116805566
138975311
412656650
4501234
27521315
4845607687
26555416
1205711342
2352740
3360159970
4685346
9590073004
34967984
83247632
9716882
19149442
996506642
14288632
14672210964
69790908
1373826385
20157389792
384382675
13367110
89323121
999460449
32978964
28691958
81537466
187416159
254843864
16687296
31007019
52712540
12649829
22784230
1487991720
183464119
3477702
3036242313
1502952
663801622
42872860
2142811834
6003416936
606363586
90053637
9897295044
1718000956
8382865874
1894502172
7304989754
62124084
896887490
9071023
5765202
20013801
119624504
1041743344
4237127726
446002584
20569488
343238142
170136728
4856593690
2237435691
2607662
5249871386
10820034842
768921010
232971129
1064534716
3895253
3982293648
267276800
89455846
6115641
348354328
2236495
27939315
22459197
9777320
2259845
34264952
25644116
253611208
16655294
105669977
21826280
4049425319
13785856536
19653385
849231864
6608740914
16299534
42704680
10354475001
7452753
65369776
18434171
138623133
3831343256
59084642
18846773
215461395
1165608
84286839
33536496
900578593
65812986
33048015
293914489
6631043
15613101912
4561480506
947280
147688192
5457783
36114210
3566344444
963759765
188429860
1238400
119811396
43987722
569226
11360194
40898379
272007442
91801666
87941649
14333613
212402
3591453
1585895
326056597
76255209
58966261
12689272
70643266
193777604
9337463278
8154577478
212573578
310552395
2442085188
28557130
341176079
1917979
4440018846
4388688
1619209
498204855
2554071
1432602138
1106632014
90896554
10
62845252
103048858
5524659504
884044794
313925615
620049650
3552446648
58355310
1116196592
73488462
601126941
5353338459
20079456
130355684
1703498104
5170566
399121452
131854849
231015030
20492623
303166481
173265886
41412
25125287
145745166
5590398
54300170
81919064
3669443376
141993906
5839082184
1626126
449172000
6344449
3980907646
9441420
4623934316
11190872
36371524
6333885
5594773468
778453354
53175657
803120241
3323984913
2456509674
709571
4834737066
844250
53999010
6261363
69664868
28806020
9524234
16443309
124618198
2387361416
14820882
456067947
9844235602
550735874
551591596
14953108
4132776774
7354019
43895694
137077013
2771563138
63216072
50953632
118610305
66432280
19797249
81191753
3407763444
587094828
3317990
177000096
1143033736
13755009
7476106674
2776436
26987921
369133248
9790249
3399428
38589888
2660736256
933379
5661121
21382362
21615528
6930055
2057346757
7058779842
496463
122086942
15648420202
11004470778
7046714
15598107
301696326
1851487940
191877554
3276699556
9134407266
32924599
405976638
3535942
4189177359
5848756
41225116
361096970
3819791612
13493647080
210492098
93664141
2452829390
314179777
562348111
37998102
5698068202
3426029
27022428
184258088
5105474866
110567866
81285572
20327964
1541275500
53130577
1602156
26198457
82334000
1776933
555531719
25280145
7051654806
35774434
445242512
20326839474
4266225770
304734441
103845996
16467836
7828250
63699007
13509152628
7541993
2018711874
7181540782
55987117
11103360
8032232
17008881
71462785
26470404
993643662
3157339374
1855713088
22387602
1003118506
522975
1880444
32942967
50179709
5060866
6241191
43497318
199167935
571556082
30611836
50424025
1283762584
2148238677
75069202
40078049
406135096
795304953
63888606
1149037396
114102996
20842128
149974685
438824280
83352708
1431422939
5706949196
44546511
10922721305
1809147936
6073187
3286384124
2630644613
150019462
158623457
801352055
20073807
352215180
493728294
24013996
152505915
28302489
11421563859
21673807
124649136
1616830
94420591
1744584938
190908550
544776678
1021982980
1243164
72189728
857151734
6152001792
24124547
48657681
3623389443
28637115
96079505
1425130
25700540
5463160
12848532
214820348
4142682
5089315
127689276
7641923234
449604
22066212
290305750
1892170938
1764185929
61055884
5518546432
989055990
48498017
40041785
57899573
1556005250
50794259
2421157408
113772168
2691705
1353810952
2582620304
34200674
249199294
55311521
66952335
360136959
35548196
3056502
13200327310
631583995
5775679
15944706
917843
44488016
5023961072
67166160
54011240
1739481036
1884830
1222991918
23639308210
6644480294
36629100
781107261
118491536
156853638
163347123
38961829
303651256
1138430
160288194
7998141488
182778930
133041756
117598412
51684666
574803
27693402
4242436470
639616585
65911652
171595407
27308538
5785208922
3672543490
65773238
47146478
2437384
4087037129
7863784
477048036
8423705966
5052236
2420924268
166007535
1487465696
138894096
13838054
446170244
366526692
5912867565
22926897
11155187
91551974
3567057244
64943028
18586258
10676491898
1055397167
18409604
87673786
46380041
80631405
3001012042
44374968
67807971
15073331
5117778993
405612
198813201
64316053
444128606
5116178236
10567074025
24503697
5960594938
3236630090
598459496
2481297
39985307
1449769450
21742371
3286322934
56363120
29981706
68188845
2534756763
152793900
15121679
211752880
1068946772
5812177
378164469
12608809958
24559667836
7736988795
2516645802
903822
17469396
1071306
1507225
1898880
1242652281
1533020
98207112
50025439
592278444
29338248
1859084417
12978042
686490284
2661032124
61579203
1517288888
15434353
62945921
19662926966
6635999740
2706922
5577492
30175897
38926324
67699480
3386619
1928923
44896478
36072084
3339190638
6999053
24949016
2387125
3955102554
553681812
2151190776
9527889
51765444
103359611
8157210
1351177852
65875855
22762110
4905929
2728808
177542042
1275624
1760502960
8795240
7450685
2127219291
14012433
3873682168
5567996
8507755
16211668
25525248
159719536
97315996
345202470
86871698
598881777
198335478
22638035
23032624948
392331537
56851375
6539800
4386822
32881737
9404920
13055679
4018949506
2906561074
8023067030
13572818454
94794201
4774835292
93045302
1780688358
165256122
6963617
654917019
4141510
2409183114
1422775522
15359478
4574304492
1637563720
31863063
8723388
9953447868
32042862
8648514
46582122
63723078
1406284
464951538
2580502
104146722
904389564
144699494
15061700
14908771
43142623
233680166
58020806
1809318025
1207258354
49263900
62368582
1402046750
2990166
22075876300
449457087
229419374
5245600204
6924036782
1052176326
1037755772
67376176
1483419
34677594
1079218581
122466195
2720077506
28260674
150431295
419702209
31021180
172681740
2248214038
58480169
26875680
8186744
731554127
780760301
7450606
2326790
53063991
634120750
34658974
462297781
23601729
2142590550
5822702
51164454
82682467
701104
805027
334311087
60612497
570521384
7062824596
123620706
129674944
24262524
42235429
331033597
15832243
478968400
97312143
1128532
191428548
34841696
426170298
716975833
372067015
4791486
3684660
774536429
152813055
2172931554
315468
29861918
1283865762
9002918
163110288
4147791
155453992
1994656
21449198
4076362
15683976
3929321320
1396649493
271598068
40594514
1237134502
10806194390
538788035
831804
3252767525
72712055
974802202
626070900
11592746
2710541868
11391666
917014943
558524
7650496
17480523
2269527
3147235
76402402
26197454
362295011
29154249
11360563278
342248441
799053750
5636503826
3142764922
958964919
8953302
11248460948
7201918
630521550
3061031110
1136731139
375094634
18434340
83631735
195658007
344074164
4645423772
31894494
22719202
348052446
3364553035
64254927
485049316
4019160
14998332
413837737
2291395106
648666971
9476046
99424732
1167146571
13035007
9878860782
13857074
2543716
133879898
42056170
6875518858
55497232
302897051
459580388
20431682
5533858
4551069740
2895262048
24216951
4580999
3037628
11984950
720648314
24850763
28406763
2950715331
132711672
18739743
4731206422
1591601809
1107116
5139307
191456106
114724240
1294058
3365580902
11238320842
316873894
112141528
9102133108
572217698
10127089
35895399
21407948
40368871
14526857056
33540940
119306736
697347600
7356816
1272302
1308564634
487128808
575011
128698606
15147390370
1592396232
1180602674
120103708
319872630
2860013496
13725100
12300918
3787405554
1691593690
27682101
24328892
4809569112
2057516425
84743713
826980224
37985953
1732909848
1034592896
2306693950
964461283
1086296984
1754091
30176157
1294333004
2255950294
3633704
248170368
2176449
14195036
194927695
6608900
4397533
41954967
14894944
13363280008
2017812909
222974347
2105257542
65943472
9926173944
649202
13584790746
4772090922
512952204
106888584
1131091884
61231410
7026848
406314
29910040
14953549316
234190376
19789521
15387462
17930240
13737638
1808668312
1283770902
188622925
880138958
5536839
4825856
942190055
19937836
27665698
166607420
529696
32795191
3898325256
71360439
11781954
18944032
169281963
13573059
16856062
4726686
43473028
8384104
36859185
1328283404
1727545940
156224904
59991780
5374587623
6759069596
32673
14689436
100861545
113573811
1025561992
4619907
1092237
743972
10092612
13528201018
22030771
1699753062
637781886
295007318
852905084
69721169
1659427
11226256
364301597
544436332
112694920
29650860
10246546
268067928
279087688
125327562
1052538920
6496682
293116084
2526786
12134523648
19032362
65355363
180095984
4293920
785128198
333169002
4904472
2376703905
13829921664
1717967990
108860620
3111323
2007878264
1492467540
224657829
17814869
19569670
28432922
9502992168
7979729681
1421095744
24735122
787542
14898378
16894096890
10482560154
146799851
1003312270
73810355
63737127
995300200
61345127
46821647
1077954460
96397807
3465280109
580112975
22499496
1506570673
6970333
1433276785
36236165
825779995
1938392
66817584
6401593
20783724266
316067775
1292432304
4756821
2223402246
144096904
94003855
366152088
1148879788
1232253100
747931207
217560
3187903
3620654517
6732000
186405518
26283264
2384170301
41636376
1500790
97289132
1914920554
88945147
44710156
1005675630
955050420
41986893
163335316
33544312
17644536
27816260
24638367
3263041969
13290568
6790423946
4890473680
1312873436
11256091
15085466968
2753264
184054672
813736661
7079419846
712232
40732196
384719138
3355111
146062320
445745998
2550778662
4631842
177237086
21275332
8179409784
6228309356
24020517
2364157911
490478874
2629383956
10854539346
537817840
8619332
11468469
34938442
38495647
3732081
415989127
1437573
1530609556
1634704018
564609050
4751039092
7373416592
202150718
4025918534
26765745
806099868
107565928
5159588
15352374304
667628535
8836410926
66777
19731028
78892548
114908764
14076726540
337994882
511732676
11080360
3877654524
178066942
39928264
7422834964
9073168174
2027984
42390988
1346715571
329626939
169556964
97538844
7877175
2431659608
268509818
4988950725
5772294880
74875566
113789020
1439012601
2204290
2906450
29338425
482848583
535352
141551965
1412368
5857648
370208853
464909684
23150777306
2039457258
19591538
316267484
4827834746
16600593
1035576467
183237102
23316692
1122110258
368005089
8583121
23365761762
439438873
620328054
3197395494
7361915
506983632
68352450
4395904396
7774046
4345863108
879296513
499407294
3181264
6328448
16879855
4888751059
578667502
317674869
229233603
40180980
10358736570
167436336
227777739
141072255
3309500
168197634
14819387
177654232
5882742
80288025
16647121
15191590
75235564
43347760
261797399
10970063
226432752
5822305
232731590
742216
9253532298
1316041
312761234
107864178
11529834
875462
26852876
20940823
2154913
105029376
1784664886
826650
124235352
23676090
143814865
197033626
121311262
12027663
230912202
306781544
2559554096
58110804
2940841303
54466215
305696084
257385336
69333043
4839979480
22209074
1448108
260657514
32170786
334490251
681348389
1069274145
4108029
515821925
531658553
210907138
36372237
4058534426
6718499
117743412
2729715
472539888
33839538
3888004422
4317888506
91128480
7442857728
37086030
821267159
3761722
19200933
69669298
2707505514
365150476
4389629180
2085772
1335548314
21859601
71962849
13260495
20618225
37581944
2390416206
8353021972
1396798650
13798064
4793869311
16038164
1027730035
4512553
2359381958
2133517
1062445870
47428904
5526369150
240375330
13392682550
594771712
6132866356
5533773376
10703156776
1797401472
1026390970
2352483
2356293776
105095611
15199314
4239351772
7362092
77852280
284796286
9176567366
675196226
5547426
368569846
3301164109
10772400
15602114
1846318972
1102021694
8818578
3709515574
911049034
706438472
192818335
112769444
7131546
97088457
33254963
89881717
2541702798
22469840
3437276714
173648790
366822140
744140988
50129902
1019003961
8317903984
15565114
2571909079
868086
13558890
23834797198
29425618
1875318
13548354560
488290894
16355794
190071886
342983
32997973
9676107288
32094963
2663492430
281278020
162599428
4656476987
409430270
112026789
7136224
5255033784
3309931
1308250715
589486784
645667868
501610318
1652666528
162843960
79975815
9522516
1158431780
5220969422
77313380
13943514
56260082
83708800
26321427
115549728
123016411
5146597836
147162612
528502308
30787132
15238778
6772609666
922252692
2411832
7597147968
37657859
82040069
5877114
71729766
631439741
121125089
29904746
20603780
17563331248
1227483
7551024429
30324292
13912588
5058964830
17661117
2666618
4560789816
1473270014
2647066
1593944950
13677950355
585850114
294877520
93650661
1777561
25323285
1175522
216221644
20227319
214088770
1232104
26982823560
42081640
313356993
37438214
17390112
10110132
27931306
9682662
3028259325
14683599
1006032
57790041
7556740965
23370024
8141052
7188706
170489210
10903432
1411113585
11491282
2153556712
1488373596
89464413
227035000
1926267235
14727611
5345449923
103576810
6959786
59225081
5998326634
10542379
219572416
6573814280
4359301
8864830
202737000
36875718
425477321
3850885159
4221692
152736804
4051915715
1653378123
10422615723
1016760740
395075406
1950479352
11625940
12780759
16682003
4605610844
42773517
96268942
497422120
474125893
114186464
8585199
109783003
19339851
8536376
19174058
92729843
4055483444
146550149
13973642
8103821203
50422350
437047031
6515887139
2893587652
6353158530
12703876058
1958505014
274039850
49197086
42927409
3317254650
132830970
106378090
66876432
38496652
1798987556
3663924
55484414
9151644
9336352
13147332
15239958
2779914
1352161
55617046
4129804
15598748
168844220
15281149688
15023550
18048307
1999183355
32947515
183967136
117017872
3904937
25703378
10638
1736059
126040207
1933016076
56928779
4910460
50899720
1732292
1464227404
159909446
1270958
31270779
695441389
211124023
350561147
106484940
2376920484
708267669
6081873
35960898
403344443
22681508266
8163460674
3496170
150227623
3426567804
25193754
117806140
11533679289
27557745
117489982
565225445
4296219
290539034
14704843096
30110588
561264203
25729350
9955717
95485362
29487735
6368766640
1760851926
19266156764
33331399
28781220
228228462
1048869201
1842385201
86656114
151908991
156178023
30484542
119705164
8853582
199739184
5337498
10297112
18855254
5500573
27988128
2406498508
501880656
13213971
248666832
132368051
7950168
127407369
20606204
28720862
26548581038
8644921
78075526
43475568
13071143821
21960717
63515156
6736518175
276135372
17335489
1247337843
1189823328
523874489
54693645
8873910
7467289406
11479676576
950925402
7403103
1115804
511647561
15059955762
159227937
21198321
19783239
1051383948
4233133416
3603403280
22203280
43060072
66145699
151815896
380203296
18651878
8418646062
14805739
45034944
6038523
18172257
2559633528
316554120
27932556
8209644
223930235
6653155672
6414143
14483838
78271110
3087874535
117975522
1864061780
14495283
1484462
49488218
157590049
811580
3005171928
169791
15102762
967203068
343550468
326010771
9302986
294533724
1168698108
1123745250
46350228
11866118
8892020
689517416
16255536
7727208
8879123
7384809
1219985741
6106238736
111562648
6952960448
372355533
3585201048
5342740
832384616
2849944650
321017599
378491116
17518865
47247126
498735236
16086091
375926837
3866064
145248
9860908
50925593
2174180762
2682496
1018588016
2225279
32905803
6822868218
44848397
589542272
74378112
11076344
151772452
9666414
12808777
1690274598
743690167
551962253
2353233968
14322963635
96752798
865662
346056196
4925240954
384627362
104783335
11960471
128726553
493018806
407092497
13035140290
151824695
3545680
68750644
27614096
777578
470925926
457603206
19276497
5975782
30583902
758556108
116177892
51484311
3867767574
1416500
189453836
822387590
35529856
7808334
12922294834
312098138
2225662192
35864582
12048862
7534280
1420690
387777375
23885488
405537934
120047179
1160160980
12967099
60721140
1560612
604937972
3075680
18629174
6267732352
1362108610
12065804728
5984251
13020850
253913966
3892080
219270502
125799644
3284672260
38799414
25699843
233538220
238241786
1900907773
139353619
5586908
200213076
1228171
4849163004
93262468
3174487425
26732193
537271735
42817774
5509863
9606585
43189294
288035556
1469261328
1882138829
349014752
101761857
2945558624
3075067881
1839811374
170219161
355518582
22145244
51505028
218006000
7412531
16439923752
567983066
26773848
666710
205461896
865205835
79479813
92688686
765249596
3202819002
9174880962
7117408666
16226178620
454311948
40562668
7333699
22279585
48290651
9616682
77104624
189570592
68143901
7678112781
101095774
43220779
41910961
3400600450
6662575
52128953
14578406
2441212560
81993969
5627193
298841832
107157813
55196200
1921654434
1715364
2829047
272953405
8014352
55452403
50265558
8301796
8433545746
326684778
1030521650
3237948836
5995183159
23803637
501150408
40597060
1316933124
15589359738
164186074
23086387
69349123
24266734
3366870
130697861
1447078117
380049570
13563356732
1404781479
663751159
15424330
167358887
1735289530
4957017
88588062
62882562
86229504
24674202
178845546
996751
1178267452
3270963276
2187811
472424
129064282
318183425
24945124
132341525
2259771
19842425
432487392
879228068
36004407
51495012
62472933
1007105565
9191190
108258527
19478283
70153649
370611340
315664000
11307127886
165838042
6392816878
207488809
83134
1061735
1613039220
1380707802
247278158
85275345
45516542
9062734
7936642
7021578
6514603
6143858
8297660
99727096
187189728
2562213832
1098466
1690345473
63317404
125084565
556016510
40411097
2802031528
113125182
11756469
1567092
5223113107
40351692
194536192
333106070
3606074388
1162805358
1405575198
382797531
846574554
4364368435
3500882088
6851292
8920110
49695798
3119930142
132282957
57667512
44256843
7587974798
116207364
137796303
27604574
5750936
74080309
1182611390
2641090
819751211
6086799
7902262524
100385440
4231097
116644515
113462689
317886076
1380494
790031543
758123832
957131744
1224546
101582092
63764934
1232921442
3351894
90155464
403436000
21760752
45645327
15016016
1826322020
721485144
5681888
512248744
1108184
18524868
547455981
293521
1288407
292328488
172989180
9636176
11216262
20667412
19588867
48662323
62554312
26673007
1765654
68535976
59430009
7424795
2988456116
3331243
370462495
2775573500
46841685
15316443588
251961378
45304370
32813116
82144333
1760206434
77735350
39583485
104964082
102286416
37531535
1267159187
6081240
313650651
726831772
10625781
933531
30444717
6338881968
21751530
572414
789716552
1135761010
53868502
4400076
82871652
2384790
495448186
4022825285
277902393
1517463375
37102431
77660217
2165896
444078
1025558854
718825938
18359016
962247434
6319058863
5625098
1966234796
103162110
13541361
1416050672
2135830666
5422856
38700024
38589016
252046281
39621456
34369827
37257164
51528212
6443516
7796786255
171819440
512870880
107027072
355118783
1258859391
510560103
356420264
9593010
101098237
2360056925
478800854
285148498
2559819159
9637501
4772363024
2582703
102301560
7478199
20261848
10881521810
2533940237
8795091
1851496390
23942248
1341959724
346364922
4627377
19389595
10616607
38509513
1584447072
57964956
370067802
2006597828
29407974
905025702
12207655
41596208
193198008
9828476
63286583
83871656
2928877856
3757915174
514792900
22640439
10539275
14509290800
6724489
665422736
2637354898
1572022824
2754450
26210664982
239847869
4217087
50394050
6881602
11564003
16257437
1107118159
2208876
16888256
27465236
22776470
1172396
3600942
85004851
11234742643
1144510
14985919
756205297
845053453
1903906
405930972
214451783
13321207
15599893
412402
1808983150
12006705
316178398
3339069420
3384444705
8529831432
2996617683
54204729
817666848
74326628
3549806830
305230914
331463619
785854718
28446330
6096524789
753437784
16942220366
48001844
36010175
6616003979
19461194
256187821
14772255
37408362
225511514
3007650
1746927876
22144217
1046890552
32771606
32527078
577462953
4025950404
417674959
152037
287516985
539808212
23854846
1532229156
174837263
5197004377
120183840
125253842
568976
204293628
354871546
2638623445
597673836
1306452363
7468973968
11380302
1116324465
220928268
43744863
165328956
754161808
5529148
5110406924
1360108
12476388
132588716
356328
21297474
16653932884
872093690
4728184430
86700883
13097504414
70600575
1949616226
149044906
1869993522
11917168
6648738336
60913069
15160771960
13981852
31124721
3319204
2894379850
303817724
92395021
34262528
647562172
39701541
626428354
670844542
4863067718
21244835
55226549
2260899
8386946
1736000
26217583
35032033
16689557
536537592
6539255989
1914390784
54063574
583933224
83259904
3011772
710415740
3885201745
9443019198
4638454202
85715552
39020540
29202118
21575075
376452480
135313996
12866525
32271313
3413801645
1160993
135421788
5123259
32671126
4785184844
93736896
1099764651
8387763218
68844615
16819589380
27182040
298751756
3249275026
533683383
11484111
1304079
4963086972
113045392
11887461796
30907088
2189334560
182730899
32464812
123208283
7251771314
7214602
22988550
3648364461
17402782
1220976
13521840
15714457
315580557
78530896
2229924
259868880
1742100
20067574
327321594
140961945
126953889
142764470
233022090
603142
25155927
3303892588
7239067
591218989
10588480
87785835
20951084
19129888
4455938378
1614928366
1992114490
1386757447
8883720
914094334
879533164
8089595
1458204031
102913915
1279050267
737945033
15865440
2307478634
2479433636
15057112
29976903604
17373957
15622965
369126595
2173163
6450448386
1339899386
47114172
4818796
668748224
3148469574
1159207866
194784024
237013
86563088
4000388
8362711438
99646842
2694832
60793282
33238827
4513502
2098998
7069408008
69913809
1289034150
1344711287
99433797
49263111
28649008
3821267326
37262736
11784591152
165737780
97766262
9459943
116922486
7500281790
637408424
15164144768
19680843
433719327
14463324
6396629
162163285
3795726
599668794
308748232
3323633
25750142
72748731
68690681
5137860
7480398
2009535564
32784424
794688
122959004
19038357
667385294
4768123823
8600498
30120423
3141842
293796499
3270067
15496738
519735510
6966032474
2715095959
17309426
983275
16617457864
855463050
9534423
38735872
70871372
38891830
14845632
195171457
3210339
23550933
19052357902
866478112
39659604
16294734
32431438
3879411885
4448784296
29510799
10741320736
655715
669399884
34263651
21073536
1676556
4107478
503817749
230733356
6117196
173665210
183030718
576304704
1152016912
23317875
1065245957
74680602
2723565432
588418137
1209657
4452702806
262618995
100532273
1232758072
6868830
20271120
12861558
6079048
31749820
77559085
10052783
22299570986
19750117
865655046
18776056
26656229
2048034602
98548315
137367887
12993545
1074031185
105089166
17702881
5312021355
1638302616
246775881
18846213796
8570882910
29865770
341474751
9017921
124099875
2279230
12621118
61211850
22767300
20946694
5975143892
163515884
15448624
23540875698
3720335526
8898028
22395132
12337633
1808053
8709994
2793440
637436386
4448300108
2862598775
9732643
188681102
165122458
25512589
13930653052
456360013
1011885
3248542
115519511
259560573
3101265878
3727428
2367132943
17161646
468522968
770699576
26907720
17656899
7560477
1707644
262944408
543474172
4292681551
10291251
1929759
57843147
144595702
3613730
3025341224
40656721
686856112
36624328
218409390
189983982
269491648
4713816628
3094486
4438585218
138133270
7345438
439571319
2071472
3633225992
2748269
2186680657
776904
6453868108
5646109656
14019633
1594534928
472245851
15753514
2680338688
3263901
5509590676
2484916
14171908
1112209367
6387452
1431672
192834476
7812093
4546574594
17847384
10686635076
896931739
14787868
2731722126
15447093
3413603296
8828146
53518749
134012410
7597119
17005204
40992202
53904549
18037332
149195414
1462815394
988891562
3295071
149224948
1626596258
43566848
8465689
1025457976
532632064
879354947
435858118
399286134
13713837328
41063233
1456372360
2979912504
324062419
23992832
794134980
496932215
918006144
5853450
137626724
127049322
9862792
665778168
1060369764
3827606600
3081120
4853857500
771638630
30602448
4788936
346986963
618476
7086006466
352471511
18300441
97168770
6943005160
1791804250
12023856
622851775
4074243798
1661237321
4160780112
410294807
12790578194
456009396
716983280
708425462
26172992
89829246
49489998
13956237
597229421
2936223927
7805520914
3508209
16162934
226977480
161547595
21856992
61261173
101717564
7091503204
4470912
64428992
593195854
86007737
10055648
26134324
300436215
129872142
83590740
9227130
1851230
124600960
2393094
11370784
4304073492
7409082
1265214634
7686228
120625916
3775607
49726704
997294039
45482507
94885204
4656871317
