10840215320
1250306
1612483334
8343408
276700990
2776294
1418664
348944148
271334474
77864714
376073660
2153944962
238093966
5754345
3491484481
9506298
29303179
218035859
25683768
144974160
144649922
9570932199
2274048
34292500
2477218419
64861743
1440258937
9261024
16034225
3493534752
1016254
22083076
463208712
3916986
6646580154
17237231
86463944
8109560
13350626
674858
6255562
2925538
226352754
94836
11667120115
111003674
1836039128
7802546673
23770026
18963504
104989
28908292
230039512
6172718292
249304307
10160821
15917340
9750460
2085384
426772454
2252978
822708700
6334651068
3039510
8737953
178141742
1906579
27812510
2656568
3312350
120818755
53208459
55107274
3960342
1533073
59268
1570919042
1096688313
1022525
8782948
624158526
468909688
73832580
4179101
3984240
116221380
6209916
3626503920
125759902
80628825
7302167526
5083546
638569664
10192746488
194980417
27481876
71171061
823499217
19243254
3629313289
2076207804
127177566
8114930
8810166
8162205
2673806677
13070023228
471583
42271782
9878001
701864903
3533700
844340504
3204972
104127671
9335988601
5898100
1220067339
2050762428
137073657
69566138
1404701760
971054144
10529542
1312249142
1141285161
3436899
17172647
74019547
638543052
1819808432
68030932
5720332
62070082
135965972
35336638
125630
3515247387
510985
803978142
3457776357
135727024
4932617900
3210476418
307249496
503983545
49160194
10891570
822681
125561994
2642633647
40472886
81147958
140559277
206922322
2100067617
1439589576
5044879
2059083180
280438958
1915602362
436602655
2015131596
895502020
3549520
12434315216
16305176
7062648
17042192
4531963
195840
7677416
445564424
135561416
43847898
50856
1546726588
11362586
2569514148
297586127
385384
4714218880
29851254
61061524
46998332
7325242742
390020990
7455775
2387762178
45693395
138689337
853992223
21816818
1237361
136682413
279823784
52127243
9137549
129718512
97661020
250568019
3328254573
301629268
240991885
4761888
6350214
536968953
4306779898
1434095563
3385019915
2958096667
1417576
103499910
136707865
922052310
495348
507562584
205520
138118480
2281662964
2477938347
1387553062
10509554
798355186
262990547
3751458
384520488
358255026
2529806
1824121
29624676
64742740
11818603917
1124547
102118976
1548764
843133578
895609416
901335036
372969738
262730936
4101524856
374158566
7443323
3146678
7170140782
303214
267351
7986041
5395683
2215850520
441796204
1337783706
862841256
341157874
12041292
5053159008
160178263
1517757690
9786596
10747749
4192024
28464400
3393501528
1250581652
4028781131
5671097
2458368
4742442216
5929082
2451872
399816480
2969188680
4166516492
69068162
1374483
244163531
9042458
804605075
119863969
313146510
37674688
138533244
16549128
1161154
4729242
41123
206785812
8912743813
580856
376505
3812796454
2082413
929354552
143157372
12124581
5968874
125959506
6597288
2582378
160117897
330239442
415647538
5493013
21960221
6816867829
83644109
5439607560
1065193020
1120297877
17814792
1830608308
745904232
12829357891
106673
68771256
8210045
24701138
8691124
2147496754
4060218
17862557
9272600
3615226181
55452234
1820163
15437532
2164107189
108765627
3302799738
1687975978
7238277
9725496
1024224817
17059924
8775606
613924147
1602192
2798320
15240774
2402693
63969060
73773087
368435468
11178781
17332954
41062727
4020034852
117160912
41950679
43602372
596762918
6586896966
133404324
5931472
2813686
1826822321
2911888
4384269
4834122
169191588
485614743
70101201
22113806
787665
10269569
69208800
42019530
35678102
30947374
222382912
2221388358
3298698302
401705899
352544787
732958057
177525918
112714
28986604
283183833
1781713451
7037474
12161256
96733076
355805823
1405255
25086830
2107850386
9653224
1855816560
7275140
9143713
1508104956
246991035
2707714417
14150127
260167225
1699061000
6987220632
152737934
2464180
326573085
603471
121366958
4724621142
147415458
14411564
51436590
1098927060
15693066115
4017868836
1980448
19541688
99941838
135000
5578524
10338055
3614407493
18594643
2388425
7112113
3322505284
405465
9904744636
11544035
33135928
346511971
7674588663
971590536
10481182749
16147923
4282179062
37386674
36980748
2662185
5018500248
9852468663
2155748605
187118676
359334402
726310
372825612
170053132
381256400
325603338
88667587
5550873
2482112
70900545
17235900
3847526976
5165048
4367096
5306255344
11098276
91795456
6067666
146243712
7021148336
974910
12787778
801726
295188477
2233053985
639358336
1099062
30236906
13121315
2133618108
835968744
9066932316
35418977
1840255
882229
1129400
5205944808
39752484
251428916
8028121686
11467687203
2665943
33010116
425816070
1313236404
1280715518
456497502
112494308
58647
882450
67617429
66125712
1645269
7885176
1181458560
7452470939
4132569272
26285387
5159360401
9844802
82147304
5273753940
130014
730705458
14617880
12430
1634831336
9688957131
17414186
4130452706
221254994
4211753
20625382
6813092
786596
700401232
3447450855
605777016
6714170568
2908481
435054
18742206
175121843
25338796
527665
209398904
491076510
579515
25532676
15189765
67689362
1235020
314985924
3491198
80196732
2105965251
60569638
5093697
2405013234
4088799
68856013
75907116
11308522
1191456
78436431
183480434
75666780
3082007894
471239051
3125513701
1317724872
4273017063
5283003725
794538
2084403600
76956058
675550
17851888
756549
60582740
5280410373
22351686
8730708
16783430
9690166
14278966
5172151
18929460
254835735
6483089
4323219
3294297942
177404704
1646736864
91166188
547837098
395434677
8642371
36877028
2729474354
5485708270
1401542
2908123
317409372
988075
1646376
358892595
520655412
2097477261
352266783
5455946
154349845
27912050
4962039
8445924544
1172652030
31472274
332832598
208039416
2864244
6829752070
148581745
34650096
1042898
1218991446
1341443821
78774449
18867912
153773137
22595442
2074751028
430859521
66058431
923589090
1884947267
78794008
9825723216
1006233
197146858
1416214762
145885684
64192923
26764784
4992371980
39010071
252346560
2342908422
140090445
82303091
62481684
2444775818
195271
755190878
3644381052
15992007
729430290
1554221
896893685
36718195
5610350823
270236532
5834860
287232
2040994941
931329
24907474
7119324109
26933575
13916067
10415279813
224670
99600836
8667569
1243658
19984292
14501361
913687091
90865596
452463593
4201101588
362200160
1035592
1585820059
105203924
11234920
57283251
2510375
455427754
6307494744
5778854
140299434
1338148
2125743234
96945004
2217137242
45050696
1762228
9466730144
2766712360
73557042
5518183377
6215416284
45819304
553676008
1828774339
31330241
5453812
3856430636
174253835
2773053
8646588
57156021
1631309752
122012213
24284730
701913
8330997
21280206
13371754
3933960120
9546486
1106394
9163307088
3850751
3525055804
410822
1030426
1960324
1693329
1995468
1383768037
8001898
487834096
23751007
42823522
80186524
652484412
9335547
57324537
15871624
1732974
5666944
11876374692
77608326
2732341
242144532
1728416
335502156
4463618
308544588
1898710072
2655300
2267556045
45808943
985110185
116748805
3702856320
31065699
10966682
265330012
48059206
286630579
159218617
4342321034
40497961
1193483
9135006
1097465562
34481908
9003279956
27053900
68897440
1911391728
7646756
26416478
109755598
2518121736
3600751697
8522551896
981388
304838178
502503556
36742965
2408124935
4369153
6424090
7032389400
21163906
19114928
3769006711
10545990
60643161
7972546
93020316
7924305
5119097180
125181450
4083492
3162093785
109998030
16288845
3168120
3540577738
6888867
1711548026
11914306028
7859790
6346868
200536371
8520448
818869
52827536
2317868007
8470198092
10661627
6736564383
1536766
2692866
1093099263
4175018
1649300347
2032394
736955926
5585733
10188079
149028
1426516104
44267184
202017177
768385418
2556799
348251888
337237
304983740
3609924685
6948629909
137873157
13663409
9142062
20143
1372462
495048602
1331373114
3360455727
5586596862
18589785
25569516
76022006
220565
3733078
318285976
102360660
7664269
1393213458
3983746
5919945
2032838
2687877179
18652068
202746
24227948
173851797
14943179
859497461
159224519
6563607
1807744
1034422
28554422
163247914
8141801
101500816
3942759837
3418142793
14867624
253100512
1185318
463643468
1393749539
140116674
2417775655
8921061
2444168
61321013
44238264
4238294
1045025
4728891068
1442774903
14688363
415129065
10217073
8799687
209072232
2486954
19546944
7874599644
8919752469
274026189
13971964
2378692
6599249759
868197
6738738
12471893
6462672
257633065
4391815428
366838094
146428
12225985249
88654586
3443890
508321388
65001808
978944996
48196591
3897209
588634
291390706
2598789
4943948
5304854
3111179156
6990638580
13629650
1477176030
6035673876
28634739
16071672
939424
3310265166
7492835
1316097432
733881816
56596210
2989627
606730539
3298631406
59987169
388332107
991560541
32448330
3077271414
216274219
1418972
29500696
144975926
5413680
19578703
94402428
8185724481
2843517235
571243801
208373562
6522578
1352586
11699565318
140132
3488258445
300883245
188780
500595
707885646
2441682
5477156731
3384242
1261616
9241429670
47997412
5331556
3828610
8181377
13937082
77171518
61088674
753222129
2639721897
121746663
50272673
37266018
355180
235861137
1888463888
205254590
1256652956
648581492
346247286
13345698
2442808914
193356457
53675216
9805441
207593316
199580946
484225251
7038076310
108732272
961349
967083
93888062
41702730
717284551
10537860
13155985
5863740
280355519
2083824
2431374559
13460448
16121148
188353230
2269870
381461844
1015966712
26568894
887235
11710208
4032562044
223562
6662106028
4049289
27564789
1509462072
51099177
4188151
146995
117088055
2140486
17123628
193507620
11763089197
647933601
167316138
5756435
48032600
638725520
223843403
4089879256
126471428
518438924
71221732
3627640908
100266776
4457165452
6124942949
201475452
299285409
1202641
350701254
8790045440
1245419223
259813404
76192950
17571518172
11094691
6518477280
794953807
121137444
18460434
272594411
378479780
120250290
792258171
873767108
6678834177
468908
2645404
5200542828
1637332947
28695720
3507946335
2420374
30791922
223746
7668192
15960725
3720708174
13098814
1186941890
13553814
2475180984
69431754
143123900
4798556
1068960
9246292
2831943
3535424924
2382601
1896174
23397060
49406805
88839051
2062748
956558
40730250
405517
4835042551
151390992
35765
346693595
440356644
2887696001
51635578
8506032
362653103
10068520505
1309325342
2366889543
2846049186
1402581
93777794
20709957
596474073
243305907
2609382139
2238460551
227987638
81195804
299363220
5542854597
10599864
762594096
7275290
1092075864
57790605
1386603671
4222420
107970611
107000
979905190
15576139
140865099
18829446
933900090
1166906516
1450355
3447166129
429365586
146480355
22085175
3586493196
1308961284
79966356
6890776
967264725
6377034518
10080952
20613352
9849534
5238671
102133812
2997976
1438815
8451540562
14319540
157080
35929038
226884247
1327999056
2840489
13549097
167825273
334957862
806734
10744156332
432661120
7152971
780727728
335855562
597574242
9843414216
1136711188
104002974
13265470
104424
18905961
7910787650
3282882083
904118195
6055064724
957955646
4488109327
50324327
668423
929883135
34065639
652553760
1269614151
12020836
1872560
29153405
220611512
599347640
26702065
2044172
5853395401
857091486
951476
1616231808
6362666
11498898
4600437660
162221915
1890662
1459742
391450376
1560816104
12047598
25529331
5138994
3093601404
57692282
2166973845
1542678456
4879705
10300527
11202035
3217410
12488102852
796927942
32628488
4872410970
1937957088
272448288
64716
1098533
166059769
1915616
11328525
783018
760266624
331093
103359990
812223042
233670
18428181
4882584
313586295
149431
263092966
7773453
2522830
220842594
71949032
5251373577
279205255
3679593
2959499163
6454387
14445440325
1340190579
9760827726
299715788
6428018
110619463
1716900728
247152860
7160869
492046776
8342491256
1735876
28206365
168592167
1501155688
646508
173732169
59117817
22058506
1728537902
36142698
2374750
120763054
1239184961
54265007
5441164989
22753269
15771015
9115318
2160576
372103484
74060
1007725896
570740259
104487087
8567018744
7981095486
44524133
383457300
2357544
6964861606
2410620
21329292
1068213
2946637730
56244264
136470711
703002354
1267532735
2436986
1227249
2394295119
387211508
271960499
22607156
35866520
53872505
32556421
203983842
310533093
31217432
793947128
99592980
11569162
18838772
511602352
83548536
912067
1237778568
33609468
1848678852
1318606260
2179963
1532352
194566048
2992530
2794374
156793820
5391622272
99278230
106499822
83053243
13202106
4828527376
59547092
421118
5251620348
3116588
2582000
210149730
9095212
1420428698
910171542
15675923
139482040
367644353
6787902414
11236226
37189256
3845064
33328747
441622413
3161320456
5722925
206897841
81065844
2086260
8280424622
1509344
5967996748
14313130
5257953
3344609551
54480520
1130970536
10949103298
6051342
323677545
7634931066
470735529
1483609926
117095440
195954939
126182667
37022190
76812744
4968604011
649533564
3991662146
2860829
32121129
379267837
9754822
2410752918
5502184
3222442719
604584439
1430200265
120356360
448117298
2312764176
1222320390
3514188780
507678840
22054461
49969096
18372518
3212235267
6090942146
8355848
72656528
18573686
786050904
1896236382
27575784
3470186
3618549792
19033634
186357199
11565090
5350525
469450636
1015965611
403249384
741733
9917975
1446677310
17414990
1868472501
6976096
49228480
1815498435
514757887
275018486
107652545
2795348160
28228499
3646243
2145632
55411786
405104
26396112
131288858
1717920
10192563
2269867275
299924018
1094961788
31128
35232099
8553014
2609882796
1354143
416897218
11134106
45008010
458838800
6068686
359710776
5123575051
2302313913
147106100
526098456
170162700
1021764378
2893791361
20604720
147701510
1655725752
3445010
272497968
12428250
91036873
553190
2888161136
42031220
35147618
16406041
188031243
206938570
187156
775209
6502021716
1184866053
486718011
134789849
790410920
532469087
1029299544
1331474
806289660
910257
5792389045
4097375935
27597214
183095668
226288649
733031946
274225081
14789693
175366152
151080268
809114504
2472027
2442780
469231542
1212061597
9632918
94350713
818931666
6755382
990230
1849301118
136555470
1709432124
725921
9980774749
15037900
473305091
1021550400
1416718672
5319382
471855136
600048
2032887
3990674012
1224067544
268795065
9430826
4708202118
117808076
1638790944
6160388
3685903662
92485874
100390989
71354097
29017817
83636633
82871902
1845036
482641
481250082
4793863
12566198
6723381
131148697
14163510
11426842497
76991058
17624280
7242300
35838338
11232244
1851663
1877012
85796238
4295152
1592051851
4963824
196266952
196904
455654546
2217367971
44967486
131994
12475880
1025933328
1167129077
2538460976
264984
3980936268
2207048
3779545
199194792
9962587812
3131150859
7257822
11485763991
4411944
9794864
2372872
5406292
7813707
109468865
125583189
82964124
138024589
17477423
582295
36379959
56950327
17944906
1341679260
59785032
49995058
17319547
5832924
1213046937
1700535990
3962174811
36916044
1752329619
930566
419509283
1181235702
165990874
2152364
43452238
2451609216
288594
26962260
1861564
326622
1041446805
1998575484
3607738979
2587981277
455628562
1666202425
811696467
18941362
6701580
1287678648
19737313
444660
772536
3233888
48028905
9118690
1748863433
2742899172
104135552
24140718
3377580
311296990
148976100
1245528
2428531656
64997197
5197359
59528990
20069703
1522856173
4889706540
59754574
5876430036
11973843
5318740
330013292
31574650
5095341328
5758502
2914004
8820593408
3980163
2949387871
19296800
1490007
65827990
6417013766
57084440
3900022
91258398
626815850
1333738
3053982594
1727424
4425920210
452641248
11830368
889632
3175253853
2133973416
6505137048
234761326
2628915337
179662798
4985329062
27272286
4106069540
524987120
16449057
2514483
34503
188155455
3489076
156267160
543182832
4050914
46200458
231779358
5146748
46208783
8213576
560941271
93975532
6835851
3605748480
145738665
143627375
14251206
61942175
238313932
1073095324
705664370
168880723
794974678
1332138735
257394
3472569
6349188
441966939
5071566
86816320
141443640
1119805953
95223828
1650250
893100
9115119955
1045794
61141850
151258129
2997396
836077
7032992
3891073
398250
3278996460
490346066
10538790
383428580
95322
129038708
11762987196
4613348290
548452
1799689
52264683
238442431
9346604
2634375
82588148
1045649241
6790756284
2994713
2379848
701934468
250260586
125693160
2787010135
28626216
494437304
5298031
34848344
61154725
3486272
2317422
455345943
2980810
19406281
110403796
18220926
16807678
8377825682
3143467097
2575823282
440224536
9226230078
63085373
1229628
100544794
5943295
656253941
23711500
9242289042
1672053279
1552756608
3853085336
4217484
67819489
377217240
38248
8976089
97546446
1327366
269618884
1446723
14181810
389209034
13476052
137645912
2642118
3328003
635830002
9856199037
39875135
865005350
1774621016
1508899
5878741944
2581561832
8316480
4571248
1682112393
4646933
8541863928
39491906
8144804
5612936
1521127797
3240812309
432089222
675148912
1909975
2029355370
85167639
7340390
13867765404
8520945
269338164
101026378
288191205
60155345
5978899660
122059047
1106473208
63878246
70823459
101154386
16222044
2908697058
199806328
7428751787
4658635
322613362
2367139713
1691418981
2884685
15185874891
10992183850
356379411
13475638
1117841457
2950503554
16207859
419360
1472004128
761694
19024118
9872043794
12194064
93340983
404167
949319558
1239288
2304722
8605722
30173823
216520
76488488
4707640486
864572
141371470
1722747767
24244290
3167052
29323887
1675342656
8244658
2700298224
6063006
2630995
70842345
1112339735
3713178
40427399
942661064
313055
1309834743
173800485
33194354
23998
6263676
114701720
86218680
783656
2167856269
382262352
4852695
1270021041
9347296
6193505
1122796337
71245147
10457650010
54022196
252741042
2442746
14004996
296944488
1324080
5663427
9707393
1227187
1360422
9415284
64672980
5444273681
979624449
5314270056
108652576
4468661788
74751337
8297112
197826283
24698937
16820349
13303869
275195714
8709586
1873518959
1284250
39347413
506654
4703808
226720514
6226997327
17475580
8466726
601326
20403240
152592688
9422615
25772648
3956257
1797331146
157128130
60322548
424790426
31044127
5769912945
1409232266
454600785
279887671
202938294
13067955402
182757260
1094881118
9276970
4824092028
43905684
138203418
178873192
600808191
161251110
15321500
23288104
1126130
5469149
1087117169
311172158
74385907
433926
23618314
1319508
362045519
276603534
100465497
138979393
25988235
201648270
323490960
33585033
10748727
12367757
3942652
110593108
1177610
158145588
62153702
448004628
5476966385
55335820
6636206
724051216
23498592
248695641
24605097
314980431
314644
4568970584
58218
4028594
8056837420
1519470
902982
469614
48115614
90144745
39086790
45446784
1165735584
594950728
620360310
6226478645
29500434
3148891829
5510527296
517580869
1304733506
2725671
6676096
348897
10644882
7287984427
460135692
46067628
623279
91779916
82088
1947328
2174344680
1370580120
1711456061
8110190
41246395
521968398
3020571464
63003357
1093267378
12847189
7944245592
3559844
856610003
1080311
27760680
1393061977
82474
1704727569
8065730
1923435
4764129
3682093770
3368927422
88414452
79581918
870144464
1476140328
448509117
1424635693
1118244650
408060451
6711912407
203798330
1108711420
1524999597
601283961
17597676
4595360
10753410
27943182
2293315670
35418380
5639542
182622588
12667364606
5348769
1363064
34838249
4631655
43678581
676680
4360440
71272138
7480632
1599748
7146439
122277620
632963188
32384550
12358710
5968634139
1844337
447211822
90910552
227851387
2785131108
13332472
11860276
140094592
2581599792
88680289
34109102
82088576
1982610
2164636448
669224613
955708
1740807594
11189268559
4636145787
180496331
41274084
15154853286
65314476
216971024
6797483001
168269948
15496156
441512321
3803109882
10610701
42176190
861504
23476820
12096197542
950556644
3568677
46204851
921833547
38327273
6211161213
118857358
957096524
153799965
2755566
14342644
3414722412
87903823
16429990
1583864710
55046206
82750195
83300726
11515681
154436380
840015886
160376086
48297868
8975158890
1616020487
47293140
19016398
2210888
397525669
64681230
43998702
817133256
45488976
658872124
34016651
2752896
270947016
7072546
98609
33850585
30009800
75221226
1644878296
205873051
2692261728
421397875
9828734
396906536
1860403290
4948962
1413123
8517880
2328300
2885666
2791112
3511350296
4154080818
950796236
46037775
84135380
65666027
3041398776
28141876
899178
4311558804
4938033
3485365651
64068862
11045178
88739847
93009535
4627012464
1854136
599841224
146364469
1929726201
292996393
15277531
9426350468
252894
249131498
2885028588
5167152690
674817
169153193
18019806
277858504
1912358196
348561510
10645265
466595324
90470496
257504359
29311332
24269063
1494137472
1153195067
4930533690
190625184
148815232
357959803
693402375
1277462277
4758780
65577123
139740
14990628
15392968
6671853
332417980
541306
3448074888
22351004
15771064
2664993
116027780
1042922404
192993112
90291
8950718
11163921
160244777
239395369
4039075
25113642
2211584611
212626014
2317723789
6365514
24619776
2024712799
770636
180804353
5638245
119239895
219716
1816453548
53287273
25511988
4537401589
1863514893
1183444
1954030
1218072856
205354729
1362950
94522472
406257504
76254283
3288202
357923947
2598220
45953463
158708175
277504104
2644112952
145366056
134971159
2534585616
207106794
193502
3377645
2480074
734974
10352807156
12541747
435492
1999708200
97407530
11034129
1051706509
681460
21345694
92268319
1747056578
401596
342196902
241050936
1421004
16555980
1448110894
4335766
10268284104
72348508
392308
1386594
4082990520
4392436
875131455
4773861911
80271782
258914
3333697
4126429
13926046
