442
18
20
32
42
59
60
62
63
70
74
75
87
88
90
95
108
115
117
119
122
123
124
125
132
140
143
144
146
147
158
159
160
167
168
171
172
173
174
175
178
179
180
182
185
186
187
188
189
192
194
196
207
208
210
214
215
216
221
222
223
224
228
230
234
235
236
237
238
241
242
243
263
264
266
270
278
279
284
286
287
294
304
308
311
312
313
314
315
318
320
332
335
336
340
342
360
362
363
367
368
369
371
374
375
383
384
385
389
390
392
402
403
404
405
410
411
412
413
416
417
418
419
420
423
424
425
427
430
432
434
437
438
439
440
441
452
453
454
455
458
459
461
462
465
466
467
468
469
472
473
474
475
479
480
482
483
486
500
507
509
510
511
518
521
522
524
525
528
530
536
537
538
539
552
557
558
560
563
564
565
566
567
572
573
574
578
584
585
587
588
599
600
602
605
608
612
614
615
619
620
621
633
635
637
647
648
657
658
662
663
664
665
668
669
670
672
675
682
683
684
685
697
698
699
700
707
710
712
713
714
717
718
719
720
724
725
734
735
745
747
749
761
762
763
767
768
770
774
777
780
782
783
794
795
797
798
804
808
809
810
815
816
817
818
819
822
824
825
830
843
844
845
846
852
854
857
858
860
861
864
871
872
873
875
882
896
899
900
902
903
907
908
909
910
913
914
915
916
917
920
921
923
924
927
928
929
930
941
942
943
944
945
948
950
952
955
957
958
959
962
963
964
965
966
969
970
971
972
977
978
979
980
990
992
993
997
998
999
1007
1008
1011
1013
1014
1015
1019
1020
1022
1040
1042
1046
1047
1050
1062
1064
1067
1068
1069
1070
1071
1074
1078
1088
1095
1096
1098
1103
1104
1112
1116
1118
1119
1139
1140
1141
1144
1145
1146
1147
1148
1152
1154
1158
1159
1160
1161
1166
1167
1168
1172
1174
1175
1186
1188
1190
1193
1194
1195
1196
1197
1200
1202
1203
1204
1207
1208
1209
1210
1211
1214
1215
1222
1223
1224
1235
1236
1238
1239
1242
1250
1257
1258
1259
1260
1263
1265
1267
1274
1287
1292
1294
1295
1307
1308
1312
1319
1320
1322
1323
1340
1350
1362
1364
