114
90
91
104
142
143
153
154
194
195
328
329
330
331
332
333
334
335
336
337
338
350
363
441
454
455
468
584
585
637
649
659
660
670
671
672
673
674
675
676
714
818
819
825
826
827
828
829
830
831
832
833
839
840
896
909
910
923
1078
1091
1092
1105
1161
1162
1168
1169
1170
1171
1172
1173
1174
1175
1176
1182
1183
1287
1325
1326
1327
1328
1329
1330
1331
1341
1342
1352
1364
1416
1417
1533
1546
1547
1560
1638
1651
1663
1664
1665
1666
1667
1668
1669
1670
1671
1672
1673
1806
1807
1847
1848
1858
1859
1897
1910
1911
