428
39
44
59
60
105
110
119
120
125
131
132
135
140
143
144
147
155
156
159
164
165
166
167
168
171
173
174
175
179
180
182
183
184
187
188
189
191
192
195
196
204
207
211
212
215
216
219
220
223
224
229
230
231
232
233
234
236
237
238
239
240
243
245
254
255
291
308
311
312
315
320
356
357
359
360
362
363
365
366
368
369
371
372
374
375
380
381
383
384
387
389
390
392
399
404
405
407
408
409
410
411
412
413
414
416
419
420
421
422
423
425
429
430
431
432
434
435
436
437
438
439
440
441
448
454
455
456
457
458
459
461
462
463
464
467
468
470
471
472
473
474
475
479
480
483
484
485
486
488
489
497
498
500
504
506
507
509
510
512
515
516
519
524
531
536
539
548
549
555
557
558
560
563
564
566
567
572
573
575
579
584
587
588
596
599
600
608
611
612
614
615
617
618
620
621
623
624
629
630
635
644
645
654
655
659
660
664
669
670
675
679
680
684
685
694
695
699
700
704
709
710
715
719
720
724
725
734
735
744
749
750
755
756
758
759
761
762
764
765
767
768
771
779
780
783
791
792
795
800
804
806
807
812
813
815
816
819
821
822
824
830
831
840
843
848
855
860
863
864
867
869
870
872
873
875
879
881
882
890
891
893
894
895
896
899
900
904
905
906
907
908
909
911
912
915
916
917
918
920
921
922
923
924
925
931
938
939
940
941
942
943
944
945
947
948
949
950
954
956
957
958
959
960
963
965
966
967
968
969
970
971
972
974
975
980
987
989
990
992
995
996
998
999
1004
1005
1007
1008
1010
1011
1013
1014
1016
1017
1019
1020
1022
1023
1059
1064
1067
1068
1071
1088
1124
1125
1134
1136
1139
1140
1141
1142
1143
1145
1146
1147
1148
1149
1150
1155
1156
1159
1160
1163
1164
1167
1168
1172
1175
1183
1184
1187
1188
1190
1191
1192
1195
1196
1197
1199
1200
1204
1205
1206
1208
1211
1212
1213
1214
1215
1220
1223
1224
1232
1235
1236
1239
1244
1247
1248
1254
1259
1260
1269
1274
1319
1320
1335
1340
