3008
352
353
354
355
356
357
359
360
361
362
363
364
366
367
368
369
370
371
373
374
375
376
377
378
380
381
382
383
384
385
386
387
388
389
390
391
392
394
395
396
397
398
399
401
402
403
404
405
406
408
409
410
411
412
413
415
416
417
418
419
420
773
774
775
776
777
778
779
780
781
782
783
784
786
787
788
789
790
791
793
794
795
796
797
798
800
801
802
803
804
805
807
808
809
810
811
1194
1195
1196
1197
1199
1200
1201
1202
1203
1204
1206
1207
1208
1209
1210
1211
1213
1214
1215
1216
1217
1218
1219
1220
1221
1222
1223
1224
1225
1226
1227
1228
1229
1230
1231
1232
1233
1234
1235
1236
1237
1238
1239
1240
1241
1242
1243
1244
1245
1246
1247
1248
1249
1250
1251
1252
1253
1254
1255
1256
1257
1258
1259
1260
1261
1262
1263
1615
1616
1617
1618
1619
1620
1621
1622
2036
2037
2038
2039
2040
2041
2042
2043
2044
2045
2046
2047
2048
2049
2050
2051
2052
2053
2054
2055
2056
2057
2058
2059
2060
2061
2062
2063
2064
2065
2066
2067
2068
2069
2070
2071
2072
2073
2074
2075
2076
2077
2078
2079
2080
2081
2082
2083
2084
2085
2086
2087
2088
2089
2090
2091
2092
2093
2094
2095
2096
2097
2098
2099
2100
2101
2102
2103
2104
2105
2879
2880
2881
2882
2883
2884
2885
2886
2887
2888
2889
2890
2891
2893
2894
2895
2896
2897
2898
2900
2901
2902
2903
2904
2905
2907
2908
2909
2910
2911
2912
2914
2915
2916
2917
2918
2919
2921
2922
2923
2924
2925
2926
2928
2929
2930
2931
2932
2933
2934
2935
2936
2937
2938
2939
2940
2941
2942
2943
2944
2945
2946
2947
3720
3721
3722
3723
3724
3725
3726
3727
3728
3729
3730
3731
3732
3733
3734
3735
3736
3737
3738
3739
3740
3741
3742
3743
3744
3745
3746
3747
3748
3749
3750
3751
3752
3753
3754
3755
3756
3757
3758
3759
3760
3761
3762
3763
3764
3765
3766
3767
3768
3769
3770
3771
3772
3773
3775
3776
3777
3778
3779
3780
3782
3783
3784
3785
3786
3787
3789
4562
4563
4564
4565
4566
4567
4568
4569
4570
4571
4572
4573
4574
4575
4576
4577
4578
4579
4580
4581
4582
4583
4584
4585
4586
4587
4588
4589
4590
4591
4592
4593
4594
4595
4596
4597
4598
4599
4600
4601
4602
4603
4604
4605
4606
4607
4608
4609
4610
4611
4612
4613
4614
4615
4616
4617
4618
4619
4620
4621
4622
4623
4624
4625
4626
4627
4628
4629
4630
4631
5404
5405
5406
5407
5408
5409
5410
5411
5412
5413
5414
5415
5416
5417
5418
5419
5420
5421
5422
5423
5424
5425
5426
5427
5428
5429
5430
5431
5432
5433
5434
5435
5436
5437
5438
5439
5440
5441
5442
5443
5444
5445
5446
5447
5448
5449
5450
5451
5452
5453
5454
5455
5456
5457
5458
5459
5460
5461
5462
5463
5464
5465
5466
5467
5468
5469
5470
5471
5472
5473
6246
6247
6248
6249
6250
6251
6253
6254
6255
6256
6257
6258
6260
6261
6262
6263
6264
6265
6266
6267
6268
6269
6270
6271
6272
6274
6275
6276
6277
6278
6279
6281
6282
6283
6284
6285
6286
6288
6289
6290
6291
6292
6293
6295
6296
6297
6298
6299
6300
6302
6303
6304
6305
6306
6307
6309
6310
6311
6312
6313
6314
6315
7088
7089
7090
7091
7092
7093
7094
7095
7096
7097
7098
7099
7100
7101
7102
7103
7104
7105
7106
7107
7108
7109
7110
7111
7112
7113
7114
7115
7116
7117
7118
7119
7120
7121
7122
7123
7124
7125
7126
7127
7128
7129
7130
7131
7132
7133
7134
7135
7136
7137
7138
7139
7140
7141
7142
7143
7144
7145
7146
7147
7148
7149
7150
7151
7152
7153
7154
7155
7156
7157
7930
7931
7932
7933
7934
7935
7936
7937
7938
7940
7941
7942
7943
7944
7945
7947
7948
7949
7950
7951
7952
7954
7955
7956
7957
7958
7959
7961
7962
7963
7964
7965
7966
7968
7969
7970
7971
7972
7973
7975
7976
7977
7978
7979
7980
7981
7982
7983
7984
7985
7986
7987
7989
7990
7991
7992
7993
7994
7996
7997
7998
7999
8772
8773
8774
8775
8776
8777
8778
8779
8780
8781
8782
8783
8784
8785
8786
8787
8788
8789
8790
8791
8792
8793
8794
8795
8796
8797
8798
8799
8800
8801
8802
8803
8804
8805
8806
8807
8808
8809
8810
8811
8812
8813
8814
8815
8816
8817
8818
8819
8820
8821
8822
8823
8824
8825
8826
8827
8828
8829
8830
8831
8832
8833
8834
8835
8836
8837
8838
8839
8840
8841
9250
9251
9252
9253
9254
9255
9256
9257
9258
9259
9260
9261
9262
9614
9615
9616
9617
9618
9620
9621
9622
9623
9624
9625
9627
9628
9629
9630
9631
9632
9634
9635
9636
9637
9638
9639
9641
9642
9643
9644
9645
9646
9647
9648
9649
9650
9651
9652
9653
9655
9656
9657
9658
9659
9660
9662
9663
9664
9665
9666
9667
9669
9670
9671
9672
9673
9674
9676
9677
9678
9679
9680
9681
9683
10061
10062
10063
10064
10065
10066
10068
10069
10070
10071
10072
10073
10075
10076
10077
10078
10079
10080
10082
10083
10084
10085
10086
10087
10088
10089
10090
10091
10092
10093
10094
10096
10097
10098
10099
10100
10101
10103
10104
10456
10457
10458
10460
10461
10462
10463
10464
10465
10467
10468
10469
10470
10471
10472
10474
10475
10476
10477
10478
10479
10480
10481
10482
10483
10484
10485
10486
10487
10488
10489
10490
10491
10492
10493
10494
10495
10496
10497
10498
10499
10500
10501
10502
10503
10504
10505
10506
10507
10508
10509
10510
10511
10512
10513
10514
10515
10516
10517
10518
10519
10520
10521
10522
10523
10524
10525
10877
10878
10879
10880
10881
10882
10883
10884
10885
10886
10887
10888
10889
10890
10891
10892
10893
10894
10895
10896
10897
10898
10899
10900
10901
10902
10903
10904
10905
10906
10907
10908
10909
10910
10911
10912
10913
10914
10915
10916
10917
10918
10919
10920
10921
10922
10923
10924
10925
10926
10927
10928
10929
10930
10931
10932
10933
10934
10935
10936
10937
10938
10939
10940
10941
10942
10943
10944
10945
10946
11298
11299
11300
11301
11302
11303
11304
11305
11306
11307
11308
11309
11310
11311
11312
11313
11314
11315
11316
11317
11318
11319
11320
11321
11322
11323
11324
11325
11326
11327
11328
11329
11330
11331
11332
11333
11334
11335
11336
11337
11338
11339
11340
11341
11342
11343
11344
11345
11346
11347
11348
11349
11350
11351
11352
11353
11354
11719
11720
11721
11722
11723
11724
11725
11726
11727
11728
11729
11730
11731
11732
11733
11734
11735
11736
11737
11738
11739
11740
11741
11742
11743
11744
11745
11746
11747
11748
11749
11750
11751
11752
11753
11754
11755
11756
11757
11758
11759
11760
11761
11762
11763
11764
11765
11766
11767
11768
11769
11770
11771
11772
11773
11774
11775
11776
11777
11778
11779
11780
11781
11782
11783
11784
11785
11786
11787
11788
12140
12141
12142
12143
12144
12145
12146
12147
12148
12149
12150
12151
12152
12154
12155
12156
12157
12158
12159
12161
12162
12163
12164
12165
12561
12562
12563
12564
12565
12566
12567
12568
12569
12570
12571
12572
12573
12574
12575
12576
12577
12578
12579
12580
12581
12582
12583
12584
12585
12586
12587
12588
12589
12590
12591
12592
12593
12594
12595
12596
12597
12598
12599
12600
12601
12602
12603
12604
12605
12606
12607
12608
12609
12610
12611
12612
12613
12614
12615
12616
12617
12618
12619
12620
12621
12622
12623
12624
12625
12626
12627
12628
12629
12630
13403
13404
13405
13407
13408
13409
13410
13411
13412
13414
13415
13416
13417
13418
13419
13420
13421
13422
13423
13424
13425
13426
13428
13429
13430
13431
13432
13433
13435
13436
13437
13438
13439
13440
13442
13443
13444
13445
13446
13447
13449
13450
13451
13452
13453
13454
13456
13457
13458
13459
13460
13461
13463
13464
13465
13466
13467
13468
13469
13470
13471
13472
14245
14246
14247
14248
14249
14250
14251
14252
14253
14254
14255
14256
14257
14258
14259
14260
14261
14262
14263
14264
14265
14266
14267
14268
14269
14270
14271
14272
14273
14274
14275
14276
14277
14278
14279
14280
14281
14282
14283
14284
14285
14286
14287
14288
14289
14290
14291
14292
14293
14294
14295
14296
14297
14298
14299
14300
14301
14302
14303
14304
14305
14306
14307
14308
14309
14310
14311
14312
14313
14314
15087
15088
15089
15090
15091
15092
15094
15095
15096
15097
15098
15099
15101
15102
15103
15104
15105
15106
15108
15109
15110
15111
15112
15113
15115
15116
15117
15118
15119
15120
15122
15123
15124
15125
15126
15127
15129
15130
15131
15132
15133
15134
15135
15136
15137
15138
15139
15140
15141
15143
15144
15145
15146
15147
15148
15150
15151
15152
15153
15154
15155
15929
15930
15931
15932
15934
15935
15936
15937
15938
15939
15941
15942
15943
15944
15945
15946
15948
15949
15950
15951
15952
15953
15955
15956
15957
15958
15959
15960
15962
15963
15964
15965
15966
15967
15968
15969
15970
15971
15972
15973
15974
15975
15976
15977
15978
15979
15980
15981
15982
15983
15984
15985
15986
15987
15988
15989
15990
15991
15992
15993
15994
15995
15996
15997
15998
16771
16772
16773
16774
16775
16776
16777
16778
16779
16780
16781
16782
16783
16784
16785
16786
16787
16788
16789
16790
16791
16792
16793
16794
16795
16796
16797
16798
16799
16800
16801
16802
16803
16804
16805
16806
16807
16809
16810
16811
16812
16813
16814
16816
16817
16818
16819
16820
16821
16823
16824
16825
16826
16827
16828
16830
16831
16832
16833
16834
16835
16837
16838
16839
16840
17614
17615
17616
17617
17618
17619
17621
17622
17623
17624
17625
17626
17628
17629
17630
17631
17632
17633
17634
17635
17636
17637
17638
17639
17640
17642
17643
17644
17645
17646
17647
17649
17650
17651
17652
17653
17654
17656
17657
17658
17659
17660
17661
17663
17664
17665
17666
17667
17668
17670
17671
17672
17673
17674
17675
17677
17678
17679
17680
17681
17682
18455
18456
18457
18458
18459
18460
18461
18462
18463
18464
18465
18466
18467
18468
18469
18470
18471
18472
18473
18474
18475
18476
18477
18478
18479
18480
18481
18482
18483
18484
18485
18486
18487
18488
18489
18490
18491
18492
18493
18494
18495
18496
18497
18498
18499
18500
18501
18502
18503
18504
18505
18506
18507
18508
18509
18510
18511
18512
18513
18514
18515
18516
18517
18518
18519
18520
18521
18522
18523
18524
19297
19298
19299
19300
19301
19302
19303
19304
19305
19306
19308
19309
19310
19311
19312
19313
19315
19316
19317
19318
19319
19320
19322
19323
19324
19325
19326
19327
19329
19330
19331
19332
19333
19334
19336
19337
19338
19339
19340
19341
19343
19344
19345
19346
19347
19348
19349
19350
19351
19352
19353
19354
19355
19357
19358
19359
19360
19361
19362
19364
19365
19366
20139
20140
20141
20142
20143
20144
20145
20146
20147
20148
20149
20150
20151
20152
20153
20154
20155
20156
20157
20158
20159
20160
20161
20162
20163
20164
20165
20166
20167
20168
20169
20170
20171
20172
20173
20174
20175
20176
20177
20178
20179
20180
20181
20182
20183
20184
20185
20186
20187
20188
20189
20190
20191
20192
20193
20194
20195
20196
20197
20198
20199
20200
20201
20202
20203
20204
20205
20206
20207
20208
20604
20605
20606
20607
20608
20610
20611
20612
20613
20614
20615
20617
20618
20619
20620
20621
20622
20623
20624
20625
20626
20627
20628
20629
20981
20982
20983
20984
20985
20986
20987
20988
20989
20990
20991
20992
20993
20994
20995
20996
20997
20998
20999
21000
21001
21002
21003
21004
21005
21006
21007
21008
21009
21010
21011
21012
21013
21014
21015
21016
21017
21018
21019
21020
21021
21022
21023
21024
21025
21026
21027
21028
21029
21030
21031
21032
21033
21034
21035
21036
21037
21038
21039
21040
21041
21042
21043
21044
21045
21046
21047
21048
21049
21050
21415
21416
21417
21418
21419
21420
21421
21422
21423
21424
21425
21426
21427
21428
21429
21430
21431
21432
21433
21434
21435
21436
21437
21438
21439
21440
21441
21442
21443
21444
21445
21446
21447
21448
21449
21450
21451
21452
21453
21454
21455
21456
21457
21458
21459
21460
21461
21462
21463
21464
21465
21466
21467
21468
21469
21470
21471
21823
21824
21825
21826
21827
21828
21829
21830
21831
21832
21833
21834
21835
21836
21837
21838
21839
21840
21841
21842
21843
21844
21845
21846
21847
21848
21849
21850
21851
21852
21853
21854
21855
21856
21857
21858
21859
21860
21861
21862
21863
21864
21865
21866
21867
21868
21869
21870
21871
21872
21873
21874
21875
21876
21877
21878
21879
21880
21881
21882
21883
21884
21885
21886
21887
21888
21889
21890
21891
21892
22244
22245
22246
22247
22248
22249
22250
22251
22252
22253
22254
22255
22256
22257
22258
22259
22260
22261
22262
22263
22264
22265
22266
22267
22268
22269
22270
22271
22272
22273
22274
22275
22276
22277
22278
22279
22280
22281
22282
22283
22284
22285
22286
22287
22288
22289
22290
22291
22292
22293
22294
22295
22297
22298
22299
22300
22301
22302
22304
22305
22306
22307
22308
22309
22311
22312
22313
22665
22666
22668
22669
22670
22671
22672
22673
22675
22676
22677
22678
22679
22680
22681
22682
22683
22684
22685
22686
22687
22689
22690
22691
22692
22693
22694
22696
22697
22698
22699
22700
22701
22703
22704
22705
22706
22707
22708
23086
23088
23089
23090
23091
23092
23093
23095
23096
23097
23098
23099
23100
23102
23103
23104
23105
23106
23107
23109
23110
23111
23112
23113
23114
23116
23117
23118
23119
23120
23121
23122
23123
23124
23125
23126
23127
23128
23130
23131
23132
23133
23134
23135
23137
23138
23139
23140
23141
23142
23144
23145
23146
23147
23148
23149
23151
23152
23153
23154
23155
23507
23508
23509
23510
23511
23512
23513
23514
23515
23516
23517
23518
23519
23928
23929
23930
23931
23932
23933
23934
23935
23936
23937
23938
23939
23940
23941
23942
23943
23944
23945
23946
23947
23948
23949
23950
23951
23952
23953
23954
23955
23956
23957
23958
23959
23960
23961
23962
23963
23964
23965
23966
23967
23968
23969
23970
23971
23972
23973
23974
23975
23976
23977
23978
23979
23980
23981
23982
23983
23984
23985
23986
23987
23988
23989
23990
23991
23992
23993
23994
23995
23996
23997
24770
24771
24772
24773
24775
24776
24777
24778
24779
24780
24782
24783
24784
24785
24786
24787
24788
24789
24790
24791
24792
24793
24794
24796
24797
24798
24799
24800
24801
24803
24804
24805
24806
24807
24808
24810
24811
24812
24813
24814
24815
24817
24818
24819
24820
24821
24822
24824
24825
24826
24827
24828
24829
24831
24832
24833
24834
24835
24836
24837
24838
24839
25612
25613
25614
25615
25616
25617
25618
25619
25620
25621
25622
25623
25624
25625
25626
25627
25628
25629
25630
25631
25632
25633
25634
25635
25636
25637
25638
25639
25640
25641
25642
25643
25644
25645
25646
25647
25648
25649
25650
25651
25652
25653
25654
25655
25656
25657
25658
25659
25660
25661
25662
25663
25664
25665
25666
25667
25668
25669
25670
25671
25672
25673
25674
25675
25676
25677
25678
25679
25680
25681
26454
26455
26456
26457
26458
26459
26460
26462
26463
26464
26465
26466
26467
26469
26470
26471
26472
26473
26474
26476
26477
26478
26479
26480
26481
26483
26484
26485
26486
26487
26488
26490
26491
26492
26493
26494
26495
26497
26498
26499
26500
26501
26502
26503
26504
26505
26506
26507
26508
26509
26511
26512
26513
26514
26515
26516
26518
26519
26520
26521
26522
26523
27296
27297
27298
27299
27300
27301
27302
27303
27304
27305
27306
27307
27308
27309
27310
27311
27312
27313
27314
27315
27316
27317
27318
27319
27320
27321
27322
27323
27324
27325
27326
27327
27328
27329
27330
27331
27332
27333
27334
27335
27336
27337
27338
27339
27340
27341
27342
27343
27344
27345
27346
27347
27348
27349
27350
27351
27352
27353
27354
27355
27356
27357
27358
27359
27360
27361
27362
27363
27364
27365
28138
28139
28140
28141
28142
28143
28144
28145
28146
28147
28148
28149
28150
28151
28152
28153
28154
28155
28156
28157
28158
28159
28160
28161
28162
28163
28164
28165
28166
28167
28168
28169
28170
28171
28172
28173
28174
28175
28176
28177
28178
28179
28180
28181
28182
28183
28184
28185
28186
28187
28188
28189
28190
28191
28192
28193
28194
28195
28196
28197
28198
28199
28200
28201
28202
28203
28204
28205
28206
28207
28980
28982
28983
28984
28985
28986
28987
28989
28990
28991
28992
28993
28994
28996
28997
28998
28999
29000
29001
29002
29003
29004
29005
29006
29007
29008
29009
29010
29011
29012
29013
29014
29015
29016
29017
29018
29019
29020
29021
29022
29023
29024
29025
29026
29027
29028
29029
29030
29031
29032
29033
29034
29035
29036
29037
29038
29039
29040
29041
29042
29043
29044
29045
29046
29047
29048
29049
29822
29823
29824
29825
29826
29827
29828
29829
29830
29831
29832
29833
29834
29835
29836
29837
29838
29839
29840
29841
29843
29844
29845
29846
29847
29848
29850
29851
29852
29853
29854
29855
29857
29858
29859
29860
29861
29862
29864
29865
29866
29867
29868
29869
29871
29872
29873
29874
29875
29876
29878
29879
29880
29881
29882
29883
29884
29885
29886
29887
29888
29889
29890
30664
30665
30666
30667
30668
30669
30670
30671
30672
30673
30674
30675
30676
30677
30678
30679
30680
30681
30682
30683
30684
30685
30686
30687
30688
30689
30690
30691
30692
30693
30694
30695
30696
30697
30698
30699
30700
30701
30702
30703
30704
30705
30706
30707
30708
30709
30710
30711
30712
30713
30714
30715
30716
30717
30718
30719
30720
30721
30722
30723
30724
30725
30726
30727
30728
30729
30730
30731
30732
30733
31147
31148
31149
31150
31151
31152
31153
31154
31506
31507
31508
31509
31510
31511
31512
31513
31514
31515
31516
31517
31518
31519
31520
31521
31522
31523
31524
31525
31526
31527
31528
31529
31530
31531
31532
31533
31534
31535
31536
31537
31538
31539
31540
31541
31542
31543
31544
31545
31546
31547
31548
31549
31550
31551
31552
31553
31554
31555
31556
31558
31559
31560
31561
31562
31563
31565
31566
31567
31568
31569
31570
31572
31573
31574
31575
31958
31959
31960
31961
31962
31964
31965
31966
31967
31968
31969
31971
31972
31973
31974
31975
31976
31978
31979
31980
31981
31982
31983
31985
31986
31987
31988
31989
31990
31991
31992
31993
31994
31995
31996
32349
32350
32351
32352
32353
32354
32356
32357
32358
32359
32360
32361
32363
32364
32365
32366
32367
32368
32370
32371
32372
32373
32374
32375
32377
32378
32379
32380
32381
32382
32383
32384
32385
32386
32387
32388
32389
32391
32392
32393
32394
32395
32396
32398
32399
32400
32401
32402
32403
32405
32406
32407
32408
32409
32410
32412
32413
32414
32415
32416
32417
