5938
21881
21882
21888
21889
21895
21896
21897
21898
21899
21900
21901
21923
21945
21993
21994
22001
22092
22098
22099
22176
22203
22204
22210
22211
22217
22224
22225
22238
22239
22240
22241
22242
22243
22252
22253
22343
22344
22385
22441
22442
22483
22484
22485
22486
22487
22488
22489
22490
22497
22498
22539
22561
22567
22568
22574
22575
22581
22586
22587
22588
22589
22602
22603
22609
22610
22616
22617
22623
22624
22826
22827
22828
22833
22834
22840
22841
22847
22848
22854
22861
22862
22880
22924
22925
22926
22927
22928
22929
22930
22931
22932
22938
22939
22945
22946
22952
22953
22959
22960
22966
22967
22973
22974
22975
22976
22977
22978
22979
22980
22981
23023
23071
23072
23169
23170
23171
23172
23173
23174
23175
23176
23177
23178
23179
23180
23181
23182
23183
23184
23185
23186
23187
23188
23189
23190
23191
23192
23193
23194
23195
23196
23197
23198
23199
23200
23201
23202
23203
23204
23205
23206
23207
23208
23209
23210
23211
23212
23213
23214
23215
23216
23217
23218
23219
23220
23221
23222
23223
23224
23225
23226
23227
23228
23229
23230
23231
23232
23243
23254
23265
23276
23287
23288
23289
23290
23291
23292
23293
23294
23295
23296
23297
23298
23299
23300
23301
23302
23303
23304
23305
23306
23307
23308
23309
23310
23311
23312
23313
23314
23315
23316
23317
23318
23319
23320
23321
23322
23323
23324
23330
23331
23337
23338
23344
23345
23351
23352
23386
23408
23414
23415
23416
23417
23418
23419
23420
23421
23422
23428
23429
23435
23436
23442
23443
23449
23450
23456
23457
23463
23464
23465
23466
23467
23468
23469
23470
23471
23485
23518
23529
23530
23531
23532
23533
23534
23535
23536
23537
23538
23539
23540
23541
23542
23543
23544
23545
23546
23547
23548
23549
23550
23551
23552
23553
23554
23555
23556
23557
23558
23559
23560
23561
23562
23563
23564
23565
23566
23567
23568
23569
23570
23571
23572
23573
23574
23575
23576
23577
23578
23579
23580
23581
23582
23583
23584
23585
23586
23587
23588
23589
23590
23591
23592
23593
23594
23595
23606
23617
23628
23639
23650
23651
23652
23653
23654
23655
23656
23657
23658
23659
23660
23661
23662
23663
23664
23665
23666
23667
23673
23674
23680
23681
23687
23688
23694
23695
23701
23702
23708
23709
23710
23711
23712
23713
23714
23715
23716
23760
23771
23772
23778
23779
23785
23786
23792
23793
23799
23800
23806
23807
23808
23809
23810
23811
23812
23813
23814
23820
23821
23827
23828
23834
23835
23848
23859
23870
23881
23892
23893
23894
23895
23896
23897
23898
23899
23900
23901
23902
23903
23904
23905
23906
23907
23908
23909
23910
23911
23912
23913
23914
23915
23916
23917
23918
23919
23920
23921
23922
23923
23924
23925
23926
23927
23928
23929
23930
23931
23932
23933
23934
23935
23936
23937
23938
23939
23940
23941
23942
23943
23944
23945
23946
23947
23948
23949
23950
23951
23952
23953
23954
23955
23956
23957
23958
24149
24150
24156
24157
24198
24199
24200
24255
24268
24269
24276
24282
24283
24289
24290
24296
24297
24298
24299
24300
24301
24302
24303
24304
24310
24311
24317
24318
24332
24394
24395
24401
24499
24500
24541
24542
24543
24544
24549
24555
24556
24562
24563
24596
24618
24619
24632
24633
24639
24640
24641
24642
24643
24644
24645
24646
24647
24653
24654
24660
24661
24667
24668
24674
24681
24682
24695
24744
24745
24786
24787
24887
24888
24889
24890
24891
24892
24905
24906
24913
24919
24920
24926
24982
24983
24984
24985
24986
24987
24988
24989
24990
24996
24997
25003
25004
25010
25011
25017
25018
25024
25025
25031
25032
25033
25034
25035
25036
25037
25038
25129
25136
25137
25179
25227
25228
25229
25230
25231
25232
25233
25241
25242
25255
25256
25269
25270
25277
25278
25279
25280
25281
25282
25283
25284
25377
25472
25473
25479
25480
25521
25522
25528
25529
25575
25586
25587
25588
25589
25590
25591
25592
25593
25594
25595
25596
25597
25598
25599
25600
25601
25602
25603
25604
25605
25606
25607
25608
25609
25610
25611
25612
25613
25614
25615
25616
25617
25618
25619
25620
25621
25622
25623
25624
25625
25626
25627
25628
25629
25630
25631
25632
25633
25634
25635
25636
25637
25638
25639
25640
25641
25642
25643
25644
25645
25646
25647
25648
25649
25650
25651
25652
25663
25674
25685
25696
25707
25708
25709
25710
25711
25712
25713
25714
25715
25716
25717
25718
25719
25720
25721
25722
25723
25724
25725
25731
25732
25738
25739
25745
25746
25752
25753
25759
25760
25766
25767
25768
25769
25770
25771
25772
25773
25795
25817
25829
25830
25836
25837
25843
25844
25850
25851
25857
25858
25864
25865
25866
25867
25868
25869
25870
25871
25872
25878
25879
25885
25886
25892
25893
25916
25927
25938
25949
25950
25951
25952
25953
25954
25955
25956
25957
25958
25959
25960
25961
25962
25963
25964
25965
25966
25967
25968
25969
25970
25971
25972
25973
25974
25975
25976
25977
25978
25979
25980
25981
25982
25983
25984
25985
25986
25987
25988
25989
25990
25991
25992
25993
25994
25995
25996
25997
25998
25999
26000
26001
26002
26003
26004
26005
26006
26007
26008
26009
26010
26011
26012
26013
26014
26015
26026
26037
26048
26059
26074
26075
26081
26082
26088
26089
26095
26096
26102
26103
26109
26110
26111
26112
26113
26114
26115
26116
26117
26123
26124
26130
26131
26158
26180
26193
26194
26200
26201
26207
26208
26209
26210
26211
26212
26213
26214
26215
26221
26222
26228
26229
26235
26236
26242
26243
26249
26250
26256
26257
26268
26279
26301
26312
26313
26314
26315
26316
26317
26318
26319
26320
26321
26322
26323
26324
26325
26327
26328
26329
26330
26331
26332
26333
26334
26336
26337
26338
26339
26340
26341
26342
26343
26345
26346
26347
26348
26349
26350
26351
26352
26354
26355
26356
26357
26358
26359
26360
26361
26363
26364
26369
26370
26372
26373
26374
26375
26376
26377
26389
26400
26411
26452
26453
26460
26557
26558
26603
26604
26605
26606
26607
26620
26697
26802
26803
26844
26845
26851
26852
26893
26894
26942
26943
26944
26945
26946
26947
26948
26949
26956
26957
26970
26971
26984
26985
26993
26994
26995
26996
26997
26998
26999
27005
27006
27012
27013
27020
27026
27027
27033
27034
27040
27045
27046
27047
27048
27061
27062
27075
27076
27089
27090
27092
27097
27138
27139
27187
27188
27194
27195
27243
27244
27285
27286
27287
27292
27293
27299
27300
27306
27307
27313
27320
27321
27334
27335
27336
27337
27338
27339
27340
27341
27342
27348
27349
27355
27356
27362
27363
27369
27370
27376
27377
27383
27384
27385
27386
27387
27388
27389
27390
27391
27397
27398
27404
27411
27412
27425
27426
27435
27436
27437
27438
27439
27440
27481
27482
27488
27489
27530
27531
27537
27538
27579
27580
27586
27587
27628
27629
27630
27631
27632
27633
27634
27635
27636
27642
27643
27649
27650
27656
27657
27663
27664
27670
27671
27677
27678
27679
27680
27681
27682
27683
27684
27685
27691
27692
27698
27699
27705
27706
27713
27719
27720
27726
27727
27728
27729
27731
27732
27733
27734
27740
27741
27747
27754
27755
27761
27762
27768
27769
27775
27776
27777
27778
27779
27780
27781
27782
27783
27824
27825
27831
27832
27873
27874
27880
27881
27922
27923
27929
27930
27973
27984
27995
28006
28007
28008
28009
28010
28011
28012
28013
28014
28015
28016
28017
28018
28019
28020
28021
28022
28023
28024
28025
28026
28027
28028
28029
28030
28031
28032
28033
28034
28035
28036
28037
28038
28039
28040
28041
28042
28043
28044
28045
28046
28047
28048
28049
28050
28051
28052
28053
28054
28055
28056
28057
28058
28059
28060
28061
28062
28063
28064
28065
28066
28067
28068
28069
28070
28071
28072
28083
28094
28105
28116
28132
28133
28139
28140
28146
28147
28153
28154
28160
28161
28167
28168
28169
28170
28171
28172
28173
28174
28175
28181
28182
28188
28189
28195
28196
28202
28203
28209
28210
28216
28217
28218
28219
28220
28221
28222
28223
28224
28230
28231
28237
28238
28244
28245
28251
28252
28258
28259
28265
28266
28267
28268
28269
28270
28271
28272
28273
28279
28280
28286
28287
28293
28294
28300
28301
28307
28308
28314
28315
28316
28317
28318
28319
28320
28321
28322
28323
28324
28325
28326
28327
28328
28329
28330
28331
28332
28333
28334
28335
28336
28337
28338
28339
28340
28341
28342
28343
28344
28345
28346
28347
28348
28349
28350
28351
28352
28353
28354
28355
28356
28357
28358
28359
28360
28361
28362
28363
28364
28365
28366
28367
28368
28369
28370
28371
28372
28373
28374
28375
28376
28377
28378
28379
28380
28381
28382
28383
28384
28385
28386
28387
28388
28389
28390
28391
28392
28393
28394
28395
28396
28397
28398
28399
28400
28401
28402
28403
28404
28405
28406
28407
28408
28409
28410
28411
28412
28413
28414
28415
28416
28417
28418
28419
28420
28421
28422
28423
28424
28425
28426
28427
28428
28429
28430
28431
28432
28433
28434
28435
28436
28437
28438
28439
28440
28441
28442
28443
28444
28445
28446
28447
28448
28449
28450
28451
28452
28453
28454
28455
28456
28457
28458
28459
28460
28461
28462
28463
28464
28465
28466
28467
28468
28469
28475
28476
28482
28483
28489
28490
28496
28497
28503
28504
28510
28511
28512
28513
28514
28515
28516
28517
28518
28524
28525
28531
28532
28538
28539
28545
28546
28552
28553
28559
28560
28561
28683
28684
28685
28686
28687
28688
28689
28690
28691
28696
28697
28698
28699
28700
28701
28702
28703
28704
28709
28710
28711
28712
28713
28714
28715
28716
28717
28722
28723
28724
28725
28726
28727
28728
28729
28730
28853
28854
28860
29021
29022
29028
29029
29035
29036
29042
29049
29050
29051
29052
29053
29054
29055
29063
29064
29196
29197
29203
29204
29392
29546
29700
29701
29707
29708
29714
29715
29721
29722
29728
29729
29735
29736
29737
29738
29739
29740
29741
29742
29743
29749
29750
29756
29757
29763
29764
29777
29788
29827
29833
29834
29835
29840
29841
29882
29883
29931
29987
29988
30030
30064
30065
30071
30072
30078
30079
30080
30081
30082
30092
30093
30100
30106
30107
30113
30114
30120
30121
30127
30128
30129
30184
30225
30226
30232
30233
30323
30324
30382
30393
30404
30415
30426
30427
30428
30429
30430
30431
30432
30433
30438
30439
30440
30441
30442
30443
30444
30445
30446
30451
30452
30453
30454
30455
30456
30457
30458
30459
30464
30465
30466
30467
30468
30469
30470
30471
30472
30477
30478
30479
30480
30481
30482
30483
30484
30485
30490
30491
30492
30503
30547
30548
30554
30555
30561
30562
30568
30569
30570
30571
30572
30573
30574
30575
30576
30582
30583
30589
30596
30597
30610
30611
30701
30723
30734
30911
30912
30913
30914
30919
30925
30926
31051
31052
31062
31063
31064
31065
31066
31067
31068
31069
31070
31075
31076
31077
31078
31079
31080
31081
31082
31083
31088
31089
31090
31091
31092
31093
31094
31095
31096
37642
37653
37686
37687
37813
37814
37822
37823
37824
37825
37826
37827
37828
37835
37841
37842
37848
37849
37855
37856
37978
37979
37980
37981
37982
37983
37984
37985
37986
37991
37992
37993
37994
38005
38177
38178
38191
38192
38316
38317
38318
38319
38320
38321
38322
38323
38324
38329
38330
38331
38332
38333
38334
38335
38336
38337
38342
38343
38344
38345
38346
38347
38348
38349
38350
38355
38356
38357
38555
38556
38563
38654
38709
38800
38801
38905
38906
38947
38948
38953
38954
38955
38961
39017
39018
39024
39025
39031
39032
39038
39039
39045
39046
39047
39048
39049
39050
39051
39052
39059
39060
39073
39074
39143
39150
39151
39192
39193
39199
39200
39291
39292
39293
39294
39295
39296
39297
39298
39304
39305
39311
39312
39318
39319
39325
39347
39388
39389
39390
39395
39396
39402
39410
39416
39423
39424
39437
39438
39440
39441
39442
39535
39536
39542
39543
39668
39669
39675
39676
39682
39683
39684
39685
39686
39687
39688
39710
39878
39879
40007
40040
40051
40194
40349
40350
40351
40352
40358
40359
40360
40361
40362
40363
40364
40365
40370
40371
40372
40373
40374
40376
40377
40378
40383
40385
40386
40387
40388
40389
40390
40391
40515
40516
40517
40518
40519
40520
40521
40529
40530
40557
40689
40700
40711
40712
40713
40714
40715
40716
40717
40718
40719
40720
40721
40722
40723
40724
40725
40726
40727
40728
40729
40734
40735
40736
40737
40738
40739
40740
40741
40742
40747
40748
40749
40750
40751
40752
40753
40754
40755
40760
40761
40762
40763
40764
40765
40766
40767
40768
40773
40774
40775
40776
40777
40788
40799
40859
40865
40866
40956
40957
40963
41007
41008
41009
41010
41011
41012
41013
41041
41075
41076
41089
41090
41103
41104
41105
41106
41111
41117
41118
41124
41125
41131
41132
41138
41139
41201
41202
41208
41209
41257
41258
41349
41439
41440
41449
41450
41451
41452
41453
41454
41467
41468
41475
41481
41482
41488
41489
41495
41496
41501
41502
41503
41544
41545
41551
41552
41593
41594
41600
41649
41650
41691
41696
41697
41698
41699
41705
41706
41712
41713
41719
41720
41726
41727
41733
41734
41740
41741
41742
41743
41894
41895
42034
42035
42036
42037
42038
42039
42040
42041
42042
42048
42049
42055
42062
42063
42076
42077
42230
42231
42237
42377
42378
42379
42380
42385
42386
42387
42388
42389
42390
42391
42392
42393
42398
42399
42400
42401
42402
42403
42404
42405
42406
42411
42412
42413
42414
42415
42416
42417
42418
42419
42545
42546
42559
42560
42567
42573
42574
42575
42580
42581
42587
42588
42713
42724
42757
42881
42882
42888
42889
42895
42896
42902
42903
42909
42910
42916
42917
42918
42919
42920
42921
42922
42923
42924
42930
42931
42937
42938
42944
42945
42951
42952
42958
42959
42965
42966
42967
42968
42969
42970
42971
42972
42973
42979
42980
42986
42987
42993
42994
43000
43001
43007
43008
43014
43015
43016
43017
43018
43019
43020
43021
43022
43028
43029
43035
43036
43042
43043
43049
43050
43056
43057
43063
43064
43065
43066
43067
43068
43069
43070
43071
43072
43073
43074
43075
43076
43077
43078
43079
43080
43081
43082
43083
43084
43085
43086
43087
43088
43089
43090
43091
43092
43093
43094
43095
43096
43097
43098
43099
43100
43101
43102
43103
43104
43105
43106
43107
43108
43109
43110
43111
43112
43113
43114
43115
43116
43117
43118
43119
43120
43121
43122
43123
43124
43125
43126
43127
43128
43129
43130
43131
43132
43133
43134
43135
43136
43137
43138
43139
43140
43141
43142
43143
43144
43145
43146
43147
43148
43149
43150
43151
43152
43153
43154
43155
43156
43157
43158
43159
43160
43161
43162
43163
43164
43165
43166
43167
43168
43169
43170
43171
43172
43173
43174
43175
43176
43177
43178
43179
43180
43181
43182
43183
43184
43185
43186
43187
43188
43189
43190
43191
43192
43193
43194
43195
43196
43197
43198
43199
43200
43201
43202
43203
43204
43205
43206
43207
43208
43209
43210
43211
43212
43213
43214
43215
43216
43217
43218
43259
43260
43266
43267
43308
43309
43315
43316
43357
43358
43364
43365
43406
43407
43408
43409
43410
43411
43412
43413
43414
43420
43421
43427
43428
43434
43435
43441
43442
43448
43449
43455
43456
43457
43458
43459
43460
43461
43462
43463
43469
43470
43476
43477
43483
43484
43490
43491
43497
43498
43504
43505
43506
43507
43508
43509
43510
43511
43512
43518
43519
43525
43526
43532
43533
43539
43540
43546
43547
43553
43554
43555
43556
43557
43558
43559
43560
43561
43602
43603
43609
43610
43651
43652
43658
43659
43700
43701
43707
43708
43749
43750
43751
43752
43753
43754
43755
43756
43757
43763
43764
43770
43771
43777
43778
43784
43785
43791
43792
43798
43799
43800
43801
43802
43803
43804
43805
43806
43812
43813
43819
43820
43826
43827
43833
43834
43840
43841
43847
43848
43849
43850
43851
43852
43853
43854
43855
43861
43862
43868
43869
43875
43876
43882
43883
43889
43890
43896
43897
43898
43899
43900
43901
43902
43903
43904
44044
44099
44100
44106
44107
44114
44120
44121
44127
44128
44134
44135
44141
44142
44143
44144
44145
44146
44147
44148
44155
44156
44198
44225
44226
44232
44233
44239
44240
44241
44242
44243
44244
44245
44246
44247
44387
44393
44394
44440
44470
44471
44478
44484
44485
44486
44491
44492
44498
44499
44505
44506
44512
44519
44520
44561
44583
44584
44585
44586
44587
44588
44589
44590
44638
44639
44729
44730
44781
44792
44803
44829
44830
44831
44832
44833
44834
44835
44836
44837
44842
44843
44844
44845
44846
44847
44848
44849
44850
44855
44856
44857
44858
44859
44860
44861
44862
44863
44868
44869
44870
44871
44872
44873
44874
44875
44876
44881
44882
44883
44884
44885
44886
44887
44888
44889
44902
44913
44924
44946
44947
44953
44954
44960
44961
44967
44974
44975
44976
44977
44978
44979
44980
44988
44989
45002
45003
45045
45076
45077
45078
45079
45080
45086
45087
45093
45094
45100
45101
45107
45108
45114
45115
45121
45122
45123
45124
45125
45126
45127
45128
45129
45130
45131
45132
45133
45144
45155
45166
45177
45188
45189
45190
45191
45192
45193
45194
45195
45196
45197
45198
45199
45200
45201
45202
45203
45204
45205
45206
45207
45208
45209
45210
45211
45212
45213
45214
45215
45216
45217
45218
45219
45220
45221
45222
45223
45224
45225
45226
45227
45228
45229
45230
45231
45232
45233
45234
45235
45236
45237
45238
45239
45240
45241
45242
45243
45244
45245
45246
45247
45248
45249
45250
45251
45252
45253
45254
45320
45331
45353
45430
45436
45437
45443
45444
45450
45451
45457
45458
45464
45465
45466
45467
45468
45469
45470
45471
45472
45473
45474
45475
45476
45477
45478
45479
45480
45481
45482
45483
45484
45485
45486
45487
45488
45489
45490
45491
45492
45493
45494
45495
45496
45507
45518
45529
45540
45551
45552
45553
45554
45555
45556
45557
45558
45559
45560
45561
45562
45563
45564
45565
45566
45567
45568
45569
45570
45571
45572
45573
45574
45575
45576
45577
45578
45579
45580
45581
45582
45583
45584
45585
45586
45587
45588
45589
45590
45591
45592
45593
45594
45595
45596
45597
45598
45599
45600
45601
45602
45603
45604
45605
45606
45607
45608
45609
45610
45611
45612
45613
45614
45615
45616
45617
45661
45709
45710
45716
45717
45807
45808
45809
45810
45811
45812
45813
45814
45815
45821
45822
45828
45829
45835
45836
45842
45843
45849
45850
45856
45857
45858
45859
45870
45892
45919
45920
45926
45927
45933
45934
45940
45941
45947
45948
45954
45955
45956
45957
45958
45959
45960
45961
45962
46052
46053
46059
46060
46101
46156
46157
46158
46171
46172
46185
46186
46199
46200
46201
46202
46207
46213
46214
46220
46221
46277
46283
46284
46290
46291
46297
46298
46299
46300
46301
46302
46303
46304
46305
46354
46402
46403
46444
46445
46451
46452
46497
46508
46521
46522
46535
46536
46545
46546
46547
46548
46549
46550
46563
46564
46571
46577
46578
46584
46585
46640
46787
46788
46794
46795
46838
46871
53130
53163
53206
53207
53213
53214
53361
53416
53417
53423
53424
53430
53437
53438
53451
53452
53453
53454
53455
53456
53465
53466
53479
53480
53493
53504
53549
53550
53556
53557
53598
53599
53647
53696
53697
53698
53699
53700
53701
53702
53703
53704
53710
53711
53717
53718
53724
53780
53781
53787
53788
53794
53799
53800
53801
53802
53815
53816
53829
53830
53843
53844
53845
53900
53941
53942
53948
53949
54039
54040
54041
54042
54043
54044
54045
54046
54047
54053
54054
54060
54061
54067
54068
54074
54075
54081
54082
54109
54131
54142
54143
54144
54145
54151
54152
54158
54159
54165
54166
54172
54173
54179
54180
54186
54187
54188
54189
54190
54191
54192
54193
54194
54284
54285
54291
54292
54340
54384
54385
54386
54387
54388
54389
54390
54391
54392
54393
54394
54395
54396
54397
54398
54399
54400
54401
54402
54403
54404
54405
54406
54407
54408
54409
54410
54411
54412
54413
54414
54415
54416
54417
54418
54419
54420
54421
54422
54423
54424
54425
54426
54427
54428
54429
54430
54431
54432
54433
54434
54435
54436
54437
54438
54439
54440
54441
54442
54443
54444
54445
54446
54447
54448
54449
54450
54461
54472
54483
54494
54505
54506
54507
54508
54509
54510
54511
54512
54513
54514
54515
54516
54517
54518
54519
54520
54521
54522
54523
54524
54525
54526
54527
54528
54529
54530
54531
54532
54533
54534
54535
54536
54537
54543
54544
54550
54551
54557
54558
54564
54565
54571
54648
54670
54681
54747
54748
54749
54750
54751
54752
54753
54754
54755
54756
54757
54758
54759
54760
54761
54762
54763
54764
54765
54766
54767
54768
54769
54770
54771
54772
54773
54774
54775
54776
54777
54778
54779
54780
54781
54782
54783
54784
54785
54786
54787
54788
54789
54790
54791
54792
54793
54794
54795
54796
54797
54798
54799
54800
54801
54802
54803
54804
54805
54806
54807
54808
54809
54810
54811
54812
54813
54824
54835
54846
54857
54868
54869
54870
54871
54872
54873
54874
54875
54876
54877
54878
54879
54880
54886
54887
54893
54894
54900
54901
54907
54908
54914
54915
54921
54922
54923
54924
54925
54956
54998
54999
55012
55013
55021
55022
55023
55024
55025
55026
55027
55034
55040
55041
55047
55048
55054
55055
55077
55088
55099
55112
55113
55114
55115
55116
55117
55118
55119
55120
55125
55126
55127
55128
55129
55130
55131
55132
55133
55138
55139
55140
55141
55142
55143
55144
55145
55146
55151
55152
55153
55154
55155
55156
55157
55158
55159
55164
55165
55166
55167
55168
55169
55170
55171
55172
55198
55209
55220
55271
55272
55362
55363
55411
55412
55413
55414
55415
55416
55417
55418
55440
55481
55482
55489
55495
55496
55502
55503
55509
55510
55515
55516
55517
55523
55530
55531
55561
55607
55608
55614
55754
55755
55756
55757
55758
55759
55760
55761
55762
55768
55769
55775
55776
55803
55845
55846
55853
55854
55855
55856
55857
55858
55859
55860
55866
55867
55873
55874
55880
55881
55887
55894
55895
55901
55902
55957
56097
56098
56099
56100
56101
56102
56103
56104
56105
56111
56112
56118
56119
56125
56126
56132
56133
56139
56140
56146
56147
56148
56149
56150
56151
56152
56153
56154
56160
56161
56167
56168
56174
56175
56181
56182
56188
56189
56195
56196
56197
56198
56199
56200
56201
56202
56203
56209
56210
56216
56217
56223
56224
56230
56231
56237
56238
56244
56245
56246
56247
56248
56249
56250
56251
56252
56293
56294
56300
56301
56342
56343
56349
56350
56391
56392
56398
56399
56440
56441
56442
56443
56444
56445
56446
56447
56448
56454
56455
56461
56462
56468
56469
56475
56476
56482
56483
56489
56490
56491
56492
56493
56494
56495
56496
56497
56503
56504
56510
56511
56517
56518
56524
56525
56531
56532
56538
56539
56540
56541
56542
56543
56544
56545
56546
56552
56553
56559
56560
56566
56567
56573
56574
56580
56581
56587
56588
56589
56590
56591
56592
56593
56594
56595
56636
56637
56643
56644
56685
56686
56692
56693
56734
56735
56741
56742
56783
56784
56785
56786
56787
56788
56789
56790
56791
56792
56793
56794
56795
56796
56797
56798
56799
56800
56801
56802
56803
56804
56805
56806
56807
56808
56809
56810
56811
56812
56813
56814
56815
56816
56817
56818
56819
56820
56821
56822
56823
56824
56825
56826
56827
56828
56829
56830
56831
56832
56833
56834
56835
56836
56837
56838
56839
56840
56841
56842
56843
56844
56845
56846
56847
56848
56849
56850
56851
56852
56853
56854
56855
56856
56857
56858
56859
56860
56861
56862
56863
56864
56865
56866
56867
56868
56869
56870
56871
56872
56873
56874
56875
56876
56877
56878
56879
56880
56881
56882
56883
56884
56885
56886
56887
56888
56889
56890
56891
56892
56893
56894
56895
56896
56897
56898
56899
56900
56901
56902
56903
56904
56905
56906
56907
56908
56909
56910
56911
56912
56913
56914
56915
56916
56917
56918
56919
56920
56921
56922
56923
56924
56925
56926
56927
56928
56929
56930
56931
56932
56933
56934
56935
56936
56937
56938
56944
56945
56951
56952
56958
56959
56965
56966
56972
56973
56979
56980
56981
56982
56983
56984
56985
56986
56987
56993
56994
57000
57001
57007
57008
57014
57015
57021
57022
57028
57029
57030
57031
57032
57033
57034
57035
57036
57042
57043
57049
57050
57056
57057
57063
57064
57070
57071
57077
57078
57079
57080
57081
57082
57083
57084
57085
57091
57092
57098
57099
57105
57106
57112
57113
57119
57120
57244
57277
57288
57413
57414
57420
57421
57426
57427
57428
57434
57441
57442
57455
57456
57582
57583
57584
57585
57586
57587
57588
57589
57590
57595
57596
57597
57598
57599
57600
57601
57602
57603
57608
57609
57610
57611
57612
57613
57614
57615
57616
57621
57622
57623
57624
57764
57770
57771
57924
57925
57938
57939
57946
57952
57953
57959
57960
57961
57962
57963
57964
57965
57966
57967
58106
58107
58258
58259
58260
58261
58267
58268
58274
58275
58281
58282
58288
58289
58295
58296
58302
58303
58304
58305
58310
58351
58352
58401
58407
58408
58449
58450
58456
58457
58498
58499
58500
58505
58506
58512
58513
58519
58520
58526
58533
58534
58547
58548
58549
58550
58551
58552
58561
58562
58652
58743
58744
58792
58793
58799
58800
58862
58863
58869
58870
58876
58877
58883
58884
58890
58895
58896
58897
58898
58911
58912
58925
58926
58960
58988
58989
58990
58991
58992
58993
58994
59038
59044
59045
59135
59136
59142
59202
59213
59224
59225
59226
59227
59228
59233
59234
59235
59236
59237
59238
59239
59240
59241
59246
59247
59248
59249
59250
59251
59252
59253
59254
59259
59260
59261
59262
59263
59264
59265
59266
59267
59272
59273
59274
59275
59276
59277
59278
59279
59280
59281
59282
59283
59284
59285
59286
59287
59288
59289
59290
59301
59312
59444
59471
59472
59480
59481
59482
59483
59484
59485
59486
59610
59611
59612
59613
59614
59615
59616
59618
59623
59624
59625
59627
59628
59629
59630
59631
59636
59637
59638
59639
59640
59641
59642
59643
59649
59650
59651
59652
59807
59950
59961
59994
60122
60123
60291
60313
60314
60315
60316
60317
60318
60319
60325
60326
60332
60333
60458
60459
60465
60466
60559
60560
60561
60563
60564
60577
60578
60585
60591
60599
60605
60606
60611
60612
60613
60654
60676
60682
60683
60689
60690
60696
60697
60703
60704
60705
60706
60707
60708
60709
60710
60801
60802
60808
60809
60850
60851
60858
60927
60928
60941
60942
60949
60950
60951
60952
60953
60954
60955
60956
60962
60963
60969
60970
60976
60977
60983
60984
61040
61046
61047
61048
61053
61054
61095
61096
61200
61201
61292
61347
61438
61445
61446
61644
61645
61646
61651
61652
61653
61654
61655
61656
61657
61658
61659
61664
61665
61666
61667
61668
61669
61670
61671
61672
61677
61678
61679
61680
61681
61682
61683
61684
61685
61809
61810
61823
61824
61996
62007
62008
62009
62010
62015
62016
62017
62018
62019
62020
62021
62022
62023
62145
62146
62152
62153
62159
62160
62166
62173
62174
62175
62176
62177
62178
62179
62187
62188
62314
62315
62348
62359
68905
68906
68907
68908
68909
68910
68911
68912
68913
68918
68919
68920
68921
68922
68923
68924
68925
68926
68931
68932
68933
68934
68935
68936
68937
68938
68939
68949
68950
69075
69076
69082
69087
69088
69089
69090
69267
69278
69300
69390
69391
69404
69405
69412
69418
69419
69425
69426
69427
69428
69429
69430
69431
69432
69433
69439
69440
69446
69447
69453
69454
69498
69509
69510
69511
69516
69517
69518
69519
69520
69521
69522
69523
69524
69529
69530
69531
69532
69533
69534
69535
69536
69537
69542
69543
69544
69545
69546
69547
69548
69549
69550
69555
69556
69557
69558
69559
69560
69561
69562
69563
69568
69569
69570
69571
69572
69573
69574
69575
69586
69597
69608
69619
69677
69678
69768
69769
69775
69776
69817
69872
69873
69874
69880
69881
69887
69888
69894
69895
69901
69908
69909
69919
69920
69921
69922
69923
69929
69930
69936
69937
69971
70013
70014
70070
70118
70119
70160
70161
70166
70167
70168
70174
70213
70224
70237
70238
70244
70245
70251
70252
70258
70259
70260
70261
70262
70263
70264
70265
70266
70272
70273
70279
70280
70286
70287
70293
70294
70300
70301
70455
70609
70797
70798
70804
70805
70937
70938
70946
70947
70948
70949
70950
70951
70952
70959
70965
70966
70972
70973
70979
70980
71141
71147
71148
71271
71272
71273
71274
71275
71276
71277
71278
71279
71284
71285
71286
71287
71288
71289
71290
71291
71292
71297
71298
71299
71300
71301
71302
71303
71304
71305
71310
71311
71312
71313
71314
71315
71316
71317
71318
71440
71441
71442
71448
71449
71455
71456
71462
71463
71469
71470
71476
71477
71483
71484
71485
71486
71487
71488
71489
71490
71491
71497
71498
71504
71505
71511
71512
71518
71519
71525
71526
71532
71533
71534
71535
71536
71537
71538
71539
71540
71541
71542
71543
71544
71545
71546
71547
71548
71549
71550
71551
71552
71553
71554
71555
71556
71557
71558
71559
71560
71561
71562
71563
71564
71565
71566
71567
71568
71569
71570
71571
71572
71573
71574
71575
71576
71577
71578
71579
71580
71581
71582
71583
71584
71585
71586
71587
71588
71589
71590
71591
71592
71593
71594
71595
71596
71597
71598
71599
71600
71601
71602
71603
71604
71605
71606
71607
71608
71609
71610
71611
71612
71613
71614
71615
71616
71617
71618
71619
71620
71621
71622
71623
71624
71625
71626
71627
71628
71629
71630
71631
71632
71633
71634
71635
71636
71637
71638
71639
71640
71641
71642
71643
71644
71645
71646
71647
71648
71649
71650
71651
71652
71653
71654
71655
71656
71657
71658
71659
71660
71661
71662
71663
71664
71665
71666
71667
71668
71669
71670
71671
71672
71673
71674
71675
71676
71677
71678
71679
71680
71681
71682
71683
71684
71685
71686
71687
71693
71694
71700
71701
71707
71708
71714
71715
71721
71722
71728
71729
71730
71731
71732
71733
71734
71735
71736
71742
71743
71749
71750
71756
71757
71763
71764
71770
71771
71777
71778
71779
71780
71781
71782
71783
71784
71785
71791
71792
71798
71799
71805
71806
71812
71813
71819
71820
71826
71827
71828
71829
71830
71831
71832
71833
71834
71840
71841
71847
71848
71854
71855
71861
71862
71868
71869
71885
71896
71907
71918
71929
71930
71931
71932
71933
71934
71935
71936
71937
71938
71939
71940
71941
71942
71943
71944
71945
71946
71947
71948
71949
71950
71951
71952
71953
71954
71955
71956
71957
71958
71959
71960
71961
71962
71963
71964
71965
71966
71967
71968
71969
71970
71971
71972
71973
71974
71975
71976
71977
71978
71979
71980
71981
71982
71983
71984
71985
71986
71987
71988
71989
71990
71991
71992
71993
71994
71995
72006
72017
72028
72071
72072
72078
72079
72120
72121
72127
72128
72169
72170
72176
72177
72218
72219
72220
72221
72222
72223
72224
72225
72226
72232
72233
72239
72240
72246
72247
72254
72260
72261
72267
72268
72269
72270
72272
72273
72274
72275
72281
72282
72288
72295
72296
72302
72303
72309
72310
72316
72317
72318
72319
72320
72321
72322
72323
72324
72330
72331
72337
72338
72344
72345
72351
72352
72358
72359
72365
72366
72367
72368
72369
72370
72371
72372
72373
72414
72415
72421
72422
72463
72464
72470
72471
72512
72513
72519
72520
72561
72562
72563
72564
72565
72566
72575
72576
72589
72590
72597
72603
72604
72610
72611
72612
72613
72614
72615
72616
72617
72618
72624
72625
72631
72632
72638
72639
72645
72646
72652
72653
72659
72660
72661
72662
72663
72664
72665
72666
72667
72680
72681
72688
72694
72695
72701
72702
72708
72709
72714
72715
72716
72757
72758
72806
72807
72813
72814
72862
72863
72904
72909
72911
72912
72925
72926
72939
72940
72953
72954
72955
72956
72961
72967
72968
72974
72975
72981
72988
72989
72995
72996
73002
73003
73004
73005
73006
73007
73008
73016
73017
73030
73031
73044
73045
73052
73053
73054
73055
73056
73057
73058
73059
73107
73108
73149
73150
73156
73157
73198
73199
73304
73381
73394
73395
73396
73397
73398
73443
73444
73541
73548
73549
73590
73601
73612
73624
73625
73626
73627
73628
73629
73631
73632
73637
73638
73640
73641
73642
73643
73644
73645
73646
73647
73649
73650
73651
73652
73653
73654
73655
73656
73658
73659
73660
73661
73662
73663
73664
73665
73667
73668
73669
73670
73671
73672
73673
73674
73676
73677
73678
73679
73680
73681
73682
73683
73684
73685
73686
73687
73688
73689
73700
73722
73733
73744
73745
73751
73752
73758
73759
73765
73766
73772
73773
73779
73780
73786
73787
73788
73789
73790
73791
73792
73793
73794
73800
73801
73807
73808
73821
73843
73870
73871
73877
73878
73884
73885
73886
73887
73888
73889
73890
73891
73892
73898
73899
73905
73906
73912
73913
73919
73920
73926
73927
73942
73953
73964
73975
73986
73987
73988
73989
73990
73991
73992
73993
73994
73995
73996
73997
73998
73999
74000
74001
74002
74003
74004
74005
74006
74007
74008
74009
74010
74011
74012
74013
74014
74015
74016
74017
74018
74019
74020
74021
74022
74023
74024
74025
74026
74027
74028
74029
74030
74031
74032
74033
74034
74035
74036
74037
74038
74039
74040
74041
74042
74043
74044
74045
74046
74047
74048
74049
74050
74051
74052
74063
74074
74085
74108
74109
74115
74116
74122
74123
74129
74130
74131
74132
74133
74134
74135
74136
74137
74143
74144
74150
74151
74157
74158
74164
74165
74171
74172
74184
74206
74228
74229
74230
74231
74232
74233
74234
74235
74241
74242
74248
74249
74255
74256
74262
74263
74269
74270
74276
74277
74278
74279
74280
74281
74282
74283
74284
74285
74286
74287
74288
74289
74290
74291
74292
74293
74294
74305
74316
74327
74338
74349
74350
74351
74352
74353
74354
74355
74356
74357
74358
74359
74360
74361
74362
74363
74364
74365
74366
74367
74368
74369
74370
74371
74372
74373
74374
74375
74376
74377
74378
74379
74380
74381
74382
74383
74384
74385
74386
74387
74388
74389
74390
74391
74392
74393
74394
74395
74396
74397
74398
74399
74400
74401
74402
74403
74404
74405
74406
74407
74408
74409
74410
74411
74412
74413
74414
74415
74426
74472
74473
74479
74480
74521
74522
74528
74529
74624
74717
74718
74719
74720
74721
74722
74723
74724
74731
74732
74745
74746
74759
74760
74768
74769
74770
74771
74772
74773
74774
74822
74864
74865
74872
74963
74964
74965
74966
74967
74968
74969
74970
74976
74977
74983
74984
74990
74991
74997
74998
75004
75005
75011
75012
75013
75014
75015
75016
75017
75018
75019
75075
75081
75082
75088
75095
75096
75109
75110
75111
75112
75113
75114
75214
75215
75256
75257
75306
75319
75320
75327
75333
75334
75340
75341
75347
75348
75354
75355
75356
75357
75358
75359
75360
75361
75362
75368
75369
75382
75383
75405
75438
75439
75445
75446
75452
75457
75458
75459
75460
75501
75502
75600
75606
75607
75669
75683
75684
75690
75691
75697
75698
75699
75700
75701
75702
75703
75704
75705
75711
75712
75718
75719
75725
75732
75733
75746
75801
75802
75803
75844
75845
75851
75852
76043
76044
76045
76046
76047
76048
76049
76050
76051
76052
76053
76054
76055
76056
76057
76058
76059
76060
76061
76062
76063
76064
76065
76066
76067
76068
76069
76070
76071
76072
76073
76074
76075
76076
76077
76078
76079
76080
76081
76082
76083
76084
76085
76086
76087
76088
76089
76090
76091
76092
76093
76094
76095
76096
76097
76098
76099
76100
76101
76102
76103
76104
76105
76106
76107
76108
76109
76120
76131
76142
76153
76166
76167
76173
76174
76180
76181
76187
76188
76189
76190
76191
76192
76193
76194
76195
76201
76202
76208
76209
76215
76216
76222
76223
76229
76230
76241
76285
76286
76287
76288
76289
76290
76291
76292
76293
76299
76300
76306
76307
76313
76314
76320
76321
76327
76328
76334
76335
76336
76337
76338
76339
76340
76341
76342
76343
76344
76345
76346
76347
76348
76349
76350
76351
76362
76373
76384
76395
76406
76407
76408
76409
76410
76411
76412
76413
76414
76415
76416
76417
76418
76419
76420
76421
76422
76423
76424
76425
76426
76427
76428
76429
76430
76431
76432
76433
76434
76435
76436
76437
76438
76439
76440
76441
76442
76443
76444
76445
76446
76447
76448
76449
76450
76451
76452
76453
76454
76455
76456
76457
76458
76459
76460
76461
76462
76463
76464
76465
76466
76467
76468
76469
76470
76471
76472
76483
76516
76530
76531
76532
76533
76534
76535
76536
76537
76538
76544
76545
76551
76552
76558
76559
76565
76566
76572
76573
76579
76580
76581
76582
76583
76584
76585
76586
76587
76593
76615
76649
76650
76656
76657
76663
76664
76670
76671
76677
76678
76679
76680
76681
76682
76683
76684
76685
76686
76687
76688
76689
76690
76691
76692
76693
76694
76695
76696
76697
76698
76699
76700
76701
76702
76703
76704
76705
76706
76707
76708
76709
76710
76711
76712
76713
76714
76725
76736
76747
76758
76769
76770
76771
76772
76773
76774
76775
76776
76777
76778
76779
76780
76781
76782
76783
76784
76785
76786
76787
76788
76789
76790
76791
76792
76793
76794
76795
76796
76797
76798
76799
76800
76801
76802
76803
76804
76805
76806
76807
76808
76809
76810
76811
76812
76813
76814
76815
76816
76817
76818
76819
76820
76821
76822
76823
76824
76825
76826
76827
76828
76829
76830
76831
76832
76929
76930
76978
77020
77021
77022
77023
77024
77025
77026
77027
77028
77034
77035
77041
77042
77048
77049
77055
77056
77062
77063
77069
77070
77071
77072
77073
77074
77075
77076
77077
77121
77139
77140
77147
77153
77154
77160
77161
77167
77168
77173
77174
77175
77377
77378
77384
77385
77391
77392
77398
77399
77412
77413
77414
77415
77420
77426
77427
77433
77434
77440
77462
77503
77504
77511
77512
77513
77514
77515
77516
77517
77518
77559
77560
77616
77657
77658
77748
77749
77758
77759
77760
77761
77762
77763
77776
77777
77784
77790
77791
77797
77798
77825
77902
77903
77909
78000
78007
78008
78056
78078
78100
78101
78102
78103
78104
78105
78106
78112
78113
78119
78120
