1263
875
2000
2250
3625
4750
6125
6375
6425
6475
6725
6775
6950
7000
7100
7125
7150
7175
7200
8175
8225
8475
8525
8575
8825
8875
9175
9350
9400
9500
9525
9550
9800
10575
10625
10925
11200
11275
11550
11625
11800
11850
11900
11950
11975
12000
12200
12250
13025
13600
14000
14250
14300
14400
16375
16625
16750
18375
18500
19500
21125
21895
21945
21950
22140
22190
22195
22245
22295
22490
22540
22580
22825
22875
22925
22930
22980
23170
23175
23190
23205
23210
23220
23225
23240
23245
23260
23270
23275
23280
23295
23310
23315
23320
23470
23515
23520
23525
23540
23555
23560
23565
23575
23590
23595
23610
23615
23625
23630
23645
23660
23665
23715
23765
23805
23855
23860
23870
23875
23890
23905
23910
23925
23940
23945
23955
23980
24205
24255
24295
24345
24540
24590
24640
24645
24695
24890
24940
24990
25030
25275
25375
25380
25570
25575
25585
25590
25620
25655
25660
25670
25675
25690
25695
25710
25720
25725
25765
25815
25865
25870
25915
25920
25935
25940
25955
25965
25970
25975
25990
26005
26010
26015
26025
26040
26045
26060
26065
26110
26165
26215
26290
26320
26325
26375
26390
26395
26405
26410
26705
26950
27285
27390
27440
27635
27685
27775
27970
27975
27985
28000
28005
28020
28025
28035
28040
28055
28070
28075
28090
28105
28110
28120
28125
28175
28215
28265
28315
28320
28335
28350
28355
28365
28370
28385
28390
28405
28415
28420
28425
28455
28510
28560
28565
28615
28660
28665
28670
28685
28700
28705
28710
28720
28735
28740
28755
28760
28770
28775
28790
28805
28810
29000
29050
29055
29105
29155
29350
29400
29490
29685
29735
29785
29790
29840
30030
30035
30085
30135
30175
30375
30380
30385
30400
30415
30420
30425
30435
30450
30455
30470
30475
30485
30490
30505
30520
30525
30575
30720
30800
30805
30815
30820
30835
30840
30855
30865
30870
30910
30960
31010
31015
31060
31065
31080
31085
31100
31110
31115
31120
31135
31150
31155
31160
31170
31185
31190
31205
31210
31400
31450
31500
31750
31800
31850
32800
32975
33075
33125
33150
33200
33225
33250
33475
33500
33525
33850
34200
34250
35175
35225
35250
35275
35300
35325
35425
35475
35525
35600
35650
35875
36000
36300
36350
36650
36700
37575
37580
37590
37595
37610
37625
37630
37645
37660
37665
37675
37680
37695
37700
37715
37725
37730
37770
37820
37870
37875
37960
37970
37975
37980
38010
38015
38045
38050
38065
38070
38115
38120
38170
38220
38260
38265
38275
38290
38295
38310
38315
38325
38330
38345
38360
38365
38380
38395
38400
38410
38415
38610
38660
38710
38955
38995
39045
39095
39100
39290
39340
39345
39690
39990
40005
40010
40040
40095
40320
40325
40390
40465
40470
40565
40570
40710
40715
40725
40740
40765
40795
40810
40815
41005
41055
41060
41110
41160
41355
41445
41495
41690
41740
41790
41795
41845
42035
42040
42090
42140
42180
42380
42385
42390
42405
42420
42425
42430
42440
42455
42460
42475
42480
42490
42495
42510
42525
42530
42580
42630
42670
42720
42725
42735
42740
42755
42770
42775
42790
42805
42810
42820
42825
42840
42845
42860
42870
42875
42915
42965
43015
43020
43065
43070
43085
43090
43105
43115
43120
43125
43140
43155
43160
43165
43175
43190
43195
43210
43215
43405
43455
43505
43510
43560
43750
43755
43805
43855
43895
44100
44140
44190
44240
44245
44435
44485
44490
44540
44590
44780
44785
44800
44805
44820
44830
44835
44840
44855
44870
44875
44880
44890
44905
44910
44925
44930
44975
44980
45030
45080
45120
45125
45135
45150
45155
45170
45175
45185
45190
45205
45220
45225
45240
45275
45325
45365
45465
45470
45485
45500
45505
45515
45520
45535
45540
45555
45565
45570
45575
45590
45605
45610
45615
45815
45855
45905
46150
46200
46205
46255
46305
46500
46550
46640
46835
47200
47250
47325
47375
47525
47550
47575
47600
47625
47675
47725
47775
47900
48550
48600
48650
48900
48950
49000
49600
49625
49650
49700
49725
49775
49825
49875
49925
49950
49975
50000
50025
50050
50075
50125
50175
50225
50275
50300
50350
50375
50400
51000
51050
51100
51350
51400
51450
52100
52225
52275
52325
52375
52400
52425
52450
52475
52625
52675
52750
52800
53165
53360
53450
53500
53695
53745
53795
53800
53850
54095
54145
54185
54385
54390
54395
54410
54425
54430
54435
54445
54460
54465
54480
54485
54495
54500
54515
54530
54535
54635
54675
54725
54760
54775
54780
54795
54810
54815
54825
54830
54845
54850
54865
54875
54880
54920
54970
55020
55025
55070
55075
55090
55095
55110
55120
55125
55130
55145
55160
55165
55170
55180
55195
55200
55215
55220
55410
55460
55510
55515
55565
55755
55760
55810
55860
55900
56105
56145
56195
56245
56250
56440
56490
56495
56545
56595
56785
56790
56805
56810
56825
56835
56840
56845
56860
56875
56880
56885
56895
56910
56915
56930
56935
56980
56985
57035
57085
57125
57130
57140
57155
57160
57175
57180
57190
57195
57210
57225
57230
57245
57260
57265
57275
57280
57330
57370
57420
57470
57475
57490
57505
57510
57520
57525
57540
57545
57560
57570
57575
57580
57595
57610
57615
57620
57820
57860
57910
57960
57965
58155
58205
58210
58260
58310
58505
58555
58645
58840
58890
58940
58945
58995
59185
59190
59205
59235
59260
59275
59285
59290
59430
59435
59530
59535
59610
59675
59680
59905
59960
59990
59995
60010
60310
60655
60660
60710
60900
60905
60955
61005
61045
61290
61340
61390
61585
61590
61600
61605
61620
61635
61640
61655
61670
61675
61685
61690
61705
61710
61725
61735
61740
61780
61830
61880
61885
61930
61935
61950
61955
61985
61990
62020
62025
62030
62040
62125
62130
62180
62230
62270
62275
62285
62300
62305
62320
62325
62335
62340
62355
62370
62375
62390
62405
62410
62420
62425
63300
63350
63650
63700
64000
64125
64350
64400
64475
64525
64575
64675
64700
64725
64750
64775
64825
65750
65800
66150
66475
66500
66525
66750
66775
66800
66850
66875
66925
67025
67200
68150
68200
68250
68500
68550
68600
68790
68795
68810
68815
68830
68840
68845
68850
68865
68880
68885
68890
68900
68915
68920
68935
68940
68985
68990
69040
69090
69130
69135
69145
69160
69165
69180
69185
69195
69200
69280
69425
69475
69480
69495
69510
69515
69525
69530
69545
69550
69565
69575
69580
69585
69600
69615
69620
69625
69825
69865
69915
69965
69970
70160
70210
70215
70265
70315
70510
70600
70650
70845
70895
70945
70950
71000
71190
71195
71210
71225
71230
71240
71245
71260
71265
71280
71290
71295
71300
71315
71330
71335
71340
71385
71435
71440
71490
71545
71575
71580
71585
71595
71610
71615
71630
71635
71645
71650
71665
71680
71685
71735
71785
71825
71875
71880
71890
71895
71910
71925
71930
71945
71960
71965
71975
71980
71995
72000
72015
72025
72030
72225
72315
72365
72560
72610
72715
73050
73295
73590
73595
73605
73610
73625
73675
73680
73710
73785
73835
73890
73935
73940
73955
73960
73975
73985
73990
73995
74010
74025
74030
74035
74045
74060
74065
74080
74085
74130
74135
74185
74235
74275
74280
74290
74305
74310
74325
74330
74340
74345
74380
74410
74415
74425
74430
74620
74625
74725
74970
75010
75060
75110
75305
75355
75360
75410
75460
75655
75705
75745
75795
76020
76045
76055
76060
76075
76090
76095
76110
76125
76130
76140
76145
76195
76235
76285
76335
76340
76355
76370
76375
76385
76390
76405
76410
76425
76435
76440
76445
76460
76475
76480
76485
76530
76680
76685
76690
76705
76720
76725
76730
76740
76755
76760
76775
76780
76790
76795
76810
76825
76830
77020
77070
77075
77125
77175
77420
77460
77510
77705
77755
77805
77810
77860
78050
78055
78105
78875
80500
81500
81625
83250
83375
83625
85600
85700
85750
86000
86400
86975
87750
87800
88000
88025
88050
88100
88150
88200
88375
88450
88725
88800
89075
89375
89425
90200
90450
90475
90500
90600
90650
90825
91125
91175
91425
91475
91525
91775
91825
92800
92825
92850
92875
92900
93000
93050
93225
93275
93525
93575
93625
93875
95250
96375
97750
98000
99125
