2655
620
4367
4368
4372
4373
4374
4995
4997
4998
6367
6368
6369
6370
6374
6375
6493
6494
6495
6500
6747
6749
6750
6992
6993
7118
7119
7124
7125
7494
7495
7496
7497
7742
8867
8868
8869
8873
8874
8875
9118
9119
9120
9125
9245
9248
9249
10617
10618
10619
10623
10624
10625
10868
10869
10870
10875
11246
11247
11248
11249
11367
11498
11499
11500
11618
11619
11624
11625
11744
11745
11869
11870
11871
11872
11999
12000
12242
12243
12248
12249
12625
12870
12872
12873
13992
13997
13998
13999
14000
14242
14243
14244
14245
14247
14249
14250
14375
14742
14747
14748
14749
14992
14993
14994
15617
15621
15622
15623
15624
16244
16245
16247
17492
17493
18120
18122
18123
18750
21942
21944
21945
21950
22194
22243
22244
22245
22246
22292
22293
22295
22475
22523
22524
22572
22574
22575
22817
22818
22819
22820
22824
22868
22869
22917
22918
22922
22923
22967
22972
22973
22974
23217
23218
23219
23220
23222
23223
23224
23225
23244
23245
23246
23247
23267
23268
23269
23270
23272
23273
23274
23293
23294
23295
23300
23317
23318
23319
23320
23322
23323
23324
23370
23372
23373
23468
23469
23470
23517
23519
23520
23524
23525
23545
23547
23548
23567
23568
23569
23573
23574
23594
23595
23597
23617
23618
23622
23623
23624
23625
23643
23644
23645
23650
23667
23699
23700
23748
23749
23750
23797
23798
23799
23800
23847
23849
23850
23867
23868
23870
23874
23875
23895
23897
23898
23900
23917
23918
23919
23924
23925
23944
23945
23947
23948
23949
23950
23967
23968
23972
23973
23974
23975
23993
23994
23995
23996
23997
23998
23999
24000
24192
24197
24198
24199
24245
24246
24248
24294
24295
24297
24343
24344
24345
24350
24542
24595
24597
24644
24645
24647
24693
24694
24695
24924
24925
24973
24974
24975
25022
25023
25024
25025
25218
25220
25267
25268
25269
25270
25317
25319
25323
25324
25325
25367
25368
25373
25374
25568
25569
25592
25645
25647
25648
25667
25668
25669
25670
25672
25673
25674
25675
25694
25695
25697
25717
25718
25719
25720
25722
25723
25724
25725
25767
25772
25773
25774
25820
25823
25869
25871
25872
25917
25918
25919
25920
25925
25942
25947
25949
25967
25968
25969
25970
25974
25975
25995
25996
25997
25998
26017
26018
26019
26023
26024
26025
26044
26045
26047
26067
26068
26100
26117
26149
26150
26198
26199
26367
26368
26369
26373
26374
26375
26394
26395
26397
26399
26400
26642
26647
26648
26649
26697
26698
26942
26943
26948
26949
27094
27095
27097
27293
27342
27374
27375
27423
27425
27619
27620
27621
27668
27669
27670
27675
27967
27968
27969
27970
27972
27974
27975
27992
27993
27997
27998
27999
28017
28018
28019
28020
28022
28023
28024
28025
28042
28047
28048
28049
28067
28068
28069
28070
28072
28073
28074
28075
28095
28097
28098
28118
28119
28120
28121
28122
28123
28124
28125
28167
28168
28172
28173
28174
28175
28217
28223
28224
28272
28317
28318
28319
28320
28322
28342
28343
28347
28348
28349
28350
28367
28368
28369
28370
28371
28375
28392
28397
28398
28399
28417
28418
28419
28420
28424
28425
28469
28550
28599
28649
28650
28669
28670
28672
28692
28697
28698
28700
28718
28719
28725
28742
28746
28748
28749
28750
28767
28769
28770
28775
28795
28797
28798
28799
28800
28992
28993
28994
28998
29042
29043
29047
29048
29049
29050
29092
29097
29099
29145
29147
29148
29342
29343
29344
29348
29349
29392
29393
29397
29398
29399
29400
29442
29447
29448
29495
29496
29498
29693
29694
29742
29775
29792
29824
29825
30020
30022
30023
30069
30070
30072
30118
30119
30120
30121
30125
30167
30168
30170
30174
30175
30367
30368
30369
30370
30371
30372
30373
30374
30375
30392
30393
30398
30399
30400
30417
30418
30419
30420
30422
30423
30424
30425
30442
30443
30447
30448
30449
30450
30467
30468
30469
30470
30472
30473
30474
30492
30496
30497
30498
30499
30517
30518
30519
30520
30522
30523
30524
30525
30567
30568
30569
30573
30575
30617
30618
30672
30742
30743
30744
30748
30749
30750
30767
30768
30769
30770
30772
30792
30793
30797
30798
30800
30818
30819
30820
30825
30842
30847
30848
30849
30917
30918
30968
31000
31017
31049
31050
31070
31072
31073
31092
31093
31094
31098
31099
31100
31119
31121
31122
31142
31143
31147
31148
31149
31169
31170
31175
31197
31199
31200
31493
31497
31498
31499
31500
31742
31743
31744
31745
31749
31750
32242
33117
33119
33120
33122
33123
33125
33248
33249
33250
33368
33369
33492
33493
33494
33495
33497
33498
33500
34242
34244
34248
34249
34250
34493
34494
34495
34872
34873
34874
35249
35250
35368
35369
35370
35375
35617
35618
35619
35620
35621
35622
35867
35868
35872
35873
35874
35875
36245
36246
36250
36992
36993
36994
36995
37370
37373
37568
37569
37570
37572
37573
37574
37575
37595
37597
37617
37619
37620
37622
37623
37624
37625
37643
37644
37645
37650
37692
37717
37718
37719
37722
37724
37725
37769
37770
37772
37818
37819
37820
37825
37867
37868
37869
37870
37874
37875
37947
37973
37974
38042
38043
38045
38049
38050
38067
38068
38069
38070
38072
38073
38119
38120
38121
38122
38168
38169
38217
38218
38219
38220
38273
38274
38275
38294
38295
38297
38318
38322
38324
38325
38343
38345
38367
38371
38372
38373
38374
38392
38393
38394
38595
38597
38598
38945
38947
38948
38994
38996
38997
39044
39045
39050
39092
39093
39094
39095
39099
39100
39297
39298
39344
39345
39347
39972
39974
39975
39998
40067
40068
40094
40095
40220
40322
40323
40325
40467
40469
40470
40472
40473
40569
40572
40793
40794
40817
40996
40997
40998
40999
41045
41047
41048
41094
41097
41143
41144
41145
41150
41342
41348
41349
41395
41397
41398
41444
41445
41447
41493
41494
41495
41496
41500
41692
41697
41698
41699
41745
41746
41747
41748
41794
41795
41843
41844
41845
42025
42042
42074
42075
42123
42125
42172
42173
42174
42175
42374
42375
42417
42418
42419
42420
42422
42423
42424
42425
42447
42448
42467
42468
42469
42470
42473
42474
42475
42494
42495
42496
42497
42517
42518
42519
42520
42522
42523
42524
42525
42567
42572
42573
42574
42620
42621
42622
42623
42669
42670
42672
42717
42718
42719
42720
42722
42723
42725
42742
42746
42747
42748
42749
42767
42768
42770
42773
42774
42795
42797
42798
42817
42818
42819
42820
42822
42824
42825
42844
42845
42847
42867
42869
42870
42871
42872
42873
42874
42875
42917
42922
42923
42924
42970
42972
42973
43022
43067
43068
43070
43092
43118
43119
43145
43147
43148
43167
43168
43169
43173
43174
43175
43194
43195
43197
43217
43218
43397
43398
43399
43400
43447
43448
43449
43495
43496
43497
43544
43545
43547
43792
43797
43799
43845
43847
43848
43894
43895
43897
44093
44097
44099
44100
44142
44147
44148
44149
44195
44197
44198
44244
44246
44247
44442
44443
44492
44525
44573
44574
44769
44770
44772
44773
44774
44775
44792
44793
44798
44799
44818
44819
44820
44822
44823
44825
44842
44847
44848
44849
44867
44868
44869
44870
44871
44872
44873
44874
44895
44897
44898
44917
44918
44919
44920
44922
44923
44924
44925
44967
44968
44972
44973
44975
45017
45022
45023
45024
45072
45117
45119
45120
45121
45122
45123
45124
45125
45142
45143
45147
45148
45149
45150
45167
45168
45169
45170
45172
45173
45174
45175
45192
45197
45198
45218
45219
45222
45224
45225
45245
45246
45247
45248
45267
45268
45269
45270
45272
45273
45274
45275
45317
45318
45322
45323
45324
45325
45367
45371
45372
45373
45374
45420
45422
45423
45467
45468
45470
45472
45492
45493
45497
45498
45499
45500
45517
45518
45519
45520
45525
45542
45547
45548
45549
45567
45568
45569
45570
45574
45575
45595
45597
45598
45617
45618
45619
45798
45799
45800
45847
45848
45849
45850
45897
45898
45899
46142
46143
46148
46149
46150
46193
46197
46242
46246
46247
46248
46249
46295
46297
46298
46492
46493
46494
46542
46543
46547
46548
46550
46592
46597
46598
46599
46645
46647
46648
46842
46843
46844
47243
47247
47249
47250
47367
47369
47373
47374
47375
47617
47618
47619
47620
47622
47623
47624
47625
47867
47868
47869
47870
47873
47992
47997
47998
47999
48248
48249
48250
48992
48993
48997
48998
48999
49000
49242
49243
49244
49245
49375
49617
49619
49620
49622
49623
49624
49625
49742
49747
49748
49749
49867
49868
49869
49870
49872
49873
49874
49875
49992
49993
49994
49995
49996
49997
49998
49999
50000
50117
50118
50119
50120
50122
50123
50124
50125
50243
50244
50245
50250
50367
50368
50369
50370
50372
50373
50375
50617
50747
50748
50749
50750
50992
50993
50994
50995
50999
51000
51742
51743
51744
51993
51994
51995
52000
52119
52122
52123
52124
52125
52367
52368
52369
52370
52372
52373
52374
52375
52617
52618
52619
52623
52625
52742
52743
52745
52749
53148
53149
53150
53344
53345
53347
53393
53394
53395
53400
53442
53444
53445
53449
53450
53498
53499
53500
53694
53695
53697
53743
53744
53745
53746
53750
53795
53799
53842
53843
53844
53849
53850
54093
54094
54095
54142
54143
54144
54145
54192
54193
54194
54373
54374
54375
54394
54395
54397
54417
54418
54422
54423
54424
54425
54443
54444
54445
54450
54467
54472
54473
54474
54475
54492
54493
54494
54495
54499
54500
54520
54522
54524
54525
54569
54570
54572
54618
54619
54620
54621
54625
54667
54668
54669
54670
54674
54675
54717
54718
54719
54720
54722
54723
54724
54725
54744
54745
54746
54747
54767
54768
54770
54773
54774
54794
54795
54800
54817
54818
54819
54820
54822
54823
54824
54825
54842
54843
54844
54845
54849
54850
54867
54868
54869
54870
54871
54872
54873
54875
54920
54968
54969
54970
54975
55017
55019
55020
55024
55025
55067
55068
55069
55070
55072
55073
55074
55075
55094
55095
55097
55118
55119
55120
55121
55122
55123
55124
55125
55143
55144
55145
55150
55167
55169
55170
55172
55173
55174
55193
55194
55199
55200
55217
55218
55219
55220
55222
55223
55418
55419
55467
55500
55549
55550
55745
55746
55748
55794
55795
55797
55843
55844
55845
55850
55892
55893
55895
55899
56095
56097
56098
56144
56145
56147
56193
56195
56200
56445
56447
56448
56495
56496
56497
56543
56544
56545
56592
56593
56594
56595
56774
56775
56795
56797
56798
56817
56818
56819
56823
56824
56825
56844
56845
56847
56873
56874
56900
56922
56924
56925
56970
57019
57020
57022
57068
57069
57070
57075
57117
57118
57119
57120
57121
57122
57123
57125
57145
57147
57148
57167
57168
57170
57172
57173
57174
57175
57194
57195
57197
57218
57219
57222
57224
57225
57243
57244
57245
57246
57250
57267
57269
57270
57272
57273
57274
57275
57320
57322
57323
57369
57370
57371
57372
57418
57419
57420
57425
57467
57468
57469
57470
57472
57473
57474
57475
57495
57496
57497
57498
57517
57518
57519
57522
57523
57524
57525
57544
57545
57567
57568
57569
57570
57572
57573
57574
57575
57617
57618
57817
57818
57819
57820
57867
57869
57917
57918
57950
57967
58147
58148
58149
58197
58198
58244
58245
58246
58247
58293
58294
58295
58300
58492
58496
58497
58498
58499
58545
58547
58548
58594
58595
58597
58643
58644
58650
58842
58847
58848
58849
58895
58898
58944
58945
58947
58993
58994
58995
58996
59175
59198
59199
59420
59423
59519
59520
59522
59523
59525
59667
59669
59670
59772
59897
59898
59924
59925
59994
60017
60018
60020
60645
60647
60648
60694
60695
60892
60893
60897
60898
60899
60900
60942
60947
60948
60995
60996
60998
61044
61045
61047
61394
61395
61397
61598
61599
61600
61618
61619
61620
61621
61625
61647
61649
61667
61668
61670
61674
61695
61697
61698
61717
61718
61719
61772
61773
61774
61775
61823
61824
61870
61871
61872
61873
61919
61920
61922
61923
61924
61925
61942
61943
61947
61949
61950
62018
62019
62045
62117
62118
62122
62123
62124
62125
62167
62172
62173
62174
62220
62222
62223
62267
62268
62270
62273
62274
62275
62300
62342
62347
62348
62349
62367
62368
62369
62370
62372
62373
62375
62395
62397
62417
62418
62419
62420
62422
62423
62424
62619
62622
62997
62998
62999
63000
63742
63746
63747
64117
64118
64119
64120
64124
64125
64370
64371
64372
64373
64374
64375
64617
64622
64623
64624
64742
64743
65118
65119
65120
65497
65498
65499
65742
65743
65744
65748
65750
66492
66494
66495
66497
66498
66499
66500
66623
66624
66742
66743
66744
66867
66869
66870
66872
66873
66875
67750
68242
68243
68247
68248
68249
68250
68492
68493
68494
68495
68499
68792
68793
68795
68817
68822
68823
68843
68844
68845
68849
68850
68870
68871
68873
68892
68893
68894
68898
68899
68900
68919
68920
68922
68942
68943
68975
68992
69024
69074
69075
69143
69144
69145
69150
69167
69172
69173
69174
69192
69194
69195
69199
69200
69220
69222
69223
69224
69225
69242
69243
69244
69248
69249
69250
69320
69374
69375
69417
69419
69423
69424
69425
69467
69468
69469
69470
69472
69473
69474
69475
69493
69494
69495
69496
69500
69518
69519
69520
69522
69523
69524
69525
69542
69543
69544
69545
69549
69550
69567
69568
69569
69570
69572
69573
69574
69575
69592
69593
69594
69599
69600
69617
69618
69619
69620
69621
69622
69623
69624
69625
69817
69818
69822
69824
69825
69867
69871
69872
69873
69874
69920
69922
69923
69969
69970
69972
70167
70168
70200
70217
70250
70298
70299
70494
70496
70497
70544
70545
70550
70592
70593
70594
70595
70599
70600
70643
70644
70648
70649
70650
70844
70845
70847
70893
70895
70900
70942
70943
70944
70945
70949
70950
70994
70998
70999
71000
71192
71193
71194
71195
71197
71217
71222
71223
71225
71242
71243
71244
71246
71250
71267
71273
71274
71292
71294
71295
71300
71320
71322
71323
71342
71343
71393
71442
71523
71567
71568
71572
71573
71574
71575
71593
71594
71595
71600
71617
71621
71622
71623
71624
71625
71642
71643
71644
71645
71649
71650
71670
71672
71673
71674
71675
71720
71768
71769
71775
71817
71818
71819
71820
71824
71825
71867
71868
71869
71870
71871
71872
71873
71874
71894
71895
71897
71917
71918
71919
71920
71922
71923
71924
71925
71943
71944
71945
71950
71967
71968
71969
71970
71972
71973
71974
71975
71993
71994
71995
71999
72000
72017
72018
72020
72022
72023
72024
72025
72317
72322
72323
72324
72371
72372
72373
72567
72569
72617
72618
72650
72699
72895
72897
72898
73043
73044
73049
73050
73294
73295
73343
73344
73345
73350
73592
73593
73595
73597
73598
73617
73618
73619
73623
73624
73625
73793
73794
73842
73843
73875
73892
73924
73925
73945
73947
73948
73967
73968
73969
73973
73974
73975
73994
73995
73996
73997
74017
74018
74022
74023
74024
74025
74043
74045
74050
74067
74072
74073
74074
74075
74120
74121
74123
74169
74172
74218
74219
74220
74225
74267
74268
74269
74270
74272
74273
74274
74275
74295
74297
74298
74317
74318
74319
74320
74322
74323
74324
74325
74344
74345
74347
74400
74423
74424
74618
74619
74624
74625
74667
74668
74669
74673
74675
74722
74723
74724
74725
74772
74774
74967
74968
74969
74970
75017
75018
75019
75067
75068
75297
75298
75299
75345
75347
75348
75395
75397
75450
75642
75647
75648
75649
75695
75697
75698
75744
75746
75747
75793
75794
75795
75800
75992
75993
75994
75995
75996
75997
75998
75999
76017
76018
76019
76020
76024
76025
76042
76043
76044
76045
76047
76048
76067
76068
76073
76074
76075
76092
76094
76095
76097
76117
76118
76122
76124
76125
76142
76143
76145
76192
76193
76194
76195
76242
76243
76244
76292
76293
76325
76342
76347
76348
76349
76367
76368
76369
76370
76374
76375
76395
76397
76398
76418
76419
76423
76424
76425
76444
76445
76447
76467
76468
76472
76473
76475
76522
76523
76524
76619
76620
76622
76668
76669
76670
76672
76673
76674
76675
76692
76697
76698
76699
76718
76719
76720
76722
76723
76724
76725
76745
76746
76747
76748
76767
76768
76769
76770
76772
76773
76774
76775
77018
77019
77020
77025
77069
77070
77074
77075
77123
77124
77168
77172
77173
77174
77175
77417
77418
77420
77468
77469
77517
77697
77699
77700
77746
77747
77748
77749
77798
78042
78047
78048
78050
81242
81869
81870
81872
82499
82500
83745
83747
83748
84368
84369
84370
84371
84375
84998
84999
85000
85243
85244
85245
85250
85617
85742
85743
85745
85747
85748
85749
85750
85992
85993
85994
85995
86000
87119
87120
87122
87367
87743
87744
87749
87750
87992
87993
88120
88121
88122
88123
88247
88248
88367
88368
88373
88374
88492
88493
88494
88625
88743
88744
88745
88746
89117
89122
89123
89124
89367
89368
89369
89373
89374
89375
90743
90744
90747
90867
90872
90873
90874
91117
91118
91119
91123
91124
91125
92250
92495
92496
92497
92498
92867
92868
92873
92874
92999
93000
93242
93243
93245
93492
93497
93498
93499
93617
93618
93622
93623
93624
93625
94994
94995
94997
95618
95619
95620
95624
95625
99372
