7570
1623
1749
1800
1824
1848
1875
1998
2124
2250
2448
2475
3015
3024
3033
3060
3069
3105
3114
3249
3375
3648
3675
3699
3723
3750
3873
3999
4248
4275
4299
4323
4350
4500
4923
5373
5499
5598
5625
6000
6123
6129
6132
6138
6141
6144
6186
6192
6195
6201
6207
6213
6216
6222
6234
6237
6240
6243
6246
6249
6273
6300
6324
6348
6375
6399
6423
6450
6474
6498
6549
6723
6750
6804
6858
7074
7398
7425
7479
7749
8019
8025
8028
8034
8040
8043
8049
8055
8058
8064
8070
8073
8079
8085
8100
8103
8109
8115
8118
8124
8148
8175
8250
8274
8298
8373
8400
8424
8448
8499
8523
8550
8574
8640
8643
8649
8655
8658
8664
8670
8673
8679
8685
8688
8694
8700
8703
8739
8745
8748
8775
8874
9000
9099
9198
9252
9261
9279
9288
9297
9306
9315
9324
9333
9423
9450
9549
9675
9774
9873
9909
9918
9945
10098
10125
10224
10275
10323
10350
10374
10425
10449
10473
10500
10503
10509
10515
10518
10524
10530
10533
10539
10548
10554
10560
10563
10569
10575
10578
10584
10590
10599
10605
10608
10614
10620
10623
10674
10698
10725
10749
10800
10824
10848
10875
10899
10923
11025
11124
11133
11160
11169
11178
11205
11214
11223
11250
11349
11448
11475
11574
11673
11700
11754
11763
11835
11844
11853
11898
11925
12123
12150
12249
12348
12375
12396
12408
12411
12414
12417
12420
12423
12426
12429
12432
12435
12438
12441
12444
12450
12453
12459
12462
12465
12468
12471
12474
12477
12480
12483
12486
12489
12492
12495
12525
12600
12624
12648
12675
12723
12774
12849
12873
12900
12924
12948
12975
12999
13005
13008
13014
13020
13023
13029
13053
13059
13068
13074
13080
13083
13095
13098
13104
13110
13113
13119
13149
13473
13500
13635
13689
13743
13824
14148
14175
14283
14310
14499
14598
14625
14649
14673
14700
14724
14748
14775
14823
14883
14889
14895
14910
14913
14919
14925
14928
14934
14940
14943
14949
14958
14964
14970
14973
14979
14985
14988
14994
15000
15024
15048
15075
15174
15225
15273
15300
15399
15498
15507
15516
15525
15552
15561
15570
15579
15588
15597
15606
15615
15624
15750
16173
16200
16623
16749
16875
16998
17124
17373
17400
17448
18000
18099
18630
18639
18675
18684
18693
18720
18729
18738
18999
19125
19248
19275
19299
19323
19350
19374
19500
19623
20250
20574
21150
21174
21198
21225
21249
21375
21498
21750
21753
21756
21795
21798
21801
21804
21810
21816
21819
21822
21825
21828
21831
21834
21837
21840
21843
21846
21849
21852
21858
21861
21867
21870
21879
21888
21915
21924
21933
21978
22014
22050
22068
22095
22104
22113
22140
22185
22194
22203
22230
22239
22275
22284
22293
22320
22329
22365
22374
22383
22392
22410
22419
22428
22437
22446
22455
22464
22473
22482
22491
22509
22518
22563
22608
22635
22680
22698
22725
22734
22743
22770
22779
22815
22824
22833
22860
22869
22878
22905
22914
22923
22950
22959
22968
22995
23013
23022
23076
23085
23094
23103
23112
23121
23130
23139
23148
23175
23184
23193
23220
23229
23238
23265
23274
23283
23310
23319
23328
23340
23343
23349
23355
23358
23364
23370
23373
23379
23385
23388
23394
23400
23403
23409
23415
23418
23424
23430
23433
23439
23445
23448
23454
23460
23463
23469
23475
23478
23484
23490
23493
23499
23505
23508
23514
23520
23523
23529
23535
23538
23544
23550
23589
23595
23598
23604
23610
23613
23619
23625
23628
23631
23634
23637
23640
23643
23646
23649
23652
23655
23658
23661
23664
23667
23673
23679
23682
23685
23688
23691
23694
23697
23700
23703
23706
23709
23712
23715
23721
23727
23730
23733
23736
23739
23742
23745
23748
23754
23760
23763
23769
23775
23778
23784
23790
23793
23799
23805
23808
23814
23820
23823
23829
23835
23838
23844
23850
23853
23859
23865
23868
23874
23880
23883
23889
23895
23898
23904
23910
23913
23919
23925
23928
23934
23940
23943
23949
23955
23958
23964
23973
23979
23985
23988
24000
24009
24024
24030
24045
24120
24129
24138
24174
24183
24210
24219
24228
24255
24273
24282
24291
24300
24309
24318
24327
24336
24345
24372
24399
24435
24444
24480
24489
24498
24525
24534
24543
24570
24615
24624
24633
24660
24669
24678
24759
24768
24813
24876
24885
24903
24912
24921
24930
24939
24948
24957
25020
25029
25038
25065
25074
25128
25155
25164
25173
25200
25209
25218
25254
25263
25299
25308
25344
25380
25443
25470
25479
25488
25506
25515
25518
25521
25524
25527
25530
25533
25536
25539
25542
25545
25548
25551
25554
25557
25560
25563
25566
25569
25572
25575
25578
25581
25584
25587
25590
25593
25596
25599
25635
25638
25644
25650
25653
25659
25665
25668
25674
25680
25683
25689
25695
25698
25704
25710
25713
25719
25725
25764
25770
25773
25779
25785
25788
25794
25800
25803
25809
25815
25818
25824
25830
25833
25839
25845
25848
25854
25890
25893
25899
25905
25908
25914
25920
25923
25929
25935
25938
25944
25950
25953
25959
25965
25968
25974
25980
25983
26019
26025
26028
26034
26040
26043
26049
26055
26058
26064
26073
26079
26085
26088
26094
26100
26103
26109
26145
26148
26151
26154
26157
26160
26163
26166
26169
26172
26175
26178
26181
26184
26187
26190
26193
26196
26199
26202
26205
26208
26211
26214
26217
26220
26223
26226
26229
26232
26235
26238
26241
26244
26298
26325
26379
26460
26514
26595
26703
26730
26838
26865
26919
26973
27054
27108
27189
27243
27270
27324
27378
27405
27432
27459
27486
27513
27594
27648
27705
27708
27714
27720
27723
27729
27738
27750
27753
27759
27765
27768
27774
27780
27783
27795
27804
27810
27825
27843
27849
27855
27858
27864
27870
27873
27879
27885
27888
27894
27900
27903
27909
27915
27918
27924
27930
27933
27939
27945
27948
27954
27960
27963
27969
27975
27978
27984
27990
27993
27999
28002
28005
28008
28011
28014
28017
28020
28023
28026
28029
28032
28035
28038
28041
28044
28047
28050
28053
28056
28059
28062
28065
28068
28071
28074
28077
28080
28083
28086
28089
28092
28095
28098
28101
28104
28107
28110
28113
28116
28119
28122
28125
28140
28143
28149
28155
28158
28194
28200
28203
28209
28215
28218
28224
28230
28233
28239
28245
28248
28254
28260
28263
28269
28275
28278
28284
28290
28293
28299
28305
28308
28314
28320
28323
28329
28335
28338
28344
28350
28353
28359
28365
28368
28374
28380
28383
28389
28395
28398
28404
28410
28413
28419
28425
28428
28440
28449
28458
28485
28494
28503
28530
28539
28548
28575
28584
28593
28620
28629
28638
28647
28656
28665
28710
28719
28728
28737
28746
28755
28764
28773
28800
28809
28845
28854
28890
28899
28908
28980
28989
28998
29025
29034
29043
29070
29079
29088
29124
29133
29169
29223
29250
29259
29268
29277
29286
29313
29322
29331
29340
29349
29358
29367
29385
29394
29430
29439
29448
29475
29484
29493
29538
29565
29574
29583
29610
29619
29628
29664
29673
29754
29763
29790
29799
29808
29835
29853
29880
29889
29901
29904
29907
29910
29913
29916
29919
29922
29925
29928
29931
29934
29937
29943
29946
29952
29985
29988
29994
30000
30003
30009
30015
30018
30024
30030
30033
30048
30054
30060
30063
30069
30075
30078
30084
30090
30093
30099
30105
30108
30114
30120
30123
30129
30135
30150
30153
30159
30165
30168
30174
30180
30183
30195
30198
30204
30249
30255
30258
30264
30270
30273
30279
30285
30288
30294
30300
30303
30309
30315
30318
30324
30330
30333
30339
30345
30348
30354
30360
30363
30369
30375
30378
30384
30390
30393
30399
30405
30408
30414
30420
30423
30429
30435
30438
30444
30450
30453
30459
30465
30468
30474
30480
30483
30489
30495
30498
30501
30504
30507
30510
30513
30516
30519
30522
30525
30531
30534
30540
30543
30546
30549
30552
30555
30558
30561
30564
30567
30570
30573
30576
30582
30588
30591
30594
30597
30600
30603
30606
30609
30612
30618
30645
30654
30663
30690
30699
30708
30753
30780
30789
30798
30825
30834
30843
30870
30888
30915
30924
30933
30960
30969
30978
31005
31014
31023
31050
31059
31068
31095
31104
31113
31131
31140
31149
31158
31167
31176
31185
31194
31203
31212
31275
31374
31473
31500
31698
31725
31779
31788
31815
31824
31833
31869
32100
32124
32148
32175
32199
32223
32325
32373
32379
32385
32388
32394
32400
32403
32409
32415
32418
32424
32430
32433
32445
32454
32460
32463
32469
32475
32478
32484
32493
32499
32523
32550
32574
32598
32625
32649
32673
32700
32724
32748
33399
33723
34341
34347
34362
34365
34368
34371
34374
34398
34425
34473
34500
34524
34575
34599
34623
34725
34773
34824
34875
34878
34884
34893
34899
34905
34908
34914
34920
34923
34929
34935
34944
34950
34953
34959
34965
34968
34974
34980
34983
35073
35100
35199
35298
35325
35424
35505
35514
35523
35550
35559
35568
35595
35604
35613
35649
35748
35775
35874
36000
36099
36135
36144
36153
36180
36189
36198
36225
36234
36243
36324
36423
36450
36474
36498
36525
36549
36573
36600
36624
36648
36675
36699
36750
36765
36768
36774
36780
36783
36789
36795
36798
36804
36810
36813
36819
36825
36828
36834
36840
36843
36855
36864
36924
36975
36999
37023
37125
37149
37173
37224
37323
37350
37413
37422
37449
37458
37467
37476
37485
37494
37503
37530
37539
37548
37575
37584
37593
37620
37629
37638
37665
37674
37683
37710
37719
37728
37755
37764
37773
37800
37809
37818
37845
37854
37863
37935
37944
37953
37980
37989
37998
38007
38016
38025
38034
38043
38052
38061
38070
38079
38088
38097
38106
38115
38133
38160
38169
38178
38205
38214
38223
38250
38259
38268
38295
38304
38313
38340
38349
38358
38385
38394
38448
38484
38493
38520
38529
38538
38574
38583
38610
38619
38628
38637
38640
38643
38649
38652
38655
38658
38661
38667
38673
38676
38679
38682
38685
38688
38691
38694
38697
38700
38703
38706
38709
38715
38721
38724
38727
38730
38733
38736
38739
38742
38745
38748
38754
38778
38784
38793
38799
38805
38808
38820
38823
38829
38835
38838
38844
38850
38853
38868
38874
38880
38883
38889
38895
38898
38904
38910
38913
38919
38925
38928
38934
38940
38943
38949
38955
38970
38973
38979
38985
38988
38994
39000
39003
39009
39015
39018
39024
39030
39033
39039
39045
39048
39060
39069
39075
39078
39084
39090
39093
39099
39114
39120
39123
39129
39135
39144
39150
39165
39168
39174
39180
39183
39189
39195
39198
39204
39213
39219
39225
39228
39234
39240
39243
39249
39255
39261
39264
39267
39270
39273
39276
39279
39282
39285
39288
39291
39294
39297
39303
39309
39312
39315
39318
39321
39324
39327
39330
39333
39336
39339
39342
39345
39351
39354
39360
39363
39366
39528
39609
39690
40014
40095
40338
40419
40500
40581
40743
40828
40829
40830
40835
40838
40843
40844
40845
40849
40850
40858
40859
40863
40864
40865
40878
40879
40880
40883
40884
40885
40888
40889
40890
40893
40894
40895
40898
40899
40900
40903
40904
40905
40908
40909
40910
40913
40914
40915
40919
40920
40928
40929
40930
40933
40934
40935
40938
40939
40940
40943
40944
40945
40948
40949
40950
40953
40954
40955
40958
40959
40960
40993
40994
40995
40998
40999
41000
41003
41004
41005
41008
41009
41010
41013
41018
41019
41020
41024
41025
41028
41029
41030
41033
41034
41035
41038
41039
41040
41043
41044
41045
41048
41049
41050
41053
41054
41055
41058
41059
41060
41068
41069
41073
41074
41075
41078
41079
41080
41083
41084
41085
41088
41089
41090
41093
41094
41095
41098
41099
41100
41103
41104
41105
41108
41109
41110
41115
41118
41123
41124
41125
41126
41127
41128
41129
41130
41131
41132
41133
41134
41135
41136
41137
41138
41139
41140
41141
41142
41143
41144
41145
41146
41147
41148
41149
41150
41151
41152
41153
41154
41155
41156
41157
41158
41159
41160
41171
41172
41173
41174
41178
41179
41180
41181
41185
41186
41187
41188
41192
41193
41194
41195
41199
41200
41201
41202
41206
41207
41208
41209
41249
41250
41253
41254
41255
41258
41265
41269
41270
41278
41279
41280
41283
41288
41289
41290
41293
41294
41298
41299
41300
41303
41304
41305
41313
41314
41318
41319
41320
41323
41324
41325
41328
41329
41330
41333
41334
41335
41338
41339
41340
41343
41344
41345
41348
41349
41350
41353
41354
41355
41360
41363
41368
41369
41370
41373
41374
41375
41378
41379
41380
41383
41384
41385
41388
41389
41390
41393
41394
41395
41398
41399
41400
41403
41404
41405
41409
41410
41418
41419
41420
41423
41424
41425
41428
41429
41430
41433
41434
41435
41438
41439
41440
41443
41444
41445
41448
41449
41450
41453
41454
41458
41459
41460
41465
41468
41469
41470
41514
41515
41523
41524
41528
41529
41530
41535
41538
41543
41544
41545
41549
41550
41565
41568
41574
41580
41583
41589
41595
41598
41613
41619
41625
41628
41634
41640
41643
41649
41655
41664
41670
41673
41679
41685
41688
41694
41703
41715
41718
41724
41730
41733
41739
41745
41748
41754
41760
41763
41766
41769
41772
41775
41778
41781
41784
41787
41790
41793
41796
41802
41808
41811
41814
41817
41820
41823
41826
41829
41832
41835
41838
41841
41844
41859
41865
41871
41874
41880
41895
41910
41913
41919
41925
41928
41934
41940
41943
41949
41955
41958
41964
41970
41973
41979
42018
42024
42030
42033
42039
42048
42054
42060
42063
42069
42075
42078
42084
42090
42105
42108
42114
42120
42123
42129
42135
42138
42144
42153
42159
42165
42168
42174
42180
42183
42189
42210
42228
42273
42279
42285
42288
42294
42300
42303
42309
42315
42318
42324
42330
42333
42339
42345
42348
42354
42360
42363
42369
42375
42378
42381
42384
42387
42390
42393
42396
42399
42402
42405
42408
42411
42414
42417
42420
42423
42426
42429
42432
42435
42438
42441
42444
42447
42450
42453
42456
42459
42462
42465
42468
42471
42474
42477
42480
42483
42486
42489
42492
42495
42543
42549
42555
42558
42564
42570
42573
42579
42585
42588
42594
42600
42603
42609
42615
42618
42624
42630
42633
42639
42645
42648
42654
42660
42663
42669
42675
42678
42684
42690
42693
42699
42705
42708
42714
42720
42723
42729
42735
42738
42744
42750
42753
42759
42765
42768
42774
42780
42783
42789
42795
42798
42804
42810
42813
42819
42825
42828
42834
42840
42843
42849
42855
42858
42864
42870
42873
42879
42888
42894
42900
42903
42909
42915
42918
42924
42930
42939
42945
42948
42954
42960
42963
42969
42975
42978
42984
42990
42993
42999
43002
43005
43008
43011
43012
43013
43014
43015
43016
43017
43018
43019
43020
43021
43022
43023
43024
43025
43026
43027
43028
43029
43030
43031
43032
43033
43034
43035
43036
43037
43038
43039
43040
43041
43042
43043
43044
43045
43046
43047
43048
43049
43050
43051
43052
43053
43054
43055
43056
43057
43058
43059
43060
43061
43062
43063
43064
43065
43066
43067
43068
43069
43070
43071
43072
43073
43074
43075
43076
43077
43078
43079
43080
43081
43082
43083
43084
43085
43086
43087
43088
43089
43090
43091
43092
43093
43094
43095
43096
43097
43098
43099
43100
43101
43102
43103
43104
43105
43106
43107
43108
43109
43110
43111
43112
43113
43114
43115
43116
43117
43118
43119
43120
43121
43122
43123
43124
43125
43128
43129
43130
43133
43134
43135
43138
43139
43140
43143
43144
43145
43148
43149
43150
43153
43154
43155
43158
43159
43160
43163
43164
43165
43168
43169
43170
43173
43174
43175
43178
43179
43180
43183
43184
43185
43188
43189
43190
43193
43194
43195
43198
43199
43200
43203
43204
43205
43208
43209
43210
43213
43214
43215
43218
43229
43230
43238
43239
43243
43244
43245
43250
43253
43258
43259
43260
43264
43265
43278
43279
43280
43283
43284
43285
43288
43289
43290
43293
43294
43295
43298
43299
43300
43303
43304
43305
43308
43309
43310
43313
43314
43315
43320
43323
43328
43329
43330
43333
43334
43335
43338
43339
43340
43343
43344
43345
43348
43349
43350
43353
43354
43355
43358
43359
43360
43363
43364
43365
43369
43370
43378
43379
43380
43383
43384
43385
43388
43389
43390
43393
43394
43395
43398
43399
43400
43403
43404
43405
43408
43409
43410
43413
43414
43418
43419
43420
43425
43428
43429
43430
43433
43434
43435
43438
43439
43440
43443
43444
43445
43448
43449
43450
43453
43454
43455
43458
43459
43460
43463
43468
43469
43470
43474
43475
43478
43479
43480
43483
43484
43485
43488
43489
43490
43493
43494
43495
43498
43499
43500
43503
43504
43505
43508
43509
43510
43518
43519
43523
43524
43525
43528
43529
43530
43533
43534
43535
43538
43539
43540
43543
43544
43545
43548
43549
43550
43553
43554
43555
43558
43559
43560
43573
43574
43575
43579
43580
43588
43589
43593
43594
43595
43600
43603
43608
43609
43610
43623
43624
43625
43626
43627
43628
43629
43630
43631
43632
43633
43634
43635
43636
43637
43638
43639
43640
43641
43642
43643
43644
43645
43646
43647
43648
43649
43650
43651
43652
43653
43654
43655
43656
43657
43658
43659
43663
43664
43665
43666
43670
43671
43672
43673
43674
43675
43676
43677
43678
43679
43680
43681
43682
43683
43684
43685
43686
43687
43688
43689
43690
43691
43692
43693
43694
43695
43696
43697
43698
43699
43700
43701
43702
43703
43704
43705
43706
43707
43708
43712
43713
43714
43715
43719
43720
43721
43722
43723
43724
43725
43726
43727
43728
43729
43730
43731
43732
43733
43734
43735
43736
43737
43738
43739
43740
43743
43746
43749
43755
43764
43770
43773
43779
43785
43788
43794
43800
43803
43818
43824
43830
43833
43839
43845
43848
43854
43860
43869
43875
43878
43884
43890
43893
43899
43923
43929
43938
43944
43950
43953
43965
43974
43980
43983
43989
43995
43998
44013
44019
44025
44028
44034
44040
44043
44049
44055
44058
44064
44070
44073
44079
44085
44088
44094
44100
44115
44118
44124
44130
44133
44139
44145
44148
44154
44160
44163
44169
44175
44178
44184
44190
44193
44205
44214
44220
44223
44229
44235
44238
44244
44259
44265
44268
44274
44280
44286
44289
44295
44307
44310
44313
44316
44319
44322
44325
44328
44331
44334
44337
44340
44343
44349
44352
44358
44361
44364
44367
44370
44373
44379
44385
44388
44394
44400
44409
44415
44418
44424
44430
44433
44439
44448
44454
44460
44463
44469
44475
44478
44484
44490
44499
44505
44508
44514
44520
44523
44529
44535
44538
44553
44559
44565
44568
44574
44580
44583
44589
44604
44610
44625
44655
44658
44664
44670
44673
44679
44685
44688
44694
44700
44703
44709
44715
44718
44724
44730
44733
44739
44745
44748
44754
44760
44763
44769
44775
44778
44784
44790
44793
44799
44805
44808
44814
44820
44823
44829
44835
44838
44844
44850
44853
44859
44865
44868
44874
44877
44880
44883
44886
44889
44892
44895
44898
44901
44904
44907
44910
44913
44916
44919
44922
44925
44928
44931
44937
44940
44946
44949
44952
44955
44958
44961
44964
44967
44970
44973
44976
44979
44982
44988
44994
44997
45000
45003
45009
45015
45018
45024
45030
45033
45039
45045
45048
45054
45090
45093
45099
45105
45108
45114
45120
45123
45129
45135
45138
45144
45150
45153
45159
45165
45168
45174
45180
45183
45189
45195
45198
45199
45200
45203
45204
45205
45208
45209
45210
45213
45214
45215
45218
45219
45220
45223
45224
45225
45228
45229
45230
45233
45234
45235
45238
45239
45240
45243
45244
45245
45248
45249
45250
45253
45254
45258
45259
45260
45263
45264
45265
45269
45270
45273
45274
45275
45280
45283
45293
45294
45295
45298
45303
45304
45305
45308
45309
45310
45313
45314
45315
45318
45319
45320
45323
45324
45325
45329
45330
45338
45339
45340
45343
45344
45345
45348
45349
45350
45353
45354
45355
45358
45359
45360
45363
45364
45365
45368
45369
45370
45373
45374
45375
45378
45379
45380
45383
45384
45385
45388
45389
45390
45393
45394
45395
45398
45399
45400
45403
45404
45405
45408
45409
45410
45413
45414
45415
45418
45419
45420
45423
45424
45425
45428
45429
45430
45433
45434
45435
45438
45439
45440
45443
45444
45445
45448
45449
45450
45453
45454
45455
45458
45459
45460
45463
45464
45465
45468
45469
45470
45473
45474
45475
45478
45479
45480
45483
45484
45485
45488
45489
45490
45493
45494
45495
45498
45499
45500
45501
45502
45503
45504
45505
45506
45507
45508
45509
45510
45511
45512
45513
45514
45515
45516
45517
45518
45519
45520
45521
45522
45523
45524
45525
45526
45527
45528
45529
45530
45531
45532
45533
45534
45535
45536
45537
45538
45539
45540
45541
45542
45543
45544
45545
45546
45547
45548
45549
45550
45551
45552
45553
45554
45555
45556
45557
45558
45559
45560
45561
45562
45563
45564
45565
45566
45567
45568
45601
45602
45603
45604
45605
45606
45607
45608
45609
45610
45611
45612
45613
45614
45615
45616
45617
45618
45619
45630
45633
45638
45639
45640
45644
45645
45653
45654
45658
45659
45660
45665
45668
45679
45680
45683
45684
45685
45688
45689
45690
45693
45694
45695
45698
45699
45700
45703
45704
45705
45708
45709
45710
45713
45714
45715
45723
45724
45728
45729
45730
45733
45734
45735
45738
45739
45740
45743
45744
45745
45748
45749
45750
45753
45754
45755
45758
45759
45760
45763
45764
45765
45770
45773
45778
45779
45780
45783
45784
45785
45788
45789
45790
45793
45794
45795
45798
45799
45800
45803
45804
45805
45808
45809
45810
45813
45814
45815
45819
45820
45828
45829
45830
45833
45834
45835
45838
45839
45840
45843
45844
45845
45848
45849
45850
45853
45854
45855
45858
45859
45860
45863
45864
45868
45869
45870
45875
45878
45879
45880
45883
45884
45885
45888
45889
45890
45893
45894
45895
45898
45899
45900
45903
45904
45905
45908
45909
45910
45913
45918
45919
45920
45924
45925
45945
45954
45990
46008
46035
46044
46053
46080
46125
46134
46143
46152
46170
46179
46188
46197
46206
46224
46233
46242
46260
46269
46278
46305
46323
46368
46395
46440
46449
46458
46485
46494
46530
46539
46548
46575
46584
46629
46638
46674
46683
46710
46719
46728
46764
46773
46782
46791
46800
46809
46818
46827
46836
46863
46872
46899
47025
47124
47223
47250
47349
47388
47389
47390
47394
47395
47398
47399
47400
47403
47404
47405
47408
47409
47410
47413
47414
47415
47418
47419
47420
47423
47424
47425
47428
47429
47430
47433
47434
47435
47438
47439
47440
47443
47444
47445
47448
47449
47450
47453
47454
47455
47458
47459
47460
47463
47464
47465
47468
47469
47470
47473
47474
47475
47478
47479
47480
47483
47484
47485
47488
47489
47490
47493
47494
47495
47498
47499
47500
47523
47524
47525
47548
47549
47550
47573
47574
47575
47598
47599
47600
47623
47624
47625
47648
47649
47650
47673
47674
47675
47698
47699
47700
47723
47724
47725
47748
47749
47750
47773
47774
47775
47798
47799
47800
47823
47824
47825
47848
47849
47850
47873
47874
47875
47898
47899
47900
47923
47924
47925
47948
47949
47973
47974
47975
47998
47999
48000
48003
48004
48005
48008
48009
48010
48013
48014
48015
48018
48019
48020
48033
48034
48038
48039
48040
48045
48048
48053
48054
48055
48059
48060
48068
48069
48080
48083
48084
48085
48088
48089
48090
48093
48094
48095
48098
48099
48100
48103
48104
48105
48108
48109
48110
48113
48114
48123
48150
48174
48198
48249
48300
48348
48375
48423
48450
48474
48498
48525
48549
48573
48600
48624
48630
48633
48639
48645
48648
48654
48663
48669
48675
48678
48684
48690
48693
48699
48705
48720
48738
48774
48798
48825
48849
48873
48900
48924
48948
48975
48999
49023
49074
49098
49125
49200
49224
49263
49269
49275
49278
49314
49320
49323
49329
49335
49338
49350
49359
49365
49368
49374
49473
49500
49524
49573
49574
49575
49598
49599
49600
49623
49624
49625
49648
49649
49650
49698
49699
49700
49723
49724
49725
49748
49749
49750
49773
49774
49775
49798
49799
49800
49823
49824
49825
49848
49849
49850
49873
49874
49875
49876
49877
49878
49879
49880
49881
49882
49883
49884
49885
49886
49887
49888
49889
49890
49891
49892
49893
49894
49895
49896
49897
49898
49899
49900
49901
49902
49903
49904
49905
49906
49907
49908
49909
49910
49911
49912
49913
49914
49915
49916
49917
49918
49919
49920
49953
49954
49955
49956
49957
49958
49959
49960
49961
49962
49963
49964
49965
49966
49967
49968
49969
49970
49971
49972
49973
49974
49975
49976
49977
49978
49979
49980
49981
49982
49983
49984
49985
49986
49987
49988
49989
49990
49991
49992
49993
49994
49995
49996
49997
49998
49999
50000
50023
50024
50025
50048
50049
50050
50073
50074
50075
50098
50099
50100
50123
50124
50125
50148
50149
50150
50173
50174
50175
50223
50224
50225
50248
50249
50250
50273
50274
50275
50298
50299
50300
50349
50373
50400
50499
50505
50508
50514
50523
50535
50538
50544
50550
50553
50559
50595
50598
50604
50610
50649
50673
50748
50775
50799
50850
50874
50898
50925
50949
50973
51000
51024
51048
51075
51099
51135
51153
51168
51174
51180
51183
51189
51195
51198
51204
51210
51219
51225
51228
51234
51240
51243
51249
51273
51300
51324
51348
51375
51399
51423
51450
51498
51525
51573
51624
51675
51699
51723
51750
51759
51760
51763
51764
51765
51768
51769
51770
51773
51774
51775
51778
51779
51780
51783
51784
51785
51788
51789
51790
51793
51804
51805
51813
51814
51818
51819
51820
51825
51828
51833
51834
51835
51839
51840
51853
51854
51855
51858
51859
51860
51863
51864
51865
51868
51869
51870
51873
51874
51875
51898
51899
51900
51924
51925
51948
51949
51950
51973
51974
51975
51998
51999
52000
52023
52024
52025
52048
52049
52050
52073
52074
52075
52098
52099
52100
52123
52124
52125
52148
52149
52150
52173
52174
52175
52198
52199
52200
52223
52224
52225
52248
52249
52250
52273
52274
52275
52298
52299
52300
52323
52324
52325
52348
52349
52350
52373
52374
52375
52378
52379
52380
52383
52384
52385
52388
52389
52390
52393
52394
52395
52398
52399
52400
52403
52404
52405
52408
52409
52410
52413
52414
52415
52418
52419
52420
52423
52424
52425
52428
52429
52430
52433
52434
52435
52438
52439
52440
52443
52444
52445
52448
52449
52450
52453
52454
52455
52458
52459
52460
52463
52464
52465
52468
52469
52470
52473
52474
52475
52478
52479
52483
52484
52485
52524
52623
52650
52749
52848
52974
53001
53010
53037
53046
53055
53064
53073
53082
53091
53100
53109
53145
53154
53163
53190
53199
53235
53244
53289
53298
53325
53334
53343
53379
53388
53415
53424
53433
53478
53505
53550
53568
53595
53604
53613
53631
53640
53649
53667
53676
53685
53694
53703
53721
53730
53739
53748
53793
53820
53829
53838
53865
53883
53919
53928
53948
53949
53953
53954
53955
53960
53963
53964
53965
53968
53969
53970
53973
53974
53975
53978
53979
53980
53983
53984
53985
53988
53989
53990
53993
53994
53995
53998
54003
54004
54005
54009
54010
54013
54014
54015
54018
54019
54020
54023
54024
54025
54028
54029
54030
54033
54034
54035
54038
54039
54040
54043
54044
54045
54053
54054
54058
54059
54060
54063
54064
54065
54068
54069
54070
54073
54074
54075
54078
54079
54080
54083
54084
54085
54088
54089
54090
54093
54094
54095
54100
54103
54108
54109
54110
54113
54114
54115
54118
54119
54120
54123
54124
54125
54128
54129
54130
54133
54134
54135
54138
54139
54140
54143
54144
54145
54149
54150
54158
54159
54160
54163
54164
54165
54168
54169
54170
54173
54174
54175
54178
54179
54180
54183
54184
54185
54188
54189
54190
54193
54194
54205
54208
54213
54214
54215
54219
54220
54228
54229
54233
54234
54235
54240
54243
54254
54255
54256
54257
54258
54259
54260
54261
54262
54263
54264
54265
54266
54267
54268
54269
54270
54271
54272
54305
54306
54307
54308
54309
54310
54311
54312
54313
54314
54315
54316
54317
54318
54319
54320
54321
54322
54323
54324
54325
54326
54327
54328
54329
54330
54331
54332
54333
54334
54335
54336
54337
54338
54339
54340
54341
54342
54343
54344
54345
54346
54347
54348
54349
54350
54351
54352
54353
54354
54355
54356
54357
54358
54359
54360
54361
54362
54363
54364
54365
54366
54367
54368
54369
54370
54371
54372
54373
54374
54375
54378
54379
54380
54383
54384
54385
54388
54389
54390
54393
54394
54395
54398
54399
54400
54403
54404
54405
54408
54409
54410
54413
54414
54415
54418
54419
54420
54423
54424
54425
54428
54429
54430
54433
54434
54435
54438
54439
54440
54443
54444
54445
54448
54449
54450
54453
54454
54455
54458
54459
54460
54463
54464
54465
54468
54469
54470
54473
54474
54475
54478
54479
54480
54483
54484
54485
54488
54489
54490
54493
54494
54495
54498
54499
54500
54503
54504
54505
54508
54509
54510
54513
54514
54515
54518
54519
54520
54523
54524
54525
54528
54529
54530
54533
54534
54535
54543
54544
54548
54549
54550
54553
54554
54555
54558
54559
54560
54563
54564
54565
54568
54569
54570
54575
54578
54579
54580
54590
54593
54598
54599
54600
54603
54604
54608
54609
54610
54613
54614
54615
54619
54620
54623
54624
54625
54628
54629
54630
54633
54634
54635
54638
54639
54640
54643
54644
54645
54648
54649
54650
54653
54654
54655
54658
54659
54660
54663
54664
54665
54668
54669
54670
54673
54674
54675
54678
54684
54690
54693
54699
54705
54708
54714
54720
54723
54729
54735
54738
54744
54750
54753
54759
54765
54768
54774
54780
54783
54819
54825
54828
54834
54840
54843
54849
54855
54858
54864
54870
54873
54876
54879
54885
54891
54894
54897
54900
54903
54906
54909
54912
54915
54918
54921
54924
54927
54933
54936
54942
54945
54948
54951
54954
54957
54960
54963
54966
54969
54972
54975
54978
54981
54984
54987
54990
54993
54996
54999
55005
55008
55014
55020
55023
55029
55035
55038
55044
55050
55053
55059
55065
55068
55074
55080
55083
55089
55095
55098
55104
55110
55113
55119
55125
55128
55134
55140
55143
55149
55155
55158
55164
55170
55173
55179
55185
55188
55194
55200
55203
55209
55215
55218
55248
55263
55269
55284
55290
55293
55299
55305
55308
55314
55320
55335
55338
55344
55350
55353
55359
55365
55368
55374
55383
55389
55395
55398
55404
55410
55413
55419
55425
55434
55440
55443
55449
55455
55458
55464
55473
55479
55485
55488
55494
55500
55503
55506
55509
55512
55515
55521
55524
55530
55533
55536
55539
55542
55545
55548
55551
55554
55557
55560
55563
55566
55578
55584
55587
55593
55599
55605
55608
55614
55629
55635
55638
55644
55650
55653
55659
55668
55680
55683
55689
55695
55698
55704
55710
55713
55719
55725
55728
55734
55740
55743
55749
55755
55758
55773
55779
55785
55788
55794
55800
55803
55809
55815
55818
55824
55830
55833
55839
55845
55848
55854
55860
55875
55878
55884
55890
55893
55899
55908
55920
55923
55929
55935
55944
55950
55974
55980
55983
55989
55995
55998
56004
56013
56019
56025
56028
56034
56040
56043
56049
56055
56070
56073
56079
56085
56088
56094
56100
56103
56109
56118
56124
56127
56130
56133
56134
56135
56136
56137
56138
56139
56140
56141
56142
56143
56144
56145
56146
56147
56148
56149
56150
56151
56152
56153
56154
56158
56159
56160
56161
56165
56166
56167
56168
56169
56170
56171
56172
56173
56174
56175
56176
56177
56178
56179
56180
56181
56182
56183
56184
56185
56186
56187
56188
56189
56190
56191
56192
56193
56194
56195
56196
56197
56198
56199
56200
56201
56202
56203
56207
56208
56209
56210
56214
56215
56216
56217
56218
56219
56220
56221
56222
56223
56224
56225
56226
56227
56228
56229
56230
56231
56232
56233
56234
56235
56236
56237
56238
56239
56240
56241
56242
56243
56244
56245
56246
56247
56248
56249
56250
56263
56264
56265
56270
56273
56278
56279
56280
56284
56285
56293
56294
56298
56299
56300
56313
56314
56315
56318
56319
56320
56323
56324
56325
56328
56329
56330
56333
56334
56335
56338
56339
56340
56343
56344
56345
56348
56349
56350
56354
56355
56363
56364
56365
56368
56369
56370
56373
56374
56375
56378
56379
56380
56383
56384
56385
56388
56389
56390
56393
56394
56395
56398
56399
56403
56404
56405
56410
56413
56414
56415
56418
56419
56420
56423
56424
56425
56428
56429
56430
56433
56434
56435
56438
56439
56440
56443
56444
56445
56448
56453
56454
56455
56459
56460
56463
56464
56465
56468
56469
56470
56473
56474
56475
56478
56479
56480
56483
56484
56485
56488
56489
56490
56493
56494
56495
56503
56504
56508
56509
56510
56513
56514
56515
56518
56519
56520
56523
56524
56525
56528
56529
56530
56533
56534
56535
56538
56539
56540
56543
56544
56545
56550
56553
56558
56559
56560
56563
56564
56565
56568
56569
56570
56573
56574
56575
56578
56579
56580
56583
56584
56585
56588
56589
56590
56593
56594
56595
56608
56609
56613
56614
56615
56620
56623
56628
56629
56630
56634
56635
56643
56644
56655
56658
56659
56660
56663
56664
56665
56668
56669
56670
56673
56674
56675
56678
56679
56680
56683
56684
56685
56688
56689
56690
56693
56694
56695
56698
56699
56700
56703
56704
56705
56708
56709
56710
56713
56714
56715
56718
56719
56720
56723
56724
56725
56728
56729
56730
56733
56734
56735
56738
56739
56740
56743
56744
56745
56748
56749
56750
56751
56752
56753
56754
56755
56756
56757
56758
56759
56760
56761
56762
56763
56764
56765
56766
56767
56768
56769
56770
56771
56772
56773
56774
56775
56776
56777
56778
56779
56780
56781
56782
56783
56784
56785
56786
56787
56788
56789
56790
56791
56792
56793
56794
56795
56796
56797
56798
56799
56800
56801
56802
56803
56804
56805
56806
56807
56808
56809
56810
56811
56812
56813
56814
56815
56816
56817
56818
56819
56820
56821
56822
56823
56824
56825
56826
56827
56828
56829
56830
56831
56832
56833
56834
56835
56836
56837
56838
56839
56840
56841
56842
56843
56844
56845
56846
56847
56848
56849
56850
56851
56852
56853
56854
56855
56856
56857
56858
56859
56860
56861
56862
56865
56868
56871
56874
56880
56883
56889
56895
56898
56904
56910
56913
56919
56925
56928
56934
56943
56949
56955
56958
56964
56970
56973
56979
56985
56994
57000
57003
57009
57015
57018
57024
57030
57033
57039
57045
57048
57054
57060
57063
57069
57075
57078
57084
57090
57093
57099
57105
57108
57114
57120
57123
57129
57135
57138
57144
57150
57153
57159
57165
57168
57174
57180
57183
57189
57195
57198
57204
57210
57213
57219
57225
57228
57234
57240
57243
57249
57255
57258
57264
57270
57273
57279
57285
57288
57294
57300
57303
57309
57315
57318
57324
57330
57378
57381
57384
57387
57390
57393
57396
57399
57402
57405
57408
57411
57414
57417
57420
57423
57426
57429
57432
57435
57438
57441
57444
57447
57450
57453
57456
57459
57462
57465
57468
57471
57474
57477
57480
57483
57486
57489
57492
57495
57498
57504
57510
57513
57519
57525
57528
57534
57540
57543
57549
57555
57558
57564
57570
57573
57579
57585
57588
57594
57600
57645
57663
57684
57690
57693
57699
57705
57708
57714
57720
57729
57735
57738
57744
57750
57753
57759
57765
57768
57783
57789
57795
57798
57804
57810
57813
57819
57825
57834
57840
57843
57849
57855
57894
57900
57903
57909
57915
57918
57924
57930
57933
57939
57945
57948
57954
57960
57963
57978
57993
57999
58002
58008
58014
58029
58032
58035
58038
58041
58044
58047
58050
58053
58056
58059
58062
58065
58071
58077
58080
58083
58086
58089
58092
58095
58098
58101
58104
58107
58110
58113
58119
58125
58128
58134
58140
58143
58149
58155
58158
58170
58179
58185
58188
58194
58200
58203
58209
58218
58224
58230
58233
58239
58245
58248
58254
58260
58275
58278
58284
58290
58293
58299
58305
58308
58323
58324
58328
58329
58330
58335
58338
58343
58344
58345
58349
58350
58358
58359
58403
58404
58405
58408
58413
58414
58415
58419
58420
58423
58424
58425
58428
58429
58430
58433
58434
58435
58438
58439
58440
58443
58444
58445
58448
58449
58450
58453
58454
58455
58463
58464
58468
58469
58470
58473
58474
58475
58478
58479
58480
58483
58484
58485
58488
58489
58490
58493
58494
58495
58498
58499
58500
58503
58504
58505
58510
58513
58518
58519
58520
58523
58524
58525
58528
58529
58530
58533
58534
58535
58538
58539
58540
58543
58544
58545
58548
58549
58550
58553
58554
58555
58559
58560
58568
58569
58570
58573
58574
58575
58579
58580
58583
58584
58585
58590
58593
58594
58595
58603
58604
58608
58615
58618
58619
58620
58623
58624
58664
58665
58666
58667
58671
58672
58673
58674
58678
58679
58680
58681
58685
58686
58687
58688
58692
58693
58694
58695
58699
58700
58701
58702
58713
58714
58715
58716
58717
58718
58719
58720
58721
58722
58723
58724
58725
58726
58727
58728
58729
58730
58731
58732
58733
58734
58735
58736
58737
58738
58739
58740
58741
58742
58743
58744
58745
58746
58747
58748
58749
58750
58755
58758
58763
58764
58765
58768
58769
58770
58773
58774
58775
58778
58779
58780
58783
58784
58785
58788
58789
58790
58793
58794
58795
58798
58799
58800
58804
58805
58813
58814
58815
58818
58819
58820
58823
58824
58825
58828
58829
58830
58833
58834
58835
58838
58839
58840
58843
58844
58845
58848
58849
58853
58854
58855
58860
58863
58864
58865
58868
58869
58870
58873
58874
58875
58878
58879
58880
58913
58914
58915
58918
58919
58920
58923
58924
58925
58928
58929
58930
58933
58934
58935
58938
58939
58940
58943
58944
58945
58953
58954
58958
58959
58960
58963
58964
58965
58968
58969
58970
58973
58974
58975
58978
58979
58980
58983
58984
58985
58988
58989
58990
58993
58994
58995
59008
59009
59010
59014
59015
59023
59024
59028
59029
59030
59035
59038
59043
59044
59045
59130
59292
59373
59454
59535
59778
59859
60183
60264
60345
60507
60510
60513
60519
60522
60528
60531
60534
60537
60540
60543
60546
60549
60552
60555
60558
60561
60564
60570
60576
60579
60582
60585
60588
60591
60594
60597
60600
60603
60606
60609
60612
60618
60624
60630
60633
60639
60645
60648
60654
60660
60669
60675
60678
60684
60690
60693
60699
60705
60708
60723
60729
60738
60744
60750
60753
60759
60774
60780
60783
60789
60795
60798
60804
60813
60825
60828
60834
60840
60843
60849
60855
60858
60864
60870
60873
60879
60885
60888
60894
60900
60903
60918
60924
60930
60933
60939
60945
60948
60954
60960
60963
60969
60975
60978
60984
60990
60993
60999
61005
61020
61023
61029
61035
61038
61044
61050
61053
61065
61068
61074
61080
61089
61095
61119
61125
61128
61131
61134
61137
61140
61143
61146
61149
61152
61158
61164
61167
61170
61173
61176
61179
61182
61185
61188
61191
61194
61197
61200
61206
61212
61215
61218
61221
61224
61230
61233
61236
61245
61254
61263
61290
61299
61335
61344
61353
61380
61389
61425
61479
61488
61515
61524
61533
61560
61569
61578
61605
61614
61623
61650
61659
61668
61695
61704
61713
61740
61758
61767
61776
61785
61794
61803
61812
61821
61830
61839
61848
61857
61866
61875
61884
61893
61920
61929
61938
62010
62019
62028
62055
62064
62073
62100
62109
62118
62145
62154
62163
62190
62199
62208
62235
62244
62253
62280
62289
62298
62325
62334
62343
62370
62379
62388
62397
62406
62415
62424
62451
62460
62523
62550
62649
62700
62724
62748
62850
62874
62898
62949
63009
63018
63030
63033
63039
63045
63048
63054
63060
63063
63069
63075
63078
63084
63090
63093
63099
63105
63108
63123
63174
63198
63225
63249
63273
63300
63324
63348
63375
63399
63423
63450
63549
63630
63639
63648
63675
63684
63693
63720
63729
63738
63774
63873
63999
64098
64125
64224
64260
64269
64278
64305
64314
64323
64350
64359
64368
64449
64548
64575
64674
64773
64800
64890
64893
64899
64905
64908
64914
64920
64923
64929
64938
64944
64950
64953
64959
64965
64968
64974
64980
64989
64995
64998
65049
65100
65148
65250
65274
65298
65349
65373
65400
65448
65475
65499
65502
65505
65508
65511
65526
65532
66150
66474
67125
67149
67173
67200
67224
67248
67275
67299
67323
67350
67374
67380
67389
67395
67398
67404
67410
67413
67419
67428
67440
67443
67449
67455
67458
67464
67470
67473
67479
67485
67488
67494
67500
67548
67650
67674
67698
67725
67749
67773
68004
68040
68049
68058
68085
68094
68148
68175
68373
68400
68499
68598
68661
68670
68679
68688
68697
68706
68715
68724
68733
68742
68760
68769
68778
68805
68814
68823
68850
68859
68868
68895
68904
68913
68940
68949
68958
68985
69003
69030
69039
69048
69075
69084
69093
69120
69165
69174
69183
69210
69219
69228
69255
69261
69264
69267
69270
69273
69276
69279
69282
69285
69291
69297
69300
69303
69306
69309
69312
69315
69318
69321
69324
69327
69330
69333
69339
69342
69348
69351
69354
69357
69360
69363
69366
69369
69372
69375
69378
69384
69390
69393
69399
69405
69408
69414
69420
69423
69429
69435
69438
69444
69450
69453
69459
69465
69468
69474
69480
69483
69489
69495
69498
69504
69510
69513
69519
69525
69528
69534
69540
69543
69549
69555
69558
69564
69570
69573
69579
69585
69588
69594
69600
69603
69609
69615
69618
69624
69669
69675
69678
69690
69693
69699
69705
69708
69714
69720
69723
69738
69744
69750
69753
69759
69765
69768
69774
69780
69783
69789
69795
69798
69804
69810
69813
69819
69825
69840
69843
69849
69855
69858
69864
69870
69873
69879
69885
69888
69921
69927
69930
69936
69939
69942
69945
69948
69951
69954
69957
69960
69963
69966
69969
69972
69984
69993
70020
70038
70065
70074
70083
70110
70119
70200
70209
70245
70254
70263
70290
70299
70308
70335
70380
70389
70398
70425
70434
70443
70479
70488
70506
70515
70524
70533
70542
70551
70560
70587
70596
70605
70614
70623
70650
70704
70740
70749
70785
70794
70803
70830
70839
70848
70875
70884
70893
70965
70974
70983
71019
71028
71064
71073
71100
71109
71118
71127
71136
71145
71154
71163
71208
71217
71226
71235
71244
71253
71280
71289
71298
71325
71334
71343
71370
71379
71388
71415
71424
71433
71445
71448
71454
71460
71463
71469
71475
71478
71484
71490
71493
71499
71505
71508
71514
71520
71523
71529
71535
71538
71544
71550
71553
71559
71565
71568
71574
71580
71583
71589
71595
71598
71604
71610
71613
71619
71625
71628
71634
71640
71643
71649
71655
71658
71664
71670
71673
71679
71715
71718
71724
71730
71733
71748
71751
71754
71757
71760
71763
71766
71769
71772
71775
71778
71781
71784
71787
71790
71793
71796
71799
71802
71805
71808
71811
71814
71817
71820
71823
71826
71829
71832
71835
71838
71841
71844
71847
71850
71853
71856
71859
71862
71865
71868
71871
71874
71880
71883
71889
71895
71898
71904
71910
71913
71919
71925
71928
71934
71940
71943
71949
71955
71958
71964
71970
71973
71979
71985
71988
71994
72000
72003
72009
72015
72018
72024
72030
72048
72063
72069
72078
72090
72093
72099
72105
72108
72114
72120
72123
72135
72144
72150
72153
72159
72165
72168
72225
72279
72360
72387
72414
72441
72468
72495
72549
72603
72630
72684
72765
72819
72900
72954
73008
73035
73143
73170
73278
73359
73413
73494
73548
73575
73629
73632
73635
73638
73641
73644
73647
73650
73653
73656
73659
73662
73665
73668
73671
73674
73677
73680
73683
73686
73689
73692
73695
73698
73701
73704
73707
73710
73713
73716
73719
73722
73725
73728
73764
73770
73773
73779
73785
73788
73794
73800
73809
73815
73818
73824
73830
73833
73839
73845
73848
73854
73890
73893
73899
73905
73908
73914
73920
73923
73929
73935
73938
73944
73950
73953
73959
73965
73968
73974
73980
73983
74019
74025
74028
74034
74040
74043
74049
74055
74058
74064
74070
74073
74079
74085
74088
74094
74100
74103
74109
74148
74154
74160
74163
74169
74175
74178
74184
74190
74193
74199
74205
74208
74214
74220
74223
74229
74235
74238
74274
74277
74280
74283
74286
74289
74292
74295
74298
74301
74304
74307
74310
74313
74316
74319
74322
74325
74328
74331
74334
74337
74340
74343
74346
74349
74352
74355
74358
74367
74385
74394
74403
74430
74493
74529
74565
74574
74610
74619
74655
74664
74673
74700
74709
74718
74745
74799
74808
74835
74844
74853
74916
74925
74934
74943
74952
74961
74970
74988
74997
75060
75105
75114
75195
75204
75213
75240
75249
75258
75303
75330
75339
75348
75375
75384
75393
75429
75438
75474
75501
75528
75537
75546
75555
75564
75573
75582
75591
75600
75618
75645
75654
75663
75690
75699
75735
75744
75753
75828
75843
75849
75864
75873
75885
75888
75894
75900
75909
75915
75918
75924
75930
75933
75939
75945
75948
75954
75960
75963
75969
75975
75978
75984
75990
75993
75999
76005
76008
76014
76020
76023
76029
76035
76038
76044
76050
76053
76059
76065
76068
76074
76080
76083
76089
76095
76098
76104
76110
76113
76119
76125
76128
76131
76134
76137
76140
76143
76146
76152
76158
76161
76164
76167
76170
76173
76176
76179
76182
76185
76188
76191
76194
76200
76206
76209
76212
76215
76218
76221
76224
76227
76230
76233
76236
76239
76242
76245
76248
76254
76260
76263
76269
76275
76278
76284
76323
76329
76335
76338
76344
76350
76353
76359
76365
76368
76374
76380
76383
76389
76395
76398
76404
76410
76413
76419
76425
76428
76434
76440
76443
76449
76455
76458
76464
76470
76473
76479
76485
76488
76494
76500
76503
76509
76515
76518
76524
76530
76533
76545
76554
76563
76590
76599
76608
76635
76644
76653
76680
76689
76698
76725
76734
76743
76752
76761
76770
76779
76788
76797
76851
76860
76878
76905
76914
76923
76950
76959
76968
76995
77004
77013
77040
77049
77058
77094
77103
77130
77139
77148
77175
77193
77238
77265
77310
77355
77364
77382
77391
77400
77409
77418
77427
77436
77445
77454
77463
77481
77490
77499
77508
77544
77553
77580
77589
77598
77634
77643
77670
77679
77688
77733
77760
77769
77778
77805
77823
77859
77895
77940
77949
77958
77985
77994
78003
78006
78012
78015
78021
78024
78027
78030
78033
78036
78039
78042
78045
78048
78051
78054
78057
78063
78069
78072
78075
78078
78117
78120
78123
78375
78498
78624
78648
78675
78699
78723
79299
79623
80250
80373
80499
80523
80550
80574
80598
80625
80748
80874
81135
81144
81153
81180
81189
81198
81234
81243
81774
81873
82425
82473
82500
82749
82875
82998
83124
83250
83673
83700
84123
84249
84258
84267
84276
84285
84294
84303
84312
84321
84348
84357
84366
84375
84474
84573
84600
84648
84699
84798
84825
84849
84873
84879
84885
84888
84894
84900
84903
84909
84915
84924
84930
84933
84939
84945
84948
84954
84960
84963
84978
84984
84990
85050
85098
85125
85149
85173
85200
85224
85248
85275
85374
85563
85590
85698
85725
86049
86130
86184
86238
86373
86400
86724
86754
86760
86763
86769
86775
86778
86790
86793
86799
86805
86814
86820
86844
86850
86853
86859
86865
86868
86874
86898
86925
86949
86973
87000
87024
87099
87150
87198
87225
87249
87273
87348
87378
87381
87384
87387
87390
87393
87396
87399
87402
87405
87408
87411
87414
87420
87423
87429
87432
87435
87438
87441
87444
87447
87450
87453
87456
87459
87462
87465
87477
87498
87525
87624
87723
87750
87948
87975
88020
88029
88038
88110
88119
88173
88200
88299
88398
88425
88524
88623
88650
88659
88668
88695
88704
88713
88740
88749
88848
88950
88974
88998
89025
89049
89073
89124
89148
89175
89199
89250
89253
89259
89265
89268
89274
89283
89289
89295
89298
89304
89310
89313
89319
89325
89334
89340
89343
89349
89355
89358
89364
89370
89373
89400
89424
89448
89499
89523
89550
89598
89649
89748
89775
89928
89955
89964
90000
90099
90198
90324
90423
90450
90540
90549
90558
90567
90576
90585
90594
90612
90621
90675
90774
90873
90999
91098
91125
91128
91134
91170
91173
91179
91185
91188
91194
91200
91203
91209
91215
91218
91224
91230
91233
91299
91323
91350
91374
91425
91449
91473
91500
91575
91599
91623
91698
91725
91749
91755
91758
91764
91770
91773
91788
91794
91800
91803
91809
91815
91818
91824
91830
91833
91839
91845
91848
91854
92124
92394
92448
92475
92799
93015
93069
93123
93150
93324
93375
93399
93423
93450
93474
93498
93525
93549
93573
93600
93624
93627
93630
93633
93636
93639
93651
93657
93660
93666
93672
93678
93681
93687
93729
93732
93735
93741
93744
93750
93873
94248
94275
94374
94500
94950
95373
95523
95550
95574
95598
95625
95874
96000
96123
96150
96174
96198
96225
96498
96624
96759
96768
96804
96813
96840
96849
96858
97398
97425
97623
97749
97875
97998
98025
98049
98073
98124
98250
