452886973
589263086
539968459
362710118
156814134
724650515
485848704
125370062
391663412
914607719
134825563
682981280
463323032
650210544
445133748
97679405
343600605
490206442
168954210
729176943
324461821
92741285
267274354
628660629
524425274
47865689
910014281
563104706
562272841
331090150
104739535
584003084
453102568
785752150
452886973
589263086
539968459
362710118
156814134
724650515
485848704
125370062
391663412
914607719
134825563
682981280
463323032
650210544
445133748
97679405
343600605
490206442
168954210
729176943
324461821
92741285
267274354
628660629
524425274
47865689
910014281
563104706
562272841
331090150
104739535
