191658927
307775603
35988030
131294423
43973580
92807875
845286008
992295189
923181861
503112228
830173256
749039748
283093792
307517246
521706903
322868735
194441060
423009874
697137679
202658950
123185892
468027986
893738298
973288344
273926107
400292570
610233294
626549649
843217393
418979514
96159161
314525395
902426358
107968178
734222421
747749762
337238322
24928158
839848652
911643394
235884350
643039942
366607479
672170373
606447137
360543472
349244440
559052058
911168119
88314493
290384723
628643904
797455141
332411808
406622425
430084222
773559174
93554010
884862206
5309379
464549295
590267923
291713165
30326434
36990918
494412358
37197854
842941111
950865753
523746829
781139308
354834721
197411263
639059684
106604384
98655967
179110272
602262232
297722231
863751761
628609055
536973995
746107634
84708484
461186214
923839428
702374669
718698979
506086080
592088365
11631688
189343920
37157007
507465618
943504556
51456459
148003178
174569014
804696152
649361297
617990282
416141142
782101729
887956659
737732274
196354748
919277439
963958540
702335149
690024981
39689288
887807982
622974565
779485909
52732378
826755856
771508752
946683169
447869768
248856161
57544967
612853908
784609272
749533573
471445914
902365663
232139577
932434562
768345824
327758428
691315455
77170123
305440495
799503414
849140882
625274791
144869041
759825055
490832065
316073844
115784879
705347857
177837006
40546272
438303740
226224643
156004764
341004220
574228069
979071861
895030579
550745825
128920203
346235633
476330627
454789437
92574142
842846182
786345976
696063749
443605872
902714342
843593531
833188732
255159106
478944418
814598343
873376834
839411236
943241993
930344183
940490724
879006929
156096669
507090977
222437150
41181333
57206818
360380414
814501757
290224004
372158510
408641400
63107446
780141996
144209456
261314610
636363556
533504817
238951785
829236896
822167225
856464221
71254687
708474024
809365824
640006927
884601154
353176131
565825678
594226260
262131919
210816666
987666457
396193300
666633850
990927748
364273981
497004233
554040940
186654365
593944426
574162664
446418920
168006225
340344866
775761778
177181392
336215453
89055744
172675509
987275276
156740078
896566073
914064910
49352465
764214765
96094966
306356211
26542777
921006934
598021836
503412800
618320363
541838702
400680931
141392106
459318835
155741695
733569898
780241732
585596769
605808512
468143857
528261216
742974424
129870231
437828984
624754551
254434953
959193190
677961114
387364260
694116897
263305694
466261322
499554334
628299851
516890212
159723294
171579724
784426443
438678990
51576262
517672412
706965412
565909165
340325239
792775886
304795168
550785237
953280237
512038641
864079455
935440004
956746204
217568990
480322573
49675700
145166720
550054299
372837631
332003085
353869310
254228230
640146554
723884929
638624946
627079689
493472860
923284814
298654495
926016754
240799739
431659005
932385119
841043055
657373998
240766
203799308
707295042
641229614
587919037
545839417
442629093
495103740
553980952
329414127
904437120
954822938
338141487
967119921
643658496
17600864
12621071
391197386
187916128
537014878
496147170
557066467
478111903
384819766
869692518
347009321
64942619
491459768
319062362
645514016
379687815
263031326
138258127
966366640
449667243
18857282
191658927
307775603
35988030
131294423
43973580
92807875
845286008
992295189
923181861
503112228
830173256
749039748
283093792
307517246
521706903
322868735
194441060
423009874
697137679
202658950
123185892
468027986
893738298
973288344
273926107
400292570
610233294
626549649
843217393
418979514
96159161
314525395
902426358
107968178
734222421
747749762
337238322
24928158
839848652
911643394
235884350
643039942
366607479
672170373
606447137
360543472
349244440
559052058
911168119
88314493
290384723
628643904
797455141
332411808
406622425
430084222
773559174
93554010
884862206
5309379
464549295
590267923
291713165
30326434
36990918
494412358
37197854
842941111
950865753
523746829
781139308
354834721
197411263
639059684
106604384
98655967
179110272
602262232
297722231
863751761
628609055
536973995
746107634
84708484
461186214
923839428
702374669
718698979
506086080
592088365
11631688
189343920
37157007
507465618
943504556
51456459
148003178
174569014
804696152
649361297
617990282
416141142
782101729
887956659
737732274
196354748
919277439
963958540
702335149
690024981
39689288
887807982
622974565
779485909
52732378
826755856
771508752
946683169
447869768
248856161
57544967
612853908
784609272
749533573
471445914
902365663
232139577
932434562
768345824
327758428
691315455
77170123
305440495
799503414
849140882
625274791
144869041
759825055
490832065
316073844
115784879
705347857
177837006
40546272
438303740
226224643
156004764
341004220
574228069
979071861
895030579
550745825
128920203
346235633
476330627
454789437
92574142
842846182
786345976
696063749
443605872
902714342
843593531
833188732
255159106
478944418
814598343
873376834
839411236
943241993
930344183
940490724
879006929
156096669
507090977
222437150
41181333
57206818
360380414
814501757
290224004
372158510
408641400
63107446
780141996
144209456
261314610
636363556
533504817
238951785
829236896
822167225
856464221
71254687
708474024
809365824
640006927
884601154
353176131
565825678
594226260
262131919
210816666
987666457
396193300
666633850
990927748
364273981
497004233
554040940
186654365
593944426
574162664
446418920
168006225
340344866
775761778
177181392
336215453
89055744
172675509
987275276
156740078
896566073
914064910
49352465
764214765
96094966
306356211
26542777
921006934
598021836
503412800
618320363
541838702
400680931
141392106
459318835
155741695
733569898
780241732
585596769
605808512
468143857
528261216
742974424
129870231
437828984
624754551
254434953
959193190
677961114
387364260
694116897
263305694
466261322
499554334
628299851
516890212
159723294
171579724
784426443
438678990
51576262
517672412
706965412
565909165
340325239
792775886
304795168
550785237
953280237
512038641
864079455
935440004
956746204
217568990
480322573
49675700
145166720
550054299
372837631
332003085
353869310
254228230
640146554
723884929
638624946
627079689
493472860
923284814
298654495
926016754
240799739
431659005
932385119
841043055
657373998
240766
203799308
707295042
641229614
587919037
545839417
442629093
495103740
553980952
329414127
904437120
954822938
338141487
967119921
643658496
17600864
12621071
391197386
187916128
537014878
496147170
557066467
478111903
384819766
869692518
347009321
64942619
491459768
319062362
645514016
379687815
263031326
138258127
