718708379
1
832927685
326270509
738819566
50716641
476776986
858977302
176230785
463874425
718708379
1
551456976
800587979
707820050
78069466
738819566
793921701
463874425
73366986
133550842
560949832
719883002
242441947
101550410
826605762
997744533
217618529
663092777
56715251
989199811
68695399
767928061
42298523
616698564
72019067
352719047
791086477
9156528
836204083
395075143
249554666
718708379
1
738819566
463874425
803649214
718708379
1
738819566
932308278
463874425
53914753
221738428
718708379
1
1
738819566
7830536
732767302
7011268
773081523
463874425
604834122
718708379
650147052
763018989
719953878
975242024
565703141
578315732
656516167
486195670
671987296
394116788
65139532
854518566
921736285
1
516201840
45571947
738819566
463874425
718708379
141713353
876554431
94921427
989574883
82227916
515309649
790297008
359278576
669531602
745087458
662206863
1
150018369
957719011
738819566
463874425
722095660
348784318
718708379
607322255
9266117
1
738819566
378913036
416520186
198617366
53384234
671640670
463874425
332570675
718708379
1
738819566
970584981
8434541
580132657
980868852
388258041
65835757
725964280
451094354
30440951
705168781
393484696
890706569
451574221
818183854
86098717
390506647
111051057
675144521
463874425
574613885
718708379
1
639364526
928434434
738819566
913886964
463874425
718708379
755752525
948099625
417431069
1
230615195
918720174
917695092
634565119
1
432126818
743552268
407918979
806458876
163970338
738819566
2273419
811677719
278627187
254972346
483727916
887989142
210889286
463874425
718708379
734295462
996135446
732874644
551952181
114199768
936310862
871456853
502033834
878162389
597763747
734754842
295710005
568194404
855721654
122504328
144171123
1
738819566
240290584
463874425
327842606
718708379
1
464532656
947418945
151161769
738819566
811069006
279964756
674511706
241665829
455979121
868387712
320225945
747009041
463874425
718708379
247707651
698681441
651850020
1
793921701
463874425
718708379
1
738819566
463874425
34810231
704907183
718708379
1
520680372
485246907
597222545
738819566
463874425
718708379
638296961
35449406
847308100
624637797
895326689
1
1
950013038
398028345
463024943
489613698
208565655
505963080
79439365
952504706
396990175
547106772
97980841
738819566
493295235
396770498
13202139
919898460
468369297
985694349
463874425
718708379
1
738819566
463874425
718708379
1
961893407
102130194
206250054
738819566
463874425
718708379
1
738819566
640201878
463874425
718708379
139689335
57142127
1
328766394
107942879
738819566
463874425
718708379
309085015
1
738819566
463874425
718708379
1
1
781539125
924327820
370834340
142626542
918444686
424679315
153712119
326779240
643738990
452093180
632802268
81713732
637959346
738819566
463874425
718708379
929437992
1
905687265
831518113
969327058
738819566
463874425
530230080
205704462
127442461
718708379
1
854139483
738819566
59514823
494479345
116583001
941226314
969908385
396545855
463874425
366332555
718708379
1
634228426
195065924
357954314
138311287
704839740
463874425
665020934
137874153
663149595
218065337
718708379
1
863369441
738819566
463874425
718708379
1
738819566
717697800
29565805
539682317
353312664
258280424
817072150
88801868
591354465
463874425
718708379
1
1
738819566
812462756
463874425
718708379
830581560
701141694
1
738819566
261035464
972392767
652298292
994233560
225637622
91682350
898496845
617991530
866079072
970920764
483862353
671382
924519317
561119068
928294847
230120160
912816998
594808219
727691679
885963515
285465364
463874425
502291799
150153564
620733947
718708379
1
738819566
463874425
718708379
1
738819566
463874425
718708379
1
270607694
738819566
78570861
463874425
718708379
1
738819566
42006731
463874425
9274808
459119307
569686264
718708379
915879105
48201252
898139325
463494561
822446650
350407169
767647776
423098093
12980083
425076570
578764054
1
1
738819566
932547551
463874425
718708379
1
368756567
738819566
463874425
631623122
718708379
1
9703033
738819566
463874425
718708379
1
71279862
793921701
244668267
520634696
166640597
771345766
109382380
97683999
745096927
554441736
