95841534
683407705
777515269
361899690
412251367
658885416
429793264
18736737
896542225
158563315
169328691
658604992
900116902
57384125
934762532
934762532
934762532
934762532
934762532
934762532
934762532
934762532
934762532
934762532
934762532
934762532
934762532
934762532
934762532
934762532
934762532
934762532
934762532
934762532
934762532
934762532
934762532
934762532
934762532
934762532
934762532
934762532
934762532
934762532
934762532
934762532
934762532
934762532
934762532
934762532
934762532
934762532
934762532
934762532
934762532
934762532
934762532
934762532
934762532
934762532
934762532
934762532
934762532
934762532
934762532
934762532
934762532
934762532
934762532
934762532
934762532
934762532
934762532
934762532
934762532
934762532
934762532
934762532
