522866786
54274379
340344960
747841141
563032768
338649911
280468497
642282883
519972472
357514020
597925357
478340323
466425958
446797053
501456651
919804130
517445747
146981557
73828203
597952887
851547495
476873139
679034545
228782245
763566601
478578864
832277037
611253201
966429869
370927568
695690864
802077007
729852602
61734500
121013383
925143329
465739143
759711829
721615800
530474595
73221190
739364008
553858137
58442244
517948430
575917473
433314536
197142138
253226405
128442974
576856850
491175974
800714842
348334231
463053643
331504611
558149549
144123917
368519194
529534842
955355503
964254045
840984880
183689548
111813748
448793374
225335451
226637388
236837118
530309249
679941197
156978466
917429298
453802247
768325244
786017447
784954081
246108501
805950707
257513640
240439721
549467301
833460807
275728026
556172474
891576051
535242557
322008780
138029978
435269440
786508675
575307236
330240029
736071940
642161941
985808129
860799026
606711425
294438525
387673589
279887609
600332303
874514572
123244593
93558986
91932762
294518315
902107070
8656205
690090387
509435223
439813593
1848384
57721050
126576006
113104314
483378828
689157153
583522538
346763364
940899537
155144487
704514588
257226083
351392156
367865328
968863003
407530880
646587030
390381589
936978219
651462048
736374921
26083920
907708938
220839189
854800193
109703471
961104795
733305896
751689749
248774252
240750912
40173083
694879689
361066195
683474524
710002532
651770255
469038457
526677767
71658710
261414556
214297509
82308720
375669404
808442811
847941802
975744066
977022384
891270331
181105443
662572383
80672420
622272784
23890981
88804666
609046184
240555754
639462578
56046154
506057401
116049059
904772061
402498191
885692022
679955984
492453005
380522001
977098170
284841469
638912110
972068522
118632200
316997043
677261480
563984073
94443318
367406422
150666333
483749820
290374017
504783663
661149855
279455777
606345115
618727224
967650686
318509603
110901206
771934874
174304046
901400292
70074137
790242869
715082190
610455067
217851267
217468448
708745301
850867883
830580032
66222110
857170985
827632174
531010887
429643859
719009798
546938310
797262657
84601048
533188303
482271034
161103795
243604367
791672927
19230348
928853745
27877627
287536433
3887940
141434581
810243100
172701898
688236643
579850729
728739696
678092558
70373119
50716609
50716609
50716609
50716609
50716609
50716609
50716609
50716609
50716609
50716609
50716609
50716609
50716609
50716609
50716609
50716609
50716609
50716609
50716609
50716609
50716609
50716609
50716609
50716609
50716609
50716609
50716609
50716609
50716609
50716609
50716609
50716609
50716609
50716609
50716609
50716609
50716609
50716609
50716609
50716609
50716609
50716609
50716609
50716609
50716609
50716609
50716609
50716609
50716609
50716609
50716609
50716609
50716609
50716609
50716609
50716609
50716609
50716609
50716609
50716609
50716609
50716609
50716609
50716609
50716609
50716609
50716609
50716609
50716609
50716609
50716609
50716609
50716609
50716609
50716609
50716609
50716609
50716609
50716609
50716609
50716609
50716609
50716609
50716609
50716609
50716609
50716609
50716609
50716609
50716609
50716609
50716609
50716609
50716609
50716609
50716609
50716609
50716609
50716609
50716609
50716609
50716609
50716609
50716609
50716609
50716609
50716609
50716609
50716609
50716609
50716609
50716609
50716609
50716609
50716609
50716609
50716609
50716609
50716609
50716609
50716609
50716609
50716609
50716609
50716609
50716609
50716609
50716609
50716609
50716609
50716609
50716609
50716609
50716609
50716609
50716609
50716609
50716609
50716609
50716609
50716609
50716609
50716609
50716609
50716609
50716609
50716609
50716609
50716609
50716609
50716609
50716609
50716609
50716609
50716609
50716609
50716609
50716609
50716609
50716609
50716609
50716609
50716609
50716609
50716609
50716609
50716609
50716609
50716609
50716609
50716609
50716609
50716609
50716609
50716609
50716609
50716609
50716609
50716609
50716609
50716609
50716609
50716609
50716609
50716609
50716609
50716609
50716609
50716609
50716609
50716609
50716609
50716609
50716609
50716609
50716609
50716609
50716609
50716609
50716609
50716609
50716609
50716609
50716609
50716609
50716609
50716609
50716609
50716609
50716609
50716609
50716609
50716609
50716609
50716609
50716609
50716609
50716609
50716609
50716609
50716609
50716609
50716609
50716609
50716609
50716609
50716609
50716609
50716609
50716609
50716609
50716609
50716609
50716609
50716609
50716609
50716609
50716609
50716609
50716609
50716609
50716609
50716609
50716609
50716609
50716609
50716609
50716609
50716609
50716609
50716609
50716609
50716609
50716609
50716609
50716609
50716609
50716609
50716609
50716609
50716609
50716609
50716609
50716609
50716609
50716609
50716609
50716609
50716609
50716609
50716609
50716609
50716609
50716609
50716609
50716609
50716609
50716609
50716609
50716609
50716609
50716609
50716609
50716609
50716609
50716609
50716609
50716609
50716609
50716609
50716609
50716609
50716609
50716609
50716609
50716609
50716609
50716609
50716609
50716609
50716609
50716609
50716609
50716609
50716609
50716609
50716609
50716609
50716609
50716609
50716609
50716609
50716609
50716609
50716609
50716609
50716609
50716609
50716609
50716609
50716609
50716609
50716609
50716609
50716609
50716609
50716609
50716609
50716609
50716609
50716609
50716609
50716609
50716609
50716609
50716609
50716609
50716609
50716609
50716609
50716609
50716609
50716609
50716609
50716609
50716609
50716609
50716609
50716609
50716609
50716609
50716609
50716609
50716609
50716609
50716609
50716609
50716609
50716609
50716609
50716609
50716609
50716609
50716609
50716609
50716609
50716609
50716609
50716609
50716609
50716609
50716609
50716609
50716609
50716609
50716609
50716609
50716609
50716609
50716609
50716609
50716609
50716609
50716609
50716609
50716609
50716609
50716609
50716609
50716609
50716609
50716609
50716609
50716609
50716609
50716609
50716609
50716609
50716609
50716609
50716609
50716609
50716609
50716609
50716609
50716609
50716609
50716609
50716609
50716609
50716609
50716609
50716609
50716609
50716609
50716609
50716609
50716609
50716609
50716609
50716609
50716609
50716609
50716609
50716609
50716609
50716609
50716609
50716609
50716609
50716609
50716609
50716609
50716609
50716609
50716609
50716609
50716609
50716609
50716609
50716609
50716609
50716609
50716609
50716609
50716609
50716609
50716609
50716609
50716609
50716609
50716609
50716609
50716609
50716609
50716609
50716609
50716609
50716609
50716609
50716609
50716609
50716609
50716609
50716609
50716609
50716609
50716609
50716609
50716609
50716609
50716609
50716609
50716609
50716609
50716609
50716609
50716609
50716609
50716609
50716609
50716609
50716609
50716609
50716609
50716609
50716609
50716609
50716609
50716609
50716609
50716609
50716609
50716609
50716609
50716609
50716609
50716609
50716609
50716609
50716609
50716609
50716609
50716609
50716609
50716609
50716609
50716609
50716609
50716609
50716609
50716609
