57220651
470892444
969079863
594329364
305714532
942981878
716352569
575114615
849439098
591091401
185373640
729323759
960404517
433682483
379413959
561377139
208727194
382443915
375887556
30569522
873192076
378812482
303571658
483673006
38566766
520274115
917037511
351721167
433047087
223214743
419230523
1788632
914605710
104768921
564200208
409714851
917495503
718480975
385680711
455254826
127731826
392065136
57309129
567630299
351858832
62075431
234389380
685640254
174665267
160315458
792636964
867344405
524036488
425213042
326688710
562322259
504797715
254498335
339993700
78639208
17746454
68484079
256521353
896621164
260871896
313074651
165013399
106008236
409482327
244368160
507579176
441202226
442016981
995586666
537472420
211366893
544709891
355181172
545080898
930207712
490089901
220251679
380185434
949725045
2167688
390680498
737402177
32771813
454353566
972356850
130955185
610321545
753174021
212174953
870057815
211671788
464685418
707105752
928758618
922425863
723794867
497178355
656555767
941750709
88464917
804739233
728866124
269164649
328113171
108202540
380304544
73052276
628533042
170454039
388487906
2887125
816077681
724827939
326589525
753126739
554193477
783621676
105072278
140280670
447431077
587365076
446311176
559721043
974005810
619606882
550374963
715943749
45074189
662731664
402517189
192301045
348521680
943610710
694096564
372504804
727575615
368138222
186573036
291341448
123851370
418956277
617344989
111138755
500345355
423984500
995237110
897633862
462386265
244658949
444237282
743583126
973411176
568083286
478977735
786099963
181262543
297879418
682756217
976077488
778511152
778411531
99672619
491439519
867078342
913006249
420027744
330845091
734210873
784029669
336596810
234306303
720954507
950039733
664875897
837968446
60545678
985672183
379034679
386928352
813711774
553383299
466963676
952086863
260770662
993308556
553619890
969447745
43614960
48611400
704157584
373955723
330001625
910822689
540555902
772525570
740742309
316772562
12369151
436736700
175362019
546118432
512530780
217066444
362353441
93388886
158160742
620764438
160677558
968258569
918751645
933541201
319250968
879020274
83743344
13808667
814807394
969673087
172456004
304172447
51138936
609239010
979374397
210818842
440637689
365642304
480446165
681003360
865443082
143486094
891989248
324049030
189814473
855772362
709715379
870296887
237476816
737236747
108856431
103422241
490659369
475587993
972481602
176730065
847818678
615903149
463602427
908423559
546252219
658515810
18829198
548857261
385981034
687016047
243609292
937235619
593427942
698355569
935127371
486016732
706413171
415022236
734617511
910506419
535925205
204127308
328264312
723172216
310373823
473797540
540197962
811207647
18099867
796660355
365882065
704673864
575101141
515381649
113294979
491941328
663205470
290425975
677934283
778794044
266121925
894701730
391234156
795471932
33970018
177213925
344622512
372578726
525886610
3244145
571314161
36837825
452953592
238893050
725799067
458381287
802849033
497669276
385462110
756967284
341142514
244441754
348074373
328422560
87441594
647957565
266271565
229819008
76220474
478953015
631607470
154516738
937728304
208451915
225767113
608552434
319018552
290368509
841418842
455681436
882872457
117576029
707394013
150332784
730168275
387404070
848404389
857956111
762578427
649419914
949557674
934569176
328091165
148754556
156053262
406879218
446194281
805313147
875880158
530144212
2528248
836324368
690043381
18381040
746069091
192559034
744650291
598976823
356262363
146375722
942118984
486042865
395233474
672637568
481804586
822946619
160337195
535671227
859229367
870000206
248926329
498134769
930600298
774356232
965194857
940405316
574986582
200570577
794585706
969778172
358073635
970899395
331062405
358221809
693726404
804303361
802022375
729475087
949682761
313409143
864048124
702008076
313865279
638429202
689210857
761294955
785879215
423148849
714969609
192227995
681949416
132919913
384870054
864484627
24229362
600062248
850419762
774276897
481030392
400610320
37476860
933498728
770985524
281524176
624232099
54893098
931792682
705284968
892547116
61717576
533362398
440248715
378856611
308400846
498191709
194834351
981875602
452015301
437711293
166794526
498605899
875987327
269769437
795401040
678947598
957201632
151602222
443004203
135588395
996767653
611763147
289077031
973439450
923348799
837847134
245608750
829227527
934392072
150456014
389865393
358756525
607015410
457985881
11386103
495017187
539275474
571997585
680110769
440105291
37644612
355005131
148488248
802851180
770451528
42874882
450160259
24828935
782246226
795229265
187614780
456574975
180049636
961281530
383905659
780479506
984110671
822843304
994629236
467759121
543980158
689887946
739385139
101504131
317288655
550813364
456256551
710479225
906647241
421213535
596835280
865321004
896602301
482207270
931557434
854919318
829934017
16839065
808005228
559495826
396639863
733714660
184983427
654296843
504794758
703759968
705898879
521214194
807069257
433278325
649506298
859998651
203889295
62228270
454473634
82911114
463831407
124382425
358782260
632094627
266970512
455684987
706573479
85287682
896138966
451136669
526630712
696423902
869831093
326350592
480463408
547289112
566275189
208952024
405238926
147862547
366356829
429665540
715258641
282121203
933089684
838638575
743663189
563685907
935226899
157577484
770452221
95542546
259489374
11568887
467531372
769271367
194075491
907598990
526771670
28632487
23391993
573378631
326910650
837706614
279062763
89459673
465293497
82327830
591317034
406388096
248114820
911289155
430484822
275570816
64722094
300669684
919271273
572619108
669184668
665381008
933270837
959979581
413161204
406041485
279585034
848860886
706927267
375313554
138768345
942666290
581449661
614331858
445617622
487675733
699382073
564001714
290772335
106994348
676911599
575422739
49354009
553301741
817994308
128817505
516849550
598300371
43976912
279966722
758245696
991574429
984859121
648260966
853389486
86985926
12815324
844465559
670694478
864586162
206513571
144459817
248589447
877179576
573937674
773902112
507683934
419050813
678970980
30760196
346242899
460887149
639794294
972001156
601290621
441863593
75939399
551999835
801526967
918091671
338457424
781623429
299293019
819515727
995499872
996384695
307525134
152545728
804817284
173017660
282029011
426265867
536460634
874558724
828592428
719701268
761266860
198203281
135733369
778848932
367848005
500331348
727056747
195712402
129107471
197946819
610307106
573177731
429749356
445119988
52218599
821831233
402115590
775539176
529169436
50202663
833043262
401255182
601584398
787971522
685777359
577606629
802083061
976039833
688466894
568191034
104384452
337788140
640380550
976397881
310332534
328177416
965274716
695150227
812043104
28169564
365655082
285711717
409931383
80317265
705792099
543297873
532157780
626790872
867775034
151220780
605127250
414361421
56514685
709184734
410847736
335398982
12590457
744275343
750314440
23678844
525733891
431517183
56886095
559093988
973076435
575432199
280875529
423767792
917175328
441528451
853800995
258712252
550719559
90293759
216946692
643201826
938614994
780958835
826733606
944875501
321216580
516878653
79080177
846818090
209241815
766415345
679608244
532376711
508562259
91194564
608490130
306336581
384463622
932661175
59950622
293100015
962929772
384174905
241213520
468021609
438583643
469380518
762368690
81941310
121623717
397476190
190904156
89033388
459030069
118544489
309304045
115296113
355897731
735839115
705026188
735680366
73670983
765178978
830584814
436845900
192296860
821736918
608854230
566400920
93238997
945353569
876884070
332693293
834977260
676604972
41201481
310273414
64952721
328428750
282767785
811578636
130691640
347417380
240992667
893776724
767802129
780976090
758640188
471979287
348819086
419876612
457804896
484681467
447004000
20702560
985944877
445832869
775803190
502748137
810015215
559476329
449614100
72749303
33119568
674175256
44494979
444893953
254640919
546911078
42166929
223875716
148007680
311203943
189972812
295755785
978905536
719781474
775732218
849525092
107247646
61529963
287904386
913158631
921470057
292225578
528104799
55256242
766795986
212317226
406602571
964520078
850712007
970498072
53460504
435707443
993695605
343414000
396454930
97416197
915573226
165928747
928707461
892954567
654474152
957866945
227953771
530371852
147961384
435575908
546188940
91404479
581804606
137001628
607275249
573369679
114955881
421164579
996257123
216924959
941331343
178373509
499017240
874808786
412525879
383259988
930428004
622962435
272519937
742650232
197520679
52309313
264153
25459796
835679342
669988025
600266961
586396612
247144047
122544210
979191142
583516320
25310721
152092375
594763212
791166073
766561104
139057236
962262841
393919906
873250465
666733055
21842082
131339311
33040637
909200468
380328186
380328186
380328186
380328186
380328186
380328186
380328186
380328186
380328186
380328186
380328186
380328186
380328186
380328186
380328186
380328186
380328186
380328186
380328186
380328186
380328186
380328186
380328186
380328186
380328186
380328186
380328186
380328186
380328186
380328186
380328186
380328186
380328186
380328186
380328186
380328186
380328186
380328186
380328186
380328186
380328186
380328186
380328186
380328186
380328186
380328186
380328186
380328186
380328186
380328186
380328186
380328186
380328186
380328186
380328186
380328186
380328186
380328186
380328186
380328186
380328186
380328186
380328186
380328186
380328186
380328186
380328186
380328186
380328186
380328186
380328186
380328186
380328186
380328186
380328186
380328186
380328186
380328186
380328186
380328186
380328186
380328186
380328186
380328186
380328186
380328186
380328186
380328186
380328186
380328186
380328186
380328186
380328186
380328186
380328186
380328186
380328186
380328186
380328186
380328186
380328186
380328186
380328186
380328186
380328186
380328186
380328186
380328186
380328186
380328186
380328186
380328186
380328186
380328186
380328186
380328186
380328186
380328186
380328186
380328186
380328186
380328186
380328186
380328186
380328186
380328186
380328186
380328186
380328186
380328186
380328186
380328186
380328186
380328186
380328186
380328186
380328186
380328186
380328186
380328186
380328186
380328186
380328186
380328186
380328186
380328186
380328186
380328186
380328186
380328186
380328186
380328186
380328186
380328186
380328186
380328186
380328186
380328186
380328186
380328186
380328186
380328186
380328186
380328186
380328186
380328186
380328186
380328186
380328186
380328186
380328186
380328186
380328186
380328186
380328186
380328186
380328186
380328186
380328186
380328186
380328186
380328186
380328186
380328186
380328186
380328186
380328186
380328186
380328186
380328186
380328186
380328186
380328186
380328186
380328186
380328186
380328186
380328186
380328186
380328186
380328186
380328186
380328186
380328186
380328186
380328186
380328186
380328186
380328186
380328186
380328186
380328186
380328186
380328186
380328186
380328186
380328186
380328186
380328186
380328186
380328186
380328186
380328186
380328186
380328186
380328186
380328186
380328186
380328186
380328186
380328186
380328186
380328186
380328186
380328186
380328186
380328186
380328186
380328186
380328186
380328186
380328186
380328186
380328186
380328186
380328186
380328186
380328186
380328186
380328186
380328186
380328186
380328186
380328186
380328186
380328186
380328186
380328186
380328186
380328186
380328186
380328186
380328186
380328186
380328186
380328186
380328186
380328186
380328186
380328186
380328186
380328186
380328186
380328186
380328186
380328186
380328186
380328186
380328186
380328186
380328186
380328186
380328186
380328186
380328186
380328186
380328186
380328186
380328186
380328186
380328186
380328186
380328186
380328186
380328186
380328186
380328186
380328186
380328186
380328186
380328186
380328186
380328186
380328186
380328186
380328186
380328186
380328186
380328186
380328186
380328186
380328186
380328186
380328186
380328186
380328186
380328186
380328186
380328186
380328186
380328186
380328186
380328186
380328186
380328186
380328186
380328186
380328186
380328186
380328186
380328186
380328186
380328186
380328186
380328186
380328186
380328186
380328186
380328186
380328186
380328186
380328186
380328186
380328186
380328186
380328186
380328186
380328186
380328186
380328186
380328186
380328186
380328186
380328186
380328186
380328186
380328186
380328186
380328186
380328186
380328186
380328186
380328186
380328186
380328186
380328186
380328186
380328186
380328186
380328186
380328186
380328186
380328186
380328186
380328186
380328186
380328186
380328186
380328186
380328186
380328186
380328186
380328186
380328186
380328186
380328186
380328186
380328186
380328186
380328186
380328186
380328186
380328186
380328186
380328186
380328186
380328186
380328186
380328186
380328186
380328186
380328186
380328186
380328186
380328186
380328186
380328186
380328186
380328186
380328186
380328186
380328186
380328186
380328186
380328186
380328186
380328186
380328186
380328186
380328186
380328186
380328186
380328186
380328186
380328186
380328186
380328186
380328186
380328186
380328186
380328186
380328186
380328186
380328186
380328186
380328186
380328186
380328186
380328186
380328186
380328186
380328186
380328186
380328186
380328186
380328186
380328186
380328186
380328186
380328186
380328186
380328186
380328186
380328186
380328186
380328186
380328186
380328186
380328186
380328186
380328186
380328186
380328186
380328186
380328186
380328186
380328186
380328186
380328186
380328186
380328186
380328186
380328186
380328186
380328186
380328186
380328186
380328186
380328186
380328186
380328186
380328186
380328186
380328186
380328186
380328186
380328186
380328186
380328186
380328186
380328186
380328186
380328186
380328186
380328186
380328186
380328186
380328186
380328186
380328186
380328186
380328186
380328186
380328186
380328186
380328186
380328186
380328186
380328186
380328186
380328186
380328186
380328186
380328186
380328186
380328186
380328186
380328186
380328186
380328186
380328186
380328186
380328186
380328186
380328186
380328186
380328186
380328186
380328186
380328186
380328186
380328186
380328186
380328186
380328186
380328186
380328186
380328186
380328186
380328186
380328186
380328186
380328186
380328186
380328186
380328186
380328186
380328186
380328186
380328186
380328186
380328186
380328186
380328186
380328186
380328186
380328186
380328186
380328186
380328186
380328186
380328186
380328186
380328186
380328186
380328186
380328186
380328186
380328186
380328186
380328186
380328186
380328186
380328186
380328186
380328186
380328186
380328186
380328186
380328186
380328186
380328186
380328186
380328186
380328186
380328186
380328186
380328186
380328186
380328186
380328186
380328186
380328186
380328186
380328186
380328186
380328186
380328186
380328186
380328186
380328186
380328186
380328186
380328186
380328186
380328186
380328186
380328186
380328186
380328186
380328186
380328186
380328186
380328186
380328186
380328186
380328186
380328186
380328186
380328186
380328186
380328186
380328186
380328186
380328186
380328186
380328186
380328186
380328186
380328186
380328186
380328186
380328186
380328186
380328186
380328186
380328186
380328186
380328186
380328186
380328186
380328186
380328186
380328186
380328186
380328186
380328186
380328186
380328186
380328186
380328186
380328186
380328186
380328186
380328186
380328186
380328186
380328186
380328186
380328186
380328186
380328186
380328186
380328186
380328186
380328186
380328186
380328186
380328186
380328186
380328186
380328186
380328186
380328186
380328186
380328186
380328186
380328186
380328186
380328186
380328186
380328186
380328186
380328186
380328186
380328186
380328186
380328186
380328186
380328186
380328186
380328186
380328186
380328186
380328186
380328186
380328186
380328186
380328186
380328186
380328186
380328186
380328186
380328186
380328186
380328186
380328186
380328186
380328186
380328186
380328186
380328186
380328186
380328186
380328186
380328186
380328186
380328186
380328186
380328186
380328186
380328186
380328186
380328186
380328186
380328186
380328186
380328186
380328186
380328186
380328186
380328186
380328186
380328186
380328186
380328186
380328186
380328186
380328186
380328186
380328186
380328186
380328186
380328186
380328186
380328186
380328186
380328186
380328186
380328186
380328186
380328186
380328186
380328186
380328186
380328186
380328186
380328186
380328186
380328186
380328186
380328186
380328186
380328186
380328186
380328186
380328186
380328186
380328186
380328186
380328186
380328186
380328186
380328186
380328186
380328186
380328186
380328186
380328186
380328186
380328186
380328186
380328186
380328186
380328186
380328186
380328186
380328186
380328186
380328186
380328186
380328186
380328186
380328186
380328186
380328186
380328186
380328186
380328186
380328186
380328186
380328186
380328186
380328186
380328186
380328186
380328186
380328186
380328186
380328186
380328186
380328186
380328186
380328186
380328186
380328186
380328186
380328186
380328186
380328186
380328186
380328186
380328186
380328186
380328186
380328186
380328186
380328186
380328186
380328186
380328186
380328186
380328186
380328186
380328186
380328186
380328186
380328186
380328186
380328186
380328186
380328186
380328186
380328186
380328186
380328186
380328186
380328186
380328186
380328186
380328186
380328186
380328186
380328186
380328186
380328186
380328186
380328186
380328186
380328186
380328186
380328186
380328186
380328186
380328186
380328186
380328186
380328186
380328186
380328186
380328186
380328186
380328186
380328186
380328186
380328186
380328186
380328186
380328186
380328186
380328186
380328186
380328186
380328186
380328186
380328186
380328186
380328186
380328186
380328186
380328186
380328186
380328186
380328186
380328186
380328186
380328186
380328186
380328186
380328186
380328186
380328186
380328186
380328186
380328186
380328186
380328186
380328186
380328186
380328186
380328186
380328186
380328186
380328186
380328186
380328186
380328186
380328186
380328186
380328186
380328186
380328186
380328186
380328186
380328186
380328186
380328186
380328186
380328186
380328186
380328186
380328186
380328186
380328186
380328186
380328186
380328186
380328186
380328186
380328186
380328186
380328186
380328186
380328186
380328186
380328186
380328186
380328186
380328186
380328186
380328186
380328186
380328186
380328186
380328186
380328186
380328186
380328186
380328186
380328186
380328186
380328186
380328186
380328186
380328186
380328186
380328186
380328186
380328186
380328186
380328186
380328186
380328186
380328186
380328186
380328186
380328186
380328186
380328186
380328186
380328186
380328186
380328186
380328186
380328186
380328186
380328186
380328186
380328186
380328186
380328186
380328186
380328186
380328186
380328186
380328186
380328186
380328186
380328186
380328186
380328186
380328186
380328186
380328186
380328186
380328186
380328186
380328186
380328186
380328186
380328186
380328186
380328186
380328186
380328186
380328186
380328186
380328186
380328186
380328186
380328186
380328186
380328186
380328186
380328186
380328186
380328186
380328186
380328186
380328186
380328186
380328186
380328186
380328186
380328186
380328186
380328186
380328186
380328186
380328186
380328186
380328186
380328186
380328186
380328186
380328186
380328186
380328186
380328186
380328186
380328186
380328186
380328186
380328186
380328186
380328186
380328186
380328186
380328186
380328186
380328186
380328186
380328186
380328186
380328186
380328186
380328186
380328186
380328186
380328186
380328186
380328186
380328186
380328186
380328186
380328186
380328186
380328186
380328186
380328186
380328186
380328186
380328186
380328186
380328186
380328186
380328186
380328186
380328186
380328186
380328186
380328186
380328186
380328186
380328186
380328186
380328186
380328186
380328186
380328186
380328186
380328186
380328186
380328186
380328186
380328186
380328186
380328186
380328186
380328186
380328186
380328186
380328186
380328186
380328186
380328186
380328186
380328186
380328186
380328186
380328186
380328186
380328186
380328186
380328186
380328186
380328186
380328186
380328186
380328186
380328186
380328186
380328186
380328186
380328186
380328186
380328186
380328186
380328186
380328186
380328186
380328186
380328186
380328186
380328186
380328186
380328186
380328186
380328186
380328186
380328186
380328186
380328186
380328186
380328186
380328186
380328186
380328186
380328186
380328186
380328186
380328186
380328186
380328186
380328186
380328186
380328186
380328186
380328186
380328186
380328186
380328186
380328186
380328186
380328186
380328186
380328186
380328186
380328186
380328186
380328186
380328186
380328186
380328186
380328186
380328186
380328186
380328186
380328186
380328186
380328186
380328186
380328186
380328186
380328186
380328186
380328186
380328186
380328186
380328186
380328186
380328186
380328186
380328186
380328186
380328186
380328186
380328186
380328186
380328186
380328186
380328186
380328186
380328186
380328186
380328186
380328186
380328186
380328186
380328186
380328186
380328186
380328186
380328186
380328186
380328186
380328186
380328186
380328186
380328186
380328186
380328186
380328186
380328186
380328186
380328186
380328186
380328186
380328186
380328186
380328186
380328186
380328186
380328186
380328186
380328186
380328186
380328186
380328186
380328186
380328186
380328186
380328186
380328186
380328186
380328186
380328186
380328186
380328186
380328186
380328186
380328186
380328186
380328186
380328186
380328186
380328186
380328186
380328186
380328186
380328186
380328186
380328186
380328186
380328186
380328186
380328186
380328186
380328186
380328186
380328186
380328186
380328186
380328186
380328186
380328186
380328186
380328186
380328186
380328186
380328186
380328186
380328186
380328186
380328186
380328186
380328186
380328186
380328186
380328186
380328186
380328186
380328186
380328186
380328186
380328186
380328186
380328186
380328186
380328186
380328186
380328186
380328186
380328186
380328186
380328186
380328186
380328186
380328186
380328186
380328186
380328186
380328186
380328186
380328186
380328186
380328186
380328186
380328186
380328186
380328186
380328186
380328186
380328186
380328186
380328186
380328186
380328186
380328186
380328186
380328186
380328186
380328186
380328186
380328186
380328186
380328186
380328186
380328186
380328186
380328186
380328186
380328186
380328186
380328186
380328186
380328186
380328186
380328186
380328186
380328186
380328186
380328186
380328186
380328186
380328186
380328186
380328186
380328186
380328186
380328186
380328186
380328186
380328186
380328186
380328186
380328186
380328186
380328186
380328186
380328186
380328186
380328186
380328186
380328186
380328186
380328186
380328186
380328186
380328186
380328186
380328186
380328186
380328186
380328186
380328186
380328186
380328186
380328186
380328186
380328186
380328186
380328186
380328186
380328186
380328186
380328186
380328186
380328186
380328186
380328186
380328186
380328186
380328186
380328186
380328186
380328186
380328186
380328186
380328186
380328186
380328186
380328186
380328186
380328186
380328186
380328186
380328186
380328186
380328186
380328186
380328186
380328186
380328186
380328186
380328186
380328186
380328186
380328186
380328186
380328186
380328186
380328186
380328186
380328186
380328186
380328186
380328186
380328186
380328186
380328186
380328186
380328186
380328186
380328186
380328186
380328186
380328186
380328186
380328186
380328186
380328186
380328186
380328186
380328186
380328186
380328186
380328186
380328186
380328186
380328186
380328186
380328186
380328186
380328186
380328186
380328186
380328186
380328186
380328186
380328186
380328186
380328186
380328186
380328186
380328186
380328186
380328186
380328186
380328186
380328186
380328186
380328186
380328186
380328186
380328186
380328186
380328186
380328186
380328186
380328186
380328186
380328186
380328186
380328186
380328186
380328186
380328186
380328186
380328186
380328186
380328186
380328186
380328186
380328186
380328186
380328186
380328186
380328186
380328186
380328186
380328186
380328186
380328186
380328186
380328186
380328186
380328186
380328186
380328186
380328186
380328186
380328186
380328186
380328186
380328186
380328186
380328186
380328186
380328186
380328186
380328186
380328186
380328186
380328186
380328186
380328186
380328186
380328186
380328186
380328186
380328186
380328186
380328186
380328186
380328186
380328186
380328186
380328186
380328186
380328186
380328186
380328186
380328186
380328186
380328186
380328186
380328186
380328186
380328186
380328186
380328186
380328186
380328186
380328186
380328186
380328186
380328186
380328186
380328186
380328186
380328186
380328186
380328186
380328186
380328186
380328186
380328186
380328186
380328186
380328186
380328186
380328186
380328186
380328186
380328186
380328186
380328186
380328186
380328186
380328186
380328186
380328186
380328186
380328186
380328186
380328186
380328186
380328186
380328186
380328186
380328186
380328186
380328186
380328186
380328186
380328186
380328186
380328186
380328186
380328186
380328186
380328186
380328186
380328186
380328186
380328186
380328186
380328186
380328186
380328186
380328186
380328186
380328186
380328186
380328186
380328186
380328186
380328186
380328186
380328186
380328186
380328186
380328186
380328186
380328186
380328186
380328186
380328186
380328186
380328186
380328186
380328186
380328186
380328186
380328186
380328186
380328186
380328186
380328186
380328186
380328186
380328186
380328186
380328186
380328186
380328186
380328186
380328186
380328186
380328186
380328186
380328186
380328186
380328186
380328186
380328186
380328186
380328186
380328186
380328186
380328186
380328186
380328186
380328186
380328186
380328186
380328186
380328186
380328186
380328186
380328186
380328186
380328186
380328186
380328186
380328186
380328186
380328186
380328186
380328186
380328186
380328186
380328186
380328186
380328186
380328186
380328186
380328186
380328186
380328186
380328186
380328186
380328186
380328186
380328186
380328186
380328186
380328186
380328186
380328186
380328186
380328186
380328186
380328186
380328186
380328186
380328186
380328186
380328186
380328186
380328186
380328186
380328186
380328186
380328186
380328186
380328186
380328186
380328186
380328186
380328186
380328186
380328186
380328186
380328186
380328186
380328186
380328186
380328186
380328186
380328186
380328186
380328186
380328186
380328186
380328186
380328186
380328186
380328186
380328186
380328186
380328186
380328186
380328186
380328186
380328186
380328186
380328186
380328186
380328186
380328186
380328186
380328186
380328186
380328186
380328186
380328186
380328186
380328186
380328186
380328186
380328186
380328186
380328186
380328186
380328186
380328186
380328186
380328186
380328186
380328186
380328186
380328186
380328186
380328186
380328186
380328186
380328186
380328186
380328186
380328186
380328186
380328186
380328186
380328186
380328186
380328186
380328186
380328186
380328186
380328186
380328186
380328186
380328186
380328186
380328186
380328186
380328186
380328186
380328186
380328186
380328186
380328186
380328186
380328186
380328186
380328186
380328186
380328186
380328186
380328186
380328186
380328186
380328186
380328186
380328186
380328186
380328186
380328186
380328186
380328186
380328186
380328186
380328186
380328186
380328186
380328186
380328186
380328186
380328186
380328186
380328186
380328186
380328186
380328186
380328186
380328186
380328186
380328186
380328186
380328186
380328186
380328186
380328186
380328186
380328186
380328186
380328186
380328186
380328186
380328186
380328186
380328186
380328186
380328186
380328186
380328186
380328186
380328186
380328186
380328186
380328186
380328186
380328186
380328186
380328186
380328186
380328186
380328186
380328186
380328186
380328186
380328186
380328186
380328186
380328186
380328186
380328186
380328186
380328186
380328186
380328186
380328186
380328186
380328186
380328186
380328186
380328186
380328186
380328186
380328186
380328186
380328186
380328186
380328186
380328186
380328186
380328186
380328186
380328186
380328186
380328186
380328186
380328186
380328186
380328186
380328186
380328186
380328186
380328186
380328186
380328186
380328186
380328186
380328186
380328186
380328186
380328186
380328186
380328186
380328186
380328186
380328186
380328186
380328186
380328186
380328186
380328186
380328186
380328186
380328186
380328186
380328186
380328186
380328186
380328186
380328186
380328186
380328186
380328186
380328186
380328186
380328186
380328186
380328186
380328186
380328186
380328186
380328186
380328186
380328186
380328186
380328186
380328186
380328186
380328186
380328186
380328186
380328186
380328186
380328186
380328186
380328186
380328186
380328186
380328186
380328186
380328186
380328186
380328186
380328186
380328186
380328186
380328186
380328186
380328186
380328186
380328186
380328186
380328186
380328186
380328186
380328186
380328186
380328186
380328186
380328186
380328186
380328186
380328186
380328186
380328186
380328186
380328186
380328186
380328186
380328186
380328186
380328186
380328186
380328186
380328186
380328186
380328186
380328186
380328186
380328186
380328186
380328186
380328186
380328186
380328186
380328186
380328186
380328186
380328186
380328186
380328186
380328186
380328186
380328186
380328186
380328186
380328186
380328186
380328186
380328186
380328186
380328186
380328186
380328186
380328186
380328186
380328186
380328186
380328186
380328186
380328186
380328186
380328186
380328186
380328186
380328186
380328186
380328186
380328186
380328186
380328186
380328186
380328186
380328186
380328186
380328186
380328186
380328186
380328186
380328186
380328186
380328186
380328186
380328186
380328186
380328186
380328186
380328186
380328186
380328186
380328186
380328186
380328186
380328186
380328186
380328186
380328186
380328186
380328186
380328186
380328186
380328186
380328186
380328186
380328186
380328186
380328186
380328186
380328186
380328186
380328186
380328186
380328186
380328186
380328186
380328186
380328186
380328186
380328186
380328186
380328186
380328186
380328186
380328186
380328186
380328186
380328186
380328186
380328186
380328186
380328186
380328186
380328186
380328186
380328186
380328186
380328186
380328186
380328186
380328186
380328186
380328186
380328186
380328186
380328186
380328186
380328186
380328186
380328186
380328186
380328186
380328186
380328186
380328186
380328186
380328186
380328186
380328186
380328186
380328186
380328186
380328186
380328186
380328186
380328186
380328186
380328186
380328186
380328186
380328186
380328186
380328186
380328186
380328186
380328186
380328186
380328186
380328186
380328186
380328186
380328186
380328186
380328186
380328186
380328186
380328186
380328186
380328186
380328186
380328186
380328186
380328186
380328186
380328186
380328186
380328186
380328186
380328186
380328186
380328186
380328186
380328186
380328186
380328186
380328186
380328186
380328186
380328186
380328186
380328186
380328186
380328186
380328186
380328186
380328186
380328186
380328186
380328186
380328186
380328186
380328186
380328186
380328186
380328186
380328186
380328186
380328186
380328186
380328186
380328186
380328186
380328186
380328186
380328186
380328186
380328186
380328186
380328186
380328186
380328186
380328186
380328186
380328186
380328186
380328186
380328186
380328186
380328186
380328186
380328186
380328186
380328186
380328186
380328186
380328186
380328186
380328186
380328186
380328186
380328186
380328186
380328186
380328186
380328186
380328186
380328186
380328186
380328186
380328186
380328186
380328186
380328186
380328186
380328186
380328186
380328186
380328186
380328186
380328186
380328186
380328186
380328186
380328186
380328186
380328186
380328186
380328186
380328186
380328186
380328186
380328186
380328186
380328186
380328186
380328186
380328186
380328186
380328186
380328186
380328186
380328186
380328186
380328186
380328186
380328186
380328186
380328186
380328186
380328186
380328186
380328186
380328186
380328186
380328186
380328186
380328186
380328186
380328186
380328186
380328186
380328186
380328186
380328186
380328186
380328186
380328186
380328186
380328186
380328186
380328186
380328186
380328186
380328186
380328186
380328186
380328186
380328186
380328186
380328186
380328186
380328186
380328186
380328186
380328186
380328186
380328186
380328186
380328186
380328186
380328186
380328186
380328186
380328186
380328186
380328186
380328186
380328186
380328186
380328186
380328186
380328186
380328186
380328186
380328186
380328186
380328186
380328186
380328186
380328186
380328186
380328186
380328186
380328186
380328186
380328186
380328186
380328186
380328186
380328186
380328186
380328186
380328186
380328186
380328186
380328186
380328186
380328186
380328186
380328186
380328186
380328186
380328186
380328186
380328186
380328186
380328186
380328186
380328186
380328186
380328186
380328186
380328186
380328186
380328186
380328186
380328186
380328186
380328186
380328186
380328186
380328186
380328186
380328186
380328186
380328186
380328186
380328186
380328186
380328186
380328186
380328186
380328186
380328186
380328186
380328186
380328186
380328186
380328186
380328186
380328186
380328186
380328186
380328186
380328186
380328186
380328186
380328186
380328186
380328186
380328186
380328186
380328186
380328186
380328186
380328186
380328186
380328186
380328186
380328186
380328186
380328186
380328186
380328186
380328186
380328186
380328186
380328186
380328186
380328186
380328186
380328186
380328186
380328186
380328186
380328186
380328186
380328186
380328186
380328186
380328186
380328186
380328186
380328186
380328186
380328186
380328186
380328186
380328186
380328186
380328186
380328186
380328186
380328186
380328186
380328186
380328186
380328186
380328186
380328186
380328186
380328186
380328186
380328186
380328186
380328186
380328186
380328186
380328186
380328186
380328186
380328186
380328186
380328186
380328186
380328186
380328186
380328186
380328186
380328186
380328186
380328186
380328186
380328186
380328186
380328186
380328186
380328186
380328186
380328186
380328186
380328186
380328186
380328186
380328186
380328186
380328186
380328186
380328186
380328186
380328186
380328186
380328186
380328186
380328186
380328186
380328186
380328186
380328186
380328186
380328186
380328186
380328186
380328186
380328186
380328186
380328186
380328186
380328186
380328186
380328186
380328186
380328186
380328186
380328186
380328186
380328186
380328186
380328186
380328186
380328186
380328186
380328186
380328186
380328186
380328186
380328186
380328186
380328186
380328186
380328186
380328186
380328186
380328186
380328186
380328186
380328186
380328186
380328186
380328186
380328186
380328186
380328186
380328186
380328186
380328186
380328186
380328186
380328186
380328186
380328186
380328186
380328186
380328186
380328186
380328186
380328186
380328186
380328186
380328186
380328186
380328186
380328186
380328186
380328186
380328186
380328186
380328186
380328186
380328186
380328186
380328186
380328186
380328186
380328186
380328186
380328186
380328186
380328186
380328186
380328186
380328186
380328186
380328186
380328186
380328186
380328186
380328186
380328186
380328186
380328186
380328186
380328186
380328186
380328186
380328186
380328186
380328186
380328186
380328186
380328186
380328186
380328186
380328186
380328186
380328186
380328186
380328186
380328186
380328186
380328186
380328186
380328186
380328186
380328186
380328186
380328186
380328186
380328186
380328186
380328186
380328186
380328186
380328186
380328186
380328186
380328186
380328186
380328186
380328186
380328186
380328186
380328186
380328186
380328186
380328186
380328186
380328186
380328186
380328186
380328186
380328186
380328186
380328186
380328186
380328186
380328186
380328186
380328186
380328186
380328186
380328186
380328186
380328186
380328186
380328186
380328186
380328186
380328186
380328186
380328186
380328186
380328186
380328186
380328186
380328186
380328186
380328186
380328186
380328186
380328186
380328186
380328186
380328186
380328186
380328186
380328186
380328186
380328186
380328186
380328186
380328186
380328186
380328186
380328186
380328186
380328186
380328186
380328186
380328186
380328186
380328186
380328186
380328186
380328186
380328186
380328186
380328186
380328186
380328186
380328186
380328186
380328186
380328186
380328186
380328186
380328186
380328186
380328186
380328186
380328186
380328186
380328186
380328186
380328186
380328186
380328186
380328186
380328186
380328186
380328186
380328186
380328186
380328186
380328186
380328186
380328186
380328186
380328186
380328186
380328186
380328186
380328186
380328186
380328186
380328186
380328186
380328186
380328186
380328186
380328186
380328186
380328186
380328186
380328186
380328186
380328186
380328186
380328186
380328186
380328186
380328186
380328186
380328186
380328186
380328186
380328186
380328186
380328186
380328186
380328186
380328186
380328186
380328186
380328186
380328186
380328186
380328186
380328186
380328186
380328186
380328186
380328186
380328186
380328186
380328186
380328186
380328186
380328186
380328186
380328186
380328186
380328186
380328186
380328186
380328186
380328186
380328186
380328186
380328186
380328186
380328186
380328186
380328186
380328186
380328186
380328186
380328186
380328186
380328186
380328186
380328186
380328186
380328186
380328186
380328186
380328186
380328186
380328186
380328186
380328186
380328186
380328186
380328186
380328186
380328186
380328186
380328186
380328186
380328186
380328186
380328186
380328186
380328186
380328186
380328186
380328186
380328186
380328186
380328186
380328186
380328186
380328186
380328186
380328186
380328186
380328186
380328186
380328186
380328186
380328186
380328186
380328186
380328186
380328186
380328186
380328186
380328186
380328186
380328186
380328186
380328186
380328186
380328186
380328186
380328186
380328186
380328186
380328186
380328186
380328186
380328186
380328186
380328186
380328186
380328186
380328186
380328186
380328186
380328186
380328186
380328186
380328186
380328186
380328186
380328186
380328186
380328186
380328186
380328186
380328186
380328186
380328186
380328186
380328186
380328186
380328186
380328186
380328186
380328186
380328186
380328186
380328186
380328186
380328186
380328186
380328186
380328186
380328186
380328186
380328186
380328186
380328186
380328186
380328186
380328186
380328186
380328186
380328186
380328186
380328186
380328186
380328186
380328186
380328186
380328186
380328186
380328186
380328186
380328186
380328186
380328186
380328186
380328186
380328186
380328186
380328186
380328186
380328186
380328186
380328186
380328186
380328186
380328186
380328186
380328186
380328186
380328186
380328186
380328186
380328186
380328186
380328186
380328186
380328186
380328186
380328186
380328186
380328186
380328186
380328186
380328186
380328186
380328186
380328186
380328186
380328186
380328186
380328186
380328186
380328186
380328186
380328186
380328186
380328186
380328186
380328186
380328186
380328186
380328186
380328186
380328186
380328186
380328186
380328186
380328186
380328186
380328186
380328186
380328186
380328186
380328186
380328186
380328186
380328186
380328186
380328186
380328186
380328186
380328186
380328186
380328186
380328186
380328186
380328186
380328186
380328186
380328186
380328186
380328186
380328186
380328186
380328186
380328186
380328186
380328186
380328186
380328186
380328186
380328186
380328186
380328186
380328186
380328186
380328186
380328186
380328186
380328186
380328186
380328186
380328186
380328186
380328186
380328186
380328186
380328186
380328186
380328186
380328186
380328186
380328186
380328186
380328186
380328186
380328186
380328186
380328186
380328186
380328186
380328186
380328186
380328186
380328186
380328186
380328186
380328186
380328186
380328186
380328186
380328186
380328186
380328186
380328186
380328186
380328186
380328186
380328186
380328186
380328186
380328186
380328186
380328186
380328186
380328186
380328186
380328186
380328186
380328186
380328186
380328186
380328186
380328186
380328186
380328186
380328186
380328186
380328186
380328186
380328186
380328186
380328186
380328186
380328186
380328186
380328186
380328186
380328186
380328186
380328186
380328186
380328186
380328186
380328186
380328186
380328186
380328186
380328186
380328186
380328186
380328186
380328186
380328186
380328186
380328186
380328186
380328186
380328186
380328186
380328186
380328186
380328186
380328186
380328186
380328186
380328186
380328186
380328186
380328186
380328186
380328186
380328186
380328186
380328186
380328186
380328186
380328186
380328186
380328186
380328186
380328186
380328186
380328186
380328186
380328186
380328186
380328186
380328186
380328186
380328186
380328186
380328186
380328186
380328186
380328186
380328186
380328186
380328186
380328186
380328186
380328186
380328186
380328186
380328186
380328186
380328186
380328186
380328186
380328186
380328186
380328186
380328186
380328186
380328186
380328186
380328186
380328186
380328186
380328186
380328186
380328186
380328186
380328186
380328186
380328186
380328186
380328186
380328186
380328186
380328186
380328186
380328186
380328186
380328186
380328186
380328186
380328186
380328186
380328186
380328186
380328186
380328186
380328186
380328186
380328186
380328186
380328186
380328186
380328186
380328186
380328186
380328186
380328186
380328186
380328186
380328186
380328186
380328186
380328186
380328186
380328186
380328186
380328186
380328186
380328186
380328186
380328186
380328186
380328186
380328186
380328186
380328186
380328186
380328186
380328186
380328186
380328186
380328186
380328186
380328186
380328186
380328186
380328186
380328186
380328186
380328186
380328186
380328186
380328186
380328186
380328186
380328186
380328186
380328186
380328186
380328186
380328186
380328186
380328186
380328186
380328186
380328186
380328186
380328186
380328186
380328186
380328186
380328186
380328186
380328186
380328186
380328186
380328186
380328186
380328186
380328186
380328186
380328186
380328186
380328186
380328186
380328186
380328186
380328186
380328186
380328186
380328186
380328186
380328186
380328186
380328186
380328186
380328186
380328186
380328186
380328186
380328186
380328186
380328186
380328186
380328186
380328186
380328186
380328186
380328186
380328186
380328186
380328186
380328186
380328186
380328186
380328186
380328186
380328186
380328186
380328186
380328186
380328186
380328186
380328186
380328186
380328186
380328186
380328186
380328186
380328186
380328186
380328186
380328186
380328186
380328186
380328186
380328186
380328186
380328186
380328186
380328186
380328186
380328186
380328186
380328186
380328186
380328186
380328186
380328186
380328186
380328186
380328186
380328186
380328186
380328186
380328186
380328186
380328186
380328186
380328186
380328186
380328186
380328186
380328186
380328186
380328186
380328186
380328186
380328186
380328186
380328186
380328186
380328186
380328186
380328186
380328186
380328186
380328186
380328186
380328186
380328186
380328186
380328186
380328186
380328186
380328186
380328186
380328186
380328186
380328186
380328186
380328186
380328186
380328186
380328186
380328186
380328186
380328186
380328186
380328186
380328186
380328186
380328186
380328186
380328186
380328186
380328186
380328186
380328186
380328186
380328186
380328186
380328186
380328186
380328186
380328186
380328186
380328186
380328186
380328186
380328186
380328186
380328186
380328186
380328186
380328186
380328186
380328186
380328186
380328186
380328186
380328186
380328186
380328186
380328186
380328186
380328186
380328186
380328186
380328186
380328186
380328186
380328186
380328186
380328186
380328186
380328186
380328186
380328186
380328186
380328186
380328186
380328186
380328186
380328186
380328186
380328186
380328186
380328186
380328186
380328186
380328186
380328186
380328186
380328186
380328186
380328186
380328186
380328186
380328186
380328186
380328186
380328186
380328186
380328186
380328186
380328186
380328186
380328186
380328186
380328186
380328186
380328186
380328186
380328186
380328186
380328186
380328186
380328186
380328186
380328186
380328186
380328186
380328186
380328186
380328186
380328186
380328186
380328186
380328186
380328186
380328186
380328186
380328186
380328186
380328186
380328186
380328186
380328186
380328186
380328186
380328186
380328186
380328186
380328186
380328186
380328186
380328186
380328186
380328186
380328186
380328186
380328186
380328186
380328186
380328186
380328186
380328186
380328186
380328186
380328186
380328186
380328186
380328186
380328186
380328186
380328186
380328186
380328186
380328186
380328186
380328186
380328186
380328186
380328186
380328186
380328186
380328186
380328186
380328186
380328186
380328186
380328186
380328186
380328186
380328186
380328186
380328186
380328186
380328186
380328186
380328186
380328186
380328186
380328186
380328186
380328186
380328186
380328186
380328186
380328186
380328186
380328186
380328186
380328186
380328186
380328186
380328186
380328186
380328186
380328186
380328186
380328186
380328186
380328186
380328186
380328186
380328186
380328186
380328186
380328186
380328186
380328186
380328186
380328186
380328186
380328186
380328186
380328186
380328186
380328186
380328186
380328186
380328186
380328186
380328186
380328186
380328186
380328186
380328186
380328186
380328186
380328186
380328186
380328186
380328186
380328186
380328186
380328186
380328186
380328186
380328186
380328186
380328186
380328186
380328186
380328186
380328186
380328186
380328186
380328186
380328186
380328186
380328186
380328186
380328186
380328186
380328186
380328186
380328186
380328186
380328186
380328186
380328186
380328186
380328186
380328186
380328186
380328186
380328186
380328186
380328186
380328186
380328186
380328186
380328186
380328186
380328186
380328186
380328186
380328186
380328186
380328186
380328186
380328186
380328186
380328186
380328186
380328186
380328186
380328186
380328186
380328186
380328186
380328186
380328186
380328186
380328186
380328186
380328186
380328186
380328186
380328186
380328186
380328186
380328186
380328186
380328186
380328186
380328186
380328186
380328186
380328186
380328186
380328186
380328186
380328186
380328186
380328186
380328186
380328186
380328186
380328186
380328186
380328186
380328186
380328186
380328186
380328186
380328186
380328186
380328186
380328186
380328186
380328186
380328186
380328186
380328186
380328186
380328186
380328186
380328186
380328186
380328186
380328186
380328186
380328186
380328186
380328186
380328186
380328186
380328186
380328186
380328186
380328186
380328186
380328186
380328186
380328186
380328186
380328186
380328186
380328186
380328186
380328186
380328186
380328186
380328186
380328186
380328186
380328186
380328186
380328186
380328186
380328186
380328186
380328186
380328186
380328186
380328186
380328186
380328186
380328186
380328186
380328186
380328186
380328186
380328186
380328186
380328186
380328186
380328186
380328186
380328186
380328186
380328186
380328186
380328186
380328186
380328186
380328186
380328186
380328186
380328186
380328186
380328186
380328186
380328186
380328186
380328186
380328186
380328186
380328186
380328186
380328186
380328186
380328186
380328186
380328186
380328186
380328186
380328186
380328186
380328186
380328186
380328186
380328186
380328186
380328186
380328186
380328186
380328186
380328186
380328186
380328186
380328186
380328186
380328186
380328186
380328186
380328186
380328186
380328186
380328186
380328186
380328186
380328186
380328186
380328186
380328186
380328186
380328186
380328186
380328186
380328186
380328186
380328186
380328186
380328186
380328186
380328186
380328186
380328186
380328186
380328186
380328186
380328186
380328186
380328186
380328186
380328186
380328186
380328186
380328186
380328186
380328186
380328186
380328186
380328186
380328186
380328186
380328186
380328186
380328186
380328186
380328186
380328186
380328186
380328186
380328186
380328186
380328186
380328186
380328186
380328186
380328186
380328186
380328186
380328186
380328186
380328186
380328186
380328186
380328186
380328186
380328186
380328186
380328186
380328186
380328186
380328186
380328186
380328186
380328186
380328186
380328186
380328186
380328186
380328186
380328186
380328186
380328186
380328186
380328186
380328186
380328186
380328186
380328186
380328186
380328186
380328186
380328186
380328186
380328186
380328186
380328186
380328186
380328186
380328186
380328186
380328186
380328186
380328186
380328186
380328186
380328186
380328186
380328186
380328186
380328186
380328186
380328186
380328186
380328186
380328186
380328186
380328186
380328186
380328186
380328186
380328186
380328186
380328186
380328186
380328186
380328186
380328186
380328186
380328186
380328186
380328186
380328186
380328186
380328186
380328186
380328186
380328186
380328186
380328186
380328186
380328186
380328186
380328186
380328186
380328186
380328186
380328186
380328186
380328186
380328186
380328186
380328186
380328186
380328186
380328186
380328186
380328186
380328186
380328186
380328186
380328186
380328186
380328186
380328186
380328186
380328186
380328186
380328186
380328186
380328186
380328186
380328186
380328186
380328186
380328186
380328186
380328186
380328186
380328186
380328186
380328186
380328186
380328186
380328186
380328186
380328186
380328186
380328186
380328186
380328186
380328186
380328186
380328186
380328186
380328186
380328186
380328186
380328186
380328186
380328186
380328186
380328186
380328186
380328186
380328186
380328186
380328186
380328186
380328186
380328186
380328186
380328186
380328186
380328186
380328186
380328186
380328186
380328186
380328186
380328186
380328186
380328186
380328186
380328186
380328186
380328186
380328186
380328186
380328186
380328186
380328186
380328186
380328186
380328186
380328186
380328186
380328186
380328186
380328186
380328186
380328186
380328186
380328186
380328186
380328186
380328186
380328186
380328186
380328186
380328186
380328186
380328186
380328186
380328186
380328186
380328186
380328186
380328186
380328186
380328186
380328186
380328186
380328186
380328186
380328186
380328186
380328186
380328186
380328186
380328186
380328186
380328186
380328186
380328186
380328186
380328186
380328186
380328186
380328186
380328186
380328186
380328186
380328186
380328186
380328186
380328186
380328186
380328186
380328186
380328186
380328186
380328186
380328186
380328186
380328186
380328186
380328186
380328186
380328186
380328186
380328186
380328186
380328186
380328186
380328186
380328186
380328186
380328186
380328186
380328186
380328186
380328186
380328186
380328186
380328186
380328186
380328186
380328186
380328186
380328186
380328186
380328186
380328186
380328186
380328186
380328186
380328186
380328186
380328186
380328186
380328186
380328186
380328186
380328186
380328186
380328186
380328186
380328186
380328186
380328186
380328186
380328186
380328186
380328186
380328186
380328186
380328186
380328186
380328186
380328186
380328186
380328186
380328186
380328186
380328186
380328186
380328186
380328186
380328186
380328186
380328186
380328186
380328186
380328186
380328186
380328186
380328186
380328186
380328186
380328186
380328186
380328186
380328186
380328186
380328186
380328186
380328186
380328186
380328186
380328186
380328186
380328186
380328186
380328186
380328186
380328186
380328186
380328186
380328186
380328186
380328186
380328186
380328186
380328186
380328186
380328186
380328186
380328186
380328186
380328186
380328186
380328186
380328186
380328186
380328186
380328186
380328186
380328186
380328186
380328186
380328186
380328186
380328186
380328186
380328186
380328186
380328186
380328186
380328186
380328186
380328186
380328186
380328186
380328186
380328186
380328186
380328186
380328186
380328186
380328186
380328186
380328186
380328186
380328186
380328186
380328186
380328186
380328186
380328186
380328186
380328186
380328186
380328186
380328186
380328186
380328186
380328186
380328186
380328186
380328186
380328186
380328186
380328186
380328186
380328186
380328186
380328186
380328186
380328186
380328186
380328186
380328186
380328186
380328186
380328186
380328186
380328186
380328186
380328186
380328186
380328186
380328186
380328186
380328186
380328186
380328186
380328186
380328186
380328186
380328186
380328186
380328186
380328186
380328186
380328186
380328186
380328186
380328186
380328186
380328186
380328186
380328186
380328186
380328186
380328186
380328186
380328186
380328186
380328186
380328186
380328186
380328186
380328186
380328186
380328186
380328186
380328186
380328186
380328186
380328186
380328186
380328186
380328186
380328186
380328186
380328186
380328186
380328186
380328186
380328186
380328186
380328186
380328186
380328186
380328186
380328186
380328186
380328186
380328186
380328186
380328186
380328186
380328186
380328186
380328186
380328186
380328186
380328186
380328186
380328186
380328186
380328186
380328186
380328186
380328186
380328186
380328186
380328186
380328186
380328186
380328186
380328186
380328186
380328186
380328186
380328186
380328186
380328186
380328186
380328186
380328186
380328186
380328186
380328186
380328186
380328186
380328186
380328186
380328186
380328186
380328186
380328186
380328186
380328186
380328186
380328186
380328186
380328186
380328186
380328186
380328186
380328186
380328186
380328186
380328186
380328186
380328186
380328186
380328186
380328186
380328186
380328186
380328186
380328186
380328186
380328186
380328186
380328186
380328186
380328186
380328186
380328186
380328186
380328186
380328186
380328186
380328186
380328186
380328186
380328186
380328186
380328186
380328186
380328186
380328186
380328186
380328186
380328186
380328186
380328186
380328186
380328186
380328186
380328186
380328186
380328186
380328186
380328186
380328186
380328186
380328186
380328186
380328186
380328186
380328186
380328186
380328186
380328186
380328186
380328186
380328186
380328186
380328186
380328186
380328186
380328186
380328186
380328186
380328186
380328186
380328186
380328186
380328186
380328186
380328186
380328186
380328186
380328186
380328186
380328186
380328186
380328186
380328186
380328186
380328186
380328186
380328186
380328186
380328186
380328186
380328186
380328186
380328186
380328186
380328186
380328186
380328186
380328186
380328186
380328186
380328186
380328186
380328186
380328186
380328186
380328186
380328186
380328186
380328186
380328186
380328186
380328186
380328186
380328186
380328186
380328186
380328186
380328186
380328186
380328186
380328186
380328186
380328186
380328186
380328186
380328186
380328186
380328186
380328186
380328186
380328186
380328186
380328186
380328186
380328186
380328186
380328186
380328186
380328186
380328186
380328186
380328186
380328186
380328186
380328186
380328186
380328186
380328186
380328186
380328186
380328186
380328186
380328186
380328186
380328186
380328186
380328186
380328186
380328186
380328186
380328186
380328186
380328186
380328186
380328186
380328186
380328186
380328186
380328186
380328186
380328186
380328186
380328186
380328186
380328186
380328186
380328186
380328186
380328186
380328186
380328186
380328186
380328186
380328186
380328186
380328186
380328186
380328186
380328186
380328186
380328186
380328186
380328186
380328186
380328186
380328186
380328186
380328186
380328186
380328186
380328186
380328186
380328186
380328186
380328186
380328186
380328186
380328186
380328186
380328186
380328186
380328186
380328186
380328186
380328186
380328186
380328186
380328186
380328186
380328186
380328186
380328186
380328186
380328186
380328186
380328186
380328186
380328186
380328186
380328186
380328186
380328186
380328186
380328186
380328186
380328186
380328186
380328186
380328186
380328186
380328186
380328186
380328186
380328186
380328186
380328186
380328186
380328186
380328186
380328186
380328186
380328186
380328186
380328186
380328186
380328186
380328186
380328186
380328186
380328186
380328186
380328186
380328186
380328186
380328186
380328186
380328186
380328186
380328186
380328186
380328186
380328186
380328186
380328186
380328186
380328186
380328186
380328186
380328186
380328186
380328186
380328186
380328186
380328186
380328186
380328186
380328186
380328186
380328186
380328186
380328186
380328186
380328186
380328186
380328186
380328186
380328186
380328186
380328186
380328186
380328186
380328186
380328186
380328186
380328186
380328186
380328186
380328186
380328186
380328186
380328186
380328186
380328186
380328186
380328186
380328186
380328186
380328186
380328186
380328186
380328186
380328186
380328186
380328186
380328186
380328186
380328186
380328186
380328186
380328186
380328186
380328186
380328186
380328186
380328186
380328186
380328186
380328186
380328186
380328186
380328186
380328186
380328186
380328186
380328186
380328186
380328186
380328186
380328186
380328186
380328186
380328186
380328186
380328186
380328186
380328186
380328186
380328186
380328186
380328186
380328186
380328186
380328186
380328186
380328186
380328186
380328186
380328186
380328186
380328186
380328186
380328186
380328186
380328186
380328186
380328186
380328186
380328186
380328186
380328186
380328186
380328186
380328186
380328186
380328186
380328186
380328186
380328186
380328186
380328186
380328186
380328186
380328186
380328186
380328186
380328186
380328186
380328186
380328186
380328186
380328186
380328186
380328186
380328186
380328186
380328186
380328186
380328186
380328186
380328186
380328186
380328186
380328186
380328186
380328186
380328186
380328186
380328186
380328186
380328186
380328186
380328186
380328186
380328186
380328186
380328186
380328186
380328186
380328186
380328186
380328186
380328186
380328186
380328186
380328186
380328186
380328186
380328186
380328186
380328186
380328186
380328186
380328186
380328186
380328186
380328186
380328186
380328186
380328186
380328186
380328186
380328186
380328186
380328186
380328186
380328186
380328186
380328186
380328186
380328186
380328186
380328186
380328186
380328186
380328186
380328186
380328186
380328186
380328186
380328186
380328186
380328186
380328186
380328186
380328186
380328186
380328186
380328186
380328186
380328186
380328186
380328186
380328186
380328186
380328186
380328186
380328186
380328186
380328186
380328186
380328186
380328186
380328186
380328186
380328186
380328186
380328186
380328186
380328186
380328186
380328186
380328186
380328186
380328186
380328186
380328186
380328186
380328186
380328186
380328186
380328186
380328186
380328186
380328186
380328186
380328186
380328186
380328186
380328186
380328186
380328186
380328186
380328186
380328186
380328186
380328186
380328186
380328186
380328186
380328186
380328186
380328186
380328186
380328186
380328186
380328186
380328186
380328186
380328186
380328186
380328186
380328186
380328186
380328186
380328186
380328186
380328186
380328186
380328186
380328186
380328186
380328186
380328186
380328186
380328186
380328186
380328186
380328186
380328186
380328186
380328186
380328186
380328186
380328186
380328186
380328186
380328186
380328186
380328186
380328186
380328186
380328186
380328186
380328186
380328186
380328186
380328186
380328186
380328186
380328186
380328186
380328186
380328186
380328186
380328186
380328186
380328186
380328186
380328186
380328186
380328186
380328186
380328186
380328186
380328186
380328186
380328186
380328186
380328186
380328186
380328186
380328186
380328186
380328186
380328186
380328186
380328186
380328186
380328186
380328186
380328186
380328186
380328186
380328186
380328186
380328186
380328186
380328186
380328186
380328186
380328186
380328186
380328186
380328186
380328186
380328186
380328186
380328186
380328186
380328186
380328186
380328186
380328186
380328186
380328186
380328186
380328186
380328186
380328186
380328186
380328186
380328186
380328186
380328186
380328186
380328186
380328186
380328186
380328186
380328186
380328186
380328186
380328186
380328186
380328186
380328186
380328186
380328186
380328186
380328186
380328186
380328186
380328186
380328186
380328186
380328186
380328186
380328186
380328186
380328186
380328186
380328186
380328186
380328186
380328186
380328186
380328186
380328186
380328186
380328186
380328186
380328186
380328186
380328186
380328186
380328186
380328186
380328186
380328186
380328186
380328186
380328186
380328186
380328186
380328186
380328186
380328186
380328186
380328186
380328186
380328186
380328186
380328186
380328186
380328186
380328186
380328186
380328186
380328186
380328186
380328186
380328186
380328186
380328186
380328186
380328186
380328186
380328186
380328186
380328186
380328186
380328186
380328186
380328186
380328186
380328186
380328186
380328186
380328186
380328186
380328186
380328186
380328186
380328186
380328186
380328186
380328186
380328186
380328186
380328186
380328186
380328186
380328186
380328186
380328186
380328186
380328186
380328186
380328186
380328186
380328186
380328186
380328186
380328186
380328186
380328186
380328186
380328186
380328186
380328186
380328186
380328186
380328186
380328186
380328186
380328186
380328186
380328186
380328186
380328186
380328186
380328186
380328186
380328186
380328186
380328186
380328186
380328186
380328186
380328186
380328186
380328186
380328186
380328186
380328186
380328186
380328186
380328186
380328186
380328186
380328186
380328186
380328186
380328186
380328186
380328186
380328186
380328186
380328186
380328186
380328186
380328186
380328186
380328186
380328186
380328186
380328186
380328186
380328186
380328186
380328186
380328186
380328186
380328186
380328186
380328186
380328186
380328186
380328186
380328186
380328186
380328186
380328186
380328186
380328186
380328186
380328186
380328186
380328186
380328186
380328186
380328186
380328186
380328186
380328186
380328186
380328186
380328186
380328186
380328186
380328186
380328186
380328186
380328186
380328186
380328186
380328186
380328186
380328186
380328186
380328186
380328186
380328186
380328186
380328186
380328186
380328186
380328186
380328186
380328186
380328186
380328186
380328186
380328186
380328186
380328186
380328186
380328186
380328186
380328186
380328186
380328186
380328186
380328186
380328186
380328186
380328186
380328186
380328186
380328186
380328186
380328186
380328186
380328186
380328186
380328186
380328186
380328186
380328186
380328186
380328186
380328186
380328186
380328186
380328186
380328186
380328186
380328186
380328186
380328186
380328186
380328186
380328186
380328186
380328186
380328186
380328186
380328186
380328186
380328186
380328186
380328186
380328186
380328186
380328186
380328186
380328186
380328186
380328186
380328186
380328186
380328186
380328186
380328186
380328186
380328186
380328186
380328186
380328186
380328186
380328186
380328186
380328186
380328186
380328186
380328186
380328186
380328186
380328186
380328186
380328186
380328186
380328186
380328186
380328186
380328186
380328186
380328186
380328186
380328186
380328186
380328186
380328186
380328186
380328186
380328186
380328186
380328186
380328186
380328186
380328186
380328186
380328186
380328186
380328186
380328186
380328186
380328186
380328186
380328186
380328186
380328186
380328186
380328186
380328186
380328186
380328186
380328186
380328186
380328186
380328186
380328186
380328186
380328186
380328186
380328186
380328186
380328186
380328186
380328186
380328186
380328186
380328186
380328186
380328186
380328186
380328186
380328186
380328186
380328186
380328186
380328186
380328186
380328186
380328186
380328186
380328186
380328186
380328186
380328186
380328186
380328186
380328186
380328186
380328186
380328186
380328186
380328186
380328186
380328186
380328186
380328186
380328186
380328186
380328186
380328186
380328186
380328186
380328186
380328186
380328186
380328186
380328186
380328186
380328186
380328186
380328186
380328186
380328186
380328186
380328186
380328186
380328186
380328186
380328186
380328186
380328186
380328186
380328186
380328186
380328186
380328186
380328186
380328186
380328186
380328186
380328186
380328186
380328186
380328186
380328186
380328186
380328186
380328186
380328186
380328186
380328186
380328186
380328186
380328186
380328186
380328186
380328186
380328186
380328186
380328186
380328186
380328186
380328186
380328186
380328186
380328186
380328186
380328186
380328186
380328186
380328186
380328186
380328186
380328186
380328186
380328186
380328186
380328186
380328186
380328186
380328186
380328186
380328186
380328186
380328186
380328186
380328186
380328186
380328186
380328186
380328186
380328186
380328186
380328186
380328186
380328186
380328186
380328186
380328186
380328186
380328186
380328186
380328186
380328186
380328186
380328186
380328186
380328186
380328186
380328186
380328186
380328186
380328186
380328186
380328186
380328186
380328186
380328186
380328186
380328186
380328186
380328186
380328186
380328186
380328186
380328186
380328186
380328186
380328186
380328186
380328186
380328186
380328186
380328186
380328186
380328186
380328186
380328186
380328186
380328186
380328186
380328186
380328186
380328186
380328186
380328186
380328186
380328186
380328186
380328186
380328186
380328186
380328186
380328186
380328186
380328186
380328186
380328186
380328186
380328186
380328186
380328186
380328186
380328186
380328186
380328186
380328186
380328186
380328186
380328186
380328186
380328186
380328186
380328186
380328186
380328186
380328186
380328186
380328186
380328186
380328186
380328186
380328186
380328186
380328186
380328186
380328186
380328186
380328186
380328186
380328186
380328186
380328186
380328186
380328186
380328186
380328186
380328186
380328186
380328186
380328186
380328186
380328186
380328186
380328186
380328186
380328186
380328186
380328186
380328186
380328186
380328186
380328186
380328186
380328186
380328186
380328186
380328186
380328186
380328186
380328186
380328186
380328186
380328186
380328186
380328186
380328186
380328186
380328186
380328186
380328186
380328186
380328186
380328186
380328186
380328186
380328186
380328186
380328186
380328186
380328186
380328186
380328186
380328186
380328186
380328186
380328186
380328186
380328186
380328186
380328186
380328186
380328186
380328186
380328186
380328186
380328186
380328186
380328186
380328186
380328186
380328186
380328186
380328186
380328186
380328186
380328186
380328186
380328186
380328186
380328186
380328186
380328186
380328186
380328186
380328186
380328186
380328186
380328186
380328186
380328186
380328186
380328186
380328186
380328186
380328186
380328186
380328186
380328186
380328186
380328186
380328186
380328186
380328186
380328186
380328186
380328186
380328186
380328186
380328186
380328186
380328186
380328186
380328186
380328186
380328186
380328186
380328186
380328186
380328186
380328186
380328186
380328186
380328186
380328186
380328186
380328186
380328186
380328186
380328186
380328186
380328186
380328186
380328186
380328186
380328186
380328186
380328186
380328186
380328186
380328186
380328186
380328186
380328186
380328186
380328186
380328186
380328186
380328186
380328186
380328186
380328186
380328186
380328186
380328186
380328186
380328186
380328186
380328186
380328186
380328186
380328186
380328186
380328186
380328186
380328186
380328186
380328186
380328186
380328186
380328186
380328186
380328186
380328186
380328186
380328186
380328186
380328186
380328186
380328186
380328186
380328186
380328186
380328186
380328186
380328186
380328186
380328186
380328186
380328186
380328186
380328186
380328186
380328186
380328186
380328186
380328186
380328186
380328186
380328186
380328186
380328186
380328186
380328186
380328186
380328186
380328186
380328186
380328186
380328186
380328186
380328186
380328186
380328186
380328186
380328186
380328186
380328186
380328186
380328186
380328186
380328186
380328186
380328186
380328186
380328186
380328186
380328186
380328186
380328186
380328186
380328186
380328186
380328186
380328186
380328186
380328186
380328186
380328186
380328186
380328186
380328186
380328186
380328186
380328186
380328186
380328186
380328186
380328186
380328186
380328186
380328186
380328186
380328186
380328186
380328186
380328186
380328186
380328186
380328186
380328186
380328186
380328186
380328186
380328186
380328186
380328186
380328186
380328186
380328186
380328186
380328186
380328186
380328186
380328186
380328186
380328186
380328186
380328186
380328186
380328186
380328186
380328186
380328186
380328186
380328186
380328186
380328186
380328186
380328186
380328186
380328186
380328186
380328186
380328186
380328186
380328186
380328186
380328186
380328186
380328186
380328186
380328186
380328186
380328186
380328186
380328186
380328186
380328186
380328186
380328186
380328186
380328186
380328186
380328186
380328186
380328186
380328186
380328186
380328186
380328186
380328186
380328186
380328186
380328186
380328186
380328186
380328186
380328186
380328186
380328186
380328186
380328186
380328186
380328186
380328186
380328186
380328186
380328186
380328186
380328186
380328186
380328186
380328186
380328186
380328186
380328186
380328186
380328186
380328186
380328186
380328186
380328186
380328186
380328186
380328186
380328186
380328186
380328186
380328186
380328186
380328186
380328186
380328186
380328186
380328186
380328186
380328186
380328186
380328186
380328186
380328186
380328186
380328186
380328186
380328186
380328186
380328186
380328186
380328186
380328186
380328186
380328186
380328186
380328186
380328186
380328186
380328186
380328186
380328186
380328186
380328186
380328186
380328186
380328186
380328186
380328186
380328186
380328186
380328186
380328186
380328186
380328186
380328186
380328186
380328186
380328186
380328186
380328186
380328186
380328186
380328186
380328186
380328186
380328186
380328186
380328186
380328186
380328186
380328186
380328186
380328186
380328186
380328186
380328186
380328186
380328186
380328186
380328186
380328186
380328186
380328186
380328186
380328186
380328186
380328186
380328186
380328186
380328186
380328186
380328186
380328186
380328186
380328186
380328186
380328186
380328186
380328186
380328186
380328186
380328186
380328186
380328186
380328186
380328186
380328186
380328186
380328186
380328186
380328186
380328186
380328186
380328186
380328186
380328186
380328186
380328186
380328186
380328186
380328186
380328186
380328186
380328186
380328186
380328186
380328186
380328186
380328186
380328186
380328186
380328186
380328186
380328186
380328186
380328186
380328186
380328186
380328186
380328186
380328186
380328186
380328186
380328186
380328186
380328186
380328186
380328186
380328186
380328186
380328186
380328186
380328186
380328186
380328186
380328186
380328186
380328186
380328186
380328186
380328186
380328186
380328186
380328186
380328186
380328186
380328186
380328186
380328186
380328186
380328186
380328186
380328186
380328186
380328186
380328186
380328186
380328186
380328186
380328186
380328186
380328186
380328186
380328186
380328186
380328186
380328186
380328186
380328186
380328186
380328186
380328186
380328186
380328186
380328186
380328186
380328186
380328186
380328186
380328186
380328186
380328186
380328186
380328186
380328186
380328186
380328186
380328186
380328186
380328186
380328186
380328186
380328186
380328186
380328186
380328186
380328186
380328186
380328186
380328186
380328186
380328186
380328186
380328186
380328186
380328186
380328186
380328186
380328186
380328186
380328186
380328186
380328186
380328186
380328186
380328186
380328186
380328186
380328186
380328186
380328186
380328186
380328186
380328186
380328186
380328186
380328186
380328186
380328186
380328186
380328186
380328186
380328186
380328186
380328186
380328186
380328186
380328186
380328186
380328186
380328186
380328186
380328186
380328186
380328186
380328186
380328186
380328186
380328186
380328186
380328186
380328186
380328186
380328186
380328186
380328186
380328186
380328186
380328186
380328186
380328186
380328186
380328186
380328186
380328186
380328186
380328186
380328186
380328186
380328186
380328186
380328186
380328186
380328186
380328186
380328186
380328186
380328186
380328186
380328186
380328186
380328186
380328186
380328186
380328186
380328186
380328186
380328186
380328186
380328186
380328186
380328186
380328186
380328186
380328186
380328186
380328186
380328186
380328186
380328186
380328186
380328186
380328186
380328186
380328186
380328186
380328186
380328186
380328186
380328186
380328186
380328186
380328186
380328186
380328186
380328186
380328186
380328186
380328186
380328186
380328186
380328186
380328186
380328186
380328186
380328186
380328186
380328186
380328186
380328186
380328186
380328186
380328186
380328186
380328186
380328186
380328186
380328186
380328186
380328186
380328186
380328186
380328186
380328186
380328186
380328186
380328186
380328186
380328186
380328186
380328186
380328186
380328186
380328186
380328186
380328186
380328186
380328186
380328186
380328186
380328186
380328186
380328186
380328186
380328186
380328186
380328186
380328186
380328186
380328186
380328186
380328186
380328186
380328186
380328186
380328186
380328186
380328186
380328186
380328186
380328186
380328186
380328186
380328186
380328186
380328186
380328186
380328186
380328186
380328186
380328186
380328186
380328186
380328186
380328186
380328186
380328186
380328186
380328186
380328186
380328186
380328186
380328186
380328186
380328186
380328186
380328186
380328186
380328186
380328186
380328186
380328186
380328186
380328186
380328186
380328186
380328186
380328186
380328186
380328186
380328186
380328186
380328186
380328186
380328186
380328186
380328186
380328186
380328186
380328186
380328186
380328186
380328186
380328186
380328186
380328186
380328186
380328186
380328186
380328186
380328186
380328186
380328186
380328186
380328186
380328186
380328186
380328186
380328186
380328186
380328186
380328186
380328186
380328186
380328186
380328186
380328186
380328186
380328186
380328186
380328186
380328186
380328186
380328186
380328186
380328186
380328186
380328186
380328186
380328186
380328186
380328186
380328186
380328186
380328186
380328186
380328186
380328186
380328186
380328186
380328186
380328186
380328186
380328186
380328186
380328186
380328186
380328186
380328186
380328186
380328186
380328186
380328186
380328186
380328186
380328186
380328186
380328186
380328186
380328186
380328186
380328186
380328186
380328186
380328186
380328186
380328186
380328186
380328186
380328186
380328186
380328186
380328186
380328186
380328186
380328186
380328186
380328186
380328186
380328186
380328186
380328186
380328186
380328186
380328186
380328186
380328186
380328186
380328186
380328186
380328186
380328186
380328186
380328186
380328186
380328186
380328186
380328186
380328186
380328186
380328186
380328186
380328186
380328186
380328186
380328186
380328186
380328186
380328186
380328186
380328186
380328186
380328186
380328186
380328186
380328186
380328186
380328186
380328186
380328186
380328186
380328186
380328186
380328186
380328186
380328186
380328186
380328186
380328186
380328186
380328186
380328186
380328186
380328186
380328186
380328186
380328186
380328186
380328186
380328186
380328186
380328186
380328186
380328186
380328186
380328186
380328186
380328186
380328186
380328186
380328186
380328186
380328186
380328186
380328186
380328186
380328186
380328186
380328186
380328186
380328186
380328186
380328186
380328186
380328186
380328186
380328186
380328186
380328186
380328186
380328186
380328186
380328186
380328186
380328186
380328186
380328186
380328186
380328186
380328186
380328186
380328186
380328186
380328186
380328186
380328186
380328186
380328186
380328186
380328186
380328186
380328186
380328186
380328186
380328186
380328186
380328186
380328186
380328186
380328186
380328186
380328186
380328186
380328186
380328186
380328186
380328186
380328186
380328186
380328186
380328186
380328186
380328186
380328186
380328186
380328186
380328186
380328186
380328186
380328186
380328186
380328186
380328186
380328186
380328186
380328186
380328186
380328186
380328186
380328186
380328186
380328186
380328186
380328186
380328186
380328186
380328186
380328186
380328186
380328186
380328186
380328186
380328186
380328186
380328186
380328186
380328186
380328186
380328186
380328186
380328186
380328186
380328186
380328186
380328186
380328186
380328186
380328186
380328186
380328186
380328186
380328186
380328186
380328186
380328186
380328186
380328186
380328186
380328186
380328186
380328186
380328186
380328186
380328186
380328186
380328186
380328186
380328186
380328186
380328186
380328186
380328186
380328186
380328186
380328186
380328186
380328186
380328186
380328186
380328186
380328186
380328186
380328186
380328186
380328186
380328186
380328186
380328186
380328186
380328186
380328186
380328186
380328186
380328186
380328186
380328186
380328186
380328186
380328186
380328186
380328186
380328186
380328186
380328186
380328186
380328186
380328186
380328186
380328186
380328186
380328186
380328186
380328186
380328186
380328186
380328186
380328186
380328186
380328186
380328186
380328186
380328186
380328186
380328186
380328186
380328186
380328186
380328186
380328186
380328186
380328186
380328186
380328186
380328186
380328186
380328186
380328186
380328186
380328186
380328186
380328186
380328186
380328186
380328186
380328186
380328186
380328186
380328186
380328186
380328186
380328186
380328186
380328186
380328186
380328186
380328186
380328186
380328186
380328186
380328186
380328186
380328186
380328186
380328186
380328186
380328186
380328186
380328186
380328186
380328186
380328186
380328186
380328186
380328186
380328186
380328186
380328186
380328186
380328186
380328186
380328186
380328186
380328186
380328186
380328186
380328186
380328186
380328186
380328186
380328186
380328186
380328186
380328186
380328186
380328186
380328186
380328186
380328186
380328186
380328186
380328186
380328186
380328186
380328186
380328186
380328186
380328186
380328186
380328186
380328186
380328186
380328186
380328186
380328186
380328186
380328186
380328186
380328186
380328186
380328186
380328186
380328186
380328186
380328186
380328186
380328186
380328186
380328186
380328186
380328186
380328186
380328186
380328186
380328186
380328186
380328186
380328186
380328186
380328186
380328186
380328186
380328186
380328186
380328186
380328186
380328186
380328186
380328186
380328186
380328186
380328186
380328186
380328186
380328186
380328186
380328186
380328186
380328186
380328186
380328186
380328186
380328186
380328186
380328186
380328186
380328186
380328186
380328186
380328186
380328186
380328186
380328186
380328186
380328186
380328186
380328186
380328186
380328186
380328186
380328186
380328186
380328186
380328186
380328186
380328186
380328186
380328186
380328186
380328186
380328186
380328186
380328186
380328186
380328186
380328186
380328186
380328186
380328186
380328186
380328186
380328186
380328186
380328186
380328186
380328186
380328186
380328186
380328186
380328186
380328186
380328186
380328186
380328186
380328186
380328186
380328186
380328186
380328186
380328186
380328186
380328186
380328186
380328186
380328186
380328186
380328186
380328186
380328186
380328186
380328186
380328186
380328186
380328186
380328186
380328186
380328186
380328186
380328186
380328186
380328186
380328186
380328186
380328186
380328186
380328186
380328186
380328186
380328186
380328186
380328186
380328186
380328186
380328186
380328186
380328186
380328186
380328186
380328186
380328186
380328186
380328186
380328186
380328186
380328186
380328186
380328186
380328186
380328186
380328186
380328186
380328186
380328186
380328186
380328186
380328186
380328186
380328186
380328186
380328186
380328186
380328186
380328186
380328186
380328186
380328186
380328186
380328186
380328186
380328186
380328186
380328186
380328186
380328186
380328186
380328186
380328186
380328186
380328186
380328186
380328186
380328186
380328186
380328186
380328186
380328186
380328186
380328186
380328186
380328186
380328186
380328186
380328186
380328186
380328186
380328186
380328186
380328186
380328186
380328186
380328186
380328186
380328186
380328186
380328186
380328186
380328186
380328186
380328186
380328186
380328186
380328186
380328186
380328186
380328186
380328186
380328186
380328186
380328186
380328186
380328186
380328186
380328186
380328186
380328186
380328186
380328186
380328186
380328186
380328186
380328186
380328186
380328186
380328186
380328186
380328186
380328186
380328186
380328186
380328186
380328186
380328186
380328186
380328186
380328186
380328186
380328186
380328186
380328186
380328186
380328186
380328186
380328186
380328186
380328186
380328186
380328186
380328186
380328186
380328186
380328186
380328186
380328186
380328186
380328186
380328186
380328186
380328186
380328186
380328186
380328186
380328186
380328186
380328186
380328186
380328186
380328186
380328186
380328186
380328186
380328186
380328186
380328186
380328186
380328186
380328186
380328186
380328186
380328186
380328186
380328186
380328186
380328186
380328186
380328186
380328186
380328186
380328186
380328186
380328186
380328186
380328186
380328186
380328186
380328186
380328186
380328186
380328186
380328186
380328186
380328186
380328186
380328186
380328186
380328186
380328186
380328186
380328186
380328186
380328186
380328186
380328186
380328186
380328186
380328186
380328186
380328186
380328186
380328186
380328186
380328186
380328186
380328186
380328186
380328186
380328186
380328186
380328186
380328186
380328186
380328186
380328186
380328186
380328186
380328186
380328186
380328186
380328186
380328186
380328186
380328186
380328186
380328186
380328186
380328186
380328186
380328186
380328186
380328186
380328186
380328186
380328186
380328186
380328186
380328186
380328186
380328186
380328186
380328186
380328186
380328186
380328186
380328186
380328186
380328186
380328186
380328186
380328186
380328186
380328186
380328186
380328186
380328186
380328186
380328186
380328186
380328186
380328186
380328186
380328186
380328186
380328186
380328186
380328186
380328186
380328186
380328186
380328186
380328186
380328186
380328186
380328186
380328186
380328186
380328186
380328186
380328186
380328186
380328186
380328186
380328186
380328186
380328186
380328186
380328186
380328186
380328186
380328186
380328186
380328186
380328186
380328186
380328186
380328186
380328186
380328186
380328186
380328186
380328186
380328186
380328186
380328186
380328186
380328186
380328186
380328186
380328186
380328186
380328186
380328186
380328186
380328186
380328186
380328186
380328186
380328186
380328186
380328186
380328186
380328186
380328186
380328186
380328186
380328186
380328186
380328186
380328186
380328186
380328186
380328186
380328186
380328186
380328186
380328186
380328186
380328186
380328186
380328186
380328186
380328186
380328186
380328186
380328186
380328186
380328186
380328186
380328186
380328186
380328186
380328186
380328186
380328186
380328186
380328186
380328186
380328186
380328186
380328186
380328186
380328186
380328186
380328186
380328186
380328186
380328186
380328186
380328186
380328186
380328186
380328186
380328186
380328186
380328186
380328186
380328186
380328186
380328186
380328186
380328186
380328186
380328186
380328186
380328186
380328186
380328186
380328186
380328186
380328186
380328186
380328186
380328186
380328186
380328186
380328186
380328186
380328186
380328186
380328186
380328186
380328186
380328186
380328186
380328186
380328186
380328186
380328186
380328186
380328186
380328186
380328186
380328186
380328186
380328186
380328186
380328186
380328186
380328186
380328186
380328186
380328186
380328186
380328186
380328186
380328186
380328186
380328186
380328186
380328186
380328186
380328186
380328186
380328186
380328186
380328186
380328186
380328186
380328186
380328186
380328186
380328186
380328186
380328186
380328186
380328186
380328186
380328186
380328186
380328186
380328186
380328186
380328186
380328186
380328186
380328186
380328186
380328186
380328186
380328186
380328186
380328186
380328186
380328186
380328186
380328186
380328186
380328186
380328186
380328186
380328186
380328186
380328186
380328186
380328186
380328186
380328186
380328186
380328186
380328186
380328186
380328186
380328186
380328186
380328186
380328186
380328186
380328186
380328186
380328186
380328186
380328186
380328186
380328186
380328186
380328186
380328186
380328186
380328186
380328186
380328186
380328186
380328186
380328186
380328186
380328186
380328186
380328186
380328186
380328186
380328186
380328186
380328186
380328186
380328186
380328186
380328186
380328186
380328186
380328186
380328186
380328186
380328186
380328186
380328186
380328186
380328186
380328186
380328186
380328186
380328186
380328186
380328186
380328186
380328186
380328186
380328186
380328186
380328186
380328186
380328186
380328186
380328186
380328186
380328186
380328186
380328186
380328186
380328186
380328186
380328186
380328186
380328186
380328186
380328186
380328186
380328186
380328186
380328186
380328186
380328186
380328186
380328186
380328186
380328186
380328186
380328186
380328186
380328186
380328186
380328186
380328186
380328186
380328186
380328186
380328186
380328186
380328186
380328186
380328186
380328186
380328186
380328186
380328186
380328186
380328186
380328186
380328186
380328186
380328186
380328186
380328186
380328186
380328186
380328186
380328186
380328186
380328186
380328186
380328186
380328186
380328186
380328186
380328186
380328186
380328186
380328186
380328186
380328186
380328186
380328186
380328186
380328186
380328186
380328186
380328186
380328186
380328186
380328186
380328186
380328186
380328186
380328186
380328186
380328186
380328186
380328186
380328186
380328186
380328186
380328186
380328186
380328186
380328186
380328186
380328186
380328186
380328186
380328186
380328186
380328186
380328186
380328186
380328186
380328186
380328186
380328186
380328186
380328186
380328186
380328186
380328186
380328186
380328186
380328186
380328186
380328186
380328186
380328186
380328186
380328186
380328186
380328186
380328186
380328186
380328186
380328186
380328186
380328186
380328186
380328186
380328186
380328186
380328186
380328186
380328186
380328186
380328186
380328186
380328186
380328186
380328186
380328186
380328186
380328186
380328186
380328186
380328186
380328186
380328186
380328186
380328186
380328186
380328186
380328186
380328186
380328186
380328186
380328186
380328186
380328186
380328186
380328186
380328186
380328186
380328186
380328186
380328186
380328186
380328186
380328186
380328186
380328186
380328186
380328186
380328186
380328186
380328186
380328186
380328186
380328186
380328186
380328186
380328186
380328186
380328186
380328186
380328186
380328186
380328186
380328186
380328186
380328186
380328186
380328186
380328186
380328186
380328186
380328186
380328186
380328186
380328186
380328186
380328186
380328186
380328186
380328186
380328186
380328186
380328186
380328186
380328186
380328186
380328186
380328186
380328186
380328186
380328186
380328186
380328186
380328186
380328186
380328186
380328186
380328186
380328186
380328186
380328186
380328186
380328186
380328186
380328186
380328186
380328186
380328186
380328186
380328186
380328186
380328186
380328186
380328186
380328186
380328186
380328186
380328186
380328186
380328186
380328186
380328186
380328186
380328186
380328186
380328186
380328186
380328186
380328186
380328186
380328186
380328186
380328186
380328186
380328186
380328186
380328186
380328186
380328186
380328186
380328186
380328186
380328186
380328186
380328186
380328186
380328186
380328186
380328186
380328186
380328186
380328186
380328186
380328186
380328186
380328186
380328186
380328186
380328186
380328186
380328186
380328186
380328186
380328186
380328186
380328186
380328186
380328186
380328186
380328186
380328186
380328186
380328186
380328186
380328186
380328186
380328186
380328186
380328186
380328186
380328186
380328186
380328186
380328186
380328186
380328186
380328186
380328186
380328186
380328186
380328186
380328186
380328186
380328186
380328186
380328186
380328186
380328186
380328186
380328186
380328186
380328186
380328186
380328186
380328186
380328186
380328186
380328186
380328186
380328186
380328186
380328186
380328186
380328186
380328186
380328186
380328186
380328186
380328186
380328186
380328186
380328186
380328186
380328186
380328186
380328186
380328186
380328186
380328186
380328186
380328186
380328186
380328186
380328186
380328186
380328186
380328186
380328186
380328186
380328186
380328186
380328186
380328186
380328186
380328186
380328186
380328186
380328186
380328186
380328186
380328186
380328186
380328186
380328186
380328186
380328186
380328186
380328186
380328186
380328186
380328186
380328186
380328186
380328186
380328186
380328186
380328186
380328186
380328186
380328186
380328186
380328186
380328186
380328186
380328186
380328186
380328186
380328186
380328186
380328186
380328186
380328186
380328186
380328186
380328186
380328186
380328186
380328186
380328186
380328186
380328186
380328186
380328186
380328186
380328186
380328186
380328186
380328186
380328186
380328186
380328186
380328186
380328186
380328186
380328186
380328186
380328186
380328186
380328186
380328186
380328186
380328186
380328186
380328186
380328186
380328186
380328186
380328186
380328186
380328186
380328186
380328186
380328186
380328186
380328186
380328186
380328186
380328186
380328186
380328186
380328186
380328186
380328186
380328186
380328186
380328186
380328186
380328186
380328186
380328186
380328186
380328186
380328186
380328186
380328186
380328186
380328186
380328186
380328186
380328186
380328186
380328186
380328186
380328186
380328186
380328186
380328186
380328186
380328186
380328186
380328186
380328186
380328186
380328186
380328186
380328186
380328186
380328186
380328186
380328186
380328186
380328186
380328186
380328186
380328186
380328186
380328186
380328186
380328186
380328186
380328186
380328186
380328186
380328186
380328186
380328186
380328186
380328186
380328186
380328186
380328186
380328186
380328186
380328186
380328186
380328186
380328186
380328186
380328186
380328186
380328186
380328186
380328186
380328186
380328186
380328186
380328186
380328186
380328186
380328186
380328186
380328186
380328186
380328186
380328186
380328186
380328186
380328186
380328186
380328186
380328186
380328186
380328186
380328186
380328186
380328186
380328186
380328186
380328186
380328186
380328186
380328186
380328186
380328186
380328186
380328186
380328186
380328186
380328186
380328186
380328186
380328186
380328186
380328186
380328186
380328186
380328186
380328186
380328186
380328186
380328186
380328186
380328186
380328186
380328186
380328186
380328186
380328186
380328186
380328186
380328186
380328186
380328186
380328186
380328186
380328186
380328186
380328186
380328186
380328186
380328186
380328186
380328186
380328186
380328186
380328186
380328186
380328186
380328186
380328186
380328186
380328186
380328186
380328186
380328186
380328186
380328186
380328186
380328186
380328186
380328186
380328186
380328186
380328186
380328186
380328186
380328186
380328186
380328186
380328186
380328186
380328186
380328186
380328186
380328186
380328186
380328186
380328186
380328186
380328186
380328186
380328186
380328186
380328186
380328186
380328186
380328186
380328186
380328186
380328186
380328186
380328186
380328186
380328186
380328186
380328186
380328186
380328186
380328186
380328186
380328186
