976154157
215711359
99011371
382524379
883867530
742577596
741207795
185872778
587257435
780005047
473303561
73473347
388921979
523310299
585028191
852012686
372285298
776482657
338587777
305871150
331545243
459293378
423578513
384752192
635373824
849543874
352921551
183196728
361963818
92139905
29516389
865080788
77088802
601824011
339520979
979321704
406623398
836726714
90357194
900640923
887581141
147350641
915618417
229190926
214004217
339119770
912270389
450442827
582469928
675455845
171524081
749370453
865854129
973896059
393390115
992290640
976969818
561072946
136366046
436025675
505108145
858977646
371094554
725064459
985112117
218194306
201936400
278621200
702967848
510936811
262317367
651542651
30567191
946155557
886836053
889187915
304682630
469531865
160410668
479413575
633783326
55600298
746757067
480000574
893784522
672841022
958362670
825556376
319737270
754505839
343084121
607144998
842091085
479885392
830635070
474600507
675162380
995972629
513341795
239719065
514151309
525105606
261284181
119292546
497705537
68517220
248949668
978755163
564629296
377540998
244680902
475007788
570088723
787392109
828837974
111513881
559459303
37259563
857893998
15320504
299715139
102274757
939306201
204707605
232932562
9943699
217719043
731799746
562742970
888286873
710143783
95678560
705326562
277588248
220235975
498490645
450145076
488690567
753562139
942635673
582541420
606411778
829953153
132382532
330597419
904184355
987317319
405531649
985761178
428455088
964832203
23751802
860653995
47303870
759280596
900012635
916171534
309763896
227219661
737622946
789137728
550608394
111287920
451776784
607668191
264114696
758313965
931154325
451917841
708075981
313694081
893200200
690995835
232649061
531248928
873898025
859539349
176499257
847149238
453582298
586489735
511822860
738141339
533167455
981383013
325173961
52404590
450632459
835503328
394944920
827796407
937184980
849728259
372777407
97094683
72928049
34731066
550205197
793440285
705799680
396218636
388507026
618213753
809642066
10899085
461490775
498867921
681840002
235542363
635495676
72613090
809638458
804068735
290907849
238212886
54849239
758944468
624514150
147489450
211811905
411539981
785355343
819337440
781413216
50823215
794831540
998224304
648263595
93894127
712822611
550232918
714754627
300672966
915277534
336651932
346194150
736195254
239055689
408858102
284360816
682704942
601444623
456698754
71283324
623249161
957602471
817444073
998808661
909767408
77220248
919638902
574321576
113523781
650967250
770547088
358759726
951548939
742479041
219588587
242976103
185614266
893152247
870573114
76177605
888458649
758424364
366624771
376120464
958894981
347845014
924938281
177938657
954458047
804548052
923695670
701071529
616099506
129599891
34438486
120682671
179152279
730486183
717019878
382342793
736374579
722674828
46934301
465685786
546489304
558444347
630757678
228553325
46969692
761108304
406213366
668418120
972997440
881254920
343182031
24073904
947635569
773962536
105804280
724317357
967534766
300571690
551016979
680959187
144019607
24026390
918697258
756848515
693709133
141767422
804911494
413460828
325380578
695814922
770211747
77043590
506452589
603582605
825382231
171777240
956608275
420392536
541808591
20107793
465993595
749018723
670352428
32409219
924724405
984694330
571209497
6357550
381167716
457986528
501957408
382459997
880880224
151296357
126641457
364359353
526677764
322979521
847353199
488311892
503473953
92654483
61961508
80073174
766376854
602389746
125539074
81630108
251792245
689667664
406008668
143822837
698355749
967676392
670969012
73447352
890671869
848224433
897489491
418162662
487975229
819644233
865125634
574980924
753720727
660681363
453838190
470201614
832435221
42266622
148739982
988388146
663058712
951756801
915495169
476549449
793606841
508087372
291608124
495992030
360041724
54542860
323333677
196549922
194505955
863937501
667649497
728933999
272622591
605646489
736662483
478699537
987178561
328601464
945993403
60320144
306574696
208620536
162723111
360502150
556666548
723744704
158336401
891211940
91953715
41506141
67743629
966028774
904678654
548785119
367412667
464093993
464658100
497514681
406048235
901112304
56000807
526635847
936244346
871702874
730748623
600949117
460509541
389504084
750894252
375935447
121376644
860447018
453347460
123724891
295368718
272036605
483601514
79877672
130912743
642441613
395175215
614890691
604039619
461671490
388706962
527009167
791441382
610455104
776485801
69124780
912821075
958676632
788191310
57480701
822461687
562564520
632441142
871988094
346718272
685667190
943802004
956795314
198678271
203476781
199369151
783334133
497055233
764227688
435883744
687900513
494389413
364066054
24080448
828834987
913326741
225489841
911260266
473887608
457191221
589901943
894196384
907385785
750960970
100108585
60022058
710964797
962398287
862036371
149946806
970286453
245797969
644059097
642159470
928075417
995189326
246089190
557151516
307055909
13132374
405347021
957672247
577477191
972043731
104400232
410094047
76066307
525639223
875865431
583676639
342942705
753973444
648059835
506796153
537172044
525246248
48937075
462531462
985573299
420013609
840926406
396289177
21900189
379526664
817072627
922588245
189866092
845993039
245896171
93716225
693320322
866929938
921935330
617149604
454328866
705027056
327630283
24138136
883070488
449791747
513858945
160141644
952062118
440157110
499386028
896928748
87165050
551516799
112097989
385867255
32227850
157702744
870667000
209422745
818126721
682133887
976285352
834932633
827055984
320781284
730578755
511897034
826958848
563517800
189853109
785559177
606816921
941605321
697906405
273529135
514862024
668808948
154879211
451748090
643606702
878701262
59617741
150589125
75783830
587311854
35729632
426348088
891395066
441123380
501821804
219649959
804986281
836078691
537719821
786338654
146248708
412669530
675621854
487726860
675924213
972606639
45874871
66339827
46919257
731163405
89226209
715867550
311071267
820651524
483793012
545533696
123310703
283176853
955570458
755490805
62864749
256967087
464548666
501360468
301171142
876773758
178786750
290293056
30388271
395275574
586133974
316663278
301263177
229679342
882765066
209138844
44639779
896305649
77273137
433636474
408860964
666299332
921106860
284491006
444309713
842391634
581716967
134100962
196184898
26324131
215346281
335826879
223258821
79276135
391491713
969423550
152678508
201429016
509161174
456017484
706778430
806354069
989949274
47260366
536121456
792297489
246418102
769048669
434961977
378827425
336329212
256558153
411865677
554722675
658340891
130780710
105916858
876160422
366148077
773529898
517186355
361061734
533735481
57246699
101704320
523102830
878292481
994500019
762185050
753329307
930625116
799913325
140294654
68495652
753826926
891413593
901751432
355020276
332583518
72654213
976826381
348669310
800030604
801398859
915929599
82232391
549654749
941051063
458248754
724059326
539152393
560644535
842570595
684847108
34879988
684071051
149474626
673732781
912282213
712243141
606828498
555646808
438403158
48878825
21627859
322828139
507196101
484886890
804704411
908597921
128790728
946385319
349749725
343181281
659048875
658258453
664341770
369909744
620565637
888920757
811245686
997571280
143087010
800627234
959325286
816963383
586575669
209048191
138232332
973534223
164800175
3171094
88937955
205099867
537280520
405756416
151451152
540614606
758248370
880113775
439814030
37421497
686077602
600964153
160743300
948450199
375177207
991797238
617846212
264129364
146744158
245488855
794238501
591262616
57652402
934835461
164655098
812350839
653979895
887632515
745771909
172825725
476807513
944185684
478311427
210404493
527633691
158795383
788871094
976485674
142321840
409551125
884308733
950335535
838851506
14374028
308990849
479779119
245429169
685762399
123002533
937320762
846977492
711642192
655656233
427295691
495232923
97909580
499496790
418505518
735121063
711621407
473761128
422737563
278477326
170405741
238047228
37007954
930882330
972264055
302242174
495649285
685864915
820109639
321171449
583556632
281489614
877850814
625857264
303111822
229069558
278273753
854512107
735434463
847986382
156140963
901894567
437036044
414642407
506254497
139994570
251947160
748815542
157641037
883160626
72404633
223265520
390712790
717157996
403247172
55158966
286386625
596415941
733405772
473546385
959129234
346363719
678768994
786795384
359182001
620168466
835236574
418098587
978933960
496633802
113863627
817665034
299992476
124191114
652474038
470156377
984211514
734948193
193076957
801392925
986797922
870454218
556863359
331411881
632727374
298107496
475606251
569614026
562949351
487069985
831203112
782177889
484801761
13273247
628535629
623832804
117733160
132185274
463233194
592769211
308116598
153228101
462052487
422099331
673260265
93174667
6436446
922453633
765273117
429857721
429857721
429857721
429857721
429857721
429857721
429857721
429857721
429857721
429857721
429857721
429857721
429857721
429857721
429857721
429857721
429857721
429857721
429857721
429857721
429857721
429857721
429857721
429857721
429857721
429857721
429857721
429857721
429857721
429857721
429857721
429857721
429857721
429857721
429857721
429857721
429857721
429857721
429857721
429857721
429857721
429857721
429857721
429857721
429857721
429857721
429857721
429857721
429857721
429857721
429857721
429857721
429857721
429857721
429857721
429857721
429857721
429857721
429857721
429857721
429857721
429857721
429857721
429857721
429857721
429857721
429857721
429857721
429857721
429857721
429857721
429857721
429857721
429857721
429857721
429857721
429857721
429857721
429857721
429857721
429857721
429857721
429857721
429857721
429857721
429857721
429857721
429857721
429857721
429857721
429857721
429857721
429857721
429857721
429857721
429857721
429857721
429857721
429857721
429857721
429857721
429857721
429857721
429857721
429857721
429857721
429857721
429857721
429857721
429857721
429857721
429857721
429857721
429857721
429857721
429857721
429857721
429857721
429857721
429857721
429857721
429857721
429857721
429857721
429857721
429857721
429857721
429857721
429857721
429857721
429857721
429857721
429857721
429857721
429857721
429857721
429857721
429857721
429857721
429857721
429857721
429857721
429857721
429857721
429857721
429857721
429857721
429857721
429857721
429857721
429857721
429857721
429857721
429857721
429857721
429857721
429857721
429857721
429857721
429857721
429857721
429857721
429857721
429857721
429857721
429857721
429857721
429857721
429857721
429857721
429857721
429857721
429857721
429857721
429857721
429857721
429857721
429857721
429857721
429857721
429857721
429857721
429857721
429857721
429857721
429857721
429857721
429857721
429857721
429857721
429857721
429857721
429857721
429857721
429857721
429857721
429857721
429857721
429857721
429857721
429857721
429857721
429857721
429857721
429857721
429857721
429857721
429857721
429857721
429857721
429857721
429857721
429857721
429857721
429857721
429857721
429857721
429857721
429857721
429857721
429857721
429857721
429857721
429857721
429857721
429857721
429857721
429857721
429857721
429857721
429857721
429857721
429857721
429857721
429857721
429857721
429857721
429857721
429857721
429857721
429857721
429857721
429857721
429857721
429857721
429857721
429857721
429857721
429857721
429857721
429857721
429857721
429857721
429857721
429857721
429857721
429857721
429857721
429857721
429857721
429857721
429857721
429857721
429857721
429857721
429857721
429857721
429857721
429857721
429857721
429857721
429857721
429857721
429857721
429857721
429857721
429857721
429857721
429857721
429857721
429857721
429857721
429857721
429857721
429857721
429857721
429857721
429857721
429857721
429857721
429857721
429857721
429857721
429857721
429857721
429857721
429857721
429857721
429857721
429857721
429857721
429857721
429857721
429857721
429857721
429857721
429857721
429857721
429857721
429857721
429857721
429857721
429857721
429857721
429857721
429857721
429857721
429857721
429857721
429857721
429857721
429857721
429857721
429857721
429857721
429857721
429857721
429857721
429857721
429857721
429857721
429857721
429857721
429857721
429857721
429857721
429857721
429857721
429857721
429857721
429857721
429857721
429857721
429857721
429857721
429857721
429857721
429857721
429857721
429857721
429857721
429857721
429857721
429857721
429857721
429857721
429857721
429857721
429857721
429857721
429857721
429857721
429857721
429857721
429857721
429857721
429857721
429857721
429857721
429857721
429857721
429857721
429857721
429857721
429857721
429857721
429857721
429857721
429857721
429857721
429857721
429857721
429857721
429857721
429857721
429857721
429857721
429857721
429857721
429857721
429857721
429857721
429857721
429857721
429857721
429857721
429857721
429857721
429857721
429857721
429857721
429857721
429857721
429857721
429857721
429857721
429857721
429857721
429857721
429857721
429857721
429857721
429857721
429857721
429857721
429857721
429857721
429857721
429857721
429857721
429857721
429857721
429857721
429857721
429857721
429857721
429857721
429857721
429857721
429857721
429857721
429857721
429857721
429857721
429857721
429857721
429857721
429857721
429857721
429857721
429857721
429857721
429857721
429857721
429857721
429857721
429857721
429857721
429857721
429857721
429857721
429857721
429857721
429857721
429857721
429857721
429857721
429857721
429857721
429857721
429857721
429857721
429857721
429857721
429857721
429857721
429857721
429857721
429857721
429857721
429857721
429857721
429857721
429857721
429857721
429857721
429857721
429857721
429857721
429857721
429857721
429857721
429857721
429857721
429857721
429857721
429857721
429857721
429857721
429857721
429857721
429857721
429857721
429857721
429857721
429857721
429857721
429857721
429857721
429857721
429857721
429857721
429857721
429857721
429857721
429857721
429857721
429857721
429857721
429857721
429857721
429857721
429857721
429857721
429857721
429857721
429857721
429857721
429857721
429857721
429857721
429857721
429857721
429857721
429857721
429857721
429857721
429857721
429857721
429857721
429857721
429857721
429857721
429857721
429857721
429857721
429857721
429857721
429857721
429857721
429857721
429857721
429857721
429857721
429857721
429857721
429857721
429857721
429857721
429857721
429857721
429857721
429857721
429857721
429857721
429857721
429857721
429857721
429857721
429857721
429857721
429857721
429857721
429857721
429857721
429857721
429857721
429857721
429857721
429857721
429857721
429857721
429857721
429857721
429857721
429857721
429857721
429857721
429857721
429857721
429857721
429857721
429857721
429857721
429857721
429857721
429857721
429857721
429857721
429857721
429857721
429857721
429857721
429857721
429857721
429857721
429857721
429857721
429857721
429857721
429857721
429857721
429857721
429857721
429857721
429857721
429857721
429857721
429857721
429857721
429857721
429857721
429857721
429857721
429857721
429857721
429857721
429857721
429857721
429857721
429857721
429857721
429857721
429857721
429857721
429857721
429857721
429857721
429857721
429857721
429857721
429857721
429857721
429857721
429857721
429857721
429857721
429857721
429857721
429857721
429857721
429857721
429857721
429857721
429857721
429857721
429857721
429857721
429857721
429857721
429857721
429857721
429857721
429857721
429857721
429857721
429857721
429857721
429857721
429857721
429857721
429857721
429857721
429857721
429857721
429857721
429857721
429857721
429857721
429857721
429857721
429857721
429857721
429857721
429857721
429857721
429857721
429857721
429857721
429857721
429857721
429857721
429857721
429857721
429857721
429857721
429857721
429857721
429857721
429857721
429857721
429857721
429857721
429857721
429857721
429857721
429857721
429857721
429857721
429857721
429857721
429857721
429857721
429857721
429857721
429857721
429857721
429857721
429857721
429857721
429857721
429857721
429857721
429857721
429857721
429857721
429857721
429857721
429857721
429857721
429857721
429857721
429857721
429857721
429857721
429857721
429857721
429857721
429857721
429857721
429857721
429857721
429857721
429857721
429857721
429857721
429857721
429857721
429857721
429857721
429857721
429857721
429857721
429857721
429857721
429857721
429857721
429857721
429857721
429857721
429857721
429857721
429857721
429857721
429857721
429857721
429857721
429857721
429857721
429857721
429857721
429857721
429857721
429857721
429857721
429857721
429857721
429857721
429857721
429857721
429857721
429857721
429857721
429857721
429857721
429857721
429857721
429857721
429857721
429857721
429857721
429857721
429857721
429857721
429857721
429857721
429857721
429857721
429857721
429857721
429857721
429857721
429857721
429857721
429857721
429857721
429857721
429857721
429857721
429857721
429857721
429857721
429857721
429857721
429857721
429857721
429857721
429857721
429857721
429857721
429857721
429857721
429857721
429857721
429857721
429857721
429857721
429857721
429857721
429857721
429857721
429857721
429857721
429857721
429857721
429857721
429857721
429857721
429857721
429857721
429857721
429857721
429857721
429857721
429857721
429857721
429857721
429857721
429857721
429857721
429857721
429857721
429857721
429857721
429857721
429857721
429857721
429857721
429857721
429857721
429857721
429857721
429857721
429857721
429857721
429857721
429857721
429857721
429857721
429857721
429857721
429857721
429857721
429857721
429857721
429857721
429857721
429857721
429857721
429857721
429857721
429857721
429857721
429857721
429857721
429857721
429857721
429857721
429857721
429857721
429857721
429857721
429857721
429857721
429857721
429857721
429857721
429857721
429857721
429857721
429857721
429857721
429857721
429857721
429857721
429857721
429857721
429857721
429857721
429857721
429857721
429857721
429857721
429857721
429857721
429857721
429857721
429857721
429857721
429857721
429857721
429857721
429857721
429857721
429857721
429857721
429857721
429857721
429857721
429857721
429857721
429857721
429857721
429857721
429857721
429857721
429857721
429857721
429857721
429857721
429857721
429857721
429857721
429857721
429857721
429857721
429857721
429857721
429857721
429857721
429857721
429857721
429857721
429857721
429857721
429857721
429857721
429857721
429857721
429857721
429857721
429857721
429857721
429857721
429857721
429857721
429857721
429857721
429857721
429857721
429857721
429857721
429857721
429857721
429857721
429857721
429857721
429857721
429857721
429857721
429857721
429857721
429857721
429857721
429857721
429857721
429857721
429857721
429857721
429857721
429857721
429857721
429857721
429857721
429857721
429857721
429857721
429857721
429857721
429857721
429857721
429857721
429857721
429857721
429857721
429857721
429857721
429857721
429857721
429857721
429857721
429857721
429857721
429857721
429857721
429857721
429857721
429857721
429857721
429857721
429857721
429857721
429857721
429857721
429857721
429857721
429857721
429857721
429857721
429857721
429857721
429857721
429857721
429857721
429857721
429857721
429857721
429857721
429857721
429857721
429857721
429857721
429857721
429857721
429857721
429857721
429857721
429857721
429857721
429857721
429857721
429857721
429857721
429857721
429857721
429857721
429857721
429857721
429857721
429857721
429857721
429857721
429857721
429857721
429857721
429857721
429857721
429857721
429857721
429857721
429857721
429857721
429857721
429857721
429857721
429857721
429857721
429857721
429857721
429857721
429857721
429857721
429857721
429857721
429857721
429857721
429857721
429857721
429857721
429857721
429857721
429857721
429857721
429857721
429857721
429857721
429857721
429857721
429857721
429857721
429857721
429857721
429857721
429857721
429857721
429857721
429857721
429857721
429857721
429857721
429857721
429857721
429857721
429857721
429857721
429857721
429857721
429857721
429857721
429857721
429857721
429857721
429857721
429857721
429857721
429857721
429857721
429857721
429857721
429857721
429857721
429857721
429857721
429857721
429857721
429857721
429857721
429857721
429857721
429857721
429857721
429857721
429857721
429857721
429857721
429857721
429857721
429857721
429857721
429857721
429857721
429857721
429857721
429857721
429857721
429857721
429857721
429857721
429857721
429857721
429857721
429857721
429857721
429857721
429857721
429857721
429857721
429857721
429857721
429857721
429857721
429857721
429857721
429857721
429857721
429857721
429857721
429857721
429857721
429857721
429857721
429857721
429857721
429857721
429857721
429857721
429857721
429857721
429857721
429857721
429857721
429857721
429857721
429857721
429857721
429857721
429857721
429857721
429857721
429857721
429857721
429857721
429857721
429857721
429857721
429857721
429857721
429857721
429857721
429857721
429857721
429857721
429857721
429857721
429857721
429857721
429857721
429857721
429857721
429857721
429857721
429857721
429857721
429857721
429857721
429857721
429857721
429857721
429857721
429857721
429857721
429857721
429857721
429857721
429857721
429857721
429857721
429857721
429857721
429857721
429857721
429857721
429857721
429857721
429857721
429857721
429857721
429857721
429857721
429857721
429857721
429857721
429857721
429857721
429857721
429857721
429857721
429857721
429857721
429857721
429857721
429857721
429857721
429857721
429857721
429857721
429857721
429857721
429857721
429857721
429857721
429857721
429857721
429857721
429857721
429857721
429857721
429857721
429857721
429857721
429857721
429857721
429857721
429857721
429857721
429857721
429857721
429857721
429857721
429857721
429857721
429857721
429857721
429857721
429857721
429857721
429857721
429857721
429857721
429857721
429857721
429857721
429857721
429857721
429857721
429857721
429857721
429857721
429857721
429857721
429857721
429857721
429857721
429857721
429857721
429857721
429857721
429857721
429857721
429857721
429857721
429857721
429857721
429857721
429857721
429857721
429857721
429857721
429857721
429857721
429857721
429857721
429857721
429857721
429857721
429857721
429857721
429857721
429857721
429857721
429857721
429857721
429857721
429857721
429857721
429857721
429857721
429857721
429857721
429857721
429857721
429857721
429857721
429857721
429857721
429857721
429857721
429857721
429857721
429857721
429857721
429857721
429857721
429857721
429857721
429857721
429857721
429857721
429857721
429857721
429857721
429857721
429857721
429857721
429857721
429857721
429857721
429857721
429857721
429857721
429857721
429857721
429857721
429857721
429857721
429857721
429857721
429857721
429857721
429857721
429857721
429857721
429857721
429857721
429857721
429857721
429857721
429857721
429857721
429857721
429857721
429857721
429857721
429857721
429857721
429857721
429857721
429857721
429857721
429857721
429857721
429857721
429857721
429857721
429857721
429857721
429857721
429857721
429857721
429857721
429857721
429857721
429857721
429857721
429857721
429857721
429857721
429857721
429857721
429857721
429857721
429857721
429857721
429857721
429857721
429857721
429857721
429857721
429857721
429857721
429857721
429857721
429857721
429857721
429857721
429857721
429857721
429857721
429857721
429857721
429857721
429857721
429857721
429857721
429857721
429857721
429857721
429857721
429857721
429857721
429857721
429857721
429857721
429857721
429857721
429857721
429857721
429857721
429857721
429857721
429857721
429857721
429857721
429857721
429857721
429857721
429857721
429857721
429857721
429857721
429857721
429857721
429857721
429857721
429857721
429857721
429857721
429857721
429857721
429857721
429857721
429857721
429857721
429857721
429857721
429857721
429857721
429857721
429857721
429857721
429857721
429857721
429857721
429857721
429857721
429857721
429857721
429857721
429857721
429857721
429857721
429857721
429857721
429857721
429857721
429857721
429857721
429857721
429857721
429857721
429857721
429857721
429857721
429857721
429857721
429857721
429857721
429857721
429857721
429857721
429857721
429857721
429857721
429857721
429857721
429857721
429857721
429857721
429857721
429857721
429857721
429857721
429857721
429857721
429857721
429857721
429857721
429857721
429857721
429857721
429857721
429857721
429857721
429857721
429857721
429857721
429857721
429857721
429857721
429857721
429857721
429857721
429857721
429857721
429857721
429857721
429857721
429857721
429857721
429857721
429857721
429857721
429857721
429857721
429857721
429857721
429857721
429857721
429857721
429857721
429857721
429857721
429857721
429857721
429857721
429857721
429857721
429857721
429857721
429857721
429857721
429857721
429857721
429857721
429857721
429857721
429857721
429857721
429857721
429857721
429857721
429857721
429857721
429857721
429857721
429857721
429857721
429857721
429857721
429857721
429857721
429857721
429857721
429857721
429857721
429857721
429857721
429857721
429857721
429857721
429857721
429857721
429857721
429857721
429857721
429857721
429857721
429857721
429857721
429857721
429857721
429857721
429857721
429857721
429857721
429857721
429857721
429857721
429857721
429857721
429857721
429857721
429857721
429857721
429857721
429857721
429857721
429857721
429857721
429857721
429857721
429857721
429857721
429857721
429857721
429857721
429857721
429857721
429857721
429857721
429857721
429857721
429857721
429857721
429857721
429857721
429857721
429857721
429857721
429857721
429857721
429857721
429857721
429857721
429857721
429857721
429857721
429857721
429857721
429857721
429857721
429857721
429857721
429857721
429857721
429857721
429857721
429857721
429857721
429857721
429857721
429857721
429857721
429857721
429857721
429857721
429857721
429857721
429857721
429857721
429857721
429857721
429857721
429857721
429857721
429857721
429857721
429857721
429857721
429857721
429857721
429857721
429857721
429857721
429857721
429857721
429857721
429857721
429857721
429857721
429857721
429857721
429857721
429857721
429857721
429857721
429857721
429857721
429857721
429857721
429857721
429857721
429857721
429857721
429857721
429857721
429857721
429857721
429857721
429857721
429857721
429857721
429857721
429857721
429857721
429857721
429857721
429857721
429857721
429857721
429857721
429857721
429857721
429857721
429857721
429857721
429857721
429857721
429857721
429857721
429857721
429857721
429857721
429857721
429857721
429857721
429857721
429857721
429857721
429857721
429857721
429857721
429857721
429857721
429857721
429857721
429857721
429857721
429857721
429857721
429857721
429857721
429857721
429857721
429857721
429857721
429857721
429857721
429857721
429857721
429857721
429857721
429857721
429857721
429857721
429857721
429857721
429857721
429857721
429857721
429857721
429857721
429857721
429857721
429857721
429857721
429857721
429857721
429857721
429857721
429857721
429857721
429857721
429857721
429857721
429857721
429857721
429857721
429857721
429857721
429857721
429857721
429857721
429857721
429857721
429857721
429857721
429857721
429857721
429857721
429857721
429857721
429857721
429857721
429857721
429857721
429857721
429857721
429857721
429857721
429857721
429857721
429857721
429857721
429857721
429857721
429857721
429857721
429857721
429857721
429857721
429857721
429857721
429857721
429857721
429857721
429857721
429857721
429857721
429857721
429857721
429857721
429857721
429857721
429857721
429857721
429857721
429857721
429857721
429857721
429857721
429857721
429857721
429857721
429857721
429857721
429857721
429857721
429857721
429857721
429857721
429857721
429857721
429857721
429857721
429857721
429857721
429857721
429857721
429857721
429857721
429857721
429857721
429857721
429857721
429857721
429857721
429857721
429857721
429857721
429857721
429857721
429857721
429857721
429857721
429857721
429857721
429857721
429857721
429857721
429857721
429857721
429857721
429857721
429857721
429857721
429857721
429857721
429857721
429857721
429857721
429857721
429857721
429857721
429857721
429857721
429857721
429857721
429857721
429857721
429857721
429857721
429857721
429857721
429857721
429857721
429857721
429857721
429857721
429857721
429857721
429857721
429857721
429857721
429857721
429857721
429857721
429857721
429857721
429857721
429857721
429857721
429857721
429857721
429857721
429857721
429857721
429857721
429857721
429857721
429857721
429857721
429857721
429857721
429857721
429857721
429857721
429857721
429857721
429857721
429857721
429857721
429857721
429857721
429857721
429857721
429857721
429857721
429857721
429857721
429857721
429857721
429857721
429857721
429857721
429857721
429857721
429857721
429857721
429857721
429857721
429857721
429857721
429857721
429857721
429857721
429857721
429857721
429857721
429857721
429857721
429857721
429857721
429857721
429857721
429857721
429857721
429857721
429857721
429857721
429857721
429857721
429857721
429857721
429857721
429857721
429857721
429857721
429857721
429857721
429857721
429857721
429857721
429857721
429857721
429857721
429857721
429857721
429857721
429857721
429857721
429857721
429857721
429857721
429857721
429857721
429857721
429857721
429857721
429857721
429857721
429857721
429857721
429857721
429857721
429857721
429857721
429857721
429857721
429857721
429857721
429857721
429857721
429857721
429857721
429857721
429857721
429857721
429857721
429857721
429857721
429857721
429857721
429857721
429857721
429857721
429857721
429857721
429857721
429857721
429857721
429857721
429857721
429857721
429857721
429857721
429857721
429857721
429857721
429857721
429857721
429857721
429857721
429857721
429857721
429857721
429857721
429857721
429857721
429857721
429857721
429857721
429857721
429857721
429857721
429857721
429857721
429857721
429857721
429857721
429857721
429857721
429857721
429857721
429857721
429857721
429857721
429857721
429857721
429857721
429857721
429857721
429857721
429857721
429857721
429857721
429857721
429857721
429857721
429857721
429857721
429857721
429857721
429857721
429857721
429857721
429857721
429857721
429857721
429857721
429857721
429857721
429857721
429857721
429857721
429857721
429857721
429857721
429857721
429857721
429857721
429857721
429857721
429857721
429857721
429857721
429857721
429857721
429857721
429857721
429857721
429857721
429857721
429857721
429857721
429857721
429857721
429857721
429857721
429857721
429857721
429857721
429857721
429857721
429857721
429857721
429857721
429857721
429857721
429857721
429857721
429857721
429857721
429857721
429857721
429857721
429857721
429857721
429857721
429857721
429857721
429857721
429857721
429857721
429857721
429857721
429857721
429857721
429857721
429857721
429857721
429857721
429857721
429857721
429857721
429857721
429857721
429857721
429857721
429857721
429857721
429857721
429857721
429857721
429857721
429857721
429857721
429857721
429857721
429857721
429857721
429857721
429857721
429857721
429857721
429857721
429857721
429857721
429857721
429857721
429857721
429857721
429857721
429857721
429857721
429857721
429857721
429857721
429857721
429857721
429857721
429857721
429857721
429857721
429857721
429857721
429857721
429857721
429857721
429857721
429857721
429857721
429857721
429857721
429857721
429857721
429857721
429857721
429857721
429857721
429857721
429857721
429857721
429857721
429857721
429857721
429857721
429857721
429857721
429857721
429857721
429857721
429857721
429857721
429857721
429857721
429857721
429857721
429857721
429857721
429857721
429857721
429857721
429857721
429857721
429857721
429857721
429857721
429857721
429857721
429857721
429857721
429857721
429857721
429857721
429857721
429857721
429857721
429857721
429857721
429857721
429857721
429857721
429857721
429857721
429857721
429857721
429857721
429857721
429857721
429857721
429857721
429857721
429857721
429857721
429857721
429857721
429857721
429857721
429857721
429857721
429857721
429857721
429857721
429857721
429857721
429857721
429857721
429857721
429857721
429857721
429857721
429857721
429857721
429857721
429857721
429857721
429857721
429857721
429857721
429857721
429857721
429857721
429857721
429857721
429857721
429857721
429857721
429857721
429857721
429857721
429857721
429857721
429857721
429857721
429857721
429857721
429857721
429857721
429857721
429857721
429857721
429857721
429857721
429857721
429857721
429857721
429857721
429857721
429857721
429857721
429857721
429857721
429857721
429857721
429857721
429857721
429857721
429857721
429857721
429857721
429857721
429857721
429857721
429857721
429857721
429857721
429857721
429857721
429857721
429857721
429857721
429857721
429857721
429857721
429857721
429857721
429857721
429857721
429857721
429857721
429857721
429857721
429857721
429857721
429857721
429857721
429857721
429857721
429857721
429857721
429857721
429857721
429857721
429857721
429857721
429857721
429857721
429857721
429857721
429857721
429857721
429857721
429857721
429857721
429857721
429857721
429857721
429857721
429857721
429857721
429857721
429857721
429857721
429857721
429857721
429857721
429857721
429857721
429857721
429857721
429857721
429857721
429857721
429857721
429857721
429857721
429857721
429857721
429857721
429857721
429857721
429857721
429857721
429857721
429857721
429857721
429857721
429857721
429857721
429857721
429857721
429857721
429857721
429857721
429857721
429857721
429857721
429857721
429857721
429857721
429857721
429857721
429857721
429857721
429857721
429857721
429857721
429857721
429857721
429857721
429857721
429857721
429857721
429857721
429857721
429857721
429857721
429857721
429857721
429857721
429857721
429857721
429857721
429857721
429857721
429857721
429857721
429857721
429857721
429857721
429857721
429857721
429857721
429857721
429857721
429857721
429857721
429857721
429857721
429857721
429857721
429857721
429857721
429857721
429857721
429857721
429857721
429857721
429857721
429857721
429857721
429857721
429857721
429857721
429857721
429857721
429857721
429857721
429857721
429857721
429857721
429857721
429857721
429857721
429857721
429857721
429857721
429857721
429857721
429857721
429857721
429857721
429857721
429857721
429857721
429857721
429857721
429857721
429857721
429857721
429857721
429857721
429857721
429857721
429857721
429857721
429857721
429857721
429857721
429857721
429857721
429857721
429857721
429857721
429857721
429857721
429857721
429857721
429857721
429857721
429857721
429857721
429857721
429857721
429857721
429857721
429857721
429857721
429857721
429857721
429857721
429857721
429857721
429857721
429857721
429857721
429857721
429857721
429857721
429857721
429857721
429857721
429857721
429857721
429857721
429857721
429857721
429857721
429857721
429857721
429857721
429857721
429857721
429857721
429857721
429857721
429857721
429857721
429857721
429857721
429857721
429857721
429857721
429857721
429857721
429857721
429857721
429857721
429857721
429857721
429857721
429857721
429857721
429857721
429857721
429857721
429857721
429857721
429857721
429857721
429857721
429857721
429857721
429857721
429857721
429857721
429857721
429857721
429857721
429857721
429857721
429857721
429857721
429857721
429857721
429857721
429857721
429857721
429857721
429857721
429857721
429857721
429857721
429857721
429857721
429857721
429857721
429857721
429857721
429857721
429857721
429857721
429857721
429857721
429857721
429857721
429857721
429857721
429857721
429857721
429857721
429857721
429857721
429857721
429857721
429857721
429857721
429857721
429857721
429857721
429857721
429857721
429857721
429857721
429857721
429857721
429857721
429857721
429857721
429857721
429857721
429857721
429857721
429857721
429857721
429857721
429857721
429857721
429857721
429857721
429857721
429857721
429857721
429857721
429857721
429857721
429857721
429857721
429857721
429857721
429857721
429857721
429857721
429857721
429857721
429857721
429857721
429857721
429857721
429857721
429857721
429857721
429857721
429857721
429857721
429857721
429857721
429857721
429857721
429857721
429857721
429857721
429857721
429857721
429857721
429857721
429857721
429857721
429857721
429857721
429857721
429857721
429857721
429857721
429857721
429857721
429857721
429857721
429857721
429857721
429857721
429857721
429857721
429857721
429857721
429857721
429857721
429857721
429857721
429857721
429857721
429857721
429857721
429857721
429857721
429857721
429857721
429857721
429857721
429857721
429857721
429857721
429857721
429857721
429857721
429857721
429857721
429857721
429857721
429857721
429857721
429857721
429857721
429857721
429857721
429857721
429857721
429857721
429857721
429857721
429857721
429857721
429857721
429857721
429857721
429857721
429857721
429857721
429857721
429857721
429857721
429857721
429857721
429857721
429857721
429857721
429857721
429857721
429857721
429857721
429857721
429857721
429857721
429857721
429857721
429857721
429857721
429857721
429857721
429857721
429857721
429857721
429857721
429857721
429857721
429857721
429857721
429857721
429857721
429857721
429857721
429857721
429857721
429857721
429857721
429857721
429857721
429857721
429857721
429857721
429857721
429857721
429857721
429857721
429857721
429857721
429857721
429857721
429857721
429857721
429857721
429857721
429857721
429857721
429857721
429857721
429857721
429857721
429857721
429857721
429857721
429857721
429857721
429857721
429857721
429857721
429857721
429857721
429857721
429857721
429857721
429857721
429857721
429857721
429857721
429857721
429857721
429857721
429857721
429857721
429857721
429857721
429857721
429857721
429857721
429857721
429857721
429857721
429857721
429857721
429857721
429857721
429857721
429857721
429857721
429857721
429857721
429857721
429857721
429857721
429857721
429857721
429857721
429857721
429857721
429857721
429857721
429857721
429857721
429857721
429857721
429857721
429857721
429857721
429857721
429857721
429857721
429857721
429857721
429857721
429857721
429857721
429857721
429857721
429857721
429857721
429857721
429857721
429857721
429857721
429857721
429857721
429857721
429857721
429857721
429857721
429857721
429857721
429857721
429857721
429857721
429857721
429857721
429857721
429857721
429857721
429857721
429857721
429857721
429857721
429857721
429857721
429857721
429857721
429857721
429857721
429857721
429857721
429857721
429857721
429857721
429857721
429857721
429857721
429857721
429857721
429857721
429857721
429857721
429857721
429857721
429857721
429857721
429857721
429857721
429857721
429857721
429857721
429857721
429857721
429857721
429857721
429857721
429857721
429857721
429857721
429857721
429857721
429857721
429857721
429857721
429857721
429857721
429857721
429857721
429857721
429857721
429857721
429857721
429857721
429857721
429857721
429857721
429857721
429857721
429857721
429857721
429857721
429857721
429857721
429857721
429857721
429857721
429857721
429857721
429857721
429857721
429857721
429857721
429857721
429857721
429857721
429857721
429857721
429857721
429857721
429857721
429857721
429857721
429857721
429857721
429857721
429857721
429857721
429857721
429857721
429857721
429857721
429857721
429857721
429857721
429857721
429857721
429857721
429857721
429857721
429857721
429857721
429857721
429857721
429857721
429857721
429857721
429857721
429857721
429857721
429857721
429857721
429857721
429857721
429857721
429857721
429857721
429857721
429857721
429857721
429857721
429857721
429857721
429857721
429857721
429857721
429857721
429857721
429857721
429857721
429857721
429857721
429857721
429857721
429857721
429857721
429857721
429857721
429857721
429857721
429857721
429857721
429857721
429857721
429857721
429857721
429857721
429857721
429857721
429857721
429857721
429857721
429857721
429857721
429857721
429857721
429857721
429857721
429857721
429857721
429857721
429857721
429857721
429857721
429857721
429857721
429857721
429857721
429857721
429857721
429857721
429857721
429857721
429857721
429857721
429857721
429857721
429857721
429857721
429857721
429857721
429857721
429857721
429857721
429857721
429857721
429857721
429857721
429857721
429857721
429857721
429857721
429857721
429857721
429857721
429857721
429857721
429857721
429857721
429857721
429857721
429857721
429857721
429857721
429857721
429857721
429857721
429857721
429857721
429857721
429857721
429857721
429857721
429857721
429857721
429857721
429857721
429857721
429857721
429857721
429857721
429857721
429857721
429857721
429857721
429857721
429857721
429857721
429857721
429857721
429857721
429857721
429857721
429857721
429857721
429857721
429857721
429857721
429857721
429857721
429857721
429857721
429857721
429857721
429857721
429857721
429857721
429857721
429857721
429857721
429857721
429857721
429857721
429857721
429857721
429857721
429857721
429857721
429857721
429857721
429857721
429857721
429857721
429857721
429857721
429857721
429857721
429857721
429857721
429857721
429857721
429857721
429857721
429857721
429857721
429857721
429857721
429857721
429857721
429857721
429857721
429857721
429857721
429857721
429857721
429857721
429857721
429857721
429857721
429857721
429857721
429857721
429857721
429857721
429857721
429857721
429857721
429857721
429857721
429857721
429857721
429857721
429857721
429857721
429857721
429857721
429857721
429857721
429857721
429857721
429857721
429857721
429857721
429857721
429857721
429857721
429857721
429857721
429857721
429857721
429857721
429857721
429857721
429857721
429857721
429857721
429857721
429857721
429857721
429857721
429857721
429857721
429857721
429857721
429857721
429857721
429857721
429857721
429857721
429857721
429857721
429857721
429857721
429857721
429857721
429857721
429857721
429857721
429857721
429857721
429857721
429857721
429857721
429857721
429857721
429857721
429857721
429857721
429857721
429857721
429857721
429857721
429857721
429857721
429857721
429857721
429857721
429857721
429857721
429857721
429857721
429857721
429857721
429857721
429857721
429857721
429857721
429857721
429857721
429857721
429857721
429857721
429857721
429857721
429857721
429857721
429857721
429857721
429857721
429857721
429857721
429857721
429857721
429857721
429857721
429857721
429857721
429857721
429857721
429857721
429857721
429857721
429857721
429857721
429857721
429857721
429857721
429857721
429857721
429857721
429857721
429857721
429857721
429857721
429857721
429857721
429857721
429857721
429857721
429857721
429857721
429857721
429857721
429857721
429857721
429857721
429857721
429857721
429857721
429857721
429857721
429857721
429857721
429857721
429857721
429857721
429857721
429857721
429857721
429857721
429857721
429857721
429857721
429857721
429857721
429857721
429857721
429857721
429857721
429857721
429857721
429857721
429857721
429857721
429857721
429857721
429857721
429857721
429857721
429857721
429857721
429857721
429857721
429857721
429857721
429857721
429857721
429857721
429857721
429857721
429857721
429857721
429857721
429857721
429857721
429857721
429857721
429857721
429857721
429857721
429857721
429857721
429857721
429857721
429857721
429857721
429857721
429857721
429857721
429857721
429857721
429857721
429857721
429857721
429857721
429857721
429857721
429857721
429857721
429857721
429857721
429857721
429857721
429857721
429857721
429857721
429857721
429857721
429857721
429857721
429857721
429857721
429857721
429857721
429857721
429857721
429857721
429857721
429857721
429857721
429857721
429857721
429857721
429857721
429857721
429857721
429857721
429857721
429857721
429857721
429857721
429857721
429857721
429857721
429857721
429857721
429857721
429857721
429857721
429857721
429857721
429857721
429857721
429857721
429857721
429857721
429857721
429857721
429857721
429857721
429857721
429857721
429857721
429857721
429857721
429857721
429857721
429857721
429857721
429857721
429857721
429857721
429857721
429857721
429857721
429857721
429857721
429857721
429857721
429857721
429857721
429857721
429857721
429857721
429857721
429857721
429857721
429857721
429857721
429857721
429857721
429857721
429857721
429857721
429857721
429857721
429857721
429857721
429857721
429857721
429857721
429857721
429857721
429857721
429857721
429857721
429857721
429857721
429857721
429857721
429857721
429857721
429857721
429857721
429857721
429857721
429857721
429857721
429857721
429857721
429857721
429857721
429857721
429857721
429857721
429857721
429857721
429857721
429857721
429857721
429857721
429857721
429857721
429857721
429857721
429857721
429857721
429857721
429857721
429857721
429857721
429857721
429857721
429857721
429857721
429857721
429857721
429857721
429857721
429857721
429857721
429857721
429857721
429857721
429857721
429857721
429857721
429857721
429857721
429857721
429857721
429857721
429857721
429857721
429857721
429857721
429857721
429857721
429857721
429857721
429857721
429857721
429857721
429857721
429857721
429857721
429857721
429857721
429857721
429857721
429857721
429857721
429857721
429857721
429857721
429857721
429857721
429857721
429857721
429857721
429857721
429857721
429857721
429857721
429857721
429857721
429857721
429857721
429857721
429857721
429857721
429857721
429857721
429857721
429857721
429857721
429857721
429857721
429857721
429857721
429857721
429857721
429857721
429857721
429857721
429857721
429857721
429857721
429857721
429857721
429857721
429857721
429857721
429857721
429857721
429857721
429857721
429857721
429857721
429857721
429857721
429857721
429857721
429857721
429857721
429857721
429857721
429857721
429857721
429857721
429857721
429857721
429857721
429857721
429857721
429857721
429857721
429857721
429857721
429857721
429857721
429857721
429857721
429857721
429857721
429857721
429857721
429857721
429857721
429857721
429857721
429857721
429857721
429857721
429857721
429857721
429857721
429857721
429857721
429857721
429857721
429857721
429857721
429857721
429857721
429857721
429857721
429857721
429857721
429857721
429857721
429857721
429857721
429857721
429857721
429857721
429857721
429857721
429857721
429857721
429857721
429857721
429857721
429857721
429857721
429857721
429857721
429857721
429857721
429857721
429857721
429857721
429857721
429857721
429857721
429857721
429857721
429857721
429857721
429857721
429857721
429857721
429857721
429857721
429857721
429857721
429857721
429857721
429857721
429857721
429857721
429857721
429857721
429857721
429857721
429857721
429857721
429857721
429857721
429857721
429857721
429857721
429857721
429857721
429857721
429857721
429857721
429857721
429857721
429857721
429857721
429857721
429857721
429857721
429857721
429857721
429857721
429857721
429857721
429857721
429857721
429857721
429857721
429857721
429857721
429857721
429857721
429857721
429857721
429857721
429857721
429857721
429857721
429857721
429857721
429857721
429857721
429857721
429857721
429857721
429857721
429857721
429857721
429857721
429857721
429857721
429857721
429857721
429857721
429857721
429857721
429857721
429857721
429857721
429857721
429857721
429857721
429857721
429857721
429857721
429857721
429857721
429857721
429857721
429857721
429857721
429857721
429857721
429857721
429857721
429857721
429857721
429857721
429857721
429857721
429857721
429857721
429857721
429857721
429857721
429857721
429857721
429857721
429857721
429857721
429857721
429857721
429857721
429857721
429857721
429857721
429857721
429857721
429857721
429857721
429857721
429857721
429857721
429857721
429857721
429857721
429857721
429857721
429857721
429857721
429857721
429857721
429857721
429857721
429857721
429857721
429857721
429857721
429857721
429857721
429857721
429857721
429857721
429857721
429857721
429857721
429857721
429857721
429857721
429857721
429857721
429857721
429857721
429857721
429857721
429857721
429857721
429857721
429857721
429857721
429857721
429857721
429857721
429857721
429857721
429857721
429857721
429857721
429857721
429857721
429857721
429857721
429857721
429857721
429857721
429857721
429857721
429857721
429857721
429857721
429857721
429857721
429857721
429857721
429857721
429857721
429857721
429857721
429857721
429857721
429857721
429857721
429857721
429857721
429857721
429857721
429857721
429857721
429857721
429857721
429857721
429857721
429857721
429857721
429857721
429857721
429857721
429857721
429857721
429857721
429857721
429857721
429857721
429857721
429857721
429857721
429857721
429857721
429857721
429857721
429857721
429857721
429857721
429857721
429857721
429857721
429857721
429857721
429857721
429857721
429857721
429857721
429857721
429857721
429857721
429857721
429857721
429857721
429857721
429857721
429857721
429857721
429857721
429857721
429857721
429857721
429857721
429857721
429857721
429857721
429857721
429857721
429857721
429857721
429857721
429857721
429857721
429857721
429857721
429857721
429857721
429857721
429857721
429857721
429857721
429857721
429857721
429857721
429857721
429857721
429857721
429857721
429857721
429857721
429857721
429857721
429857721
429857721
429857721
429857721
429857721
429857721
429857721
429857721
429857721
429857721
429857721
429857721
429857721
429857721
429857721
429857721
429857721
429857721
429857721
429857721
429857721
429857721
429857721
429857721
429857721
429857721
429857721
429857721
429857721
429857721
429857721
429857721
429857721
429857721
429857721
429857721
429857721
429857721
429857721
429857721
429857721
429857721
429857721
429857721
429857721
429857721
429857721
429857721
429857721
429857721
429857721
429857721
429857721
429857721
429857721
429857721
429857721
429857721
429857721
429857721
429857721
429857721
429857721
429857721
429857721
429857721
429857721
429857721
429857721
429857721
429857721
429857721
429857721
429857721
429857721
429857721
429857721
429857721
429857721
429857721
429857721
429857721
429857721
429857721
429857721
429857721
429857721
429857721
429857721
429857721
429857721
429857721
429857721
429857721
429857721
429857721
429857721
429857721
429857721
429857721
429857721
429857721
429857721
429857721
429857721
429857721
429857721
429857721
429857721
429857721
429857721
429857721
429857721
429857721
429857721
429857721
429857721
429857721
429857721
429857721
429857721
429857721
429857721
429857721
429857721
429857721
429857721
429857721
429857721
429857721
429857721
429857721
429857721
429857721
429857721
429857721
429857721
429857721
429857721
429857721
429857721
429857721
429857721
429857721
429857721
429857721
429857721
429857721
429857721
429857721
429857721
429857721
429857721
429857721
429857721
429857721
429857721
429857721
429857721
429857721
429857721
429857721
429857721
429857721
429857721
429857721
429857721
429857721
429857721
429857721
429857721
429857721
429857721
429857721
429857721
429857721
429857721
429857721
429857721
429857721
429857721
429857721
429857721
429857721
429857721
429857721
429857721
429857721
429857721
429857721
429857721
429857721
429857721
429857721
429857721
429857721
429857721
429857721
429857721
429857721
429857721
429857721
429857721
429857721
429857721
429857721
429857721
429857721
429857721
429857721
429857721
429857721
429857721
429857721
429857721
429857721
429857721
429857721
429857721
429857721
429857721
429857721
429857721
429857721
429857721
429857721
429857721
429857721
429857721
429857721
429857721
429857721
429857721
429857721
429857721
429857721
429857721
429857721
429857721
429857721
429857721
429857721
429857721
429857721
429857721
429857721
429857721
429857721
429857721
429857721
429857721
429857721
429857721
429857721
429857721
429857721
429857721
429857721
429857721
429857721
429857721
429857721
429857721
429857721
429857721
429857721
429857721
429857721
429857721
429857721
429857721
429857721
429857721
429857721
429857721
429857721
429857721
429857721
429857721
429857721
429857721
429857721
429857721
429857721
429857721
429857721
429857721
429857721
429857721
429857721
429857721
429857721
429857721
429857721
429857721
429857721
429857721
429857721
429857721
429857721
429857721
429857721
429857721
429857721
429857721
429857721
429857721
429857721
429857721
429857721
429857721
429857721
429857721
429857721
429857721
429857721
429857721
429857721
429857721
429857721
429857721
429857721
429857721
429857721
429857721
429857721
429857721
429857721
429857721
429857721
429857721
429857721
429857721
429857721
429857721
429857721
429857721
429857721
429857721
429857721
429857721
429857721
429857721
429857721
429857721
429857721
429857721
429857721
429857721
429857721
429857721
429857721
429857721
429857721
429857721
429857721
429857721
429857721
429857721
429857721
429857721
429857721
429857721
429857721
429857721
429857721
429857721
429857721
429857721
429857721
429857721
429857721
429857721
429857721
429857721
429857721
429857721
429857721
429857721
429857721
429857721
429857721
429857721
429857721
429857721
429857721
429857721
429857721
429857721
429857721
429857721
429857721
429857721
429857721
429857721
429857721
429857721
429857721
429857721
429857721
429857721
429857721
429857721
429857721
429857721
429857721
429857721
429857721
429857721
429857721
429857721
429857721
429857721
429857721
429857721
429857721
429857721
429857721
429857721
429857721
429857721
429857721
429857721
429857721
429857721
429857721
429857721
429857721
429857721
429857721
429857721
429857721
429857721
429857721
429857721
429857721
429857721
429857721
429857721
429857721
429857721
429857721
429857721
429857721
429857721
429857721
429857721
429857721
429857721
429857721
429857721
429857721
429857721
429857721
429857721
429857721
429857721
429857721
429857721
429857721
429857721
429857721
429857721
429857721
429857721
429857721
429857721
429857721
429857721
429857721
429857721
429857721
429857721
429857721
429857721
429857721
429857721
429857721
429857721
429857721
429857721
429857721
429857721
429857721
429857721
429857721
429857721
429857721
429857721
429857721
429857721
429857721
429857721
429857721
429857721
429857721
429857721
429857721
429857721
429857721
429857721
429857721
429857721
429857721
429857721
429857721
429857721
429857721
429857721
429857721
429857721
429857721
429857721
429857721
429857721
429857721
429857721
429857721
429857721
429857721
429857721
429857721
429857721
429857721
429857721
429857721
429857721
429857721
429857721
429857721
429857721
429857721
429857721
429857721
429857721
429857721
429857721
429857721
429857721
429857721
429857721
429857721
429857721
429857721
429857721
429857721
429857721
429857721
429857721
429857721
429857721
429857721
429857721
429857721
429857721
429857721
429857721
429857721
429857721
429857721
429857721
429857721
429857721
429857721
429857721
429857721
429857721
429857721
429857721
429857721
429857721
429857721
429857721
429857721
429857721
429857721
429857721
429857721
429857721
429857721
429857721
429857721
429857721
429857721
429857721
429857721
429857721
429857721
429857721
429857721
429857721
429857721
429857721
429857721
429857721
429857721
429857721
429857721
429857721
429857721
429857721
429857721
429857721
429857721
429857721
429857721
429857721
429857721
429857721
429857721
429857721
429857721
429857721
429857721
429857721
429857721
429857721
429857721
429857721
429857721
429857721
429857721
429857721
429857721
429857721
429857721
429857721
429857721
429857721
429857721
429857721
429857721
429857721
429857721
429857721
429857721
429857721
429857721
429857721
429857721
429857721
429857721
429857721
429857721
429857721
429857721
429857721
429857721
429857721
429857721
429857721
429857721
429857721
429857721
429857721
429857721
429857721
429857721
429857721
429857721
429857721
429857721
429857721
429857721
429857721
429857721
429857721
429857721
429857721
429857721
429857721
429857721
429857721
429857721
429857721
429857721
429857721
429857721
429857721
429857721
429857721
429857721
429857721
429857721
429857721
429857721
429857721
429857721
429857721
429857721
429857721
429857721
429857721
429857721
429857721
429857721
429857721
429857721
429857721
429857721
429857721
429857721
429857721
429857721
429857721
429857721
429857721
429857721
429857721
429857721
429857721
429857721
429857721
429857721
429857721
429857721
429857721
429857721
429857721
429857721
429857721
429857721
429857721
429857721
429857721
429857721
429857721
429857721
429857721
429857721
429857721
429857721
429857721
429857721
429857721
429857721
429857721
429857721
429857721
429857721
429857721
429857721
429857721
429857721
429857721
429857721
429857721
429857721
429857721
429857721
429857721
429857721
429857721
429857721
429857721
429857721
429857721
429857721
429857721
429857721
429857721
429857721
429857721
429857721
429857721
429857721
429857721
429857721
429857721
429857721
429857721
429857721
429857721
429857721
429857721
429857721
429857721
429857721
429857721
429857721
429857721
429857721
429857721
429857721
429857721
429857721
429857721
429857721
429857721
429857721
429857721
429857721
429857721
429857721
429857721
429857721
429857721
429857721
429857721
429857721
429857721
429857721
429857721
429857721
429857721
429857721
429857721
429857721
429857721
429857721
429857721
429857721
429857721
429857721
429857721
429857721
429857721
429857721
429857721
429857721
429857721
429857721
429857721
429857721
429857721
429857721
429857721
429857721
429857721
429857721
429857721
429857721
429857721
429857721
429857721
429857721
429857721
429857721
429857721
429857721
429857721
429857721
429857721
429857721
429857721
429857721
429857721
429857721
429857721
429857721
429857721
429857721
429857721
429857721
429857721
429857721
429857721
429857721
429857721
429857721
429857721
429857721
429857721
429857721
429857721
429857721
429857721
429857721
429857721
429857721
429857721
429857721
429857721
429857721
429857721
429857721
429857721
429857721
429857721
429857721
429857721
429857721
429857721
429857721
429857721
429857721
429857721
429857721
429857721
429857721
429857721
429857721
429857721
429857721
429857721
429857721
429857721
429857721
429857721
429857721
429857721
429857721
429857721
429857721
429857721
429857721
429857721
429857721
429857721
429857721
429857721
429857721
429857721
429857721
429857721
429857721
429857721
429857721
429857721
429857721
429857721
429857721
429857721
429857721
429857721
429857721
429857721
429857721
429857721
429857721
429857721
429857721
429857721
429857721
429857721
429857721
429857721
429857721
429857721
429857721
429857721
429857721
429857721
429857721
429857721
429857721
429857721
429857721
429857721
429857721
429857721
429857721
429857721
429857721
429857721
429857721
429857721
429857721
429857721
429857721
429857721
429857721
429857721
429857721
429857721
429857721
429857721
429857721
429857721
429857721
429857721
429857721
429857721
429857721
429857721
429857721
429857721
429857721
429857721
429857721
429857721
429857721
429857721
429857721
429857721
429857721
429857721
429857721
429857721
429857721
429857721
429857721
429857721
429857721
429857721
429857721
429857721
429857721
429857721
429857721
429857721
429857721
429857721
429857721
429857721
429857721
429857721
429857721
429857721
429857721
429857721
429857721
429857721
429857721
429857721
429857721
429857721
429857721
429857721
429857721
429857721
429857721
429857721
429857721
429857721
429857721
429857721
429857721
429857721
429857721
429857721
429857721
429857721
429857721
429857721
429857721
429857721
429857721
429857721
429857721
429857721
429857721
429857721
429857721
429857721
429857721
429857721
429857721
429857721
429857721
429857721
429857721
429857721
429857721
429857721
429857721
429857721
429857721
429857721
429857721
429857721
429857721
429857721
429857721
429857721
429857721
429857721
429857721
429857721
429857721
429857721
429857721
429857721
429857721
429857721
429857721
429857721
429857721
429857721
429857721
429857721
429857721
429857721
429857721
429857721
429857721
429857721
429857721
429857721
429857721
429857721
429857721
429857721
429857721
429857721
429857721
429857721
429857721
429857721
429857721
429857721
429857721
429857721
429857721
429857721
429857721
429857721
429857721
429857721
429857721
429857721
429857721
429857721
429857721
429857721
429857721
429857721
429857721
429857721
429857721
429857721
429857721
429857721
429857721
429857721
429857721
429857721
429857721
429857721
429857721
429857721
429857721
429857721
429857721
429857721
429857721
429857721
429857721
429857721
429857721
429857721
429857721
429857721
429857721
429857721
429857721
429857721
429857721
429857721
429857721
429857721
429857721
429857721
429857721
429857721
429857721
429857721
429857721
429857721
429857721
429857721
429857721
429857721
429857721
429857721
429857721
429857721
429857721
429857721
429857721
429857721
429857721
429857721
429857721
429857721
429857721
429857721
429857721
429857721
429857721
429857721
429857721
429857721
429857721
429857721
429857721
429857721
429857721
429857721
429857721
429857721
429857721
429857721
429857721
429857721
429857721
429857721
429857721
429857721
429857721
429857721
429857721
429857721
429857721
429857721
429857721
429857721
429857721
429857721
429857721
429857721
429857721
429857721
429857721
429857721
429857721
429857721
429857721
429857721
429857721
429857721
429857721
429857721
429857721
429857721
429857721
429857721
429857721
429857721
429857721
429857721
429857721
429857721
429857721
429857721
429857721
429857721
429857721
429857721
429857721
429857721
429857721
429857721
429857721
429857721
429857721
429857721
429857721
429857721
429857721
429857721
429857721
429857721
429857721
429857721
429857721
429857721
429857721
429857721
429857721
429857721
429857721
429857721
429857721
429857721
429857721
429857721
429857721
429857721
429857721
429857721
429857721
429857721
429857721
429857721
429857721
429857721
429857721
429857721
429857721
429857721
429857721
429857721
429857721
429857721
429857721
429857721
429857721
429857721
429857721
429857721
429857721
429857721
429857721
429857721
429857721
429857721
429857721
429857721
429857721
429857721
429857721
429857721
429857721
429857721
429857721
429857721
429857721
429857721
429857721
429857721
429857721
429857721
429857721
429857721
429857721
429857721
429857721
429857721
429857721
429857721
429857721
429857721
429857721
429857721
429857721
429857721
429857721
429857721
429857721
429857721
429857721
429857721
429857721
429857721
429857721
429857721
429857721
429857721
429857721
429857721
429857721
429857721
429857721
429857721
429857721
429857721
429857721
429857721
429857721
429857721
429857721
429857721
429857721
429857721
429857721
429857721
429857721
429857721
429857721
429857721
429857721
429857721
429857721
429857721
429857721
429857721
429857721
429857721
429857721
429857721
429857721
429857721
429857721
429857721
429857721
429857721
429857721
429857721
429857721
429857721
429857721
429857721
429857721
429857721
429857721
429857721
429857721
429857721
429857721
429857721
429857721
429857721
429857721
429857721
429857721
429857721
429857721
429857721
429857721
429857721
429857721
429857721
429857721
429857721
429857721
429857721
429857721
429857721
429857721
429857721
429857721
429857721
429857721
429857721
429857721
429857721
429857721
429857721
429857721
429857721
429857721
429857721
429857721
429857721
429857721
429857721
429857721
429857721
429857721
429857721
429857721
429857721
429857721
429857721
429857721
429857721
429857721
429857721
429857721
429857721
429857721
429857721
429857721
429857721
429857721
429857721
429857721
429857721
429857721
429857721
429857721
429857721
429857721
429857721
429857721
429857721
429857721
429857721
429857721
429857721
429857721
429857721
429857721
429857721
429857721
429857721
429857721
429857721
429857721
429857721
429857721
429857721
429857721
429857721
429857721
429857721
429857721
429857721
429857721
429857721
429857721
429857721
429857721
429857721
429857721
429857721
429857721
429857721
429857721
429857721
429857721
429857721
429857721
429857721
429857721
429857721
429857721
429857721
429857721
429857721
429857721
429857721
429857721
429857721
429857721
429857721
429857721
429857721
429857721
429857721
429857721
429857721
429857721
429857721
429857721
429857721
429857721
429857721
429857721
429857721
429857721
429857721
429857721
429857721
429857721
429857721
429857721
429857721
429857721
429857721
429857721
429857721
429857721
429857721
429857721
429857721
429857721
429857721
429857721
429857721
429857721
429857721
429857721
429857721
429857721
429857721
429857721
429857721
429857721
429857721
429857721
429857721
429857721
429857721
429857721
429857721
429857721
429857721
429857721
429857721
429857721
429857721
429857721
429857721
429857721
429857721
429857721
429857721
429857721
429857721
429857721
429857721
429857721
429857721
429857721
429857721
429857721
429857721
429857721
429857721
429857721
429857721
429857721
429857721
429857721
429857721
429857721
429857721
429857721
429857721
429857721
429857721
429857721
429857721
429857721
429857721
429857721
429857721
429857721
429857721
429857721
429857721
429857721
429857721
429857721
429857721
429857721
429857721
429857721
429857721
429857721
429857721
429857721
429857721
429857721
429857721
429857721
429857721
429857721
429857721
429857721
429857721
429857721
429857721
429857721
429857721
429857721
429857721
429857721
429857721
429857721
429857721
429857721
429857721
429857721
429857721
429857721
429857721
429857721
429857721
429857721
429857721
429857721
429857721
429857721
429857721
429857721
429857721
429857721
429857721
429857721
429857721
429857721
429857721
429857721
429857721
429857721
429857721
429857721
429857721
429857721
429857721
429857721
429857721
429857721
429857721
429857721
429857721
429857721
429857721
429857721
429857721
429857721
429857721
429857721
429857721
429857721
429857721
429857721
429857721
429857721
429857721
429857721
429857721
429857721
429857721
429857721
429857721
429857721
429857721
429857721
429857721
429857721
429857721
429857721
429857721
429857721
429857721
429857721
429857721
429857721
429857721
429857721
429857721
429857721
429857721
429857721
429857721
429857721
429857721
429857721
429857721
429857721
429857721
429857721
429857721
429857721
429857721
429857721
429857721
429857721
429857721
429857721
429857721
429857721
429857721
429857721
429857721
429857721
429857721
429857721
429857721
429857721
429857721
429857721
429857721
429857721
429857721
429857721
429857721
429857721
429857721
429857721
429857721
429857721
429857721
429857721
429857721
429857721
429857721
429857721
429857721
429857721
429857721
429857721
429857721
429857721
429857721
429857721
429857721
429857721
429857721
429857721
429857721
429857721
429857721
429857721
429857721
429857721
429857721
429857721
429857721
429857721
429857721
429857721
429857721
429857721
429857721
429857721
429857721
429857721
429857721
429857721
429857721
429857721
429857721
429857721
429857721
429857721
429857721
429857721
429857721
429857721
429857721
429857721
429857721
429857721
429857721
429857721
429857721
429857721
429857721
429857721
429857721
429857721
429857721
429857721
429857721
429857721
429857721
429857721
429857721
429857721
429857721
429857721
429857721
429857721
429857721
429857721
429857721
429857721
429857721
429857721
429857721
429857721
429857721
429857721
429857721
429857721
429857721
429857721
429857721
429857721
429857721
429857721
429857721
429857721
429857721
429857721
429857721
429857721
429857721
429857721
429857721
429857721
429857721
429857721
429857721
429857721
429857721
429857721
429857721
429857721
429857721
429857721
429857721
429857721
429857721
429857721
429857721
429857721
429857721
429857721
429857721
429857721
429857721
429857721
429857721
429857721
429857721
429857721
429857721
429857721
429857721
429857721
429857721
429857721
429857721
429857721
429857721
429857721
429857721
429857721
429857721
429857721
429857721
429857721
429857721
429857721
429857721
429857721
429857721
429857721
429857721
429857721
429857721
429857721
429857721
429857721
429857721
429857721
429857721
429857721
429857721
429857721
429857721
429857721
429857721
429857721
429857721
429857721
429857721
429857721
429857721
429857721
429857721
429857721
429857721
429857721
429857721
429857721
429857721
429857721
429857721
429857721
429857721
429857721
429857721
429857721
429857721
429857721
429857721
429857721
429857721
429857721
429857721
429857721
429857721
429857721
429857721
429857721
429857721
429857721
429857721
429857721
429857721
429857721
429857721
429857721
429857721
429857721
429857721
429857721
429857721
429857721
429857721
429857721
429857721
429857721
429857721
429857721
429857721
429857721
429857721
429857721
429857721
429857721
429857721
429857721
429857721
429857721
429857721
429857721
429857721
429857721
429857721
429857721
429857721
429857721
429857721
429857721
429857721
429857721
429857721
429857721
429857721
429857721
429857721
429857721
429857721
429857721
429857721
429857721
429857721
429857721
429857721
429857721
429857721
429857721
429857721
429857721
429857721
429857721
429857721
429857721
429857721
429857721
429857721
429857721
429857721
429857721
429857721
429857721
429857721
429857721
429857721
429857721
429857721
429857721
429857721
429857721
429857721
429857721
429857721
429857721
429857721
429857721
429857721
429857721
429857721
429857721
429857721
429857721
429857721
429857721
429857721
429857721
429857721
429857721
429857721
429857721
429857721
429857721
429857721
429857721
429857721
429857721
429857721
429857721
429857721
429857721
429857721
429857721
429857721
429857721
429857721
429857721
429857721
429857721
429857721
429857721
429857721
429857721
429857721
429857721
429857721
429857721
429857721
429857721
429857721
429857721
429857721
429857721
429857721
429857721
429857721
429857721
429857721
429857721
429857721
429857721
429857721
429857721
429857721
429857721
429857721
429857721
429857721
429857721
429857721
429857721
429857721
429857721
429857721
429857721
429857721
429857721
429857721
429857721
429857721
429857721
429857721
429857721
429857721
429857721
429857721
429857721
429857721
429857721
429857721
429857721
429857721
429857721
429857721
429857721
429857721
429857721
429857721
429857721
429857721
429857721
429857721
429857721
429857721
429857721
429857721
429857721
429857721
429857721
429857721
429857721
429857721
429857721
429857721
429857721
429857721
429857721
429857721
429857721
429857721
429857721
429857721
429857721
429857721
429857721
429857721
429857721
429857721
429857721
429857721
429857721
429857721
429857721
429857721
429857721
429857721
429857721
429857721
429857721
429857721
429857721
429857721
429857721
429857721
429857721
429857721
429857721
429857721
429857721
429857721
429857721
429857721
429857721
429857721
429857721
429857721
429857721
429857721
429857721
429857721
429857721
429857721
429857721
429857721
429857721
429857721
429857721
429857721
429857721
429857721
429857721
429857721
429857721
429857721
429857721
429857721
429857721
429857721
429857721
429857721
429857721
429857721
429857721
429857721
429857721
429857721
429857721
429857721
429857721
429857721
429857721
429857721
429857721
429857721
429857721
429857721
429857721
429857721
429857721
429857721
429857721
429857721
429857721
429857721
429857721
429857721
429857721
429857721
429857721
429857721
429857721
429857721
429857721
429857721
429857721
429857721
429857721
429857721
429857721
429857721
429857721
429857721
429857721
429857721
429857721
429857721
429857721
429857721
429857721
429857721
429857721
429857721
429857721
429857721
429857721
429857721
429857721
429857721
429857721
429857721
429857721
429857721
429857721
429857721
429857721
429857721
429857721
429857721
429857721
429857721
429857721
429857721
429857721
429857721
429857721
429857721
429857721
429857721
429857721
429857721
429857721
429857721
429857721
429857721
429857721
429857721
429857721
429857721
429857721
429857721
429857721
429857721
429857721
429857721
429857721
429857721
429857721
429857721
429857721
429857721
429857721
429857721
429857721
429857721
429857721
429857721
429857721
429857721
429857721
429857721
429857721
429857721
429857721
429857721
429857721
429857721
429857721
429857721
429857721
429857721
429857721
429857721
429857721
429857721
429857721
429857721
429857721
429857721
429857721
429857721
429857721
429857721
429857721
429857721
429857721
429857721
429857721
429857721
429857721
429857721
429857721
429857721
429857721
429857721
429857721
429857721
429857721
429857721
429857721
429857721
429857721
429857721
429857721
429857721
429857721
429857721
429857721
429857721
429857721
429857721
429857721
429857721
429857721
429857721
429857721
429857721
429857721
429857721
429857721
429857721
429857721
429857721
429857721
429857721
429857721
429857721
429857721
429857721
429857721
429857721
429857721
429857721
429857721
429857721
429857721
429857721
429857721
429857721
429857721
429857721
429857721
429857721
429857721
429857721
429857721
429857721
429857721
429857721
429857721
429857721
429857721
429857721
429857721
429857721
429857721
429857721
429857721
429857721
429857721
429857721
429857721
429857721
429857721
429857721
429857721
429857721
429857721
429857721
429857721
429857721
429857721
429857721
429857721
429857721
429857721
429857721
429857721
429857721
429857721
429857721
429857721
429857721
429857721
429857721
429857721
429857721
429857721
429857721
429857721
429857721
429857721
429857721
429857721
429857721
429857721
429857721
429857721
429857721
429857721
429857721
429857721
429857721
429857721
429857721
429857721
429857721
429857721
429857721
429857721
429857721
429857721
429857721
429857721
429857721
429857721
429857721
429857721
429857721
429857721
429857721
429857721
429857721
429857721
429857721
429857721
429857721
429857721
429857721
429857721
429857721
429857721
429857721
429857721
429857721
429857721
429857721
429857721
429857721
429857721
429857721
429857721
429857721
429857721
429857721
429857721
429857721
429857721
429857721
429857721
429857721
429857721
429857721
429857721
429857721
429857721
429857721
429857721
429857721
429857721
429857721
429857721
429857721
429857721
429857721
429857721
429857721
429857721
429857721
429857721
429857721
429857721
429857721
429857721
429857721
429857721
429857721
429857721
429857721
429857721
429857721
429857721
429857721
429857721
429857721
429857721
429857721
429857721
429857721
429857721
429857721
429857721
429857721
429857721
429857721
429857721
429857721
429857721
429857721
429857721
429857721
429857721
429857721
429857721
429857721
429857721
429857721
429857721
429857721
429857721
429857721
429857721
429857721
429857721
429857721
429857721
429857721
429857721
429857721
429857721
429857721
429857721
429857721
429857721
429857721
429857721
429857721
429857721
429857721
429857721
429857721
429857721
429857721
429857721
429857721
429857721
429857721
429857721
429857721
429857721
429857721
429857721
429857721
429857721
429857721
429857721
429857721
429857721
429857721
429857721
429857721
429857721
429857721
429857721
429857721
429857721
429857721
429857721
429857721
429857721
429857721
429857721
429857721
429857721
429857721
429857721
429857721
429857721
429857721
429857721
429857721
429857721
429857721
429857721
429857721
429857721
429857721
429857721
429857721
429857721
429857721
429857721
429857721
429857721
429857721
429857721
429857721
429857721
429857721
429857721
429857721
429857721
429857721
429857721
429857721
429857721
429857721
429857721
429857721
429857721
429857721
429857721
429857721
429857721
429857721
429857721
429857721
429857721
429857721
429857721
429857721
429857721
429857721
429857721
429857721
429857721
429857721
429857721
429857721
429857721
429857721
429857721
429857721
429857721
429857721
429857721
429857721
429857721
429857721
429857721
429857721
429857721
429857721
429857721
429857721
429857721
429857721
429857721
429857721
429857721
429857721
429857721
429857721
429857721
429857721
429857721
429857721
429857721
429857721
429857721
429857721
429857721
429857721
429857721
429857721
429857721
429857721
429857721
429857721
429857721
429857721
429857721
429857721
429857721
429857721
429857721
429857721
429857721
429857721
429857721
429857721
429857721
429857721
429857721
429857721
429857721
429857721
429857721
429857721
429857721
429857721
429857721
429857721
429857721
429857721
429857721
429857721
429857721
429857721
429857721
429857721
429857721
429857721
429857721
429857721
429857721
429857721
429857721
429857721
429857721
429857721
429857721
429857721
429857721
429857721
429857721
429857721
429857721
429857721
429857721
429857721
429857721
429857721
429857721
429857721
429857721
429857721
429857721
429857721
429857721
429857721
429857721
429857721
429857721
429857721
429857721
429857721
429857721
429857721
429857721
429857721
429857721
429857721
429857721
429857721
429857721
429857721
429857721
429857721
429857721
429857721
429857721
429857721
429857721
429857721
429857721
429857721
429857721
429857721
429857721
429857721
429857721
429857721
429857721
429857721
429857721
429857721
429857721
429857721
429857721
429857721
429857721
429857721
429857721
429857721
429857721
429857721
429857721
429857721
429857721
429857721
429857721
429857721
429857721
429857721
429857721
429857721
429857721
429857721
429857721
429857721
429857721
429857721
429857721
429857721
429857721
429857721
429857721
429857721
429857721
429857721
429857721
429857721
429857721
429857721
429857721
429857721
429857721
429857721
429857721
429857721
429857721
429857721
429857721
429857721
429857721
429857721
429857721
429857721
429857721
429857721
429857721
429857721
429857721
429857721
429857721
429857721
429857721
429857721
429857721
429857721
429857721
429857721
429857721
429857721
429857721
429857721
429857721
429857721
429857721
429857721
429857721
429857721
429857721
429857721
429857721
429857721
429857721
429857721
429857721
429857721
429857721
429857721
429857721
429857721
429857721
429857721
429857721
429857721
429857721
429857721
429857721
429857721
429857721
429857721
429857721
429857721
429857721
429857721
429857721
429857721
429857721
429857721
429857721
429857721
429857721
429857721
429857721
429857721
429857721
429857721
429857721
429857721
429857721
429857721
429857721
429857721
429857721
429857721
429857721
429857721
429857721
429857721
429857721
429857721
429857721
429857721
429857721
429857721
429857721
429857721
429857721
429857721
429857721
429857721
429857721
429857721
429857721
429857721
429857721
429857721
429857721
429857721
429857721
429857721
429857721
429857721
429857721
429857721
429857721
429857721
429857721
429857721
429857721
429857721
429857721
429857721
429857721
429857721
429857721
429857721
429857721
429857721
429857721
429857721
429857721
429857721
429857721
429857721
429857721
429857721
429857721
429857721
429857721
429857721
429857721
429857721
429857721
429857721
429857721
429857721
429857721
429857721
429857721
429857721
429857721
429857721
429857721
429857721
429857721
429857721
429857721
429857721
429857721
429857721
429857721
429857721
429857721
429857721
429857721
429857721
429857721
429857721
429857721
429857721
429857721
429857721
429857721
429857721
429857721
429857721
429857721
429857721
429857721
429857721
429857721
429857721
429857721
429857721
429857721
429857721
429857721
429857721
429857721
429857721
429857721
429857721
429857721
429857721
429857721
429857721
429857721
429857721
429857721
429857721
429857721
429857721
429857721
429857721
429857721
429857721
429857721
429857721
429857721
429857721
429857721
429857721
429857721
429857721
429857721
429857721
429857721
429857721
429857721
429857721
429857721
429857721
429857721
429857721
429857721
429857721
429857721
429857721
429857721
429857721
429857721
429857721
429857721
429857721
429857721
429857721
429857721
429857721
429857721
429857721
429857721
429857721
429857721
429857721
429857721
429857721
429857721
429857721
429857721
429857721
429857721
429857721
429857721
429857721
429857721
429857721
429857721
429857721
429857721
429857721
429857721
429857721
429857721
429857721
429857721
429857721
429857721
429857721
429857721
429857721
429857721
429857721
429857721
429857721
429857721
429857721
429857721
429857721
429857721
429857721
429857721
429857721
429857721
429857721
429857721
429857721
429857721
429857721
429857721
429857721
429857721
429857721
429857721
429857721
429857721
429857721
429857721
429857721
429857721
429857721
429857721
429857721
429857721
429857721
429857721
429857721
429857721
429857721
429857721
429857721
429857721
429857721
429857721
429857721
429857721
429857721
429857721
429857721
429857721
429857721
429857721
429857721
429857721
429857721
429857721
429857721
429857721
429857721
429857721
429857721
429857721
429857721
429857721
429857721
429857721
429857721
429857721
429857721
429857721
429857721
429857721
429857721
429857721
429857721
429857721
429857721
429857721
429857721
429857721
429857721
429857721
429857721
429857721
429857721
429857721
429857721
429857721
429857721
429857721
429857721
429857721
429857721
429857721
429857721
429857721
429857721
429857721
429857721
429857721
429857721
429857721
429857721
429857721
429857721
429857721
429857721
429857721
429857721
429857721
429857721
429857721
429857721
429857721
429857721
429857721
429857721
429857721
429857721
429857721
429857721
429857721
429857721
429857721
429857721
429857721
429857721
429857721
429857721
429857721
429857721
429857721
429857721
429857721
429857721
429857721
429857721
429857721
429857721
429857721
429857721
429857721
429857721
429857721
429857721
429857721
429857721
429857721
429857721
429857721
429857721
429857721
429857721
429857721
429857721
429857721
429857721
429857721
429857721
429857721
429857721
429857721
429857721
429857721
429857721
429857721
429857721
429857721
429857721
429857721
429857721
429857721
429857721
429857721
429857721
429857721
429857721
429857721
429857721
429857721
429857721
429857721
429857721
429857721
429857721
429857721
429857721
429857721
429857721
429857721
429857721
429857721
429857721
429857721
429857721
429857721
429857721
429857721
429857721
429857721
429857721
429857721
429857721
429857721
429857721
429857721
429857721
429857721
429857721
429857721
429857721
429857721
429857721
429857721
429857721
429857721
429857721
429857721
429857721
429857721
429857721
429857721
429857721
429857721
429857721
429857721
429857721
429857721
429857721
429857721
429857721
429857721
429857721
429857721
429857721
429857721
429857721
429857721
429857721
429857721
429857721
429857721
429857721
429857721
429857721
429857721
429857721
429857721
429857721
429857721
429857721
429857721
429857721
429857721
429857721
429857721
429857721
429857721
429857721
429857721
429857721
429857721
429857721
429857721
429857721
429857721
429857721
429857721
429857721
429857721
429857721
429857721
429857721
429857721
429857721
429857721
429857721
429857721
429857721
429857721
429857721
429857721
429857721
429857721
429857721
429857721
429857721
429857721
429857721
429857721
429857721
429857721
429857721
429857721
429857721
429857721
429857721
429857721
429857721
429857721
429857721
429857721
429857721
429857721
429857721
429857721
429857721
429857721
429857721
429857721
429857721
429857721
429857721
429857721
429857721
429857721
429857721
429857721
429857721
429857721
429857721
429857721
429857721
429857721
429857721
429857721
429857721
429857721
429857721
429857721
429857721
429857721
429857721
429857721
429857721
429857721
429857721
429857721
429857721
429857721
429857721
429857721
429857721
429857721
429857721
429857721
429857721
429857721
429857721
429857721
429857721
429857721
429857721
429857721
429857721
429857721
429857721
429857721
429857721
429857721
429857721
429857721
429857721
429857721
429857721
429857721
429857721
429857721
429857721
429857721
429857721
429857721
429857721
429857721
429857721
429857721
429857721
429857721
429857721
429857721
429857721
429857721
429857721
429857721
429857721
429857721
429857721
429857721
429857721
429857721
429857721
429857721
429857721
429857721
429857721
429857721
429857721
429857721
429857721
429857721
429857721
429857721
429857721
429857721
429857721
429857721
429857721
429857721
429857721
429857721
429857721
429857721
429857721
429857721
429857721
429857721
429857721
429857721
429857721
429857721
429857721
429857721
429857721
429857721
429857721
429857721
429857721
429857721
429857721
429857721
429857721
429857721
429857721
429857721
429857721
429857721
429857721
429857721
429857721
429857721
429857721
429857721
429857721
429857721
429857721
429857721
429857721
429857721
429857721
429857721
429857721
429857721
429857721
429857721
429857721
429857721
429857721
429857721
429857721
429857721
429857721
429857721
429857721
429857721
429857721
429857721
429857721
429857721
429857721
429857721
429857721
429857721
429857721
429857721
429857721
429857721
429857721
429857721
429857721
429857721
429857721
429857721
429857721
429857721
429857721
429857721
429857721
429857721
429857721
429857721
429857721
429857721
429857721
429857721
429857721
429857721
429857721
429857721
429857721
429857721
429857721
429857721
429857721
429857721
429857721
429857721
429857721
429857721
429857721
429857721
429857721
429857721
429857721
429857721
429857721
429857721
429857721
429857721
429857721
429857721
429857721
429857721
429857721
429857721
429857721
429857721
429857721
429857721
429857721
429857721
429857721
429857721
429857721
429857721
429857721
429857721
429857721
429857721
429857721
429857721
429857721
429857721
429857721
429857721
429857721
429857721
429857721
429857721
429857721
429857721
429857721
429857721
429857721
429857721
429857721
429857721
429857721
429857721
429857721
429857721
429857721
429857721
429857721
429857721
429857721
429857721
429857721
429857721
429857721
429857721
429857721
429857721
429857721
429857721
429857721
429857721
429857721
429857721
429857721
429857721
429857721
429857721
429857721
429857721
429857721
429857721
429857721
429857721
429857721
429857721
429857721
429857721
429857721
429857721
429857721
429857721
429857721
429857721
429857721
429857721
429857721
429857721
429857721
429857721
429857721
429857721
429857721
429857721
429857721
429857721
429857721
429857721
429857721
429857721
429857721
429857721
429857721
429857721
429857721
429857721
429857721
429857721
429857721
429857721
429857721
429857721
429857721
429857721
429857721
429857721
429857721
429857721
429857721
429857721
429857721
429857721
429857721
429857721
429857721
429857721
429857721
429857721
429857721
429857721
429857721
429857721
429857721
429857721
429857721
429857721
429857721
429857721
429857721
429857721
429857721
429857721
429857721
429857721
429857721
429857721
429857721
429857721
429857721
429857721
429857721
429857721
429857721
429857721
429857721
429857721
429857721
429857721
429857721
429857721
429857721
429857721
429857721
429857721
429857721
429857721
429857721
429857721
429857721
429857721
429857721
429857721
429857721
429857721
429857721
429857721
429857721
429857721
429857721
429857721
429857721
429857721
429857721
429857721
429857721
429857721
429857721
429857721
429857721
429857721
429857721
429857721
429857721
429857721
429857721
429857721
429857721
429857721
429857721
429857721
429857721
429857721
429857721
429857721
429857721
429857721
429857721
429857721
429857721
429857721
429857721
429857721
429857721
429857721
429857721
429857721
429857721
429857721
429857721
429857721
429857721
429857721
429857721
429857721
429857721
429857721
429857721
429857721
429857721
429857721
429857721
429857721
429857721
429857721
429857721
429857721
429857721
429857721
429857721
429857721
429857721
429857721
429857721
429857721
429857721
429857721
429857721
429857721
429857721
429857721
429857721
429857721
429857721
429857721
429857721
429857721
429857721
429857721
429857721
429857721
429857721
429857721
429857721
429857721
429857721
429857721
429857721
429857721
429857721
429857721
429857721
429857721
429857721
429857721
429857721
429857721
429857721
429857721
429857721
429857721
429857721
429857721
429857721
429857721
429857721
429857721
429857721
429857721
429857721
429857721
429857721
429857721
429857721
429857721
429857721
429857721
429857721
429857721
429857721
429857721
429857721
429857721
429857721
429857721
429857721
429857721
429857721
429857721
429857721
429857721
429857721
429857721
429857721
429857721
429857721
429857721
429857721
429857721
429857721
429857721
429857721
429857721
429857721
429857721
429857721
429857721
429857721
429857721
429857721
429857721
429857721
429857721
429857721
429857721
429857721
429857721
429857721
429857721
429857721
429857721
429857721
429857721
429857721
429857721
429857721
429857721
429857721
429857721
429857721
429857721
429857721
429857721
429857721
429857721
429857721
429857721
429857721
429857721
429857721
429857721
429857721
429857721
429857721
429857721
429857721
429857721
429857721
429857721
429857721
429857721
429857721
429857721
429857721
429857721
429857721
429857721
429857721
429857721
429857721
429857721
429857721
429857721
429857721
429857721
429857721
429857721
429857721
429857721
429857721
429857721
429857721
429857721
429857721
429857721
429857721
429857721
429857721
429857721
429857721
429857721
429857721
429857721
429857721
429857721
429857721
429857721
429857721
429857721
429857721
429857721
429857721
429857721
429857721
429857721
429857721
429857721
429857721
429857721
429857721
429857721
429857721
429857721
429857721
429857721
429857721
429857721
429857721
429857721
429857721
429857721
429857721
429857721
429857721
429857721
429857721
429857721
429857721
429857721
429857721
429857721
429857721
429857721
429857721
429857721
429857721
429857721
429857721
429857721
429857721
429857721
429857721
429857721
429857721
429857721
429857721
429857721
429857721
429857721
429857721
429857721
429857721
429857721
429857721
429857721
429857721
429857721
429857721
429857721
429857721
429857721
429857721
429857721
429857721
429857721
429857721
429857721
429857721
429857721
429857721
429857721
429857721
429857721
429857721
429857721
429857721
429857721
429857721
429857721
429857721
429857721
429857721
429857721
429857721
429857721
429857721
429857721
429857721
429857721
429857721
429857721
429857721
429857721
429857721
429857721
429857721
429857721
429857721
429857721
429857721
429857721
429857721
429857721
429857721
429857721
429857721
429857721
429857721
429857721
429857721
429857721
429857721
429857721
429857721
429857721
429857721
429857721
429857721
429857721
429857721
429857721
429857721
429857721
429857721
429857721
429857721
429857721
429857721
429857721
429857721
429857721
429857721
429857721
429857721
429857721
429857721
429857721
429857721
429857721
429857721
429857721
429857721
429857721
429857721
429857721
429857721
429857721
429857721
429857721
429857721
429857721
429857721
429857721
429857721
429857721
429857721
429857721
