859496596
990911952
56169251
331644586
18226793
737984326
578143600
485622449
361199057
132271842
267083069
552606864
456764057
836292923
271746435
393871216
738987076
896084903
834282550
55631605
511934702
363542497
181630225
142376635
274513060
383937189
277370904
995376967
907810175
448738479
295554481
230857686
909485192
519118291
232885892
638535798
638535798
638535798
638535798
638535798
638535798
638535798
638535798
638535798
638535798
638535798
638535798
638535798
638535798
638535798
638535798
638535798
638535798
638535798
638535798
638535798
638535798
638535798
