392536543
895835484
408871345
96273973
922304318
142269162
140092086
383225666
359335814
303573782
915419953
658017725
488509264
501817112
870996261
636966737
929640515
426719885
156165308
200499927
925950743
287886210
254572840
941971522
615175899
400835966
305406450
523004511
614516742
519979574
841528711
735374214
35409730
941195369
970477849
936301527
214398186
163515593
39579872
947398009
29728676
271650984
925716399
883576653
979716056
680974826
360809320
904754759
882431062
675420220
917246688
674468328
938305444
634550124
806425811
579092936
734099719
282398356
386268748
85615114
348304672
153472510
499015829
729719504
504122687
3191655
125369579
641231597
280736396
644549383
482347052
538021617
901025923
376684863
14108599
709660539
309171907
132494167
957579008
75806075
884661460
881695337
587682137
573618204
588532054
925458044
369913991
198927003
683851864
107062631
220810426
630540738
943001174
168380600
791383515
997344780
202569973
188021980
628746450
452371970
405573676
212192774
583942061
698298857
558879605
842767344
188726320
331754199
108454530
745683300
634157310
369384222
564506702
234331263
795534132
454811340
927466774
482128598
507697737
134086641
356199886
848379815
125342044
621107338
915712371
13337094
226791680
527254701
35430199
197371841
584072521
406771729
594102095
547416924
163718158
760092218
799092742
372689926
124070223
906307153
83825270
826770652
993523160
56886715
159525290
802113204
457550254
891224779
779437608
218864184
577092869
311884164
351595620
239000382
671870498
384834106
576090914
231579117
42225884
450260818
173404620
27518182
62270979
49677629
902545602
652488449
49743240
676275258
973483367
505690764
668066196
732271858
977212611
997464177
996084096
74431850
826849052
275895393
699576340
233796572
522259022
892738195
354332951
237808074
699507838
282351416
939442478
255116222
315014217
482715421
932201831
828373928
48457644
378291416
759839537
922580134
644888051
223374155
443905868
328080179
168760761
165635874
32814986
664177905
249451233
913594929
103099341
528139786
302145983
218729093
465129664
751006795
323402806
874875428
622251427
282513148
360591345
685597233
386481186
950686343
248486204
950147776
657518990
210530614
528683843
278339245
489800779
703901550
456825326
145032489
380004601
473535635
287782792
258750180
154418861
19596558
94297370
554175048
388276240
765095068
81946336
99446475
499581782
668359306
521276799
2245896
947164389
673318455
684188086
76220782
95694394
118289707
867523249
82069360
971140486
369273516
842215349
913151463
398761619
404038063
609613357
994653038
960612129
749217618
675942768
885488914
421932164
363256605
606533883
987791676
68145517
738133251
262398675
632807861
318193386
446050551
631767030
740908486
34308892
716724856
86724397
278902713
372042259
34594367
314600515
820230953
464580770
59674384
339274099
776591399
256251568
457074771
307302655
939723100
728561663
600001059
957056139
50317709
400254462
435398904
788456066
34465502
188300338
529438093
785297905
51284807
435258780
106704941
207921021
343416941
112457514
459283027
836798897
107081544
649849342
702140725
702051713
868367465
922852203
576629302
269655321
28143376
724280596
755431880
238002258
87743909
306070603
188465388
562170901
29862689
128565595
175276082
702507222
925994681
74970455
501294747
36736390
263475912
580390007
370598557
38909836
674957268
796527326
86876810
667904060
351780531
292558812
116971546
701611665
452929685
656088850
684873938
276805401
383269381
346822109
950164704
685250890
120297328
955882271
207800159
203844857
31103823
141760716
282512648
541244579
379631492
535491153
399497799
264307501
885096753
723084118
420214841
555173666
259834547
140007272
696080163
768239260
630571248
35283903
246321994
519478440
186941176
540306532
735102662
696725514
441774239
742150993
914313663
6613517
657727933
619254653
708072405
320023073
868121483
941129345
648065563
543112447
687525170
741316837
1407267
107126887
851323394
529118452
302242996
866444681
646277915
946357451
208015470
161355322
247613991
395412671
251370769
292547849
717508954
199799490
808170337
636333874
450346622
164023634
305288010
545207681
255956599
84762262
151688217
793867101
620900862
651816929
26188247
74623257
27363795
897962719
35160723
492947538
285435083
288537858
386114082
762042729
100302558
965554590
774268180
952528728
431368249
908054133
59664826
320993745
1501341
57453023
61873967
113086271
595240801
430312972
368773406
128310356
651131669
544346768
313683790
199274466
951721102
645904729
841970752
950815742
396130095
558564273
191331984
792325728
608732900
182469360
615789107
699764314
907813852
626949980
222443274
594364549
280931839
485351744
181618486
187801514
703689462
109631482
892738716
867165788
492888614
138745570
528325275
516878411
126568134
754964991
549860234
567159768
890339073
820289898
126869528
5810092
473709378
355085869
836149006
290951293
451570864
448601215
320241396
413919270
76349069
718110111
218778682
284742222
343462438
575074292
180308496
19271354
181585815
965341904
838729916
113956209
405708631
188883841
442779158
903850212
787326412
274735797
672721777
417523085
351111680
644619818
459973930
598277017
438734903
981804528
481185722
421609098
508736082
747229172
572575626
838245528
281196901
378116267
97767918
325715916
719189482
815049184
218831937
754659865
42728158
103154067
516365020
920731653
836258971
539427179
382243439
412464553
25595235
967581854
901018445
433606705
733084279
499153234
74434578
820531696
892435485
972236105
294893891
597132213
677889933
130948266
356051427
575946456
281272283
567413556
725940278
31381310
730871220
40602731
279767995
446076237
439641412
372782285
27026393
563087667
308539301
603477660
816237751
71484154
594094625
281637931
140873910
564284260
972648314
886676631
463342618
848942701
314278389
207125773
234282019
984992646
954566639
36990123
322004358
315091823
115958532
239429998
902493426
32341812
175793346
594115083
722239514
900346187
804306061
39212430
264957346
790341569
286094352
103490793
26041924
402272930
772173922
924758097
888869188
75668004
176171410
331225316
524115189
919838355
330244930
779220076
584273346
250841070
566568364
31178817
530471602
705377412
149322856
31051655
969359030
222779177
945240213
214320078
5785412
911546416
836450328
243966459
181004417
152343489
1049433
599417463
906627950
713170848
788050234
896191222
111829065
509203906
608570749
129518157
165579085
532550483
278260919
722387825
989550441
476594221
21363995
618839525
278272802
870606490
467156282
11990486
459774798
645713421
365527023
811386666
572067023
585916555
493244538
348472401
294349293
428126367
161988406
700056584
35377252
57399712
352343920
165052562
25938593
617660959
812963017
75851412
821564183
557906122
94335425
898423870
412635094
208599036
307764329
278237699
388015050
987521421
914154089
574877687
822008980
177206375
662689401
250354802
422238730
208902473
486626953
303611023
909138656
632939855
873132240
315111583
127998335
361840332
786952261
311813008
739285344
87252713
480914603
614973048
166840137
463967827
431776882
855290601
254823548
801254689
954047484
949219335
693662942
975140527
671119990
149963272
465916471
259150185
285330330
684136218
137739303
576635816
118870198
444497831
140355048
368166539
892478161
313172370
447059766
616784890
532253200
690065614
440878809
599980790
873306920
723543439
508883980
570580870
81384226
429897990
735189271
176342267
607471017
18479348
599454071
376342883
396466891
41740387
882218910
433697551
9656794
504480755
945380852
815920726
384517844
734131187
775241488
933020716
672352984
701648652
43486837
881011618
535690309
744604610
917029698
129106841
519873357
372227459
26310573
520520109
977176210
191092572
228449600
655378300
76996537
633919614
24891949
538360067
37653670
85801952
914785548
624356040
211274926
674221461
76732352
400311812
744670214
911318835
299592149
827710321
529589168
173273845
199842731
697997330
552334039
503255077
479626705
735281965
374983761
940798825
790734321
353582254
534881970
664585067
330888509
973170900
935406582
573701403
945471445
281152171
412578340
959256674
817598342
512397222
969726204
841402251
618777218
260497094
693664606
744272513
135664217
656766562
991716195
128315019
661818919
551901848
348428294
498282058
810893673
265616943
933425543
997596774
508612094
495182354
167626071
947471113
301948362
582044492
255828810
132816293
964120464
195933550
214825482
934377949
824743186
557902761
561826000
150792556
63309361
792240878
618620943
957995567
199428174
560457644
222684482
348001636
232617753
118824579
182735456
14605477
950043948
47633291
911983547
382004430
787780452
735804359
573248808
263870255
477003014
530599708
106374933
179152489
594028650
451078924
274631738
580879840
598950663
162797389
355365486
216749889
920421540
327362184
523306775
415342462
955882260
754916626
827671854
244081877
577687060
993677644
843532249
853242347
555207536
467389679
26372605
678197417
452299574
455737255
412225179
224372448
517054208
64616025
19965745
86964901
967194602
456271821
286975273
448395662
546182872
362703443
916335628
857398689
152936004
361587440
479329973
666606290
384455855
861269369
759628172
685590245
836349313
121253876
807434303
323464682
4988128
527698939
750096323
140638040
369409810
124019202
245788459
676806244
929297684
478623103
94403124
997755090
496328251
724989226
153725706
414605695
967377236
890938019
897921707
828551193
311734885
9270931
7590379
733992439
292365617
246579995
238159201
208448708
118132023
160397858
588333380
283210018
92711759
298678290
210438134
69267499
373914914
861118702
12936374
258089272
609109785
190176421
574894796
485861996
940352121
646043399
851177355
892170906
314797774
412999938
754286596
585503005
363148544
17298668
119297593
807845577
557256385
27103528
764032856
207350380
475909179
522559092
546473658
521841586
245500867
744664085
459567071
571579580
546603109
407258963
923992123
70391716
278872737
804022226
1126621
986211986
431039841
577933816
256229992
873755059
1584909
96661404
732322034
157106159
9766044
112349348
238239143
790074574
336784855
834558247
768222460
851435703
85300736
8893804
204383819
108709257
595383278
857237520
326907035
295134942
500843308
538957281
124517982
75767295
678986173
921725429
910798790
416437810
373392968
165072934
583415533
683583351
957037740
611748542
767049555
455509818
729628293
439259439
578319575
210807012
480293476
894996468
528080810
793705733
455121277
842044037
566858796
199531287
981593777
896326451
988437219
604461611
427437705
116775004
615719078
397825831
645241268
907043346
335276110
99112541
662435835
373505102
23311835
410137655
145373749
292062222
96984963
199512624
573603377
461342805
490208286
934019378
970273049
642254897
855839082
331345851
472990132
380036690
973268652
662618587
331139025
944159875
944330171
627256911
815503371
416713696
751775651
361921706
744579946
377157775
547444296
498293905
492767426
895970744
227617573
312919014
518753021
613649391
431753321
379998489
457596991
431528359
590984655
190481515
336680468
119351591
326099307
214746173
687614384
621021439
680075285
100455264
647590525
612508692
29785950
783439378
148185755
25526610
368078418
228897340
870907603
423768218
458390673
754962970
623577796
774529923
838594434
15554277
944360753
647222847
547748150
67767377
381267745
906467336
337932960
996597525
10039707
811910201
995529166
931202610
640443369
15551277
690663672
439044936
747269362
818285883
225316020
656403290
561619412
343131089
494151687
224841656
7389873
64781220
396608311
346285691
908522057
724270160
216563178
739889807
949338788
567890818
986945306
800176357
751937235
860370908
348564038
513755630
668295707
471838857
385369158
420920999
553337951
840143236
259978547
588616924
361109469
379573241
751435563
210877909
809507801
681082567
381490536
91537122
621500148
19078862
65466860
398001938
357910089
563533646
329414896
156704857
288235790
884167537
336255903
423928748
153613242
71434700
930438104
350363499
13787909
631672379
744264536
840669654
381277439
598460700
598578164
540498573
885916257
805149746
408505396
122634629
662790645
637346749
716419449
237389667
878975749
412620392
214889773
148528015
875970356
923744944
414822405
269447299
675620064
832110808
371622420
823137884
807554070
73969038
213959605
147266574
128818282
732254242
976977013
793150819
600906105
402916717
760578578
953188069
810127738
750010479
275581670
190895873
679509670
165097621
738130576
750119817
6132045
371340704
829833563
386651943
79588387
987337782
104505373
171103433
618427835
992000757
300723581
174965920
122207987
270471536
723703631
965502927
488013741
678165553
70144391
134043561
503318931
900858575
475428339
130102836
529395598
51451093
594142529
546973101
903887282
765240934
813262380
506394660
769101917
159869566
949394533
413162190
309616475
446933611
363376444
255431717
287667257
777246183
658000332
644946440
667606339
406671269
497621403
660871568
951109972
833223994
764294755
617874915
227524222
34347691
145599408
659147244
792882753
903496025
615106672
95100589
468036304
693555941
541615672
904405554
120609472
484369236
173346856
499154847
376416381
683645276
389255357
284019836
202120666
255503489
386596401
336299468
3595479
410776707
986887305
910446652
695042477
834476060
468412204
430371821
333106934
563889658
704383639
498009923
933294620
258516753
673528427
234685265
431790306
57096541
397703390
611290221
688158409
179769575
215802904
47328619
162750178
738744057
352582465
961533604
54178672
802299178
978528289
882707705
909140342
565237262
121922155
231853445
11903203
707976001
5179232
38688768
935544473
101195655
602127801
249087429
655031939
506828801
640868332
130626079
756774346
316786548
733980553
789987522
948019993
492916824
588638547
11212201
522875498
874727499
775668713
547800592
370426622
507996605
634184727
87338406
226789541
714948333
676449768
121628421
157062259
30179070
162116085
395880401
412793043
190959702
191110008
181094100
911443303
568308613
409487739
12041276
537387487
165797725
627385506
495331505
324783474
959935677
325031909
717249730
627984128
51624914
283168937
85149373
705191652
386196906
923943543
670624603
86941763
29672954
721601335
501973414
746531782
16182674
842285582
488388971
98991786
708060361
987422525
926078877
615603455
140215119
696983266
65004328
72107500
874284925
16560221
294583682
430253901
219981441
305212853
562425818
8662204
892750338
738524624
737073615
986160540
467117394
866029414
942824020
230405537
811904790
195725524
423318074
30499007
421139362
744544128
567359376
993761483
339677332
351017685
949493812
579322407
390179352
149668444
186646161
184003178
687814794
442319933
944184687
576897886
463929956
988977940
833711978
23140369
522596343
527218778
53563476
618909733
468884995
313648161
640180752
46481093
133252996
174023731
656274693
823577767
553702671
670223557
728843986
218053210
671708490
85592994
175448894
965186000
66814371
847733147
566241844
144045784
357112094
133626349
516592652
150576860
587108400
346120750
450041756
619263199
558703899
153997491
283429027
771883230
710993541
150929281
743704123
65207260
523513343
505031810
30261499
842212382
715983998
457833088
838310300
115838354
127107178
32547156
531354211
386859005
123281773
678318700
698265990
56723546
470554327
600089560
18552991
668271828
91683860
911748609
134898271
738444244
444673934
635321694
792039032
450995374
259606009
290967857
293332323
549438604
153683168
629360644
142014106
720096089
160004597
909044878
561899343
193553471
873073897
941176029
942862025
959199257
401786304
953039413
5133283
435812193
110996015
673790226
848228357
445641925
674182008
498348767
852681791
400262152
149589260
705915049
876090691
618285918
392751697
70267412
127781160
393348972
755146747
633668908
843404102
961631186
878461132
901858658
826235827
963390210
436268429
399814690
913068915
761344344
963079535
29989483
336882602
392799026
47959572
366803258
774801784
418119482
226331746
211958254
164062924
487326039
918503135
184246861
172219788
814156067
82822348
432896618
255078445
496606611
146961846
110875453
489619273
908141536
616902815
609144966
975142785
528624818
70570406
198834898
174440041
579311113
31389538
586362526
586073140
678948204
878609625
394847740
895203744
125007918
303306157
115212741
212549571
892122502
906674747
192721070
348721653
487793699
986028134
27549383
628765392
348689393
888938417
1667847
164924762
80058414
816164379
281964166
537027100
297603238
454770283
612144621
78164453
674777410
47259786
193533545
565679405
355556735
361192626
532503533
673240701
246790209
572851693
552792940
423214086
980274532
373031957
943716836
454229107
366779766
205996426
884672388
513162639
253402137
418092572
109548417
440492350
714754587
304368905
577166053
748284592
260779421
151717910
513869556
474155302
654623273
805331942
940259229
917246856
205190874
989125268
428140240
135332896
684059962
263677566
475427642
85120023
258283993
12743914
956240675
524456225
39800252
798446974
880696675
13478316
70935569
869981050
803030390
996905990
616120450
907306334
136101353
799221927
64942382
542085166
189959424
289810715
606902619
264374808
530600965
8369442
200857262
670256696
146194526
744974168
508775757
495462602
580226058
454577347
567675768
535295451
69506502
286311915
698720251
795811417
803900171
874584356
661551218
506515552
23885070
568332057
441221012
921264004
948925848
24624604
26990462
618172006
875917960
341864422
908812037
299922637
91388815
278918337
186509065
266413250
826441328
898737686
690007388
452844932
620205489
588515505
755484511
338152216
956007049
38720206
679895173
72403406
278749127
522888647
388535011
249291800
187212902
103552519
954668913
745462006
26909209
460681801
609766418
923186473
431384430
843416161
572518055
682915354
588898407
215684808
778863315
666663097
568388128
168880571
535087354
535087354
535087354
535087354
535087354
535087354
535087354
535087354
535087354
535087354
535087354
535087354
535087354
535087354
535087354
535087354
535087354
535087354
535087354
535087354
535087354
535087354
535087354
535087354
535087354
535087354
535087354
535087354
535087354
535087354
535087354
535087354
535087354
535087354
535087354
535087354
535087354
535087354
535087354
535087354
535087354
535087354
535087354
535087354
535087354
535087354
535087354
535087354
535087354
535087354
535087354
535087354
535087354
535087354
535087354
535087354
535087354
535087354
535087354
535087354
535087354
535087354
535087354
535087354
535087354
535087354
535087354
535087354
535087354
535087354
535087354
535087354
535087354
535087354
535087354
535087354
535087354
535087354
535087354
535087354
535087354
535087354
535087354
535087354
535087354
535087354
535087354
535087354
535087354
535087354
535087354
535087354
535087354
535087354
535087354
535087354
535087354
535087354
535087354
535087354
535087354
535087354
535087354
535087354
535087354
535087354
535087354
535087354
535087354
535087354
535087354
535087354
535087354
535087354
535087354
535087354
535087354
535087354
535087354
535087354
535087354
535087354
535087354
535087354
535087354
535087354
535087354
535087354
535087354
535087354
535087354
535087354
535087354
535087354
535087354
535087354
535087354
535087354
535087354
535087354
535087354
535087354
535087354
535087354
535087354
535087354
535087354
535087354
535087354
535087354
535087354
535087354
535087354
535087354
535087354
535087354
535087354
535087354
535087354
535087354
535087354
535087354
535087354
535087354
535087354
535087354
535087354
535087354
535087354
535087354
535087354
535087354
535087354
535087354
535087354
535087354
535087354
535087354
535087354
535087354
535087354
535087354
535087354
535087354
535087354
535087354
535087354
535087354
535087354
535087354
535087354
535087354
535087354
535087354
535087354
535087354
535087354
535087354
535087354
535087354
535087354
535087354
535087354
535087354
535087354
535087354
535087354
535087354
535087354
535087354
535087354
535087354
535087354
535087354
535087354
535087354
535087354
535087354
535087354
535087354
535087354
535087354
535087354
535087354
535087354
535087354
535087354
535087354
535087354
535087354
535087354
535087354
535087354
535087354
535087354
535087354
535087354
535087354
535087354
535087354
535087354
535087354
535087354
535087354
535087354
535087354
535087354
535087354
535087354
535087354
535087354
535087354
535087354
535087354
535087354
535087354
535087354
535087354
535087354
535087354
535087354
535087354
535087354
535087354
535087354
535087354
535087354
535087354
535087354
535087354
535087354
535087354
535087354
535087354
535087354
535087354
535087354
535087354
535087354
535087354
535087354
535087354
535087354
535087354
535087354
535087354
535087354
535087354
535087354
535087354
535087354
535087354
535087354
535087354
535087354
535087354
535087354
535087354
535087354
535087354
535087354
535087354
535087354
535087354
535087354
535087354
535087354
535087354
535087354
535087354
535087354
535087354
535087354
535087354
535087354
535087354
535087354
535087354
535087354
535087354
535087354
535087354
535087354
535087354
535087354
535087354
535087354
535087354
535087354
535087354
535087354
535087354
535087354
535087354
535087354
535087354
535087354
535087354
535087354
535087354
535087354
535087354
535087354
535087354
535087354
535087354
535087354
535087354
535087354
535087354
535087354
535087354
535087354
535087354
535087354
535087354
535087354
535087354
535087354
535087354
535087354
535087354
535087354
535087354
535087354
535087354
535087354
535087354
535087354
535087354
535087354
535087354
535087354
535087354
535087354
535087354
535087354
535087354
535087354
535087354
535087354
535087354
535087354
535087354
535087354
535087354
535087354
535087354
535087354
535087354
535087354
535087354
535087354
535087354
535087354
535087354
535087354
535087354
535087354
535087354
535087354
535087354
535087354
535087354
535087354
535087354
535087354
535087354
535087354
535087354
535087354
535087354
535087354
535087354
535087354
535087354
535087354
535087354
535087354
535087354
535087354
535087354
535087354
535087354
535087354
535087354
535087354
535087354
535087354
535087354
535087354
535087354
535087354
535087354
535087354
535087354
535087354
535087354
535087354
535087354
535087354
535087354
535087354
535087354
535087354
535087354
535087354
535087354
535087354
535087354
535087354
535087354
535087354
535087354
535087354
535087354
535087354
535087354
535087354
535087354
535087354
535087354
535087354
535087354
535087354
535087354
535087354
535087354
535087354
535087354
535087354
535087354
535087354
535087354
535087354
535087354
535087354
535087354
535087354
535087354
535087354
535087354
535087354
535087354
535087354
535087354
535087354
535087354
535087354
535087354
535087354
535087354
535087354
535087354
535087354
535087354
535087354
535087354
535087354
535087354
535087354
535087354
535087354
535087354
535087354
535087354
535087354
535087354
535087354
535087354
535087354
535087354
535087354
535087354
535087354
535087354
535087354
535087354
535087354
535087354
535087354
535087354
535087354
535087354
535087354
535087354
535087354
535087354
535087354
535087354
535087354
535087354
535087354
535087354
535087354
535087354
535087354
535087354
535087354
535087354
535087354
535087354
535087354
535087354
535087354
535087354
535087354
535087354
535087354
535087354
535087354
535087354
535087354
535087354
535087354
535087354
535087354
535087354
535087354
535087354
535087354
535087354
535087354
535087354
535087354
535087354
535087354
535087354
535087354
535087354
535087354
535087354
535087354
535087354
535087354
535087354
535087354
535087354
535087354
535087354
535087354
535087354
535087354
535087354
535087354
535087354
535087354
535087354
535087354
535087354
535087354
535087354
535087354
535087354
535087354
535087354
535087354
535087354
535087354
535087354
535087354
535087354
535087354
535087354
535087354
535087354
535087354
535087354
535087354
535087354
535087354
535087354
535087354
535087354
535087354
535087354
535087354
535087354
535087354
535087354
535087354
535087354
535087354
535087354
535087354
535087354
535087354
535087354
535087354
535087354
535087354
535087354
535087354
535087354
535087354
535087354
535087354
535087354
535087354
535087354
535087354
535087354
535087354
535087354
535087354
535087354
535087354
535087354
535087354
535087354
535087354
535087354
535087354
535087354
535087354
535087354
535087354
535087354
535087354
535087354
535087354
535087354
535087354
535087354
535087354
535087354
535087354
535087354
535087354
535087354
535087354
535087354
535087354
535087354
535087354
535087354
535087354
535087354
535087354
535087354
535087354
535087354
535087354
535087354
535087354
535087354
535087354
535087354
535087354
535087354
535087354
535087354
535087354
535087354
535087354
535087354
535087354
535087354
535087354
535087354
535087354
535087354
535087354
535087354
535087354
535087354
535087354
535087354
535087354
535087354
535087354
535087354
535087354
535087354
535087354
535087354
535087354
535087354
535087354
535087354
535087354
535087354
535087354
535087354
535087354
535087354
535087354
535087354
535087354
535087354
535087354
535087354
535087354
535087354
535087354
535087354
535087354
535087354
535087354
535087354
535087354
535087354
535087354
535087354
535087354
535087354
535087354
535087354
535087354
535087354
535087354
535087354
535087354
535087354
535087354
535087354
535087354
535087354
535087354
535087354
535087354
535087354
535087354
535087354
535087354
535087354
535087354
535087354
535087354
535087354
535087354
535087354
535087354
535087354
535087354
535087354
535087354
535087354
535087354
535087354
535087354
535087354
535087354
535087354
535087354
535087354
535087354
535087354
535087354
535087354
535087354
535087354
535087354
535087354
535087354
535087354
535087354
535087354
535087354
535087354
535087354
535087354
535087354
535087354
535087354
535087354
535087354
535087354
535087354
535087354
535087354
535087354
535087354
535087354
535087354
535087354
535087354
535087354
535087354
535087354
535087354
535087354
535087354
535087354
535087354
535087354
535087354
535087354
535087354
535087354
535087354
535087354
535087354
535087354
535087354
535087354
535087354
535087354
535087354
535087354
535087354
535087354
535087354
535087354
535087354
535087354
535087354
535087354
535087354
535087354
535087354
535087354
535087354
535087354
535087354
535087354
535087354
535087354
535087354
535087354
535087354
535087354
535087354
535087354
535087354
535087354
535087354
535087354
535087354
535087354
535087354
535087354
535087354
535087354
535087354
535087354
535087354
535087354
535087354
535087354
535087354
535087354
535087354
535087354
535087354
535087354
535087354
535087354
535087354
535087354
535087354
535087354
535087354
535087354
535087354
535087354
535087354
535087354
535087354
535087354
535087354
535087354
535087354
535087354
535087354
535087354
535087354
535087354
535087354
535087354
535087354
535087354
535087354
535087354
535087354
535087354
535087354
535087354
535087354
535087354
535087354
535087354
535087354
535087354
535087354
535087354
535087354
535087354
535087354
535087354
535087354
535087354
535087354
535087354
535087354
535087354
535087354
535087354
535087354
535087354
535087354
535087354
535087354
535087354
535087354
535087354
535087354
535087354
535087354
535087354
535087354
535087354
535087354
535087354
535087354
535087354
535087354
535087354
535087354
535087354
535087354
535087354
535087354
535087354
535087354
535087354
535087354
535087354
535087354
535087354
535087354
535087354
535087354
535087354
535087354
535087354
535087354
535087354
535087354
535087354
535087354
535087354
535087354
535087354
535087354
535087354
535087354
535087354
535087354
535087354
535087354
535087354
535087354
535087354
535087354
535087354
535087354
535087354
535087354
535087354
535087354
535087354
535087354
535087354
535087354
535087354
535087354
535087354
535087354
535087354
535087354
535087354
535087354
535087354
535087354
535087354
535087354
535087354
535087354
535087354
535087354
535087354
535087354
535087354
535087354
535087354
535087354
535087354
535087354
535087354
535087354
535087354
535087354
535087354
535087354
535087354
535087354
535087354
535087354
535087354
535087354
535087354
535087354
535087354
535087354
535087354
535087354
535087354
535087354
535087354
535087354
535087354
535087354
535087354
535087354
535087354
535087354
535087354
535087354
535087354
535087354
535087354
535087354
535087354
535087354
535087354
535087354
535087354
535087354
535087354
535087354
535087354
535087354
535087354
535087354
535087354
535087354
535087354
535087354
535087354
535087354
535087354
535087354
535087354
535087354
535087354
535087354
535087354
535087354
535087354
535087354
535087354
535087354
535087354
535087354
535087354
535087354
535087354
535087354
535087354
535087354
535087354
535087354
535087354
535087354
535087354
535087354
535087354
535087354
535087354
535087354
535087354
535087354
535087354
535087354
535087354
535087354
535087354
535087354
535087354
535087354
535087354
535087354
535087354
535087354
535087354
535087354
535087354
535087354
535087354
535087354
535087354
535087354
535087354
535087354
535087354
535087354
535087354
535087354
535087354
535087354
535087354
535087354
535087354
535087354
535087354
535087354
535087354
535087354
535087354
535087354
535087354
535087354
535087354
535087354
535087354
535087354
535087354
535087354
535087354
535087354
535087354
535087354
535087354
535087354
535087354
535087354
535087354
535087354
535087354
535087354
535087354
535087354
535087354
535087354
535087354
535087354
535087354
535087354
535087354
535087354
535087354
535087354
535087354
535087354
535087354
535087354
535087354
535087354
535087354
535087354
535087354
535087354
535087354
535087354
535087354
535087354
535087354
535087354
535087354
535087354
535087354
535087354
535087354
535087354
535087354
535087354
535087354
535087354
535087354
535087354
535087354
535087354
535087354
535087354
535087354
535087354
535087354
535087354
535087354
535087354
535087354
535087354
535087354
535087354
535087354
535087354
535087354
535087354
535087354
535087354
535087354
535087354
535087354
535087354
535087354
535087354
535087354
535087354
535087354
535087354
535087354
535087354
535087354
535087354
535087354
535087354
535087354
535087354
535087354
535087354
535087354
535087354
535087354
535087354
535087354
535087354
535087354
535087354
535087354
535087354
535087354
535087354
535087354
535087354
535087354
535087354
535087354
535087354
535087354
535087354
535087354
535087354
535087354
535087354
535087354
535087354
535087354
535087354
535087354
535087354
535087354
535087354
535087354
535087354
535087354
535087354
535087354
535087354
535087354
535087354
535087354
535087354
535087354
535087354
535087354
535087354
535087354
535087354
535087354
535087354
535087354
535087354
535087354
535087354
535087354
535087354
535087354
535087354
535087354
535087354
535087354
535087354
535087354
535087354
535087354
535087354
535087354
535087354
535087354
535087354
535087354
535087354
535087354
535087354
535087354
535087354
535087354
535087354
535087354
535087354
535087354
535087354
535087354
535087354
535087354
535087354
535087354
535087354
535087354
535087354
535087354
535087354
535087354
535087354
535087354
535087354
535087354
535087354
535087354
535087354
535087354
535087354
535087354
535087354
535087354
535087354
535087354
535087354
535087354
535087354
535087354
535087354
535087354
535087354
535087354
535087354
535087354
535087354
535087354
535087354
535087354
535087354
535087354
535087354
535087354
535087354
535087354
535087354
535087354
535087354
535087354
535087354
535087354
535087354
535087354
535087354
535087354
535087354
535087354
535087354
535087354
535087354
535087354
535087354
535087354
535087354
535087354
535087354
535087354
535087354
535087354
535087354
535087354
535087354
535087354
535087354
535087354
535087354
535087354
535087354
535087354
535087354
535087354
535087354
535087354
535087354
535087354
535087354
535087354
535087354
535087354
535087354
535087354
535087354
535087354
535087354
535087354
535087354
535087354
535087354
535087354
535087354
535087354
535087354
535087354
535087354
535087354
535087354
535087354
535087354
535087354
535087354
535087354
535087354
535087354
535087354
535087354
535087354
535087354
535087354
535087354
535087354
535087354
535087354
535087354
535087354
535087354
535087354
535087354
535087354
535087354
535087354
535087354
535087354
535087354
535087354
535087354
535087354
535087354
535087354
535087354
535087354
535087354
535087354
535087354
535087354
535087354
535087354
535087354
535087354
535087354
535087354
535087354
535087354
535087354
535087354
535087354
535087354
535087354
535087354
535087354
535087354
535087354
535087354
535087354
535087354
535087354
535087354
535087354
535087354
535087354
535087354
535087354
535087354
535087354
535087354
535087354
535087354
535087354
535087354
535087354
535087354
535087354
535087354
535087354
535087354
535087354
535087354
535087354
535087354
535087354
535087354
535087354
535087354
535087354
535087354
535087354
535087354
535087354
535087354
535087354
535087354
535087354
535087354
535087354
535087354
535087354
535087354
535087354
535087354
535087354
535087354
535087354
535087354
535087354
535087354
535087354
535087354
535087354
535087354
535087354
535087354
535087354
535087354
535087354
535087354
535087354
535087354
535087354
535087354
535087354
535087354
535087354
535087354
535087354
535087354
535087354
535087354
535087354
535087354
535087354
535087354
535087354
535087354
535087354
535087354
535087354
535087354
535087354
535087354
535087354
535087354
535087354
535087354
535087354
535087354
535087354
535087354
535087354
535087354
535087354
535087354
535087354
535087354
535087354
535087354
535087354
535087354
535087354
535087354
535087354
535087354
535087354
535087354
535087354
535087354
535087354
535087354
535087354
535087354
535087354
535087354
535087354
535087354
535087354
535087354
535087354
535087354
535087354
535087354
535087354
535087354
535087354
535087354
535087354
535087354
535087354
535087354
535087354
535087354
535087354
535087354
535087354
535087354
535087354
535087354
535087354
535087354
535087354
535087354
535087354
535087354
535087354
535087354
535087354
535087354
535087354
535087354
535087354
535087354
535087354
535087354
535087354
535087354
535087354
535087354
535087354
535087354
535087354
535087354
535087354
535087354
535087354
535087354
535087354
535087354
535087354
535087354
535087354
535087354
535087354
535087354
535087354
535087354
535087354
535087354
535087354
535087354
535087354
535087354
535087354
535087354
535087354
535087354
535087354
535087354
535087354
535087354
535087354
535087354
535087354
535087354
535087354
535087354
535087354
535087354
535087354
535087354
535087354
535087354
535087354
535087354
535087354
535087354
535087354
535087354
535087354
535087354
535087354
535087354
535087354
535087354
535087354
535087354
535087354
535087354
535087354
535087354
535087354
535087354
535087354
535087354
535087354
535087354
535087354
535087354
535087354
535087354
535087354
535087354
535087354
535087354
535087354
535087354
535087354
535087354
535087354
535087354
535087354
535087354
535087354
535087354
535087354
535087354
535087354
535087354
535087354
535087354
535087354
535087354
535087354
535087354
535087354
535087354
535087354
535087354
535087354
535087354
535087354
535087354
535087354
535087354
535087354
535087354
535087354
535087354
535087354
535087354
535087354
535087354
535087354
535087354
535087354
535087354
535087354
535087354
535087354
535087354
535087354
535087354
535087354
535087354
535087354
535087354
535087354
535087354
535087354
535087354
535087354
535087354
535087354
535087354
535087354
535087354
535087354
535087354
535087354
535087354
535087354
535087354
535087354
535087354
535087354
535087354
535087354
535087354
535087354
535087354
535087354
535087354
535087354
535087354
535087354
535087354
535087354
535087354
535087354
535087354
535087354
535087354
535087354
535087354
535087354
535087354
535087354
535087354
535087354
535087354
535087354
535087354
535087354
535087354
535087354
535087354
535087354
535087354
535087354
535087354
535087354
535087354
535087354
535087354
535087354
535087354
535087354
535087354
535087354
535087354
535087354
535087354
535087354
535087354
535087354
535087354
535087354
535087354
535087354
535087354
535087354
535087354
535087354
535087354
535087354
535087354
535087354
535087354
535087354
535087354
535087354
535087354
535087354
535087354
535087354
535087354
535087354
535087354
535087354
535087354
535087354
535087354
535087354
535087354
535087354
535087354
535087354
535087354
535087354
535087354
535087354
535087354
535087354
535087354
535087354
535087354
535087354
535087354
535087354
535087354
535087354
535087354
535087354
535087354
535087354
535087354
535087354
535087354
535087354
535087354
535087354
535087354
535087354
535087354
535087354
535087354
535087354
535087354
535087354
535087354
535087354
535087354
535087354
535087354
535087354
535087354
535087354
535087354
535087354
535087354
535087354
535087354
535087354
535087354
535087354
535087354
535087354
535087354
535087354
535087354
535087354
535087354
535087354
535087354
535087354
535087354
535087354
535087354
535087354
535087354
535087354
535087354
535087354
535087354
535087354
535087354
535087354
535087354
535087354
535087354
535087354
535087354
535087354
535087354
535087354
535087354
535087354
535087354
535087354
535087354
535087354
535087354
535087354
535087354
535087354
535087354
535087354
535087354
535087354
535087354
535087354
535087354
535087354
535087354
535087354
535087354
535087354
535087354
535087354
535087354
535087354
535087354
535087354
535087354
535087354
535087354
535087354
535087354
535087354
535087354
535087354
535087354
535087354
535087354
535087354
535087354
535087354
535087354
535087354
535087354
535087354
535087354
535087354
535087354
535087354
535087354
535087354
535087354
535087354
535087354
535087354
535087354
535087354
535087354
535087354
535087354
535087354
535087354
535087354
535087354
535087354
535087354
535087354
535087354
535087354
535087354
535087354
535087354
535087354
535087354
535087354
535087354
535087354
535087354
535087354
535087354
535087354
535087354
535087354
535087354
535087354
535087354
535087354
535087354
535087354
535087354
535087354
535087354
535087354
535087354
535087354
535087354
535087354
535087354
535087354
535087354
535087354
535087354
535087354
535087354
535087354
535087354
535087354
535087354
535087354
535087354
535087354
535087354
535087354
535087354
535087354
535087354
535087354
535087354
535087354
535087354
535087354
535087354
535087354
535087354
535087354
535087354
535087354
535087354
535087354
535087354
535087354
535087354
535087354
535087354
535087354
535087354
535087354
535087354
535087354
535087354
535087354
535087354
535087354
535087354
535087354
535087354
535087354
535087354
535087354
535087354
535087354
535087354
535087354
535087354
535087354
535087354
535087354
535087354
535087354
535087354
535087354
535087354
535087354
535087354
535087354
535087354
535087354
535087354
535087354
535087354
535087354
535087354
535087354
535087354
535087354
535087354
535087354
535087354
535087354
535087354
535087354
535087354
535087354
535087354
535087354
535087354
535087354
535087354
535087354
535087354
535087354
535087354
535087354
535087354
535087354
535087354
535087354
535087354
535087354
535087354
535087354
535087354
535087354
535087354
535087354
535087354
535087354
535087354
535087354
535087354
535087354
535087354
535087354
535087354
535087354
535087354
535087354
535087354
535087354
535087354
535087354
535087354
535087354
535087354
535087354
535087354
535087354
535087354
535087354
535087354
535087354
535087354
535087354
535087354
535087354
535087354
535087354
535087354
535087354
535087354
535087354
535087354
535087354
535087354
535087354
535087354
535087354
535087354
535087354
535087354
535087354
535087354
535087354
535087354
535087354
535087354
535087354
535087354
535087354
535087354
535087354
535087354
535087354
535087354
535087354
535087354
535087354
535087354
535087354
535087354
535087354
535087354
535087354
535087354
535087354
535087354
535087354
535087354
535087354
535087354
535087354
535087354
535087354
535087354
535087354
535087354
535087354
535087354
535087354
535087354
535087354
535087354
535087354
535087354
535087354
535087354
535087354
535087354
535087354
535087354
535087354
535087354
535087354
535087354
535087354
535087354
535087354
535087354
535087354
535087354
535087354
535087354
535087354
535087354
535087354
535087354
535087354
535087354
535087354
535087354
535087354
535087354
535087354
535087354
535087354
535087354
535087354
535087354
535087354
535087354
535087354
535087354
535087354
535087354
535087354
535087354
535087354
535087354
535087354
535087354
535087354
535087354
535087354
535087354
535087354
535087354
535087354
535087354
535087354
535087354
535087354
535087354
535087354
535087354
535087354
535087354
535087354
535087354
535087354
535087354
535087354
535087354
535087354
535087354
535087354
535087354
535087354
535087354
535087354
535087354
535087354
535087354
535087354
535087354
535087354
535087354
535087354
535087354
535087354
535087354
535087354
535087354
535087354
535087354
535087354
535087354
535087354
535087354
535087354
535087354
535087354
535087354
535087354
535087354
535087354
535087354
535087354
535087354
535087354
535087354
535087354
535087354
535087354
535087354
535087354
535087354
535087354
535087354
535087354
535087354
535087354
535087354
535087354
535087354
535087354
535087354
535087354
535087354
535087354
535087354
535087354
535087354
535087354
535087354
535087354
535087354
535087354
535087354
535087354
535087354
535087354
535087354
535087354
535087354
535087354
535087354
535087354
535087354
535087354
535087354
535087354
535087354
535087354
535087354
535087354
535087354
535087354
535087354
535087354
535087354
535087354
535087354
535087354
535087354
535087354
535087354
535087354
535087354
535087354
535087354
535087354
535087354
535087354
535087354
535087354
535087354
535087354
535087354
535087354
535087354
535087354
535087354
535087354
535087354
535087354
535087354
535087354
535087354
535087354
535087354
535087354
535087354
535087354
535087354
535087354
535087354
535087354
535087354
535087354
535087354
535087354
535087354
535087354
535087354
535087354
535087354
535087354
535087354
535087354
535087354
535087354
535087354
535087354
535087354
535087354
535087354
535087354
535087354
535087354
535087354
535087354
535087354
535087354
535087354
535087354
535087354
535087354
535087354
535087354
535087354
535087354
535087354
535087354
535087354
535087354
535087354
535087354
535087354
535087354
535087354
535087354
535087354
535087354
535087354
535087354
535087354
535087354
535087354
535087354
535087354
535087354
535087354
535087354
535087354
535087354
535087354
535087354
535087354
535087354
535087354
535087354
535087354
535087354
535087354
535087354
535087354
535087354
535087354
535087354
535087354
535087354
535087354
535087354
535087354
535087354
535087354
535087354
535087354
535087354
535087354
535087354
535087354
535087354
535087354
535087354
535087354
535087354
535087354
535087354
535087354
535087354
535087354
535087354
535087354
535087354
535087354
535087354
535087354
535087354
535087354
535087354
535087354
535087354
535087354
535087354
535087354
535087354
535087354
535087354
535087354
535087354
535087354
535087354
535087354
535087354
535087354
535087354
535087354
535087354
535087354
535087354
535087354
535087354
535087354
535087354
535087354
535087354
535087354
535087354
535087354
535087354
535087354
535087354
535087354
535087354
535087354
535087354
535087354
535087354
535087354
535087354
535087354
535087354
535087354
535087354
535087354
535087354
535087354
535087354
535087354
535087354
535087354
535087354
535087354
535087354
535087354
535087354
535087354
535087354
535087354
535087354
535087354
535087354
535087354
535087354
535087354
535087354
535087354
535087354
535087354
535087354
535087354
535087354
535087354
535087354
535087354
535087354
535087354
535087354
535087354
535087354
535087354
535087354
535087354
535087354
535087354
535087354
535087354
535087354
535087354
535087354
535087354
535087354
535087354
535087354
535087354
535087354
535087354
535087354
535087354
535087354
535087354
535087354
535087354
535087354
535087354
535087354
535087354
535087354
535087354
535087354
535087354
535087354
535087354
535087354
535087354
535087354
535087354
535087354
535087354
535087354
535087354
535087354
535087354
535087354
535087354
535087354
535087354
535087354
535087354
535087354
535087354
535087354
535087354
535087354
535087354
535087354
535087354
535087354
535087354
535087354
535087354
535087354
535087354
535087354
535087354
535087354
535087354
535087354
535087354
535087354
535087354
535087354
535087354
535087354
535087354
535087354
535087354
535087354
535087354
535087354
535087354
535087354
535087354
535087354
535087354
535087354
535087354
535087354
535087354
535087354
535087354
535087354
535087354
535087354
535087354
535087354
535087354
535087354
535087354
535087354
535087354
535087354
535087354
535087354
535087354
535087354
535087354
535087354
535087354
535087354
535087354
535087354
535087354
535087354
535087354
535087354
535087354
535087354
535087354
535087354
535087354
535087354
535087354
535087354
535087354
535087354
535087354
535087354
535087354
535087354
535087354
535087354
535087354
535087354
535087354
535087354
535087354
535087354
535087354
535087354
535087354
535087354
535087354
535087354
535087354
535087354
535087354
535087354
535087354
535087354
535087354
535087354
535087354
535087354
535087354
535087354
535087354
535087354
535087354
535087354
535087354
535087354
535087354
535087354
535087354
535087354
535087354
535087354
535087354
535087354
535087354
535087354
535087354
535087354
535087354
535087354
535087354
535087354
535087354
535087354
535087354
535087354
535087354
535087354
535087354
535087354
535087354
535087354
535087354
535087354
535087354
535087354
535087354
535087354
535087354
535087354
535087354
535087354
535087354
535087354
535087354
535087354
535087354
535087354
535087354
535087354
535087354
535087354
535087354
535087354
535087354
535087354
535087354
535087354
535087354
535087354
535087354
535087354
535087354
535087354
535087354
535087354
535087354
535087354
535087354
535087354
535087354
535087354
535087354
535087354
535087354
535087354
535087354
535087354
535087354
535087354
535087354
535087354
535087354
535087354
535087354
535087354
535087354
535087354
535087354
535087354
535087354
535087354
535087354
535087354
535087354
535087354
535087354
535087354
535087354
535087354
535087354
535087354
535087354
535087354
535087354
535087354
535087354
535087354
535087354
535087354
535087354
535087354
535087354
535087354
535087354
535087354
535087354
535087354
535087354
535087354
535087354
535087354
535087354
535087354
535087354
535087354
535087354
535087354
535087354
535087354
535087354
535087354
535087354
535087354
535087354
535087354
535087354
535087354
535087354
535087354
535087354
535087354
535087354
535087354
535087354
535087354
535087354
535087354
535087354
535087354
535087354
535087354
535087354
535087354
535087354
535087354
535087354
535087354
535087354
535087354
535087354
535087354
535087354
535087354
535087354
535087354
535087354
535087354
535087354
535087354
535087354
535087354
535087354
535087354
535087354
535087354
535087354
535087354
535087354
535087354
535087354
535087354
535087354
535087354
535087354
535087354
535087354
535087354
535087354
535087354
535087354
535087354
535087354
535087354
535087354
535087354
535087354
535087354
535087354
535087354
535087354
535087354
535087354
535087354
535087354
535087354
535087354
535087354
535087354
535087354
535087354
535087354
535087354
535087354
535087354
535087354
535087354
535087354
535087354
535087354
535087354
535087354
535087354
535087354
535087354
535087354
535087354
535087354
535087354
535087354
535087354
535087354
535087354
535087354
535087354
535087354
535087354
535087354
535087354
535087354
535087354
535087354
535087354
535087354
535087354
535087354
535087354
535087354
535087354
535087354
535087354
535087354
535087354
535087354
535087354
535087354
535087354
535087354
535087354
535087354
535087354
535087354
535087354
535087354
535087354
535087354
535087354
535087354
535087354
535087354
535087354
535087354
535087354
535087354
535087354
535087354
535087354
535087354
535087354
535087354
535087354
535087354
535087354
535087354
535087354
535087354
535087354
535087354
535087354
535087354
535087354
535087354
535087354
535087354
535087354
535087354
535087354
535087354
535087354
535087354
535087354
535087354
535087354
535087354
535087354
535087354
535087354
535087354
535087354
535087354
535087354
535087354
535087354
535087354
535087354
535087354
535087354
535087354
535087354
535087354
535087354
535087354
535087354
535087354
535087354
535087354
535087354
535087354
535087354
535087354
535087354
535087354
535087354
535087354
535087354
535087354
535087354
535087354
535087354
535087354
535087354
535087354
535087354
535087354
535087354
535087354
535087354
535087354
535087354
535087354
535087354
535087354
535087354
535087354
535087354
535087354
535087354
535087354
535087354
535087354
535087354
535087354
535087354
535087354
535087354
535087354
535087354
535087354
535087354
535087354
535087354
535087354
535087354
535087354
535087354
535087354
535087354
535087354
535087354
535087354
535087354
535087354
535087354
535087354
535087354
535087354
535087354
535087354
535087354
535087354
535087354
535087354
535087354
535087354
535087354
535087354
535087354
535087354
535087354
535087354
535087354
535087354
535087354
535087354
535087354
535087354
535087354
535087354
535087354
535087354
535087354
535087354
535087354
535087354
535087354
535087354
535087354
535087354
535087354
535087354
535087354
535087354
535087354
535087354
535087354
535087354
535087354
535087354
535087354
535087354
535087354
535087354
535087354
535087354
535087354
535087354
535087354
535087354
535087354
535087354
535087354
535087354
535087354
535087354
535087354
535087354
535087354
535087354
535087354
535087354
535087354
535087354
535087354
535087354
535087354
535087354
535087354
535087354
535087354
535087354
535087354
535087354
535087354
535087354
535087354
535087354
535087354
535087354
535087354
535087354
535087354
535087354
535087354
535087354
535087354
535087354
535087354
535087354
535087354
535087354
535087354
535087354
535087354
535087354
535087354
535087354
535087354
535087354
535087354
535087354
535087354
535087354
535087354
535087354
535087354
535087354
535087354
535087354
535087354
535087354
535087354
535087354
535087354
535087354
535087354
535087354
535087354
535087354
535087354
535087354
535087354
535087354
535087354
535087354
535087354
535087354
535087354
535087354
535087354
535087354
535087354
535087354
535087354
535087354
535087354
535087354
535087354
535087354
535087354
535087354
535087354
535087354
535087354
535087354
535087354
535087354
535087354
535087354
535087354
535087354
535087354
535087354
535087354
535087354
535087354
535087354
535087354
535087354
535087354
535087354
535087354
535087354
535087354
535087354
535087354
535087354
535087354
535087354
535087354
535087354
535087354
535087354
535087354
535087354
535087354
535087354
535087354
535087354
535087354
535087354
535087354
535087354
535087354
535087354
535087354
535087354
535087354
535087354
535087354
535087354
535087354
535087354
535087354
535087354
535087354
535087354
535087354
535087354
535087354
535087354
535087354
535087354
535087354
535087354
535087354
535087354
535087354
535087354
535087354
535087354
535087354
535087354
535087354
535087354
535087354
535087354
535087354
535087354
535087354
535087354
535087354
535087354
535087354
535087354
535087354
535087354
535087354
535087354
535087354
535087354
535087354
535087354
535087354
535087354
535087354
535087354
535087354
535087354
535087354
535087354
535087354
535087354
535087354
535087354
535087354
535087354
535087354
535087354
535087354
535087354
535087354
535087354
535087354
535087354
535087354
535087354
535087354
535087354
535087354
535087354
535087354
535087354
535087354
535087354
535087354
535087354
535087354
535087354
535087354
535087354
535087354
535087354
535087354
535087354
535087354
535087354
535087354
535087354
535087354
535087354
535087354
535087354
535087354
535087354
535087354
535087354
535087354
535087354
535087354
535087354
535087354
535087354
535087354
535087354
535087354
535087354
535087354
535087354
535087354
535087354
535087354
535087354
535087354
535087354
535087354
535087354
535087354
535087354
535087354
535087354
535087354
535087354
535087354
535087354
535087354
535087354
535087354
535087354
535087354
535087354
535087354
535087354
535087354
535087354
535087354
535087354
535087354
535087354
535087354
535087354
535087354
535087354
535087354
535087354
535087354
535087354
535087354
535087354
535087354
535087354
535087354
535087354
535087354
535087354
535087354
535087354
535087354
535087354
535087354
535087354
535087354
535087354
535087354
535087354
535087354
535087354
535087354
535087354
535087354
535087354
535087354
535087354
535087354
535087354
535087354
535087354
535087354
535087354
535087354
535087354
535087354
535087354
535087354
535087354
535087354
535087354
535087354
535087354
535087354
535087354
535087354
535087354
535087354
535087354
535087354
535087354
535087354
535087354
535087354
535087354
535087354
535087354
535087354
535087354
535087354
535087354
535087354
535087354
535087354
535087354
535087354
535087354
535087354
535087354
535087354
535087354
535087354
535087354
535087354
535087354
535087354
535087354
535087354
535087354
535087354
535087354
535087354
535087354
535087354
535087354
535087354
535087354
535087354
535087354
535087354
535087354
535087354
535087354
535087354
535087354
535087354
535087354
535087354
535087354
535087354
535087354
535087354
535087354
535087354
535087354
535087354
535087354
535087354
535087354
535087354
535087354
535087354
535087354
535087354
535087354
535087354
535087354
535087354
535087354
535087354
535087354
535087354
535087354
535087354
535087354
535087354
535087354
535087354
535087354
535087354
535087354
535087354
535087354
535087354
535087354
535087354
535087354
535087354
535087354
535087354
535087354
535087354
535087354
535087354
535087354
535087354
535087354
535087354
535087354
535087354
535087354
535087354
535087354
535087354
535087354
535087354
535087354
535087354
535087354
535087354
535087354
535087354
535087354
535087354
535087354
535087354
535087354
535087354
535087354
535087354
535087354
535087354
535087354
535087354
535087354
535087354
535087354
535087354
535087354
535087354
535087354
535087354
535087354
535087354
535087354
535087354
535087354
535087354
535087354
535087354
535087354
535087354
535087354
535087354
535087354
535087354
535087354
535087354
535087354
535087354
535087354
535087354
535087354
535087354
535087354
535087354
535087354
535087354
535087354
535087354
535087354
535087354
535087354
535087354
535087354
535087354
535087354
535087354
535087354
535087354
535087354
535087354
535087354
535087354
535087354
535087354
535087354
535087354
535087354
535087354
535087354
535087354
535087354
535087354
535087354
535087354
535087354
535087354
535087354
535087354
535087354
535087354
535087354
535087354
535087354
535087354
535087354
535087354
535087354
535087354
535087354
535087354
535087354
535087354
535087354
535087354
535087354
535087354
535087354
535087354
535087354
535087354
535087354
535087354
535087354
535087354
535087354
535087354
535087354
535087354
535087354
535087354
535087354
535087354
535087354
535087354
535087354
535087354
535087354
535087354
535087354
535087354
535087354
535087354
535087354
535087354
535087354
535087354
535087354
535087354
535087354
535087354
535087354
535087354
535087354
535087354
535087354
535087354
535087354
535087354
535087354
535087354
535087354
535087354
535087354
535087354
535087354
535087354
535087354
535087354
535087354
535087354
535087354
535087354
535087354
535087354
535087354
535087354
535087354
535087354
535087354
535087354
535087354
535087354
535087354
535087354
535087354
535087354
535087354
535087354
535087354
535087354
535087354
535087354
535087354
535087354
535087354
535087354
535087354
535087354
535087354
535087354
535087354
535087354
535087354
535087354
535087354
535087354
535087354
535087354
535087354
535087354
535087354
535087354
535087354
535087354
535087354
535087354
535087354
535087354
535087354
535087354
535087354
535087354
535087354
535087354
535087354
535087354
535087354
535087354
535087354
535087354
535087354
535087354
535087354
535087354
535087354
535087354
535087354
535087354
535087354
535087354
535087354
535087354
535087354
535087354
535087354
535087354
535087354
535087354
535087354
535087354
535087354
535087354
535087354
535087354
535087354
535087354
535087354
535087354
535087354
535087354
535087354
535087354
535087354
535087354
535087354
535087354
535087354
535087354
535087354
535087354
535087354
535087354
535087354
535087354
535087354
535087354
535087354
535087354
535087354
535087354
535087354
535087354
535087354
535087354
535087354
535087354
535087354
535087354
535087354
535087354
535087354
535087354
535087354
535087354
535087354
535087354
535087354
535087354
535087354
535087354
535087354
535087354
535087354
535087354
535087354
535087354
535087354
535087354
535087354
535087354
535087354
535087354
535087354
535087354
535087354
535087354
535087354
535087354
535087354
535087354
535087354
535087354
535087354
535087354
535087354
535087354
535087354
535087354
535087354
535087354
535087354
535087354
535087354
535087354
535087354
535087354
535087354
535087354
535087354
535087354
535087354
535087354
535087354
535087354
535087354
535087354
535087354
535087354
535087354
535087354
535087354
535087354
535087354
535087354
535087354
535087354
535087354
535087354
535087354
535087354
535087354
535087354
535087354
535087354
535087354
535087354
535087354
535087354
535087354
535087354
535087354
535087354
535087354
535087354
535087354
535087354
535087354
535087354
535087354
535087354
535087354
535087354
535087354
535087354
535087354
535087354
535087354
535087354
535087354
535087354
535087354
535087354
535087354
535087354
535087354
535087354
535087354
535087354
535087354
535087354
535087354
535087354
535087354
535087354
535087354
535087354
535087354
535087354
535087354
535087354
535087354
535087354
535087354
535087354
535087354
535087354
535087354
535087354
535087354
535087354
535087354
535087354
535087354
535087354
535087354
535087354
535087354
535087354
535087354
535087354
535087354
535087354
535087354
535087354
535087354
535087354
535087354
535087354
535087354
535087354
535087354
535087354
535087354
535087354
535087354
535087354
535087354
535087354
535087354
535087354
535087354
535087354
535087354
535087354
535087354
535087354
535087354
535087354
535087354
535087354
535087354
535087354
535087354
535087354
535087354
535087354
535087354
535087354
535087354
535087354
535087354
535087354
535087354
535087354
535087354
535087354
535087354
535087354
535087354
535087354
535087354
535087354
535087354
535087354
535087354
535087354
535087354
535087354
535087354
535087354
535087354
535087354
535087354
535087354
535087354
535087354
535087354
535087354
535087354
535087354
535087354
535087354
535087354
535087354
535087354
535087354
535087354
535087354
535087354
535087354
535087354
535087354
535087354
535087354
535087354
535087354
535087354
535087354
535087354
535087354
535087354
535087354
535087354
535087354
535087354
535087354
535087354
535087354
535087354
535087354
535087354
535087354
535087354
535087354
535087354
535087354
535087354
535087354
535087354
535087354
535087354
535087354
535087354
535087354
535087354
535087354
535087354
535087354
535087354
535087354
535087354
535087354
535087354
535087354
535087354
535087354
535087354
535087354
535087354
535087354
535087354
535087354
535087354
535087354
535087354
535087354
535087354
535087354
535087354
535087354
535087354
535087354
535087354
535087354
535087354
535087354
535087354
535087354
535087354
535087354
535087354
535087354
535087354
535087354
535087354
535087354
535087354
535087354
535087354
535087354
535087354
535087354
535087354
535087354
535087354
535087354
535087354
535087354
535087354
535087354
535087354
535087354
535087354
535087354
535087354
535087354
535087354
535087354
535087354
535087354
535087354
535087354
535087354
535087354
535087354
535087354
535087354
535087354
535087354
535087354
535087354
535087354
535087354
535087354
535087354
535087354
535087354
535087354
535087354
535087354
535087354
535087354
535087354
535087354
535087354
535087354
535087354
535087354
535087354
535087354
535087354
535087354
535087354
535087354
535087354
535087354
535087354
535087354
535087354
535087354
535087354
535087354
535087354
535087354
535087354
535087354
535087354
535087354
535087354
535087354
535087354
535087354
535087354
535087354
535087354
535087354
535087354
535087354
535087354
535087354
535087354
535087354
535087354
535087354
535087354
535087354
535087354
535087354
535087354
535087354
535087354
535087354
535087354
535087354
535087354
535087354
535087354
535087354
535087354
535087354
535087354
535087354
535087354
535087354
535087354
535087354
535087354
535087354
535087354
535087354
535087354
535087354
535087354
535087354
535087354
535087354
535087354
535087354
535087354
535087354
535087354
535087354
535087354
535087354
535087354
535087354
535087354
535087354
535087354
535087354
535087354
535087354
535087354
535087354
535087354
535087354
535087354
535087354
535087354
535087354
535087354
535087354
535087354
535087354
535087354
535087354
535087354
535087354
535087354
535087354
535087354
535087354
535087354
535087354
535087354
535087354
535087354
535087354
535087354
535087354
535087354
535087354
535087354
535087354
535087354
535087354
535087354
535087354
535087354
535087354
535087354
535087354
535087354
535087354
535087354
535087354
535087354
535087354
535087354
535087354
535087354
535087354
535087354
535087354
535087354
535087354
535087354
535087354
535087354
535087354
535087354
535087354
535087354
535087354
535087354
535087354
535087354
535087354
535087354
535087354
535087354
535087354
535087354
535087354
535087354
535087354
535087354
535087354
535087354
535087354
535087354
535087354
535087354
535087354
535087354
535087354
535087354
535087354
535087354
535087354
535087354
535087354
535087354
535087354
535087354
535087354
535087354
535087354
535087354
535087354
535087354
535087354
535087354
535087354
535087354
535087354
535087354
535087354
535087354
535087354
535087354
535087354
535087354
535087354
535087354
535087354
535087354
535087354
535087354
535087354
535087354
535087354
535087354
535087354
535087354
535087354
535087354
535087354
535087354
535087354
535087354
535087354
535087354
535087354
535087354
535087354
535087354
535087354
535087354
535087354
535087354
535087354
535087354
535087354
535087354
535087354
535087354
535087354
535087354
535087354
535087354
535087354
535087354
535087354
535087354
535087354
535087354
535087354
535087354
535087354
535087354
535087354
535087354
535087354
535087354
535087354
535087354
535087354
535087354
535087354
535087354
535087354
535087354
535087354
535087354
535087354
535087354
535087354
535087354
535087354
535087354
535087354
535087354
535087354
535087354
535087354
535087354
535087354
535087354
535087354
535087354
535087354
535087354
535087354
535087354
535087354
535087354
535087354
535087354
535087354
535087354
535087354
535087354
535087354
535087354
535087354
535087354
535087354
535087354
535087354
535087354
535087354
535087354
535087354
535087354
535087354
535087354
535087354
535087354
535087354
535087354
535087354
535087354
535087354
535087354
535087354
535087354
535087354
535087354
535087354
535087354
535087354
535087354
535087354
535087354
535087354
535087354
535087354
535087354
535087354
535087354
535087354
535087354
535087354
535087354
535087354
535087354
535087354
535087354
535087354
535087354
535087354
535087354
535087354
535087354
535087354
535087354
535087354
535087354
535087354
535087354
535087354
535087354
535087354
535087354
535087354
535087354
535087354
535087354
535087354
535087354
535087354
535087354
535087354
535087354
535087354
535087354
535087354
535087354
535087354
535087354
535087354
535087354
535087354
535087354
535087354
535087354
535087354
535087354
535087354
535087354
535087354
535087354
535087354
535087354
535087354
535087354
535087354
535087354
535087354
535087354
535087354
535087354
535087354
535087354
535087354
535087354
535087354
535087354
535087354
535087354
535087354
535087354
535087354
535087354
535087354
535087354
535087354
535087354
535087354
535087354
535087354
535087354
535087354
535087354
535087354
535087354
535087354
535087354
535087354
535087354
535087354
535087354
535087354
535087354
535087354
535087354
535087354
535087354
535087354
535087354
535087354
535087354
535087354
535087354
535087354
535087354
535087354
535087354
535087354
535087354
535087354
535087354
535087354
535087354
535087354
535087354
535087354
535087354
535087354
535087354
535087354
535087354
535087354
535087354
535087354
535087354
535087354
535087354
535087354
535087354
535087354
535087354
535087354
535087354
535087354
535087354
535087354
535087354
535087354
535087354
535087354
535087354
535087354
535087354
535087354
535087354
535087354
535087354
535087354
535087354
535087354
535087354
535087354
535087354
535087354
535087354
535087354
535087354
535087354
535087354
535087354
535087354
535087354
535087354
535087354
535087354
535087354
535087354
535087354
535087354
535087354
535087354
535087354
535087354
535087354
535087354
535087354
535087354
535087354
535087354
535087354
535087354
535087354
535087354
535087354
535087354
535087354
535087354
535087354
535087354
535087354
535087354
535087354
535087354
535087354
535087354
535087354
535087354
535087354
535087354
535087354
535087354
535087354
535087354
535087354
535087354
535087354
535087354
535087354
535087354
535087354
535087354
535087354
535087354
535087354
535087354
535087354
535087354
535087354
535087354
535087354
535087354
535087354
535087354
535087354
535087354
535087354
535087354
535087354
535087354
535087354
535087354
535087354
535087354
535087354
535087354
535087354
535087354
535087354
535087354
535087354
535087354
535087354
535087354
535087354
535087354
535087354
535087354
535087354
535087354
535087354
535087354
535087354
535087354
535087354
535087354
535087354
535087354
535087354
535087354
535087354
535087354
535087354
535087354
535087354
535087354
535087354
535087354
535087354
535087354
535087354
535087354
535087354
535087354
535087354
535087354
535087354
535087354
535087354
535087354
535087354
535087354
535087354
535087354
535087354
535087354
535087354
535087354
535087354
535087354
535087354
535087354
535087354
535087354
535087354
535087354
535087354
535087354
535087354
535087354
535087354
535087354
535087354
535087354
535087354
535087354
535087354
535087354
535087354
535087354
535087354
535087354
535087354
535087354
535087354
535087354
535087354
535087354
535087354
535087354
535087354
535087354
535087354
535087354
535087354
535087354
535087354
535087354
535087354
535087354
535087354
535087354
535087354
535087354
535087354
535087354
535087354
535087354
535087354
535087354
535087354
535087354
535087354
535087354
535087354
535087354
535087354
535087354
535087354
535087354
535087354
535087354
535087354
535087354
535087354
535087354
535087354
535087354
535087354
535087354
535087354
535087354
535087354
535087354
535087354
535087354
535087354
535087354
535087354
535087354
535087354
535087354
535087354
535087354
535087354
535087354
535087354
535087354
535087354
535087354
535087354
535087354
535087354
535087354
535087354
535087354
535087354
535087354
535087354
535087354
535087354
535087354
535087354
535087354
535087354
535087354
535087354
535087354
535087354
535087354
535087354
535087354
535087354
535087354
535087354
535087354
535087354
535087354
535087354
535087354
535087354
535087354
535087354
535087354
535087354
535087354
535087354
535087354
535087354
535087354
535087354
535087354
535087354
535087354
535087354
535087354
535087354
535087354
535087354
535087354
535087354
535087354
535087354
535087354
535087354
535087354
535087354
535087354
535087354
535087354
535087354
535087354
535087354
535087354
535087354
535087354
535087354
535087354
535087354
535087354
535087354
535087354
535087354
535087354
535087354
535087354
535087354
535087354
535087354
535087354
535087354
535087354
535087354
535087354
535087354
535087354
535087354
535087354
535087354
535087354
535087354
535087354
535087354
535087354
535087354
535087354
535087354
535087354
535087354
535087354
535087354
535087354
535087354
535087354
535087354
535087354
535087354
535087354
535087354
535087354
535087354
535087354
535087354
535087354
535087354
535087354
535087354
535087354
535087354
535087354
535087354
535087354
535087354
535087354
535087354
535087354
535087354
535087354
535087354
535087354
535087354
535087354
535087354
535087354
535087354
535087354
535087354
535087354
535087354
535087354
535087354
535087354
535087354
535087354
535087354
535087354
535087354
535087354
535087354
535087354
535087354
535087354
535087354
535087354
535087354
535087354
535087354
535087354
535087354
535087354
535087354
535087354
535087354
535087354
535087354
535087354
535087354
535087354
535087354
535087354
535087354
535087354
535087354
535087354
535087354
535087354
535087354
535087354
535087354
535087354
535087354
535087354
535087354
535087354
535087354
535087354
535087354
535087354
535087354
535087354
535087354
535087354
535087354
535087354
535087354
535087354
535087354
535087354
535087354
535087354
535087354
535087354
535087354
535087354
535087354
535087354
535087354
535087354
535087354
535087354
535087354
535087354
535087354
535087354
535087354
535087354
535087354
535087354
535087354
535087354
535087354
535087354
535087354
535087354
535087354
535087354
535087354
535087354
535087354
535087354
535087354
535087354
535087354
535087354
535087354
535087354
535087354
535087354
535087354
535087354
535087354
535087354
535087354
535087354
535087354
535087354
535087354
535087354
535087354
535087354
535087354
535087354
535087354
535087354
535087354
535087354
535087354
535087354
535087354
535087354
535087354
535087354
535087354
535087354
535087354
535087354
535087354
535087354
535087354
535087354
535087354
535087354
535087354
535087354
535087354
535087354
535087354
535087354
535087354
535087354
535087354
535087354
535087354
535087354
535087354
535087354
535087354
535087354
535087354
535087354
535087354
535087354
535087354
535087354
535087354
535087354
535087354
535087354
535087354
535087354
535087354
535087354
535087354
535087354
535087354
535087354
535087354
535087354
535087354
535087354
535087354
535087354
535087354
535087354
535087354
535087354
535087354
535087354
535087354
535087354
535087354
535087354
535087354
535087354
535087354
535087354
535087354
535087354
535087354
535087354
535087354
535087354
535087354
535087354
535087354
535087354
535087354
535087354
535087354
535087354
535087354
535087354
535087354
535087354
535087354
535087354
535087354
535087354
535087354
535087354
535087354
535087354
535087354
535087354
535087354
535087354
535087354
535087354
535087354
535087354
535087354
535087354
535087354
535087354
535087354
535087354
535087354
535087354
535087354
535087354
535087354
535087354
535087354
535087354
535087354
535087354
535087354
535087354
535087354
535087354
535087354
535087354
535087354
535087354
535087354
535087354
535087354
535087354
535087354
535087354
535087354
535087354
535087354
535087354
535087354
535087354
535087354
535087354
535087354
535087354
535087354
535087354
535087354
535087354
535087354
535087354
535087354
535087354
535087354
535087354
535087354
535087354
535087354
535087354
535087354
535087354
535087354
535087354
535087354
535087354
535087354
535087354
535087354
535087354
535087354
535087354
535087354
535087354
535087354
535087354
535087354
535087354
535087354
535087354
535087354
535087354
535087354
535087354
535087354
535087354
535087354
535087354
535087354
535087354
535087354
535087354
535087354
535087354
535087354
535087354
535087354
535087354
535087354
535087354
535087354
535087354
535087354
535087354
535087354
535087354
535087354
535087354
535087354
535087354
535087354
535087354
535087354
535087354
535087354
535087354
535087354
535087354
535087354
535087354
535087354
535087354
535087354
535087354
535087354
535087354
535087354
535087354
535087354
535087354
535087354
535087354
535087354
535087354
535087354
535087354
535087354
535087354
535087354
535087354
535087354
535087354
535087354
535087354
535087354
535087354
535087354
535087354
535087354
535087354
535087354
535087354
535087354
535087354
535087354
535087354
535087354
535087354
535087354
535087354
535087354
535087354
535087354
535087354
535087354
535087354
535087354
535087354
535087354
535087354
535087354
535087354
535087354
535087354
535087354
535087354
535087354
535087354
535087354
535087354
535087354
535087354
535087354
535087354
535087354
535087354
535087354
535087354
535087354
535087354
535087354
535087354
535087354
535087354
535087354
535087354
535087354
535087354
535087354
535087354
535087354
535087354
535087354
535087354
535087354
535087354
535087354
535087354
535087354
535087354
535087354
535087354
535087354
535087354
535087354
535087354
535087354
535087354
535087354
535087354
535087354
535087354
535087354
535087354
535087354
535087354
535087354
535087354
535087354
535087354
535087354
535087354
535087354
535087354
535087354
535087354
535087354
535087354
535087354
535087354
535087354
535087354
535087354
535087354
535087354
535087354
535087354
535087354
535087354
535087354
535087354
535087354
535087354
535087354
535087354
535087354
535087354
535087354
535087354
535087354
535087354
535087354
535087354
535087354
535087354
535087354
535087354
535087354
535087354
535087354
535087354
535087354
535087354
535087354
535087354
535087354
535087354
535087354
535087354
535087354
535087354
535087354
535087354
535087354
535087354
535087354
535087354
535087354
535087354
535087354
535087354
535087354
535087354
535087354
535087354
535087354
535087354
535087354
535087354
535087354
535087354
535087354
535087354
535087354
535087354
535087354
535087354
535087354
535087354
535087354
535087354
535087354
535087354
535087354
535087354
535087354
535087354
535087354
535087354
535087354
535087354
535087354
535087354
535087354
535087354
535087354
535087354
535087354
535087354
535087354
535087354
535087354
535087354
535087354
535087354
535087354
535087354
535087354
535087354
535087354
535087354
535087354
535087354
535087354
535087354
535087354
535087354
535087354
535087354
535087354
535087354
535087354
535087354
535087354
535087354
535087354
535087354
535087354
535087354
535087354
535087354
535087354
535087354
535087354
535087354
535087354
535087354
535087354
535087354
535087354
535087354
535087354
535087354
535087354
535087354
535087354
535087354
535087354
535087354
535087354
535087354
535087354
535087354
535087354
535087354
535087354
535087354
535087354
535087354
535087354
535087354
535087354
535087354
535087354
535087354
535087354
535087354
535087354
535087354
535087354
535087354
535087354
535087354
535087354
535087354
535087354
535087354
535087354
535087354
535087354
535087354
535087354
535087354
535087354
535087354
535087354
535087354
535087354
535087354
535087354
535087354
535087354
535087354
535087354
535087354
535087354
535087354
535087354
535087354
535087354
535087354
535087354
535087354
535087354
535087354
535087354
535087354
535087354
535087354
535087354
535087354
535087354
535087354
535087354
535087354
535087354
535087354
535087354
535087354
535087354
535087354
535087354
535087354
535087354
535087354
535087354
535087354
535087354
535087354
535087354
535087354
535087354
535087354
535087354
535087354
535087354
535087354
535087354
535087354
535087354
535087354
535087354
535087354
535087354
535087354
535087354
535087354
535087354
535087354
535087354
535087354
535087354
535087354
535087354
535087354
535087354
535087354
535087354
535087354
535087354
535087354
535087354
535087354
535087354
535087354
535087354
535087354
535087354
535087354
535087354
535087354
535087354
535087354
535087354
535087354
535087354
535087354
535087354
535087354
535087354
535087354
535087354
535087354
535087354
535087354
535087354
535087354
535087354
535087354
535087354
535087354
535087354
535087354
535087354
535087354
535087354
535087354
535087354
535087354
535087354
535087354
535087354
535087354
535087354
535087354
535087354
535087354
535087354
535087354
535087354
535087354
535087354
535087354
535087354
535087354
535087354
535087354
535087354
535087354
535087354
535087354
535087354
535087354
535087354
535087354
535087354
535087354
535087354
535087354
535087354
535087354
535087354
535087354
535087354
535087354
535087354
535087354
535087354
535087354
535087354
535087354
535087354
535087354
535087354
535087354
535087354
535087354
535087354
535087354
535087354
535087354
535087354
535087354
535087354
535087354
535087354
535087354
535087354
535087354
535087354
535087354
535087354
535087354
535087354
535087354
535087354
535087354
535087354
535087354
535087354
535087354
535087354
535087354
535087354
535087354
535087354
535087354
535087354
535087354
535087354
535087354
535087354
535087354
535087354
535087354
535087354
535087354
535087354
535087354
535087354
535087354
535087354
535087354
535087354
535087354
535087354
535087354
535087354
535087354
535087354
535087354
535087354
535087354
535087354
535087354
535087354
535087354
535087354
535087354
535087354
535087354
535087354
535087354
535087354
535087354
535087354
535087354
535087354
535087354
535087354
535087354
535087354
535087354
535087354
535087354
535087354
535087354
535087354
535087354
535087354
535087354
535087354
535087354
535087354
535087354
535087354
535087354
535087354
535087354
535087354
535087354
535087354
535087354
535087354
535087354
535087354
535087354
535087354
535087354
535087354
535087354
535087354
535087354
535087354
535087354
535087354
535087354
535087354
535087354
535087354
535087354
535087354
535087354
535087354
535087354
535087354
535087354
535087354
535087354
535087354
535087354
535087354
535087354
535087354
535087354
535087354
535087354
535087354
535087354
535087354
535087354
535087354
535087354
535087354
535087354
535087354
535087354
535087354
535087354
535087354
535087354
535087354
535087354
535087354
535087354
535087354
535087354
535087354
535087354
535087354
535087354
535087354
535087354
535087354
535087354
535087354
535087354
535087354
535087354
535087354
535087354
535087354
535087354
535087354
535087354
535087354
535087354
535087354
535087354
535087354
535087354
535087354
535087354
535087354
535087354
535087354
535087354
535087354
535087354
535087354
535087354
535087354
535087354
535087354
535087354
535087354
535087354
535087354
535087354
535087354
535087354
535087354
535087354
535087354
535087354
535087354
535087354
535087354
535087354
535087354
535087354
535087354
535087354
535087354
535087354
535087354
535087354
535087354
535087354
535087354
535087354
535087354
535087354
535087354
535087354
535087354
535087354
535087354
535087354
535087354
535087354
535087354
535087354
535087354
535087354
535087354
535087354
535087354
535087354
535087354
535087354
535087354
535087354
535087354
535087354
535087354
535087354
535087354
535087354
535087354
535087354
535087354
535087354
535087354
535087354
535087354
535087354
535087354
535087354
535087354
535087354
535087354
535087354
535087354
535087354
535087354
535087354
535087354
535087354
535087354
535087354
535087354
535087354
535087354
535087354
535087354
535087354
535087354
535087354
535087354
535087354
535087354
535087354
535087354
535087354
535087354
535087354
535087354
535087354
535087354
535087354
535087354
535087354
535087354
535087354
535087354
535087354
535087354
535087354
535087354
535087354
535087354
535087354
535087354
535087354
535087354
535087354
535087354
535087354
535087354
535087354
535087354
535087354
535087354
535087354
535087354
535087354
535087354
535087354
535087354
535087354
535087354
535087354
535087354
535087354
535087354
535087354
535087354
535087354
535087354
535087354
535087354
535087354
535087354
535087354
535087354
535087354
535087354
535087354
535087354
535087354
535087354
535087354
535087354
535087354
535087354
535087354
535087354
535087354
535087354
535087354
535087354
535087354
535087354
535087354
535087354
535087354
535087354
535087354
535087354
535087354
535087354
535087354
535087354
535087354
535087354
535087354
535087354
535087354
535087354
535087354
535087354
535087354
535087354
535087354
535087354
535087354
535087354
535087354
535087354
535087354
535087354
535087354
535087354
535087354
535087354
535087354
535087354
535087354
535087354
535087354
535087354
535087354
535087354
535087354
535087354
535087354
535087354
535087354
535087354
535087354
535087354
535087354
535087354
535087354
535087354
535087354
535087354
535087354
535087354
535087354
535087354
535087354
535087354
535087354
535087354
535087354
535087354
535087354
535087354
535087354
535087354
535087354
535087354
535087354
535087354
535087354
535087354
535087354
535087354
535087354
535087354
535087354
535087354
535087354
535087354
535087354
535087354
535087354
535087354
535087354
535087354
535087354
535087354
535087354
535087354
535087354
535087354
