920510632
871720733
223765388
2073445
350215406
421511111
292412740
76952155
297904880
415199992
407573843
134121048
791901422
315602078
352470532
238587555
492202508
792858622
397659306
703162584
515611153
298355181
720423859
456156222
436843247
285741913
278584377
675099880
318945208
896587443
577701993
927584225
292283315
513012080
972919703
356987997
723447336
785838491
128876378
94020717
794409981
437535250
854432966
89178709
674541919
364780581
292433731
734053865
836166725
195024912
437423097
367829474
926437285
722961135
99695038
618378127
65635876
280941487
351812210
603631707
215733246
342557340
622334684
262711563
669538068
814000064
438385971
660250581
589684700
576724249
221081445
567203015
806292983
13767153
434372664
756929340
579548463
835394324
777321806
960243472
350810430
727270598
299893606
542420208
698653698
354452335
528926271
464944670
63580609
631222665
475554753
997811558
134283547
233233813
36152419
56593462
188767593
456252384
809879469
837147536
203236229
964228225
983908632
893358448
985586635
682462387
336353803
162403419
548740297
758874298
584139521
975950091
115912632
89047697
95142210
660839743
846171631
552396643
168728528
810576265
565248597
69284866
884521919
747493777
787618769
579750836
422862697
828149717
259505146
423133127
480266226
964000793
288751536
696647177
398439627
608126701
941750387
418964618
674532563
98213086
837391341
453340424
729718858
743224392
329396612
217709373
146745615
982303384
960665282
145324186
502625031
267778111
396627863
427088409
548576130
775441020
325843880
500750572
769932205
758119161
656602750
198706152
517632287
568724590
351957067
330671000
929843001
37478186
132048125
130518208
235446184
361567846
290971083
39443663
317451363
46189988
53452724
203426052
243951002
982122801
999474560
593691440
234928933
597139417
999201779
57181007
361209425
551708720
499452874
7424136
289326902
241818254
252692135
587098221
230714994
519380105
395892146
670579015
285240367
323450248
320610548
965241855
208625325
791267718
910163781
226438491
539013806
799703349
726050958
632006289
311387470
230817717
364364589
233238062
554600282
250241254
296938109
321534093
460446955
292552974
430829578
567593965
484696266
759514597
990182562
133646773
297612476
870189015
747580582
303555199
932043918
362636391
850105849
711163407
53650454
881062570
660346266
886936067
959301648
869508259
46312738
382884606
898997478
62770927
23482435
283704287
345938672
852167375
633929427
348807052
589285323
613189728
915996891
391610425
511037855
149538752
512281150
84181899
413859381
33585946
684718182
180287214
349017820
777476327
23206939
287514491
745642776
757354359
256758861
812821832
129891303
131878211
194353241
432426326
268504309
464016088
667202184
633808368
17030051
347122244
305670782
90333603
728242411
943265896
595634228
786430429
454868184
575173702
941305552
713189923
772530816
613646959
194032481
671678037
228797582
445963207
251303445
69295076
996535925
211220354
639773793
740647259
791159764
367714480
750864102
892768837
824950150
438479312
494470468
739709370
952450033
38400205
453939383
712519390
941547580
358154241
649433017
578748997
494756656
826169323
899889100
435293881
788410014
119963021
881352584
7491441
175865768
462824827
194093636
499451641
303291056
789769070
489013559
890828293
537970386
241290541
329413225
872122265
963825402
575184270
885000151
811105644
750043230
372962733
189895000
91948686
772360160
648561405
228307070
637264771
404697666
320845396
94253333
935418652
970917688
373216784
613960508
142363175
953519193
636653678
294427215
713090104
918304886
713998738
447582211
92925873
300823145
834526383
195161763
860186323
704745072
255195549
712984948
665603999
578461698
156774836
738859237
330524170
491552553
247195151
341954290
185129946
211014349
939108441
371030428
184834178
133373544
723098959
615495641
802065933
266435167
132052880
769657970
622318194
826859884
381418577
415231813
893976290
936882808
771779526
844786589
562552233
187841037
716634020
827393908
300388811
557047947
514336305
565178764
462271675
612055600
169780901
72021656
534310758
471531105
434550151
780972565
363746984
341568936
144109455
273759639
856550379
926561880
346199662
254498675
77295210
290236693
851605011
9429730
194204563
107127880
864050296
271680298
847718843
414090266
700283708
549196648
437030635
488908740
765290931
562646716
203390923
863984216
917768803
438709782
830701791
322713408
338639869
442478448
818225285
487865972
236360926
31415574
872519481
343410425
647130705
992027728
647590498
123539114
996704861
280706372
422231522
679503844
505046744
459767751
135348392
560804074
420420023
791795703
918332222
607409102
885117535
522279192
409580447
459581983
301221229
287920369
140153392
972452845
902093192
998017906
929777591
971271117
949164467
761395774
881463320
95151364
920041197
779520952
82409521
142456249
993608976
833300006
862024000
674039512
15890663
398164968
245937162
862486717
973231282
640887664
386666329
556553153
483838078
787866275
372997818
745591825
240430626
376102888
945540913
597577404
649414965
987092863
985100136
139667007
557712367
788340792
700597900
156054072
720802438
291681085
375096509
569269961
97313890
593669015
546965980
582580702
756833437
763188986
605111391
835236329
244218313
771162603
437552531
574174141
125746827
600891612
973579087
933756930
618293460
273585984
776732081
601283496
125958096
107637551
885499359
881874162
168884298
638771263
567847202
589270919
859590443
442602576
421669017
334781939
938945476
450531279
710306182
127790399
391964108
750260576
161041506
10087640
716047536
258960032
656691059
699214191
682738544
211672310
131387966
284264398
758476551
685311149
616917717
350541207
623372476
341410001
901050000
730014047
294947787
690229536
835271456
932631299
633425039
585963471
356017710
652500388
358661686
917061123
976086813
823704172
326241420
611987258
248591693
195645014
318539131
311454260
357496272
428299154
357792783
678429020
133954568
176973027
227120168
827089475
838638404
84466867
894264237
159246042
955089312
63522326
944045352
332940599
61833849
792944592
180221353
493785609
993893658
781085108
150331216
980629413
761230641
260717190
25017336
241190215
825628149
443275485
493453908
76311566
992983001
241300013
578500962
394198826
43288407
319301943
970603416
619186283
51552707
690271456
455154767
858920721
91788602
182764346
353154161
731704601
4636077
374844849
921051113
802042617
776915883
424711976
887223316
272208995
959758690
552503001
212054175
175905753
423018210
737086501
743847398
281707147
482805947
683331016
831358231
482247026
936323051
57523973
545348686
178087625
854317057
267083208
470312165
841062007
350072364
421002971
47548666
825533894
790650667
326976607
891268385
241302356
82680307
433252835
66457750
459574794
299265731
990320249
380277398
355520097
972393889
438773691
317368575
256449133
950306143
370363012
490443539
71641578
771217971
756534921
519505732
717535494
991597821
373644767
95924249
930646296
818932790
194673423
561871283
255996848
113973638
818468138
949383961
281861669
371307881
445682817
830726725
762776214
722709097
893205078
236731124
274817248
421965078
747547292
170977723
833387169
390846568
900979017
924282219
16461408
293692463
199037235
532525909
349572864
191544508
147072382
496187696
373625188
927698120
826480288
726563212
743382514
972990842
550892036
364082856
614191664
592613542
590633218
348262672
798685646
673309614
559087029
102257864
664468949
358289001
133033413
315054754
686338702
950293743
87704349
828279615
344072660
433860406
461271772
44981345
448159299
277619962
203090091
78370025
552065564
64094304
138906502
606033533
562153615
760847418
71320040
485935012
110532258
704117613
687604485
483497155
701141898
59397751
688753650
83976721
878661099
743511435
685770022
112398450
580953623
572722777
147474531
533988559
388819756
710004104
74021175
360565152
683715855
112900065
52277737
840101997
883986542
573189178
944744709
580716097
605744524
396584351
698769673
489574295
509317013
2855063
51930053
866544940
445164737
760580631
250520308
771529407
534516910
562881344
598732289
131971138
596983953
411507493
51282180
754543828
562010970
943729967
69843452
253357247
651652513
195462201
408234428
254583827
186473080
422866097
92655066
694293404
76405790
397891400
620610706
888500384
194719887
510496239
891720493
287880186
365646600
457859455
319086973
546037742
5840236
656457450
107214762
806318880
500108766
383887950
662507266
527924970
514046408
256925016
824112362
750992628
816252545
341104421
299866037
139682650
496907705
618354619
335017385
783634607
769209591
995128818
881590906
914108297
942291524
929853033
537210280
701090037
573871296
796708272
890487559
465144798
848478066
441501333
873010833
143833204
298242925
775534672
760237165
826442710
370429555
863599096
3938265
10845921
179554269
860740100
791767212
413257412
805332942
181739212
573221300
749793447
56798811
980019102
835863350
79227704
690753914
314861851
138027510
638562920
764610955
911823800
355655818
411447077
792141570
672513747
833797450
663160713
105327538
402155063
679544686
33286715
511033807
27535772
999311598
253717078
60007486
936485639
524745536
133937365
123671020
664143158
738386762
84771363
906092084
167595987
254850553
158047392
251773687
628536593
965260718
744659720
486053113
585201380
339238282
375624172
463949851
633020301
416822024
286510368
59653509
543152944
183305638
116425048
526977670
922299009
247433943
166583197
415420818
977506221
717479587
938874052
220900908
678673597
257024130
908023320
884279825
524328468
949321357
749389643
71063248
569753930
792735404
934711561
87450816
214310114
881443353
459947820
746673750
70580619
95155706
2055934
155421350
359228681
222127688
194435482
546633962
752403469
723248179
571179668
958873992
770293814
647218742
490603634
221787029
368537028
616512161
183264689
243710256
851923422
640563685
289881795
169011565
472299314
728517310
337338018
357626177
62983035
561473386
233339644
238639343
206086098
225966750
562548798
140900871
184242133
752050790
699541621
432221972
83164781
765614632
461333268
595247968
573898386
243141406
199919529
1211786
308670005
846173943
115821402
305453640
725981361
567344450
299959673
861286791
965372189
918723279
509376501
494656873
291621120
930393702
976700456
342091898
890230838
952833783
815304835
559737532
529267041
578094059
89507503
844532934
284743732
949583453
34790170
423797540
728193431
462388946
340786470
317942572
803739323
74766285
374833197
506881647
326064053
623204531
477121215
876729731
66025736
617342998
585518310
131373165
368213612
545122886
971129264
325359707
438722817
192348166
998366357
560928514
967377691
34677378
124298133
658950861
396832890
988365788
877524016
963716338
197382361
467869884
797331533
286504854
334188650
930504575
794243756
454942755
159871191
145112606
96265193
522643799
426956098
997094614
179117249
954699466
982617684
206527743
468343283
546581872
391125420
242126564
895627096
600475164
926734196
918445161
640808431
538867889
162404717
817700874
636799783
583570804
461208645
404238726
498938038
688009191
729323310
835518072
297858264
779458496
311728082
145452012
643860599
720776443
967094075
807087149
698399668
219093992
585700418
559207703
873261762
248949269
415436200
758770643
76183081
998139592
831116387
428324136
266310380
63068116
774743010
426916281
344768603
509298489
636255256
130853393
760397348
244971535
261725583
309910162
403125256
636530490
503813709
387380042
258420707
411220478
686607572
205847130
334505030
133555532
475511439
471557416
35493835
144928832
657590649
699538448
133096360
569955996
380514460
845722540
284880755
168278326
348909266
166911655
520163937
681570769
276440984
240594959
836113690
463933418
133737425
639590776
712701211
732561344
493580431
778017698
704918621
687549727
285527620
8427854
182389517
559368276
564083135
556956194
687608825
694817109
869469179
545277925
986700019
879962664
922563358
78233798
867181075
707492754
941720506
77679618
355389196
495891743
806364283
167201891
377937540
150470563
570305574
553813521
757782401
902498592
345752399
506633824
810141819
797320716
595076747
909572501
227047046
531248682
285129431
307061610
506465927
93710619
870347640
916141311
807554213
399362100
798457844
261532175
178406629
154801663
95597215
594097488
917231771
263645417
137887624
644919209
64765807
275236734
395946168
378889707
351900211
118699236
294264323
327244131
69246143
344161696
235637100
819409043
545876906
10316451
362191203
632847709
732225004
60534285
212957520
873594774
64856007
87281605
203886101
929065363
67264690
72417462
6039383
333786169
640973130
846755784
633045725
92669060
783825561
714464541
991839065
377485452
204976838
316356555
665768238
255417916
440284401
640477704
514207895
96305728
691310505
849408027
567462330
408062183
63472488
643443668
981783817
831600714
912392053
572429274
335579059
64685496
946065099
382578180
717622449
458284763
738333752
601154327
788257760
792940541
651823300
394631606
802303770
712989647
731492914
396058264
656734879
4878482
566517044
632329990
627234555
239136522
77845320
444136745
589134387
827729894
80023165
3338761
687648502
872304131
53319603
380783647
286929133
845255192
141103089
846376387
266141051
439357272
412337051
833725898
649132969
527031942
157918343
497163743
437433387
40320310
62440909
909115854
295589999
136881021
323599829
556406536
498570379
422081891
293491117
357327410
736695543
885887841
719362162
904914694
188127934
720194545
98359353
465373437
88710199
151816990
29393821
704167614
251261612
759887684
776559662
75854380
649291503
220902697
135716128
399538126
82772912
386484100
200116102
765692222
964339296
764546593
932882841
114674702
435981691
201856266
396626742
201608436
739675980
113438184
589773761
348747852
867345872
580487217
584209479
214752313
82517128
701202175
694518375
118803356
636693940
439304113
298151074
957545037
43048880
819218401
49534436
301789734
376443831
640649715
84397625
541979735
371220306
538447634
675303278
211671463
53385384
507389016
279358389
326868257
895243623
520521167
526107556
584158156
990142269
748909383
976648627
831753025
508035570
244459435
156493123
751651105
704640366
820284255
266558524
454013199
609220324
481334309
335901020
223851645
801613048
548174239
972705581
609386615
155469540
624408312
929632925
9119828
56837952
725944448
531179908
87079698
421483788
331483584
497056481
273285654
163300153
362103931
999989798
594059797
310132678
256875939
248529530
443966625
512238800
665571343
522658130
845664259
781524126
925622295
775541674
762674860
23210602
159648350
697076125
965728787
546716108
698687874
49954049
159097733
510268061
372309903
134065274
402871778
307742221
48459829
838940914
228297727
903655465
736033442
295573524
837282329
696567135
617172027
623533731
967557543
310916455
496109883
159887093
535939775
773834503
641150995
687006215
803671166
306971599
18019915
707543194
456208118
824067906
686105256
817831086
972246472
591400348
540185427
111276922
395496708
738888128
602028066
63638951
511842171
895757035
274169683
988815181
339539316
333963494
299748962
423641240
322924096
629139502
480891160
224893713
305089621
700609038
31833034
278960217
273888562
991187581
566688732
100777253
491977685
766551132
952045025
395110157
217044910
197489606
791021347
986271985
756000688
20387664
763187869
447500215
649543776
679106394
985829724
6883012
664546655
981804185
726774612
609591771
183369042
230968268
385481005
301387252
533046717
351472542
459812388
78402700
93686120
133517562
239727854
516479710
452579877
448637252
42485885
688858989
594600183
682090233
561613925
69906380
416383993
441549551
845309529
414857882
511984963
145303730
535920512
880639784
284287087
442315352
431659019
463073911
767568719
222325284
757850831
193733980
997924412
557271564
186873199
88412677
44768750
621683057
875224621
846341270
16820297
128893091
291723682
640390286
848552433
835327656
114485055
122194385
319789121
277719889
831312497
329227267
9487255
34939946
870356342
89394428
451723334
549551095
237221666
820305178
106758520
282162236
458846952
671466865
9595693
963910157
757568471
524621408
531703693
568419397
697898731
557533250
916609023
751381842
547959747
803342353
167706681
958584289
15701184
182943184
781776539
959222227
118671346
690630054
857738262
503399138
705634567
310833742
710867566
267340118
542698286
517691840
646636395
663746799
376224806
924100290
133057561
514696501
410249005
719224917
396418250
909487903
739785004
298507638
901444172
393935293
707119461
983362185
106021537
30900822
469828267
106982144
378189085
355555875
370407937
238672536
671504084
570483211
866141396
60447622
761048856
650207783
240151993
26890088
608612888
197431748
772335471
814338430
667504452
307467255
410854047
551004397
7728281
234562121
437889317
783909562
413467673
504710011
731365511
359472806
344793663
242138440
500521069
531954663
954798512
818538466
141278905
345918004
614752380
545576372
69566029
248713681
567983239
124486148
965671159
402589285
896488136
96327875
44324747
917196788
836213615
465836590
522124478
563154823
150698238
731941391
865770937
645270080
143551461
165814605
248091096
710067755
8859642
326467019
174586097
111995618
199872583
401457715
769135561
631316360
604938321
806533353
639426339
646377833
260359744
359198869
743714553
340191245
55950244
944116851
809314116
21303905
319824594
961991529
107013065
438506939
422043386
259625223
531175836
260207220
458219549
266649974
913096596
988160145
107951515
774887249
758357162
399787992
286486994
408710097
421515273
774809518
170872506
213956256
84175164
117582176
701195775
827891314
732092671
555832841
977114542
228295322
80862490
763547182
653157829
186603880
142266331
625089633
242672623
739380229
581569485
413862281
174800040
260930635
88766928
274142243
288066490
485629130
982115389
637420925
353716885
200425106
909372927
463828219
463828219
463828219
463828219
463828219
463828219
463828219
463828219
463828219
463828219
463828219
463828219
463828219
463828219
463828219
463828219
463828219
463828219
463828219
463828219
463828219
463828219
463828219
463828219
463828219
463828219
463828219
463828219
463828219
463828219
463828219
463828219
463828219
463828219
463828219
463828219
463828219
463828219
463828219
463828219
463828219
463828219
463828219
463828219
463828219
463828219
463828219
463828219
463828219
463828219
463828219
463828219
463828219
463828219
463828219
463828219
463828219
463828219
463828219
463828219
463828219
463828219
463828219
463828219
463828219
463828219
463828219
463828219
463828219
463828219
463828219
463828219
463828219
463828219
463828219
463828219
463828219
463828219
463828219
463828219
463828219
463828219
463828219
463828219
463828219
463828219
463828219
463828219
463828219
463828219
463828219
463828219
463828219
463828219
463828219
463828219
463828219
463828219
463828219
463828219
463828219
463828219
463828219
463828219
463828219
463828219
463828219
463828219
463828219
463828219
463828219
463828219
463828219
463828219
463828219
463828219
463828219
463828219
463828219
463828219
463828219
463828219
463828219
463828219
463828219
463828219
463828219
463828219
463828219
463828219
463828219
463828219
463828219
463828219
463828219
463828219
463828219
463828219
463828219
463828219
463828219
463828219
463828219
463828219
463828219
463828219
463828219
463828219
463828219
463828219
463828219
463828219
463828219
463828219
463828219
463828219
463828219
463828219
463828219
463828219
463828219
463828219
463828219
463828219
463828219
463828219
463828219
463828219
463828219
463828219
463828219
463828219
463828219
463828219
463828219
463828219
463828219
463828219
463828219
463828219
463828219
463828219
463828219
463828219
463828219
463828219
463828219
463828219
463828219
463828219
463828219
463828219
463828219
463828219
463828219
463828219
463828219
463828219
463828219
463828219
463828219
463828219
463828219
463828219
463828219
463828219
463828219
463828219
463828219
463828219
463828219
463828219
463828219
463828219
463828219
463828219
463828219
463828219
463828219
463828219
463828219
463828219
463828219
463828219
463828219
463828219
463828219
463828219
463828219
463828219
463828219
463828219
463828219
463828219
463828219
463828219
463828219
463828219
463828219
463828219
463828219
463828219
463828219
463828219
463828219
463828219
463828219
463828219
463828219
463828219
463828219
463828219
463828219
463828219
463828219
463828219
463828219
463828219
463828219
463828219
463828219
463828219
463828219
463828219
463828219
463828219
463828219
463828219
463828219
463828219
463828219
463828219
463828219
463828219
463828219
463828219
463828219
463828219
463828219
463828219
463828219
463828219
463828219
463828219
463828219
463828219
463828219
463828219
463828219
463828219
463828219
463828219
463828219
463828219
463828219
463828219
463828219
463828219
463828219
463828219
463828219
463828219
463828219
463828219
463828219
463828219
463828219
463828219
463828219
463828219
463828219
463828219
463828219
463828219
463828219
463828219
463828219
463828219
463828219
463828219
463828219
463828219
463828219
463828219
463828219
463828219
463828219
463828219
463828219
463828219
463828219
463828219
463828219
463828219
463828219
463828219
463828219
463828219
463828219
463828219
463828219
463828219
463828219
463828219
463828219
463828219
463828219
463828219
463828219
463828219
463828219
463828219
463828219
463828219
463828219
463828219
463828219
463828219
463828219
463828219
463828219
463828219
463828219
463828219
463828219
463828219
463828219
463828219
463828219
463828219
463828219
463828219
463828219
463828219
463828219
463828219
463828219
463828219
463828219
463828219
463828219
463828219
463828219
463828219
463828219
463828219
463828219
463828219
463828219
463828219
463828219
463828219
463828219
463828219
463828219
463828219
463828219
463828219
463828219
463828219
463828219
463828219
463828219
463828219
463828219
463828219
463828219
463828219
463828219
463828219
463828219
463828219
463828219
463828219
463828219
463828219
463828219
463828219
463828219
463828219
463828219
463828219
463828219
463828219
463828219
463828219
463828219
463828219
463828219
463828219
463828219
463828219
463828219
463828219
463828219
463828219
463828219
463828219
463828219
463828219
463828219
463828219
463828219
463828219
463828219
463828219
463828219
463828219
463828219
463828219
463828219
463828219
463828219
463828219
463828219
463828219
463828219
463828219
463828219
463828219
463828219
463828219
463828219
463828219
463828219
463828219
463828219
463828219
463828219
463828219
463828219
463828219
463828219
463828219
463828219
463828219
463828219
463828219
463828219
463828219
463828219
463828219
463828219
463828219
463828219
463828219
463828219
463828219
463828219
463828219
463828219
463828219
463828219
463828219
463828219
463828219
463828219
463828219
463828219
463828219
463828219
463828219
463828219
463828219
463828219
463828219
463828219
463828219
463828219
463828219
463828219
463828219
463828219
463828219
463828219
463828219
463828219
463828219
463828219
463828219
463828219
463828219
463828219
463828219
463828219
463828219
463828219
463828219
463828219
463828219
463828219
463828219
463828219
463828219
463828219
463828219
463828219
463828219
463828219
463828219
463828219
463828219
463828219
463828219
463828219
463828219
463828219
463828219
463828219
463828219
463828219
463828219
463828219
463828219
463828219
463828219
463828219
463828219
463828219
463828219
463828219
463828219
463828219
463828219
463828219
463828219
463828219
463828219
463828219
463828219
463828219
463828219
463828219
463828219
463828219
463828219
463828219
463828219
463828219
463828219
463828219
463828219
463828219
463828219
463828219
463828219
463828219
463828219
463828219
463828219
463828219
463828219
463828219
463828219
463828219
463828219
463828219
463828219
463828219
463828219
463828219
463828219
463828219
463828219
463828219
463828219
463828219
463828219
463828219
463828219
463828219
463828219
463828219
463828219
463828219
463828219
463828219
463828219
463828219
463828219
463828219
463828219
463828219
463828219
463828219
463828219
463828219
463828219
463828219
463828219
463828219
463828219
463828219
463828219
463828219
463828219
463828219
463828219
463828219
463828219
463828219
463828219
463828219
463828219
463828219
463828219
463828219
463828219
463828219
463828219
463828219
463828219
463828219
463828219
463828219
463828219
463828219
463828219
463828219
463828219
463828219
463828219
463828219
463828219
463828219
463828219
463828219
463828219
463828219
463828219
463828219
463828219
463828219
463828219
463828219
463828219
463828219
463828219
463828219
463828219
463828219
463828219
463828219
463828219
463828219
463828219
463828219
463828219
463828219
463828219
463828219
463828219
463828219
463828219
463828219
463828219
463828219
463828219
463828219
463828219
463828219
463828219
463828219
463828219
463828219
463828219
463828219
463828219
463828219
463828219
463828219
463828219
463828219
463828219
463828219
463828219
463828219
463828219
463828219
463828219
463828219
463828219
463828219
463828219
463828219
463828219
463828219
463828219
463828219
463828219
463828219
463828219
463828219
463828219
463828219
463828219
463828219
463828219
463828219
463828219
463828219
463828219
463828219
463828219
463828219
463828219
463828219
463828219
463828219
463828219
463828219
463828219
463828219
463828219
463828219
463828219
463828219
463828219
463828219
463828219
463828219
463828219
463828219
463828219
463828219
463828219
463828219
463828219
463828219
463828219
463828219
463828219
463828219
463828219
463828219
463828219
463828219
463828219
463828219
463828219
463828219
463828219
463828219
463828219
463828219
463828219
463828219
463828219
463828219
463828219
463828219
463828219
463828219
463828219
463828219
463828219
463828219
463828219
463828219
463828219
463828219
463828219
463828219
463828219
463828219
463828219
463828219
463828219
463828219
463828219
463828219
463828219
463828219
463828219
463828219
463828219
463828219
463828219
463828219
463828219
463828219
463828219
463828219
463828219
463828219
463828219
463828219
463828219
463828219
463828219
463828219
463828219
463828219
463828219
463828219
463828219
463828219
463828219
463828219
463828219
463828219
463828219
463828219
463828219
463828219
463828219
463828219
463828219
463828219
463828219
463828219
463828219
463828219
463828219
463828219
463828219
463828219
463828219
463828219
463828219
463828219
463828219
463828219
463828219
463828219
463828219
463828219
463828219
463828219
463828219
463828219
463828219
463828219
463828219
463828219
463828219
463828219
463828219
463828219
463828219
463828219
463828219
463828219
463828219
463828219
463828219
463828219
463828219
463828219
463828219
463828219
463828219
463828219
463828219
463828219
463828219
463828219
463828219
463828219
463828219
463828219
463828219
463828219
463828219
463828219
463828219
463828219
463828219
463828219
463828219
463828219
463828219
463828219
463828219
463828219
463828219
463828219
463828219
463828219
463828219
463828219
463828219
463828219
463828219
463828219
463828219
463828219
463828219
463828219
463828219
463828219
463828219
463828219
463828219
463828219
463828219
463828219
463828219
463828219
463828219
463828219
463828219
463828219
463828219
463828219
463828219
463828219
463828219
463828219
463828219
463828219
463828219
463828219
463828219
463828219
463828219
463828219
463828219
463828219
463828219
463828219
463828219
463828219
463828219
463828219
463828219
463828219
463828219
463828219
463828219
463828219
463828219
463828219
463828219
463828219
463828219
463828219
463828219
463828219
463828219
463828219
463828219
463828219
463828219
463828219
463828219
463828219
463828219
463828219
463828219
463828219
463828219
463828219
463828219
463828219
463828219
463828219
463828219
463828219
463828219
463828219
463828219
463828219
463828219
463828219
463828219
463828219
463828219
463828219
463828219
463828219
463828219
463828219
463828219
463828219
463828219
463828219
463828219
463828219
463828219
463828219
463828219
463828219
463828219
463828219
463828219
463828219
463828219
463828219
463828219
463828219
463828219
463828219
463828219
463828219
463828219
463828219
463828219
463828219
463828219
463828219
463828219
463828219
463828219
463828219
463828219
463828219
463828219
463828219
463828219
463828219
463828219
463828219
463828219
463828219
463828219
463828219
463828219
463828219
463828219
463828219
463828219
463828219
463828219
463828219
463828219
463828219
463828219
463828219
463828219
463828219
463828219
463828219
463828219
463828219
463828219
463828219
463828219
463828219
463828219
463828219
463828219
463828219
463828219
463828219
463828219
463828219
463828219
463828219
463828219
463828219
463828219
463828219
463828219
463828219
463828219
463828219
463828219
463828219
463828219
463828219
463828219
463828219
463828219
463828219
463828219
463828219
463828219
463828219
463828219
463828219
463828219
463828219
463828219
463828219
463828219
463828219
463828219
463828219
463828219
463828219
463828219
463828219
463828219
463828219
463828219
463828219
463828219
463828219
463828219
463828219
463828219
463828219
463828219
463828219
463828219
463828219
463828219
463828219
463828219
463828219
463828219
463828219
463828219
463828219
463828219
463828219
463828219
463828219
463828219
463828219
463828219
463828219
463828219
463828219
463828219
463828219
463828219
463828219
463828219
463828219
463828219
463828219
463828219
463828219
463828219
463828219
463828219
463828219
463828219
463828219
463828219
463828219
463828219
463828219
463828219
463828219
463828219
463828219
463828219
463828219
463828219
463828219
463828219
463828219
463828219
463828219
463828219
463828219
463828219
463828219
463828219
463828219
463828219
463828219
463828219
463828219
463828219
463828219
463828219
463828219
463828219
463828219
463828219
463828219
463828219
463828219
463828219
463828219
463828219
463828219
463828219
463828219
463828219
463828219
463828219
463828219
463828219
463828219
463828219
463828219
463828219
463828219
463828219
463828219
463828219
463828219
463828219
463828219
463828219
463828219
463828219
463828219
463828219
463828219
463828219
463828219
463828219
463828219
463828219
463828219
463828219
463828219
463828219
463828219
463828219
463828219
463828219
463828219
463828219
463828219
463828219
463828219
463828219
463828219
463828219
463828219
463828219
463828219
463828219
463828219
463828219
463828219
463828219
463828219
463828219
463828219
463828219
463828219
463828219
463828219
463828219
463828219
463828219
463828219
463828219
463828219
463828219
463828219
463828219
463828219
463828219
463828219
463828219
463828219
463828219
463828219
463828219
463828219
463828219
463828219
463828219
463828219
463828219
463828219
463828219
463828219
463828219
463828219
463828219
463828219
463828219
463828219
463828219
463828219
463828219
463828219
463828219
463828219
463828219
463828219
463828219
463828219
463828219
463828219
463828219
463828219
463828219
463828219
463828219
463828219
463828219
463828219
463828219
463828219
463828219
463828219
463828219
463828219
463828219
463828219
463828219
463828219
463828219
463828219
463828219
463828219
463828219
463828219
463828219
463828219
463828219
463828219
463828219
463828219
463828219
463828219
463828219
463828219
463828219
463828219
463828219
463828219
463828219
463828219
463828219
463828219
463828219
463828219
463828219
463828219
463828219
463828219
463828219
463828219
463828219
463828219
463828219
463828219
463828219
463828219
463828219
463828219
463828219
463828219
463828219
463828219
463828219
463828219
463828219
463828219
463828219
463828219
463828219
463828219
463828219
463828219
463828219
463828219
463828219
463828219
463828219
463828219
463828219
463828219
463828219
463828219
463828219
463828219
463828219
463828219
463828219
463828219
463828219
463828219
463828219
463828219
463828219
463828219
463828219
463828219
463828219
463828219
463828219
463828219
463828219
463828219
463828219
463828219
463828219
463828219
463828219
463828219
463828219
463828219
463828219
463828219
463828219
463828219
463828219
463828219
463828219
463828219
463828219
463828219
463828219
463828219
463828219
463828219
463828219
463828219
463828219
463828219
463828219
463828219
463828219
463828219
463828219
463828219
463828219
463828219
463828219
463828219
463828219
463828219
463828219
463828219
463828219
463828219
463828219
463828219
463828219
463828219
463828219
463828219
463828219
463828219
463828219
463828219
463828219
463828219
463828219
463828219
463828219
463828219
463828219
463828219
463828219
463828219
463828219
463828219
463828219
463828219
463828219
463828219
463828219
463828219
463828219
463828219
463828219
463828219
463828219
463828219
463828219
463828219
463828219
463828219
463828219
463828219
463828219
463828219
463828219
463828219
463828219
463828219
463828219
463828219
463828219
463828219
463828219
463828219
463828219
463828219
463828219
463828219
463828219
463828219
463828219
463828219
463828219
463828219
463828219
463828219
463828219
463828219
463828219
463828219
463828219
463828219
463828219
463828219
463828219
463828219
463828219
463828219
463828219
463828219
463828219
463828219
463828219
463828219
463828219
463828219
463828219
463828219
463828219
463828219
463828219
463828219
463828219
463828219
463828219
463828219
463828219
463828219
463828219
463828219
463828219
463828219
463828219
463828219
463828219
463828219
463828219
463828219
463828219
463828219
463828219
463828219
463828219
463828219
463828219
463828219
463828219
463828219
463828219
463828219
463828219
463828219
463828219
463828219
463828219
463828219
463828219
463828219
463828219
463828219
463828219
463828219
463828219
463828219
463828219
463828219
463828219
463828219
463828219
463828219
463828219
463828219
463828219
463828219
463828219
463828219
463828219
463828219
463828219
463828219
463828219
463828219
463828219
463828219
463828219
463828219
463828219
463828219
463828219
463828219
463828219
463828219
463828219
463828219
463828219
463828219
463828219
463828219
463828219
463828219
463828219
463828219
463828219
463828219
463828219
463828219
463828219
463828219
463828219
463828219
463828219
463828219
463828219
463828219
463828219
463828219
463828219
463828219
463828219
463828219
463828219
463828219
463828219
463828219
463828219
463828219
463828219
463828219
463828219
463828219
463828219
463828219
463828219
463828219
463828219
463828219
463828219
463828219
463828219
463828219
463828219
463828219
463828219
463828219
463828219
463828219
463828219
463828219
463828219
463828219
463828219
463828219
463828219
463828219
463828219
463828219
463828219
463828219
463828219
463828219
463828219
463828219
463828219
463828219
463828219
463828219
463828219
463828219
463828219
463828219
463828219
463828219
463828219
463828219
463828219
463828219
463828219
463828219
463828219
463828219
463828219
463828219
463828219
463828219
463828219
463828219
463828219
463828219
463828219
463828219
463828219
463828219
463828219
463828219
463828219
463828219
463828219
463828219
463828219
463828219
463828219
463828219
463828219
463828219
463828219
463828219
463828219
463828219
463828219
463828219
463828219
463828219
463828219
463828219
463828219
463828219
463828219
463828219
463828219
463828219
463828219
463828219
463828219
463828219
463828219
463828219
463828219
463828219
463828219
463828219
463828219
463828219
463828219
463828219
463828219
463828219
463828219
463828219
463828219
463828219
463828219
463828219
463828219
463828219
463828219
463828219
463828219
463828219
463828219
463828219
463828219
463828219
463828219
463828219
463828219
463828219
463828219
463828219
463828219
463828219
463828219
463828219
463828219
463828219
463828219
463828219
463828219
463828219
463828219
463828219
463828219
463828219
463828219
463828219
463828219
463828219
463828219
463828219
463828219
463828219
463828219
463828219
463828219
463828219
463828219
463828219
463828219
463828219
463828219
463828219
463828219
463828219
463828219
463828219
463828219
463828219
463828219
463828219
463828219
463828219
463828219
463828219
463828219
463828219
463828219
463828219
463828219
463828219
463828219
463828219
463828219
463828219
463828219
463828219
463828219
463828219
463828219
463828219
463828219
463828219
463828219
463828219
463828219
463828219
463828219
463828219
463828219
463828219
463828219
463828219
463828219
463828219
463828219
463828219
463828219
463828219
463828219
463828219
463828219
463828219
463828219
463828219
463828219
463828219
463828219
463828219
463828219
463828219
463828219
463828219
463828219
463828219
463828219
463828219
463828219
463828219
463828219
463828219
463828219
463828219
463828219
463828219
463828219
463828219
463828219
463828219
463828219
463828219
463828219
463828219
463828219
463828219
463828219
463828219
463828219
463828219
463828219
463828219
463828219
463828219
463828219
463828219
463828219
463828219
463828219
463828219
463828219
463828219
463828219
463828219
463828219
463828219
463828219
463828219
463828219
463828219
463828219
463828219
463828219
463828219
463828219
463828219
463828219
463828219
463828219
463828219
463828219
463828219
463828219
463828219
463828219
463828219
463828219
463828219
463828219
463828219
463828219
463828219
463828219
463828219
463828219
463828219
463828219
463828219
463828219
463828219
463828219
463828219
463828219
463828219
463828219
463828219
463828219
463828219
463828219
463828219
463828219
463828219
463828219
463828219
463828219
463828219
463828219
463828219
463828219
463828219
463828219
463828219
463828219
463828219
463828219
463828219
463828219
463828219
463828219
463828219
463828219
463828219
463828219
463828219
463828219
463828219
463828219
463828219
463828219
463828219
463828219
463828219
463828219
463828219
463828219
463828219
463828219
463828219
463828219
463828219
463828219
463828219
463828219
463828219
463828219
463828219
463828219
463828219
463828219
463828219
463828219
463828219
463828219
463828219
463828219
463828219
463828219
463828219
463828219
463828219
463828219
463828219
463828219
463828219
463828219
463828219
463828219
463828219
463828219
463828219
463828219
463828219
463828219
463828219
463828219
463828219
463828219
463828219
463828219
463828219
463828219
463828219
463828219
463828219
463828219
463828219
463828219
463828219
463828219
463828219
463828219
463828219
463828219
463828219
463828219
463828219
463828219
463828219
463828219
463828219
463828219
463828219
463828219
463828219
463828219
463828219
463828219
463828219
463828219
463828219
463828219
463828219
463828219
463828219
463828219
463828219
463828219
463828219
463828219
463828219
463828219
463828219
463828219
463828219
463828219
463828219
463828219
463828219
463828219
463828219
463828219
463828219
463828219
463828219
463828219
463828219
463828219
463828219
463828219
463828219
463828219
463828219
463828219
463828219
463828219
463828219
463828219
463828219
463828219
463828219
463828219
463828219
463828219
463828219
463828219
463828219
463828219
463828219
463828219
463828219
463828219
463828219
463828219
463828219
463828219
463828219
463828219
463828219
463828219
463828219
463828219
463828219
463828219
463828219
463828219
463828219
463828219
463828219
463828219
463828219
463828219
463828219
463828219
463828219
463828219
463828219
463828219
463828219
463828219
463828219
463828219
463828219
463828219
463828219
463828219
463828219
463828219
463828219
463828219
463828219
463828219
463828219
463828219
463828219
463828219
463828219
463828219
463828219
463828219
463828219
463828219
463828219
463828219
463828219
463828219
463828219
463828219
463828219
463828219
463828219
463828219
463828219
463828219
463828219
463828219
463828219
463828219
463828219
463828219
463828219
463828219
463828219
463828219
463828219
463828219
463828219
463828219
463828219
463828219
463828219
463828219
463828219
463828219
463828219
463828219
463828219
463828219
463828219
463828219
463828219
463828219
463828219
463828219
463828219
463828219
463828219
463828219
463828219
463828219
463828219
463828219
463828219
463828219
463828219
463828219
463828219
463828219
463828219
463828219
463828219
463828219
463828219
463828219
463828219
463828219
463828219
463828219
463828219
463828219
463828219
463828219
463828219
463828219
463828219
463828219
463828219
463828219
463828219
463828219
463828219
463828219
463828219
463828219
463828219
463828219
463828219
463828219
463828219
463828219
463828219
463828219
463828219
463828219
463828219
463828219
463828219
463828219
463828219
463828219
463828219
463828219
463828219
463828219
463828219
463828219
463828219
463828219
463828219
463828219
463828219
463828219
463828219
463828219
463828219
463828219
463828219
463828219
463828219
463828219
463828219
463828219
463828219
463828219
463828219
463828219
463828219
463828219
463828219
463828219
463828219
463828219
463828219
463828219
463828219
463828219
463828219
463828219
463828219
463828219
463828219
463828219
463828219
463828219
463828219
463828219
463828219
463828219
463828219
463828219
463828219
463828219
463828219
463828219
463828219
463828219
463828219
463828219
463828219
463828219
463828219
463828219
463828219
463828219
463828219
463828219
463828219
463828219
463828219
463828219
463828219
463828219
463828219
463828219
463828219
463828219
463828219
463828219
463828219
463828219
463828219
463828219
463828219
463828219
463828219
463828219
463828219
463828219
463828219
463828219
463828219
463828219
463828219
463828219
463828219
463828219
463828219
463828219
463828219
463828219
463828219
463828219
463828219
463828219
463828219
463828219
463828219
463828219
463828219
463828219
463828219
463828219
463828219
463828219
463828219
463828219
463828219
463828219
463828219
463828219
463828219
463828219
463828219
463828219
463828219
463828219
463828219
463828219
463828219
463828219
463828219
463828219
463828219
463828219
463828219
463828219
463828219
463828219
463828219
463828219
463828219
463828219
463828219
463828219
463828219
463828219
463828219
463828219
463828219
463828219
463828219
463828219
463828219
463828219
463828219
463828219
463828219
463828219
463828219
463828219
463828219
463828219
463828219
463828219
463828219
463828219
463828219
463828219
463828219
463828219
463828219
463828219
463828219
463828219
463828219
463828219
463828219
463828219
463828219
463828219
463828219
463828219
463828219
463828219
463828219
463828219
463828219
463828219
463828219
463828219
463828219
463828219
463828219
463828219
463828219
463828219
463828219
463828219
463828219
463828219
463828219
463828219
463828219
463828219
463828219
463828219
463828219
463828219
463828219
463828219
463828219
463828219
463828219
463828219
463828219
463828219
463828219
463828219
463828219
463828219
463828219
463828219
463828219
463828219
463828219
463828219
463828219
463828219
463828219
463828219
463828219
463828219
463828219
463828219
463828219
463828219
463828219
463828219
463828219
463828219
463828219
463828219
463828219
463828219
463828219
463828219
463828219
463828219
463828219
463828219
463828219
463828219
463828219
463828219
463828219
463828219
463828219
463828219
463828219
463828219
463828219
463828219
463828219
463828219
463828219
463828219
463828219
463828219
463828219
463828219
463828219
463828219
463828219
463828219
463828219
463828219
463828219
463828219
463828219
463828219
463828219
463828219
463828219
463828219
463828219
463828219
463828219
463828219
463828219
463828219
463828219
463828219
463828219
463828219
463828219
463828219
463828219
463828219
463828219
463828219
463828219
463828219
463828219
463828219
463828219
463828219
463828219
463828219
463828219
463828219
463828219
463828219
463828219
463828219
463828219
463828219
463828219
463828219
463828219
463828219
463828219
463828219
463828219
463828219
463828219
463828219
463828219
463828219
463828219
463828219
463828219
463828219
463828219
463828219
463828219
463828219
463828219
463828219
463828219
463828219
463828219
463828219
463828219
463828219
463828219
463828219
463828219
463828219
463828219
463828219
463828219
463828219
463828219
463828219
463828219
463828219
463828219
463828219
463828219
463828219
463828219
463828219
463828219
463828219
463828219
463828219
463828219
463828219
463828219
463828219
463828219
463828219
463828219
463828219
463828219
463828219
463828219
463828219
463828219
463828219
463828219
463828219
463828219
463828219
463828219
463828219
463828219
463828219
463828219
463828219
463828219
463828219
463828219
463828219
463828219
463828219
463828219
463828219
463828219
463828219
463828219
463828219
463828219
463828219
463828219
463828219
463828219
463828219
463828219
463828219
463828219
463828219
463828219
463828219
463828219
463828219
463828219
463828219
463828219
463828219
463828219
463828219
463828219
463828219
463828219
463828219
463828219
463828219
463828219
463828219
463828219
463828219
463828219
463828219
463828219
463828219
463828219
463828219
463828219
463828219
463828219
463828219
463828219
463828219
463828219
463828219
463828219
463828219
463828219
463828219
463828219
463828219
463828219
463828219
463828219
463828219
463828219
463828219
463828219
463828219
463828219
463828219
463828219
463828219
463828219
463828219
463828219
463828219
463828219
463828219
463828219
463828219
463828219
463828219
463828219
463828219
463828219
463828219
463828219
463828219
463828219
463828219
463828219
463828219
463828219
463828219
463828219
463828219
463828219
463828219
463828219
463828219
463828219
463828219
463828219
463828219
463828219
463828219
463828219
463828219
463828219
463828219
463828219
463828219
463828219
463828219
463828219
463828219
463828219
463828219
463828219
463828219
463828219
463828219
463828219
463828219
463828219
463828219
463828219
463828219
463828219
463828219
463828219
463828219
463828219
463828219
463828219
463828219
463828219
463828219
463828219
463828219
463828219
463828219
463828219
463828219
463828219
463828219
463828219
463828219
463828219
463828219
463828219
463828219
463828219
463828219
463828219
463828219
463828219
463828219
463828219
463828219
463828219
463828219
463828219
463828219
463828219
463828219
463828219
463828219
463828219
463828219
463828219
463828219
463828219
463828219
463828219
463828219
463828219
463828219
463828219
463828219
463828219
463828219
463828219
463828219
463828219
463828219
463828219
463828219
463828219
463828219
463828219
463828219
463828219
463828219
463828219
463828219
463828219
463828219
463828219
463828219
463828219
463828219
463828219
463828219
463828219
463828219
463828219
463828219
463828219
463828219
463828219
463828219
463828219
463828219
463828219
463828219
463828219
463828219
463828219
463828219
463828219
463828219
463828219
463828219
463828219
463828219
463828219
463828219
463828219
463828219
463828219
463828219
463828219
463828219
463828219
463828219
463828219
463828219
463828219
463828219
463828219
463828219
463828219
463828219
463828219
463828219
463828219
463828219
463828219
463828219
463828219
463828219
463828219
463828219
463828219
463828219
463828219
463828219
463828219
463828219
463828219
463828219
463828219
463828219
463828219
463828219
463828219
463828219
463828219
463828219
463828219
463828219
463828219
463828219
463828219
463828219
463828219
463828219
463828219
463828219
463828219
463828219
463828219
463828219
463828219
463828219
463828219
463828219
463828219
463828219
463828219
463828219
463828219
463828219
463828219
463828219
463828219
463828219
463828219
463828219
463828219
463828219
463828219
463828219
463828219
463828219
463828219
463828219
463828219
463828219
463828219
463828219
463828219
463828219
463828219
463828219
463828219
463828219
463828219
463828219
463828219
463828219
463828219
463828219
463828219
463828219
463828219
463828219
463828219
463828219
463828219
463828219
463828219
463828219
463828219
463828219
463828219
463828219
463828219
463828219
463828219
463828219
463828219
463828219
463828219
463828219
463828219
463828219
463828219
463828219
463828219
463828219
463828219
463828219
463828219
463828219
463828219
463828219
463828219
463828219
463828219
463828219
463828219
463828219
463828219
463828219
463828219
463828219
463828219
463828219
463828219
463828219
463828219
463828219
463828219
463828219
463828219
463828219
463828219
463828219
463828219
463828219
463828219
463828219
463828219
463828219
463828219
463828219
463828219
463828219
463828219
463828219
463828219
463828219
463828219
463828219
463828219
463828219
463828219
463828219
463828219
463828219
463828219
463828219
463828219
463828219
463828219
463828219
463828219
463828219
463828219
463828219
463828219
463828219
463828219
463828219
463828219
463828219
463828219
463828219
463828219
463828219
463828219
463828219
463828219
463828219
463828219
463828219
463828219
463828219
463828219
463828219
463828219
463828219
463828219
463828219
463828219
463828219
463828219
463828219
463828219
463828219
463828219
463828219
463828219
463828219
463828219
463828219
463828219
463828219
463828219
463828219
463828219
463828219
463828219
463828219
463828219
463828219
463828219
463828219
463828219
463828219
463828219
463828219
463828219
463828219
463828219
463828219
463828219
463828219
463828219
463828219
463828219
463828219
463828219
463828219
463828219
463828219
463828219
463828219
463828219
463828219
463828219
463828219
463828219
463828219
463828219
463828219
463828219
463828219
463828219
463828219
463828219
463828219
463828219
463828219
463828219
463828219
463828219
463828219
463828219
463828219
463828219
463828219
463828219
463828219
463828219
463828219
463828219
463828219
463828219
463828219
463828219
463828219
463828219
463828219
463828219
463828219
463828219
463828219
463828219
463828219
463828219
463828219
463828219
463828219
463828219
463828219
463828219
463828219
463828219
463828219
463828219
463828219
463828219
463828219
463828219
463828219
463828219
463828219
463828219
463828219
463828219
463828219
463828219
463828219
463828219
463828219
463828219
463828219
463828219
463828219
463828219
463828219
463828219
463828219
463828219
463828219
463828219
463828219
463828219
463828219
463828219
463828219
463828219
463828219
463828219
463828219
463828219
463828219
463828219
463828219
463828219
463828219
463828219
463828219
463828219
463828219
463828219
463828219
463828219
463828219
463828219
463828219
463828219
463828219
463828219
463828219
463828219
463828219
463828219
463828219
463828219
463828219
463828219
463828219
463828219
463828219
463828219
463828219
463828219
463828219
463828219
463828219
463828219
463828219
463828219
463828219
463828219
463828219
463828219
463828219
463828219
463828219
463828219
463828219
463828219
463828219
463828219
463828219
463828219
463828219
463828219
463828219
463828219
463828219
463828219
463828219
463828219
463828219
463828219
463828219
463828219
463828219
463828219
463828219
463828219
463828219
463828219
463828219
463828219
463828219
463828219
463828219
463828219
463828219
463828219
463828219
463828219
463828219
463828219
463828219
463828219
463828219
463828219
463828219
463828219
463828219
463828219
463828219
463828219
463828219
463828219
463828219
463828219
463828219
463828219
463828219
463828219
463828219
463828219
463828219
463828219
463828219
463828219
463828219
463828219
463828219
463828219
463828219
463828219
463828219
463828219
463828219
463828219
463828219
463828219
463828219
463828219
463828219
463828219
463828219
463828219
463828219
463828219
463828219
463828219
463828219
463828219
463828219
463828219
463828219
463828219
463828219
463828219
463828219
463828219
463828219
463828219
463828219
463828219
463828219
463828219
463828219
463828219
463828219
463828219
463828219
463828219
463828219
463828219
463828219
463828219
463828219
463828219
463828219
463828219
463828219
463828219
463828219
463828219
463828219
463828219
463828219
463828219
463828219
463828219
463828219
463828219
463828219
463828219
463828219
463828219
463828219
463828219
463828219
463828219
463828219
463828219
463828219
463828219
463828219
463828219
463828219
463828219
463828219
463828219
463828219
463828219
463828219
463828219
463828219
463828219
463828219
463828219
463828219
463828219
463828219
463828219
463828219
463828219
463828219
463828219
463828219
463828219
463828219
463828219
463828219
463828219
463828219
463828219
463828219
463828219
463828219
463828219
463828219
463828219
463828219
463828219
463828219
463828219
463828219
463828219
463828219
463828219
463828219
463828219
463828219
463828219
463828219
463828219
463828219
463828219
463828219
463828219
463828219
463828219
463828219
463828219
463828219
463828219
463828219
463828219
463828219
463828219
463828219
463828219
463828219
463828219
463828219
463828219
463828219
463828219
463828219
463828219
463828219
463828219
463828219
463828219
463828219
463828219
463828219
463828219
463828219
463828219
463828219
463828219
463828219
463828219
463828219
463828219
463828219
463828219
463828219
463828219
463828219
463828219
463828219
463828219
463828219
463828219
463828219
463828219
463828219
463828219
463828219
463828219
463828219
463828219
463828219
463828219
463828219
463828219
463828219
463828219
463828219
463828219
463828219
463828219
463828219
463828219
463828219
463828219
463828219
463828219
463828219
463828219
463828219
463828219
463828219
463828219
463828219
463828219
463828219
463828219
463828219
463828219
463828219
463828219
463828219
463828219
463828219
463828219
463828219
463828219
463828219
463828219
463828219
463828219
463828219
463828219
463828219
463828219
463828219
463828219
463828219
463828219
463828219
463828219
463828219
463828219
463828219
463828219
463828219
463828219
463828219
463828219
463828219
463828219
463828219
463828219
463828219
463828219
463828219
463828219
463828219
463828219
463828219
463828219
463828219
463828219
463828219
463828219
463828219
463828219
463828219
463828219
463828219
463828219
463828219
463828219
463828219
463828219
463828219
463828219
463828219
463828219
463828219
463828219
463828219
463828219
463828219
463828219
463828219
463828219
463828219
463828219
463828219
463828219
463828219
463828219
463828219
463828219
463828219
463828219
463828219
463828219
463828219
463828219
463828219
463828219
463828219
463828219
463828219
463828219
463828219
463828219
463828219
463828219
463828219
463828219
463828219
463828219
463828219
463828219
463828219
463828219
463828219
463828219
463828219
463828219
463828219
463828219
463828219
463828219
463828219
463828219
463828219
463828219
463828219
463828219
463828219
463828219
463828219
463828219
463828219
463828219
463828219
463828219
463828219
463828219
463828219
463828219
463828219
463828219
463828219
463828219
463828219
463828219
463828219
463828219
463828219
463828219
463828219
463828219
463828219
463828219
463828219
463828219
463828219
463828219
463828219
463828219
463828219
463828219
463828219
463828219
463828219
463828219
463828219
463828219
463828219
463828219
463828219
463828219
463828219
463828219
463828219
463828219
463828219
463828219
463828219
463828219
463828219
463828219
463828219
463828219
463828219
463828219
463828219
463828219
463828219
463828219
463828219
463828219
463828219
463828219
463828219
463828219
463828219
463828219
463828219
463828219
463828219
463828219
463828219
463828219
463828219
463828219
463828219
463828219
463828219
463828219
463828219
463828219
463828219
463828219
463828219
463828219
463828219
463828219
463828219
463828219
463828219
463828219
463828219
463828219
463828219
463828219
463828219
463828219
463828219
463828219
463828219
463828219
463828219
463828219
463828219
463828219
463828219
463828219
463828219
463828219
463828219
463828219
463828219
463828219
463828219
463828219
463828219
463828219
463828219
463828219
463828219
463828219
463828219
463828219
463828219
463828219
463828219
463828219
463828219
463828219
463828219
463828219
463828219
463828219
463828219
463828219
463828219
463828219
463828219
463828219
463828219
463828219
463828219
463828219
463828219
463828219
463828219
463828219
463828219
463828219
463828219
463828219
463828219
463828219
463828219
463828219
463828219
463828219
463828219
463828219
463828219
463828219
463828219
463828219
463828219
463828219
463828219
463828219
463828219
463828219
463828219
463828219
463828219
463828219
463828219
463828219
463828219
463828219
463828219
463828219
463828219
463828219
463828219
463828219
463828219
463828219
463828219
463828219
463828219
463828219
463828219
463828219
463828219
463828219
463828219
463828219
463828219
463828219
463828219
463828219
463828219
463828219
463828219
463828219
463828219
463828219
463828219
463828219
463828219
463828219
463828219
463828219
463828219
463828219
463828219
463828219
463828219
463828219
463828219
463828219
463828219
463828219
463828219
463828219
463828219
463828219
463828219
463828219
463828219
463828219
463828219
463828219
463828219
463828219
463828219
463828219
463828219
463828219
463828219
463828219
463828219
463828219
463828219
463828219
463828219
463828219
463828219
463828219
463828219
463828219
463828219
463828219
463828219
463828219
463828219
463828219
463828219
463828219
463828219
463828219
463828219
463828219
463828219
463828219
463828219
463828219
463828219
463828219
463828219
463828219
463828219
463828219
463828219
463828219
463828219
463828219
463828219
463828219
463828219
463828219
463828219
463828219
463828219
463828219
463828219
463828219
463828219
463828219
463828219
463828219
463828219
463828219
463828219
463828219
463828219
463828219
463828219
463828219
463828219
463828219
463828219
463828219
463828219
463828219
463828219
463828219
463828219
463828219
463828219
463828219
463828219
463828219
463828219
463828219
463828219
463828219
463828219
463828219
463828219
463828219
463828219
463828219
463828219
463828219
463828219
463828219
463828219
463828219
463828219
463828219
463828219
463828219
463828219
463828219
463828219
463828219
463828219
463828219
463828219
463828219
463828219
463828219
463828219
463828219
463828219
463828219
463828219
463828219
463828219
463828219
463828219
463828219
463828219
463828219
463828219
463828219
463828219
463828219
463828219
463828219
463828219
463828219
463828219
463828219
463828219
463828219
463828219
463828219
463828219
463828219
463828219
463828219
463828219
463828219
463828219
463828219
463828219
463828219
463828219
463828219
463828219
463828219
463828219
463828219
463828219
463828219
463828219
463828219
463828219
463828219
463828219
463828219
463828219
463828219
463828219
463828219
463828219
463828219
463828219
463828219
463828219
463828219
463828219
463828219
463828219
463828219
463828219
463828219
463828219
463828219
463828219
463828219
463828219
463828219
463828219
463828219
463828219
463828219
463828219
463828219
463828219
463828219
463828219
463828219
463828219
463828219
463828219
463828219
463828219
463828219
463828219
463828219
463828219
463828219
463828219
463828219
463828219
463828219
463828219
463828219
463828219
463828219
463828219
463828219
463828219
463828219
463828219
463828219
463828219
463828219
463828219
463828219
463828219
463828219
463828219
463828219
463828219
463828219
463828219
463828219
463828219
463828219
463828219
463828219
463828219
463828219
463828219
463828219
463828219
463828219
463828219
463828219
463828219
463828219
463828219
463828219
463828219
463828219
463828219
463828219
463828219
463828219
463828219
463828219
463828219
463828219
463828219
463828219
463828219
463828219
463828219
463828219
463828219
463828219
463828219
463828219
463828219
463828219
463828219
463828219
463828219
463828219
463828219
463828219
463828219
463828219
463828219
463828219
463828219
463828219
463828219
463828219
463828219
463828219
463828219
463828219
463828219
463828219
463828219
463828219
463828219
463828219
463828219
463828219
463828219
463828219
463828219
463828219
463828219
463828219
463828219
463828219
463828219
463828219
463828219
463828219
463828219
463828219
463828219
463828219
463828219
463828219
463828219
463828219
463828219
463828219
463828219
463828219
463828219
463828219
463828219
463828219
463828219
463828219
463828219
463828219
463828219
463828219
463828219
463828219
463828219
463828219
463828219
463828219
463828219
463828219
463828219
463828219
463828219
463828219
463828219
463828219
463828219
463828219
463828219
463828219
463828219
463828219
463828219
463828219
463828219
463828219
463828219
463828219
463828219
463828219
463828219
463828219
463828219
463828219
463828219
463828219
463828219
463828219
463828219
463828219
463828219
463828219
463828219
463828219
463828219
463828219
463828219
463828219
463828219
463828219
463828219
463828219
463828219
463828219
463828219
463828219
463828219
463828219
463828219
463828219
463828219
463828219
463828219
463828219
463828219
463828219
463828219
463828219
463828219
463828219
463828219
463828219
463828219
463828219
463828219
463828219
463828219
463828219
463828219
463828219
463828219
463828219
463828219
463828219
463828219
463828219
463828219
463828219
463828219
463828219
463828219
463828219
463828219
463828219
463828219
463828219
463828219
463828219
463828219
463828219
463828219
463828219
463828219
463828219
463828219
463828219
463828219
463828219
463828219
463828219
463828219
463828219
463828219
463828219
463828219
463828219
463828219
463828219
463828219
463828219
463828219
463828219
463828219
463828219
463828219
463828219
463828219
463828219
463828219
463828219
463828219
463828219
463828219
463828219
463828219
463828219
463828219
463828219
463828219
463828219
463828219
463828219
463828219
463828219
463828219
463828219
463828219
463828219
463828219
463828219
463828219
463828219
463828219
463828219
463828219
463828219
463828219
463828219
463828219
463828219
463828219
463828219
463828219
463828219
463828219
463828219
463828219
463828219
463828219
463828219
463828219
463828219
463828219
463828219
463828219
463828219
463828219
463828219
463828219
463828219
463828219
463828219
463828219
463828219
463828219
463828219
463828219
463828219
463828219
463828219
463828219
463828219
463828219
463828219
463828219
463828219
463828219
463828219
463828219
463828219
463828219
463828219
463828219
463828219
463828219
463828219
463828219
463828219
463828219
463828219
463828219
463828219
463828219
463828219
463828219
463828219
463828219
463828219
463828219
463828219
463828219
463828219
463828219
463828219
463828219
463828219
463828219
463828219
463828219
463828219
463828219
463828219
463828219
463828219
463828219
463828219
463828219
463828219
463828219
463828219
463828219
463828219
463828219
463828219
463828219
463828219
463828219
463828219
463828219
463828219
463828219
463828219
463828219
463828219
463828219
463828219
463828219
463828219
463828219
463828219
463828219
463828219
463828219
463828219
463828219
463828219
463828219
463828219
463828219
463828219
463828219
463828219
463828219
463828219
463828219
463828219
463828219
463828219
463828219
463828219
463828219
463828219
463828219
463828219
463828219
463828219
463828219
463828219
463828219
463828219
463828219
463828219
463828219
463828219
463828219
463828219
463828219
463828219
463828219
463828219
463828219
463828219
463828219
463828219
463828219
463828219
463828219
463828219
463828219
463828219
463828219
463828219
463828219
463828219
463828219
463828219
463828219
463828219
463828219
463828219
463828219
463828219
463828219
463828219
463828219
463828219
463828219
463828219
463828219
463828219
463828219
463828219
463828219
463828219
463828219
463828219
463828219
463828219
463828219
463828219
463828219
463828219
463828219
463828219
463828219
463828219
463828219
463828219
463828219
463828219
463828219
463828219
463828219
463828219
463828219
463828219
463828219
463828219
463828219
463828219
463828219
463828219
463828219
463828219
463828219
463828219
463828219
463828219
463828219
463828219
463828219
463828219
463828219
463828219
463828219
463828219
463828219
463828219
463828219
463828219
463828219
463828219
463828219
463828219
463828219
463828219
463828219
463828219
463828219
463828219
463828219
463828219
463828219
463828219
463828219
463828219
463828219
463828219
463828219
463828219
463828219
463828219
463828219
463828219
463828219
463828219
463828219
463828219
463828219
463828219
463828219
463828219
463828219
463828219
463828219
463828219
463828219
463828219
463828219
463828219
463828219
463828219
463828219
463828219
463828219
463828219
463828219
463828219
463828219
463828219
463828219
463828219
463828219
463828219
463828219
463828219
463828219
463828219
463828219
463828219
463828219
463828219
463828219
463828219
463828219
463828219
463828219
463828219
463828219
463828219
463828219
463828219
463828219
463828219
463828219
463828219
463828219
463828219
463828219
463828219
463828219
463828219
463828219
463828219
463828219
463828219
463828219
463828219
463828219
463828219
463828219
463828219
463828219
463828219
463828219
463828219
463828219
463828219
463828219
463828219
463828219
463828219
463828219
463828219
463828219
463828219
463828219
463828219
463828219
463828219
463828219
463828219
463828219
463828219
463828219
463828219
463828219
463828219
463828219
463828219
463828219
463828219
463828219
463828219
463828219
463828219
463828219
463828219
463828219
463828219
463828219
463828219
463828219
463828219
463828219
463828219
463828219
463828219
463828219
463828219
463828219
463828219
463828219
463828219
463828219
463828219
463828219
463828219
463828219
463828219
463828219
463828219
463828219
463828219
463828219
463828219
463828219
463828219
463828219
463828219
463828219
463828219
463828219
463828219
463828219
463828219
463828219
463828219
463828219
463828219
463828219
463828219
463828219
463828219
463828219
463828219
463828219
463828219
463828219
463828219
463828219
463828219
463828219
463828219
463828219
463828219
463828219
463828219
463828219
463828219
463828219
463828219
463828219
463828219
463828219
463828219
463828219
463828219
463828219
463828219
463828219
463828219
463828219
463828219
463828219
463828219
463828219
463828219
463828219
463828219
463828219
463828219
463828219
463828219
463828219
463828219
463828219
463828219
463828219
463828219
463828219
463828219
463828219
463828219
463828219
463828219
463828219
463828219
463828219
463828219
463828219
463828219
463828219
463828219
463828219
463828219
463828219
463828219
463828219
463828219
463828219
463828219
463828219
463828219
463828219
463828219
463828219
463828219
463828219
463828219
463828219
463828219
463828219
463828219
463828219
463828219
463828219
463828219
463828219
463828219
463828219
463828219
463828219
463828219
463828219
463828219
463828219
463828219
463828219
463828219
463828219
463828219
463828219
463828219
463828219
463828219
463828219
463828219
463828219
463828219
463828219
463828219
463828219
463828219
463828219
463828219
463828219
463828219
463828219
463828219
463828219
463828219
463828219
463828219
463828219
463828219
463828219
463828219
463828219
463828219
463828219
463828219
463828219
463828219
463828219
463828219
463828219
463828219
463828219
463828219
463828219
463828219
463828219
463828219
463828219
463828219
463828219
463828219
463828219
463828219
463828219
463828219
463828219
463828219
463828219
463828219
463828219
463828219
463828219
463828219
463828219
463828219
463828219
463828219
463828219
463828219
463828219
463828219
463828219
463828219
463828219
463828219
463828219
463828219
463828219
463828219
463828219
463828219
463828219
463828219
463828219
463828219
463828219
463828219
463828219
463828219
463828219
463828219
463828219
463828219
463828219
463828219
463828219
463828219
463828219
463828219
463828219
463828219
463828219
463828219
463828219
463828219
463828219
463828219
463828219
463828219
463828219
463828219
463828219
463828219
463828219
463828219
463828219
463828219
463828219
463828219
463828219
463828219
463828219
463828219
463828219
463828219
463828219
463828219
463828219
463828219
463828219
463828219
463828219
463828219
463828219
463828219
463828219
463828219
463828219
463828219
463828219
463828219
463828219
463828219
463828219
463828219
463828219
463828219
463828219
463828219
463828219
463828219
463828219
463828219
463828219
463828219
463828219
463828219
463828219
463828219
463828219
463828219
463828219
463828219
463828219
463828219
463828219
463828219
463828219
463828219
463828219
463828219
463828219
463828219
463828219
463828219
463828219
463828219
463828219
463828219
463828219
463828219
463828219
463828219
463828219
463828219
463828219
463828219
463828219
463828219
463828219
463828219
463828219
463828219
463828219
463828219
463828219
463828219
463828219
463828219
463828219
463828219
463828219
463828219
463828219
463828219
463828219
463828219
463828219
463828219
463828219
463828219
463828219
463828219
463828219
463828219
463828219
463828219
463828219
463828219
463828219
463828219
463828219
463828219
463828219
463828219
463828219
463828219
463828219
463828219
463828219
463828219
463828219
463828219
463828219
463828219
463828219
463828219
463828219
463828219
463828219
463828219
463828219
463828219
463828219
463828219
463828219
463828219
463828219
463828219
463828219
463828219
463828219
463828219
463828219
463828219
463828219
463828219
463828219
463828219
463828219
463828219
463828219
463828219
463828219
463828219
463828219
463828219
463828219
463828219
463828219
463828219
463828219
463828219
463828219
463828219
463828219
463828219
463828219
463828219
463828219
463828219
463828219
463828219
463828219
463828219
463828219
463828219
463828219
463828219
463828219
463828219
463828219
463828219
463828219
463828219
463828219
463828219
463828219
463828219
463828219
463828219
463828219
463828219
463828219
463828219
463828219
463828219
463828219
463828219
463828219
463828219
463828219
463828219
463828219
463828219
463828219
463828219
463828219
463828219
463828219
463828219
463828219
463828219
463828219
463828219
463828219
463828219
463828219
463828219
463828219
463828219
463828219
463828219
463828219
463828219
463828219
463828219
463828219
463828219
463828219
463828219
463828219
463828219
463828219
463828219
463828219
463828219
463828219
463828219
463828219
463828219
463828219
463828219
463828219
463828219
463828219
463828219
463828219
463828219
463828219
463828219
463828219
463828219
463828219
463828219
463828219
463828219
463828219
463828219
463828219
463828219
463828219
463828219
463828219
463828219
463828219
463828219
463828219
463828219
463828219
463828219
463828219
463828219
463828219
463828219
463828219
463828219
463828219
463828219
463828219
463828219
463828219
463828219
463828219
463828219
463828219
463828219
463828219
463828219
463828219
463828219
463828219
463828219
463828219
463828219
463828219
463828219
463828219
463828219
463828219
463828219
463828219
463828219
463828219
463828219
463828219
463828219
463828219
463828219
463828219
463828219
463828219
463828219
463828219
463828219
463828219
463828219
463828219
463828219
463828219
463828219
463828219
463828219
463828219
463828219
463828219
463828219
463828219
463828219
463828219
463828219
463828219
463828219
463828219
463828219
463828219
463828219
463828219
463828219
463828219
463828219
463828219
463828219
463828219
463828219
463828219
463828219
463828219
463828219
463828219
463828219
463828219
463828219
463828219
463828219
463828219
463828219
463828219
463828219
463828219
463828219
463828219
463828219
463828219
463828219
463828219
463828219
463828219
463828219
463828219
463828219
463828219
463828219
463828219
463828219
463828219
463828219
463828219
463828219
463828219
463828219
463828219
463828219
463828219
463828219
463828219
463828219
463828219
463828219
463828219
463828219
463828219
463828219
463828219
463828219
463828219
463828219
463828219
463828219
463828219
463828219
463828219
463828219
463828219
463828219
463828219
463828219
463828219
463828219
463828219
463828219
463828219
463828219
463828219
463828219
463828219
463828219
463828219
463828219
463828219
463828219
463828219
463828219
463828219
463828219
463828219
463828219
463828219
463828219
463828219
463828219
463828219
463828219
463828219
463828219
463828219
463828219
463828219
463828219
463828219
463828219
463828219
463828219
463828219
463828219
463828219
463828219
463828219
463828219
463828219
463828219
463828219
463828219
463828219
463828219
463828219
463828219
463828219
463828219
463828219
463828219
463828219
463828219
463828219
463828219
463828219
463828219
463828219
463828219
463828219
463828219
463828219
463828219
463828219
463828219
463828219
463828219
463828219
463828219
463828219
463828219
463828219
463828219
463828219
463828219
463828219
463828219
463828219
463828219
463828219
463828219
463828219
463828219
463828219
463828219
463828219
463828219
463828219
463828219
463828219
463828219
463828219
463828219
463828219
463828219
463828219
463828219
463828219
463828219
463828219
463828219
463828219
463828219
463828219
463828219
463828219
463828219
463828219
463828219
463828219
463828219
463828219
463828219
463828219
463828219
463828219
463828219
463828219
463828219
463828219
463828219
463828219
463828219
463828219
463828219
463828219
463828219
463828219
463828219
463828219
463828219
463828219
463828219
463828219
463828219
463828219
463828219
463828219
463828219
463828219
463828219
463828219
463828219
463828219
463828219
463828219
463828219
463828219
463828219
463828219
463828219
463828219
463828219
463828219
463828219
463828219
463828219
463828219
463828219
463828219
463828219
463828219
463828219
463828219
463828219
463828219
463828219
463828219
463828219
463828219
463828219
463828219
463828219
463828219
463828219
463828219
463828219
463828219
463828219
463828219
463828219
463828219
463828219
463828219
463828219
463828219
463828219
463828219
463828219
463828219
463828219
463828219
463828219
463828219
463828219
463828219
463828219
463828219
463828219
463828219
463828219
463828219
463828219
463828219
463828219
463828219
463828219
463828219
463828219
463828219
463828219
463828219
463828219
463828219
463828219
463828219
463828219
463828219
463828219
463828219
463828219
463828219
463828219
463828219
463828219
463828219
463828219
463828219
463828219
463828219
463828219
463828219
463828219
463828219
463828219
463828219
463828219
463828219
463828219
463828219
463828219
463828219
463828219
463828219
463828219
463828219
463828219
463828219
463828219
463828219
463828219
463828219
463828219
463828219
463828219
463828219
463828219
463828219
463828219
463828219
463828219
463828219
463828219
463828219
463828219
463828219
463828219
463828219
463828219
463828219
463828219
463828219
463828219
463828219
463828219
463828219
463828219
463828219
463828219
463828219
463828219
463828219
463828219
463828219
463828219
463828219
463828219
463828219
463828219
463828219
463828219
463828219
463828219
463828219
463828219
463828219
463828219
463828219
463828219
463828219
463828219
463828219
463828219
463828219
463828219
463828219
463828219
463828219
463828219
463828219
463828219
463828219
463828219
463828219
463828219
463828219
463828219
463828219
463828219
463828219
463828219
463828219
463828219
463828219
463828219
463828219
463828219
463828219
463828219
463828219
463828219
463828219
463828219
463828219
463828219
463828219
463828219
463828219
463828219
463828219
463828219
463828219
463828219
463828219
463828219
463828219
463828219
463828219
463828219
463828219
463828219
463828219
463828219
463828219
463828219
463828219
463828219
463828219
463828219
463828219
463828219
463828219
463828219
463828219
463828219
463828219
463828219
463828219
463828219
463828219
463828219
463828219
463828219
463828219
463828219
463828219
463828219
463828219
463828219
463828219
463828219
463828219
463828219
463828219
463828219
463828219
463828219
463828219
463828219
463828219
463828219
463828219
463828219
463828219
463828219
463828219
463828219
463828219
463828219
463828219
463828219
463828219
463828219
463828219
463828219
463828219
463828219
463828219
463828219
463828219
463828219
463828219
463828219
463828219
463828219
463828219
463828219
463828219
463828219
463828219
463828219
463828219
463828219
463828219
463828219
463828219
463828219
463828219
463828219
463828219
463828219
463828219
463828219
463828219
463828219
463828219
463828219
463828219
463828219
463828219
463828219
463828219
463828219
463828219
463828219
463828219
463828219
463828219
463828219
463828219
463828219
463828219
463828219
463828219
463828219
463828219
463828219
463828219
463828219
463828219
463828219
463828219
463828219
463828219
463828219
463828219
463828219
463828219
463828219
463828219
463828219
463828219
463828219
463828219
463828219
463828219
463828219
463828219
463828219
463828219
463828219
463828219
463828219
463828219
463828219
463828219
463828219
463828219
463828219
463828219
463828219
463828219
463828219
463828219
463828219
463828219
463828219
463828219
463828219
463828219
463828219
463828219
463828219
463828219
463828219
463828219
463828219
463828219
463828219
463828219
463828219
463828219
463828219
463828219
463828219
463828219
463828219
463828219
463828219
463828219
463828219
463828219
463828219
463828219
463828219
463828219
463828219
463828219
463828219
463828219
463828219
463828219
463828219
463828219
463828219
463828219
463828219
463828219
463828219
463828219
463828219
463828219
463828219
463828219
463828219
463828219
463828219
463828219
463828219
463828219
463828219
463828219
463828219
463828219
463828219
463828219
463828219
463828219
463828219
463828219
463828219
463828219
463828219
463828219
463828219
463828219
463828219
463828219
463828219
463828219
463828219
463828219
463828219
463828219
463828219
463828219
463828219
463828219
463828219
463828219
463828219
463828219
463828219
463828219
463828219
463828219
463828219
463828219
463828219
463828219
463828219
463828219
463828219
463828219
463828219
463828219
463828219
463828219
463828219
463828219
463828219
463828219
463828219
463828219
463828219
463828219
463828219
463828219
463828219
463828219
463828219
463828219
463828219
463828219
463828219
463828219
463828219
463828219
463828219
463828219
463828219
463828219
463828219
463828219
463828219
463828219
463828219
463828219
463828219
463828219
463828219
463828219
463828219
463828219
463828219
463828219
463828219
463828219
463828219
463828219
463828219
463828219
463828219
463828219
463828219
463828219
463828219
463828219
463828219
463828219
463828219
463828219
463828219
463828219
463828219
463828219
463828219
463828219
463828219
463828219
463828219
463828219
463828219
463828219
463828219
463828219
463828219
463828219
463828219
463828219
463828219
463828219
463828219
463828219
463828219
463828219
463828219
463828219
463828219
463828219
463828219
463828219
463828219
463828219
463828219
463828219
463828219
463828219
463828219
463828219
463828219
463828219
463828219
463828219
463828219
463828219
463828219
463828219
463828219
463828219
463828219
463828219
463828219
463828219
463828219
463828219
463828219
463828219
463828219
463828219
463828219
463828219
463828219
463828219
463828219
463828219
463828219
463828219
463828219
463828219
463828219
463828219
463828219
463828219
463828219
463828219
463828219
463828219
463828219
463828219
463828219
463828219
463828219
463828219
463828219
463828219
463828219
463828219
463828219
463828219
463828219
463828219
463828219
463828219
463828219
463828219
463828219
463828219
463828219
463828219
463828219
463828219
463828219
463828219
463828219
463828219
463828219
463828219
463828219
463828219
463828219
463828219
463828219
463828219
463828219
463828219
463828219
463828219
463828219
463828219
463828219
463828219
463828219
463828219
463828219
463828219
463828219
463828219
463828219
463828219
463828219
463828219
463828219
463828219
463828219
463828219
463828219
463828219
463828219
463828219
463828219
463828219
463828219
463828219
463828219
463828219
463828219
463828219
463828219
463828219
463828219
463828219
463828219
463828219
463828219
463828219
463828219
463828219
463828219
463828219
463828219
463828219
463828219
463828219
463828219
463828219
463828219
463828219
463828219
463828219
463828219
463828219
463828219
463828219
463828219
463828219
463828219
463828219
463828219
463828219
463828219
463828219
463828219
463828219
463828219
463828219
463828219
463828219
463828219
463828219
463828219
463828219
463828219
463828219
463828219
463828219
463828219
463828219
463828219
463828219
463828219
463828219
463828219
463828219
463828219
463828219
463828219
463828219
463828219
463828219
463828219
463828219
463828219
463828219
463828219
463828219
463828219
463828219
463828219
463828219
463828219
463828219
463828219
463828219
463828219
463828219
463828219
463828219
463828219
463828219
463828219
463828219
463828219
463828219
463828219
463828219
463828219
463828219
463828219
463828219
463828219
463828219
463828219
463828219
463828219
463828219
463828219
463828219
463828219
463828219
463828219
463828219
463828219
463828219
463828219
463828219
463828219
463828219
463828219
463828219
463828219
463828219
463828219
463828219
463828219
463828219
463828219
463828219
463828219
463828219
463828219
463828219
463828219
463828219
463828219
463828219
463828219
463828219
463828219
463828219
463828219
463828219
463828219
463828219
463828219
463828219
463828219
463828219
463828219
463828219
463828219
463828219
463828219
463828219
463828219
463828219
463828219
463828219
463828219
463828219
463828219
463828219
463828219
463828219
463828219
463828219
463828219
463828219
463828219
463828219
463828219
463828219
463828219
463828219
463828219
463828219
463828219
463828219
463828219
463828219
463828219
463828219
463828219
463828219
463828219
463828219
463828219
463828219
463828219
463828219
463828219
463828219
