548933818
315442627
765260049
922592906
613641542
413706405
981919206
161312328
7364403
466790483
261834931
628934996
709869557
953904696
416756581
598556637
779549925
323210769
661281079
646365214
997335702
934863210
206139408
896317585
288518990
290593934
681764757
980014988
391511611
861862429
385720884
80440217
182135028
458793859
599357289
30857742
322423347
948485728
249077615
584021276
750257764
19773554
575219584
703993273
3301302
278581894
429410040
351930207
182226768
189735371
627586757
481360784
387310425
541989169
386235347
85601436
690263735
278055825
879572879
570098387
630216546
798666646
120632192
890008185
974761676
528674752
614239685
879704862
129039145
865878379
68046235
541487965
507554190
285672876
143538068
910411734
257722768
415881070
488789751
190665618
119612454
228853385
745446739
277000169
654024812
436311838
103687019
64541381
769889683
181686853
326344117
230349206
977879399
437916647
211275319
731385885
56293330
128201485
748517569
874826941
211937635
809928165
304822620
877966551
332404322
822686349
969413266
366942632
782889825
170349264
778804863
595901736
513762910
216699072
611084987
429415494
46753157
538621075
303695035
156079277
119490988
464986883
178124603
93216064
685911796
115861282
900857774
410254257
352715210
565011687
452717004
226649890
237112505
56709224
257663881
385325268
242424774
520864753
753915762
344663418
195671889
316042321
752088266
997542586
365245338
438097046
966637103
964917394
143949464
246726431
965794922
598734719
813685951
513246521
998790497
356840412
715003267
550131151
787707371
737133947
125574920
503327120
102210738
926287883
47671471
945025980
204925292
83745873
814672707
698562669
712549026
55843942
610097356
274375544
9219793
757738211
902639660
272278115
958632260
2874241
162120773
760514276
491177321
698440281
684080794
111144179
551803810
11828685
682898826
869855820
457917715
95644126
111069662
980108330
527862676
443540342
108468826
118401852
679301325
260684455
926005096
309531305
969369115
609867098
680562495
871123335
513429853
145914038
815121986
483981214
689813860
179663473
169907322
985414990
680598913
778084773
376821913
67303560
464918265
770837033
810297233
513695704
180207708
613152743
77523638
259137875
615754407
552861475
540645013
639408603
693147297
306662236
216802823
730380286
281508657
84411467
710273629
971924051
227251285
92520638
364947846
854660103
683063631
55879158
706904169
911686184
149597596
963751265
110736334
475618954
461741636
172802537
897762038
749933237
853710325
302879280
901243809
18350838
968261545
100989717
212481599
334425240
422157164
629575788
963322764
774902647
461075710
5079000
780276161
870575601
215308251
852739939
532314996
709679526
8309850
543774299
578405614
142464556
726722010
69317055
520674018
116849148
226852556
224432159
448067422
543949489
294356099
732363276
243514487
308983558
801704674
975466915
625587735
755714715
121439215
810745200
981525209
685428324
543105556
858327081
642881447
50534524
965023490
589302516
422102305
231789412
394183423
265725554
414943286
589721559
463051402
468772208
895498991
366190780
987623278
226004111
53629608
862122848
808616002
50727696
673777513
588897249
646365898
528090710
956128526
236113684
79460686
706750587
291728192
160842813
540121794
209225689
786156390
52333991
707328163
541779851
152288680
433925521
741466285
678847195
630195489
967501133
735572455
782536732
754240930
109430593
165465946
741558002
719742164
876269219
100315177
985638147
35961073
591099729
83037121
342107336
716178164
437472903
899406138
801289324
727338294
896604671
810359566
579265387
158135947
535528169
518025830
131656954
242429635
717946834
695982696
657499843
747345162
527535444
274936356
339245293
574206648
295285193
326364401
492421760
962658687
451339454
193415663
176524525
822270787
807644101
889327503
401109522
543633333
498683757
897783299
615762964
512394992
360550589
73963531
244687735
948060366
41865918
407244405
257019789
780150981
135191861
472624806
969645664
246601171
815764314
892882571
399212315
127934031
187403516
972526982
834992857
88400774
343823716
312378202
488724656
371768052
742021529
921714152
919454828
532651913
318239890
365016832
783921946
822710107
913287274
702330982
975849187
505946892
989806776
485276928
630858992
275476295
397997507
559447383
106847629
688232039
494660792
446050646
566906321
364844858
15771885
254398114
410469990
749441963
855179363
66365337
999266492
891563153
587268394
885068601
926283246
413606040
850220135
410243249
401081124
105056839
937374429
65790856
234619970
704966143
370521841
824433759
636412488
232836096
761554142
439256772
12739991
517953952
117454074
456368657
469901593
782712217
29814688
236621979
78778949
283840438
474592623
313879012
715214166
67824454
393553979
534568747
700696669
751896944
221725459
675741973
19758421
738502075
49106879
406006371
370183007
952957766
492327914
129339946
541642732
700796394
597044188
266457440
423123818
7280255
216249890
50458195
239570325
604150587
278039359
656862727
439498532
124761689
656322391
714126804
216409854
14275271
892760476
569791681
673071730
587723533
457569150
223413184
653945269
313726632
670544203
140944101
8976934
324266616
207590863
967537629
106979457
70314726
142267236
618880596
980940506
661027397
615451529
65295945
31294351
112722923
912737588
114680229
5442883
792847701
573656932
578026534
474200802
524281544
274909604
733827578
87471722
602001429
537652426
779408671
889554818
669338927
203711746
576150739
589518569
793590719
324465655
862033679
995145400
423574097
297954468
316661539
661784140
53808427
913946208
393832968
119662984
488578145
173746683
784399051
182112817
260186662
740838444
174776402
794888981
569077774
627113453
754187444
928109897
534314135
522341376
267337809
660453878
661568708
214007670
831634510
743864302
224144822
776770886
581470234
604789684
423253222
659485717
689794910
958834248
732243539
435781840
36611273
79262974
813811005
346680925
350895121
811545924
511533308
179633394
156197816
433303342
915270663
124933364
844652062
483589537
254297189
851723871
644018936
129045050
309018979
149313548
421260222
527126519
88390118
718479294
867751347
727741270
361910172
571456781
462217866
330615649
513499009
596790239
469071497
43833059
69125433
478157567
335325243
468964657
659527382
823490409
265745448
832174671
59266424
747501485
778821297
893884163
419799248
475459945
327472087
834255663
867159081
778375764
6758283
273063411
731370101
657197864
556179774
893077705
335049948
405544880
69199091
731241400
416754389
246332633
976567210
245257198
694864225
555150476
905074955
683556018
396378655
640938230
601198703
199936591
723352292
144758125
253418465
156793677
504418353
203693498
898176429
656777777
664096278
780087707
45573308
191831499
138704853
70749589
463990242
95697001
370125063
404697071
99603675
676251409
179511460
459063493
627522983
709813899
22120967
666277683
387768805
871381876
57722754
442321376
892823301
798352299
388495211
254232890
640721318
212300057
933570107
43647897
227329329
130097202
874572442
613698499
603904166
568382386
510712595
128740103
946721698
55582140
599915653
482797134
994742251
43082595
204379135
657270939
131018082
175924813
371135894
92778278
784168097
918770085
675056626
419037591
866208795
761527104
229841229
107873953
385905561
658156504
8147583
450536006
643603945
868577433
720889533
684170331
523310981
867125194
987688306
30826570
231814691
539094295
708182770
162254019
259286532
161170497
28345405
336073085
728122488
392035122
895331930
534347525
925058053
334226659
134724406
322918583
855549533
301957314
80421372
519942584
885412622
107390787
176286279
103872981
788714526
237617780
191239599
851682835
352385531
792662631
58334863
995559393
488423716
67705641
209477538
109844973
90874820
948439739
387676383
970323909
190207119
185013758
458619116
362686239
548951996
125646210
211166959
501471453
485712414
425167423
930289155
736699940
932904851
582784122
846258839
869984946
704449672
85772241
376381689
780328657
279764223
162310535
333751668
527623982
978446512
996485566
142604084
345669297
561903020
204491377
296099019
677489709
876455883
70877056
589593264
354489409
398350039
38616930
41569773
866101977
254503776
737480473
760818927
758173878
583967104
342585025
335288800
705618012
520875524
602711607
144938538
821441931
499492033
571581635
961297086
224461944
899008018
802114304
269325911
722502521
112718771
725921701
251858097
728911963
157626531
8281419
211110741
449650997
723645429
691823434
899389046
600229118
705578668
223758411
522308099
172142180
30826101
967908996
960616790
977061324
225518072
888170739
604861509
129087237
13606805
387764832
438424129
441366362
435852064
303599300
681369648
740937872
531443586
272071853
451804618
264524898
175546057
665854187
671893108
158218893
767422308
355405347
305901606
505447030
862505269
944142747
101886108
106065045
817641427
806510639
575664304
902019635
839419400
142274500
636207002
234462938
925464710
575537883
614514817
286936141
386089367
150435028
409073794
549551971
124539092
760218818
157172719
271168986
128281739
22930376
318851791
903927232
62231073
878408178
18375354
448258300
714920599
527496437
836293244
21811321
69667856
811163615
161614335
263383404
384825213
368929702
650293349
854515263
339551038
908202485
494440050
555917215
430022467
623360747
933288998
319124738
849502027
533525872
282983692
811684781
702288645
25963489
229924756
934835292
313441424
642455780
754903219
712186895
902736724
364514054
149871753
311537816
690894331
675362317
420830989
708700623
394579685
864948197
511127403
658970269
403448268
820520619
240135894
850885701
800416680
222210344
100268671
52101363
481470831
57980307
579931943
975250969
53962152
948265917
16130045
697851057
122884780
285200241
115214832
602278417
1060921
242901129
747532685
321777564
418386812
528314446
97544907
840771359
676457597
617626253
121293863
396134260
953246336
511673367
592633929
167746933
602882992
811656925
13271734
505425273
531687319
144679740
352641109
336896374
76236597
188401992
989540459
154280190
347734798
978429652
11880569
932980619
686804375
492224953
795388068
98560450
654248508
170203534
467673822
713816974
558146217
158579752
52288095
538018465
872440699
780128634
554154246
698403446
749844611
836515148
35542735
467047006
441092608
610517725
64411526
8088614
414720478
909880692
757718532
672655531
817708492
587473315
186301685
421630745
347512697
399402444
322396835
116164987
247575926
625659173
130251790
281407003
852690065
319437528
750593312
26025194
65294184
4710303
328719415
362805233
682392300
828355707
159044614
683694221
820572072
495197066
11281617
845577225
958634853
934917848
452985144
127268906
693855282
320179055
541219155
616754064
634872447
667273383
717077103
389001995
506721639
773577192
976209802
762756261
339639649
202382110
187271030
55476139
581991276
235852681
734847539
933627494
640815186
36817665
122266507
923864144
813294054
23537801
318071500
398956683
458576568
147442784
927324671
520558015
404326899
318830327
732868238
999680173
181798616
614084423
41666043
885055753
414552057
9575409
713868508
527002548
442625205
843272448
620953214
325895779
619795116
912217416
223963587
774439797
466471796
652472087
814202055
50371845
334561266
123582549
347185631
338485092
458248404
73127818
900995746
524934903
466301797
355903853
323621630
385607778
83249838
555437926
836463212
669340297
836231453
599549047
838887296
922706342
403621526
930968212
891595831
828721178
817313905
915369151
370356049
760830188
928666110
634608112
187272211
762307392
233012268
239286436
263190384
93603077
84354030
293002595
202119012
372036152
641430222
527468161
483601606
113485511
615608639
244285050
872370027
608278465
83043292
253435817
192364364
474352004
394679028
858526340
579046663
644202682
210318694
343610647
609727622
199359719
973122837
224839846
965651651
60311784
171660111
896145490
575489235
578669259
723235225
699050848
891918777
562094442
168776511
133013319
926438346
63122499
149139086
978971292
987750322
886759550
499007954
395136080
215851128
48732523
703991329
189578330
328573377
911491457
865026469
86831807
728060576
448329006
80403778
389547316
873774136
307730420
826914835
227257922
601444865
817989004
194689814
476097865
475540346
144394219
136659325
195882020
471041009
341638499
848849187
416648318
355351985
89053506
650662516
706170452
609749332
12619125
647787234
464822411
579306857
996017769
740792120
844183274
825510270
259823340
741235475
506516817
542769790
421168285
802451375
923150300
366117461
461559477
889266719
531436185
248958153
684138845
595891211
479124121
627055184
603039328
721856639
778456467
870747415
150220972
725191773
150423032
64325311
473275783
718004775
582233856
74239152
935506990
236904199
432625398
474873356
863011285
834002676
915271123
849995466
362638084
905059589
298681559
823260357
859352758
713174943
228694063
160796584
265711067
866115501
405471686
143218041
315041427
78886317
598124253
116269592
344536384
693800221
531100131
271231279
569560025
526705332
420904719
117724965
311927813
16224861
841801636
798983289
688971514
441381542
502046085
626155774
885502404
771108627
974712749
949917370
687670487
533823660
621866899
94527777
157169653
815078678
862053598
994446293
587604808
86986115
990857604
499974594
80972186
930085891
126102928
858801737
612208149
59572394
792299396
637045487
354227747
192785917
311507056
346232261
803719942
905865718
206274815
202092896
745425020
309234380
979382612
974538350
43770007
442193291
141959554
69395862
33616329
17102572
976681564
422626627
554979032
296342841
578528366
251832936
561268093
772770571
976449500
152261550
382609602
987593880
227109300
449440830
353149247
232072879
682806528
996643743
444614747
628531423
530790354
730327774
44271312
914881141
62192477
393501575
604740407
316795552
661073226
767887662
545969699
144899503
41177071
422604178
299519624
439158995
43022961
521230316
716697869
800016619
216336260
8365067
650185810
696538469
203464950
791325414
906547434
922086074
920627385
117949185
615942783
813952892
684065334
72111496
947145928
524872398
661070560
323842823
890749806
216136209
257571284
48378648
13896443
835279500
352695333
731914657
12349171
255468978
319904776
595096852
949149796
767507229
395396251
214411127
23138860
139244700
409822797
411570913
551867381
49539067
226373140
403588723
148247323
480116857
159458912
975562354
92378822
971008153
939473281
195756905
296552955
174756842
818122708
656700014
197276659
847493445
830259095
475420930
892520700
974340037
8866607
158836025
133697363
617722119
513166633
408939571
495872266
363311227
776841804
533810194
319040326
599538583
708408058
265176524
517340888
306123940
570131964
445898812
37480914
864509683
981599800
72574179
805381651
331967482
641435399
440663526
567977515
48541250
252756746
119466532
906687451
902917237
694788493
12249249
316222426
314312328
2672117
571238445
906148081
778432104
438508059
240387098
705317274
985572093
351002435
744844331
377111732
261553687
711836959
591612241
27766851
748814638
642641164
259152338
760126986
72031605
923521366
909717369
121444936
944102143
23942881
121505414
440607951
878904813
332346421
189773836
93455307
265558994
41956697
916207742
628227456
323019415
420665552
341336437
670764262
130242744
378487152
6538458
384623635
833552726
920949992
866403020
851038266
48592741
657924123
627892401
215882425
651354766
157118085
434488995
604858851
96844118
28782215
259851265
590740047
245305787
232894760
136593936
573069246
698013585
62223000
327329780
838130637
821362785
28064427
755538800
79035861
38516195
614533453
932272284
659088336
783889789
735777312
275240496
263930445
328418881
508642454
991862633
679001418
821633525
956086168
965378679
652100859
805724835
152710399
413264254
884896054
452748431
892714031
819874337
138238238
453581013
706015336
158310150
956187938
931827932
354498903
508806246
128746476
962139979
831457129
776888610
408515448
68744546
906491585
581816194
335494784
413406618
339418722
339006091
265209452
265106611
935339837
664739709
689478245
119087196
621236262
41575045
743297411
697928579
154663171
426584609
577230415
128807339
104595640
662878321
308407191
935656110
404474258
389139187
699589220
370672796
249942701
922405246
914875434
348892855
266146368
410388881
338228731
407588893
629963394
450624864
344791362
649280369
179409644
691812756
135500437
771716032
775252176
78129592
651179291
816562592
870166365
898689541
206975549
158286968
721818651
441220639
282980388
519929570
655039099
530501471
859224306
614544437
61825782
957819545
186354740
761535179
178374714
247532583
809904864
468583938
904014815
353936933
23316086
72595787
424475918
218712801
874227532
830412303
991612612
30565830
600238254
317191753
324377310
90347638
716008617
521832847
888759255
346390992
448379956
994627644
537910307
461716198
482722652
623435150
518527179
271586667
108073018
683291020
358774835
636457713
942463251
684040318
934324218
487415317
769662915
657615417
45116834
99109774
952180353
727398826
594674826
688534945
258690891
399741421
587114620
50414507
32822044
965827216
658876958
45348015
158133106
806863310
758862286
928797008
742411608
370748402
61280086
688208470
366217066
783499036
760582563
853963195
67984455
468392368
990107557
419622248
502001389
210458162
373105275
77017936
253550995
954156055
264208490
259549511
36241297
857463962
578831069
731047151
354095846
623374740
854649715
455655192
344100946
934049553
833271128
750129714
487299828
807437166
595162160
151796975
177547923
775973795
253954076
291951472
363618647
679783924
776522075
506738314
732190794
351886034
242846807
295169741
772281380
310473212
791632814
249365361
955536894
76693840
491944903
610671030
545746286
134625947
340999211
338767812
401383420
893591894
117854359
127900563
521708617
447257287
998608501
613212762
708293768
377192138
170432021
542645060
868720491
475615436
434379015
681073363
543730846
110284929
629284362
82193363
676800652
780491064
402634167
596536607
793681702
827157754
183624091
960064162
127989281
455534979
837055947
962010993
737025564
614357276
936911557
135812997
535073750
469204792
837787394
709754742
144918926
528287239
818360523
82019591
568988670
813365236
413686216
829551601
426251782
201613647
392881472
184106395
386356211
985850500
467279657
175880548
448795372
797579464
241898690
927144653
273387658
639044645
326474827
114911623
914319825
128391757
270117534
7736900
46280570
786820594
391427682
675742012
359700383
194106349
11675383
917431171
298333638
870330780
53513590
483808410
565911264
150585189
363243455
428795999
981310256
161288477
49918377
122875231
690152941
100283811
833877472
369213069
418994196
196060946
190813035
121351896
913702167
710345918
20319927
568395036
975827500
937394970
827186116
335980716
561735884
313394333
692905937
321862451
472384054
297678644
476980892
416905705
27109673
991391912
768738665
538581800
987363216
21882232
713477012
727225548
156394205
571311034
454699038
98859141
696550591
946776675
451917748
578308665
913666661
2544978
266561713
368660319
281152659
698595815
364304364
178894370
281643645
96788638
603392196
245518161
395999632
38548308
81434122
626981449
567231539
602488990
714934973
963258945
824865606
319399649
710976717
216444141
764712775
590092302
209907709
51668467
536115967
462495394
725508663
66247709
52564389
917609023
528734673
241857921
614948701
102704191
19959297
925057992
956720449
639319056
917625714
115293526
115613354
171295469
102775151
196447143
992636880
244924760
765575081
999056773
985887417
214598122
306757791
904442980
802266094
851698794
782380557
612016559
908403571
523405011
575524782
407403285
88881480
678020585
761853252
523880287
912288022
756719983
488047923
375502513
550191540
654263223
391677109
551345673
709646502
253649156
302519089
547335028
810065550
170478074
999919640
668393297
923198456
635360004
522171613
822326248
237074144
111052126
410707017
424082589
962613097
481305194
346820089
603015948
258352385
553030696
3225600
12677888
918940639
670100000
651899511
517541854
238724950
268237948
919104803
414769974
109802163
432084291
633171222
806374276
233464467
796408772
248955064
799275367
921824247
126431054
562003570
28021543
349393520
692031853
257366710
214837901
698039118
96987218
307453540
305693417
31439852
630356049
909929993
34048648
318236379
526868175
502040250
423601040
524532590
920171462
110837435
873270
322569929
4014561
247408745
354782567
787757146
676822936
523027365
603637908
483036028
798346981
206027242
734933480
122060512
614644793
446120253
576476640
922861158
25419155
926160530
500148805
318663991
270920563
29707591
861145140
215080385
1374638
662428139
4760241
479092272
594700719
924827846
826548572
52767114
482839086
174777524
889953108
201121496
748103390
685887903
122173842
96907971
392408007
104590752
152459079
822602421
489223883
929007144
20360889
502746600
68283088
878996364
138122550
71488476
350705787
140411471
835109862
497381548
918967265
874520029
821492768
191363517
73462660
998124938
379770751
76670279
317077856
588773962
683504606
93911395
57120630
667523284
945609097
478070351
646236698
600165345
961466716
827451202
813028624
245469966
768993674
954107542
622832052
776806152
702273453
598291051
971677939
987740627
920650117
804614641
877674694
299073807
917408951
647546355
570829506
260173426
60744705
341642627
37329248
896332005
183297582
183065220
944820492
712162555
746629049
546327580
456982390
543408390
93443865
397938812
144081248
326699818
314873761
897359750
523405430
443583855
372489143
411545618
358841325
584029002
170378054
155580808
442907172
394335325
316739365
522017336
804292431
990405186
238499140
576818277
256128863
863959032
51513393
910475146
667445329
367176312
919329077
175547734
524845923
707546727
858548489
742366699
358186041
197301569
920952290
380989751
586059888
294817926
175024240
228920429
342120480
368349423
982015050
447176154
899132858
248922227
298175183
587377786
357503471
864459663
810974463
12166132
639555837
97907656
41730933
925519441
450351134
853944518
163978036
181587919
119666866
757546143
743563690
108132815
721725254
190331656
911812382
350895247
822262981
995392604
303217689
459664037
599128172
866004692
298456860
752130244
973894011
56074238
398726445
935838459
92949480
551028757
578575559
446470001
641751782
128809504
454821676
193447257
413827501
468081077
112014657
382864014
114587967
312032780
530615234
312435134
787506227
375850302
433985023
257054388
623481924
152943076
596465026
148436430
170640206
702284092
208969811
960964403
731233385
863480111
692773767
368019986
266406693
698936557
379597574
308836757
557255665
211924343
124560860
949820643
258277128
494074195
586243785
726133181
81191474
551376719
323029329
719959596
962510314
988532997
762596973
556045444
654095052
456168200
776620119
848237188
474283362
423942149
172093013
398472209
444473635
128614621
748591453
69008950
280799670
336768799
132764614
843768594
515405744
824932232
952581445
470866516
390848009
151062889
314552125
273356963
428275637
360527190
802380554
272956401
913155236
804058979
712634477
810891018
570975544
304794931
827048870
601492124
893103742
147131947
710815817
313254056
507586964
376981782
910398119
431825386
502851305
732607070
428905261
442173469
488914721
483842120
895767262
67693132
461479399
214046367
676269276
860626398
497075555
460151606
137192123
5224021
319176412
65134241
181716101
630288147
988282248
441240311
262912875
181580941
186820032
858409073
973779524
799177264
614086456
160088256
578415102
972301119
388953925
147372490
377097886
433511861
859107790
444446461
3698027
124537824
435415053
578414558
372970454
712679355
712240804
572604734
330383695
323201724
440727493
9717970
42840013
628068363
305175087
578752340
57303539
684868841
151224918
457428419
21941992
588218990
742674433
854847372
622402529
964535521
827958376
909889409
482096881
274632342
568693179
16138401
984703622
54096785
810111411
660512829
217360933
501206548
470027349
882285559
256123921
111683511
349580210
137684926
903700343
372732150
9437764
28618914
896847674
339499064
826926340
691535257
302944221
562691291
362887334
787495540
246752573
503692839
91602054
325293752
139430466
577730278
949991104
469581885
385308004
179098545
546299062
293271887
814578478
523904961
120962037
890663410
725678512
803825613
108204943
853655550
947832416
211076598
573686093
946331343
193414669
56110411
663776776
56674136
454452576
803159007
38556894
876901387
569066544
541917057
897849462
420002500
687136550
583261067
67614332
714099090
177973178
369238352
926982720
759636417
108724664
892502528
375585764
140644273
187326423
616048093
710212169
65961792
725077664
442133493
397982774
108947891
720876915
243246747
896639024
977012789
840687242
444711581
150076880
954854142
723554031
519617463
548643179
187916306
95148432
640906747
377409017
778498625
179516003
164196464
627070804
574127875
933341864
301657226
514570386
602011423
751819176
321280025
314249205
628717129
531047758
957847625
966760018
106132750
450274142
304354789
9946832
340442549
99759204
790514181
467588259
740803094
372840898
922832365
247760908
761926297
793439787
413234698
724267545
476884441
880763808
993217162
649076014
785044352
602526820
959139711
976434066
265540409
267860608
475499977
300716862
194100157
606316027
579424760
741621203
428700682
862407328
205585878
529566597
413830399
328159410
960474298
100990337
204502467
492727133
491881692
958415168
919807520
934561050
726869758
30482311
858652581
66638132
446321499
231531956
646867606
113817320
75753899
448392325
521009259
426613157
858946734
823865807
482855403
88544627
311212043
794778298
572519479
150301340
930042152
792266963
915245031
956147217
386972220
814871122
710676672
504649610
755387444
726165366
830647970
339328855
911042584
359825675
730193957
924695869
49355313
409145272
944931337
901745234
414489188
671657869
391167854
169290939
454446229
652681385
706704745
422727751
244042634
892573551
883289542
206992111
99925371
806477236
402299036
167992769
155447492
130363781
14599250
89778016
443992459
36013431
715384415
593940855
709514603
544103775
998588173
838747315
850689047
903070905
454875495
419509416
129435299
699032453
897841037
899439907
752868493
919322217
941096365
634751854
914129095
836135180
679617652
246030231
376622278
404447145
477140951
364894123
298145636
263785893
514999303
936050842
832541490
381633295
120090423
871254525
403756070
763487383
999328470
319369476
645085022
717002289
370485632
455421044
263067095
187241400
668682134
558336574
373224078
949698833
715518737
982874598
541332141
514269844
475161305
566139331
34613226
954320452
690548816
745586607
730411421
956153583
365787707
605595581
256389602
784354958
193607576
112365742
449723188
681036888
994583190
660527425
783763712
398776017
665665051
842743350
434424424
93193204
771473477
40089055
755431408
498685222
170104052
53592894
286252804
981280178
834039627
224974433
751600433
335848116
265759640
645457453
773837226
128752504
344818627
602011467
415898309
99617375
273801629
730354798
377001582
740271058
721126923
724229113
694955164
429262229
544764004
139659900
63491580
229845122
635757492
177433125
272644830
16054363
82950718
600567580
615293057
886123842
9656675
264317193
990330901
655904457
534066988
273927339
78062180
3152292
471884129
37412871
579879006
380426915
13269716
175139540
332194246
382893786
332409169
275664442
493405033
954941959
393721626
13106773
573604422
952688204
271055079
797865577
651720716
225735497
518620306
287440329
48186552
51662891
903901303
620200984
682750181
751428895
90813085
483440793
370089063
490207837
646913695
235672995
426645814
403562990
654137561
478522503
592315513
754687564
630573076
300534308
948423786
94043431
195402665
814574589
379779595
183588124
85446550
331750670
771001375
412429127
935846147
698513144
772643589
277112770
609503213
468867920
894247394
366692035
677883052
997547446
217320744
759873275
619712906
90795502
24762231
149091302
625361710
82977372
947232274
769323247
453803835
311469038
780074067
124076724
310119025
274010002
7776886
143557799
850010058
96802005
718048345
644276466
789273050
728787577
176700959
970389101
419828823
181758963
830499169
315977671
331373763
788836304
420866732
778091067
701512745
601792977
755064565
456007617
305575658
560881227
387145538
887752115
249452737
223282145
886652936
628011548
191068262
523787757
531761246
827431084
598117420
79102118
801595830
748691504
432774631
632063154
110581715
664800257
240283798
830622595
921987510
153154532
934461010
597528715
912013509
398008860
431785544
411584211
814077680
984401292
561452028
63775055
121839888
519038763
187653657
782487815
72988846
907839555
118712968
651230446
933120636
674407487
784741916
729707107
562083511
354846849
524101649
665319845
398818889
370213093
178177520
796020154
192808260
79161046
99975773
156242017
380367204
230497748
225702233
849481836
620343639
786922631
842005987
1470672
358546805
837644974
719440535
1220349
541060613
270172340
117943441
719640297
231790014
112931401
118618859
552690414
724497086
21899554
870210730
3358353
843444416
792162475
434791849
609509504
229582084
865607656
915865183
553150961
270398108
572528669
659348159
468441531
137869740
311331463
184370639
844775396
528929843
322844546
555002680
770924041
303362592
392751156
694188568
893423412
978317312
296439880
918100373
952207361
407394699
886790134
664629124
567795998
133149394
307910470
846456187
609279978
394094326
495253929
169785441
523881271
113159427
311347308
817967866
582807776
144157577
770681843
419482607
243982178
752102059
368257837
630472576
763023952
224081169
777440597
92993131
183480180
227115081
379906890
906339012
906082545
763848099
445976003
707162545
389622672
356348309
362653654
207405966
551567678
389032291
253706489
659765774
696525176
707835219
138547777
954161016
105993544
548767744
911967020
293812542
981961173
160733042
863364592
198229289
405678444
579346720
137570800
240871612
44944982
329919042
689249432
729170838
837602864
952119384
514879620
481345015
384315810
822235692
803127117
240541741
417040028
511965322
705663585
138213030
317549953
810852467
246815074
214099803
307865087
475650102
417971094
109055512
443406285
755129701
931528598
15075251
511585851
480312648
847223658
260412704
142059796
456576394
284513643
283501487
172055779
664124082
286574211
65119170
112194584
318431090
584829246
927230476
547818399
37246482
965490307
940418058
579138471
974295492
914637155
418485605
210464089
96608089
499655265
435693068
530684079
379393812
627195736
977394767
667569592
931405805
713543314
735807874
916432280
328831415
195490979
132954740
456205954
935231624
104667885
817599679
919188311
254856594
22694236
590961974
105423029
676720887
231438755
617823670
180614239
267497634
756726043
205668359
620001543
845500092
171498108
250793769
336814258
187172080
796168081
405550043
874111209
724471248
901526734
70267624
538690648
8811723
480659256
262507328
507528308
302479365
911451175
321143645
3219956
435514249
147377300
109993907
356366020
973616742
561024963
483984609
130698747
63440691
177462675
492892632
808624099
819868319
857721202
11496949
980108932
649815845
600944524
771688044
6490323
686629392
232804696
103375255
149882195
443375017
614600801
233048592
680303528
246306972
217896588
891214524
567197892
629471998
698242183
999386132
329406378
397494633
162846235
165468966
186330815
441784052
330935856
638336042
620312912
820750271
900826701
938576181
871171078
973352367
501253137
276000360
492881132
595298205
251320457
15465363
173600742
153906443
375695401
132859354
127269947
502634781
198556340
794137105
548317211
758440593
717153559
92505858
960708062
210402946
572714237
421458823
14380583
914526849
904221929
792306614
68453930
3487076
103273283
558047012
368165781
56099885
778205717
735813823
860324839
35968088
62632237
7614050
399097403
38798911
971712471
558717338
16012805
332584961
888005612
545944166
491006363
278788229
690320024
875250186
384207759
201372697
270244230
118559543
351720827
768121379
204885051
485552708
196124220
302655833
612356544
82957141
652281182
178718561
933649701
818743852
51746488
599416357
370145553
579294327
645880337
314137296
571394200
535422159
758209281
901401752
266395505
707156940
204917835
817910707
861871826
143840735
573646969
351295342
467796483
148518685
162347232
130148507
278998993
214684657
80013248
149568634
610617380
680266813
860853070
793108685
868540317
168893041
488538150
648116932
672541960
169149028
589775251
490677300
335434264
844797588
125700940
662883957
570273384
738593111
985450115
801837837
472060513
789801900
59708153
522291559
656566498
664552741
812718818
723412711
144355165
288646678
611245749
316613962
996458938
218871625
403954742
452342482
100675060
678161166
757998437
975280176
858505818
584656421
391381553
968475591
76693274
682756270
541258748
853860384
23778006
479459131
652191740
938675048
466520500
216861894
143842052
444977388
640551913
5052114
41425217
613531321
986790877
786277844
932538042
89532628
560387287
320463455
724869743
525872779
158127271
120872628
116630702
405244127
165811110
454040382
831566673
563798931
533234841
191893733
156364796
32109473
846028579
269510366
438975176
573476911
244205891
504923184
832221023
919601972
245388780
936627089
891514308
841084525
782740541
630185855
384679901
767360138
885729737
300952936
222076643
570620191
774358366
300696045
603000626
177648981
299471606
918783782
58190575
43473527
807637529
495448681
636741058
982196754
256233491
669169221
899631162
246552815
310350177
249400380
835898961
559426465
410190188
364102983
926641790
520559903
11266954
200921660
313954932
573739517
7425636
206025533
328204182
768258709
103465402
653489818
928620199
377363107
511648872
351522559
70865865
491566694
92559926
801572418
488280673
235675671
167474311
301132501
672990585
649053688
741397757
697070084
879054713
220061100
844966457
944720401
151066603
408126957
834536134
342553358
647427594
935926736
225127658
327102015
458819913
282363147
255804495
455898241
594651484
49874007
758746447
694970344
189935050
171139535
713191821
893240590
207189076
536883121
818772547
888779211
682596465
986513500
454579774
184317535
688762395
253695248
867729096
736680507
450709726
606922459
493958564
562278958
229226289
92547927
986443766
317738345
880187788
777157411
708809110
663397781
458017076
852632881
137364162
181412917
934447616
791278766
234541153
586563558
185653446
872329929
522505621
544414332
802725551
526200900
561169083
257963125
777724943
719491376
408678775
457304479
676363074
508732124
961521917
27370101
812749023
601190183
155629006
652862589
707947150
768324944
947217558
554200257
177374430
984421271
86747897
890269952
493049154
74696427
2348366
252623837
770464120
161712029
261135030
777607268
927046247
487127986
697487180
957050205
739037225
720277957
855806931
245355153
4619793
472330414
988506885
791530751
876111643
98847257
961434899
143122769
592449259
631592060
572129596
834934875
536789751
966341710
733738714
287956651
178794536
60048551
651588421
735993241
84012813
613668276
496790407
707453925
581348679
294723396
23902220
750637808
690991611
403252875
437545542
820030935
448398758
28017571
940114220
644142410
889143778
587262734
893638972
370631248
274137749
894020117
492824457
791813290
670094160
990710737
512860750
198751376
635923238
744328643
479846745
717149422
342669415
432614372
675302251
316120287
451441989
352749864
843430927
793760103
830407359
65345303
410837147
491680307
996900859
236205846
19456478
693756687
936150469
124952694
853189864
216787777
28064169
77939776
77352950
306459603
726613677
89053005
945638825
67810909
928770293
40042061
575978591
873468726
340332705
452685224
325802002
458242972
174099771
25690910
636200052
887782936
584605030
331307588
613285351
226871211
958366282
964376821
188566121
895726729
931105898
421607838
479865612
313415448
810960465
143550454
803941244
724147760
950567281
838271231
139717580
309387674
928763478
913874715
64211116
174592235
91791144
630991351
749115178
879182535
342399595
743263307
586056607
336636144
535208797
752451302
361916592
967302021
815817067
476486627
345320498
199077226
969436726
354052570
123596321
189993327
484706173
973309653
361933999
99688381
504220325
492997898
404835460
726162329
956193897
23314249
477457954
171009122
446251767
734097258
138219751
24941101
132332771
605970537
476572817
434281850
133185537
24456646
864491900
545144639
231011012
253709459
371410252
668341234
89667887
672256543
192367964
797879517
927020870
765305994
325325030
283043678
411851408
760798472
763008126
859938261
673688131
884849743
102425461
4135843
789657894
779204711
525435959
637874128
172769269
972727940
780798610
993668988
307344268
703930146
524811801
25143952
773668197
739592437
987241730
898643185
295780680
835938994
668232683
814341644
250681245
983150291
366975876
571312122
883854007
31308019
710725114
306723802
123174071
159389520
397400940
287429340
768856036
900540032
778659086
110444381
333812918
739121441
666472470
990824022
724069641
108133162
492344038
719982642
449762951
28482534
770211701
492463352
314210076
416836686
946600835
295426890
867207960
541454327
199755755
896330764
414343288
847973580
355601420
400143450
272591696
968080313
368912212
413200938
702749177
980186096
774435177
770221250
311921987
806471958
715163027
484582798
553876403
532101518
14812132
950107113
161261758
552145236
532497550
912706759
147078440
650400795
69866978
463356552
198769832
862015198
549467811
555632894
701864607
885647617
50878475
285429868
316585750
155983382
972709690
470156263
247821127
447253079
27116594
676622500
537804523
957784518
956367592
883097018
38354382
76925929
759487776
590258976
460464461
253611667
372365970
791038826
985704453
122017759
555859670
415186017
792257386
433444503
900211862
458483939
166113791
661824132
54365598
514805551
336739243
488764982
939998381
814823617
620257450
11015656
889837703
13252030
520772361
205969654
504852336
307426100
914541797
576208902
635867647
995742338
177673095
81010758
24137159
330833360
217446644
231230475
409068623
1246974
403785716
782100431
472826923
895374230
831785346
400030481
721138203
387221646
353674529
220296039
280840571
182154643
450861827
551376774
752949756
647775936
786491845
456613301
441032026
576500091
255722378
831249642
952165020
736352726
888769568
577794782
64789704
570181211
953136342
212123155
757720610
262889732
768132812
940804033
366568583
22219867
60775510
22236616
326999921
988397618
808451462
295328593
593341864
645487259
562715985
298704904
975290021
242203763
993150996
20411842
224494441
560145510
740132429
114668382
784093414
435544019
248933605
928692660
549497235
47043412
769396826
958463355
517727237
461083024
820568838
238760048
967945614
588926321
217263392
249423476
945616189
970295196
763460675
856296954
104201036
750905306
997683202
55182328
536288428
14731161
71240491
34342370
30213138
470662681
716267519
607186837
865798487
580901794
656125404
51934426
740336122
236546282
112855973
522207944
242470888
320514328
72874596
797194159
791014996
146827314
675566958
201133418
522507341
846912299
213683478
725651102
73527833
475106550
129738881
476118669
825033288
263599944
457331799
864097659
687042295
421105416
699116716
489339919
284976419
265258718
975444725
983863792
62981299
385248557
67154144
726731734
220036544
372788542
73071990
988980754
199558580
345241925
151811902
921217002
792901165
771698495
424699989
138600666
825338475
458757189
523442320
342612683
763474667
405052183
371080271
722377801
248162435
134078395
875059307
221227177
150726043
919843258
885769504
708409618
937560209
643500496
365971837
223162
65993185
673281677
483405622
31129779
957033122
249551955
572991440
716235454
250237510
5869012
405654565
686679595
232853180
571192143
807910544
286983004
109903366
663785701
950602628
615228177
132435710
707751467
282788759
812928973
928539300
328347608
870664572
594649383
733365398
939673386
738260656
881515384
351299461
423910014
264760606
942045762
599101672
65971927
240699994
823729362
659778481
454643529
144432035
491880906
472923952
8825684
350418934
790245737
946579116
491724085
133527219
297509939
862831124
642354915
441485032
608554185
690096971
649220131
449873202
990351204
268720224
141225286
484169954
657751994
802849763
672372496
329226665
992682856
380593218
501308056
222817026
34497818
698517479
548725118
226548518
811070470
875583026
202161471
442230284
662718183
628024293
674864638
46634435
472595145
47681040
571150144
627012037
554271370
86842671
690432829
439261756
629982208
217461171
877538738
364521440
118167689
381043240
832820355
619550917
537474452
163593305
419635362
771635912
854318921
754289521
326225668
231970604
191632081
514100356
943384195
90325512
376647497
568347233
185243016
317393760
189268271
405881936
895880190
665721678
969695323
808715294
642825783
475194212
933019941
232694878
412149259
766160469
851198118
841191395
82222978
152333559
463016128
986473975
639156504
200879894
712673621
28276952
308485271
473069908
528033028
213033885
519844408
618093357
699827833
672470763
696497434
581686023
698114238
180845457
834215324
759385821
728037708
397310082
194987557
194088710
181072915
302245341
174499195
427602495
991167209
992504169
895538207
850264484
566004440
93776934
232611043
1059254
66105569
970637858
132072309
58686134
433936922
227752703
213233917
293618716
675499369
912921782
859587693
719401841
376216753
629009961
993693786
251231550
287160771
88376962
97772776
816982307
504876543
454038105
910847470
431800381
899327935
479728959
343445040
195510998
237895088
772753001
386361724
58267237
679901646
339670089
310360938
392558482
273287121
624118832
886567467
37531004
961156106
645461550
181980315
585506428
727746931
322829845
934620358
57895183
377676934
723420776
77168721
396988006
684732190
94111910
550668874
666162095
620737643
623766014
80202816
261969881
514327656
552532916
617285813
622825153
366423699
347208078
671926480
751613044
64228276
138750170
358334353
883159881
782134555
834835030
184769684
339678331
563349007
317596656
417591131
298075243
807500535
944736279
122502165
531075549
25198861
396544651
858958881
746990186
935019125
713159585
795111978
702756870
232099335
695229975
733341743
365545928
948606415
19400143
568096627
709929587
286810091
564185547
282935829
925850597
419662400
947506614
418856539
236235316
422047472
406029618
444116791
647376736
389762466
984023455
771500469
758552571
385192195
631588473
699482558
986079958
706925716
111033702
28819604
561168965
856813048
951544743
310208598
104913219
238848497
327556891
614090178
780106830
901410606
384732179
964256710
823690997
470836856
883036480
460361911
941609966
454640112
367143891
900455218
760791068
621218704
623779926
197864613
622843918
223981816
946038323
91408536
893691121
129011888
19882397
695652745
89163930
938863182
21423917
331929776
378168106
529476319
48154252
842282860
58420727
609271115
347335208
417791037
803127701
422476366
730750814
265764487
513282856
850971324
69736781
782581819
383518078
248264946
510251105
573057204
352481867
728858079
242013651
407335949
252746256
931652286
595012460
883955228
807644790
366620540
256143788
107835065
518434795
457560608
56897070
153598970
862459319
77064578
646126575
538755180
602789870
232395719
710041669
112652376
96930860
543670648
492332302
82946879
934682988
47481591
906019735
164105054
687116599
876450857
590953906
834895401
434200877
765538937
456436440
522764592
44693341
109388305
214484991
369821149
619088376
623870165
883161233
504759317
938934193
456616903
604833113
145075263
264520326
505236118
730878579
106099959
799735179
465840173
496140784
109900137
212016507
479654020
920888049
537213680
754591498
239339458
192534328
532262722
402113107
980482024
57838267
303004257
696515394
424234473
239322169
559167985
923694129
975455061
724252001
695003384
449157148
791483252
813289749
766666500
367423313
410247923
63166928
628105505
609178067
571627382
640150068
119615299
342940618
199907037
788842016
32856389
683799007
541192219
438796955
412138172
188371348
103388771
223470525
565219560
172963381
55814277
100535756
925058202
446576010
99161702
248980509
374464086
579197824
355496964
682085815
337509866
941155833
350671972
215421124
8297833
197218905
395791687
547890885
845374315
971547914
56792848
843623128
67822429
687838099
743814853
389996179
395858037
816282618
688900239
233517764
872824662
235108162
561742634
660222055
612671169
704880502
672430868
501952846
432713552
444077179
837730988
254100382
934404095
933336737
626223218
517015083
962185976
614574548
344119079
123124262
883207386
887790112
239973740
833388602
430492226
855853298
48677588
152361387
858932471
884477152
746437278
507974578
590519881
470746028
320003402
458565207
343680899
362905948
113395893
805138616
93636582
529269747
722173515
685506941
211537585
57257614
802661013
913328311
459171829
618259091
200898797
936859490
12764488
226043979
986384392
672693925
92797518
719588861
742595083
599678275
582946085
178730677
274834276
624490521
801151429
450085054
965182477
22298186
348005302
222441322
546682738
189689043
692237840
211618760
121572964
900397342
672375536
287376011
813245994
975124561
535397642
513974909
721340568
809628530
754311877
829034720
236483165
98061194
89625468
664490393
84439935
212212064
501968685
12980988
941393485
848258371
967155676
114904230
404502627
659075147
355148374
599700128
171545189
603377367
648225286
727727344
531974866
419085478
521823567
604016904
481051135
156246900
790422093
274575863
792897856
998335860
394388825
674769526
986806245
594718785
442641861
883284235
352706499
740596732
525546678
215338413
148678441
633961639
912287922
187319244
642870825
554592437
206590010
249107383
74818517
626208402
896023537
211369881
19030962
841035090
487021724
691681468
897180624
111538030
62267830
278622696
555125368
759178563
394220022
728297599
136884366
330081159
392576126
33984089
348686726
653802355
263138198
514440570
567347583
535501119
618498784
781378114
344435739
949923983
531114426
416972885
592261298
629578906
870611743
692097437
874888382
769925047
48200191
229927701
863349439
621430710
303715901
773003515
398139263
723290346
787871143
383774505
254487904
418470315
241538343
521998945
178479124
611710002
141985370
799291001
546232460
133086045
592544669
408284804
603197529
849388791
602760678
330784677
234835295
262073934
246122682
432588666
304427290
634096452
82160189
677881082
405786844
254271350
512255919
960026939
675495833
148901937
981798806
36308291
88445283
415520481
912455917
308235719
283254374
58941153
476369700
747712684
262608965
106294496
898027712
216793011
36875268
62046038
667014032
43214403
329034082
806871766
54752914
276837391
311697031
501858427
598834853
324852000
409593425
527365350
228869874
450376415
776487176
120789402
683986027
620193115
688784596
159044316
455729877
791076800
899910658
957286883
310589596
907175749
615566221
147138781
284596619
709483015
44851401
909642986
828219147
840977701
469859437
246987074
575816283
781127604
299517433
700885601
398998930
917510833
75180814
749134112
322772180
53536410
15963358
375367530
906448974
527795697
932582767
664010703
728330726
758308439
413216278
449259694
747231028
411743854
760473910
12494834
535466332
634092396
190150354
547795842
676816508
928659683
555014795
920987861
734566215
365910130
772082691
658984425
724398312
275830964
88786780
81887571
164829956
425295834
221675694
380104977
486008802
106213140
501455736
328954441
256271710
444584651
372999016
200186382
682677221
252969180
575457894
374710857
669406175
493507974
280616442
692950078
410199075
144167628
558819295
528771884
175400357
112213002
906236025
834094169
671075109
267307637
23212012
762949599
962709964
111760895
336735372
476593516
65607154
263198133
828606853
626874260
658654528
761580371
627399436
683496931
682067886
773968723
579256161
185172605
54267004
102705648
414229134
737295548
659874410
304760598
92488117
397753503
393896065
618232334
436256682
516159845
371193599
192520583
494274796
955347760
958387667
665205188
89810153
811677836
798798268
851818450
761848523
127954487
160484044
390659014
427232812
239841807
899383943
937003104
401620991
779198700
187246758
571000740
69676338
515676449
146239930
766935626
666115745
602887163
184654305
733499850
101668356
490826136
873339627
922838603
272692431
841550042
643630041
792399397
402771953
412037797
656307051
984687087
773321892
846586550
42720766
840501329
663267832
889834746
919785151
802102384
903667834
748156506
35075357
234953511
683716532
474229388
77346114
804804097
32281996
990086756
224171491
682590123
298073258
610191211
898208138
249622052
283647260
385942600
807667295
440454782
521093516
521090938
234213312
789394912
466940243
161173148
641027625
998040292
213232413
293549760
292823577
576724176
847251300
312501377
969538262
669540525
410638122
143912072
91895412
979717705
659784303
257679883
773597849
47748190
6777555
638572771
780953759
236922713
819147793
54592206
764793068
811175143
581687892
962375446
148363148
801395399
410837074
321994651
378183462
890772230
254132537
146074909
399317463
646110057
152797174
333177344
237103864
639692221
773668205
928517888
128442158
663520906
765997244
216230986
140619649
76377845
181557649
491135519
446363865
948876941
316376562
757489901
722389213
223491863
37461275
46583450
267924644
48542661
418052074
922389461
443875148
