795197054
0
0
460908612
0
0
0
0
468643777
0
0
0
0
988310988
0
0
0
527372797
743965458
423564613
452285075
0
839135350
0
563800999
0
0
314481313
0
0
0
485270692
0
680967024
0
0
0
0
0
0
0
0
206470906
0
0
947493710
0
0
0
626841028
952834223
288186398
0
539562212
237712639
0
0
877444590
0
198955748
341370997
952393784
596086065
152139954
0
0
0
719368051
0
0
0
50842640
0
0
106600291
498669327
0
0
0
835387340
0
956618009
0
0
0
939018569
0
0
853794902
0
0
0
200530528
0
759203892
0
532097781
346391818
0
0
0
0
0
0
114517466
919497504
0
754638201
621949056
0
0
291304499
0
558888917
674117774
0
419371843
21458451
0
0
0
716883979
0
0
0
0
58851818
728826439
0
0
0
338575986
0
427693656
0
0
0
0
0
875859071
468893006
439272150
178483421
0
978922889
0
0
0
650103458
0
666917692
138080508
0
19258469
977674283
58888864
535250963
870032767
0
0
0
0
503228430
0
32514743
539105318
0
951646825
0
0
0
733783982
0
930710075
0
0
924469279
51591823
120272200
821135751
0
720377983
0
613281294
614389331
0
0
0
0
0
0
908439227
0
848929015
0
0
0
0
466938544
293203236
