14255770
389669781
0
0
0
462132693
0
544971610
0
841729767
505603271
77879570
0
0
584627292
0
412890847
524657837
874327987
0
14631810
185190453
252647262
0
159033287
0
0
0
0
0
0
598546756
0
448495099
631287628
0
0
0
0
0
478908811
0
0
696425193
0
0
117110353
745576876
0
0
717962830
591014217
613244358
0
448182980
0
471755694
351148643
69111140
296087082
568285981
0
849080274
89675311
0
757689895
591825461
0
0
0
0
801203508
0
915114835
0
342943443
0
616359955
0
0
0
332145523
439048922
962133536
757365637
10786028
938305503
0
0
182980993
0
823887577
0
0
470792222
0
798700072
268052432
437142755
0
0
0
0
922128357
0
0
0
411306099
240194145
0
0
0
124921571
0
638692026
24990842
857601133
0
610396770
0
0
7376795
333285709
577743322
0
111106775
630994595
0
0
394341071
0
970804730
0
0
0
415436467
0
395801046
437152642
207775177
0
944443540
646075300
0
275039258
0
194300501
521076609
0
687238981
687653126
0
0
342715056
832953115
0
873586691
0
874956482
0
504527066
787248014
0
0
0
218009906
0
577707278
533941831
595386995
332144702
0
263810081
510095684
0
906937721
531288126
0
0
0
0
0
283427334
0
0
0
0
346881853
0
0
258441660
560642976
915347518
0
588349173
121511973
0
0
358013816
0
