173106.041934
81393.902412
194170.192589
176933.755316
195217.655163
161194.100008
173344.308012
152833.566758
198398.883914
87415.854950
185847.110375
147158.798717
198108.599390
163851.552928
106065.090662
191289.564150
122914.342009
180433.172193
194377.119126
122002.281774
167685.123792
102006.230042
166239.898975
184433.448293
160667.371303
140982.553859
199607.251105
154922.844906
141038.733257
138576.371332
193201.457397
166017.081085
197482.828668
187977.165430
194382.982993
51815.793093
156356.184247
199664.604230
180761.772844
178264.271541
43130.811618
152833.566758
124078.743424
83768.213943
198750.588574
151239.555946
149435.044025
187491.995054
173917.584992
191913.994312
106198.204923
137981.595449
197491.703994
197389.208212
163442.554166
194000.275661
199956.816062
144887.775367
197604.949054
148936.580040
81822.210481
175413.206900
112328.694578
158900.404454
77943.206519
76565.079437
199934.177997
199923.282078
167442.560631
175668.775629
189318.467205
194944.374545
64625.443157
182812.357287
178275.429405
199213.798548
55225.099278
128262.827662
187287.944578
197813.628868
194781.593744
191987.582749
146888.694690
129797.623366
150364.551096
195742.685091
177921.088651
167632.956549
199949.699096
141107.250460
195070.576330
83620.494894
196222.941208
192843.753331
161123.496448
89766.588652
138621.819067
199582.087519
187342.673169
189130.389038
