136733.267372
94826.798779
171912.025827
75857.840775
189806.979463
179011.732413
159026.296844
199984.764803
198125.312137
166429.884942
199701.718234
138426.538197
199993.163328
194152.236175
199207.182108
176516.743704
109674.815334
188876.317475
178798.083167
199852.749705
193507.196640
121500.730944
136338.514399
104989.088127
197825.360697
180274.879008
106521.266634
172306.356265
79084.198339
192893.703758
171726.154833
187964.936362
41918.083490
186658.044326
165023.682609
186571.616840
140536.652365
198488.180489
159436.454089
112496.365292
199419.544266
146520.753337
143564.133535
180761.381554
131174.695890
199910.182028
107922.133272
199115.825746
188573.242215
196960.916979
135473.676312
157492.508138
77124.250911
57708.186977
26039.493320
199778.464451
153845.886464
187325.866667
129839.246644
152916.483392
156519.432468
122001.050910
159694.547068
187334.296147
108288.095458
189560.490225
192039.278901
164669.487489
157981.474793
74582.722976
57951.144385
143773.159686
106194.281566
162652.667451
61943.128446
195954.422460
141952.991535
160101.423060
108600.204334
199547.693487
38781.601932
183389.734865
183765.087924
123474.354691
95532.282476
177584.851024
189085.272020
148660.231292
158356.947544
187910.239376
196511.029620
152487.734573
195658.988332
67592.878411
195012.411181
198790.653030
198897.136450
86757.800755
194107.338743
198732.063836
190119.666702
188634.423198
165260.374375
86053.302867
47400.261905
154620.488103
179504.317831
194008.575988
130051.532753
193168.886734
73593.165235
179769.109035
199993.756679
182177.001190
186663.361271
194170.491175
74319.901709
180289.329579
67709.348929
169713.452349
179858.702573
199958.431438
103870.141070
166136.576074
197799.677519
186544.109808
181466.761196
188785.617583
115949.156321
184858.489160
198952.741787
126041.209223
198692.933444
157370.105909
126652.812384
190759.632118
198571.606074
175592.931375
127623.712174
194093.524149
199454.794687
154058.226331
175779.884467
192673.783755
167842.182333
120822.959524
182521.728889
196151.556968
195541.971103
182572.906177
196080.880512
172342.732176
195258.001321
190370.280639
198410.861559
163560.821209
155892.956870
100128.941387
192650.337366
197070.961080
99508.933560
199904.614216
199388.391067
188799.562035
163711.357120
136001.309052
184987.991074
139631.782520
170751.704850
197017.394384
196905.521266
181280.282472
136029.334076
185847.707571
70588.456172
71747.781748
198266.242448
79008.532187
155345.398222
173529.130089
105740.362610
194230.683337
188042.616529
177918.433577
137481.585508
160846.141799
159256.779357
169892.606401
102972.139837
144848.147416
199651.118469
93439.704869
197559.370983
162399.351429
97318.040232
163585.683283
103572.051080
191476.002143
133578.976767
173942.151445
179637.127156
149929.401744
47466.306534
194215.388607
173114.016689
170874.199755
41154.862939
112944.284766
152879.515314
182012.264638
136654.421514
198988.634998
184577.326814
189331.508774
197760.621516
151224.486689
41889.462719
162608.111356
188183.332693
185385.341782
72092.800000
141716.802022
142034.224218
199935.815022
105577.219722
175610.974314
166751.030303
189640.752258
142497.043951
166770.024033
165099.857633
141579.484429
163320.476090
183566.145901
118726.517110
177803.337032
131390.450000
95732.579855
48184.541868
188048.413099
190213.953143
195620.642374
136035.730910
199080.769644
199997.479938
191181.122843
132898.754207
163857.976597
182605.117965
190200.203037
128192.414172
145911.347987
199864.901064
122649.050296
123911.577911
101679.634445
0.000000
93589.000684
160177.014560
161176.576173
152765.250345
196791.154814
199726.114707
131733.394505
135123.813548
167143.288356
194098.457932
156991.108463
193457.347943
187089.476369
181279.725841
83965.113936
199764.390174
156090.762495
138496.573793
191817.507868
192194.117152
83145.769389
173023.169048
150985.566604
198468.945906
184043.778258
148976.566010
198317.362492
162374.864708
195086.647527
10481.920821
174632.376482
166310.939410
177552.701080
108307.413858
138100.954305
198402.995052
151447.628612
182088.453053
151152.887868
198039.204969
75168.020362
199785.625000
194440.459478
152464.981479
171968.696070
155111.971812
167137.180249
151273.176030
68187.389377
77005.293759
178608.225904
197859.888905
197700.970065
185447.267468
192744.000398
177699.667702
192958.416889
152166.082069
40782.792920
185246.697422
186358.763029
186427.014382
199810.085438
186258.654881
185547.895391
195659.666504
159145.638920
123714.934338
194524.074068
126151.458286
168391.421206
111463.185639
192869.740042
133410.303742
125359.495336
116272.781095
170858.336882
194917.498765
0.000000
176799.686611
70202.941683
199611.670946
198885.434138
173171.894484
198053.662389
199697.239880
199260.276169
117882.865236
163080.457630
172629.848900
151104.502243
184004.332857
125092.841967
199372.126895
133434.735044
147135.985338
159209.900037
106467.337002
139059.282777
187428.641709
129311.552640
180245.207493
142156.461337
57893.722397
190651.844673
186139.561608
188551.442094
174488.942307
147430.975059
199158.462609
121963.751683
119616.398709
199268.443556
59614.350729
199671.154165
117548.234327
199762.944669
115174.558442
111019.951775
183624.456494
198119.972755
198412.855771
196616.806740
194963.665856
199870.577600
106178.654857
194637.460836
180690.092072
167989.637812
72840.330065
199937.321749
161879.724365
197147.915544
146987.305986
199952.658248
189813.658614
187967.261118
159404.681587
128418.397598
0.000000
131320.677263
93791.325369
199813.944024
84351.620883
190321.385670
197548.497746
183511.265343
190264.691662
172863.018459
86803.419525
114632.172629
100793.480163
165547.255030
198951.298968
142792.069431
192439.275499
198354.469934
184377.085749
199515.417686
164598.555403
172719.219432
199677.676431
197749.562211
95272.369294
175585.330635
166525.422446
38901.588827
158000.119823
156667.348924
161021.206349
162232.265568
17068.940351
113697.809619
163930.588147
183735.932628
193307.260416
115245.382101
198983.242179
180308.597007
163186.705825
181433.749288
190749.486446
148171.501725
193421.409499
108476.537621
168395.263885
190731.585366
28933.982280
195055.815534
167307.746753
195670.226261
162857.892772
185848.496636
121251.820205
102436.895980
185768.801066
199888.505219
97314.501363
183614.680303
139773.285361
122362.897570
183896.414925
197673.148016
199781.939957
196172.714681
58179.946568
187746.441913
51604.666364
119829.796610
177768.447243
183095.200549
167879.445032
198427.490143
48755.943544
170741.944960
45868.738945
155661.496485
198488.180489
123277.400079
173755.072995
164867.302620
185993.688252
199629.010385
189646.985965
187438.333855
96520.250121
144705.033932
199735.338475
93804.134570
168091.606607
199381.375150
125521.690209
138872.458928
160395.250000
194171.531186
179856.853604
150527.185779
129969.057656
156945.429352
198215.900883
106723.713484
159378.762717
197139.754861
97898.414608
199997.425926
117822.023253
151299.396425
196279.211847
192170.229705
199652.731103
191546.291454
167378.061901
127627.129412
197122.840736
196619.027683
194585.288591
192434.741764
89572.701242
163928.145793
194247.398547
198377.860215
47776.948881
187500.474179
63380.349109
165833.462976
199655.811535
140695.752269
174992.930540
100930.498468
155001.742674
83202.831765
194244.991310
61499.757586
171458.745318
199382.136868
114040.472239
90798.104925
189421.569458
166398.796905
195020.607060
196166.758433
199829.533938
199494.898775
132923.238594
190299.933785
186031.559728
199366.044696
172704.104523
199992.672847
199993.159182
193245.012028
126113.311158
199809.361953
125093.297459
106437.224106
138599.603480
191175.047123
192761.732912
165462.100843
135453.401167
195516.020069
126489.404992
141992.821323
159691.788493
79775.070732
187896.382807
179547.072449
198651.950725
193076.735458
199423.850537
172893.885868
189278.506969
77538.221797
167144.604023
74781.971743
159963.879739
80487.442711
130676.829824
167957.364634
146821.271524
193058.933310
199826.273777
183493.956690
181148.338442
177871.064271
199640.822417
187738.329239
159003.668325
40492.901130
157635.507096
146785.411303
102932.149593
185596.081250
164955.094895
186389.340668
133723.952893
107663.308343
103122.103252
199431.058938
196868.259106
152089.360970
198087.121878
92906.486675
186222.544560
185575.211076
196256.140720
193684.545321
176149.953757
160405.053915
50260.492842
190131.069170
199982.423031
186146.698869
130058.688465
189266.821690
192183.310926
119336.582086
50140.944005
120152.893130
195169.532690
110643.453605
192554.196615
172003.379909
198653.103215
122692.875488
180507.051511
191920.698362
174283.164970
190778.021148
158379.095588
196698.732453
170091.175923
169355.413418
184137.697267
199616.632898
185211.979229
120743.406780
166271.352291
87888.578070
166490.444013
199972.187345
197907.312778
58441.326882
128274.244347
183893.103483
188538.716451
195555.757645
86961.219246
195657.289882
193022.773026
199474.358691
116455.772495
153133.023714
182427.953130
171058.078224
172378.374699
199699.508846
196680.421933
163557.755763
196741.224233
22301.031281
197276.073315
192887.584713
198289.749907
107355.702427
198185.718988
199925.759811
194163.583878
198862.110725
198118.868524
104423.263608
168737.624391
16512.717023
197813.464883
119597.163461
149528.209615
198219.353152
199890.522187
72580.246732
134371.871295
156145.616511
146798.884855
197299.842876
192497.080627
120041.215397
195237.936231
97556.413655
181057.444782
152677.871251
197848.366487
122140.099236
177328.732275
120575.673117
103054.851963
199755.236973
193370.935319
186091.528672
199980.298210
187698.503387
195857.149487
30188.364239
190626.980885
194938.822227
196770.169497
173747.932446
166332.565870
182274.389066
132526.334086
185691.602213
195512.992448
76886.336608
154833.741141
80621.633458
42308.754432
174030.939470
44285.836474
190034.546999
190568.766670
198940.898560
175519.232852
165872.540772
172161.308064
88262.215853
44835.275855
182309.385117
157879.530251
172022.378785
175713.836266
94076.276262
198478.385306
146502.261491
197392.203899
96469.603735
58932.211861
184012.050435
183880.252769
199812.586902
127669.497504
165727.024982
198801.288706
184935.010526
151387.943760
196244.415816
197924.591580
163689.015104
187224.029046
111160.887937
196599.575748
160256.008585
188344.268538
192630.798708
147293.257129
77460.690996
164404.026251
185996.834319
199748.764720
172902.038861
199747.800098
118750.814192
158332.339823
165516.069135
93712.068120
13601.811842
199985.061794
133149.345236
189554.719069
120567.846932
198978.918646
156730.746304
184957.823158
179704.563152
96159.655255
127985.937844
152286.449704
167468.392520
198862.110725
170118.548908
146899.624866
199907.310483
109422.372215
190504.298226
129586.411502
69056.553828
199877.690367
52720.301381
108990.058864
199943.254484
195003.304648
188648.487792
166511.787434
195632.943459
6542.575374
179246.161282
171174.133659
153338.255558
191042.088162
198130.462951
105141.991696
199553.222041
199872.871928
138347.896177
199996.202881
49434.232132
199982.875798
184080.651133
189991.747435
132679.229846
199318.970165
127525.413531
199901.556191
195525.211590
22024.367799
195093.307027
199762.655282
170056.830948
164766.153316
199865.478535
182738.664843
187901.487858
198631.851201
195004.638716
194682.409710
172148.246337
129587.886155
197763.926254
186926.170226
153627.268418
136367.218854
130799.111518
193780.708536
185058.241748
169227.552971
187736.854207
138153.798211
197303.194189
174215.301607
170837.593126
107384.140737
197979.891885
199977.820429
170636.068384
189011.482935
28513.958259
199912.077402
118097.610600
34996.073852
73449.780663
85971.482026
198828.199195
197074.099303
177882.314037
89181.356238
196562.191379
61487.444332
165730.910763
157740.529720
92280.315326
75599.414879
190307.609666
199845.759124
55330.601259
128082.040011
125620.860184
140138.996559
74463.876571
145540.596668
62900.525433
159604.012966
152213.705931
141634.263546
199602.491334
67999.363674
181213.842570
194546.275862
199911.819000
199995.813181
193108.834102
147281.477138
83202.568817
162586.578475
145941.549147
179648.687612
194733.532607
107799.373721
50387.513480
189675.945648
94083.808547
150634.446154
99369.110747
45749.146195
194915.638394
199042.424092
184043.778258
119022.494976
147121.224326
199997.936728
173167.493376
147000.364877
174378.882893
199174.201766
172517.689045
180396.263802
160461.691140
159122.688520
176979.665429
199812.497054
194669.227069
170204.284403
137682.279810
122588.869932
139642.045773
163733.699135
199557.224562
94159.131396
137792.345894
196777.767629
194289.395364
199183.001668
190833.822342
163768.608535
159416.891042
194390.774417
191415.023378
24246.621983
67105.711179
199769.214714
107289.010126
113196.258150
165167.793019
164356.799331
132015.739200
190764.070849
199687.805154
196993.175376
199085.310008
195748.856895
71419.253308
89772.632455
199892.789914
135656.413999
190697.489879
101526.754288
80429.422127
90352.824995
192908.966513
140026.425759
187655.426939
102893.646054
196144.889608
80982.279872
126970.819801
173030.157328
178955.740676
108124.830397
114946.559753
170898.103199
121561.531200
186658.318631
183188.966092
60658.363456
177558.956293
192076.857464
189640.087423
192645.313139
99927.486254
81006.313598
179798.973547
187803.762578
157893.430304
197424.991595
153116.294421
133428.071962
198114.727657
184454.562678
130591.189498
146059.461911
154477.784089
120429.428467
77462.089220
156192.077571
196672.994759
112837.371516
189085.964889
192277.723220
53508.209876
179442.012058
198963.459871
199215.865281
193572.798666
199348.208996
112346.533832
162603.859176
45972.046816
150026.588317
193613.636076
198432.862455
186922.204238
74567.282303
87447.770736
158992.994968
115928.267354
155826.663392
32500.070766
