316.069174
282.102150
244.577029
424.100557
8.675493
121.391747
112.618269
125.552594
416.268786
386.994353
360.555170
405.734123
51.848059
384.233645
156.711383
411.072931
327.765414
290.065105
185.202359
433.430736
208.048513
354.588458
306.368307
431.917246
297.892027
38.410260
31.800235
173.436913
124.700960
388.225252
95.572249
357.863977
397.206486
0.000000
158.542272
214.118683
409.111525
5.473866
198.102857
370.731067
215.877005
39.272727
226.677978
241.476971
433.682543
427.271132
302.135374
59.864866
357.310574
104.840589
418.977851
348.611178
258.499024
419.110192
5.589088
301.587509
1.097634
433.604715
376.116053
97.251592
9.328903
115.039495
192.263825
402.373050
10.834517
1.876732
136.860692
430.263656
358.592317
97.620697
189.106309
401.117763
197.128593
263.445185
108.746445
317.008214
231.407096
320.873005
166.031626
403.191904
379.800186
248.849098
169.000617
252.618089
374.432909
270.199512
165.149476
89.443041
94.397917
38.439034
411.488256
89.583309
429.698422
345.202780
263.118592
426.974912
38.055382
92.724911
181.189019
15.507958
