450.400509
198.422823
449.998340
268.393343
400.795252
344.948699
257.897768
416.690176
441.396361
40.389844
417.184687
450.068181
429.082679
97.796749
428.673554
145.102440
133.542776
368.751426
275.403106
409.258641
56.855910
155.820727
36.009991
321.000118
25.182370
205.445399
114.640415
398.017323
33.441656
109.073641
117.498764
356.945105
232.169728
450.512337
0.099053
419.142270
368.034322
13.062671
233.847069
450.042542
249.480158
43.928240
254.513255
134.373927
179.925323
388.374034
258.393234
419.943819
422.009840
0.819896
265.082759
312.021650
415.912127
231.740606
57.434358
95.076666
405.911350
161.087016
16.384611
450.581450
43.587728
450.165858
426.503387
139.971291
178.648458
168.114387
450.702138
71.947798
77.356787
449.431560
173.230368
135.270222
127.091048
446.955246
438.946871
44.281783
256.151353
9.558503
30.459726
79.675746
73.722748
165.447856
450.231720
260.895536
179.947981
121.882183
446.890451
153.839996
423.602188
449.909803
164.555129
343.856744
432.777716
142.860907
372.695063
27.065910
82.983333
96.323785
34.498290
8.831043
450.087479
385.729716
119.559325
436.302098
150.716643
146.135026
366.787756
1.338802
439.612113
153.304144
39.443349
98.201161
195.198337
361.901239
401.015275
325.059722
416.021485
448.703399
277.132129
405.243241
3.358593
307.776124
5.992020
123.643845
363.154528
29.740378
370.881448
444.887026
335.933020
305.968462
445.663527
0.000000
446.148086
417.974170
1.872358
265.546982
427.416059
222.801487
309.171561
68.998984
170.895990
450.252431
450.307438
392.161261
118.411686
247.975409
394.797329
42.970322
226.160770
417.895896
445.276226
2.640087
249.644761
278.832898
173.354837
450.375421
440.770311
51.183439
324.192838
412.008277
0.165973
111.181311
403.903421
278.609274
35.859975
433.163851
259.336819
446.509834
395.800208
156.170129
142.449707
411.513458
5.263195
241.266270
109.398512
174.124386
447.668197
90.008756
391.797967
16.815528
70.869161
382.241831
354.736182
313.297409
0.544600
308.241117
403.118046
0.075552
146.630236
182.678764
129.424025
15.118177
252.826121
244.391012
408.783263
270.304696
1.734900
112.911420
411.705040
402.624020
334.728667
29.733412
334.523840
349.040261
333.626375
232.005383
390.497118
378.504656
45.908081
8.689035
16.157678
54.431938
431.533956
130.190823
235.451707
180.831646
5.261674
149.795371
43.298933
295.961981
394.500618
415.144038
0.294796
7.239769
345.644451
297.139407
439.019089
61.571674
369.968261
450.401426
426.641862
392.641481
42.744951
64.546071
135.081255
196.503032
450.519913
45.324735
25.987603
377.351439
371.431187
202.327254
36.875468
336.694217
7.423323
159.000791
435.034993
446.393738
434.054340
418.051743
327.858369
446.674714
77.650791
98.580882
214.842492
33.872262
449.759585
223.285484
1.949800
351.609005
147.472092
450.732305
218.259673
0.002332
151.797956
449.927608
167.123699
128.361262
450.367743
146.517688
80.860990
194.651736
222.289833
449.734876
0.098001
217.550138
450.059170
344.563976
419.441508
0.047622
430.521064
0.700028
226.330921
177.334831
102.308916
263.276316
134.551364
406.573697
50.622280
376.207746
414.206731
444.775769
141.467540
193.107913
296.656051
109.060023
29.202956
12.912344
425.297226
393.591644
445.561626
411.120031
212.515658
3.783098
398.243925
282.971241
184.666251
408.155364
211.147688
332.109159
447.448677
89.582985
234.774829
448.956121
435.443284
414.668570
431.974584
441.049750
450.381205
10.002929
285.997395
272.685462
166.490890
363.206959
140.232203
22.981402
450.008378
98.039240
449.863984
145.761368
142.542969
283.726667
409.612099
38.980755
259.276859
6.244599
10.830186
444.163836
450.505469
45.172711
419.299574
118.975821
440.974516
422.245921
28.513502
191.197390
450.433143
74.290424
450.542646
288.386824
448.533742
385.387900
105.083785
169.611316
366.471504
430.685399
445.270646
433.317475
449.128030
65.295858
118.359974
265.638874
449.408104
355.588328
181.638273
0.221833
304.928504
17.307749
421.586575
169.456769
358.744466
450.682798
358.776607
450.753872
321.106480
103.461430
188.206411
411.947939
44.797956
446.167353
68.117597
53.882408
282.516194
389.709957
432.449137
390.354347
137.092982
166.068807
331.644967
400.443198
4.845310
450.301485
296.212130
445.318695
319.804253
171.011597
419.305126
436.105135
337.718720
450.454367
416.394586
56.654884
329.004381
445.007306
286.160118
256.566321
361.224830
73.571095
330.541693
158.633368
59.159083
104.192734
330.779806
58.660319
409.849082
434.231337
381.185106
419.310449
185.265284
123.964806
448.071895
32.676340
37.554065
405.501065
411.312014
243.047861
281.731829
43.592374
50.245562
157.316540
14.792418
286.280750
446.673710
376.611818
5.599459
145.873916
15.171251
321.497771
125.474594
326.325033
68.774490
450.342137
427.911145
25.163889
334.106602
227.210125
144.205468
245.777451
27.590856
435.704841
443.568713
184.028066
447.674801
450.015341
35.196442
277.989973
416.666393
307.651690
243.814705
438.714420
160.346592
397.050448
425.498768
324.240701
450.241507
405.180823
443.916884
447.888791
308.753726
138.775931
393.867648
432.680144
118.693754
7.511094
177.298498
116.056192
176.823517
144.594021
44.005219
0.580177
221.665442
228.465600
386.460738
376.489808
231.225755
187.253269
225.899598
442.985141
0.572192
407.822062
436.755739
444.212361
325.480780
373.779386
258.428188
99.927585
120.254527
445.928111
211.762393
415.417082
155.004924
19.368655
194.743801
206.540152
262.419050
405.775149
262.860820
142.776123
233.408013
344.363763
39.893029
180.600534
374.942377
74.976730
450.587302
46.615167
201.784706
200.926030
331.697514
100.841269
285.514448
145.031764
303.870075
334.150564
63.179628
261.655833
1.142776
0.081580
402.537873
280.058127
152.301243
248.564224
450.148697
410.560639
15.978328
414.280953
62.847590
344.194955
335.288599
42.076005
242.222581
421.963365
39.111863
225.216851
161.231375
15.248115
408.187564
194.516695
283.117480
295.789464
153.576770
169.849191
84.009752
368.783403
449.637913
433.361071
223.292058
431.876733
437.814677
422.141885
450.409193
432.206196
91.405819
450.433143
387.563858
450.354678
435.781043
434.207583
442.725559
328.741163
26.546377
122.891282
96.555314
403.540179
277.256583
226.402476
117.948416
151.086154
450.297294
391.348841
197.270025
450.182440
22.443894
414.311720
450.573787
450.593055
445.836567
127.714120
247.041636
300.010564
247.986271
118.820684
342.899960
449.784830
81.153344
212.089973
338.483228
68.079463
446.362114
319.964981
402.110248
316.300041
155.723780
348.964779
436.421193
213.591046
343.873452
444.062494
105.119497
26.164491
246.014612
110.763411
406.050469
327.267140
184.220460
450.205022
281.493360
152.849046
414.034818
221.573202
408.903823
423.121707
358.432243
82.645755
79.723058
450.282832
435.995245
447.682522
446.873824
107.005561
139.678823
48.276241
37.674281
16.791676
270.659369
379.548715
137.361033
108.019792
69.949911
152.509922
450.383733
436.751070
34.108826
324.196966
408.535324
14.594616
61.153066
295.131996
450.078804
440.840170
184.082355
370.311719
450.447752
309.180449
374.087770
247.309782
236.582519
229.657475
322.622504
23.854395
383.489613
260.532596
297.848289
296.467012
432.466316
212.027794
448.585890
436.750470
420.594497
346.028280
192.043323
447.357059
443.932678
90.627811
448.585248
286.484525
214.973648
211.483103
97.436510
389.815264
296.462279
161.995083
450.350898
345.486527
443.678675
323.350722
265.112175
16.038721
194.971688
15.562893
436.231530
450.220669
177.348279
338.562181
58.616532
415.060467
306.174287
57.470167
450.749001
19.207247
450.346379
5.902249
405.307065
35.975372
288.868438
428.663683
336.106019
248.059012
345.360903
257.990015
450.061289
255.222276
377.577155
103.847752
434.730158
0.000000
163.708289
269.816710
309.749533
442.136909
296.833190
10.497737
270.862495
68.993454
122.486843
428.819548
180.292384
225.306393
420.023623
186.830755
192.567376
320.415121
24.678109
212.668713
372.530419
235.969025
365.844875
423.458986
434.597535
389.759236
23.298434
94.011288
291.015599
71.849302
422.564494
411.536913
291.140142
334.869486
374.986690
316.013495
0.128398
44.197280
442.928224
423.536230
234.655268
396.310558
167.823785
40.698435
294.672419
405.239745
111.904099
102.158386
12.496259
123.265004
437.047639
277.034343
286.274463
262.674137
444.584655
394.802039
276.798770
147.068442
15.497010
409.628707
106.036111
166.504554
353.706336
31.138232
316.345722
318.006866
127.898000
76.173826
284.910242
208.282349
358.315186
239.525715
7.105361
334.621986
164.659887
354.187677
443.684740
281.189073
153.774189
423.577454
432.837919
131.094607
189.959032
450.217793
0.066510
76.123581
99.442505
410.841381
94.663049
448.367863
276.819058
450.372243
450.323746
409.198643
448.923348
450.416804
194.051552
29.502445
226.957957
409.068251
201.770903
339.122642
429.078056
259.435242
449.193725
418.455334
33.523186
128.138115
284.390186
439.016379
446.255973
361.293652
387.765258
154.755543
404.431134
385.342487
449.086189
429.960012
14.304705
284.031527
40.726374
450.397542
0.000000
90.582046
262.990269
300.860162
436.481780
205.661964
49.744393
21.527664
449.966285
450.341285
450.348844
125.447109
107.078609
317.573298
201.969083
312.734275
346.164925
408.863763
110.608633
144.379264
0.451972
171.997882
66.610407
212.156935
132.750463
44.147437
182.055182
442.020921
371.772791
348.594173
1.250677
448.313697
442.792086
271.054100
276.478745
14.726924
444.881890
330.376225
192.801570
445.057955
222.824353
142.300899
386.689601
172.852075
347.549598
300.371899
234.601533
450.754350
357.530445
8.200011
216.891023
140.997442
245.507087
158.198523
269.073197
40.837127
84.601915
262.285214
285.737919
229.247975
450.327146
434.848593
407.445558
0.003302
411.054981
426.975783
417.236074
169.285599
401.485947
239.389454
261.975319
392.079515
34.856021
415.150961
60.644040
66.780247
449.745657
172.957748
76.521548
308.283134
338.164893
124.939004
51.634725
449.464232
317.287363
376.133892
449.254967
9.716204
341.791289
153.788291
146.702838
426.811897
429.358318
107.080836
239.228357
450.671434
64.842162
323.301186
395.390303
369.331572
15.965517
66.903982
123.705279
427.210447
340.942753
273.992526
197.900198
289.583180
370.268029
126.298184
450.772333
84.224849
184.239034
282.341348
240.142023
449.985635
82.066388
67.642954
315.992731
65.656191
450.106464
259.857171
447.993579
448.929493
446.950262
310.574913
65.567637
18.749720
260.679333
363.450144
121.223296
306.771764
16.551151
450.196513
165.393199
241.935338
362.605658
180.427219
383.280148
107.274966
111.204528
334.080672
246.052558
434.010376
336.193387
397.685710
416.960456
351.316399
12.641217
432.441404
5.957025
448.872240
229.587102
403.311986
367.065759
17.023692
220.281848
344.583605
105.615500
308.149425
327.546556
301.068634
140.108815
71.806945
