11
24
84
87
104
114
125
176
177
188
205
206
230
244
361
362
387
400
410
445
446
480
518
545
558
596
597
628
686
711
712
714
729
733
755
804
807
815
828
830
913
927
1007
1018
1028
1029
1097
1098
1162
1167
1171
1206
1223
1228
1281
1298
1299
1304
1322
1323
1342
1371
1407
1408
1416
1432
1438
1465
1522
1579
1634
1647
1648
1649
1655
1766
1796
1821
1827
1833
1845
1853
1859
1880
1888
1900
1938
1970
1999
2007
2015
2017
2069
2109
2127
2128
2167
2201
2210
2220
2235
2237
2238
2279
2284
2346
2368
2385
2403
2436
2448
2490
2511
2549
2569
2596
2597
2610
2647
2677
2700
2702
2704
2753
2778
2804
2811
2850
2910
2911
2937
2951
2957
3055
3090
3120
3121
