ABAAABAABAABABBBBABABABBBAAABAABAABABAABBBBBAAABBBBAABBAAAAABAABABAABBBAABABABAB
BABAAAABAABBBABBAAABABBABABBABAABAABBBAAAABBABAABBBABAAABAAAAABABAABBABBBABBBAAA
BBBBAAABAABBBBBABBBAAABABBAAAABBBBBBAABABBBABABABAAAAAABABABBAAAAABBAAAABABAAAAB
BAABBBAABBABABBABABBAAABAABABAABABABAABABAAABAABAABAABBBBBBABAAAAABBBAAAAAAAABBB
BBABAAABBBABABBBBAAAABBABABBAABAABABBBABAABBBABBBBAAABABBBBABBBBBABBBABBABBBBAAB
ABBAAABBBABBABBAAABBBABBAAABABBABABABAABAABAABAAAAAABBBBABABBAABBABBABABBBABABAB
AABABBBBABAAABABBBABABAABAABBABBABBBBAAAAABBBBAABAABABBABABBBAABBAAAABBBBAAABBAA
AAAAAABBAAABAAAABABBBABBBAABBBAABBAAAAABAAAABABBBABABBBBBBBAABBBBABAAABBABBBBBAA
BBBAAABBBBBABABBBAAAABABABBAABAABBAABAABAAABABABBBBAAAABBBABBAABABABBBABAABAAABA
ABBABBABABBAAAABBABABAABABBBAABBABBAABBBABABAAAAAABAABABBAAABBBABAABBBAABABBBAAA
AABBBBABBBABBBAABBBABBBBABAAAAABBBAABAABAAAAAABABAABBABBBABBBAAAAAAABAAABAABBBAA
AAAAABABBBAAAAABBABABBAABAAABBAAAAAAABBBAABAAAABABBBBAABBAAAAAAAABBBABAAABBAABAA
ABBABBABABBAABBBBBBBBAAAAABBABBBABBBBBABBABBBABBBBAAABABABABAAABAAABBBBABAABAAAA
BABABBBABABBBBBBABABBAAABBABBBAABBAABABAAABABAAAABAAAAABBAABBABABBBBBAABBBBAABBA
BBAAAAAABBAAAABBAAABABBBBBAAAAAAABABBABBABBAABBBABABAABABBAAAABABBBBABBBABBAABBB
AABBAAABBABBABAAAABBAABBAAABABABABAABABABAAABBABABBAAAAAAAABAAAABABAABBBBBAABAAA
BAABBBBBAABABABBAAAABAABABBABBABAAABAAAABABBBABBBBABABABAAAABABBBBBAABBBABABBBAA
BBABBABABABABBBBBAABABBABAAABBABABBBAABBABAAAABAABAAAABABAAAAAABBBBAABABABABAAAA
ABABABBAABAAAAABBBBBBAABABABBBBBAABAAAABABABBABBBAABAABAABABAABABBBAABBABBAABBAA
ABBBBAAABBBBBAAAABBBABBAABAABBABABBABABAAABBBABAAAABBAABABAABABBAABBABABABBBBBAB
AABBABBABBABAAAABABAAAAABAABBAABAABABAAABABAABABAAABBBAAABAABBBAAAABABAABABBBBBB
ABBBBBBAAABBABBBBBAABBAABABBABBAABBBBAAABBBBBAABBAAAABAAABBAABABAABBABAABAAAABAB
BAAABABBAABAAABAAAAABABBABAAABAABBBAAABAAABABBBAAAAAAABBBABAABBBABBABABBABBBABAA
ABAABABBAAAAAABBAAAABBBBBBAABBBAABBBAABBBBAAABABAABBAAAABBBBBABABBBBBBABAAABAAAA
ABABABAAABBBBBAAAAAABAAABBBAABBBABBAAABBBBBAABAABAAAABBBBBABBABABBAABAABBBBBBBBB
