AAAAAABBAABBABBAAAAABABBBABBBABABBAAABAABABBABBAABBAAABAAAABABBBBAAABABABABAAAAB
AAAABBBBABBAAABABABBBBBAAABABAAABABBBBABABBAABABAABAAABBBBBBABABAAABBABBBBBAABAB
AABBABAAABAABABAAABBBBABBBBBABBAAAAABBBBAABABBABBAAAAAAABAABABBAAAAABBAABAABBBBA
ABAABBAABABBABABAAABABBAAABAAAABBABABBBABBAAABBBBBAABBABBABAAAAABBABAAAABAABABAB
BBABAAABBBBBABABAAAABAAABAAABBBBBBBAABAABBBAABBABABABBABBBBABABAABBAAAABBABABAAA
BBBBABBABBBAABABABABBAAABBAAAAAAAAABBBBAAABABAABAAAABBBABBBBBAABBBBBBABBBBAAAABB
BBBBAAAABBBBBBBABBBBABAABBBAAABABBBAAABAABBAABBBAAABAABBBABABABBAAAABBAABBABBBAA
BAAABBAABABAAABBBAABBAAABABABAABAAABABBABAABABAABABBBABBBAAABBAABAAABBBAABBABBBB
ABAAABBAAAABAABBBABAABAABABBBBABBBBBBABAABAABABABAABBBABBABBBBABBAAABBABBBBAAABB
BABAABBBBAAABAAAABABBBBAAABBABABAAABABBBAAABBABBABAAAABBBABABBABABABBAABBABBABBB
BAAAABBBBAABABBABBBBBBBBABAAAABBABAABBABAABAAAABABABABAABBBAABBABAAAABBAAAAAABBB
AABBBABAABBAABBAAABBAAAAAABBBABBBBBABABAABBBBAABBBAABBABBAABBBABBABBBBBABBBBABAA
AAAABBABBAABBBABAABBABABBBBABBBAAABBABBBABAAAABABAABBBAAAAAABAABBBAABAAAABABBABA
BAAAABABABABAABAABBAABABBBBBBBBAAABBAAAABABABAABBBAAABBAABBAAABABAABABBAABABABBB
AAABBABABBABABAAABBAABBBABABBAAAABBABBBBABBABAAAAAABAAAABAAABABBBBABBBBABAAAAAAB
BBABAAABABBABABAABABABAAAAAABBABBAABBABBAAABBBABBABBBAABAAAAAABABBABBBABBAAAABBA
BBAABABABABBBAABBBABBBABAABAAABABBABBBAAAAABBBBAABAABAAABABBAABBABBABAAAAAABAAAA
AABBABABAAABABBABAABABABABBBABBAABBBAAAAABABABABBBBBBBABBAABBABBAAABAAABBABABBBA
BABABAAAAAAAABABABAABBAABABBAABABBAABABABBAABBAAAABABABABBABBAABABBAAAAABBABAAAB
BABBBBABBABBABBBBBAABABBBABBBBBBAABBBABABBBBBBBBBABABAABAAAAABBBABBABBBBBBAAABAB
AAAAAABABABBAAABABAABAABBABABABBAABBABBABBBABBAABBABBAABBBABBBBABABAAABABABABABB
ABAAABABBABBABABABAABABBBABAABBBBBAABAAAABBABBBBAAAABBBBBBBBABBBABABABAAAAAABAAB
BAAABAABABAABBBBAABABABABBAABBBAAABAABBAAAAABBAAABBABABAAABABABBAAAAABABABAAAAAA
ABAABBBBBBABBBABAABABAAAABAAAAAABBAABBAABBBBAABAABAABBBAAABAAAABAABBABABBBAAABBA
BAAAAAAAABBBAAAABABBABAAAABABAAAABAABABBBBAAAAABBAAAAAAAAABABAABAAABBABBBBBBBBBB
