58
59
269
69
2002
165
113
84
96
63
105
102
526
96
95
82
101
127
257
92
169
88
171
276
88
1601
101
209
102
1152
138
77
491
130
59
74
211
69
62
115
291
104
179
86
179
261
189
235
454
85
3433
69
80
661
104
197
248
64
75
136
759
105
98
97
161
569
618
160
131
145
120
656
333
100
416
332
61
82
99
118
277
345
81
105
63
123
67
130
143
1202
165
1452
83
62
70
6497
528
167
150
166
259
167
66
64
459
125
276
741
1482
509
201
248
72
983
234
125
170
122
115
130
131
149
103
116
61
591
66
6870
741
128
129
418
233
217
67
356
77
194
78
167
65
430
63
109
115
182
167
256
70
83
90
115
196
168
136
197
966
3635
78
150
264
75
833
530
145
82
315
79
2414
663
104
246
721
136
233
681
99
2274
112
85
426
113
145
74
154
61
375
133
3135
367
120
79
203
310
79
1508
143
72
132
60
98
78
254
334
71
395
87
103
111
1010
156
150
184
180
129
130
112
149
113
119
78
266
71
109
213
91
109
149
129
67
62
119
99
827
124
104
387
147
81
103
121
103
169
127
129
99
216
193
80
105
766
70
102
63
143
135
115
163
81
61
2903
61
208
66
73
245
82
549
72
6129
599
639
78
79
122
70
1692
130
277
848
131
309
58
75
157
113
227
66
71
155
65
84
113
2160
181
937
92
156
192
65
280
80
1266
104
129
105
904
74
63
117
94
105
103
2146
185
952
102
78
90
167
64
200
1158
313
278
2072
123
73
152
312
58
70
362
76
351
85
613
76
68
137
59
112
136
89
87
872
258
142
119
349
92
64
3900
148
85
5961
270
773
432
210
135
172
617
462
223
108
103
177
77
580
309
1124
181
64
123
83
101
71
2862
518
395
99
83
823
248
419
321
642
116
97
134
221
287
74
714
375
61
135
350
81
380
69
1035
93
115
79
109
351
853
400
99
301
94
154
113
192
265
159
264
82
2865
1986
368
254
154
526
158
68
982
97
103
179
109
116
1182
399
1231
96
250
2721
265
66
131
70
105
615
128
149
116
66
77
79
127
101
105
105
214
1143
976
66
62
84
142
95
129
180
146
225
63
290
98
347
119
88
190
719
205
200
90
144
66
237
1489
567
211
101
113
277
837
165
148
67
456
136
67
69
321
149
204
476
503
147
94
68
133
920
81
176
80
162
492
1114
482
73
1265
8020
74
1017
70
119
643
454
88
323
119
221
108
197
353
181
124
282
126
104
6981
286
982
69
60
84
302
217
104
87
92
80
126
74
141
154
474
416
86
1093
182
216
629
63
352
245
743
67
202
