7
9
330
26
20
18
13
7
9
29
68
17
299
34
6
18
6
1159
49
39
20
7
546
17
13
36
9
20
15
38
12
18
7
14
139
6
16
9
45
10
7
27
6
7
13
12
26
7
17
19
8
6
10
10
8
8
11
29
9
7
6
6
9
37
38
17
15
13
77
69
10
10
7
58
12
14
8
192
623
14
68
25
7
7
8
6
18
8
7
16
9
10
6
7
6
761
42
2328
20
18
185
8
10
37
9
8
10
11
32
14
10
11
14
88
10
8
36
54
7
10
8
167
22
17
8
100
26
8
6
30
9
7
10
8
18
6
21
8
7
26
6
18
47
9
6
10
27
29
10
44
120
51
7
77
20
108
42
19
13
7
20
10
14
7
9
20
8
20
180
15
9
6
7
94
8
8
6
568
15
12
577
15
6
116
45
8
9
6
78
7
16
15
8
