38
196
75
118
90
658
45
433
66
46
39
37
74
274
644
48
290
138
66
61
84
67
88
412
136
141
40
40
140
49
372
40
596
96
80
202
42
47
128
268
69
65
57
43
75
62
90
392
866
77
97
141
70
416
40
92
84
71
165
293
2327
41
59
50
72
129
131
109
143
904
45
75
114
104
164
75
102
42
262
102
57
71
50
68
574
769
267
215
102
95
80
1994
3994
38
72
47
38
309
1717
49
100
752
133
159
82
42
198
54
90
47
170
703
54
53
49
76
1153
1650
114
40
42
42
606
55
507
58
110
49
37
140
1977
132
45
76
51
181
260
235
38
50
119
86
83
50
61
585
49
86
200
326
622
167
58
162
78
266
474
375
3736
372
39
285
589
75
273
290
67
57
73
119
119
124
107
73
44
104
162
40
101
38
301
173
74
62
303
477
409
70
94
87
150
76
86
2006
101
2155
178
74
43
44
273
909
139
53
58
74
261
37
75
73
78
118
154
46
48
74
104
945
121
107
157
51
154
56
1098
38
65
38
45
104
104
53
72
43
316
68
38
77
49
124
74
86
82
42
81
135
105
40
45
366
39
68
74
40
51
76
790
68
40
48
37
2030
72
49
47
233
91
93
63
189
54
167
194
41
157
110
76
45
141
86
171
860
846
66
41
174
49
90
89
96
50
64
174
756
149
40
58
93
66
90
133
42
170
110
38
1830
76
376
253
1025
38
143
353
69
50
45
68
93
520
86
168
47
133
45
116
2695
319
112
90
173
2019
42
68
57
105
145
44
43
156
38
60
153
117
79
270
1332
73
43
1973
74
404
57
124
192
281
265
80
76
72
38
72
532
312
50
79
127
87
118
108
47
50
61
87
275
119
53
2089
41
75
116
71
178
63
226
52
43
40
74
127
184
73
239
455
72
58
205
90
591
95
98
45
106
49
137
372
112
612
143
154
79
87
139
39
78
143
58
387
89
61
322
59
289
58
49
101
92
128
201
93
48
63
47
59
308
61
48
70
41
45
371
117
92
127
76
