661
464
467
231
192
129
160
105
273
210
171
189
2838
128
386
153
124
855
118
128
5053
339
124
14000
119
754
148
247
990
134
108
307
1472
233
131
201
118
196
224
102
5172
940
1402
482
1062
109
222
104
568
242
384
119
498
244
133
202
248
251
345
1401
155
140
1444
418
176
570
1989
133
327
1031
136
386
121
176
107
712
484
157
211
295
216
120
141
115
218
117
1577
392
453
9170
224
292
132
183
117
279
163
98
403
98
1051
936
172
1042
115
2019
210
426
127
459
152
342
162
109
110
507
430
1217
476
1276
508
8931
527
711
141
148
156
836
247
142
158
8979
572
265
663
125
251
157
121
111
1734
1522
522
183
463
194
130
200
115
135
109
1855
98
2157
126
126
1333
442
118
133
117
171
458
109
344
4204
351
392
111
364
1552
456
1488
168
171
1603
97
265
1164
4956
108
149
130
2353
1795
302
379
212
105
587
127
192
489
1176
3925
116
130
118
304
209
297
376
223
173
656
255
156
2129
325
153
467
122
505
145
173
112
144
123
101
123
5640
119
186
105
493
972
295
120
298
4813
109
332
137
776
8995
277
256
94
162
123
1444
112
149
176
438
640
364
521
473
149
1001
104
540
104
138
121
532
577
100
200
236
440
239
255
475
165
164
225
2124
694
108
1900
103
1174
158
289
111
175
297
253
98
632
217
642
269
92
312
470
165
721
126
105
191
119
304
112
104
9244
2101
122
426
149
3010
432
278
133
489
184
122
2262
155
232
254
110
333
9930
466
527
144
367
140
923
422
208
776
506
398
150
2712
1787
949
97
219
132
473
210
144
1766
184
273
161
117
115
180
173
268
150
132
1854
172
404
2240
164
193
202
145
3247
214
149
106
231
128
220
911
136
121
1067
160
180
368
410
109
5883
278
371
113
156
687
155
11100
105
257
130
332
264
3086
113
5997
179
269
589
356
218
93
99
291
152
163
151
205
251
728
418
102
304
187
154
205
276
832
149
168
175
1032
146
177
223
806
205
420
409
661
1914
142
1596
105
955
237
1584
203
102
257
130
96
485
4504
408
147
188
473
160
129
142
171
171
1186
255
229
123
145
196
154
184
98
122
95
122
118
126
510
118
361
882
1164
197
145
277
428
383
1122
154
323
294
505
208
580
322
211
205
107
118
106
330
320
958
412
1153
737
207
139
113
101
106
9902
247
194
1324
1424
1033
223
490
1947
99
390
388
298
468
10686
136
813
112
1243
96
133
156
150
136
227
4316
155
160
203
95
696
160
224
310
108
248
109
190
208
414
100
153
278
204
184
113
112
128
227
141
205
590
191
122
227
2382
150
2717
294
161
148
122
138
217
821
4288
308
450
99
535
1736
202
1158
6709
96
756
296
206
134
125
101
2415
859
151
105
508
112
325
5744
688
240
450
538
137
305
183
269
101
391
245
1301
409
11352
127
142
679
729
458
94
220
134
381
231
249
335
127
198
136
1903
123
779
110
98
210
118
530
174
150
233
370
244
193
127
283
875
117
4579
366
96
220
750
235
226
238
4120
3531
121
124
136
225
105
135
113
1304
1248
181
1283
105
124
231
180
96
737
557
4770
198
224
125
179
107
228
279
287
169
9447
2111
851
465
481
2053
165
157
152
675
237
254
596
228
325
179
134
266
244
293
124
147
225
142
143
125
726
145
456
284
123
382
601
231
472
796
155
148
217
469
175
633
114
135
178
120
264
2679
246
127
685
138
168
1517
2187
320
198
143
186
213
112
227
273
585
283
191
181
102
397
4679
120
259
209
240
213
124
112
297
96
365
121
104
254
92
96
867
119
9660
112
872
126
123
485
312
521
537
4466
1251
174
310
1514
153
1633
213
234
446
115
4066
196
217
201
156
151
280
1046
170
100
150
131
301
394
259
1645
688
424
155
308
170
