12358
16266
2608
27564
1967
1454
2003
1022
6335
2691
1798
1732
1044
5483
59995
11728
2586
2273
3935
1327
3579
15906
2378
1232
1641
3600
5304
2708
1136
5605
2528
2455
5786
2275
10133
10710
1391
1556
1448
5739
5199
1130
1438
8905
1318
2815
3013
1602
2124
1507
2389
2643
9828
2828
1639
2182
4095
2865
1559
1519
1637
1475
2269
2005
8622
1674
1987
2096
3860
12856
11761
27268
4940
1260
20303
3272
7863
1198
7246
2706
1555
2209
2284
1446
2174
2578
23120
4540
14785
79993
7619
7037
2296
1747
2553
4832
2227
6891
6205
2776
17856
26248
1293
10293
1099
1611
4482
1649
4127
1286
6787
1720
3389
15152
2945
1465
1586
3405
1738
6576
2240
1466
3441
3514
56816
7303
17627
5194
1759
2814
13526
2115
4615
2039
2486
1450
12627
2066
1081
5449
2561
3634
1163
16321
1151
2342
3344
1700
1142
1948
5906
9846
6130
2687
1562
1923
45094
3440
1300
17055
1439
2585
10576
1271
4316
1556
1346
4284
3134
6969
2032
1430
14999
2957
1283
4991
2260
3193
3254
1987
2531
1823
5561
63635
2297
2862
2203
4377
1231
3421
1455
3809
6832
3204
5976
1704
5714
1538
4555
1515
4104
9421
1602
10212
1492
4908
1151
7318
7865
24545
1394
1241
2018
2981
3370
17458
5455
2416
12160
22254
3740
5548
28120
2398
3103
19995
3873
3638
1992
1982
1610
5881
1422
1382
8053
9070
1963
1196
7533
2311
3061
1399
46291
3753
2454
2621
2579
1769
1479
2296
1362
22560
5000
1387
1561
1274
1155
1432
3730
5182
2079
2354
4115
6448
2627
18915
22352
4439
2922
53330
10936
3822
1815
1229
1559
1240
1633
142852
14136
1513
1424
1199
2699
1230
17044
2071
17006
1110
37068
3203
8620
25274
1230
27497
1294
8197
4748
5824
1111
1652
2338
12727
1378
2018
6561
3807
3586
3380
1177
2136
5681
2618
4528
6135
37618
11901
2631
1820
25000
2454
3469
2678
3421
1177
9875
1222
58743
1711
25595
1802
116664
2983
11028
2154
9096
1489
1113
8688
3498
1534
15420
27646
1281
14890
1412
6602
2177
1733
1646
3944
118975
2084
104346
69229
3424
2419
2353
3570
1683
2888
2384
1285
11389
3117
3781
1133
3333
1471
1385
2637
3914
1494
3597
1252
42214
2087
3892
1791
1733
1380
2147
2030
2151
2921
1836
21588
1993
1778
1641
2637
10555
2423
1087
1571
1562
7453
104545
4032
2829
4329
3806
2105
2957
2179
2220
2906
2902
1064
1656
2108
1058
1941
8129
9220
1346
3304
5321
34372
1295
1490
4308
3457
1188
2362
1766
1181
1107
17778
1721
84768
4302
10714
2224
1298
1410
3822
1261
7092
1249
2282
1332
3164
7877
2649
1769
1232
1483
2364
1936
4702
2080
1271
1147
1041
3713
3020
1280
3222
4245
3332
2127
4755
1556
14732
1448
9283
1171
2276
3040
1341
3045
1300
20476
1724
3936
9256
1791
1923
3530
3676
2924
4874
13200
3569
5330
7270
1742
10408
1376
2587
5322
1280
1704
3305
2576
1092
2914
4442
2450
1954
10108
12544
58823
2328
6124
1993
6493
58775
1045
7987
4646
1466
6060
1463
2552
1849
3639
1776
2353
5591
4818
13998
2993
6518
14510
1080
4578
59998
1211
1749
1795
2370
17850
7810
2702
2122
1136
16981
5681
3426
1424
5378
6121
5789
1096
46967
1945
141376
16886
2320
3832
5758
1472
2632
65620
1561
11535
1558
2247
2585
3842
2882
2975
4992
8457
3008
1537
2397
1777
7290
21692
7935
2010
1352
7932
2689
3606
1355
2451
6146
1926
3794
4957
4789
1277
3528
9226
1870
1663
1994
1261
1290
1316
1226
2820
1325
1178
9090
1633
2962
1559
1613
13358
1552
2021
1524
8076
1373
2788
1097
1778
6742
1205
2187
1078
1162
1703
11763
2072
35735
3529
1987
4268
3820
8511
1439
3078
105050
1244
3816
4257
1416
2046
4846
2021
1595
15903
1972
1364
5492
1452
2545
13124
1705
3531
4890
1944
1877
1566
30156
4460
3723
1212
8248
1263
1317
3803
96860
2768
1285
5356
46509
1674
41659
1504
2763
1767
1419
1421
2779
1813
4132
5535
1157
1476
4829
2374
1304
1640
2406
1335
4413
1379
1127
1143
2951
8062
1117
4549
2727
7157
1293
1407
3438
2988
6103
1132
8629
1553
1473
2172
7459
7170
9992
1536
5378
2976
2537
4504
4103
1906
4039
2004
3660
2915
1733
1552
107140
17949
1544
1397
6495
1293
2173
2076
1168
3699
1721
2349
8538
3424
5498
4975
1552
4285
2078
1375
3309
1834
9612
10083
6315
1819
5231
2857
2585
11522
2203
12819
2420
1827
1272
3287
14704
1841
2714
7579
27432
9566
8282
3403
1601
1041
12715
13108
3712
5288
2028
7463
1964
11428
1191
1868
2819
109982
6470
1834
1455
1551
1041
2828
3117
2815
2191
1296
5655
1514
2311
12295
2626
10803
1425
3872
8332
15711
15734
6904
1410
8651
1489
33975
1383
1487
3123
1849
1409
25704
7143
1951
2017
2352
1444
2252
3204
5308
1857
1975
1453
2206
1121
1030
2767
1160
1481
1979
5625
13812
2155
3458
2039
3315
1668
3787
1255
1266
1367
12534
4060
1349
1723
2320
14232
8078
10389
2302
1372
5892
1242
41020
1709
3282
1695
1864
1206
13571
1231
1281
5350
1781
2182
4295
1285
64611
2734
2306
9069
1155
16666
3627
3404
3576
17499
1370
2133
2389
2895
1577
2646
2434
3480
1767
2537
3499
1147
3684
2840
13333
1335
2412
1141
7460
1319
1578
1318
1338
1412
2856
2795
4487
4301
1449
1503
22048
1218
2557
3742
1513
1131
1337
1323
2404
7957
2418
3168
2293
33817
1577
1066
1206
2897
26056
5217
29499
3862
2555
13192
2483
2332
2064
2405
16099
1197
4576
1768
1586
3428
1874
8741
1140
4654
2860
1928
11996
11428
4031
2673
4858
81241
7677
1500
2038
2770
6109
1276
1933
2678
1347
3122
3225
15406
1703
141174
3982
1126
7563
1259
1356
5868
2919
2004
51754
3615
1317
1679
1259
9610
56248
7935
2482
1553
5344
1946
1115
13490
6348
2696
4339
1326
1242
88879
5038
1898
1800
1818
1576
1735
10556
2996
9061
2612
