24
2073
17
19
48
17
418
35
60
24
36
108
158
40
165
31
45
24
44
47
20
25
36
28
349
59
21
33
28
80
129
115
123
126
88
42
78
21
368
146
30
17
56
33
80
22
39
66
76
88
35
50
573
32
22
25
34
31
26
30
36
92
40
824
24
20
21
129
164
226
22
40
20
46
51
69
97
166
18
57
37
18
30
17
33
58
112
68
27
25
34
24
38
50
588
18
288
22
20
52
136
23
26
27
74
31
34
36
23
33
31
26
17
21
712
44
132
108
45
20
41
26
75
312
1763
22
93
1431
118
18
106
23
59
23
36
200
66
36
191
558
44
26
32
17
44
36
31
47
26
64
27
79
43
22
38
49
32
29
87
64
26
21
93
34
27
32
34
17
50
41
269
19
44
339
26
381
21
33
18
21
452
18
18
80
54
16
36
21
33
38
18
46
67
20
49
42
328
86
27
80
36
40
40
116
32
828
592
26
34
46
62
117
37
163
648
20
39
20
71
34
34
21
103
26
316
239
63
43
73
18
20
21
30
166
25
57
22
241
24
18
50
113
39
126
21
21
20
100
47
20
49
69
32
25
1357
365
32
25
1600
18
29
94
31
38
50
27
39
34
23
22
126
24
88
31
80
95
87
30
95
25
23
28
44
382
174
27
30
25
22
85
188
19
19
39
29
50
17
17
123
207
25
30
216
96
158
19
21
26
350
41
141
20
18
30
21
48
189
32
73
300
62
127
46
431
515
59
18
29
