60803
1354
1641
925
1112
2579
1992
861
120761
4246
805
4433
730
836
1209
1701
926
782
618
674
40397
1097
987
2822
961
631
852
768
793
37150
1276
772
2406
1429
638
923
730
1602
890
1046
1302
768
1074
896
1366
14332
2532
870
1469
7196
2664
1182
848
1037
857
1291
1046
728
821
1044
629
647
2237
706
650
1051
1014
805
5570
773
1022
4564
818
742
20638
1082
1718
667
1465
1267
1479
895
777
2528
1721
1105
4642
1838
1065
1375
1828
6056
880
1480
6500
3179
2123
645
3484
51089
1324
857
3700
14120
1247
645
3782
7463
1747
1011
707
1139
670
15778
919
1184
865
1015
1265
1871
1232
1062
2689
814
1963
1637
4882
986
1178
6334
2327
2639
1612
3394
2120
792
1993
2383
660
810
1075
12310
1156
584
1552
1205
1124
1243
3527
29027
728
877
5141
1988
721
5390
1571
1019
7538
1339
7692
2890
885
8626
758
1916
831
1028
7598
909
1012
1642
1192
1906
1244
2484
732
784
1151
1336
952
14370
1339
640
1094
1080
772
28983
2012
2461
804
825
740
32589
1094
1138
1438
1530
2437
1290
1328
1569
1180
714
19455
16718
10094
3748
22348
1161
973
1805
6974
684
680
1353
19520
974
940
1966
6072
706
1335
12380
683
1873
632
826
850
1406
1031
839
32925
167212
3169
1567
3389
834
4265
1291
5781
3023
2256
1176
1468
818
65566
2403
3682
1103
5161
2785
710
5674
20900
994
688
615
683
886
724
1077
1302
747
1327
1961
941
817
5254
939
2623
697
6410
1677
894
4414
1953
2583
2602
780
1833
3783
1830
933
1220
937
30962
1050
1210
4170
30402
592
20320
699
5476
4998
1458
3430
2895
1490
836
1316
30523
1250
1204
22094
2470
16515
39006
1176
1165
3625
1615
1373
579
2318
4713
793
31581
712
1431
720
4942
4184
1057
957
1271
1003
1023
3798
1012
1136
2796
4315
2060
816
7472
628
994
1319
1717
10235
1175
728
802
2671
879
581
5800
841
2825
995
19902
5272
1615
648
705
31345
5949
1005
1543
821
1658
858
2083
2982
683
2429
1195
15047
692
1035
5109
7682
1519
12156
1462
3667
1165
1528
645
1258
1544
12740
743
2390
2968
1465
1014
720
857
1966
1421
1612
906
2400
1594
1200
1465
5922
1837
980
15680
931
3633
2508
624
1049
902
5377
671
4783
997
635
2395
2947
892
1094
4282
947
2274
1890
692
4604
2040
589
814
5064
910
1682
1940
3147
1199
977
5066
1177
1684
1199
1449
977
1327
802
615
73562
2087
1286
1277
2654
1150
2309
2931
4406
747
1771
685
1373
763
3025
1884
578
2087
1259
2762
1074
1368
1086
3046
1293
1153
672
16380
846
14563
1272
677
3066
617
2858
1435
2330
764
1150
737
2479
16371
739
640
3505
964
932
790
683
775
1837
3231
1086
1730
1110
21534
8359
989
1141
4688
73708
2002
2290
862
4402
2631
1370
1192
9818
9855
953
1108
6967
1347
14078
4900
7186
1038
3033
1513
9754
1166
1569
2754
1204
6165
1440
1075
2696
1675
1777
3019
1412
1291
772
2006
1157
871
1387
977
7400
1270
5773
3257
2612
3159
2568
13719
1234
3183
1126
1479
1727
744
643
1553
1483
726
1562
1222
914
692
649
1439
2399
2111
894
636
654
2694
849
959
1018
1060
2474
585
581
945
799
1823
8196
1726
1842
2272
1616
3960
760
2831
1313
955
973
1370
2110
1010
686
3716
805
1725
1170
1778
3113
974
1365
1603
1152
807
1017
1417
21814
1900
8026
741
1372
1138
19954
837
962
1597
1090
4645
802
5167
1093
800
762
713
2768
1065
1629
14503
794
864
839
763
3034
7235
782
789
1146
1163
2571
4839
1619
1105
4144
718
1157
799
697
8381
12819
732
1330
11144
895
770
7406
1386
1798
12306
1720
695
6554
897
1225
734
2003
3854
825
809
2960
3584
939
19555
779
1458
982
625
6530
1048
13518
667
729
7962
713
929
977
1282
651
2350
1069
1207
856
737
802
2800
882
767
813
850
975
2290
6598
18425
4645
4622
985
1133
2176
17912
10880
1600
968
743
713
1255
2113
644
1510
1146
1622
808
2119
7142
2322
811
1660
2563
1272
1305
938
642
989
766
975
681
662
3912
1626
1198
2603
940
4128
1047
1192
1387
5353
4779
1481
1424
8998
2935
1038
15603
1353
3873
850
1305
2004
2487
14705
2518
3217
1825
637
635
754
856
1794
61216
8405
650
1351
3265
889
4410
2552
1743
1289
654
1506
840
2632
18383
1024
936
796
9615
862
1186
11340
13271
1150
96929
834
869
730
576
995
1856
1820
1357
989
17835
1182
1101
15195
1627
863
4154
1576
14261
3252
1562
7403
1644
1145
703
884
5806
1253
1331
826
3430
1597
1390
14863
672
1727
1152
731
2426
677
1400
1182
1217
863
1567
1993
4164
2808
3035
15915
1113
1246
2261
2937
1063
777
5069
3315
2562
5428
1799
1053
28817
716
767
898
852
15507
1410
5348
691
1121
16131
744
694
1227
48767
2032
1300
1856
593
1272
1491
2816
1239
1285
4421
1842
1315
790
5405
13934
600
701
6344
1294
1098
634
603
936
1393
5206
3429
984
3501
5585
944
1365
965
1165
2103
7645
649
783
995
1192
5932
1619
642
1610
6347
2468
937
9660
1308
2531
965
1026
