142
592
596
605
709
816
818
991
1067
1069
1078
1102
1225
1362
1500
1598
1665
1929
1991
2036
2213
2459
2482
2510
2563
2696
2698
2733
2991
3189
3324
3330
3394
3650
3694
3783
3839
3991
4105
4205
4304
4435
4580
4589
4643
4700
4714
4787
4796
4799
4928
4991
5038
5476
5546
5716
5753
5897
5991
6163
6232
6238
6306
6462
6657
6848
6880
6991
6995
7037
7254
7397
7592
7663
7705
7762
7768
7991
7996
8038
8219
8344
8577
8578
8632
8812
8879
8937
8970
8991
9112
9159
9182
9284
9285
9370
9543
9592
9653
9866
9990
9991
10226
10363
10530
10589
10809
10926
10963
10980
10991
11060
11100
11102
11394
11991
12072
12107
12119
12122
12213
12333
12334
12336
12392
12489
12515
12673
12684
12912
12923
12991
13152
13306
13324
13345
13396
13570
13707
13859
13920
13974
13987
13991
14017
14366
14435
14805
14944
14991
15007
15078
15240
15308
15383
15396
15546
15664
15869
15991
16039
16059
16269
16443
16444
16450
16554
16592
16657
16907
16991
17274
17330
17332
17750
17752
17768
17787
17822
17991
18327
18430
18497
18508
18869
18879
18991
19134
19136
19194
19204
19423
19445
19634
19655
19662
19743
19955
19990
19991
20383
20565
20577
20816
20977
20991
21102
21139
21148
21478
21515
21516
21684
21716
21937
21976
21991
22007
22065
22085
22212
22213
22400
22585
22740
22796
22833
22991
23004
23188
23197
23259
23308
23324
23396
23447
23605
23727
23991
24297
24303
24314
24435
24526
24527
24680
24682
24834
24853
24870
24872
24991
25108
25193
25278
25395
25516
25546
25697
25916
25991
26050
26053
26220
26284
26623
26657
26883
26991
27150
27159
27247
27425
27576
27738
27768
27786
27914
27991
28056
28254
28385
28577
28578
28584
28772
28796
28879
28944
28991
29042
29072
29086
29099
29370
29463
29560
29598
29608
29619
29823
29875
29990
29991
30050
30167
30204
30608
30625
30854
30923
30991
31102
31195
31244
31270
31300
31539
31969
31991
32043
32088
32148
32183
32213
32689
32806
32910
32991
32995
33323
33324
33365
33439
33476
33592
33673
33905
33929
33983
33991
34058
34283
34429
34435
34558
34577
34609
34625
34686
34687
34991
35196
35260
35546
35654
35793
35917
35991
36116
36149
36344
36380
36569
36657
36720
36884
36906
36991
37026
37027
37204
37597
37600
37615
37768
37991
38074
38238
38239
38244
38262
38297
38300
38398
38450
38799
38814
38879
38991
39210
39376
39496
39766
39769
39770
39783
39990
39991
40053
40329
40330
40338
40347
40449
40563
40569
40572
40730
40804
40856
40893
40984
40991
41102
41142
41294
41463
41965
41991
42078
42213
42215
42367
42423
42514
42670
42818
42886
42991
43155
43156
43199
43324
43885
43984
43986
43987
43991
44095
44342
44434
44435
44477
44514
44532
44777
44849
44945
44947
44991
45005
45208
45256
45405
45546
45669
45822
45865
45976
45991
46542
46567
46604
46628
46657
46904
46991
47045
47156
47174
47230
47389
47529
47530
47532
47768
47818
47858
47922
47991
47999
48010
48138
48236
48695
48879
48914
48991
49372
49373
49480
49739
49855
49929
49990
49991
50109
50170
50358
50438
50607
50685
50744
50784
50991
51070
51102
51412
51620
51623
51842
51853
51962
51991
52116
52177
52178
52213
52410
52470
52566
52693
52710
52867
52874
52991
53076
53316
53324
53475
53486
53487
53505
53550
53552
53889
53991
54053
54073
54310
54435
54498
54608
54859
54966
54991
55008
55010
55275
55386
55545
55546
55564
55576
55785
55794
55820
55991
56230
56250
56287
56317
56418
56536
56657
56704
56736
56780
56823
56991
57056
57267
57603
57732
57768
57856
57991
58015
58059
58154
58396
58559
58609
58879
58974
58991
59145
59147
59148
59249
59287
59584
59685
59723
59806
59926
59990
59991
60092
60159
60345
60436
60484
60562
60962
60991
61029
61102
61107
61239
61400
61469
61692
61717
61718
61784
61991
62153
62213
62273
62584
62625
62630
62912
62953
62991
63017
63089
63109
63324
63329
63450
63477
63628
63658
63794
63991
64155
64187
64435
64462
64528
64553
64794
64991
65020
65032
65170
65230
65418
65422
65546
65597
65678
65717
65760
65833
65991
66116
66295
66353
66650
66656
66657
66675
66864
66991
67204
67205
67210
67215
67442
67512
67589
67683
67756
67768
67892
67893
67912
67991
68129
68176
68437
68555
68556
68576
68728
68772
68879
68899
68991
69126
69483
69600
69948
69990
69991
70252
70253
70360
70439
70507
70549
70756
70762
70763
70991
71102
71263
71282
71319
71332
71523
71540
71595
71693
71752
71776
71945
71991
72213
72217
72296
72314
72319
72667
72692
72829
72991
73084
73273
73300
73324
73342
73628
73639
73783
73876
73991
74063
74064
74204
74435
74622
74732
74825
74991
75298
75332
75408
75436
75456
75546
75853
75855
75867
75872
75923
75991
76084
76349
76494
76533
76543
76657
76807
76887
76991
77025
77145
77153
77319
77642
77729
77767
77768
77873
77963
77966
77991
78178
78504
78719
78728
78879
78991
79003
79042
79364
79389
79396
79398
79550
79847
79895
79990
79991
80050
80055
80237
80412
80547
80584
80774
80920
80922
80962
80991
81084
81102
81472
81727
81991
82009
82012
82025
82106
82147
82213
82228
82230
82294
82378
82445
82487
82542
82553
82706
82716
82849
82937
82991
83324
83327
83609
83665
83666
83798
83940
83970
83991
84236
84435
84699
84769
84991
85037
85099
85175
85415
85492
85493
85494
85546
85991
86008
86029
86030
86248
86328
86375
86384
86408
86409
86478
86657
86750
86873
86950
86967
86991
87018
87023
87186
87203
87264
87375
87644
87768
87782
87944
87967
87991
88417
88473
88542
88548
88605
88827
88878
88879
88882
88991
89153
89255
89345
89418
89990
89991
90018
90066
90114
90509
90525
90574
90753
90834
90991
91102
91137
91195
91348
91410
91589
91670
91729
91789
91896
91991
92213
92267
92583
92599
92991
93018
93115
93267
93324
93340
93559
93700
93756
93817
93867
93960
93988
93991
93992
94435
94498
94538
94638
94639
94689
94900
94978
94991
95052
95122
95128
95159
95162
95546
95653
95972
95991
96010
96164
96184
96286
96317
96566
96573
96582
96657
96782
96783
96832
96991
97030
97098
97288
97305
97347
97383
97510
97520
97687
97768
97991
98164
98638
98664
98737
98754
98755
98873
98879
98991
99040
99065
99155
99210
99442
99503
99989
99990
99991
