11
16
42
123
125
142
143
217
218
273
347
418
442
479
499
534
558
579
606
653
666
670
717
734
740
760
856
889
890
902
957
972
1001
1114
1126
1143
1172
1210
1262
1263
1330
1338
1384
1388
1463
1469
1524
1562
1566
1567
1571
1650
1651
1657
1668
1707
1785
1786
1803
1871
1872
1922
1987
2010
2047
2141
2176
2193
2212
2217
2234
2273
2278
2308
2350
2354
2427
2458
2482
2552
2569
2631
2632
2649
2682
2702
2786
2831
2837
2838
2906
2989
3048
3091
3092
3130
3195
3285
3306
3324
3325
3344
3353
3354
3397
3404
3448
3462
3498
3569
3570
3578
3615
3700
3701
3743
3802
3805
3807
3817
3824
3876
3877
3962
3964
3965
4006
4026
4057
4137
4153
4250
4290
4294
4311
4346
4399
4412
4474
4532
4616
4626
4660
4698
4707
4736
4767
4776
4786
4793
4920
4921
4922
4983
4994
5098
5122
5123
5146
5183
5226
5247
5260
5284
5332
5370
5444
5479
5499
5530
5537
5594
5661
5686
5705
5743
5818
5834
5835
5842
5851
5898
5943
5953
5967
6011
6042
6080
6094
6141
6142
6191
6227
6228
6229
6249
6266
6270
6306
6366
6411
6445
6466
6489
6490
6545
6603
6648
6711
6714
6750
6751
6782
6793
6883
6885
6892
6901
6938
7012
7038
7040
7051
7055
7162
7195
7196
7229
7258
7261
7273
7356
7360
7386
7535
7610
7612
7613
7664
7681
7699
7796
7809
7834
7840
7917
7920
7930
7933
7969
7970
8028
8031
8057
8058
8089
8165
8274
8282
8307
8319
8325
8348
8442
8448
8487
8506
8577
8578
8579
8580
8649
8680
8730
8832
8841
8853
8857
8868
8885
8954
8977
9035
9050
9097
9103
9133
9178
9189
9238
9264
9272
9345
9364
9392
9402
9494
9615
9616
9625
9626
9677
9687
9728
9747
9799
9850
9858
9887
9897
9956
9964
9966
10029
10074
10100
10101
10103
10104
10112
10148
10183
10298
10408
10409
10460
10477
10518
10522
10558
10586
10610
10626
10671
10688
10714
10745
10746
10814
10882
10896
10931
10932
10970
11018
11067
11069
11170
11193
11194
11213
11310
11323
11346
11418
11455
11519
11526
11554
11629
11639
11642
11653
11716
11730
11763
11866
11874
11875
11882
11907
11921
11933
11939
11977
12039
12090
12107
12117
12119
12177
12236
12238
12239
12314
12417
12421
12441
12500
12521
12532
12538
12543
12592
12593
12761
12762
12848
12858
12948
12986
13003
13005
13008
13023
13043
13152
13160
13190
13192
13210
13284
13290
13304
13318
13337
13422
13434
13458
13491
13536
13545
13569
13650
13658
13661
13690
13752
13762
13807
13836
13843
13846
13882
13961
13975
14016
14053
14059
14067
14068
14106
14132
14209
14212
14252
14329
14330
14371
14373
14374
14457
14510
14554
14556
14591
14667
14677
14699
14726
14727
14765
14778
14852
14908
14943
14955
14956
14982
15002
15082
15083
15111
15113
15132
15167
15226
15257
15265
15287
15375
15385
15426
15438
15450
15495
15498
15592
15636
15674
15774
15788
15795
15826
15829
15896
15897
15898
15902
15910
15911
16008
16122
16131
16149
16159
16202
16266
16302
16327
16346
16382
