53
83
143
221
242
245
341
342
344
393
416
419
565
678
735
793
799
836
922
939
1123
1135
1162
1193
1235
1354
1360
1384
1416
1461
1477
1592
1593
1752
1759
1762
1883
1904
1983
1993
2050
2083
2084
2100
2125
2323
2356
2378
2393
2491
2506
2507
2515
2683
2703
2707
2782
2793
2842
2952
2964
3003
3016
3029
3079
3193
3251
3367
3398
3421
3440
3462
3463
3469
3550
3551
3593
3618
3637
3679
3840
3878
3908
3993
4074
4146
4148
4245
4311
4335
4393
4412
4413
4415
4596
4744
4790
4792
4793
4798
4830
5023
5118
5193
5248
5250
5342
5356
5357
5360
5434
5435
5511
5576
5593
5640
5691
5707
5747
5803
5939
5993
6163
6164
6194
6359
6393
6451
6535
6580
6582
6621
6686
6710
6744
6793
6845
6876
6878
7055
7075
7078
7095
7132
7193
7208
7251
7280
7342
7363
7387
7470
7474
7535
7541
7558
7593
7730
7731
7774
7906
7992
7993
8027
8142
8240
8253
8262
8318
8327
8362
8365
8393
8402
8403
8450
8491
8539
8775
8793
8835
8907
8920
8923
8924
9070
9193
9206
9255
9298
9323
9332
9364
9508
9522
9593
9606
9669
9703
9734
9820
9821
9924
9993
10115
10118
10147
10229
10235
10239
10245
10278
10288
10343
10393
10483
10527
10570
10619
10715
10735
10793
10866
10971
11036
11066
11192
11193
11208
11261
11312
11316
11388
11399
11442
11547
11593
11600
11650
11653
11909
11910
11928
11993
12042
12107
12287
12293
12311
12334
12393
12395
12432
12507
12562
12563
12564
12575
12793
12821
12822
12834
12955
12967
13016
13021
13104
13193
13203
13207
13302
13477
13478
13583
13593
13600
13637
13700
13701
13711
13722
13730
13861
13935
13993
14000
14046
14085
14111
14298
14380
14382
14392
14393
14485
14523
14602
14604
14793
14796
14850
14892
14894
14973
15004
15045
15058
15064
15163
15193
15284
15307
15492
15495
15567
15593
15621
15748
15764
15786
15808
15941
15993
16000
16055
16088
16090
16138
16179
16221
16384
16387
16393
16429
16612
16639
16678
16686
16720
16793
17019
17111
17134
17135
17193
17216
17274
17277
17284
17502
17518
17525
17592
17593
17658
17660
17716
17795
17879
17880
17978
17993
18050
18167
18180
18280
18384
18393
18398
18402
18476
18477
18507
18527
18676
18702
18734
18747
18793
18964
19045
19048
19059
19060
19075
19142
19159
19193
19224
19252
19261
19421
19547
19562
19565
19593
19671
19693
19747
19839
19843
19878
19952
19993
20268
20269
20335
20378
20393
20398
20524
20566
20621
20676
20709
20712
20773
20791
20792
20793
20843
20867
20996
20999
21193
21206
21245
21250
21315
21400
21463
21592
21593
21706
21707
21731
21733
21837
21850
21877
21887
21993
22060
22088
22101
22164
22180
22359
22393
22431
22571
22621
22624
22656
22736
22751
22793
22882
22940
22949
22957
22960
23040
23043
23078
23193
23232
23253
23254
23263
23404
23515
23535
23591
23593
23610
23740
23768
23795
23851
23926
23935
23978
23992
23993
24027
24204
24370
24393
24406
24447
24448
24450
24471
24518
24619
24789
24793
24907
24972
