32
49
117
118
217
592
683
695
752
834
891
972
1038
1056
1261
1315
1376
1432
1487
1514
1542
1649
1652
1707
1710
1799
1887
1894
1895
2042
2069
2243
2261
2276
2472
2489
2661
2723
2733
2762
2810
2816
2824
2851
2914
3039
3052
3150
3394
3430
3449
3455
3572
3591
3615
3628
3649
3715
3737
3738
3801
3855
3940
3967
4054
4101
4148
4174
4216
4217
4314
4403
4410
4563
4582
4653
4661
4695
4752
4841
4858
4942
4944
5055
5245
5249
5326
5409
5534
5584
5601
5738
5767
5852
5869
5887
6087
6088
6171
6174
6227
6292
6395
6449
6506
6782
6803
6850
6920
6926
7038
7045
7047
7123
7289
7372
7373
7400
7428
7582
7593
7612
7613
7643
7764
7797
7819
7981
8110
8306
8313
8352
8375
8404
8572
8602
8626
8811
8839
8857
8994
8999
9006
9034
9137
9169
9273
9435
9436
9442
9520
9558
9692
9825
9853
9899
10149
10195
10243
10280
10344
10345
10365
10385
10487
10629
10636
10639
10641
10662
10740
10841
11041
11046
11048
11078
11083
11117
11118
11282
11424
11536
11582
11625
11670
11696
11753
11771
11829
11830
11855
11886
11957
12004
12040
12069
12186
12204
12218
12272
12311
12437
12464
12796
12868
12869
12920
12949
12963
12984
13043
13157
13316
13378
13511
13537
13634
13711
13850
13884
13885
13909
13985
14040
14130
14221
14230
14396
14472
14473
14543
14698
14767
14798
14808
14900
15094
15101
15215
15235
15236
15311
15407
15493
15521
15529
15541
15729
15747
15914
15929
15992
15998
16031
16150
16218
16277
16287
16356
16425
16613
16622
16652
16701
16704
16760
16927
16988
17097
17176
17221
17257
17269
17315
17327
17333
17468
17522
17575
17585
17636
17641
17771
17827
17831
17871
17888
17943
18008
18285
18446
18447
18449
18497
18590
18665
18701
18809
18957
19007
19047
19175
19256
19379
19394
19419
19440
19444
19503
19523
19564
19626
19675
19764
19799
19809
19962
19972
20087
20341
20343
20445
20517
20572
20683
20743
20778
20780
20785
20843
20904
20987
21135
21149
21181
21265
21304
21334
21399
21417
21420
21473
21618
21773
21798
21831
22002
22019
22064
22077
22096
22131
22166
22186
22227
22295
22348
22498
22593
22857
22858
22859
22913
23014
23015
23108
23220
23231
23360
23396
23466
23552
23621
23697
23713
23714
23791
23795
23848
24006
24012
24028
24030
24031
24245
24383
24535
24585
24616
24635
24712
24938
24953
24954
24955
25019
25045
25145
25146
25197
25199
25226
25344
25373
25377
25380
25478
25631
25814
25876
25908
25966
26042
26059
26180
26212
26262
26324
26490
26551
26670
26684
26799
26816
26952
26964
26980
27017
27043
27051
27074
27088
27352
27377
27432
27575
27710
27720
27850
27855
27889
27901
27975
28090
28135
28141
28143
28167
28195
28237
28270
28403
28494
28505
28514
28575
28611
28613
28643
28728
28957
29096
29104
29252
29333
29412
29497
29565
29566
29611
29655
29670
29719
29789
30117
30249
30318
30404
30406
30412
30481
30482
30486
30488
30599
30726
30727
30750
30943
30968
31133
31141
31175
31243
31244
31305
31325
31371
31410
31514
31625
31641
31843
31868
31883
31951
31953
32006
32082
32096
32147
32207
32332
32475
32491
32561
32626
32768
32876
32879
32920
32958
33116
33162
33181
33254
33256
33285
33303
33363
33514
33531
33611
33643
33655
33674
33758
33947
34006
34020
34026
34073
34110
34176
34177
34293
34407
34510
34598
34640
34653
34669
34752
34786
35055
35099
35134
35139
35151
35191
35192
35264
35333
35436
35601
35637
35750
35753
35801
35818
35882
36002
36022
36026
36206
36274
36284
36307
36536
36580
36611
36718
36719
36782
36843
36864
36945
37083
37113
37216
37220
37240
37342
37356
37412
37422
37561
37598
37667
37697
37867
37889
37952
38091
38104
38105
38144
38235
38352
38386
38418
38483
38538
38568
38645
38647
38705
38789
38790
38798
38867
39019
39214
39250
39270
39320
39398
39434
39488
39491
39628
39629
39657
39712
40050
40051
40054
40184
40264
40383
40391
40467
40540
40548
40583
40634
40771
40872
40877
40945
40952
41012
41136
41154
41188
41193
41197
41280
41305
41404
41539
41556
41570
41687
41774
41804
41886
41916
42077
42144
42150
42263
42294
42328
42343
42381
42479
42498
42678
42755
42928
42956
42983
42994
43001
43003
43026
43070
43172
43309
43321
43366
43401
43441
43647
43649
43821
44010
44059
44107
44120
44203
44230
44322
44323
44342
44510
44659
44787
44908
44956
44965
45010
45035
45150
45181
45196
45226
45236
45247
45323
45337
45456
45457
45469
45499
45542
45613
45657
45727
45728
45996
46169
46282
46337
46349
46351
46352
46421
46490
46585
46589
46686
46808
47090
47114
47123
47175
47248
47252
47366
47465
47467
47480
47713
47714
47807
47913
47916
48012
48013
48014
48117
48156
48186
48223
48277
48382
48385
48500
48563
48582
48777
48853
48911
48936
48967
49102
49142
49148
49193
49396
49397
49429
49508
49539
49691
49700
49759
49779
49856
49858
49886
49892
50111
50182
50200
50275
50301
50367
50397
50411
50433
50453
50529
50540
50579
50780
50816
50820
50855
50859
51013
51064
51080
51272
51368
51425
51493
51539
51597
51703
51826
51931
51938
51965
51978
52013
52067
52206
52209
52440
52500
52588
52604
52626
52658
52662
52700
52824
53045
53047
53056
53126
53350
53351
53424
53454
53547
53558
53612
53669
53781
53884
53909
54018
54044
54051
54056
54113
54166
54172
54240
54468
54470
54494
54722
54737
54757
54875
54896
54906
54912
54938
55036
55101
55279
55280
55392
55411
55430
55484
55560
55576
55637
55987
56123
56163
56188
56201
56261
56314
56393
56394
56395
56399
56400
56416
56499
56507
56801
56806
56807
56816
57010
57162
57237
57238
57257
57284
57373
57509
57511
57512
57612
57649
57651
57733
57734
57879
57906
57908
57924
58030
58076
58160
58202
58325
58527
58589
58629
58687
58838
58895
58914
58959
58960
58990
59081
59168
59363
59403
59439
59449
59542
59588
59596
59661
59664
59677
59699
59745
59754
59986
60003
60190
60211
60281
60313
60557
60592
60693
60763
60850
60860
60927
60964
60966
60973
60974
61294
61418
61430
61572
61662
61667
61736
61757
61831
61849
61977
62066
62067
62143
62203
62269
62337
62360
62498
62586
62589
62645
62766
62771
62856
62914
62929
62941
62942
63012
63053
